2015-07-25T11:35:00+07:00 INFO (6): 
Elapsed Secs: 0.05952
Query: connect
Params: []

2015-07-25T11:35:00+07:00 INFO (6): 
Elapsed Secs: 0.00098
Query: DESCRIBE `user`
Params: []

2015-07-25T11:35:00+07:00 INFO (6): 
Elapsed Secs: 0.00031
Query: connect
Params: []

2015-07-25T11:35:00+07:00 INFO (6): 
Elapsed Secs: 0.00029
Query: SELECT `user`.*, `cabang`.* FROM `user`
 INNER JOIN `cabang` ON cabang.id_cabang = user.id_cabang WHERE (user.username = 'kasir ') AND (user.password = 'd033e22ae348aeb5660fc2140aec35850c4da997')
Params: []

2015-07-25T11:35:00+07:00 INFO (6): 
Elapsed Secs: 0.0002
Query: SELECT `user`.*, `user_login`.*, `cabang`.* FROM `user`
 INNER JOIN `user_login` ON user_login.id_user = user.id_user
 INNER JOIN `cabang` ON cabang.id_cabang = user.id_cabang WHERE (user.id_user = '18')
Params: []

2015-07-25T11:35:00+07:00 INFO (6): 
Elapsed Secs: 0.05504
Query: UPDATE `user_login` SET `status` = ?, `login_time` = NOW(), `ip_login` = ?, `last_login` = ? WHERE (id_user = '18')
Params: {"1":1,"2":"127.0.0.1","3":"2015-07-16 21:18:15"}

2015-07-25T11:35:00+07:00 INFO (6): 
Elapsed Secs: 0.00029
Query: SELECT `user`.*, `user_login`.*, `cabang`.* FROM `user`
 INNER JOIN `user_login` ON user_login.id_user = user.id_user
 INNER JOIN `cabang` ON cabang.id_cabang = user.id_cabang WHERE (user.id_user = '18')
Params: []

2015-07-25T11:35:16+07:00 INFO (6): 
Elapsed Secs: 0.0003
Query: connect
Params: []

2015-07-25T11:35:16+07:00 INFO (6): 
Elapsed Secs: 0.00087
Query: DESCRIBE `costumer`
Params: []

2015-07-25T11:35:16+07:00 INFO (6): 
Elapsed Secs: 0.00024
Query: connect
Params: []

2015-07-25T11:35:16+07:00 INFO (6): 
Elapsed Secs: 0.05769
Query: SELECT `pinj`.`no_kontrak` FROM `costumer` AS `cos`
 INNER JOIN `pinjaman` AS `pinj` ON pinj.nik_costumer =  cos.nik_costumer
 INNER JOIN `kendaraan` AS `kend` ON kend.no_polisi = pinj.no_polisi
Params: []

2015-07-25T11:35:18+07:00 INFO (6): 
Elapsed Secs: 0.00023
Query: connect
Params: []

2015-07-25T11:35:18+07:00 INFO (6): 
Elapsed Secs: 0.00124
Query: DESCRIBE `costumer`
Params: []

2015-07-25T11:35:18+07:00 INFO (6): 
Elapsed Secs: 0.00021
Query: connect
Params: []

2015-07-25T11:35:18+07:00 INFO (6): 
Elapsed Secs: 0.00024
Query: SELECT `pinj`.`no_kontrak` FROM `costumer` AS `cos`
 INNER JOIN `pinjaman` AS `pinj` ON pinj.nik_costumer =  cos.nik_costumer
 INNER JOIN `kendaraan` AS `kend` ON kend.no_polisi = pinj.no_polisi
Params: []

2015-07-25T11:35:18+07:00 INFO (6): 
Elapsed Secs: 0.00018
Query: SELECT `pinj`.`no_kontrak`, `cos`.`nama`, `kend`.`no_polisi`, `pinj`.`angsuran_perbulan`, `pinj`.`tanggal_jatuh_tempo` FROM `costumer` AS `cos`
 INNER JOIN `pinjaman` AS `pinj` ON pinj.nik_costumer =  cos.nik_costumer
 INNER JOIN `kendaraan` AS `kend` ON kend.no_polisi = pinj.no_polisi WHERE (pinj.no_kontrak = '29-MD-00160-15') GROUP BY `pinj`.`no_kontrak`
Params: []

2015-07-25T11:35:18+07:00 INFO (6): 
Elapsed Secs: 0.00087
Query: DESCRIBE `pembayaran`
Params: []

2015-07-25T11:35:18+07:00 INFO (6): 
Elapsed Secs: 0.00014
Query: SELECT `pemb`.`angsuran_ke` FROM `pembayaran` AS `pemb` WHERE (no_kontrak = '29-MD-00160-15' ) ORDER BY `id_pembayaran` desc
Params: []

2015-07-25T11:35:18+07:00 INFO (6): 
Elapsed Secs: 0.00018
Query: SELECT `cos`.`nama`, `cos`.`nik_costumer`, `pemb`.`angsuran_ke`, `pemb`.`tanggal_pembayaran`, `pinj`.`no_kontrak`, `pinj`.`nilai_pinjaman`, `pinj`.`angsuran_perbulan`, `pinj`.`lama_angsuran` FROM `pembayaran` AS `pemb`
 INNER JOIN `pinjaman` AS `pinj` ON pinj.no_kontrak = pemb.no_kontrak
 INNER JOIN `costumer` AS `cos` ON pinj.nik_costumer = cos.nik_costumer WHERE (pemb.no_kontrak = '29-MD-00160-15') ORDER BY `id_pembayaran` desc
Params: []

2015-07-25T11:35:18+07:00 INFO (6): 
Elapsed Secs: 0.0001
Query: SELECT `pembayaran`.`id_pembayaran` FROM `pembayaran` ORDER BY `id_pembayaran` desc
Params: []

2015-07-25T11:35:21+07:00 INFO (6): 
Elapsed Secs: 0.00031
Query: connect
Params: []

2015-07-25T11:35:21+07:00 INFO (6): 
Elapsed Secs: 0.00092
Query: DESCRIBE `costumer`
Params: []

2015-07-25T11:35:21+07:00 INFO (6): 
Elapsed Secs: 0.00019
Query: connect
Params: []

2015-07-25T11:35:21+07:00 INFO (6): 
Elapsed Secs: 0.00019
Query: SELECT `pinj`.`no_kontrak` FROM `costumer` AS `cos`
 INNER JOIN `pinjaman` AS `pinj` ON pinj.nik_costumer =  cos.nik_costumer
 INNER JOIN `kendaraan` AS `kend` ON kend.no_polisi = pinj.no_polisi
Params: []

2015-07-25T11:35:21+07:00 INFO (6): 
Elapsed Secs: 0.00014
Query: SELECT `pinj`.`no_kontrak`, `cos`.`nama`, `kend`.`no_polisi`, `pinj`.`angsuran_perbulan`, `pinj`.`tanggal_jatuh_tempo` FROM `costumer` AS `cos`
 INNER JOIN `pinjaman` AS `pinj` ON pinj.nik_costumer =  cos.nik_costumer
 INNER JOIN `kendaraan` AS `kend` ON kend.no_polisi = pinj.no_polisi WHERE (pinj.no_kontrak = '29-MF-00001-15') GROUP BY `pinj`.`no_kontrak`
Params: []

2015-07-25T11:35:21+07:00 INFO (6): 
Elapsed Secs: 0.00065
Query: DESCRIBE `pembayaran`
Params: []

2015-07-25T11:35:21+07:00 INFO (6): 
Elapsed Secs: 0.00011
Query: SELECT `pemb`.`angsuran_ke` FROM `pembayaran` AS `pemb` WHERE (no_kontrak = '29-MF-00001-15' ) ORDER BY `id_pembayaran` desc
Params: []

2015-07-25T11:35:21+07:00 INFO (6): 
Elapsed Secs: 0.00013
Query: SELECT `cos`.`nama`, `cos`.`nik_costumer`, `pemb`.`angsuran_ke`, `pemb`.`tanggal_pembayaran`, `pinj`.`no_kontrak`, `pinj`.`nilai_pinjaman`, `pinj`.`angsuran_perbulan`, `pinj`.`lama_angsuran` FROM `pembayaran` AS `pemb`
 INNER JOIN `pinjaman` AS `pinj` ON pinj.no_kontrak = pemb.no_kontrak
 INNER JOIN `costumer` AS `cos` ON pinj.nik_costumer = cos.nik_costumer WHERE (pemb.no_kontrak = '29-MF-00001-15') ORDER BY `id_pembayaran` desc
Params: []

2015-07-25T11:35:21+07:00 INFO (6): 
Elapsed Secs: 7.0E-5
Query: SELECT `pembayaran`.`id_pembayaran` FROM `pembayaran` ORDER BY `id_pembayaran` desc
Params: []

2015-07-25T11:35:22+07:00 INFO (6): 
Elapsed Secs: 0.00023
Query: connect
Params: []

2015-07-25T11:35:22+07:00 INFO (6): 
Elapsed Secs: 0.00099
Query: DESCRIBE `costumer`
Params: []

2015-07-25T11:35:22+07:00 INFO (6): 
Elapsed Secs: 0.00025
Query: connect
Params: []

2015-07-25T11:35:22+07:00 INFO (6): 
Elapsed Secs: 0.00026
Query: SELECT `pinj`.`no_kontrak` FROM `costumer` AS `cos`
 INNER JOIN `pinjaman` AS `pinj` ON pinj.nik_costumer =  cos.nik_costumer
 INNER JOIN `kendaraan` AS `kend` ON kend.no_polisi = pinj.no_polisi
Params: []

2015-07-25T11:35:22+07:00 INFO (6): 
Elapsed Secs: 0.00016
Query: SELECT `pinj`.`no_kontrak`, `cos`.`nama`, `kend`.`no_polisi`, `pinj`.`angsuran_perbulan`, `pinj`.`tanggal_jatuh_tempo` FROM `costumer` AS `cos`
 INNER JOIN `pinjaman` AS `pinj` ON pinj.nik_costumer =  cos.nik_costumer
 INNER JOIN `kendaraan` AS `kend` ON kend.no_polisi = pinj.no_polisi WHERE (pinj.no_kontrak = '29-MF-00157-15') GROUP BY `pinj`.`no_kontrak`
Params: []

2015-07-25T11:35:22+07:00 INFO (6): 
Elapsed Secs: 0.00096
Query: DESCRIBE `pembayaran`
Params: []

2015-07-25T11:35:22+07:00 INFO (6): 
Elapsed Secs: 0.00011
Query: SELECT `pemb`.`angsuran_ke` FROM `pembayaran` AS `pemb` WHERE (no_kontrak = '29-MF-00157-15' ) ORDER BY `id_pembayaran` desc
Params: []

2015-07-25T11:35:22+07:00 INFO (6): 
Elapsed Secs: 0.00015
Query: SELECT `cos`.`nama`, `cos`.`nik_costumer`, `pemb`.`angsuran_ke`, `pemb`.`tanggal_pembayaran`, `pinj`.`no_kontrak`, `pinj`.`nilai_pinjaman`, `pinj`.`angsuran_perbulan`, `pinj`.`lama_angsuran` FROM `pembayaran` AS `pemb`
 INNER JOIN `pinjaman` AS `pinj` ON pinj.no_kontrak = pemb.no_kontrak
 INNER JOIN `costumer` AS `cos` ON pinj.nik_costumer = cos.nik_costumer WHERE (pemb.no_kontrak = '29-MF-00157-15') ORDER BY `id_pembayaran` desc
Params: []

2015-07-25T11:35:22+07:00 INFO (6): 
Elapsed Secs: 8.0E-5
Query: SELECT `pembayaran`.`id_pembayaran` FROM `pembayaran` ORDER BY `id_pembayaran` desc
Params: []

