2015-08-14T19:50:29+07:00 INFO (6): 
Elapsed Secs: 0.00065
Query: connect
Params: []

2015-08-14T19:50:29+07:00 INFO (6): 
Elapsed Secs: 0.00197
Query: DESCRIBE `user`
Params: []

2015-08-14T19:50:29+07:00 INFO (6): 
Elapsed Secs: 0.00032
Query: connect
Params: []

2015-08-14T19:50:29+07:00 INFO (6): 
Elapsed Secs: 0.00041
Query: SELECT `user`.*, `cabang`.* FROM `user`
 INNER JOIN `cabang` ON cabang.id_cabang = user.id_cabang WHERE (user.username = 'kasirantasari') AND (user.password = '978582b03b3e7d6f786e2821a7f67090fe09b58c')
Params: []

2015-08-14T19:50:29+07:00 INFO (6): 
Elapsed Secs: 0.02078
Query: SELECT `user`.*, `user_login`.*, `cabang`.* FROM `user`
 INNER JOIN `user_login` ON user_login.id_user = user.id_user
 INNER JOIN `cabang` ON cabang.id_cabang = user.id_cabang WHERE (user.id_user = '24')
Params: []

2015-08-14T19:50:30+07:00 INFO (6): 
Elapsed Secs: 0.12328
Query: UPDATE `user_login` SET `status` = ?, `login_time` = NOW(), `ip_login` = ?, `last_login` = ? WHERE (id_user = '24')
Params: {"1":1,"2":"127.0.0.1","3":"2015-08-10 10:05:58"}

2015-08-14T19:50:30+07:00 INFO (6): 
Elapsed Secs: 0.00054
Query: SELECT `user`.*, `user_login`.*, `cabang`.* FROM `user`
 INNER JOIN `user_login` ON user_login.id_user = user.id_user
 INNER JOIN `cabang` ON cabang.id_cabang = user.id_cabang WHERE (user.id_user = '24')
Params: []

2015-08-14T19:50:35+07:00 INFO (6): 
Elapsed Secs: 0.00021
Query: connect
Params: []

2015-08-14T19:50:35+07:00 INFO (6): 
Elapsed Secs: 0.00136
Query: DESCRIBE `cabang`
Params: []

2015-08-14T19:50:35+07:00 INFO (6): 
Elapsed Secs: 0.00013
Query: SELECT `cabang`.* FROM `cabang` WHERE (id_cabang = '001' ) LIMIT 1
Params: []

2015-08-14T19:50:35+07:00 INFO (6): 
Elapsed Secs: 0.00143
Query: DESCRIBE `pembayaran`
Params: []

2015-08-14T19:50:35+07:00 INFO (6): 
Elapsed Secs: 0.08145
Query: SELECT `cos`.`nama`, `cos`.`nik_costumer`, `pinj`.`id_pinjaman`, `pinj`.`no_kontrak`, `pinj`.`nilai_pinjaman`, `pinj`.`lama_angsuran`, `kend`.`no_polisi` FROM `pembayaran` AS `pemb`
 INNER JOIN `pinjaman` AS `pinj` ON pinj.no_kontrak = pemb.no_kontrak
 INNER JOIN `costumer` AS `cos` ON cos.nik_costumer =  pinj.nik_costumer
 INNER JOIN `cabang` AS `cab` ON cos.id_cabang = cab.id_cabang
 INNER JOIN `kendaraan` AS `kend` ON kend.no_polisi= pinj.no_polisi WHERE (cab.id_cabang = '001') GROUP BY `pemb`.`no_kontrak` ORDER BY `pemb`.`angsuran_ke` desc
Params: []

2015-08-14T19:50:36+07:00 INFO (6): 
Elapsed Secs: 0.00021
Query: connect
Params: []

2015-08-14T19:50:36+07:00 INFO (6): 
Elapsed Secs: 0.00114
Query: DESCRIBE `cabang`
Params: []

2015-08-14T19:50:36+07:00 INFO (6): 
Elapsed Secs: 0.00013
Query: SELECT `cabang`.* FROM `cabang` WHERE (id_cabang = '001' ) LIMIT 1
Params: []

2015-08-14T19:50:36+07:00 INFO (6): 
Elapsed Secs: 0.00089
Query: DESCRIBE `pembayaran`
Params: []

2015-08-14T19:50:36+07:00 INFO (6): 
Elapsed Secs: 0.0003
Query: SELECT `pemb`.*, `kp`.* FROM `pembayaran` AS `pemb`
 INNER JOIN `pinjaman` AS `pinj` ON pinj.no_kontrak = pemb.no_kontrak
 INNER JOIN `kartu_piutang` AS `kp` ON pinj.no_kontrak = kp.no_kontrak WHERE (pinj.id_pinjaman = '168') GROUP BY `kp`.`no_kwitansi` ORDER BY `kp`.`no_kwitansi` desc
Params: []

2015-08-14T19:50:36+07:00 INFO (6): 
Elapsed Secs: 0.00019
Query: SELECT `cos`.`nama`, `cos`.`nik_costumer`, `pemb`.`angsuran_ke`, `pemb`.`tanggal_pembayaran`, `pinj`.`no_kontrak`, `pinj`.`nilai_pinjaman`, `pinj`.`angsuran_perbulan`, `pinj`.`lama_angsuran` FROM `pembayaran` AS `pemb`
 INNER JOIN `pinjaman` AS `pinj` ON pinj.no_kontrak = pemb.no_kontrak
 INNER JOIN `costumer` AS `cos` ON pinj.nik_costumer = cos.nik_costumer WHERE (pinj.id_pinjaman = '168') ORDER BY `id_pembayaran` desc
Params: []

2015-08-14T19:50:41+07:00 INFO (6): 
Elapsed Secs: 0.00028
Query: connect
Params: []

2015-08-14T19:50:41+07:00 INFO (6): 
Elapsed Secs: 0.00151
Query: DESCRIBE `cabang`
Params: []

2015-08-14T19:50:41+07:00 INFO (6): 
Elapsed Secs: 0.0002
Query: SELECT `cabang`.* FROM `cabang` WHERE (id_cabang = '001' ) LIMIT 1
Params: []

2015-08-14T19:50:41+07:00 INFO (6): 
Elapsed Secs: 0.00132
Query: DESCRIBE `pembayaran`
Params: []

2015-08-14T19:50:41+07:00 INFO (6): 
Elapsed Secs: 0.00037
Query: SELECT `cos`.`nama`, `cos`.`nik_costumer`, `pinj`.`id_pinjaman`, `pinj`.`no_kontrak`, `pinj`.`nilai_pinjaman`, `pinj`.`lama_angsuran`, `kend`.`no_polisi` FROM `pembayaran` AS `pemb`
 INNER JOIN `pinjaman` AS `pinj` ON pinj.no_kontrak = pemb.no_kontrak
 INNER JOIN `costumer` AS `cos` ON cos.nik_costumer =  pinj.nik_costumer
 INNER JOIN `cabang` AS `cab` ON cos.id_cabang = cab.id_cabang
 INNER JOIN `kendaraan` AS `kend` ON kend.no_polisi= pinj.no_polisi WHERE (cab.id_cabang = '001') GROUP BY `pemb`.`no_kontrak` ORDER BY `pemb`.`angsuran_ke` desc
Params: []

2015-08-14T19:50:42+07:00 INFO (6): 
Elapsed Secs: 0.00031
Query: connect
Params: []

2015-08-14T19:50:42+07:00 INFO (6): 
Elapsed Secs: 0.00136
Query: DESCRIBE `cabang`
Params: []

2015-08-14T19:50:42+07:00 INFO (6): 
Elapsed Secs: 0.00013
Query: SELECT `cabang`.* FROM `cabang` WHERE (id_cabang = '001' ) LIMIT 1
Params: []

2015-08-14T19:50:42+07:00 INFO (6): 
Elapsed Secs: 0.00108
Query: DESCRIBE `pembayaran`
Params: []

2015-08-14T19:50:42+07:00 INFO (6): 
Elapsed Secs: 0.00029
Query: SELECT `pemb`.*, `kp`.* FROM `pembayaran` AS `pemb`
 INNER JOIN `pinjaman` AS `pinj` ON pinj.no_kontrak = pemb.no_kontrak
 INNER JOIN `kartu_piutang` AS `kp` ON pinj.no_kontrak = kp.no_kontrak WHERE (pinj.id_pinjaman = '165') GROUP BY `kp`.`no_kwitansi` ORDER BY `kp`.`no_kwitansi` desc
Params: []

2015-08-14T19:50:42+07:00 INFO (6): 
Elapsed Secs: 0.00019
Query: SELECT `cos`.`nama`, `cos`.`nik_costumer`, `pemb`.`angsuran_ke`, `pemb`.`tanggal_pembayaran`, `pinj`.`no_kontrak`, `pinj`.`nilai_pinjaman`, `pinj`.`angsuran_perbulan`, `pinj`.`lama_angsuran` FROM `pembayaran` AS `pemb`
 INNER JOIN `pinjaman` AS `pinj` ON pinj.no_kontrak = pemb.no_kontrak
 INNER JOIN `costumer` AS `cos` ON pinj.nik_costumer = cos.nik_costumer WHERE (pinj.id_pinjaman = '165') ORDER BY `id_pembayaran` desc
Params: []

2015-08-14T19:50:44+07:00 INFO (6): 
Elapsed Secs: 0.00026
Query: connect
Params: []

2015-08-14T19:50:44+07:00 INFO (6): 
Elapsed Secs: 0.00147
Query: DESCRIBE `cabang`
Params: []

2015-08-14T19:50:44+07:00 INFO (6): 
Elapsed Secs: 0.00019
Query: SELECT `cabang`.* FROM `cabang` WHERE (id_cabang = '001' ) LIMIT 1
Params: []

2015-08-14T19:50:44+07:00 INFO (6): 
Elapsed Secs: 0.00126
Query: DESCRIBE `pembayaran`
Params: []

2015-08-14T19:50:44+07:00 INFO (6): 
Elapsed Secs: 0.00037
Query: SELECT `cos`.`nama`, `cos`.`nik_costumer`, `pinj`.`id_pinjaman`, `pinj`.`no_kontrak`, `pinj`.`nilai_pinjaman`, `pinj`.`lama_angsuran`, `kend`.`no_polisi` FROM `pembayaran` AS `pemb`
 INNER JOIN `pinjaman` AS `pinj` ON pinj.no_kontrak = pemb.no_kontrak
 INNER JOIN `costumer` AS `cos` ON cos.nik_costumer =  pinj.nik_costumer
 INNER JOIN `cabang` AS `cab` ON cos.id_cabang = cab.id_cabang
 INNER JOIN `kendaraan` AS `kend` ON kend.no_polisi= pinj.no_polisi WHERE (cab.id_cabang = '001') GROUP BY `pemb`.`no_kontrak` ORDER BY `pemb`.`angsuran_ke` desc
Params: []

2015-08-14T19:50:46+07:00 INFO (6): 
Elapsed Secs: 0.0002
Query: connect
Params: []

2015-08-14T19:50:46+07:00 INFO (6): 
Elapsed Secs: 0.00112
Query: DESCRIBE `cabang`
Params: []

2015-08-14T19:50:46+07:00 INFO (6): 
Elapsed Secs: 0.00018
Query: SELECT `cabang`.* FROM `cabang` WHERE (id_cabang = '001' ) LIMIT 1
Params: []

2015-08-14T19:50:46+07:00 INFO (6): 
Elapsed Secs: 0.00111
Query: DESCRIBE `pembayaran`
Params: []

2015-08-14T19:50:46+07:00 INFO (6): 
Elapsed Secs: 0.00028
Query: SELECT `pemb`.*, `kp`.* FROM `pembayaran` AS `pemb`
 INNER JOIN `pinjaman` AS `pinj` ON pinj.no_kontrak = pemb.no_kontrak
 INNER JOIN `kartu_piutang` AS `kp` ON pinj.no_kontrak = kp.no_kontrak WHERE (pinj.id_pinjaman = '168') GROUP BY `kp`.`no_kwitansi` ORDER BY `kp`.`no_kwitansi` desc
Params: []

2015-08-14T19:50:46+07:00 INFO (6): 
Elapsed Secs: 0.00023
Query: SELECT `cos`.`nama`, `cos`.`nik_costumer`, `pemb`.`angsuran_ke`, `pemb`.`tanggal_pembayaran`, `pinj`.`no_kontrak`, `pinj`.`nilai_pinjaman`, `pinj`.`angsuran_perbulan`, `pinj`.`lama_angsuran` FROM `pembayaran` AS `pemb`
 INNER JOIN `pinjaman` AS `pinj` ON pinj.no_kontrak = pemb.no_kontrak
 INNER JOIN `costumer` AS `cos` ON pinj.nik_costumer = cos.nik_costumer WHERE (pinj.id_pinjaman = '168') ORDER BY `id_pembayaran` desc
Params: []

2015-08-14T19:50:49+07:00 INFO (6): 
Elapsed Secs: 0.00018
Query: connect
Params: []

2015-08-14T19:50:49+07:00 INFO (6): 
Elapsed Secs: 0.00109
Query: DESCRIBE `cabang`
Params: []

2015-08-14T19:50:49+07:00 INFO (6): 
Elapsed Secs: 0.00013
Query: SELECT `cabang`.* FROM `cabang` WHERE (id_cabang = '001' ) LIMIT 1
Params: []

2015-08-14T19:50:49+07:00 INFO (6): 
Elapsed Secs: 0.00114
Query: DESCRIBE `pembayaran`
Params: []

2015-08-14T19:50:49+07:00 INFO (6): 
Elapsed Secs: 0.0003
Query: SELECT `cos`.`nama`, `cos`.`nik_costumer`, `pinj`.`id_pinjaman`, `pinj`.`no_kontrak`, `pinj`.`nilai_pinjaman`, `pinj`.`lama_angsuran`, `kend`.`no_polisi` FROM `pembayaran` AS `pemb`
 INNER JOIN `pinjaman` AS `pinj` ON pinj.no_kontrak = pemb.no_kontrak
 INNER JOIN `costumer` AS `cos` ON cos.nik_costumer =  pinj.nik_costumer
 INNER JOIN `cabang` AS `cab` ON cos.id_cabang = cab.id_cabang
 INNER JOIN `kendaraan` AS `kend` ON kend.no_polisi= pinj.no_polisi WHERE (cab.id_cabang = '001') GROUP BY `pemb`.`no_kontrak` ORDER BY `pemb`.`angsuran_ke` desc
Params: []

