2015-07-04T13:21:34+07:00 INFO (6): 
Elapsed Secs: 0.00114
Query: connect
Params: []

2015-07-04T13:21:34+07:00 INFO (6): 
Elapsed Secs: 0.0405
Query: UPDATE `user_login` SET `status` = ?, `last_login` = ? WHERE (status = 1)
Params: {"1":0,"2":"2015-07-04 12:12:45"}

2015-07-04T13:21:34+07:00 INFO (6): 
Elapsed Secs: 0.00032
Query: connect
Params: []

2015-07-04T13:21:34+07:00 INFO (6): 
Elapsed Secs: 0.00149
Query: DESCRIBE `pinjaman`
Params: []

2015-07-04T13:21:34+07:00 INFO (6): 
Elapsed Secs: 0.00023
Query: SELECT `pinjaman`.* FROM `pinjaman` WHERE (no_kontrak ='AT-3R44E-26') LIMIT 1
Params: []

2015-07-04T13:22:54+07:00 INFO (6): 
Elapsed Secs: 0.00108
Query: connect
Params: []

2015-07-04T13:22:54+07:00 INFO (6): 
Elapsed Secs: 0.00089
Query: DESCRIBE `user`
Params: []

2015-07-04T13:22:54+07:00 INFO (6): 
Elapsed Secs: 0.00016
Query: connect
Params: []

2015-07-04T13:22:54+07:00 INFO (6): 
Elapsed Secs: 0.00018
Query: SELECT `user`.*, `cabang`.* FROM `user`
 INNER JOIN `cabang` ON cabang.id_cabang = user.id_cabang WHERE (user.username = 'admin') AND (user.password = 'd033e22ae348aeb5660fc2140aec35850c4da997')
Params: []

2015-07-04T13:22:54+07:00 INFO (6): 
Elapsed Secs: 0.00017
Query: SELECT `user`.*, `user_login`.*, `cabang`.* FROM `user`
 INNER JOIN `user_login` ON user_login.id_user = user.id_user
 INNER JOIN `cabang` ON cabang.id_cabang = user.id_cabang WHERE (user.id_user = '16')
Params: []

2015-07-04T13:22:54+07:00 INFO (6): 
Elapsed Secs: 0.09705
Query: UPDATE `user_login` SET `status` = ?, `login_time` = NOW(), `ip_login` = ?, `last_login` = ? WHERE (id_user = '16')
Params: {"1":1,"2":"127.0.0.1","3":"2015-07-04 12:12:45"}

2015-07-04T13:22:54+07:00 INFO (6): 
Elapsed Secs: 0.00045
Query: SELECT `user`.*, `user_login`.*, `cabang`.* FROM `user`
 INNER JOIN `user_login` ON user_login.id_user = user.id_user
 INNER JOIN `cabang` ON cabang.id_cabang = user.id_cabang WHERE (user.id_user = '16')
Params: []

2015-07-04T13:22:58+07:00 INFO (6): 
Elapsed Secs: 0.00027
Query: connect
Params: []

2015-07-04T13:22:58+07:00 INFO (6): 
Elapsed Secs: 0.00095
Query: DESCRIBE `cabang`
Params: []

2015-07-04T13:22:58+07:00 INFO (6): 
Elapsed Secs: 0.00016
Query: SELECT `cabang`.* FROM `cabang` WHERE (id_cabang = '29' ) LIMIT 1
Params: []

2015-07-04T13:22:58+07:00 INFO (6): 
Elapsed Secs: 0.00099
Query: DESCRIBE `kendaraan`
Params: []

2015-07-04T13:22:58+07:00 INFO (6): 
Elapsed Secs: 0.00027
Query: connect
Params: []

2015-07-04T13:22:58+07:00 INFO (6): 
Elapsed Secs: 0.00031
Query: SELECT `ken`.*, `cos`.`id_cabang`, `us`.`id_user`, `cb`.`cabang` FROM `kendaraan` AS `ken`
 INNER JOIN `costumer` AS `cos` ON cos.nik_costumer=ken.nik_costumer
 INNER JOIN `user` AS `us` ON us.id_user = cos.id_user
 INNER JOIN `cabang` AS `cb` ON cos.id_cabang = cb.id_cabang WHERE (us.id_user = '16') AND (cb.id_cabang = '29')
Params: []

2015-07-04T13:23:05+07:00 INFO (6): 
Elapsed Secs: 0.00111
Query: connect
Params: []

2015-07-04T13:23:05+07:00 INFO (6): 
Elapsed Secs: 0.0011
Query: DESCRIBE `cabang`
Params: []

2015-07-04T13:23:05+07:00 INFO (6): 
Elapsed Secs: 0.00016
Query: SELECT `cabang`.* FROM `cabang` WHERE (id_cabang = '29' ) LIMIT 1
Params: []

2015-07-04T13:23:05+07:00 INFO (6): 
Elapsed Secs: 0.00104
Query: DESCRIBE `kendaraan`
Params: []

2015-07-04T13:23:05+07:00 INFO (6): 
Elapsed Secs: 0.00027
Query: connect
Params: []

2015-07-04T13:23:05+07:00 INFO (6): 
Elapsed Secs: 0.00031
Query: SELECT `ken`.*, `cos`.`id_cabang`, `us`.`id_user`, `cb`.`cabang` FROM `kendaraan` AS `ken`
 INNER JOIN `costumer` AS `cos` ON cos.nik_costumer=ken.nik_costumer
 INNER JOIN `user` AS `us` ON us.id_user = cos.id_user
 INNER JOIN `cabang` AS `cb` ON cos.id_cabang = cb.id_cabang WHERE (us.id_user = '16') AND (cb.id_cabang = '29')
Params: []

2015-07-04T13:23:07+07:00 INFO (6): 
Elapsed Secs: 0.00028
Query: connect
Params: []

2015-07-04T13:23:07+07:00 INFO (6): 
Elapsed Secs: 0.00126
Query: DESCRIBE `cabang`
Params: []

2015-07-04T13:23:07+07:00 INFO (6): 
Elapsed Secs: 0.0002
Query: SELECT `cabang`.* FROM `cabang` WHERE (id_cabang = '29' ) LIMIT 1
Params: []

2015-07-04T13:23:07+07:00 INFO (6): 
Elapsed Secs: 0.00109
Query: DESCRIBE `kendaraan`
Params: []

2015-07-04T13:23:07+07:00 INFO (6): 
Elapsed Secs: 0.00032
Query: connect
Params: []

2015-07-04T13:23:07+07:00 INFO (6): 
Elapsed Secs: 0.00031
Query: SELECT `ken`.*, `cos`.`id_cabang`, `us`.`id_user`, `cb`.`cabang` FROM `kendaraan` AS `ken`
 INNER JOIN `costumer` AS `cos` ON cos.nik_costumer=ken.nik_costumer
 INNER JOIN `user` AS `us` ON us.id_user = cos.id_user
 INNER JOIN `cabang` AS `cb` ON cos.id_cabang = cb.id_cabang WHERE (us.id_user = '16') AND (cb.id_cabang = '29')
Params: []

2015-07-04T13:23:09+07:00 INFO (6): 
Elapsed Secs: 0.00028
Query: connect
Params: []

2015-07-04T13:23:09+07:00 INFO (6): 
Elapsed Secs: 0.00094
Query: DESCRIBE `cabang`
Params: []

2015-07-04T13:23:09+07:00 INFO (6): 
Elapsed Secs: 0.00015
Query: SELECT `cabang`.* FROM `cabang` WHERE (id_cabang = '29' ) LIMIT 1
Params: []

2015-07-04T13:23:09+07:00 INFO (6): 
Elapsed Secs: 0.00085
Query: DESCRIBE `pinjaman`
Params: []

2015-07-04T13:23:09+07:00 INFO (6): 
Elapsed Secs: 0.00028
Query: SELECT `pin`.*, `cos`.`nama` FROM `pinjaman` AS `pin`
 INNER JOIN `costumer` AS `cos` ON pin.nik_costumer = cos.nik_costumer
 INNER JOIN `user` AS `us` ON cos.id_user = us.id_user
 INNER JOIN `cabang` AS `cb` ON us.id_cabang = cb.id_cabang WHERE (us.id_user = '16') AND (cb.id_cabang = '29')
Params: []

2015-07-04T13:23:09+07:00 INFO (6): 
Elapsed Secs: 0.00095
Query: DESCRIBE `spb`
Params: []

2015-07-04T13:23:09+07:00 INFO (6): 
Elapsed Secs: 0.00012
Query: SELECT `spb`.* FROM `spb` WHERE (no_kontrak) LIMIT 1
Params: []

2015-07-04T13:23:09+07:00 INFO (6): 
Elapsed Secs: 0.0001
Query: SELECT `spb`.* FROM `spb` WHERE (no_kontrak) LIMIT 1
Params: []

2015-07-04T13:23:20+07:00 INFO (6): 
Elapsed Secs: 0.00036
Query: connect
Params: []

2015-07-04T13:23:20+07:00 INFO (6): 
Elapsed Secs: 0.00132
Query: DESCRIBE `cabang`
Params: []

2015-07-04T13:23:20+07:00 INFO (6): 
Elapsed Secs: 0.00021
Query: SELECT `cabang`.* FROM `cabang` WHERE (id_cabang = '29' ) LIMIT 1
Params: []

2015-07-04T13:23:20+07:00 INFO (6): 
Elapsed Secs: 0.00109
Query: DESCRIBE `pinjaman`
Params: []

2015-07-04T13:23:20+07:00 INFO (6): 
Elapsed Secs: 0.00031
Query: SELECT `pin`.*, `cos`.`nama` FROM `pinjaman` AS `pin`
 INNER JOIN `costumer` AS `cos` ON pin.nik_costumer = cos.nik_costumer
 INNER JOIN `user` AS `us` ON cos.id_user = us.id_user
 INNER JOIN `cabang` AS `cb` ON us.id_cabang = cb.id_cabang WHERE (us.id_user = '16') AND (cb.id_cabang = '29')
Params: []

2015-07-04T13:23:20+07:00 INFO (6): 
Elapsed Secs: 0.00108
Query: DESCRIBE `spb`
Params: []

2015-07-04T13:23:20+07:00 INFO (6): 
Elapsed Secs: 0.00016
Query: SELECT `spb`.* FROM `spb` WHERE (no_kontrak) LIMIT 1
Params: []

2015-07-04T13:23:20+07:00 INFO (6): 
Elapsed Secs: 0.00017
Query: SELECT `spb`.* FROM `spb` WHERE (no_kontrak) LIMIT 1
Params: []

2015-07-04T13:23:22+07:00 INFO (6): 
Elapsed Secs: 0.00061
Query: connect
Params: []

2015-07-04T13:23:22+07:00 INFO (6): 
Elapsed Secs: 0.00189
Query: DESCRIBE `cabang`
Params: []

2015-07-04T13:23:22+07:00 INFO (6): 
Elapsed Secs: 0.00024
Query: SELECT `cabang`.* FROM `cabang` WHERE (id_cabang = '29' ) LIMIT 1
Params: []

2015-07-04T13:23:22+07:00 INFO (6): 
Elapsed Secs: 0.00113
Query: DESCRIBE `pinjaman`
Params: []

2015-07-04T13:23:22+07:00 INFO (6): 
Elapsed Secs: 0.0003
Query: SELECT `pin`.*, `cos`.`nama` FROM `pinjaman` AS `pin`
 INNER JOIN `costumer` AS `cos` ON pin.nik_costumer = cos.nik_costumer
 INNER JOIN `user` AS `us` ON cos.id_user = us.id_user
 INNER JOIN `cabang` AS `cb` ON us.id_cabang = cb.id_cabang WHERE (us.id_user = '16') AND (cb.id_cabang = '29')
Params: []

2015-07-04T13:23:22+07:00 INFO (6): 
Elapsed Secs: 0.00111
Query: DESCRIBE `spb`
Params: []

2015-07-04T13:23:22+07:00 INFO (6): 
Elapsed Secs: 0.00019
Query: SELECT `spb`.* FROM `spb` WHERE (no_kontrak) LIMIT 1
Params: []

2015-07-04T13:23:22+07:00 INFO (6): 
Elapsed Secs: 0.00018
Query: SELECT `spb`.* FROM `spb` WHERE (no_kontrak) LIMIT 1
Params: []

2015-07-04T13:23:27+07:00 INFO (6): 
Elapsed Secs: 0.00027
Query: connect
Params: []

2015-07-04T13:23:27+07:00 INFO (6): 
Elapsed Secs: 0.0013
Query: DESCRIBE `costumer`
Params: []

2015-07-04T13:23:27+07:00 INFO (6): 
Elapsed Secs: 0.00027
Query: connect
Params: []

2015-07-04T13:23:27+07:00 INFO (6): 
Elapsed Secs: 0.00019
Query: SELECT `costumer`.`nik_costumer` FROM `costumer`
Params: []

2015-07-04T13:25:00+07:00 INFO (6): 
Elapsed Secs: 0.00106
Query: connect
Params: []

2015-07-04T13:25:00+07:00 INFO (6): 
Elapsed Secs: 0.00102
Query: DESCRIBE `costumer`
Params: []

2015-07-04T13:25:00+07:00 INFO (6): 
Elapsed Secs: 0.00023
Query: connect
Params: []

2015-07-04T13:25:00+07:00 INFO (6): 
Elapsed Secs: 0.00015
Query: SELECT `costumer`.`nik_costumer` FROM `costumer`
Params: []

2015-07-04T13:25:03+07:00 INFO (6): 
Elapsed Secs: 0.00121
Query: connect
Params: []

2015-07-04T13:25:03+07:00 INFO (6): 
Elapsed Secs: 0.00098
Query: DESCRIBE `costumer`
Params: []

2015-07-04T13:25:03+07:00 INFO (6): 
Elapsed Secs: 0.00027
Query: connect
Params: []

2015-07-04T13:25:03+07:00 INFO (6): 
Elapsed Secs: 0.00017
Query: SELECT `costumer`.`nik_costumer` FROM `costumer`
Params: []

2015-07-04T13:25:16+07:00 INFO (6): 
Elapsed Secs: 0.00021
Query: connect
Params: []

2015-07-04T13:25:16+07:00 INFO (6): 
Elapsed Secs: 0.00094
Query: DESCRIBE `costumer`
Params: []

2015-07-04T13:25:16+07:00 INFO (6): 
Elapsed Secs: 0.0002
Query: connect
Params: []

2015-07-04T13:25:16+07:00 INFO (6): 
Elapsed Secs: 0.00012
Query: SELECT `costumer`.`nik_costumer` FROM `costumer`
Params: []

2015-07-04T13:25:18+07:00 INFO (6): 
Elapsed Secs: 0.00026
Query: connect
Params: []

2015-07-04T13:25:18+07:00 INFO (6): 
Elapsed Secs: 0.00124
Query: DESCRIBE `costumer`
Params: []

2015-07-04T13:25:18+07:00 INFO (6): 
Elapsed Secs: 0.00024
Query: connect
Params: []

2015-07-04T13:25:18+07:00 INFO (6): 
Elapsed Secs: 0.00015
Query: SELECT `costumer`.`nik_costumer` FROM `costumer`
Params: []

2015-07-04T13:25:20+07:00 INFO (6): 
Elapsed Secs: 0.00108
Query: connect
Params: []

2015-07-04T13:25:20+07:00 INFO (6): 
Elapsed Secs: 0.0012
Query: DESCRIBE `costumer`
Params: []

2015-07-04T13:25:20+07:00 INFO (6): 
Elapsed Secs: 0.00023
Query: connect
Params: []

2015-07-04T13:25:20+07:00 INFO (6): 
Elapsed Secs: 0.00018
Query: SELECT `costumer`.`nik_costumer` FROM `costumer`
Params: []

2015-07-04T13:26:27+07:00 INFO (6): 
Elapsed Secs: 0.00028
Query: connect
Params: []

2015-07-04T13:26:27+07:00 INFO (6): 
Elapsed Secs: 0.00132
Query: DESCRIBE `costumer`
Params: []

2015-07-04T13:26:27+07:00 INFO (6): 
Elapsed Secs: 0.00027
Query: connect
Params: []

2015-07-04T13:26:27+07:00 INFO (6): 
Elapsed Secs: 0.00019
Query: SELECT `costumer`.`nik_costumer` FROM `costumer`
Params: []

2015-07-04T13:26:29+07:00 INFO (6): 
Elapsed Secs: 0.00324
Query: connect
Params: []

2015-07-04T13:26:29+07:00 INFO (6): 
Elapsed Secs: 0.00151
Query: DESCRIBE `costumer`
Params: []

2015-07-04T13:26:29+07:00 INFO (6): 
Elapsed Secs: 0.0003
Query: connect
Params: []

2015-07-04T13:26:29+07:00 INFO (6): 
Elapsed Secs: 0.00016
Query: SELECT `costumer`.`nik_costumer` FROM `costumer`
Params: []

2015-07-04T13:26:31+07:00 INFO (6): 
Elapsed Secs: 0.00034
Query: connect
Params: []

2015-07-04T13:26:31+07:00 INFO (6): 
Elapsed Secs: 0.00159
Query: DESCRIBE `costumer`
Params: []

2015-07-04T13:26:31+07:00 INFO (6): 
Elapsed Secs: 0.00026
Query: connect
Params: []

2015-07-04T13:26:31+07:00 INFO (6): 
Elapsed Secs: 0.00017
Query: SELECT `costumer`.`nik_costumer` FROM `costumer`
Params: []

2015-07-04T13:27:32+07:00 INFO (6): 
Elapsed Secs: 0.00027
Query: connect
Params: []

2015-07-04T13:27:32+07:00 INFO (6): 
Elapsed Secs: 0.00108
Query: DESCRIBE `costumer`
Params: []

2015-07-04T13:27:32+07:00 INFO (6): 
Elapsed Secs: 0.00023
Query: connect
Params: []

2015-07-04T13:27:32+07:00 INFO (6): 
Elapsed Secs: 0.00016
Query: SELECT `costumer`.`nik_costumer` FROM `costumer`
Params: []

2015-07-04T13:27:35+07:00 INFO (6): 
Elapsed Secs: 0.00031
Query: connect
Params: []

2015-07-04T13:27:35+07:00 INFO (6): 
Elapsed Secs: 0.00103
Query: DESCRIBE `costumer`
Params: []

2015-07-04T13:27:35+07:00 INFO (6): 
Elapsed Secs: 0.00025
Query: connect
Params: []

2015-07-04T13:27:35+07:00 INFO (6): 
Elapsed Secs: 0.00018
Query: SELECT `costumer`.`nik_costumer` FROM `costumer`
Params: []

2015-07-04T13:27:37+07:00 INFO (6): 
Elapsed Secs: 0.0002
Query: connect
Params: []

2015-07-04T13:27:37+07:00 INFO (6): 
Elapsed Secs: 0.00105
Query: DESCRIBE `costumer`
Params: []

2015-07-04T13:27:37+07:00 INFO (6): 
Elapsed Secs: 0.00023
Query: connect
Params: []

2015-07-04T13:27:37+07:00 INFO (6): 
Elapsed Secs: 0.00017
Query: SELECT `costumer`.`nik_costumer` FROM `costumer`
Params: []

2015-07-04T13:27:41+07:00 INFO (6): 
Elapsed Secs: 0.00058
Query: connect
Params: []

2015-07-04T13:27:41+07:00 INFO (6): 
Elapsed Secs: 0.00302
Query: DESCRIBE `costumer`
Params: []

2015-07-04T13:27:41+07:00 INFO (6): 
Elapsed Secs: 0.00048
Query: connect
Params: []

2015-07-04T13:27:41+07:00 INFO (6): 
Elapsed Secs: 0.00031
Query: SELECT `costumer`.`nik_costumer` FROM `costumer`
Params: []

2015-07-04T13:27:42+07:00 INFO (6): 
Elapsed Secs: 0.00029
Query: connect
Params: []

2015-07-04T13:27:42+07:00 INFO (6): 
Elapsed Secs: 0.00097
Query: DESCRIBE `costumer`
Params: []

2015-07-04T13:27:42+07:00 INFO (6): 
Elapsed Secs: 0.00022
Query: connect
Params: []

2015-07-04T13:27:42+07:00 INFO (6): 
Elapsed Secs: 0.00015
Query: SELECT `costumer`.`nik_costumer` FROM `costumer`
Params: []

2015-07-04T13:27:43+07:00 INFO (6): 
Elapsed Secs: 0.0003
Query: connect
Params: []

2015-07-04T13:27:43+07:00 INFO (6): 
Elapsed Secs: 0.00133
Query: DESCRIBE `costumer`
Params: []

2015-07-04T13:27:43+07:00 INFO (6): 
Elapsed Secs: 0.00027
Query: connect
Params: []

2015-07-04T13:27:43+07:00 INFO (6): 
Elapsed Secs: 0.00013
Query: SELECT `costumer`.`nik_costumer` FROM `costumer`
Params: []

2015-07-04T13:27:43+07:00 INFO (6): 
Elapsed Secs: 0.0005
Query: connect
Params: []

2015-07-04T13:27:43+07:00 INFO (6): 
Elapsed Secs: 0.00164
Query: DESCRIBE `costumer`
Params: []

2015-07-04T13:27:43+07:00 INFO (6): 
Elapsed Secs: 0.0002
Query: connect
Params: []

2015-07-04T13:27:43+07:00 INFO (6): 
Elapsed Secs: 0.00017
Query: SELECT `costumer`.`nik_costumer` FROM `costumer`
Params: []

2015-07-04T13:27:44+07:00 INFO (6): 
Elapsed Secs: 0.00022
Query: connect
Params: []

2015-07-04T13:27:44+07:00 INFO (6): 
Elapsed Secs: 0.00104
Query: DESCRIBE `costumer`
Params: []

2015-07-04T13:27:44+07:00 INFO (6): 
Elapsed Secs: 0.00019
Query: connect
Params: []

2015-07-04T13:27:44+07:00 INFO (6): 
Elapsed Secs: 0.00011
Query: SELECT `costumer`.`nik_costumer` FROM `costumer`
Params: []

2015-07-04T13:27:44+07:00 INFO (6): 
Elapsed Secs: 0.00032
Query: connect
Params: []

2015-07-04T13:27:44+07:00 INFO (6): 
Elapsed Secs: 0.00149
Query: DESCRIBE `costumer`
Params: []

2015-07-04T13:27:44+07:00 INFO (6): 
Elapsed Secs: 0.00031
Query: connect
Params: []

2015-07-04T13:27:44+07:00 INFO (6): 
Elapsed Secs: 0.00021
Query: SELECT `costumer`.`nik_costumer` FROM `costumer`
Params: []

2015-07-04T13:27:45+07:00 INFO (6): 
Elapsed Secs: 0.0005
Query: connect
Params: []

2015-07-04T13:27:45+07:00 INFO (6): 
Elapsed Secs: 0.0017
Query: DESCRIBE `costumer`
Params: []

2015-07-04T13:27:45+07:00 INFO (6): 
Elapsed Secs: 0.00029
Query: connect
Params: []

2015-07-04T13:27:45+07:00 INFO (6): 
Elapsed Secs: 0.00014
Query: SELECT `costumer`.`nik_costumer` FROM `costumer`
Params: []

2015-07-04T13:27:45+07:00 INFO (6): 
Elapsed Secs: 0.00027
Query: connect
Params: []

2015-07-04T13:27:45+07:00 INFO (6): 
Elapsed Secs: 0.00111
Query: DESCRIBE `costumer`
Params: []

2015-07-04T13:27:45+07:00 INFO (6): 
Elapsed Secs: 0.00014
Query: connect
Params: []

2015-07-04T13:27:45+07:00 INFO (6): 
Elapsed Secs: 0.00027
Query: SELECT `costumer`.`nik_costumer` FROM `costumer`
Params: []

2015-07-04T13:27:46+07:00 INFO (6): 
Elapsed Secs: 0.00027
Query: connect
Params: []

2015-07-04T13:27:46+07:00 INFO (6): 
Elapsed Secs: 0.00179
Query: DESCRIBE `costumer`
Params: []

2015-07-04T13:27:46+07:00 INFO (6): 
Elapsed Secs: 0.00031
Query: connect
Params: []

2015-07-04T13:27:46+07:00 INFO (6): 
Elapsed Secs: 0.00029
Query: SELECT `costumer`.`nik_costumer` FROM `costumer`
Params: []

2015-07-04T13:27:47+07:00 INFO (6): 
Elapsed Secs: 0.00031
Query: connect
Params: []

2015-07-04T13:27:47+07:00 INFO (6): 
Elapsed Secs: 0.00102
Query: DESCRIBE `costumer`
Params: []

2015-07-04T13:27:47+07:00 INFO (6): 
Elapsed Secs: 0.00015
Query: connect
Params: []

2015-07-04T13:27:47+07:00 INFO (6): 
Elapsed Secs: 0.00012
Query: SELECT `costumer`.`nik_costumer` FROM `costumer`
Params: []

2015-07-04T13:27:47+07:00 INFO (6): 
Elapsed Secs: 0.00022
Query: connect
Params: []

2015-07-04T13:27:47+07:00 INFO (6): 
Elapsed Secs: 0.00104
Query: DESCRIBE `costumer`
Params: []

2015-07-04T13:27:47+07:00 INFO (6): 
Elapsed Secs: 0.00017
Query: connect
Params: []

2015-07-04T13:27:47+07:00 INFO (6): 
Elapsed Secs: 0.0001
Query: SELECT `costumer`.`nik_costumer` FROM `costumer`
Params: []

2015-07-04T13:27:48+07:00 INFO (6): 
Elapsed Secs: 0.00028
Query: connect
Params: []

2015-07-04T13:27:48+07:00 INFO (6): 
Elapsed Secs: 0.00123
Query: DESCRIBE `costumer`
Params: []

2015-07-04T13:27:48+07:00 INFO (6): 
Elapsed Secs: 0.00027
Query: connect
Params: []

2015-07-04T13:27:48+07:00 INFO (6): 
Elapsed Secs: 0.00017
Query: SELECT `costumer`.`nik_costumer` FROM `costumer`
Params: []

2015-07-04T13:27:48+07:00 INFO (6): 
Elapsed Secs: 0.0003
Query: connect
Params: []

2015-07-04T13:27:48+07:00 INFO (6): 
Elapsed Secs: 0.00143
Query: DESCRIBE `costumer`
Params: []

2015-07-04T13:27:48+07:00 INFO (6): 
Elapsed Secs: 0.00032
Query: connect
Params: []

2015-07-04T13:27:48+07:00 INFO (6): 
Elapsed Secs: 0.00018
Query: SELECT `costumer`.`nik_costumer` FROM `costumer`
Params: []

2015-07-04T13:27:49+07:00 INFO (6): 
Elapsed Secs: 0.0003
Query: connect
Params: []

2015-07-04T13:27:49+07:00 INFO (6): 
Elapsed Secs: 0.00127
Query: DESCRIBE `costumer`
Params: []

2015-07-04T13:27:49+07:00 INFO (6): 
Elapsed Secs: 0.00025
Query: connect
Params: []

2015-07-04T13:27:49+07:00 INFO (6): 
Elapsed Secs: 0.00015
Query: SELECT `costumer`.`nik_costumer` FROM `costumer`
Params: []

2015-07-04T13:27:49+07:00 INFO (6): 
Elapsed Secs: 0.00024
Query: connect
Params: []

2015-07-04T13:27:49+07:00 INFO (6): 
Elapsed Secs: 0.00108
Query: DESCRIBE `costumer`
Params: []

2015-07-04T13:27:49+07:00 INFO (6): 
Elapsed Secs: 0.00024
Query: connect
Params: []

2015-07-04T13:27:49+07:00 INFO (6): 
Elapsed Secs: 0.00015
Query: SELECT `costumer`.`nik_costumer` FROM `costumer`
Params: []

2015-07-04T13:28:55+07:00 INFO (6): 
Elapsed Secs: 0.0011
Query: connect
Params: []

2015-07-04T13:28:55+07:00 INFO (6): 
Elapsed Secs: 0.00102
Query: DESCRIBE `costumer`
Params: []

2015-07-04T13:28:55+07:00 INFO (6): 
Elapsed Secs: 0.00025
Query: connect
Params: []

2015-07-04T13:28:55+07:00 INFO (6): 
Elapsed Secs: 0.00018
Query: SELECT `costumer`.`nik_costumer` FROM `costumer`
Params: []

2015-07-04T13:34:45+07:00 INFO (6): 
Elapsed Secs: 0.0011
Query: connect
Params: []

2015-07-04T13:34:45+07:00 INFO (6): 
Elapsed Secs: 0.00125
Query: DESCRIBE `costumer`
Params: []

2015-07-04T13:34:45+07:00 INFO (6): 
Elapsed Secs: 0.00022
Query: connect
Params: []

2015-07-04T13:34:45+07:00 INFO (6): 
Elapsed Secs: 0.00015
Query: SELECT `costumer`.`nik_costumer` FROM `costumer`
Params: []

2015-07-04T13:34:52+07:00 INFO (6): 
Elapsed Secs: 0.00026
Query: connect
Params: []

2015-07-04T13:34:52+07:00 INFO (6): 
Elapsed Secs: 0.00095
Query: DESCRIBE `costumer`
Params: []

2015-07-04T13:34:52+07:00 INFO (6): 
Elapsed Secs: 0.00019
Query: connect
Params: []

2015-07-04T13:34:52+07:00 INFO (6): 
Elapsed Secs: 0.00011
Query: SELECT `costumer`.`nik_costumer` FROM `costumer`
Params: []

2015-07-04T13:35:39+07:00 INFO (6): 
Elapsed Secs: 0.00023
Query: connect
Params: []

2015-07-04T13:35:39+07:00 INFO (6): 
Elapsed Secs: 0.00094
Query: DESCRIBE `user`
Params: []

2015-07-04T13:35:39+07:00 INFO (6): 
Elapsed Secs: 0.00025
Query: connect
Params: []

2015-07-04T13:35:39+07:00 INFO (6): 
Elapsed Secs: 0.00021
Query: SELECT `user`.*, `cabang`.* FROM `user`
 INNER JOIN `cabang` ON cabang.id_cabang = user.id_cabang WHERE (user.username = 'admin') AND (user.password = 'd033e22ae348aeb5660fc2140aec35850c4da997')
Params: []

2015-07-04T13:35:39+07:00 INFO (6): 
Elapsed Secs: 0.00021
Query: SELECT `user`.*, `user_login`.*, `cabang`.* FROM `user`
 INNER JOIN `user_login` ON user_login.id_user = user.id_user
 INNER JOIN `cabang` ON cabang.id_cabang = user.id_cabang WHERE (user.id_user = '16')
Params: []

2015-07-04T13:35:50+07:00 INFO (6): 
Elapsed Secs: 0.00028
Query: connect
Params: []

2015-07-04T13:35:50+07:00 INFO (6): 
Elapsed Secs: 0.05736
Query: UPDATE `user_login` SET `status` = ? WHERE (id_user ='16')
Params: {"1":0}

2015-07-04T13:35:55+07:00 INFO (6): 
Elapsed Secs: 0.00028
Query: connect
Params: []

2015-07-04T13:35:55+07:00 INFO (6): 
Elapsed Secs: 0.00096
Query: DESCRIBE `user`
Params: []

2015-07-04T13:35:55+07:00 INFO (6): 
Elapsed Secs: 0.00022
Query: connect
Params: []

2015-07-04T13:35:55+07:00 INFO (6): 
Elapsed Secs: 0.00023
Query: SELECT `user`.*, `cabang`.* FROM `user`
 INNER JOIN `cabang` ON cabang.id_cabang = user.id_cabang WHERE (user.username = 'admin') AND (user.password = 'd033e22ae348aeb5660fc2140aec35850c4da997')
Params: []

2015-07-04T13:35:55+07:00 INFO (6): 
Elapsed Secs: 0.00019
Query: SELECT `user`.*, `user_login`.*, `cabang`.* FROM `user`
 INNER JOIN `user_login` ON user_login.id_user = user.id_user
 INNER JOIN `cabang` ON cabang.id_cabang = user.id_cabang WHERE (user.id_user = '16')
Params: []

2015-07-04T13:35:56+07:00 INFO (6): 
Elapsed Secs: 0.12895
Query: UPDATE `user_login` SET `status` = ?, `login_time` = NOW(), `ip_login` = ?, `last_login` = ? WHERE (id_user = '16')
Params: {"1":1,"2":"127.0.0.1","3":"2015-07-04 13:22:54"}

2015-07-04T13:35:56+07:00 INFO (6): 
Elapsed Secs: 0.00058
Query: SELECT `user`.*, `user_login`.*, `cabang`.* FROM `user`
 INNER JOIN `user_login` ON user_login.id_user = user.id_user
 INNER JOIN `cabang` ON cabang.id_cabang = user.id_cabang WHERE (user.id_user = '16')
Params: []

2015-07-04T13:36:02+07:00 INFO (6): 
Elapsed Secs: 0.00032
Query: connect
Params: []

2015-07-04T13:36:02+07:00 INFO (6): 
Elapsed Secs: 0.00136
Query: DESCRIBE `costumer`
Params: []

2015-07-04T13:36:02+07:00 INFO (6): 
Elapsed Secs: 0.00028
Query: connect
Params: []

2015-07-04T13:36:02+07:00 INFO (6): 
Elapsed Secs: 0.00018
Query: SELECT `costumer`.`nik_costumer` FROM `costumer`
Params: []

2015-07-04T13:36:27+07:00 INFO (6): 
Elapsed Secs: 0.00029
Query: connect
Params: []

2015-07-04T13:36:27+07:00 INFO (6): 
Elapsed Secs: 0.00119
Query: DESCRIBE `cabang`
Params: []

2015-07-04T13:36:27+07:00 INFO (6): 
Elapsed Secs: 0.00018
Query: SELECT `cabang`.* FROM `cabang` WHERE (id_cabang = '29' ) LIMIT 1
Params: []

2015-07-04T13:36:27+07:00 INFO (6): 
Elapsed Secs: 0.00101
Query: DESCRIBE `kendaraan`
Params: []

2015-07-04T13:36:27+07:00 INFO (6): 
Elapsed Secs: 0.0002
Query: connect
Params: []

2015-07-04T13:36:27+07:00 INFO (6): 
Elapsed Secs: 0.00029
Query: SELECT `ken`.*, `cos`.`id_cabang`, `us`.`id_user`, `cb`.`cabang` FROM `kendaraan` AS `ken`
 INNER JOIN `costumer` AS `cos` ON cos.nik_costumer=ken.nik_costumer
 INNER JOIN `user` AS `us` ON us.id_user = cos.id_user
 INNER JOIN `cabang` AS `cb` ON cos.id_cabang = cb.id_cabang WHERE (us.id_user = '16') AND (cb.id_cabang = '29')
Params: []

2015-07-04T13:36:32+07:00 INFO (6): 
Elapsed Secs: 0.00025
Query: connect
Params: []

2015-07-04T13:36:32+07:00 INFO (6): 
Elapsed Secs: 0.00137
Query: DESCRIBE `kendaraan`
Params: []

2015-07-04T13:36:32+07:00 INFO (6): 
Elapsed Secs: 0.00022
Query: connect
Params: []

2015-07-04T13:36:32+07:00 INFO (6): 
Elapsed Secs: 0.00052
Query: SELECT `ken`.*, `cos`.`id_cabang`, `us`.`id_user`, `cb`.`cabang` FROM `kendaraan` AS `ken`
 INNER JOIN `costumer` AS `cos` ON cos.nik_costumer=ken.nik_costumer
 INNER JOIN `user` AS `us` ON us.id_user = cos.id_user
 INNER JOIN `cabang` AS `cb` ON cos.id_cabang = cb.id_cabang
Params: []

2015-07-04T13:36:41+07:00 INFO (6): 
Elapsed Secs: 0.00026
Query: connect
Params: []

2015-07-04T13:36:41+07:00 INFO (6): 
Elapsed Secs: 0.00133
Query: DESCRIBE `cabang`
Params: []

2015-07-04T13:36:41+07:00 INFO (6): 
Elapsed Secs: 0.00017
Query: SELECT `cabang`.* FROM `cabang` WHERE (id_cabang = '29' ) LIMIT 1
Params: []

2015-07-04T13:36:41+07:00 INFO (6): 
Elapsed Secs: 0.00084
Query: DESCRIBE `pinjaman`
Params: []

2015-07-04T13:36:41+07:00 INFO (6): 
Elapsed Secs: 0.0003
Query: SELECT `pin`.*, `cos`.`nama` FROM `pinjaman` AS `pin`
 INNER JOIN `costumer` AS `cos` ON pin.nik_costumer = cos.nik_costumer
 INNER JOIN `user` AS `us` ON cos.id_user = us.id_user
 INNER JOIN `cabang` AS `cb` ON us.id_cabang = cb.id_cabang WHERE (us.id_user = '16') AND (cb.id_cabang = '29')
Params: []

2015-07-04T13:36:41+07:00 INFO (6): 
Elapsed Secs: 0.00082
Query: DESCRIBE `spb`
Params: []

2015-07-04T13:36:41+07:00 INFO (6): 
Elapsed Secs: 0.00017
Query: SELECT `spb`.* FROM `spb` WHERE (no_kontrak) LIMIT 1
Params: []

2015-07-04T13:36:41+07:00 INFO (6): 
Elapsed Secs: 9.0E-5
Query: SELECT `spb`.* FROM `spb` WHERE (no_kontrak) LIMIT 1
Params: []

2015-07-04T13:36:43+07:00 INFO (6): 
Elapsed Secs: 0.00024
Query: connect
Params: []

2015-07-04T13:36:43+07:00 INFO (6): 
Elapsed Secs: 0.00114
Query: DESCRIBE `costumer`
Params: []

2015-07-04T13:36:43+07:00 INFO (6): 
Elapsed Secs: 0.0002
Query: connect
Params: []

2015-07-04T13:36:43+07:00 INFO (6): 
Elapsed Secs: 0.00014
Query: SELECT `costumer`.`nik_costumer` FROM `costumer`
Params: []

2015-07-04T13:37:46+07:00 INFO (6): 
Elapsed Secs: 0.00134
Query: connect
Params: []

2015-07-04T13:37:46+07:00 INFO (6): 
Elapsed Secs: 0.00123
Query: DESCRIBE `costumer`
Params: []

2015-07-04T13:37:46+07:00 INFO (6): 
Elapsed Secs: 0.00022
Query: connect
Params: []

2015-07-04T13:37:46+07:00 INFO (6): 
Elapsed Secs: 0.00018
Query: SELECT `costumer`.`nik_costumer` FROM `costumer`
Params: []

2015-07-04T13:37:47+07:00 INFO (6): 
Elapsed Secs: 0.00031
Query: connect
Params: []

2015-07-04T13:37:47+07:00 INFO (6): 
Elapsed Secs: 0.00111
Query: DESCRIBE `costumer`
Params: []

2015-07-04T13:37:47+07:00 INFO (6): 
Elapsed Secs: 0.0002
Query: connect
Params: []

2015-07-04T13:37:47+07:00 INFO (6): 
Elapsed Secs: 0.0001
Query: SELECT `costumer`.`nik_costumer` FROM `costumer`
Params: []

2015-07-04T13:37:49+07:00 INFO (6): 
Elapsed Secs: 0.00025
Query: connect
Params: []

2015-07-04T13:37:49+07:00 INFO (6): 
Elapsed Secs: 0.001
Query: DESCRIBE `costumer`
Params: []

2015-07-04T13:37:49+07:00 INFO (6): 
Elapsed Secs: 0.00015
Query: connect
Params: []

2015-07-04T13:37:49+07:00 INFO (6): 
Elapsed Secs: 0.00012
Query: SELECT `costumer`.`nik_costumer` FROM `costumer`
Params: []

2015-07-04T13:37:51+07:00 INFO (6): 
Elapsed Secs: 0.00028
Query: connect
Params: []

2015-07-04T13:37:51+07:00 INFO (6): 
Elapsed Secs: 0.0011
Query: DESCRIBE `costumer`
Params: []

2015-07-04T13:37:51+07:00 INFO (6): 
Elapsed Secs: 0.00021
Query: connect
Params: []

2015-07-04T13:37:51+07:00 INFO (6): 
Elapsed Secs: 0.00014
Query: SELECT `costumer`.`nik_costumer` FROM `costumer`
Params: []

2015-07-04T13:38:43+07:00 INFO (6): 
Elapsed Secs: 0.00183
Query: connect
Params: []

2015-07-04T13:38:43+07:00 INFO (6): 
Elapsed Secs: 0.00142
Query: DESCRIBE `costumer`
Params: []

2015-07-04T13:38:43+07:00 INFO (6): 
Elapsed Secs: 0.00031
Query: connect
Params: []

2015-07-04T13:38:43+07:00 INFO (6): 
Elapsed Secs: 0.00021
Query: SELECT `costumer`.`nik_costumer` FROM `costumer`
Params: []

2015-07-04T13:38:53+07:00 INFO (6): 
Elapsed Secs: 0.0003
Query: connect
Params: []

2015-07-04T13:38:53+07:00 INFO (6): 
Elapsed Secs: 0.00129
Query: DESCRIBE `costumer`
Params: []

2015-07-04T13:38:53+07:00 INFO (6): 
Elapsed Secs: 0.00025
Query: connect
Params: []

2015-07-04T13:38:53+07:00 INFO (6): 
Elapsed Secs: 0.00019
Query: SELECT `costumer`.`nik_costumer` FROM `costumer`
Params: []

2015-07-04T13:39:51+07:00 INFO (6): 
Elapsed Secs: 0.00025
Query: connect
Params: []

2015-07-04T13:39:51+07:00 INFO (6): 
Elapsed Secs: 0.00099
Query: DESCRIBE `costumer`
Params: []

2015-07-04T13:39:51+07:00 INFO (6): 
Elapsed Secs: 0.00022
Query: connect
Params: []

2015-07-04T13:39:51+07:00 INFO (6): 
Elapsed Secs: 0.00015
Query: SELECT `costumer`.`nik_costumer` FROM `costumer`
Params: []

2015-07-04T13:39:53+07:00 INFO (6): 
Elapsed Secs: 0.0003
Query: connect
Params: []

2015-07-04T13:39:53+07:00 INFO (6): 
Elapsed Secs: 0.0014
Query: DESCRIBE `costumer`
Params: []

2015-07-04T13:39:53+07:00 INFO (6): 
Elapsed Secs: 0.00026
Query: connect
Params: []

2015-07-04T13:39:53+07:00 INFO (6): 
Elapsed Secs: 0.0002
Query: SELECT `costumer`.`nik_costumer` FROM `costumer`
Params: []

2015-07-04T13:39:58+07:00 INFO (6): 
Elapsed Secs: 0.00134
Query: connect
Params: []

2015-07-04T13:39:58+07:00 INFO (6): 
Elapsed Secs: 0.00127
Query: DESCRIBE `costumer`
Params: []

2015-07-04T13:39:58+07:00 INFO (6): 
Elapsed Secs: 0.00027
Query: connect
Params: []

2015-07-04T13:39:58+07:00 INFO (6): 
Elapsed Secs: 0.00017
Query: SELECT `costumer`.`nik_costumer` FROM `costumer`
Params: []

2015-07-04T13:40:23+07:00 INFO (6): 
Elapsed Secs: 0.00107
Query: connect
Params: []

2015-07-04T13:40:23+07:00 INFO (6): 
Elapsed Secs: 0.00101
Query: DESCRIBE `costumer`
Params: []

2015-07-04T13:40:23+07:00 INFO (6): 
Elapsed Secs: 0.00022
Query: connect
Params: []

2015-07-04T13:40:23+07:00 INFO (6): 
Elapsed Secs: 0.00012
Query: SELECT `costumer`.`nik_costumer` FROM `costumer`
Params: []

2015-07-04T13:41:42+07:00 INFO (6): 
Elapsed Secs: 0.00029
Query: connect
Params: []

2015-07-04T13:41:42+07:00 INFO (6): 
Elapsed Secs: 0.001
Query: DESCRIBE `costumer`
Params: []

2015-07-04T13:41:42+07:00 INFO (6): 
Elapsed Secs: 0.00019
Query: connect
Params: []

2015-07-04T13:41:42+07:00 INFO (6): 
Elapsed Secs: 9.0E-5
Query: SELECT `costumer`.`nik_costumer` FROM `costumer`
Params: []

2015-07-04T13:42:23+07:00 INFO (6): 
Elapsed Secs: 0.00026
Query: connect
Params: []

2015-07-04T13:42:23+07:00 INFO (6): 
Elapsed Secs: 0.00138
Query: DESCRIBE `costumer`
Params: []

2015-07-04T13:42:23+07:00 INFO (6): 
Elapsed Secs: 0.00026
Query: connect
Params: []

2015-07-04T13:42:23+07:00 INFO (6): 
Elapsed Secs: 0.00015
Query: SELECT `costumer`.`nik_costumer` FROM `costumer`
Params: []

2015-07-04T13:43:02+07:00 INFO (6): 
Elapsed Secs: 0.00033
Query: connect
Params: []

2015-07-04T13:43:02+07:00 INFO (6): 
Elapsed Secs: 0.00103
Query: DESCRIBE `costumer`
Params: []

2015-07-04T13:43:02+07:00 INFO (6): 
Elapsed Secs: 0.00033
Query: connect
Params: []

2015-07-04T13:43:02+07:00 INFO (6): 
Elapsed Secs: 0.00013
Query: SELECT `costumer`.`nik_costumer` FROM `costumer`
Params: []

2015-07-04T13:43:24+07:00 INFO (6): 
Elapsed Secs: 0.00027
Query: connect
Params: []

2015-07-04T13:43:24+07:00 INFO (6): 
Elapsed Secs: 0.00096
Query: DESCRIBE `costumer`
Params: []

2015-07-04T13:43:24+07:00 INFO (6): 
Elapsed Secs: 0.00017
Query: connect
Params: []

2015-07-04T13:43:24+07:00 INFO (6): 
Elapsed Secs: 0.00013
Query: SELECT `costumer`.`nik_costumer` FROM `costumer`
Params: []

2015-07-04T13:43:28+07:00 INFO (6): 
Elapsed Secs: 0.00029
Query: connect
Params: []

2015-07-04T13:43:28+07:00 INFO (6): 
Elapsed Secs: 0.001
Query: DESCRIBE `costumer`
Params: []

2015-07-04T13:43:28+07:00 INFO (6): 
Elapsed Secs: 0.00019
Query: connect
Params: []

2015-07-04T13:43:28+07:00 INFO (6): 
Elapsed Secs: 0.00017
Query: SELECT `costumer`.`nik_costumer` FROM `costumer`
Params: []

2015-07-04T13:43:48+07:00 INFO (6): 
Elapsed Secs: 0.00027
Query: connect
Params: []

2015-07-04T13:43:48+07:00 INFO (6): 
Elapsed Secs: 0.00107
Query: DESCRIBE `costumer`
Params: []

2015-07-04T13:43:48+07:00 INFO (6): 
Elapsed Secs: 0.00027
Query: connect
Params: []

2015-07-04T13:43:48+07:00 INFO (6): 
Elapsed Secs: 0.00017
Query: SELECT `costumer`.`nik_costumer` FROM `costumer`
Params: []

2015-07-04T13:47:31+07:00 INFO (6): 
Elapsed Secs: 0.00137
Query: connect
Params: []

2015-07-04T13:47:31+07:00 INFO (6): 
Elapsed Secs: 0.00123
Query: DESCRIBE `costumer`
Params: []

2015-07-04T13:47:31+07:00 INFO (6): 
Elapsed Secs: 0.0002
Query: connect
Params: []

2015-07-04T13:47:31+07:00 INFO (6): 
Elapsed Secs: 0.00018
Query: SELECT `costumer`.`nik_costumer` FROM `costumer`
Params: []

2015-07-04T13:47:50+07:00 INFO (6): 
Elapsed Secs: 0.00032
Query: connect
Params: []

2015-07-04T13:47:50+07:00 INFO (6): 
Elapsed Secs: 0.00128
Query: DESCRIBE `costumer`
Params: []

2015-07-04T13:47:50+07:00 INFO (6): 
Elapsed Secs: 0.00023
Query: connect
Params: []

2015-07-04T13:47:50+07:00 INFO (6): 
Elapsed Secs: 0.00017
Query: SELECT `costumer`.`nik_costumer` FROM `costumer`
Params: []

2015-07-04T13:48:17+07:00 INFO (6): 
Elapsed Secs: 0.00029
Query: connect
Params: []

2015-07-04T13:48:17+07:00 INFO (6): 
Elapsed Secs: 0.00118
Query: DESCRIBE `costumer`
Params: []

2015-07-04T13:48:17+07:00 INFO (6): 
Elapsed Secs: 0.00021
Query: connect
Params: []

2015-07-04T13:48:17+07:00 INFO (6): 
Elapsed Secs: 0.00013
Query: SELECT `costumer`.`nik_costumer` FROM `costumer`
Params: []

2015-07-04T13:48:20+07:00 INFO (6): 
Elapsed Secs: 0.00024
Query: connect
Params: []

2015-07-04T13:48:20+07:00 INFO (6): 
Elapsed Secs: 0.00088
Query: DESCRIBE `costumer`
Params: []

2015-07-04T13:48:20+07:00 INFO (6): 
Elapsed Secs: 0.00028
Query: connect
Params: []

2015-07-04T13:48:20+07:00 INFO (6): 
Elapsed Secs: 0.00013
Query: SELECT `costumer`.`nik_costumer` FROM `costumer`
Params: []

2015-07-04T13:49:14+07:00 INFO (6): 
Elapsed Secs: 0.00024
Query: connect
Params: []

2015-07-04T13:49:14+07:00 INFO (6): 
Elapsed Secs: 0.00127
Query: DESCRIBE `costumer`
Params: []

2015-07-04T13:49:14+07:00 INFO (6): 
Elapsed Secs: 0.00028
Query: connect
Params: []

2015-07-04T13:49:14+07:00 INFO (6): 
Elapsed Secs: 0.00019
Query: SELECT `costumer`.`nik_costumer` FROM `costumer`
Params: []

2015-07-04T13:49:26+07:00 INFO (6): 
Elapsed Secs: 0.00025
Query: connect
Params: []

2015-07-04T13:49:26+07:00 INFO (6): 
Elapsed Secs: 0.00108
Query: DESCRIBE `costumer`
Params: []

2015-07-04T13:49:26+07:00 INFO (6): 
Elapsed Secs: 0.00018
Query: connect
Params: []

2015-07-04T13:49:26+07:00 INFO (6): 
Elapsed Secs: 0.00011
Query: SELECT `costumer`.`nik_costumer` FROM `costumer`
Params: []

2015-07-04T13:49:52+07:00 INFO (6): 
Elapsed Secs: 0.00109
Query: connect
Params: []

2015-07-04T13:49:52+07:00 INFO (6): 
Elapsed Secs: 0.00118
Query: DESCRIBE `costumer`
Params: []

2015-07-04T13:49:52+07:00 INFO (6): 
Elapsed Secs: 0.0002
Query: connect
Params: []

2015-07-04T13:49:52+07:00 INFO (6): 
Elapsed Secs: 0.00014
Query: SELECT `costumer`.`nik_costumer` FROM `costumer`
Params: []

2015-07-04T13:49:56+07:00 INFO (6): 
Elapsed Secs: 0.00025
Query: connect
Params: []

2015-07-04T13:49:56+07:00 INFO (6): 
Elapsed Secs: 0.00095
Query: DESCRIBE `costumer`
Params: []

2015-07-04T13:49:56+07:00 INFO (6): 
Elapsed Secs: 0.00017
Query: connect
Params: []

2015-07-04T13:49:56+07:00 INFO (6): 
Elapsed Secs: 0.00012
Query: SELECT `costumer`.`nik_costumer` FROM `costumer`
Params: []

2015-07-04T13:50:22+07:00 INFO (6): 
Elapsed Secs: 0.0003
Query: connect
Params: []

2015-07-04T13:50:22+07:00 INFO (6): 
Elapsed Secs: 0.0012
Query: DESCRIBE `costumer`
Params: []

2015-07-04T13:50:22+07:00 INFO (6): 
Elapsed Secs: 0.0002
Query: connect
Params: []

2015-07-04T13:50:22+07:00 INFO (6): 
Elapsed Secs: 0.00012
Query: SELECT `costumer`.`nik_costumer` FROM `costumer`
Params: []

2015-07-04T13:50:36+07:00 INFO (6): 
Elapsed Secs: 0.00028
Query: connect
Params: []

2015-07-04T13:50:36+07:00 INFO (6): 
Elapsed Secs: 0.00102
Query: DESCRIBE `costumer`
Params: []

2015-07-04T13:50:36+07:00 INFO (6): 
Elapsed Secs: 0.00014
Query: connect
Params: []

2015-07-04T13:50:36+07:00 INFO (6): 
Elapsed Secs: 0.0001
Query: SELECT `costumer`.`nik_costumer` FROM `costumer`
Params: []

2015-07-04T13:51:32+07:00 INFO (6): 
Elapsed Secs: 0.00119
Query: connect
Params: []

2015-07-04T13:51:32+07:00 INFO (6): 
Elapsed Secs: 0.00104
Query: DESCRIBE `costumer`
Params: []

2015-07-04T13:51:32+07:00 INFO (6): 
Elapsed Secs: 0.00017
Query: connect
Params: []

2015-07-04T13:51:32+07:00 INFO (6): 
Elapsed Secs: 0.00012
Query: SELECT `costumer`.`nik_costumer` FROM `costumer`
Params: []

2015-07-04T13:51:33+07:00 INFO (6): 
Elapsed Secs: 0.00033
Query: connect
Params: []

2015-07-04T13:51:33+07:00 INFO (6): 
Elapsed Secs: 0.00127
Query: DESCRIBE `costumer`
Params: []

2015-07-04T13:51:33+07:00 INFO (6): 
Elapsed Secs: 0.00022
Query: connect
Params: []

2015-07-04T13:51:33+07:00 INFO (6): 
Elapsed Secs: 0.00016
Query: SELECT `costumer`.`nik_costumer` FROM `costumer`
Params: []

2015-07-04T13:52:10+07:00 INFO (6): 
Elapsed Secs: 0.00028
Query: connect
Params: []

2015-07-04T13:52:10+07:00 INFO (6): 
Elapsed Secs: 0.00137
Query: DESCRIBE `costumer`
Params: []

2015-07-04T13:52:10+07:00 INFO (6): 
Elapsed Secs: 0.00025
Query: connect
Params: []

2015-07-04T13:52:10+07:00 INFO (6): 
Elapsed Secs: 0.00015
Query: SELECT `costumer`.`nik_costumer` FROM `costumer`
Params: []

2015-07-04T13:52:15+07:00 INFO (6): 
Elapsed Secs: 0.00032
Query: connect
Params: []

2015-07-04T13:52:15+07:00 INFO (6): 
Elapsed Secs: 0.00098
Query: DESCRIBE `costumer`
Params: []

2015-07-04T13:52:15+07:00 INFO (6): 
Elapsed Secs: 0.00024
Query: connect
Params: []

2015-07-04T13:52:15+07:00 INFO (6): 
Elapsed Secs: 0.00013
Query: SELECT `costumer`.`nik_costumer` FROM `costumer`
Params: []

2015-07-04T13:52:19+07:00 INFO (6): 
Elapsed Secs: 0.00019
Query: connect
Params: []

2015-07-04T13:52:19+07:00 INFO (6): 
Elapsed Secs: 0.00091
Query: DESCRIBE `costumer`
Params: []

2015-07-04T13:52:19+07:00 INFO (6): 
Elapsed Secs: 0.00018
Query: connect
Params: []

2015-07-04T13:52:19+07:00 INFO (6): 
Elapsed Secs: 0.0001
Query: SELECT `costumer`.`nik_costumer` FROM `costumer`
Params: []

2015-07-04T13:52:22+07:00 INFO (6): 
Elapsed Secs: 0.00024
Query: connect
Params: []

2015-07-04T13:52:22+07:00 INFO (6): 
Elapsed Secs: 0.00097
Query: DESCRIBE `costumer`
Params: []

2015-07-04T13:52:22+07:00 INFO (6): 
Elapsed Secs: 0.00024
Query: connect
Params: []

2015-07-04T13:52:22+07:00 INFO (6): 
Elapsed Secs: 0.00012
Query: SELECT `costumer`.`nik_costumer` FROM `costumer`
Params: []

2015-07-04T13:52:24+07:00 INFO (6): 
Elapsed Secs: 0.00022
Query: connect
Params: []

2015-07-04T13:52:24+07:00 INFO (6): 
Elapsed Secs: 0.00103
Query: DESCRIBE `costumer`
Params: []

2015-07-04T13:52:24+07:00 INFO (6): 
Elapsed Secs: 0.00024
Query: connect
Params: []

2015-07-04T13:52:24+07:00 INFO (6): 
Elapsed Secs: 0.00014
Query: SELECT `costumer`.`nik_costumer` FROM `costumer`
Params: []

2015-07-04T13:52:26+07:00 INFO (6): 
Elapsed Secs: 0.00027
Query: connect
Params: []

2015-07-04T13:52:26+07:00 INFO (6): 
Elapsed Secs: 0.00104
Query: DESCRIBE `costumer`
Params: []

2015-07-04T13:52:26+07:00 INFO (6): 
Elapsed Secs: 0.00028
Query: connect
Params: []

2015-07-04T13:52:26+07:00 INFO (6): 
Elapsed Secs: 0.00015
Query: SELECT `costumer`.`nik_costumer` FROM `costumer`
Params: []

2015-07-04T13:52:28+07:00 INFO (6): 
Elapsed Secs: 0.00026
Query: connect
Params: []

2015-07-04T13:52:28+07:00 INFO (6): 
Elapsed Secs: 0.00103
Query: DESCRIBE `costumer`
Params: []

2015-07-04T13:52:28+07:00 INFO (6): 
Elapsed Secs: 0.00023
Query: connect
Params: []

2015-07-04T13:52:28+07:00 INFO (6): 
Elapsed Secs: 0.00013
Query: SELECT `costumer`.`nik_costumer` FROM `costumer`
Params: []

2015-07-04T13:52:50+07:00 INFO (6): 
Elapsed Secs: 0.00023
Query: connect
Params: []

2015-07-04T13:52:50+07:00 INFO (6): 
Elapsed Secs: 0.00126
Query: DESCRIBE `cabang`
Params: []

2015-07-04T13:52:50+07:00 INFO (6): 
Elapsed Secs: 0.0002
Query: SELECT `cabang`.* FROM `cabang` WHERE (id_cabang = '29' ) LIMIT 1
Params: []

2015-07-04T13:52:50+07:00 INFO (6): 
Elapsed Secs: 0.00103
Query: DESCRIBE `pinjaman`
Params: []

2015-07-04T13:52:50+07:00 INFO (6): 
Elapsed Secs: 0.00028
Query: SELECT `pin`.*, `cos`.`nama` FROM `pinjaman` AS `pin`
 INNER JOIN `costumer` AS `cos` ON pin.nik_costumer = cos.nik_costumer
 INNER JOIN `user` AS `us` ON cos.id_user = us.id_user
 INNER JOIN `cabang` AS `cb` ON us.id_cabang = cb.id_cabang WHERE (us.id_user = '16') AND (cb.id_cabang = '29')
Params: []

2015-07-04T13:52:50+07:00 INFO (6): 
Elapsed Secs: 0.00104
Query: DESCRIBE `spb`
Params: []

2015-07-04T13:52:50+07:00 INFO (6): 
Elapsed Secs: 0.00016
Query: SELECT `spb`.* FROM `spb` WHERE (no_kontrak) LIMIT 1
Params: []

2015-07-04T13:52:50+07:00 INFO (6): 
Elapsed Secs: 0.00013
Query: SELECT `spb`.* FROM `spb` WHERE (no_kontrak) LIMIT 1
Params: []

2015-07-04T13:52:55+07:00 INFO (6): 
Elapsed Secs: 0.00029
Query: connect
Params: []

2015-07-04T13:52:55+07:00 INFO (6): 
Elapsed Secs: 0.00129
Query: DESCRIBE `cabang`
Params: []

2015-07-04T13:52:55+07:00 INFO (6): 
Elapsed Secs: 0.0002
Query: SELECT `cabang`.* FROM `cabang` WHERE (id_cabang = '29' ) LIMIT 1
Params: []

2015-07-04T13:52:55+07:00 INFO (6): 
Elapsed Secs: 0.00184
Query: DESCRIBE `pinjaman`
Params: []

2015-07-04T13:52:55+07:00 INFO (6): 
Elapsed Secs: 0.00056
Query: SELECT `pin`.*, `cos`.`nama` FROM `pinjaman` AS `pin`
 INNER JOIN `costumer` AS `cos` ON pin.nik_costumer = cos.nik_costumer
 INNER JOIN `user` AS `us` ON cos.id_user = us.id_user
 INNER JOIN `cabang` AS `cb` ON us.id_cabang = cb.id_cabang WHERE (us.id_user = '16') AND (cb.id_cabang = '29')
Params: []

2015-07-04T13:52:55+07:00 INFO (6): 
Elapsed Secs: 0.00206
Query: DESCRIBE `spb`
Params: []

2015-07-04T13:52:55+07:00 INFO (6): 
Elapsed Secs: 0.00026
Query: SELECT `spb`.* FROM `spb` WHERE (no_kontrak) LIMIT 1
Params: []

2015-07-04T13:52:55+07:00 INFO (6): 
Elapsed Secs: 0.00025
Query: SELECT `spb`.* FROM `spb` WHERE (no_kontrak) LIMIT 1
Params: []

2015-07-04T13:53:04+07:00 INFO (6): 
Elapsed Secs: 0.00023
Query: connect
Params: []

2015-07-04T13:53:04+07:00 INFO (6): 
Elapsed Secs: 0.00117
Query: DESCRIBE `costumer`
Params: []

2015-07-04T13:53:04+07:00 INFO (6): 
Elapsed Secs: 0.00019
Query: connect
Params: []

2015-07-04T13:53:04+07:00 INFO (6): 
Elapsed Secs: 0.00012
Query: SELECT `costumer`.`nik_costumer` FROM `costumer`
Params: []

2015-07-04T13:53:16+07:00 INFO (6): 
Elapsed Secs: 0.00108
Query: connect
Params: []

2015-07-04T13:53:16+07:00 INFO (6): 
Elapsed Secs: 0.00124
Query: DESCRIBE `costumer`
Params: []

2015-07-04T13:53:16+07:00 INFO (6): 
Elapsed Secs: 0.00016
Query: connect
Params: []

2015-07-04T13:53:16+07:00 INFO (6): 
Elapsed Secs: 0.00014
Query: SELECT `costumer`.`nik_costumer` FROM `costumer`
Params: []

2015-07-04T13:53:19+07:00 INFO (6): 
Elapsed Secs: 0.00025
Query: connect
Params: []

2015-07-04T13:53:19+07:00 INFO (6): 
Elapsed Secs: 0.00102
Query: DESCRIBE `costumer`
Params: []

2015-07-04T13:53:19+07:00 INFO (6): 
Elapsed Secs: 0.00017
Query: connect
Params: []

2015-07-04T13:53:19+07:00 INFO (6): 
Elapsed Secs: 0.00011
Query: SELECT `costumer`.`nik_costumer` FROM `costumer`
Params: []

2015-07-04T13:53:23+07:00 INFO (6): 
Elapsed Secs: 0.00026
Query: connect
Params: []

2015-07-04T13:53:23+07:00 INFO (6): 
Elapsed Secs: 0.001
Query: DESCRIBE `costumer`
Params: []

2015-07-04T13:53:23+07:00 INFO (6): 
Elapsed Secs: 0.00025
Query: connect
Params: []

2015-07-04T13:53:23+07:00 INFO (6): 
Elapsed Secs: 0.00015
Query: SELECT `costumer`.`nik_costumer` FROM `costumer`
Params: []

2015-07-04T13:53:25+07:00 INFO (6): 
Elapsed Secs: 0.00027
Query: connect
Params: []

2015-07-04T13:53:25+07:00 INFO (6): 
Elapsed Secs: 0.00096
Query: DESCRIBE `costumer`
Params: []

2015-07-04T13:53:25+07:00 INFO (6): 
Elapsed Secs: 0.00023
Query: connect
Params: []

2015-07-04T13:53:25+07:00 INFO (6): 
Elapsed Secs: 0.00019
Query: SELECT `costumer`.`nik_costumer` FROM `costumer`
Params: []

2015-07-04T13:53:32+07:00 INFO (6): 
Elapsed Secs: 0.00023
Query: connect
Params: []

2015-07-04T13:53:32+07:00 INFO (6): 
Elapsed Secs: 0.00124
Query: DESCRIBE `costumer`
Params: []

2015-07-04T13:53:32+07:00 INFO (6): 
Elapsed Secs: 0.00023
Query: connect
Params: []

2015-07-04T13:53:32+07:00 INFO (6): 
Elapsed Secs: 0.00016
Query: SELECT `costumer`.`nik_costumer` FROM `costumer`
Params: []

2015-07-04T13:53:37+07:00 INFO (6): 
Elapsed Secs: 0.00023
Query: connect
Params: []

2015-07-04T13:53:37+07:00 INFO (6): 
Elapsed Secs: 0.00101
Query: DESCRIBE `costumer`
Params: []

2015-07-04T13:53:37+07:00 INFO (6): 
Elapsed Secs: 0.00027
Query: connect
Params: []

2015-07-04T13:53:37+07:00 INFO (6): 
Elapsed Secs: 0.00014
Query: SELECT `costumer`.`nik_costumer` FROM `costumer`
Params: []

2015-07-04T13:53:48+07:00 INFO (6): 
Elapsed Secs: 0.00048
Query: connect
Params: []

2015-07-04T13:53:48+07:00 INFO (6): 
Elapsed Secs: 0.00307
Query: DESCRIBE `costumer`
Params: []

2015-07-04T13:53:48+07:00 INFO (6): 
Elapsed Secs: 0.0003
Query: connect
Params: []

2015-07-04T13:53:48+07:00 INFO (6): 
Elapsed Secs: 0.00023
Query: SELECT `costumer`.`nik_costumer` FROM `costumer`
Params: []

2015-07-04T13:53:51+07:00 INFO (6): 
Elapsed Secs: 0.00027
Query: connect
Params: []

2015-07-04T13:53:51+07:00 INFO (6): 
Elapsed Secs: 0.0013
Query: DESCRIBE `costumer`
Params: []

2015-07-04T13:53:51+07:00 INFO (6): 
Elapsed Secs: 0.00019
Query: connect
Params: []

2015-07-04T13:53:51+07:00 INFO (6): 
Elapsed Secs: 0.00012
Query: SELECT `costumer`.`nik_costumer` FROM `costumer`
Params: []

2015-07-04T13:53:57+07:00 INFO (6): 
Elapsed Secs: 0.00016
Query: connect
Params: []

2015-07-04T13:53:57+07:00 INFO (6): 
Elapsed Secs: 0.00096
Query: DESCRIBE `costumer`
Params: []

2015-07-04T13:53:57+07:00 INFO (6): 
Elapsed Secs: 0.00021
Query: connect
Params: []

2015-07-04T13:53:57+07:00 INFO (6): 
Elapsed Secs: 0.00012
Query: SELECT `costumer`.`nik_costumer` FROM `costumer`
Params: []

2015-07-04T13:54:02+07:00 INFO (6): 
Elapsed Secs: 0.00023
Query: connect
Params: []

2015-07-04T13:54:02+07:00 INFO (6): 
Elapsed Secs: 0.00099
Query: DESCRIBE `costumer`
Params: []

2015-07-04T13:54:02+07:00 INFO (6): 
Elapsed Secs: 0.00018
Query: connect
Params: []

2015-07-04T13:54:02+07:00 INFO (6): 
Elapsed Secs: 0.00012
Query: SELECT `costumer`.`nik_costumer` FROM `costumer`
Params: []

2015-07-04T13:54:49+07:00 INFO (6): 
Elapsed Secs: 0.00029
Query: connect
Params: []

2015-07-04T13:54:49+07:00 INFO (6): 
Elapsed Secs: 0.00144
Query: DESCRIBE `costumer`
Params: []

2015-07-04T13:54:49+07:00 INFO (6): 
Elapsed Secs: 0.00027
Query: connect
Params: []

2015-07-04T13:54:49+07:00 INFO (6): 
Elapsed Secs: 0.00018
Query: SELECT `costumer`.`nik_costumer` FROM `costumer`
Params: []

2015-07-04T13:54:50+07:00 INFO (6): 
Elapsed Secs: 0.00049
Query: connect
Params: []

2015-07-04T13:54:50+07:00 INFO (6): 
Elapsed Secs: 0.00293
Query: DESCRIBE `costumer`
Params: []

2015-07-04T13:54:50+07:00 INFO (6): 
Elapsed Secs: 0.0005
Query: connect
Params: []

2015-07-04T13:54:50+07:00 INFO (6): 
Elapsed Secs: 0.00034
Query: SELECT `costumer`.`nik_costumer` FROM `costumer`
Params: []

2015-07-04T13:54:56+07:00 INFO (6): 
Elapsed Secs: 0.00021
Query: connect
Params: []

2015-07-04T13:54:56+07:00 INFO (6): 
Elapsed Secs: 0.0009
Query: DESCRIBE `costumer`
Params: []

2015-07-04T13:54:56+07:00 INFO (6): 
Elapsed Secs: 0.0002
Query: connect
Params: []

2015-07-04T13:54:56+07:00 INFO (6): 
Elapsed Secs: 0.00011
Query: SELECT `costumer`.`nik_costumer` FROM `costumer`
Params: []

2015-07-04T13:55:00+07:00 INFO (6): 
Elapsed Secs: 0.00017
Query: connect
Params: []

2015-07-04T13:55:00+07:00 INFO (6): 
Elapsed Secs: 0.00089
Query: DESCRIBE `costumer`
Params: []

2015-07-04T13:55:00+07:00 INFO (6): 
Elapsed Secs: 0.00025
Query: connect
Params: []

2015-07-04T13:55:00+07:00 INFO (6): 
Elapsed Secs: 0.00016
Query: SELECT `costumer`.`nik_costumer` FROM `costumer`
Params: []

2015-07-04T13:55:13+07:00 INFO (6): 
Elapsed Secs: 0.00134
Query: connect
Params: []

2015-07-04T13:55:13+07:00 INFO (6): 
Elapsed Secs: 0.00102
Query: DESCRIBE `costumer`
Params: []

2015-07-04T13:55:13+07:00 INFO (6): 
Elapsed Secs: 0.00027
Query: connect
Params: []

2015-07-04T13:55:13+07:00 INFO (6): 
Elapsed Secs: 0.00017
Query: SELECT `costumer`.`nik_costumer` FROM `costumer`
Params: []

2015-07-04T13:55:17+07:00 INFO (6): 
Elapsed Secs: 0.00021
Query: connect
Params: []

2015-07-04T13:55:17+07:00 INFO (6): 
Elapsed Secs: 0.00101
Query: DESCRIBE `costumer`
Params: []

2015-07-04T13:55:17+07:00 INFO (6): 
Elapsed Secs: 0.00014
Query: connect
Params: []

2015-07-04T13:55:17+07:00 INFO (6): 
Elapsed Secs: 0.00011
Query: SELECT `costumer`.`nik_costumer` FROM `costumer`
Params: []

2015-07-04T13:55:22+07:00 INFO (6): 
Elapsed Secs: 0.00023
Query: connect
Params: []

2015-07-04T13:55:22+07:00 INFO (6): 
Elapsed Secs: 0.00104
Query: DESCRIBE `costumer`
Params: []

2015-07-04T13:55:22+07:00 INFO (6): 
Elapsed Secs: 0.00017
Query: connect
Params: []

2015-07-04T13:55:22+07:00 INFO (6): 
Elapsed Secs: 0.00013
Query: SELECT `costumer`.`nik_costumer` FROM `costumer`
Params: []

2015-07-04T13:55:23+07:00 INFO (6): 
Elapsed Secs: 0.00029
Query: connect
Params: []

2015-07-04T13:55:23+07:00 INFO (6): 
Elapsed Secs: 0.00114
Query: DESCRIBE `costumer`
Params: []

2015-07-04T13:55:23+07:00 INFO (6): 
Elapsed Secs: 0.00027
Query: connect
Params: []

2015-07-04T13:55:23+07:00 INFO (6): 
Elapsed Secs: 0.00016
Query: SELECT `costumer`.`nik_costumer` FROM `costumer`
Params: []

2015-07-04T13:55:37+07:00 INFO (6): 
Elapsed Secs: 0.00017
Query: connect
Params: []

2015-07-04T13:55:37+07:00 INFO (6): 
Elapsed Secs: 0.00109
Query: DESCRIBE `costumer`
Params: []

2015-07-04T13:55:37+07:00 INFO (6): 
Elapsed Secs: 0.00018
Query: connect
Params: []

2015-07-04T13:55:37+07:00 INFO (6): 
Elapsed Secs: 0.00012
Query: SELECT `costumer`.`nik_costumer` FROM `costumer`
Params: []

2015-07-04T13:55:39+07:00 INFO (6): 
Elapsed Secs: 0.00035
Query: connect
Params: []

2015-07-04T13:55:39+07:00 INFO (6): 
Elapsed Secs: 0.001
Query: DESCRIBE `costumer`
Params: []

2015-07-04T13:55:39+07:00 INFO (6): 
Elapsed Secs: 0.00019
Query: connect
Params: []

2015-07-04T13:55:39+07:00 INFO (6): 
Elapsed Secs: 0.00011
Query: SELECT `costumer`.`nik_costumer` FROM `costumer`
Params: []

2015-07-04T13:55:42+07:00 INFO (6): 
Elapsed Secs: 0.00023
Query: connect
Params: []

2015-07-04T13:55:42+07:00 INFO (6): 
Elapsed Secs: 0.00098
Query: DESCRIBE `costumer`
Params: []

2015-07-04T13:55:42+07:00 INFO (6): 
Elapsed Secs: 0.00027
Query: connect
Params: []

2015-07-04T13:55:42+07:00 INFO (6): 
Elapsed Secs: 0.00017
Query: SELECT `costumer`.`nik_costumer` FROM `costumer`
Params: []

2015-07-04T13:55:45+07:00 INFO (6): 
Elapsed Secs: 0.00023
Query: connect
Params: []

2015-07-04T13:55:45+07:00 INFO (6): 
Elapsed Secs: 0.00129
Query: DESCRIBE `costumer`
Params: []

2015-07-04T13:55:45+07:00 INFO (6): 
Elapsed Secs: 0.00025
Query: connect
Params: []

2015-07-04T13:55:45+07:00 INFO (6): 
Elapsed Secs: 0.00016
Query: SELECT `costumer`.`nik_costumer` FROM `costumer`
Params: []

