2015-07-15T11:30:52+07:00 INFO (6): Array
(
    [id_user] => 18
    [id_cabang] => 30
    [realname] => Kasir Natar
    [username] => kasir
    [password] => d033e22ae348aeb5660fc2140aec35850c4da997
    [create_at] => 2015-06-19
    [level] => kasir
    [id_login] => 10
    [last_login] => 2015-07-06 02:25:56
    [login_time] => 2015-07-15 11:30:51
    [ip_login] => 127.0.0.1
    [status] => 1
    [cabang] => Natar
    [kepala_cabang] => Raka
    [provinsi] => Lampung
    [kota] => Lampung Selatan
    [kecamatan] => Natar
    [alamat] => Jl Panjang Lampung km 21 
    [kode_pos] => 23112  
)

2015-07-15T11:41:29+07:00 INFO (6): Array
(
    [id_user] => 16
    [id_cabang] => 29
    [realname] => Leo Masta Kusuma
    [username] => admin
    [password] => d033e22ae348aeb5660fc2140aec35850c4da997
    [create_at] => 2015-06-19
    [level] => superadmin
    [id_login] => 5
    [last_login] => 2015-07-11 18:50:35
    [login_time] => 2015-07-15 11:41:29
    [ip_login] => 127.0.0.1
    [status] => 1
    [cabang] => Antasari
    [kepala_cabang] => SRI ROHAYATI, S.Kom, Mp.di
    [provinsi] => Lampung
    [kota] => Antasari
    [kecamatan] => Waru
    [alamat] => Jl Pangen Antasari No 20
    [kode_pos] => 12310 
)

