2015-06-19T18:38:13+07:00 INFO (6): 
Elapsed Secs: 0.00174
Query: connect
Params: []

2015-06-19T18:38:13+07:00 INFO (6): 
Elapsed Secs: 0.00128
Query: DESCRIBE `costumer`
Params: []

2015-06-19T18:38:13+07:00 INFO (6): 
Elapsed Secs: 0.00027
Query: SELECT `cos`.`nik_costumer`, `cos`.`nama`, `cos`.`alamat`, `cos`.`jenis_kelamin`, `cos`.`tempat_lahir`, `cos`.`tanggal_lahir`, `cos`.`nama_ibu`, `cos`.`agama`, `cos`.`status`, `cos`.`pekerjaan`, `cos`.`alamat_tempat_kerja`, `cos`.`hp`, `cos`.`telpon`, `us`.`realname`, `cb`.`cabang` FROM `costumer` AS `cos`
 INNER JOIN `user` AS `us` ON cos.id_user=us.id_user
 INNER JOIN `cabang` AS `cb` ON us.id_cabang = cb.id_cabang WHERE (cos.id_user = '16')
Params: []

2015-06-19T18:38:20+07:00 INFO (6): 
Elapsed Secs: 0.00028
Query: connect
Params: []

2015-06-19T18:38:20+07:00 INFO (6): 
Elapsed Secs: 0.00103
Query: DESCRIBE `penjamin`
Params: []

2015-06-19T18:38:20+07:00 INFO (6): 
Elapsed Secs: 0.00021
Query: connect
Params: []

2015-06-19T18:38:20+07:00 INFO (6): 
Elapsed Secs: 0.0003
Query: SELECT `pe`.*, `cos`.`id_cabang`, `cos`.`id_user`, `cb`.`cabang` FROM `penjamin` AS `pe`
 INNER JOIN `costumer` AS `cos` ON pe.nik_costumer = cos.nik_costumer
 INNER JOIN `user` AS `us` ON us.id_user = cos.id_user
 INNER JOIN `cabang` AS `cb` ON cb.id_cabang = cos.id_cabang WHERE (us.id_user= '16') AND (cb.id_cabang = '29')
Params: []

2015-06-19T18:40:11+07:00 INFO (6): 
Elapsed Secs: 0.00023
Query: connect
Params: []

2015-06-19T18:40:11+07:00 INFO (6): 
Elapsed Secs: 0.00095
Query: DESCRIBE `penjamin`
Params: []

2015-06-19T18:40:11+07:00 INFO (6): 
Elapsed Secs: 0.00017
Query: connect
Params: []

2015-06-19T18:40:11+07:00 INFO (6): 
Elapsed Secs: 0.00024
Query: SELECT `pe`.*, `cos`.`id_cabang`, `cos`.`id_user`, `cb`.`cabang` FROM `penjamin` AS `pe`
 INNER JOIN `costumer` AS `cos` ON pe.nik_costumer = cos.nik_costumer
 INNER JOIN `user` AS `us` ON us.id_user = cos.id_user
 INNER JOIN `cabang` AS `cb` ON cb.id_cabang = cos.id_cabang WHERE (us.id_user= '16') AND (cb.id_cabang = '29')
Params: []

2015-06-19T18:41:04+07:00 INFO (6): 
Elapsed Secs: 0.00159
Query: connect
Params: []

2015-06-19T18:41:04+07:00 INFO (6): 
Elapsed Secs: 0.00139
Query: DESCRIBE `penjamin`
Params: []

2015-06-19T18:41:04+07:00 INFO (6): 
Elapsed Secs: 0.00022
Query: connect
Params: []

2015-06-19T18:41:04+07:00 INFO (6): 
Elapsed Secs: 0.00038
Query: SELECT `pe`.*, `cos`.`id_cabang`, `cos`.`id_user`, `cb`.`cabang` FROM `penjamin` AS `pe`
 INNER JOIN `costumer` AS `cos` ON pe.nik_costumer = cos.nik_costumer
 INNER JOIN `user` AS `us` ON us.id_user = cos.id_user
 INNER JOIN `cabang` AS `cb` ON cb.id_cabang = cos.id_cabang WHERE (us.id_user= '16') AND (cb.id_cabang = '29')
Params: []

2015-06-19T18:41:09+07:00 INFO (6): 
Elapsed Secs: 0.00024
Query: connect
Params: []

2015-06-19T18:41:09+07:00 INFO (6): 
Elapsed Secs: 0.00103
Query: DESCRIBE `penjamin`
Params: []

2015-06-19T18:41:09+07:00 INFO (6): 
Elapsed Secs: 0.00022
Query: connect
Params: []

2015-06-19T18:41:09+07:00 INFO (6): 
Elapsed Secs: 0.0003
Query: SELECT `pe`.*, `cos`.`id_cabang`, `cos`.`id_user`, `cb`.`cabang` FROM `penjamin` AS `pe`
 INNER JOIN `costumer` AS `cos` ON pe.nik_costumer = cos.nik_costumer
 INNER JOIN `user` AS `us` ON us.id_user = cos.id_user
 INNER JOIN `cabang` AS `cb` ON cb.id_cabang = cos.id_cabang WHERE (us.id_user= '16') AND (cb.id_cabang = '29')
Params: []

2015-06-19T18:42:02+07:00 INFO (6): 
Elapsed Secs: 0.00025
Query: connect
Params: []

2015-06-19T18:42:02+07:00 INFO (6): 
Elapsed Secs: 0.001
Query: DESCRIBE `penjamin`
Params: []

2015-06-19T18:42:02+07:00 INFO (6): 
Elapsed Secs: 0.00021
Query: connect
Params: []

2015-06-19T18:42:02+07:00 INFO (6): 
Elapsed Secs: 0.00026
Query: SELECT `pe`.*, `cos`.`id_cabang`, `cos`.`id_user`, `cb`.`cabang` FROM `penjamin` AS `pe`
 INNER JOIN `costumer` AS `cos` ON pe.nik_costumer = cos.nik_costumer
 INNER JOIN `user` AS `us` ON us.id_user = cos.id_user
 INNER JOIN `cabang` AS `cb` ON cb.id_cabang = cos.id_cabang WHERE (us.id_user= '16') AND (cb.id_cabang = '29')
Params: []

2015-06-19T18:42:39+07:00 INFO (6): 
Elapsed Secs: 0.0004
Query: connect
Params: []

2015-06-19T18:42:39+07:00 INFO (6): 
Elapsed Secs: 0.00115
Query: DESCRIBE `penjamin`
Params: []

2015-06-19T18:42:39+07:00 INFO (6): 
Elapsed Secs: 0.00016
Query: connect
Params: []

2015-06-19T18:42:39+07:00 INFO (6): 
Elapsed Secs: 0.00025
Query: SELECT `pe`.*, `cos`.`id_cabang`, `cos`.`id_user`, `cb`.`cabang` FROM `penjamin` AS `pe`
 INNER JOIN `costumer` AS `cos` ON pe.nik_costumer = cos.nik_costumer
 INNER JOIN `user` AS `us` ON us.id_user = cos.id_user
 INNER JOIN `cabang` AS `cb` ON cb.id_cabang = cos.id_cabang
Params: []

2015-06-19T18:43:08+07:00 INFO (6): 
Elapsed Secs: 0.00028
Query: connect
Params: []

2015-06-19T18:43:08+07:00 INFO (6): 
Elapsed Secs: 0.0012
Query: DESCRIBE `penjamin`
Params: []

2015-06-19T18:43:08+07:00 INFO (6): 
Elapsed Secs: 0.00016
Query: connect
Params: []

2015-06-19T18:43:08+07:00 INFO (6): 
Elapsed Secs: 0.00029
Query: SELECT `pe`.*, `cos`.`id_cabang`, `cos`.`id_user`, `cb`.`cabang` FROM `penjamin` AS `pe`
 INNER JOIN `costumer` AS `cos` ON pe.nik_costumer = cos.nik_costumer
 INNER JOIN `user` AS `us` ON us.id_user = cos.id_user
 INNER JOIN `cabang` AS `cb` ON cb.id_cabang = cos.id_cabang
Params: []

2015-06-19T18:43:26+07:00 INFO (6): 
Elapsed Secs: 0.0005
Query: connect
Params: []

2015-06-19T18:43:26+07:00 INFO (6): 
Elapsed Secs: 0.00306
Query: DESCRIBE `penjamin`
Params: []

2015-06-19T18:43:26+07:00 INFO (6): 
Elapsed Secs: 0.00047
Query: connect
Params: []

2015-06-19T18:43:26+07:00 INFO (6): 
Elapsed Secs: 0.00086
Query: SELECT `pe`.*, `cos`.`id_cabang`, `cos`.`id_user`, `cb`.`cabang` FROM `penjamin` AS `pe`
 INNER JOIN `costumer` AS `cos` ON pe.nik_costumer = cos.nik_costumer
 INNER JOIN `user` AS `us` ON us.id_user = cos.id_user
 INNER JOIN `cabang` AS `cb` ON cb.id_cabang = cos.id_cabang
Params: []

2015-06-19T18:43:38+07:00 INFO (6): 
Elapsed Secs: 0.00298
Query: connect
Params: []

2015-06-19T18:43:38+07:00 INFO (6): 
Elapsed Secs: 0.00144
Query: DESCRIBE `penjamin`
Params: []

2015-06-19T18:43:38+07:00 INFO (6): 
Elapsed Secs: 0.00027
Query: connect
Params: []

2015-06-19T18:43:38+07:00 INFO (6): 
Elapsed Secs: 0.0004
Query: SELECT `pe`.*, `cos`.`id_cabang`, `cos`.`id_user`, `cb`.`cabang` FROM `penjamin` AS `pe`
 INNER JOIN `costumer` AS `cos` ON pe.nik_costumer = cos.nik_costumer
 INNER JOIN `user` AS `us` ON us.id_user = cos.id_user
 INNER JOIN `cabang` AS `cb` ON cb.id_cabang = cos.id_cabang
Params: []

2015-06-19T18:43:40+07:00 INFO (6): 
Elapsed Secs: 0.00031
Query: connect
Params: []

2015-06-19T18:43:40+07:00 INFO (6): 
Elapsed Secs: 0.00104
Query: DESCRIBE `penjamin`
Params: []

2015-06-19T18:43:40+07:00 INFO (6): 
Elapsed Secs: 0.00025
Query: connect
Params: []

2015-06-19T18:43:40+07:00 INFO (6): 
Elapsed Secs: 0.00027
Query: SELECT `pe`.*, `cos`.`id_cabang`, `cos`.`id_user`, `cb`.`cabang` FROM `penjamin` AS `pe`
 INNER JOIN `costumer` AS `cos` ON pe.nik_costumer = cos.nik_costumer
 INNER JOIN `user` AS `us` ON us.id_user = cos.id_user
 INNER JOIN `cabang` AS `cb` ON cb.id_cabang = cos.id_cabang
Params: []

2015-06-19T18:44:53+07:00 INFO (6): 
Elapsed Secs: 0.00114
Query: connect
Params: []

2015-06-19T18:44:53+07:00 INFO (6): 
Elapsed Secs: 0.00103
Query: DESCRIBE `penjamin`
Params: []

2015-06-19T18:44:53+07:00 INFO (6): 
Elapsed Secs: 0.00031
Query: connect
Params: []

2015-06-19T18:44:53+07:00 INFO (6): 
Elapsed Secs: 0.00028
Query: SELECT `pe`.*, `cos`.`id_cabang`, `cos`.`id_user`, `cb`.`cabang` FROM `penjamin` AS `pe`
 INNER JOIN `costumer` AS `cos` ON pe.nik_costumer = cos.nik_costumer
 INNER JOIN `user` AS `us` ON us.id_user = cos.id_user
 INNER JOIN `cabang` AS `cb` ON cb.id_cabang = cos.id_cabang
Params: []

2015-06-19T18:45:04+07:00 INFO (6): 
Elapsed Secs: 0.00108
Query: connect
Params: []

2015-06-19T18:45:04+07:00 INFO (6): 
Elapsed Secs: 0.00091
Query: DESCRIBE `penjamin`
Params: []

2015-06-19T18:45:04+07:00 INFO (6): 
Elapsed Secs: 0.00019
Query: connect
Params: []

2015-06-19T18:45:04+07:00 INFO (6): 
Elapsed Secs: 0.00026
Query: SELECT `pe`.*, `cos`.`id_cabang`, `cos`.`id_user`, `cb`.`cabang` FROM `penjamin` AS `pe`
 INNER JOIN `costumer` AS `cos` ON pe.nik_costumer = cos.nik_costumer
 INNER JOIN `user` AS `us` ON us.id_user = cos.id_user
 INNER JOIN `cabang` AS `cb` ON cb.id_cabang = cos.id_cabang WHERE (us.id_user= '16') AND (cb.id_cabang = '29')
Params: []

2015-06-19T18:45:42+07:00 INFO (6): 
Elapsed Secs: 0.00022
Query: connect
Params: []

2015-06-19T18:45:42+07:00 INFO (6): 
Elapsed Secs: 0.02589
Query: DESCRIBE `penjamin`
Params: []

2015-06-19T18:45:42+07:00 INFO (6): 
Elapsed Secs: 0.00029
Query: connect
Params: []

2015-06-19T18:45:42+07:00 INFO (6): 
Elapsed Secs: 0.00036
Query: SELECT `pe`.*, `cos`.`id_cabang`, `cos`.`id_user`, `cb`.`cabang` FROM `penjamin` AS `pe`
 INNER JOIN `costumer` AS `cos` ON pe.nik_costumer = cos.nik_costumer
 INNER JOIN `user` AS `us` ON us.id_user = cos.id_user
 INNER JOIN `cabang` AS `cb` ON cb.id_cabang = cos.id_cabang WHERE (us.id_user= '16') AND (cb.id_cabang = '29')
Params: []

2015-06-19T18:45:50+07:00 INFO (6): 
Elapsed Secs: 0.00025
Query: connect
Params: []

2015-06-19T18:45:50+07:00 INFO (6): 
Elapsed Secs: 0.0013
Query: DESCRIBE `penjamin`
Params: []

2015-06-19T18:45:50+07:00 INFO (6): 
Elapsed Secs: 0.00023
Query: connect
Params: []

2015-06-19T18:45:50+07:00 INFO (6): 
Elapsed Secs: 0.00034
Query: SELECT `pe`.*, `cos`.`id_cabang`, `cos`.`id_user`, `cb`.`cabang` FROM `penjamin` AS `pe`
 INNER JOIN `costumer` AS `cos` ON pe.nik_costumer = cos.nik_costumer
 INNER JOIN `user` AS `us` ON us.id_user = cos.id_user
 INNER JOIN `cabang` AS `cb` ON cb.id_cabang = cos.id_cabang WHERE (us.id_user= '16') AND (cb.id_cabang = '29')
Params: []

2015-06-19T18:45:52+07:00 INFO (6): 
Elapsed Secs: 0.00027
Query: connect
Params: []

2015-06-19T18:45:52+07:00 INFO (6): 
Elapsed Secs: 0.00112
Query: DESCRIBE `penjamin`
Params: []

2015-06-19T18:45:52+07:00 INFO (6): 
Elapsed Secs: 0.00032
Query: connect
Params: []

2015-06-19T18:45:52+07:00 INFO (6): 
Elapsed Secs: 0.00105
Query: SELECT `pe`.*, `cos`.`id_cabang`, `cos`.`id_user`, `cb`.`cabang` FROM `penjamin` AS `pe`
 INNER JOIN `costumer` AS `cos` ON pe.nik_costumer = cos.nik_costumer
 INNER JOIN `user` AS `us` ON us.id_user = cos.id_user
 INNER JOIN `cabang` AS `cb` ON cb.id_cabang = cos.id_cabang WHERE (us.id_user= '16') AND (cb.id_cabang = '29')
Params: []

2015-06-19T18:45:54+07:00 INFO (6): 
Elapsed Secs: 0.00029
Query: connect
Params: []

2015-06-19T18:45:54+07:00 INFO (6): 
Elapsed Secs: 0.00104
Query: DESCRIBE `costumer`
Params: []

2015-06-19T18:45:54+07:00 INFO (6): 
Elapsed Secs: 0.00023
Query: SELECT `cos`.`nik_costumer`, `cos`.`nama`, `cos`.`alamat`, `cos`.`jenis_kelamin`, `cos`.`tempat_lahir`, `cos`.`tanggal_lahir`, `cos`.`nama_ibu`, `cos`.`agama`, `cos`.`status`, `cos`.`pekerjaan`, `cos`.`alamat_tempat_kerja`, `cos`.`hp`, `cos`.`telpon`, `us`.`realname`, `cb`.`cabang` FROM `costumer` AS `cos`
 INNER JOIN `user` AS `us` ON cos.id_user=us.id_user
 INNER JOIN `cabang` AS `cb` ON us.id_cabang = cb.id_cabang WHERE (cos.id_user = '16')
Params: []

2015-06-19T18:45:58+07:00 INFO (6): 
Elapsed Secs: 0.00026
Query: connect
Params: []

2015-06-19T18:45:58+07:00 INFO (6): 
Elapsed Secs: 0.0013
Query: DESCRIBE `penjamin`
Params: []

2015-06-19T18:45:58+07:00 INFO (6): 
Elapsed Secs: 0.00024
Query: connect
Params: []

2015-06-19T18:45:58+07:00 INFO (6): 
Elapsed Secs: 0.00037
Query: SELECT `pe`.*, `cos`.`id_cabang`, `cos`.`id_user`, `cb`.`cabang` FROM `penjamin` AS `pe`
 INNER JOIN `costumer` AS `cos` ON pe.nik_costumer = cos.nik_costumer
 INNER JOIN `user` AS `us` ON us.id_user = cos.id_user
 INNER JOIN `cabang` AS `cb` ON cb.id_cabang = cos.id_cabang WHERE (us.id_user= '16') AND (cb.id_cabang = '29')
Params: []

2015-06-19T18:46:04+07:00 INFO (6): 
Elapsed Secs: 0.00025
Query: connect
Params: []

2015-06-19T18:46:04+07:00 INFO (6): 
Elapsed Secs: 0.00114
Query: DESCRIBE `penjamin`
Params: []

2015-06-19T18:46:04+07:00 INFO (6): 
Elapsed Secs: 0.00019
Query: connect
Params: []

2015-06-19T18:46:04+07:00 INFO (6): 
Elapsed Secs: 0.00028
Query: SELECT `pe`.*, `cos`.`id_cabang`, `cos`.`id_user`, `cb`.`cabang` FROM `penjamin` AS `pe`
 INNER JOIN `costumer` AS `cos` ON pe.nik_costumer = cos.nik_costumer
 INNER JOIN `user` AS `us` ON us.id_user = cos.id_user
 INNER JOIN `cabang` AS `cb` ON cb.id_cabang = cos.id_cabang WHERE (us.id_user= '16') AND (cb.id_cabang = '29')
Params: []

2015-06-19T18:46:08+07:00 INFO (6): 
Elapsed Secs: 0.0003
Query: connect
Params: []

2015-06-19T18:46:08+07:00 INFO (6): 
Elapsed Secs: 0.00101
Query: DESCRIBE `penjamin`
Params: []

2015-06-19T18:46:08+07:00 INFO (6): 
Elapsed Secs: 0.00022
Query: connect
Params: []

2015-06-19T18:46:08+07:00 INFO (6): 
Elapsed Secs: 0.00033
Query: SELECT `pe`.*, `cos`.`id_cabang`, `cos`.`id_user`, `cb`.`cabang` FROM `penjamin` AS `pe`
 INNER JOIN `costumer` AS `cos` ON pe.nik_costumer = cos.nik_costumer
 INNER JOIN `user` AS `us` ON us.id_user = cos.id_user
 INNER JOIN `cabang` AS `cb` ON cb.id_cabang = cos.id_cabang WHERE (us.id_user= '16') AND (cb.id_cabang = '29')
Params: []

2015-06-19T18:46:21+07:00 INFO (6): 
Elapsed Secs: 0.00023
Query: connect
Params: []

2015-06-19T18:46:21+07:00 INFO (6): 
Elapsed Secs: 0.00099
Query: DESCRIBE `penjamin`
Params: []

2015-06-19T18:46:21+07:00 INFO (6): 
Elapsed Secs: 0.0002
Query: connect
Params: []

2015-06-19T18:46:21+07:00 INFO (6): 
Elapsed Secs: 0.00029
Query: SELECT `pe`.*, `cos`.`id_cabang`, `cos`.`id_user`, `cb`.`cabang` FROM `penjamin` AS `pe`
 INNER JOIN `costumer` AS `cos` ON pe.nik_costumer = cos.nik_costumer
 INNER JOIN `user` AS `us` ON us.id_user = cos.id_user
 INNER JOIN `cabang` AS `cb` ON cb.id_cabang = cos.id_cabang WHERE (us.id_user= '16') AND (cb.id_cabang = '29')
Params: []

2015-06-19T18:46:33+07:00 INFO (6): 
Elapsed Secs: 0.00021
Query: connect
Params: []

2015-06-19T18:46:33+07:00 INFO (6): 
Elapsed Secs: 0.00101
Query: DESCRIBE `penjamin`
Params: []

2015-06-19T18:46:33+07:00 INFO (6): 
Elapsed Secs: 0.00015
Query: connect
Params: []

2015-06-19T18:46:33+07:00 INFO (6): 
Elapsed Secs: 0.00031
Query: SELECT `pe`.*, `cos`.`id_cabang`, `cos`.`id_user`, `cb`.`cabang` FROM `penjamin` AS `pe`
 INNER JOIN `costumer` AS `cos` ON pe.nik_costumer = cos.nik_costumer
 INNER JOIN `user` AS `us` ON us.id_user = cos.id_user
 INNER JOIN `cabang` AS `cb` ON cb.id_cabang = cos.id_cabang WHERE (us.id_user= '16') AND (cb.id_cabang = '29')
Params: []

2015-06-19T18:46:42+07:00 INFO (6): 
Elapsed Secs: 0.00023
Query: connect
Params: []

2015-06-19T18:46:42+07:00 INFO (6): 
Elapsed Secs: 0.00104
Query: DESCRIBE `penjamin`
Params: []

2015-06-19T18:46:42+07:00 INFO (6): 
Elapsed Secs: 0.00017
Query: connect
Params: []

2015-06-19T18:46:42+07:00 INFO (6): 
Elapsed Secs: 0.00027
Query: SELECT `pe`.*, `cos`.`id_cabang`, `cos`.`id_user`, `cb`.`cabang` FROM `penjamin` AS `pe`
 INNER JOIN `costumer` AS `cos` ON pe.nik_costumer = cos.nik_costumer
 INNER JOIN `user` AS `us` ON us.id_user = cos.id_user
 INNER JOIN `cabang` AS `cb` ON cb.id_cabang = cos.id_cabang
Params: []

2015-06-19T18:46:44+07:00 INFO (6): 
Elapsed Secs: 0.00019
Query: connect
Params: []

2015-06-19T18:46:44+07:00 INFO (6): 
Elapsed Secs: 0.00098
Query: DESCRIBE `penjamin`
Params: []

2015-06-19T18:46:44+07:00 INFO (6): 
Elapsed Secs: 0.00014
Query: connect
Params: []

2015-06-19T18:46:44+07:00 INFO (6): 
Elapsed Secs: 0.00044
Query: SELECT `pe`.*, `cos`.`id_cabang`, `cos`.`id_user`, `cb`.`cabang` FROM `penjamin` AS `pe`
 INNER JOIN `costumer` AS `cos` ON pe.nik_costumer = cos.nik_costumer
 INNER JOIN `user` AS `us` ON us.id_user = cos.id_user
 INNER JOIN `cabang` AS `cb` ON cb.id_cabang = cos.id_cabang WHERE (us.id_user= '16') AND (cb.id_cabang = '29')
Params: []

2015-06-19T18:46:46+07:00 INFO (6): 
Elapsed Secs: 0.00028
Query: connect
Params: []

2015-06-19T18:46:46+07:00 INFO (6): 
Elapsed Secs: 0.00145
Query: DESCRIBE `penjamin`
Params: []

2015-06-19T18:46:46+07:00 INFO (6): 
Elapsed Secs: 0.00027
Query: connect
Params: []

2015-06-19T18:46:46+07:00 INFO (6): 
Elapsed Secs: 0.00038
Query: SELECT `pe`.*, `cos`.`id_cabang`, `cos`.`id_user`, `cb`.`cabang` FROM `penjamin` AS `pe`
 INNER JOIN `costumer` AS `cos` ON pe.nik_costumer = cos.nik_costumer
 INNER JOIN `user` AS `us` ON us.id_user = cos.id_user
 INNER JOIN `cabang` AS `cb` ON cb.id_cabang = cos.id_cabang
Params: []

2015-06-19T18:46:50+07:00 INFO (6): 
Elapsed Secs: 0.00027
Query: connect
Params: []

2015-06-19T18:46:50+07:00 INFO (6): 
Elapsed Secs: 0.00111
Query: DESCRIBE `penjamin`
Params: []

2015-06-19T18:46:50+07:00 INFO (6): 
Elapsed Secs: 0.00021
Query: connect
Params: []

2015-06-19T18:46:50+07:00 INFO (6): 
Elapsed Secs: 0.00031
Query: SELECT `pe`.*, `cos`.`id_cabang`, `cos`.`id_user`, `cb`.`cabang` FROM `penjamin` AS `pe`
 INNER JOIN `costumer` AS `cos` ON pe.nik_costumer = cos.nik_costumer
 INNER JOIN `user` AS `us` ON us.id_user = cos.id_user
 INNER JOIN `cabang` AS `cb` ON cb.id_cabang = cos.id_cabang WHERE (us.id_user= '16') AND (cb.id_cabang = '29')
Params: []

2015-06-19T18:46:55+07:00 INFO (6): 
Elapsed Secs: 0.00111
Query: connect
Params: []

2015-06-19T18:46:55+07:00 INFO (6): 
Elapsed Secs: 0.001
Query: DESCRIBE `penjamin`
Params: []

2015-06-19T18:46:55+07:00 INFO (6): 
Elapsed Secs: 0.00018
Query: connect
Params: []

2015-06-19T18:46:55+07:00 INFO (6): 
Elapsed Secs: 0.00026
Query: SELECT `pe`.*, `cos`.`id_cabang`, `cos`.`id_user`, `cb`.`cabang` FROM `penjamin` AS `pe`
 INNER JOIN `costumer` AS `cos` ON pe.nik_costumer = cos.nik_costumer
 INNER JOIN `user` AS `us` ON us.id_user = cos.id_user
 INNER JOIN `cabang` AS `cb` ON cb.id_cabang = cos.id_cabang
Params: []

2015-06-19T18:46:56+07:00 INFO (6): 
Elapsed Secs: 0.00024
Query: connect
Params: []

2015-06-19T18:46:56+07:00 INFO (6): 
Elapsed Secs: 0.0013
Query: DESCRIBE `penjamin`
Params: []

2015-06-19T18:46:56+07:00 INFO (6): 
Elapsed Secs: 0.00022
Query: connect
Params: []

2015-06-19T18:46:56+07:00 INFO (6): 
Elapsed Secs: 0.00036
Query: SELECT `pe`.*, `cos`.`id_cabang`, `cos`.`id_user`, `cb`.`cabang` FROM `penjamin` AS `pe`
 INNER JOIN `costumer` AS `cos` ON pe.nik_costumer = cos.nik_costumer
 INNER JOIN `user` AS `us` ON us.id_user = cos.id_user
 INNER JOIN `cabang` AS `cb` ON cb.id_cabang = cos.id_cabang WHERE (us.id_user= '16') AND (cb.id_cabang = '29')
Params: []

2015-06-19T18:46:57+07:00 INFO (6): 
Elapsed Secs: 0.00023
Query: connect
Params: []

2015-06-19T18:46:57+07:00 INFO (6): 
Elapsed Secs: 0.00094
Query: DESCRIBE `penjamin`
Params: []

2015-06-19T18:46:57+07:00 INFO (6): 
Elapsed Secs: 0.00016
Query: connect
Params: []

2015-06-19T18:46:57+07:00 INFO (6): 
Elapsed Secs: 0.0003
Query: SELECT `pe`.*, `cos`.`id_cabang`, `cos`.`id_user`, `cb`.`cabang` FROM `penjamin` AS `pe`
 INNER JOIN `costumer` AS `cos` ON pe.nik_costumer = cos.nik_costumer
 INNER JOIN `user` AS `us` ON us.id_user = cos.id_user
 INNER JOIN `cabang` AS `cb` ON cb.id_cabang = cos.id_cabang
Params: []

2015-06-19T18:46:59+07:00 INFO (6): 
Elapsed Secs: 0.00025
Query: connect
Params: []

2015-06-19T18:46:59+07:00 INFO (6): 
Elapsed Secs: 0.00096
Query: DESCRIBE `penjamin`
Params: []

2015-06-19T18:46:59+07:00 INFO (6): 
Elapsed Secs: 0.00017
Query: connect
Params: []

2015-06-19T18:46:59+07:00 INFO (6): 
Elapsed Secs: 0.00033
Query: SELECT `pe`.*, `cos`.`id_cabang`, `cos`.`id_user`, `cb`.`cabang` FROM `penjamin` AS `pe`
 INNER JOIN `costumer` AS `cos` ON pe.nik_costumer = cos.nik_costumer
 INNER JOIN `user` AS `us` ON us.id_user = cos.id_user
 INNER JOIN `cabang` AS `cb` ON cb.id_cabang = cos.id_cabang WHERE (us.id_user= '16') AND (cb.id_cabang = '29')
Params: []

2015-06-19T18:47:00+07:00 INFO (6): 
Elapsed Secs: 0.00022
Query: connect
Params: []

2015-06-19T18:47:00+07:00 INFO (6): 
Elapsed Secs: 0.00103
Query: DESCRIBE `penjamin`
Params: []

2015-06-19T18:47:00+07:00 INFO (6): 
Elapsed Secs: 0.0002
Query: connect
Params: []

2015-06-19T18:47:00+07:00 INFO (6): 
Elapsed Secs: 0.00023
Query: SELECT `pe`.*, `cos`.`id_cabang`, `cos`.`id_user`, `cb`.`cabang` FROM `penjamin` AS `pe`
 INNER JOIN `costumer` AS `cos` ON pe.nik_costumer = cos.nik_costumer
 INNER JOIN `user` AS `us` ON us.id_user = cos.id_user
 INNER JOIN `cabang` AS `cb` ON cb.id_cabang = cos.id_cabang
Params: []

2015-06-19T18:47:01+07:00 INFO (6): 
Elapsed Secs: 0.00036
Query: connect
Params: []

2015-06-19T18:47:01+07:00 INFO (6): 
Elapsed Secs: 0.00108
Query: DESCRIBE `penjamin`
Params: []

2015-06-19T18:47:01+07:00 INFO (6): 
Elapsed Secs: 0.00016
Query: connect
Params: []

2015-06-19T18:47:01+07:00 INFO (6): 
Elapsed Secs: 0.00032
Query: SELECT `pe`.*, `cos`.`id_cabang`, `cos`.`id_user`, `cb`.`cabang` FROM `penjamin` AS `pe`
 INNER JOIN `costumer` AS `cos` ON pe.nik_costumer = cos.nik_costumer
 INNER JOIN `user` AS `us` ON us.id_user = cos.id_user
 INNER JOIN `cabang` AS `cb` ON cb.id_cabang = cos.id_cabang WHERE (us.id_user= '16') AND (cb.id_cabang = '29')
Params: []

2015-06-19T18:47:02+07:00 INFO (6): 
Elapsed Secs: 0.00024
Query: connect
Params: []

2015-06-19T18:47:02+07:00 INFO (6): 
Elapsed Secs: 0.00126
Query: DESCRIBE `penjamin`
Params: []

2015-06-19T18:47:02+07:00 INFO (6): 
Elapsed Secs: 0.00024
Query: connect
Params: []

2015-06-19T18:47:02+07:00 INFO (6): 
Elapsed Secs: 0.00036
Query: SELECT `pe`.*, `cos`.`id_cabang`, `cos`.`id_user`, `cb`.`cabang` FROM `penjamin` AS `pe`
 INNER JOIN `costumer` AS `cos` ON pe.nik_costumer = cos.nik_costumer
 INNER JOIN `user` AS `us` ON us.id_user = cos.id_user
 INNER JOIN `cabang` AS `cb` ON cb.id_cabang = cos.id_cabang
Params: []

2015-06-19T18:47:03+07:00 INFO (6): 
Elapsed Secs: 0.00025
Query: connect
Params: []

2015-06-19T18:47:03+07:00 INFO (6): 
Elapsed Secs: 0.00125
Query: DESCRIBE `penjamin`
Params: []

2015-06-19T18:47:03+07:00 INFO (6): 
Elapsed Secs: 0.00019
Query: connect
Params: []

2015-06-19T18:47:03+07:00 INFO (6): 
Elapsed Secs: 0.00032
Query: SELECT `pe`.*, `cos`.`id_cabang`, `cos`.`id_user`, `cb`.`cabang` FROM `penjamin` AS `pe`
 INNER JOIN `costumer` AS `cos` ON pe.nik_costumer = cos.nik_costumer
 INNER JOIN `user` AS `us` ON us.id_user = cos.id_user
 INNER JOIN `cabang` AS `cb` ON cb.id_cabang = cos.id_cabang WHERE (us.id_user= '16') AND (cb.id_cabang = '29')
Params: []

2015-06-19T18:47:06+07:00 INFO (6): 
Elapsed Secs: 0.00018
Query: connect
Params: []

2015-06-19T18:47:06+07:00 INFO (6): 
Elapsed Secs: 0.0012
Query: DESCRIBE `penjamin`
Params: []

2015-06-19T18:47:06+07:00 INFO (6): 
Elapsed Secs: 0.00015
Query: connect
Params: []

2015-06-19T18:47:06+07:00 INFO (6): 
Elapsed Secs: 0.00027
Query: SELECT `pe`.*, `cos`.`id_cabang`, `cos`.`id_user`, `cb`.`cabang` FROM `penjamin` AS `pe`
 INNER JOIN `costumer` AS `cos` ON pe.nik_costumer = cos.nik_costumer
 INNER JOIN `user` AS `us` ON us.id_user = cos.id_user
 INNER JOIN `cabang` AS `cb` ON cb.id_cabang = cos.id_cabang
Params: []

2015-06-19T18:47:07+07:00 INFO (6): 
Elapsed Secs: 0.00028
Query: connect
Params: []

2015-06-19T18:47:07+07:00 INFO (6): 
Elapsed Secs: 0.00132
Query: DESCRIBE `penjamin`
Params: []

2015-06-19T18:47:07+07:00 INFO (6): 
Elapsed Secs: 0.00023
Query: connect
Params: []

2015-06-19T18:47:07+07:00 INFO (6): 
Elapsed Secs: 0.00032
Query: SELECT `pe`.*, `cos`.`id_cabang`, `cos`.`id_user`, `cb`.`cabang` FROM `penjamin` AS `pe`
 INNER JOIN `costumer` AS `cos` ON pe.nik_costumer = cos.nik_costumer
 INNER JOIN `user` AS `us` ON us.id_user = cos.id_user
 INNER JOIN `cabang` AS `cb` ON cb.id_cabang = cos.id_cabang WHERE (us.id_user= '16') AND (cb.id_cabang = '29')
Params: []

2015-06-19T18:47:08+07:00 INFO (6): 
Elapsed Secs: 0.00025
Query: connect
Params: []

2015-06-19T18:47:08+07:00 INFO (6): 
Elapsed Secs: 0.02659
Query: DESCRIBE `penjamin`
Params: []

2015-06-19T18:47:08+07:00 INFO (6): 
Elapsed Secs: 0.00027
Query: connect
Params: []

2015-06-19T18:47:08+07:00 INFO (6): 
Elapsed Secs: 0.00035
Query: SELECT `pe`.*, `cos`.`id_cabang`, `cos`.`id_user`, `cb`.`cabang` FROM `penjamin` AS `pe`
 INNER JOIN `costumer` AS `cos` ON pe.nik_costumer = cos.nik_costumer
 INNER JOIN `user` AS `us` ON us.id_user = cos.id_user
 INNER JOIN `cabang` AS `cb` ON cb.id_cabang = cos.id_cabang
Params: []

2015-06-19T18:47:09+07:00 INFO (6): 
Elapsed Secs: 0.0002
Query: connect
Params: []

2015-06-19T18:47:09+07:00 INFO (6): 
Elapsed Secs: 0.00103
Query: DESCRIBE `penjamin`
Params: []

2015-06-19T18:47:09+07:00 INFO (6): 
Elapsed Secs: 0.00017
Query: connect
Params: []

2015-06-19T18:47:09+07:00 INFO (6): 
Elapsed Secs: 0.0003
Query: SELECT `pe`.*, `cos`.`id_cabang`, `cos`.`id_user`, `cb`.`cabang` FROM `penjamin` AS `pe`
 INNER JOIN `costumer` AS `cos` ON pe.nik_costumer = cos.nik_costumer
 INNER JOIN `user` AS `us` ON us.id_user = cos.id_user
 INNER JOIN `cabang` AS `cb` ON cb.id_cabang = cos.id_cabang WHERE (us.id_user= '16') AND (cb.id_cabang = '29')
Params: []

2015-06-19T18:47:11+07:00 INFO (6): 
Elapsed Secs: 0.00033
Query: connect
Params: []

2015-06-19T18:47:11+07:00 INFO (6): 
Elapsed Secs: 0.00145
Query: DESCRIBE `penjamin`
Params: []

2015-06-19T18:47:11+07:00 INFO (6): 
Elapsed Secs: 0.00025
Query: connect
Params: []

2015-06-19T18:47:11+07:00 INFO (6): 
Elapsed Secs: 0.00048
Query: SELECT `pe`.*, `cos`.`id_cabang`, `cos`.`id_user`, `cb`.`cabang` FROM `penjamin` AS `pe`
 INNER JOIN `costumer` AS `cos` ON pe.nik_costumer = cos.nik_costumer
 INNER JOIN `user` AS `us` ON us.id_user = cos.id_user
 INNER JOIN `cabang` AS `cb` ON cb.id_cabang = cos.id_cabang
Params: []

2015-06-19T18:47:12+07:00 INFO (6): 
Elapsed Secs: 0.00026
Query: connect
Params: []

2015-06-19T18:47:12+07:00 INFO (6): 
Elapsed Secs: 0.00119
Query: DESCRIBE `penjamin`
Params: []

2015-06-19T18:47:12+07:00 INFO (6): 
Elapsed Secs: 0.00019
Query: connect
Params: []

2015-06-19T18:47:12+07:00 INFO (6): 
Elapsed Secs: 0.00032
Query: SELECT `pe`.*, `cos`.`id_cabang`, `cos`.`id_user`, `cb`.`cabang` FROM `penjamin` AS `pe`
 INNER JOIN `costumer` AS `cos` ON pe.nik_costumer = cos.nik_costumer
 INNER JOIN `user` AS `us` ON us.id_user = cos.id_user
 INNER JOIN `cabang` AS `cb` ON cb.id_cabang = cos.id_cabang WHERE (us.id_user= '16') AND (cb.id_cabang = '29')
Params: []

2015-06-19T18:47:14+07:00 INFO (6): 
Elapsed Secs: 0.00032
Query: connect
Params: []

2015-06-19T18:47:14+07:00 INFO (6): 
Elapsed Secs: 0.00153
Query: DESCRIBE `penjamin`
Params: []

2015-06-19T18:47:14+07:00 INFO (6): 
Elapsed Secs: 0.00029
Query: connect
Params: []

2015-06-19T18:47:14+07:00 INFO (6): 
Elapsed Secs: 0.0004
Query: SELECT `pe`.*, `cos`.`id_cabang`, `cos`.`id_user`, `cb`.`cabang` FROM `penjamin` AS `pe`
 INNER JOIN `costumer` AS `cos` ON pe.nik_costumer = cos.nik_costumer
 INNER JOIN `user` AS `us` ON us.id_user = cos.id_user
 INNER JOIN `cabang` AS `cb` ON cb.id_cabang = cos.id_cabang
Params: []

2015-06-19T18:47:15+07:00 INFO (6): 
Elapsed Secs: 0.00023
Query: connect
Params: []

2015-06-19T18:47:15+07:00 INFO (6): 
Elapsed Secs: 0.001
Query: DESCRIBE `penjamin`
Params: []

2015-06-19T18:47:15+07:00 INFO (6): 
Elapsed Secs: 0.00014
Query: connect
Params: []

2015-06-19T18:47:15+07:00 INFO (6): 
Elapsed Secs: 0.00024
Query: SELECT `pe`.*, `cos`.`id_cabang`, `cos`.`id_user`, `cb`.`cabang` FROM `penjamin` AS `pe`
 INNER JOIN `costumer` AS `cos` ON pe.nik_costumer = cos.nik_costumer
 INNER JOIN `user` AS `us` ON us.id_user = cos.id_user
 INNER JOIN `cabang` AS `cb` ON cb.id_cabang = cos.id_cabang WHERE (us.id_user= '16') AND (cb.id_cabang = '29')
Params: []

2015-06-19T18:47:17+07:00 INFO (6): 
Elapsed Secs: 0.0003
Query: connect
Params: []

2015-06-19T18:47:17+07:00 INFO (6): 
Elapsed Secs: 0.00113
Query: DESCRIBE `penjamin`
Params: []

2015-06-19T18:47:17+07:00 INFO (6): 
Elapsed Secs: 0.00021
Query: connect
Params: []

2015-06-19T18:47:17+07:00 INFO (6): 
Elapsed Secs: 0.0003
Query: SELECT `pe`.*, `cos`.`id_cabang`, `cos`.`id_user`, `cb`.`cabang` FROM `penjamin` AS `pe`
 INNER JOIN `costumer` AS `cos` ON pe.nik_costumer = cos.nik_costumer
 INNER JOIN `user` AS `us` ON us.id_user = cos.id_user
 INNER JOIN `cabang` AS `cb` ON cb.id_cabang = cos.id_cabang
Params: []

2015-06-19T18:47:30+07:00 INFO (6): 
Elapsed Secs: 0.00022
Query: connect
Params: []

2015-06-19T18:47:30+07:00 INFO (6): 
Elapsed Secs: 0.00111
Query: DESCRIBE `penjamin`
Params: []

2015-06-19T18:47:30+07:00 INFO (6): 
Elapsed Secs: 0.00015
Query: connect
Params: []

2015-06-19T18:47:30+07:00 INFO (6): 
Elapsed Secs: 0.00024
Query: SELECT `pe`.*, `cos`.`id_cabang`, `cos`.`id_user`, `cb`.`cabang` FROM `penjamin` AS `pe`
 INNER JOIN `costumer` AS `cos` ON pe.nik_costumer = cos.nik_costumer
 INNER JOIN `user` AS `us` ON us.id_user = cos.id_user
 INNER JOIN `cabang` AS `cb` ON cb.id_cabang = cos.id_cabang
Params: []

2015-06-19T18:47:32+07:00 INFO (6): 
Elapsed Secs: 0.00032
Query: connect
Params: []

2015-06-19T18:47:32+07:00 INFO (6): 
Elapsed Secs: 0.00124
Query: DESCRIBE `penjamin`
Params: []

2015-06-19T18:47:32+07:00 INFO (6): 
Elapsed Secs: 0.00016
Query: connect
Params: []

2015-06-19T18:47:32+07:00 INFO (6): 
Elapsed Secs: 0.00029
Query: SELECT `pe`.*, `cos`.`id_cabang`, `cos`.`id_user`, `cb`.`cabang` FROM `penjamin` AS `pe`
 INNER JOIN `costumer` AS `cos` ON pe.nik_costumer = cos.nik_costumer
 INNER JOIN `user` AS `us` ON us.id_user = cos.id_user
 INNER JOIN `cabang` AS `cb` ON cb.id_cabang = cos.id_cabang WHERE (us.id_user= '16') AND (cb.id_cabang = '29')
Params: []

2015-06-19T18:47:33+07:00 INFO (6): 
Elapsed Secs: 0.00025
Query: connect
Params: []

2015-06-19T18:47:33+07:00 INFO (6): 
Elapsed Secs: 0.00114
Query: DESCRIBE `penjamin`
Params: []

2015-06-19T18:47:33+07:00 INFO (6): 
Elapsed Secs: 0.00023
Query: connect
Params: []

2015-06-19T18:47:33+07:00 INFO (6): 
Elapsed Secs: 0.00029
Query: SELECT `pe`.*, `cos`.`id_cabang`, `cos`.`id_user`, `cb`.`cabang` FROM `penjamin` AS `pe`
 INNER JOIN `costumer` AS `cos` ON pe.nik_costumer = cos.nik_costumer
 INNER JOIN `user` AS `us` ON us.id_user = cos.id_user
 INNER JOIN `cabang` AS `cb` ON cb.id_cabang = cos.id_cabang
Params: []

2015-06-19T18:47:34+07:00 INFO (6): 
Elapsed Secs: 0.00027
Query: connect
Params: []

2015-06-19T18:47:34+07:00 INFO (6): 
Elapsed Secs: 0.00253
Query: DESCRIBE `penjamin`
Params: []

2015-06-19T18:47:34+07:00 INFO (6): 
Elapsed Secs: 0.00028
Query: connect
Params: []

2015-06-19T18:47:34+07:00 INFO (6): 
Elapsed Secs: 0.00032
Query: SELECT `pe`.*, `cos`.`id_cabang`, `cos`.`id_user`, `cb`.`cabang` FROM `penjamin` AS `pe`
 INNER JOIN `costumer` AS `cos` ON pe.nik_costumer = cos.nik_costumer
 INNER JOIN `user` AS `us` ON us.id_user = cos.id_user
 INNER JOIN `cabang` AS `cb` ON cb.id_cabang = cos.id_cabang WHERE (us.id_user= '16') AND (cb.id_cabang = '29')
Params: []

2015-06-19T18:47:35+07:00 INFO (6): 
Elapsed Secs: 0.00027
Query: connect
Params: []

2015-06-19T18:47:35+07:00 INFO (6): 
Elapsed Secs: 0.00129
Query: DESCRIBE `penjamin`
Params: []

2015-06-19T18:47:35+07:00 INFO (6): 
Elapsed Secs: 0.00022
Query: connect
Params: []

2015-06-19T18:47:35+07:00 INFO (6): 
Elapsed Secs: 0.0004
Query: SELECT `pe`.*, `cos`.`id_cabang`, `cos`.`id_user`, `cb`.`cabang` FROM `penjamin` AS `pe`
 INNER JOIN `costumer` AS `cos` ON pe.nik_costumer = cos.nik_costumer
 INNER JOIN `user` AS `us` ON us.id_user = cos.id_user
 INNER JOIN `cabang` AS `cb` ON cb.id_cabang = cos.id_cabang
Params: []

2015-06-19T18:47:36+07:00 INFO (6): 
Elapsed Secs: 0.00029
Query: connect
Params: []

2015-06-19T18:47:36+07:00 INFO (6): 
Elapsed Secs: 0.00103
Query: DESCRIBE `penjamin`
Params: []

2015-06-19T18:47:36+07:00 INFO (6): 
Elapsed Secs: 0.00015
Query: connect
Params: []

2015-06-19T18:47:36+07:00 INFO (6): 
Elapsed Secs: 0.00028
Query: SELECT `pe`.*, `cos`.`id_cabang`, `cos`.`id_user`, `cb`.`cabang` FROM `penjamin` AS `pe`
 INNER JOIN `costumer` AS `cos` ON pe.nik_costumer = cos.nik_costumer
 INNER JOIN `user` AS `us` ON us.id_user = cos.id_user
 INNER JOIN `cabang` AS `cb` ON cb.id_cabang = cos.id_cabang WHERE (us.id_user= '16') AND (cb.id_cabang = '29')
Params: []

2015-06-19T18:47:37+07:00 INFO (6): 
Elapsed Secs: 0.0003
Query: connect
Params: []

2015-06-19T18:47:37+07:00 INFO (6): 
Elapsed Secs: 0.00099
Query: DESCRIBE `penjamin`
Params: []

2015-06-19T18:47:37+07:00 INFO (6): 
Elapsed Secs: 0.0002
Query: connect
Params: []

2015-06-19T18:47:37+07:00 INFO (6): 
Elapsed Secs: 0.00028
Query: SELECT `pe`.*, `cos`.`id_cabang`, `cos`.`id_user`, `cb`.`cabang` FROM `penjamin` AS `pe`
 INNER JOIN `costumer` AS `cos` ON pe.nik_costumer = cos.nik_costumer
 INNER JOIN `user` AS `us` ON us.id_user = cos.id_user
 INNER JOIN `cabang` AS `cb` ON cb.id_cabang = cos.id_cabang
Params: []

2015-06-19T18:47:39+07:00 INFO (6): 
Elapsed Secs: 0.00024
Query: connect
Params: []

2015-06-19T18:47:39+07:00 INFO (6): 
Elapsed Secs: 0.00126
Query: DESCRIBE `penjamin`
Params: []

2015-06-19T18:47:39+07:00 INFO (6): 
Elapsed Secs: 0.00016
Query: connect
Params: []

2015-06-19T18:47:39+07:00 INFO (6): 
Elapsed Secs: 0.00032
Query: SELECT `pe`.*, `cos`.`id_cabang`, `cos`.`id_user`, `cb`.`cabang` FROM `penjamin` AS `pe`
 INNER JOIN `costumer` AS `cos` ON pe.nik_costumer = cos.nik_costumer
 INNER JOIN `user` AS `us` ON us.id_user = cos.id_user
 INNER JOIN `cabang` AS `cb` ON cb.id_cabang = cos.id_cabang WHERE (us.id_user= '16') AND (cb.id_cabang = '29')
Params: []

2015-06-19T18:47:43+07:00 INFO (6): 
Elapsed Secs: 0.00043
Query: connect
Params: []

2015-06-19T18:47:43+07:00 INFO (6): 
Elapsed Secs: 0.003
Query: DESCRIBE `penjamin`
Params: []

2015-06-19T18:47:43+07:00 INFO (6): 
Elapsed Secs: 0.00026
Query: connect
Params: []

2015-06-19T18:47:43+07:00 INFO (6): 
Elapsed Secs: 0.00047
Query: SELECT `pe`.*, `cos`.`id_cabang`, `cos`.`id_user`, `cb`.`cabang` FROM `penjamin` AS `pe`
 INNER JOIN `costumer` AS `cos` ON pe.nik_costumer = cos.nik_costumer
 INNER JOIN `user` AS `us` ON us.id_user = cos.id_user
 INNER JOIN `cabang` AS `cb` ON cb.id_cabang = cos.id_cabang
Params: []

2015-06-19T18:47:48+07:00 INFO (6): 
Elapsed Secs: 0.00023
Query: connect
Params: []

2015-06-19T18:47:48+07:00 INFO (6): 
Elapsed Secs: 0.00107
Query: DESCRIBE `penjamin`
Params: []

2015-06-19T18:47:48+07:00 INFO (6): 
Elapsed Secs: 0.00019
Query: connect
Params: []

2015-06-19T18:47:48+07:00 INFO (6): 
Elapsed Secs: 0.00028
Query: SELECT `pe`.*, `cos`.`id_cabang`, `cos`.`id_user`, `cb`.`cabang` FROM `penjamin` AS `pe`
 INNER JOIN `costumer` AS `cos` ON pe.nik_costumer = cos.nik_costumer
 INNER JOIN `user` AS `us` ON us.id_user = cos.id_user
 INNER JOIN `cabang` AS `cb` ON cb.id_cabang = cos.id_cabang WHERE (us.id_user= '16') AND (cb.id_cabang = '29')
Params: []

2015-06-19T18:47:48+07:00 INFO (6): 
Elapsed Secs: 0.00025
Query: connect
Params: []

2015-06-19T18:47:48+07:00 INFO (6): 
Elapsed Secs: 0.0015
Query: DESCRIBE `penjamin`
Params: []

2015-06-19T18:47:48+07:00 INFO (6): 
Elapsed Secs: 0.00024
Query: connect
Params: []

2015-06-19T18:47:48+07:00 INFO (6): 
Elapsed Secs: 0.00049
Query: SELECT `pe`.*, `cos`.`id_cabang`, `cos`.`id_user`, `cb`.`cabang` FROM `penjamin` AS `pe`
 INNER JOIN `costumer` AS `cos` ON pe.nik_costumer = cos.nik_costumer
 INNER JOIN `user` AS `us` ON us.id_user = cos.id_user
 INNER JOIN `cabang` AS `cb` ON cb.id_cabang = cos.id_cabang
Params: []

2015-06-19T18:47:49+07:00 INFO (6): 
Elapsed Secs: 0.00021
Query: connect
Params: []

2015-06-19T18:47:49+07:00 INFO (6): 
Elapsed Secs: 0.00103
Query: DESCRIBE `penjamin`
Params: []

2015-06-19T18:47:49+07:00 INFO (6): 
Elapsed Secs: 0.00019
Query: connect
Params: []

2015-06-19T18:47:49+07:00 INFO (6): 
Elapsed Secs: 0.00027
Query: SELECT `pe`.*, `cos`.`id_cabang`, `cos`.`id_user`, `cb`.`cabang` FROM `penjamin` AS `pe`
 INNER JOIN `costumer` AS `cos` ON pe.nik_costumer = cos.nik_costumer
 INNER JOIN `user` AS `us` ON us.id_user = cos.id_user
 INNER JOIN `cabang` AS `cb` ON cb.id_cabang = cos.id_cabang WHERE (us.id_user= '16') AND (cb.id_cabang = '29')
Params: []

2015-06-19T18:47:50+07:00 INFO (6): 
Elapsed Secs: 0.0002
Query: connect
Params: []

2015-06-19T18:47:50+07:00 INFO (6): 
Elapsed Secs: 0.00106
Query: DESCRIBE `penjamin`
Params: []

2015-06-19T18:47:50+07:00 INFO (6): 
Elapsed Secs: 0.00016
Query: connect
Params: []

2015-06-19T18:47:50+07:00 INFO (6): 
Elapsed Secs: 0.0003
Query: SELECT `pe`.*, `cos`.`id_cabang`, `cos`.`id_user`, `cb`.`cabang` FROM `penjamin` AS `pe`
 INNER JOIN `costumer` AS `cos` ON pe.nik_costumer = cos.nik_costumer
 INNER JOIN `user` AS `us` ON us.id_user = cos.id_user
 INNER JOIN `cabang` AS `cb` ON cb.id_cabang = cos.id_cabang
Params: []

2015-06-19T18:49:02+07:00 INFO (6): 
Elapsed Secs: 0.00053
Query: connect
Params: []

2015-06-19T18:49:02+07:00 INFO (6): 
Elapsed Secs: 0.00304
Query: DESCRIBE `penjamin`
Params: []

2015-06-19T18:49:02+07:00 INFO (6): 
Elapsed Secs: 0.0002
Query: connect
Params: []

2015-06-19T18:49:02+07:00 INFO (6): 
Elapsed Secs: 0.00033
Query: SELECT `pe`.*, `cos`.`id_cabang`, `cos`.`id_user`, `cb`.`cabang` FROM `penjamin` AS `pe`
 INNER JOIN `costumer` AS `cos` ON pe.nik_costumer = cos.nik_costumer
 INNER JOIN `user` AS `us` ON us.id_user = cos.id_user
 INNER JOIN `cabang` AS `cb` ON cb.id_cabang = cos.id_cabang
Params: []

2015-06-19T18:49:05+07:00 INFO (6): 
Elapsed Secs: 0.00025
Query: connect
Params: []

2015-06-19T18:49:06+07:00 INFO (6): 
Elapsed Secs: 0.03893
Query: UPDATE `user_login` SET `status` = ? WHERE (id_user ='16')
Params: {"1":0}

2015-06-19T18:49:13+07:00 INFO (6): 
Elapsed Secs: 0.00027
Query: connect
Params: []

2015-06-19T18:49:13+07:00 INFO (6): 
Elapsed Secs: 0.00113
Query: DESCRIBE `user`
Params: []

2015-06-19T18:49:13+07:00 INFO (6): 
Elapsed Secs: 0.00022
Query: connect
Params: []

2015-06-19T18:49:13+07:00 INFO (6): 
Elapsed Secs: 0.00023
Query: SELECT `user`.*, `cabang`.* FROM `user`
 INNER JOIN `cabang` ON cabang.id_cabang = user.id_cabang WHERE (user.username = 'rendi') AND (user.password = 'd033e22ae348aeb5660fc2140aec35850c4da997')
Params: []

2015-06-19T18:49:13+07:00 INFO (6): 
Elapsed Secs: 0.00019
Query: SELECT `user`.*, `user_login`.*, `cabang`.* FROM `user`
 INNER JOIN `user_login` ON user_login.id_user = user.id_user
 INNER JOIN `cabang` ON cabang.id_cabang = user.id_cabang WHERE (user.id_user = '17')
Params: []

2015-06-19T18:49:13+07:00 INFO (6): 
Elapsed Secs: 0.36325
Query: UPDATE `user_login` SET `status` = ?, `login_time` = NOW(), `ip_login` = ?, `last_login` = ? WHERE (id_user = '17')
Params: {"1":1,"2":"172.17.3.234","3":"2015-06-19 17:47:02"}

2015-06-19T18:49:13+07:00 INFO (6): 
Elapsed Secs: 0.0003
Query: SELECT `user`.*, `user_login`.*, `cabang`.* FROM `user`
 INNER JOIN `user_login` ON user_login.id_user = user.id_user
 INNER JOIN `cabang` ON cabang.id_cabang = user.id_cabang WHERE (user.id_user = '17')
Params: []

2015-06-19T18:49:16+07:00 INFO (6): 
Elapsed Secs: 0.00031
Query: connect
Params: []

2015-06-19T18:49:16+07:00 INFO (6): 
Elapsed Secs: 0.00121
Query: DESCRIBE `penjamin`
Params: []

2015-06-19T18:49:16+07:00 INFO (6): 
Elapsed Secs: 0.00018
Query: connect
Params: []

2015-06-19T18:49:16+07:00 INFO (6): 
Elapsed Secs: 0.00031
Query: SELECT `pe`.*, `cos`.`id_cabang`, `cos`.`id_user`, `cb`.`cabang` FROM `penjamin` AS `pe`
 INNER JOIN `costumer` AS `cos` ON pe.nik_costumer = cos.nik_costumer
 INNER JOIN `user` AS `us` ON us.id_user = cos.id_user
 INNER JOIN `cabang` AS `cb` ON cb.id_cabang = cos.id_cabang WHERE (us.id_user= '17') AND (cb.id_cabang = '30')
Params: []

2015-06-19T18:49:45+07:00 INFO (6): 
Elapsed Secs: 0.00025
Query: connect
Params: []

2015-06-19T18:49:45+07:00 INFO (6): 
Elapsed Secs: 0.02002
Query: DESCRIBE `penjamin`
Params: []

2015-06-19T18:49:45+07:00 INFO (6): 
Elapsed Secs: 0.00027
Query: connect
Params: []

2015-06-19T18:49:45+07:00 INFO (6): 
Elapsed Secs: 0.00035
Query: SELECT `pe`.*, `cos`.`id_cabang`, `cos`.`id_user`, `cb`.`cabang` FROM `penjamin` AS `pe`
 INNER JOIN `costumer` AS `cos` ON pe.nik_costumer = cos.nik_costumer
 INNER JOIN `user` AS `us` ON us.id_user = cos.id_user
 INNER JOIN `cabang` AS `cb` ON cb.id_cabang = cos.id_cabang WHERE (us.id_user= '17') AND (cb.id_cabang = '30')
Params: []

2015-06-19T18:49:49+07:00 INFO (6): 
Elapsed Secs: 0.00031
Query: connect
Params: []

2015-06-19T18:49:49+07:00 INFO (6): 
Elapsed Secs: 0.00147
Query: DESCRIBE `penjamin`
Params: []

2015-06-19T18:49:49+07:00 INFO (6): 
Elapsed Secs: 0.00023
Query: SELECT `penjamin`.* FROM `penjamin` WHERE (nik_costumer ='41112121111') LIMIT 1
Params: []

2015-06-19T18:49:52+07:00 INFO (6): 
Elapsed Secs: 0.00028
Query: connect
Params: []

2015-06-19T18:49:52+07:00 INFO (6): 
Elapsed Secs: 0.00102
Query: DESCRIBE `costumer`
Params: []

2015-06-19T18:49:52+07:00 INFO (6): 
Elapsed Secs: 0.00025
Query: SELECT `cos`.`nik_costumer`, `cos`.`nama`, `cos`.`alamat`, `cos`.`jenis_kelamin`, `cos`.`tempat_lahir`, `cos`.`tanggal_lahir`, `cos`.`nama_ibu`, `cos`.`agama`, `cos`.`status`, `cos`.`pekerjaan`, `cos`.`alamat_tempat_kerja`, `cos`.`hp`, `cos`.`telpon`, `us`.`realname`, `cb`.`cabang` FROM `costumer` AS `cos`
 INNER JOIN `user` AS `us` ON cos.id_user=us.id_user
 INNER JOIN `cabang` AS `cb` ON us.id_cabang = cb.id_cabang WHERE (cos.id_user = '17')
Params: []

2015-06-19T18:49:57+07:00 INFO (6): 
Elapsed Secs: 0.00026
Query: connect
Params: []

2015-06-19T18:49:57+07:00 INFO (6): 
Elapsed Secs: 0.00108
Query: DESCRIBE `penjamin`
Params: []

2015-06-19T18:49:57+07:00 INFO (6): 
Elapsed Secs: 0.00022
Query: connect
Params: []

2015-06-19T18:49:57+07:00 INFO (6): 
Elapsed Secs: 0.00031
Query: SELECT `pe`.*, `cos`.`id_cabang`, `cos`.`id_user`, `cb`.`cabang` FROM `penjamin` AS `pe`
 INNER JOIN `costumer` AS `cos` ON pe.nik_costumer = cos.nik_costumer
 INNER JOIN `user` AS `us` ON us.id_user = cos.id_user
 INNER JOIN `cabang` AS `cb` ON cb.id_cabang = cos.id_cabang WHERE (us.id_user= '17') AND (cb.id_cabang = '30')
Params: []

2015-06-19T18:50:00+07:00 INFO (6): 
Elapsed Secs: 0.00026
Query: connect
Params: []

2015-06-19T18:50:00+07:00 INFO (6): 
Elapsed Secs: 0.00122
Query: DESCRIBE `penjamin`
Params: []

2015-06-19T18:50:00+07:00 INFO (6): 
Elapsed Secs: 0.00018
Query: SELECT `penjamin`.* FROM `penjamin` WHERE (nik_costumer ='41112121111') LIMIT 1
Params: []

2015-06-19T18:50:39+07:00 INFO (6): 
Elapsed Secs: 0.00018
Query: connect
Params: []

2015-06-19T18:50:39+07:00 INFO (6): 
Elapsed Secs: 0.00096
Query: DESCRIBE `penjamin`
Params: []

2015-06-19T18:50:39+07:00 INFO (6): 
Elapsed Secs: 0.00015
Query: SELECT `penjamin`.* FROM `penjamin` WHERE (nik_costumer ='41112121111') LIMIT 1
Params: []

2015-06-19T18:50:43+07:00 INFO (6): 
Elapsed Secs: 0.00026
Query: connect
Params: []

2015-06-19T18:50:43+07:00 INFO (6): 
Elapsed Secs: 0.00117
Query: DESCRIBE `penjamin`
Params: []

2015-06-19T18:50:43+07:00 INFO (6): 
Elapsed Secs: 0.00028
Query: connect
Params: []

2015-06-19T18:50:43+07:00 INFO (6): 
Elapsed Secs: 0.00036
Query: SELECT `pe`.*, `cos`.`id_cabang`, `cos`.`id_user`, `cb`.`cabang` FROM `penjamin` AS `pe`
 INNER JOIN `costumer` AS `cos` ON pe.nik_costumer = cos.nik_costumer
 INNER JOIN `user` AS `us` ON us.id_user = cos.id_user
 INNER JOIN `cabang` AS `cb` ON cb.id_cabang = cos.id_cabang WHERE (us.id_user= '17') AND (cb.id_cabang = '30')
Params: []

2015-06-19T18:50:45+07:00 INFO (6): 
Elapsed Secs: 0.00029
Query: connect
Params: []

2015-06-19T18:50:45+07:00 INFO (6): 
Elapsed Secs: 0.00134
Query: DESCRIBE `penjamin`
Params: []

2015-06-19T18:50:45+07:00 INFO (6): 
Elapsed Secs: 0.00023
Query: SELECT `penjamin`.* FROM `penjamin` WHERE (nik_costumer ='41112121111') LIMIT 1
Params: []

2015-06-19T18:50:48+07:00 INFO (6): 
Elapsed Secs: 0.00022
Query: connect
Params: []

2015-06-19T18:50:48+07:00 INFO (6): 
Elapsed Secs: 0.00106
Query: DESCRIBE `penjamin`
Params: []

2015-06-19T18:50:48+07:00 INFO (6): 
Elapsed Secs: 0.00024
Query: connect
Params: []

2015-06-19T18:50:48+07:00 INFO (6): 
Elapsed Secs: 0.00027
Query: SELECT `pe`.*, `cos`.`id_cabang`, `cos`.`id_user`, `cb`.`cabang` FROM `penjamin` AS `pe`
 INNER JOIN `costumer` AS `cos` ON pe.nik_costumer = cos.nik_costumer
 INNER JOIN `user` AS `us` ON us.id_user = cos.id_user
 INNER JOIN `cabang` AS `cb` ON cb.id_cabang = cos.id_cabang WHERE (us.id_user= '17') AND (cb.id_cabang = '30')
Params: []

2015-06-19T18:50:50+07:00 INFO (6): 
Elapsed Secs: 0.00024
Query: connect
Params: []

2015-06-19T18:50:50+07:00 INFO (6): 
Elapsed Secs: 0.00115
Query: DESCRIBE `penjamin`
Params: []

2015-06-19T18:50:50+07:00 INFO (6): 
Elapsed Secs: 0.00015
Query: SELECT `penjamin`.* FROM `penjamin` WHERE (nik_costumer ='41112121111') LIMIT 1
Params: []

2015-06-19T18:50:55+07:00 INFO (6): 
Elapsed Secs: 0.00028
Query: connect
Params: []

2015-06-19T18:50:55+07:00 INFO (6): 
Elapsed Secs: 0.00127
Query: DESCRIBE `penjamin`
Params: []

2015-06-19T18:50:55+07:00 INFO (6): 
Elapsed Secs: 0.00021
Query: connect
Params: []

2015-06-19T18:50:55+07:00 INFO (6): 
Elapsed Secs: 0.00035
Query: SELECT `pe`.*, `cos`.`id_cabang`, `cos`.`id_user`, `cb`.`cabang` FROM `penjamin` AS `pe`
 INNER JOIN `costumer` AS `cos` ON pe.nik_costumer = cos.nik_costumer
 INNER JOIN `user` AS `us` ON us.id_user = cos.id_user
 INNER JOIN `cabang` AS `cb` ON cb.id_cabang = cos.id_cabang WHERE (us.id_user= '17') AND (cb.id_cabang = '30')
Params: []

2015-06-19T18:51:02+07:00 INFO (6): 
Elapsed Secs: 0.00023
Query: connect
Params: []

2015-06-19T18:51:02+07:00 INFO (6): 
Elapsed Secs: 0.00118
Query: DESCRIBE `penjamin`
Params: []

2015-06-19T18:51:02+07:00 INFO (6): 
Elapsed Secs: 0.00017
Query: SELECT `penjamin`.* FROM `penjamin` WHERE (nik_costumer ='41112121111') LIMIT 1
Params: []

2015-06-19T18:51:05+07:00 INFO (6): 
Elapsed Secs: 0.00026
Query: connect
Params: []

2015-06-19T18:51:05+07:00 INFO (6): 
Elapsed Secs: 0.00132
Query: DESCRIBE `costumer`
Params: []

2015-06-19T18:51:05+07:00 INFO (6): 
Elapsed Secs: 0.00029
Query: SELECT `cos`.`nik_costumer`, `cos`.`nama`, `cos`.`alamat`, `cos`.`jenis_kelamin`, `cos`.`tempat_lahir`, `cos`.`tanggal_lahir`, `cos`.`nama_ibu`, `cos`.`agama`, `cos`.`status`, `cos`.`pekerjaan`, `cos`.`alamat_tempat_kerja`, `cos`.`hp`, `cos`.`telpon`, `us`.`realname`, `cb`.`cabang` FROM `costumer` AS `cos`
 INNER JOIN `user` AS `us` ON cos.id_user=us.id_user
 INNER JOIN `cabang` AS `cb` ON us.id_cabang = cb.id_cabang WHERE (cos.id_user = '17')
Params: []

2015-06-19T18:51:08+07:00 INFO (6): 
Elapsed Secs: 0.00023
Query: connect
Params: []

2015-06-19T18:51:08+07:00 INFO (6): 
Elapsed Secs: 0.00128
Query: DESCRIBE `costumer`
Params: []

2015-06-19T18:51:08+07:00 INFO (6): 
Elapsed Secs: 0.00032
Query: SELECT `cos`.`nik_costumer`, `cos`.`nama`, `cos`.`alamat`, `cos`.`jenis_kelamin`, `cos`.`tempat_lahir`, `cos`.`tanggal_lahir`, `cos`.`nama_ibu`, `cos`.`agama`, `cos`.`status`, `cos`.`pekerjaan`, `cos`.`alamat_tempat_kerja`, `cos`.`hp`, `cos`.`telpon`, `us`.`realname`, `cb`.`cabang` FROM `costumer` AS `cos`
 INNER JOIN `user` AS `us` ON cos.id_user=us.id_user
 INNER JOIN `cabang` AS `cb` ON us.id_cabang = cb.id_cabang WHERE (cos.id_user = '17')
Params: []

2015-06-19T18:51:10+07:00 INFO (6): 
Elapsed Secs: 0.00023
Query: connect
Params: []

2015-06-19T18:51:10+07:00 INFO (6): 
Elapsed Secs: 0.0011
Query: DESCRIBE `costumer`
Params: []

2015-06-19T18:51:10+07:00 INFO (6): 
Elapsed Secs: 0.00028
Query: SELECT `cos`.`nik_costumer`, `cos`.`nama`, `cos`.`alamat`, `cos`.`jenis_kelamin`, `cos`.`tempat_lahir`, `cos`.`tanggal_lahir`, `cos`.`nama_ibu`, `cos`.`agama`, `cos`.`status`, `cos`.`pekerjaan`, `cos`.`alamat_tempat_kerja`, `cos`.`hp`, `cos`.`telpon`, `us`.`realname`, `cb`.`cabang` FROM `costumer` AS `cos`
 INNER JOIN `user` AS `us` ON cos.id_user=us.id_user
 INNER JOIN `cabang` AS `cb` ON us.id_cabang = cb.id_cabang WHERE (cos.nik_costumer = '41112121111')
Params: []

2015-06-19T18:51:10+07:00 INFO (6): 
Elapsed Secs: 0.00023
Query: connect
Params: []

2015-06-19T18:51:10+07:00 INFO (6): 
Elapsed Secs: 0.00022
Query: SELECT `penj`.* FROM `costumer` AS `cos`
 INNER JOIN `penjamin` AS `penj` ON penj.nik_costumer = cos.nik_costumer WHERE (cos.nik_costumer = '41112121111')
Params: []

2015-06-19T18:51:13+07:00 INFO (6): 
Elapsed Secs: 0.00028
Query: connect
Params: []

2015-06-19T18:51:13+07:00 INFO (6): 
Elapsed Secs: 0.00131
Query: DESCRIBE `costumer`
Params: []

2015-06-19T18:51:13+07:00 INFO (6): 
Elapsed Secs: 0.00028
Query: SELECT `cos`.`nik_costumer`, `cos`.`nama`, `cos`.`alamat`, `cos`.`jenis_kelamin`, `cos`.`tempat_lahir`, `cos`.`tanggal_lahir`, `cos`.`nama_ibu`, `cos`.`agama`, `cos`.`status`, `cos`.`pekerjaan`, `cos`.`alamat_tempat_kerja`, `cos`.`hp`, `cos`.`telpon`, `us`.`realname`, `cb`.`cabang` FROM `costumer` AS `cos`
 INNER JOIN `user` AS `us` ON cos.id_user=us.id_user
 INNER JOIN `cabang` AS `cb` ON us.id_cabang = cb.id_cabang WHERE (cos.id_user = '17')
Params: []

2015-06-19T18:51:22+07:00 INFO (6): 
Elapsed Secs: 0.0003
Query: connect
Params: []

2015-06-19T18:51:22+07:00 INFO (6): 
Elapsed Secs: 0.00132
Query: DESCRIBE `penjamin`
Params: []

2015-06-19T18:51:22+07:00 INFO (6): 
Elapsed Secs: 0.00022
Query: connect
Params: []

2015-06-19T18:51:22+07:00 INFO (6): 
Elapsed Secs: 0.00035
Query: SELECT `pe`.*, `cos`.`id_cabang`, `cos`.`id_user`, `cb`.`cabang` FROM `penjamin` AS `pe`
 INNER JOIN `costumer` AS `cos` ON pe.nik_costumer = cos.nik_costumer
 INNER JOIN `user` AS `us` ON us.id_user = cos.id_user
 INNER JOIN `cabang` AS `cb` ON cb.id_cabang = cos.id_cabang WHERE (us.id_user= '17') AND (cb.id_cabang = '30')
Params: []

