2015-06-19T21:00:48+07:00 INFO (6): 
Elapsed Secs: 0.00025
Query: connect
Params: []

2015-06-19T21:00:48+07:00 INFO (6): 
Elapsed Secs: 0.00125
Query: DESCRIBE `user`
Params: []

2015-06-19T21:00:48+07:00 INFO (6): 
Elapsed Secs: 0.00024
Query: connect
Params: []

2015-06-19T21:00:48+07:00 INFO (6): 
Elapsed Secs: 0.00029
Query: SELECT `user`.*, `cabang`.* FROM `user`
 INNER JOIN `cabang` ON cabang.id_cabang = user.id_cabang WHERE (user.username = 'kasir') AND (user.password = '8691e4fc53b99da544ce86e22acba62d13352eff')
Params: []

2015-06-19T21:00:48+07:00 INFO (6): 
Elapsed Secs: 0.00022
Query: SELECT `user`.*, `user_login`.*, `cabang`.* FROM `user`
 INNER JOIN `user_login` ON user_login.id_user = user.id_user
 INNER JOIN `cabang` ON cabang.id_cabang = user.id_cabang WHERE (user.id_user = '18')
Params: []

2015-06-19T21:00:48+07:00 INFO (6): 
Elapsed Secs: 0.11256
Query: UPDATE `user_login` SET `status` = ?, `login_time` = NOW(), `ip_login` = ?, `last_login` = ? WHERE (id_user = '18')
Params: {"1":1,"2":"172.17.3.234","3":"2015-06-19 20:56:14"}

2015-06-19T21:00:48+07:00 INFO (6): 
Elapsed Secs: 0.00032
Query: SELECT `user`.*, `user_login`.*, `cabang`.* FROM `user`
 INNER JOIN `user_login` ON user_login.id_user = user.id_user
 INNER JOIN `cabang` ON cabang.id_cabang = user.id_cabang WHERE (user.id_user = '18')
Params: []

2015-06-19T21:05:24+07:00 INFO (6): 
Elapsed Secs: 0.00175
Query: connect
Params: []

2015-06-19T21:05:24+07:00 INFO (6): 
Elapsed Secs: 0.00018
Query: UPDATE `user_login` SET `status` = ? WHERE (id_user ='18')
Params: {"1":0}

2015-06-19T21:05:38+07:00 INFO (6): 
Elapsed Secs: 0.00033
Query: connect
Params: []

2015-06-19T21:05:38+07:00 INFO (6): 
Elapsed Secs: 0.00137
Query: DESCRIBE `user`
Params: []

2015-06-19T21:05:38+07:00 INFO (6): 
Elapsed Secs: 0.00021
Query: connect
Params: []

2015-06-19T21:05:38+07:00 INFO (6): 
Elapsed Secs: 0.00026
Query: SELECT `user`.*, `cabang`.* FROM `user`
 INNER JOIN `cabang` ON cabang.id_cabang = user.id_cabang WHERE (user.username = 'kasir') AND (user.password = '8691e4fc53b99da544ce86e22acba62d13352eff')
Params: []

2015-06-19T21:05:38+07:00 INFO (6): 
Elapsed Secs: 0.00026
Query: SELECT `user`.*, `user_login`.*, `cabang`.* FROM `user`
 INNER JOIN `user_login` ON user_login.id_user = user.id_user
 INNER JOIN `cabang` ON cabang.id_cabang = user.id_cabang WHERE (user.id_user = '18')
Params: []

2015-06-19T21:05:38+07:00 INFO (6): 
Elapsed Secs: 0.00108
Query: DESCRIBE `user_login`
Params: []

2015-06-19T21:05:38+07:00 INFO (6): 
Elapsed Secs: 0.07438
Query: INSERT INTO `user_login` (`id_user`, `last_login`, `login_time`, `ip_login`, `status`) VALUES (?, NOW(), NOW(), ?, ?)
Params: {"1":"18","2":"172.17.3.234","3":1}

2015-06-19T21:05:38+07:00 INFO (6): 
Elapsed Secs: 0.00026
Query: connect
Params: []

2015-06-19T21:05:38+07:00 INFO (6): 
Elapsed Secs: 0.05755
Query: UPDATE `user_login` SET `status` = ?, `last_login` = ? WHERE (status = 1)
Params: {"1":0,"2":null}

2015-06-19T21:08:15+07:00 INFO (6): 
Elapsed Secs: 0.00033
Query: connect
Params: []

2015-06-19T21:08:15+07:00 INFO (6): 
Elapsed Secs: 0.00154
Query: DESCRIBE `user`
Params: []

2015-06-19T21:08:15+07:00 INFO (6): 
Elapsed Secs: 0.00032
Query: connect
Params: []

2015-06-19T21:08:15+07:00 INFO (6): 
Elapsed Secs: 0.00033
Query: SELECT `user`.*, `cabang`.* FROM `user`
 INNER JOIN `cabang` ON cabang.id_cabang = user.id_cabang WHERE (user.username = '\\') AND (user.password = 'a0f1490a20d0211c997b44bc357e1972deab8ae3')
Params: []

2015-06-19T21:08:29+07:00 INFO (6): 
Elapsed Secs: 0.003
Query: connect
Params: []

2015-06-19T21:08:29+07:00 INFO (6): 
Elapsed Secs: 0.00241
Query: DESCRIBE `user`
Params: []

2015-06-19T21:08:29+07:00 INFO (6): 
Elapsed Secs: 0.00035
Query: connect
Params: []

2015-06-19T21:08:29+07:00 INFO (6): 
Elapsed Secs: 0.00034
Query: SELECT `user`.*, `cabang`.* FROM `user`
 INNER JOIN `cabang` ON cabang.id_cabang = user.id_cabang WHERE (user.username = 'kasir') AND (user.password = '8691e4fc53b99da544ce86e22acba62d13352eff')
Params: []

2015-06-19T21:08:29+07:00 INFO (6): 
Elapsed Secs: 0.00028
Query: SELECT `user`.*, `user_login`.*, `cabang`.* FROM `user`
 INNER JOIN `user_login` ON user_login.id_user = user.id_user
 INNER JOIN `cabang` ON cabang.id_cabang = user.id_cabang WHERE (user.id_user = '18')
Params: []

2015-06-19T21:08:29+07:00 INFO (6): 
Elapsed Secs: 0.061
Query: DESCRIBE `user_login`
Params: []

2015-06-19T21:08:29+07:00 INFO (6): 
Elapsed Secs: 0.05313
Query: INSERT INTO `user_login` (`id_user`, `last_login`, `login_time`, `ip_login`, `status`) VALUES (?, NOW(), NOW(), ?, ?)
Params: {"1":"18","2":"172.17.3.234","3":1}

2015-06-19T21:08:29+07:00 INFO (6): 
Elapsed Secs: 0.00072
Query: SELECT `user`.*, `user_login`.*, `cabang`.* FROM `user`
 INNER JOIN `user_login` ON user_login.id_user = user.id_user
 INNER JOIN `cabang` ON cabang.id_cabang = user.id_cabang WHERE (user.id_user = '18')
Params: []

2015-06-19T21:08:57+07:00 INFO (6): 
Elapsed Secs: 0.00025
Query: connect
Params: []

2015-06-19T21:08:57+07:00 INFO (6): 
Elapsed Secs: 0.00101
Query: DESCRIBE `user`
Params: []

2015-06-19T21:08:57+07:00 INFO (6): 
Elapsed Secs: 0.0002
Query: connect
Params: []

2015-06-19T21:08:57+07:00 INFO (6): 
Elapsed Secs: 0.00091
Query: SELECT `user`.*, `cb`.*, `cb`.`cabang` FROM `user`
 INNER JOIN `cabang` AS `cb` ON cb.id_cabang =user.id_cabang  WHERE (level != 'superadmin') ORDER BY `id_user` desc
Params: []

2015-06-19T21:08:59+07:00 INFO (6): 
Elapsed Secs: 0.00031
Query: connect
Params: []

2015-06-19T21:09:00+07:00 INFO (6): 
Elapsed Secs: 0.05151
Query: UPDATE `user_login` SET `status` = ? WHERE (id_user ='16')
Params: {"1":0}

2015-06-19T21:09:04+07:00 INFO (6): 
Elapsed Secs: 0.00026
Query: connect
Params: []

2015-06-19T21:09:04+07:00 INFO (6): 
Elapsed Secs: 0.00095
Query: DESCRIBE `user`
Params: []

2015-06-19T21:09:04+07:00 INFO (6): 
Elapsed Secs: 0.00022
Query: connect
Params: []

2015-06-19T21:09:04+07:00 INFO (6): 
Elapsed Secs: 0.00022
Query: SELECT `user`.*, `cabang`.* FROM `user`
 INNER JOIN `cabang` ON cabang.id_cabang = user.id_cabang WHERE (user.username = 'admin') AND (user.password = 'd033e22ae348aeb5660fc2140aec35850c4da997')
Params: []

2015-06-19T21:09:04+07:00 INFO (6): 
Elapsed Secs: 0.00018
Query: SELECT `user`.*, `user_login`.*, `cabang`.* FROM `user`
 INNER JOIN `user_login` ON user_login.id_user = user.id_user
 INNER JOIN `cabang` ON cabang.id_cabang = user.id_cabang WHERE (user.id_user = '16')
Params: []

2015-06-19T21:09:04+07:00 INFO (6): 
Elapsed Secs: 0.03847
Query: UPDATE `user_login` SET `status` = ?, `login_time` = NOW(), `ip_login` = ?, `last_login` = ? WHERE (id_user = '16')
Params: {"1":1,"2":"172.17.3.234","3":"2015-06-19 20:54:20"}

2015-06-19T21:09:04+07:00 INFO (6): 
Elapsed Secs: 0.00035
Query: SELECT `user`.*, `user_login`.*, `cabang`.* FROM `user`
 INNER JOIN `user_login` ON user_login.id_user = user.id_user
 INNER JOIN `cabang` ON cabang.id_cabang = user.id_cabang WHERE (user.id_user = '16')
Params: []

2015-06-19T21:10:30+07:00 INFO (6): 
Elapsed Secs: 0.0003
Query: connect
Params: []

2015-06-19T21:10:30+07:00 INFO (6): 
Elapsed Secs: 0.0013
Query: DESCRIBE `penjamin`
Params: []

2015-06-19T21:10:30+07:00 INFO (6): 
Elapsed Secs: 0.00022
Query: connect
Params: []

2015-06-19T21:10:30+07:00 INFO (6): 
Elapsed Secs: 0.00034
Query: SELECT `pe`.*, `cos`.`id_cabang`, `cos`.`id_user`, `cb`.`cabang` FROM `penjamin` AS `pe`
 INNER JOIN `costumer` AS `cos` ON pe.nik_costumer = cos.nik_costumer
 INNER JOIN `user` AS `us` ON us.id_user = cos.id_user
 INNER JOIN `cabang` AS `cb` ON cb.id_cabang = cos.id_cabang WHERE (us.id_user= '16') AND (cb.id_cabang = '29')
Params: []

2015-06-19T21:10:32+07:00 INFO (6): 
Elapsed Secs: 0.00025
Query: connect
Params: []

2015-06-19T21:10:32+07:00 INFO (6): 
Elapsed Secs: 0.00142
Query: DESCRIBE `penjamin`
Params: []

2015-06-19T21:10:32+07:00 INFO (6): 
Elapsed Secs: 0.00019
Query: connect
Params: []

2015-06-19T21:10:32+07:00 INFO (6): 
Elapsed Secs: 0.00028
Query: SELECT `pe`.*, `cos`.`id_cabang`, `cos`.`id_user`, `cb`.`cabang` FROM `penjamin` AS `pe`
 INNER JOIN `costumer` AS `cos` ON pe.nik_costumer = cos.nik_costumer
 INNER JOIN `user` AS `us` ON us.id_user = cos.id_user
 INNER JOIN `cabang` AS `cb` ON cb.id_cabang = cos.id_cabang
Params: []

2015-06-19T21:10:33+07:00 INFO (6): 
Elapsed Secs: 0.00046
Query: connect
Params: []

2015-06-19T21:10:33+07:00 INFO (6): 
Elapsed Secs: 0.00308
Query: DESCRIBE `penjamin`
Params: []

2015-06-19T21:10:33+07:00 INFO (6): 
Elapsed Secs: 0.00045
Query: connect
Params: []

2015-06-19T21:10:33+07:00 INFO (6): 
Elapsed Secs: 0.00103
Query: SELECT `pe`.*, `cos`.`id_cabang`, `cos`.`id_user`, `cb`.`cabang` FROM `penjamin` AS `pe`
 INNER JOIN `costumer` AS `cos` ON pe.nik_costumer = cos.nik_costumer
 INNER JOIN `user` AS `us` ON us.id_user = cos.id_user
 INNER JOIN `cabang` AS `cb` ON cb.id_cabang = cos.id_cabang WHERE (us.id_user= '16') AND (cb.id_cabang = '29')
Params: []

2015-06-19T21:10:34+07:00 INFO (6): 
Elapsed Secs: 0.00027
Query: connect
Params: []

2015-06-19T21:10:34+07:00 INFO (6): 
Elapsed Secs: 0.00124
Query: DESCRIBE `penjamin`
Params: []

2015-06-19T21:10:34+07:00 INFO (6): 
Elapsed Secs: 0.00019
Query: connect
Params: []

2015-06-19T21:10:34+07:00 INFO (6): 
Elapsed Secs: 0.00033
Query: SELECT `pe`.*, `cos`.`id_cabang`, `cos`.`id_user`, `cb`.`cabang` FROM `penjamin` AS `pe`
 INNER JOIN `costumer` AS `cos` ON pe.nik_costumer = cos.nik_costumer
 INNER JOIN `user` AS `us` ON us.id_user = cos.id_user
 INNER JOIN `cabang` AS `cb` ON cb.id_cabang = cos.id_cabang
Params: []

2015-06-19T21:10:35+07:00 INFO (6): 
Elapsed Secs: 0.00029
Query: connect
Params: []

2015-06-19T21:10:35+07:00 INFO (6): 
Elapsed Secs: 0.00102
Query: DESCRIBE `penjamin`
Params: []

2015-06-19T21:10:35+07:00 INFO (6): 
Elapsed Secs: 0.00017
Query: connect
Params: []

2015-06-19T21:10:35+07:00 INFO (6): 
Elapsed Secs: 0.00032
Query: SELECT `pe`.*, `cos`.`id_cabang`, `cos`.`id_user`, `cb`.`cabang` FROM `penjamin` AS `pe`
 INNER JOIN `costumer` AS `cos` ON pe.nik_costumer = cos.nik_costumer
 INNER JOIN `user` AS `us` ON us.id_user = cos.id_user
 INNER JOIN `cabang` AS `cb` ON cb.id_cabang = cos.id_cabang WHERE (us.id_user= '16') AND (cb.id_cabang = '29')
Params: []

2015-06-19T21:10:36+07:00 INFO (6): 
Elapsed Secs: 0.0003
Query: connect
Params: []

2015-06-19T21:10:36+07:00 INFO (6): 
Elapsed Secs: 0.00102
Query: DESCRIBE `penjamin`
Params: []

2015-06-19T21:10:36+07:00 INFO (6): 
Elapsed Secs: 0.00026
Query: connect
Params: []

2015-06-19T21:10:36+07:00 INFO (6): 
Elapsed Secs: 0.00026
Query: SELECT `pe`.*, `cos`.`id_cabang`, `cos`.`id_user`, `cb`.`cabang` FROM `penjamin` AS `pe`
 INNER JOIN `costumer` AS `cos` ON pe.nik_costumer = cos.nik_costumer
 INNER JOIN `user` AS `us` ON us.id_user = cos.id_user
 INNER JOIN `cabang` AS `cb` ON cb.id_cabang = cos.id_cabang
Params: []

2015-06-19T21:10:38+07:00 INFO (6): 
Elapsed Secs: 0.00027
Query: connect
Params: []

2015-06-19T21:10:38+07:00 INFO (6): 
Elapsed Secs: 0.00129
Query: DESCRIBE `penjamin`
Params: []

2015-06-19T21:10:38+07:00 INFO (6): 
Elapsed Secs: 0.00021
Query: connect
Params: []

2015-06-19T21:10:38+07:00 INFO (6): 
Elapsed Secs: 0.00037
Query: SELECT `pe`.*, `cos`.`id_cabang`, `cos`.`id_user`, `cb`.`cabang` FROM `penjamin` AS `pe`
 INNER JOIN `costumer` AS `cos` ON pe.nik_costumer = cos.nik_costumer
 INNER JOIN `user` AS `us` ON us.id_user = cos.id_user
 INNER JOIN `cabang` AS `cb` ON cb.id_cabang = cos.id_cabang WHERE (us.id_user= '16') AND (cb.id_cabang = '29')
Params: []

2015-06-19T21:10:39+07:00 INFO (6): 
Elapsed Secs: 0.00022
Query: connect
Params: []

2015-06-19T21:10:39+07:00 INFO (6): 
Elapsed Secs: 0.00126
Query: DESCRIBE `penjamin`
Params: []

2015-06-19T21:10:39+07:00 INFO (6): 
Elapsed Secs: 0.00022
Query: connect
Params: []

2015-06-19T21:10:39+07:00 INFO (6): 
Elapsed Secs: 0.00034
Query: SELECT `pe`.*, `cos`.`id_cabang`, `cos`.`id_user`, `cb`.`cabang` FROM `penjamin` AS `pe`
 INNER JOIN `costumer` AS `cos` ON pe.nik_costumer = cos.nik_costumer
 INNER JOIN `user` AS `us` ON us.id_user = cos.id_user
 INNER JOIN `cabang` AS `cb` ON cb.id_cabang = cos.id_cabang
Params: []

2015-06-19T21:11:16+07:00 INFO (6): 
Elapsed Secs: 0.00031
Query: connect
Params: []

2015-06-19T21:11:16+07:00 INFO (6): 
Elapsed Secs: 0.00153
Query: DESCRIBE `penjamin`
Params: []

2015-06-19T21:11:16+07:00 INFO (6): 
Elapsed Secs: 0.00026
Query: connect
Params: []

2015-06-19T21:11:16+07:00 INFO (6): 
Elapsed Secs: 0.00043
Query: SELECT `pe`.*, `cos`.`id_cabang`, `cos`.`id_user`, `cb`.`cabang` FROM `penjamin` AS `pe`
 INNER JOIN `costumer` AS `cos` ON pe.nik_costumer = cos.nik_costumer
 INNER JOIN `user` AS `us` ON us.id_user = cos.id_user
 INNER JOIN `cabang` AS `cb` ON cb.id_cabang = cos.id_cabang WHERE (us.id_user= '16') AND (cb.id_cabang = '29')
Params: []

2015-06-19T21:11:17+07:00 INFO (6): 
Elapsed Secs: 0.00029
Query: connect
Params: []

2015-06-19T21:11:17+07:00 INFO (6): 
Elapsed Secs: 0.00115
Query: DESCRIBE `penjamin`
Params: []

2015-06-19T21:11:17+07:00 INFO (6): 
Elapsed Secs: 0.00021
Query: connect
Params: []

2015-06-19T21:11:17+07:00 INFO (6): 
Elapsed Secs: 0.00029
Query: SELECT `pe`.*, `cos`.`id_cabang`, `cos`.`id_user`, `cb`.`cabang` FROM `penjamin` AS `pe`
 INNER JOIN `costumer` AS `cos` ON pe.nik_costumer = cos.nik_costumer
 INNER JOIN `user` AS `us` ON us.id_user = cos.id_user
 INNER JOIN `cabang` AS `cb` ON cb.id_cabang = cos.id_cabang
Params: []

2015-06-19T21:11:19+07:00 INFO (6): 
Elapsed Secs: 0.00025
Query: connect
Params: []

2015-06-19T21:11:19+07:00 INFO (6): 
Elapsed Secs: 0.00116
Query: DESCRIBE `penjamin`
Params: []

2015-06-19T21:11:19+07:00 INFO (6): 
Elapsed Secs: 0.00025
Query: connect
Params: []

2015-06-19T21:11:19+07:00 INFO (6): 
Elapsed Secs: 0.00036
Query: SELECT `pe`.*, `cos`.`id_cabang`, `cos`.`id_user`, `cb`.`cabang` FROM `penjamin` AS `pe`
 INNER JOIN `costumer` AS `cos` ON pe.nik_costumer = cos.nik_costumer
 INNER JOIN `user` AS `us` ON us.id_user = cos.id_user
 INNER JOIN `cabang` AS `cb` ON cb.id_cabang = cos.id_cabang WHERE (us.id_user= '16') AND (cb.id_cabang = '29')
Params: []

2015-06-19T21:11:20+07:00 INFO (6): 
Elapsed Secs: 0.00028
Query: connect
Params: []

2015-06-19T21:11:20+07:00 INFO (6): 
Elapsed Secs: 0.0013
Query: DESCRIBE `penjamin`
Params: []

2015-06-19T21:11:20+07:00 INFO (6): 
Elapsed Secs: 0.00027
Query: connect
Params: []

2015-06-19T21:11:20+07:00 INFO (6): 
Elapsed Secs: 0.00035
Query: SELECT `pe`.*, `cos`.`id_cabang`, `cos`.`id_user`, `cb`.`cabang` FROM `penjamin` AS `pe`
 INNER JOIN `costumer` AS `cos` ON pe.nik_costumer = cos.nik_costumer
 INNER JOIN `user` AS `us` ON us.id_user = cos.id_user
 INNER JOIN `cabang` AS `cb` ON cb.id_cabang = cos.id_cabang
Params: []

2015-06-19T21:11:54+07:00 INFO (6): 
Elapsed Secs: 0.00022
Query: connect
Params: []

2015-06-19T21:11:54+07:00 INFO (6): 
Elapsed Secs: 0.00101
Query: DESCRIBE `penjamin`
Params: []

2015-06-19T21:11:54+07:00 INFO (6): 
Elapsed Secs: 0.00018
Query: connect
Params: []

2015-06-19T21:11:54+07:00 INFO (6): 
Elapsed Secs: 0.00028
Query: SELECT `pe`.*, `cos`.`id_cabang`, `cos`.`id_user`, `cb`.`cabang` FROM `penjamin` AS `pe`
 INNER JOIN `costumer` AS `cos` ON pe.nik_costumer = cos.nik_costumer
 INNER JOIN `user` AS `us` ON us.id_user = cos.id_user
 INNER JOIN `cabang` AS `cb` ON cb.id_cabang = cos.id_cabang WHERE (us.id_user= '16') AND (cb.id_cabang = '29')
Params: []

2015-06-19T21:11:57+07:00 INFO (6): 
Elapsed Secs: 0.00022
Query: connect
Params: []

2015-06-19T21:11:57+07:00 INFO (6): 
Elapsed Secs: 0.00108
Query: DESCRIBE `penjamin`
Params: []

2015-06-19T21:11:57+07:00 INFO (6): 
Elapsed Secs: 0.00015
Query: SELECT `penjamin`.* FROM `penjamin` WHERE (nik_costumer ='2147483647') LIMIT 1
Params: []

2015-06-19T21:11:59+07:00 INFO (6): 
Elapsed Secs: 0.00021
Query: connect
Params: []

2015-06-19T21:11:59+07:00 INFO (6): 
Elapsed Secs: 0.00118
Query: DESCRIBE `costumer`
Params: []

2015-06-19T21:11:59+07:00 INFO (6): 
Elapsed Secs: 0.00026
Query: SELECT `cos`.`nik_costumer`, `cos`.`nama`, `cos`.`alamat`, `cos`.`jenis_kelamin`, `cos`.`tempat_lahir`, `cos`.`tanggal_lahir`, `cos`.`nama_ibu`, `cos`.`agama`, `cos`.`status`, `cos`.`pekerjaan`, `cos`.`alamat_tempat_kerja`, `cos`.`hp`, `cos`.`telpon`, `us`.`realname`, `cb`.`cabang` FROM `costumer` AS `cos`
 INNER JOIN `user` AS `us` ON cos.id_user=us.id_user
 INNER JOIN `cabang` AS `cb` ON us.id_cabang = cb.id_cabang WHERE (cos.id_user = '16')
Params: []

2015-06-19T21:53:55+07:00 INFO (6): 
Elapsed Secs: 0.00029
Query: connect
Params: []

2015-06-19T21:53:55+07:00 INFO (6): 
Elapsed Secs: 0.00132
Query: DESCRIBE `user`
Params: []

2015-06-19T21:53:55+07:00 INFO (6): 
Elapsed Secs: 0.00026
Query: connect
Params: []

2015-06-19T21:53:55+07:00 INFO (6): 
Elapsed Secs: 0.0003
Query: SELECT `user`.*, `cabang`.* FROM `user`
 INNER JOIN `cabang` ON cabang.id_cabang = user.id_cabang WHERE (user.username = 'admin') AND (user.password = 'd033e22ae348aeb5660fc2140aec35850c4da997')
Params: []

2015-06-19T21:53:55+07:00 INFO (6): 
Elapsed Secs: 0.00023
Query: SELECT `user`.*, `user_login`.*, `cabang`.* FROM `user`
 INNER JOIN `user_login` ON user_login.id_user = user.id_user
 INNER JOIN `cabang` ON cabang.id_cabang = user.id_cabang WHERE (user.id_user = '16')
Params: []

2015-06-19T21:54:04+07:00 INFO (6): 
Elapsed Secs: 0.00033
Query: connect
Params: []

2015-06-19T21:54:04+07:00 INFO (6): 
Elapsed Secs: 0.001
Query: DESCRIBE `user`
Params: []

2015-06-19T21:54:04+07:00 INFO (6): 
Elapsed Secs: 0.00023
Query: connect
Params: []

2015-06-19T21:54:04+07:00 INFO (6): 
Elapsed Secs: 0.00025
Query: SELECT `user`.*, `cabang`.* FROM `user`
 INNER JOIN `cabang` ON cabang.id_cabang = user.id_cabang WHERE (user.username = 'admin') AND (user.password = 'd033e22ae348aeb5660fc2140aec35850c4da997')
Params: []

2015-06-19T21:54:04+07:00 INFO (6): 
Elapsed Secs: 0.00026
Query: SELECT `user`.*, `user_login`.*, `cabang`.* FROM `user`
 INNER JOIN `user_login` ON user_login.id_user = user.id_user
 INNER JOIN `cabang` ON cabang.id_cabang = user.id_cabang WHERE (user.id_user = '16')
Params: []

2015-06-19T21:55:00+07:00 INFO (6): 
Elapsed Secs: 0.0003
Query: connect
Params: []

2015-06-19T21:55:00+07:00 INFO (6): 
Elapsed Secs: 0.00099
Query: DESCRIBE `user`
Params: []

2015-06-19T21:55:00+07:00 INFO (6): 
Elapsed Secs: 0.00026
Query: connect
Params: []

2015-06-19T21:55:00+07:00 INFO (6): 
Elapsed Secs: 0.00027
Query: SELECT `user`.*, `cabang`.* FROM `user`
 INNER JOIN `cabang` ON cabang.id_cabang = user.id_cabang WHERE (user.username = 'admin') AND (user.password = 'd033e22ae348aeb5660fc2140aec35850c4da997')
Params: []

2015-06-19T21:55:00+07:00 INFO (6): 
Elapsed Secs: 0.00021
Query: SELECT `user`.*, `user_login`.*, `cabang`.* FROM `user`
 INNER JOIN `user_login` ON user_login.id_user = user.id_user
 INNER JOIN `cabang` ON cabang.id_cabang = user.id_cabang WHERE (user.id_user = '16')
Params: []

2015-06-19T21:55:06+07:00 INFO (6): 
Elapsed Secs: 0.00023
Query: connect
Params: []

2015-06-19T21:55:06+07:00 INFO (6): 
Elapsed Secs: 0.00115
Query: DESCRIBE `user`
Params: []

2015-06-19T21:55:06+07:00 INFO (6): 
Elapsed Secs: 0.00025
Query: connect
Params: []

2015-06-19T21:55:06+07:00 INFO (6): 
Elapsed Secs: 0.00024
Query: SELECT `user`.*, `cabang`.* FROM `user`
 INNER JOIN `cabang` ON cabang.id_cabang = user.id_cabang WHERE (user.username = 'admin') AND (user.password = 'd033e22ae348aeb5660fc2140aec35850c4da997')
Params: []

2015-06-19T21:55:06+07:00 INFO (6): 
Elapsed Secs: 0.00022
Query: SELECT `user`.*, `user_login`.*, `cabang`.* FROM `user`
 INNER JOIN `user_login` ON user_login.id_user = user.id_user
 INNER JOIN `cabang` ON cabang.id_cabang = user.id_cabang WHERE (user.id_user = '16')
Params: []

2015-06-19T21:55:12+07:00 INFO (6): 
Elapsed Secs: 0.00026
Query: connect
Params: []

2015-06-19T21:55:12+07:00 INFO (6): 
Elapsed Secs: 0.00131
Query: DESCRIBE `user`
Params: []

2015-06-19T21:55:12+07:00 INFO (6): 
Elapsed Secs: 0.00023
Query: connect
Params: []

2015-06-19T21:55:12+07:00 INFO (6): 
Elapsed Secs: 0.00031
Query: SELECT `user`.*, `cabang`.* FROM `user`
 INNER JOIN `cabang` ON cabang.id_cabang = user.id_cabang WHERE (user.username = 'admin') AND (user.password = 'd033e22ae348aeb5660fc2140aec35850c4da997')
Params: []

2015-06-19T21:55:12+07:00 INFO (6): 
Elapsed Secs: 0.00028
Query: SELECT `user`.*, `user_login`.*, `cabang`.* FROM `user`
 INNER JOIN `user_login` ON user_login.id_user = user.id_user
 INNER JOIN `cabang` ON cabang.id_cabang = user.id_cabang WHERE (user.id_user = '16')
Params: []

2015-06-19T21:55:18+07:00 INFO (6): 
Elapsed Secs: 0.00024
Query: connect
Params: []

2015-06-19T21:55:18+07:00 INFO (6): 
Elapsed Secs: 0.00097
Query: DESCRIBE `user`
Params: []

2015-06-19T21:55:18+07:00 INFO (6): 
Elapsed Secs: 0.00017
Query: connect
Params: []

2015-06-19T21:55:18+07:00 INFO (6): 
Elapsed Secs: 0.00028
Query: SELECT `user`.*, `cabang`.* FROM `user`
 INNER JOIN `cabang` ON cabang.id_cabang = user.id_cabang WHERE (user.username = 'admin') AND (user.password = 'd033e22ae348aeb5660fc2140aec35850c4da997')
Params: []

2015-06-19T21:55:18+07:00 INFO (6): 
Elapsed Secs: 0.0002
Query: SELECT `user`.*, `user_login`.*, `cabang`.* FROM `user`
 INNER JOIN `user_login` ON user_login.id_user = user.id_user
 INNER JOIN `cabang` ON cabang.id_cabang = user.id_cabang WHERE (user.id_user = '16')
Params: []

2015-06-19T21:58:09+07:00 INFO (6): 
Elapsed Secs: 0.00025
Query: connect
Params: []

2015-06-19T21:58:09+07:00 INFO (6): 
Elapsed Secs: 0.00125
Query: DESCRIBE `user`
Params: []

2015-06-19T21:58:09+07:00 INFO (6): 
Elapsed Secs: 0.00025
Query: connect
Params: []

2015-06-19T21:58:09+07:00 INFO (6): 
Elapsed Secs: 0.00035
Query: SELECT `user`.*, `cabang`.* FROM `user`
 INNER JOIN `cabang` ON cabang.id_cabang = user.id_cabang WHERE (user.username = 'admin') AND (user.password = 'd033e22ae348aeb5660fc2140aec35850c4da997')
Params: []

2015-06-19T21:58:09+07:00 INFO (6): 
Elapsed Secs: 0.00029
Query: SELECT `user`.*, `user_login`.*, `cabang`.* FROM `user`
 INNER JOIN `user_login` ON user_login.id_user = user.id_user
 INNER JOIN `cabang` ON cabang.id_cabang = user.id_cabang WHERE (user.id_user = '16')
Params: []

