2015-07-15T13:00:10+07:00 INFO (6): 
Elapsed Secs: 0.00028
Query: connect
Params: []

2015-07-15T13:00:10+07:00 INFO (6): 
Elapsed Secs: 0.00066
Query: DESCRIBE `costumer`
Params: []

2015-07-15T13:00:10+07:00 INFO (6): 
Elapsed Secs: 0.00021
Query: connect
Params: []

2015-07-15T13:00:10+07:00 INFO (6): 
Elapsed Secs: 0.00022
Query: SELECT `pinj`.`no_kontrak` FROM `costumer` AS `cos`
 INNER JOIN `pinjaman` AS `pinj` ON pinj.nik_costumer =  cos.nik_costumer
 INNER JOIN `kendaraan` AS `kend` ON kend.no_polisi = pinj.no_polisi
Params: []

2015-07-15T13:00:10+07:00 INFO (6): 
Elapsed Secs: 0.00024
Query: SELECT `pinj`.`no_kontrak`, `cos`.`nama`, `kend`.`no_polisi`, `pinj`.`angsuran_perbulan`, `pinj`.`tanggal_jatuh_tempo` FROM `costumer` AS `cos`
 INNER JOIN `pinjaman` AS `pinj` ON pinj.nik_costumer =  cos.nik_costumer
 INNER JOIN `kendaraan` AS `kend` ON kend.no_polisi = pinj.no_polisi WHERE (pinj.no_kontrak = '29-MF-00001-15') GROUP BY `pinj`.`no_kontrak`
Params: []

2015-07-15T13:00:10+07:00 INFO (6): 
Elapsed Secs: 0.00058
Query: DESCRIBE `pembayaran`
Params: []

2015-07-15T13:00:10+07:00 INFO (6): 
Elapsed Secs: 0.00018
Query: SELECT `pemb`.`angsuran_ke` FROM `pembayaran` AS `pemb` WHERE (no_kontrak = '29-MF-00001-15' ) ORDER BY `id_pembayaran` desc
Params: []

2015-07-15T13:01:57+07:00 INFO (6): 
Elapsed Secs: 0.00023
Query: connect
Params: []

2015-07-15T13:01:57+07:00 INFO (6): 
Elapsed Secs: 0.00076
Query: DESCRIBE `costumer`
Params: []

2015-07-15T13:01:57+07:00 INFO (6): 
Elapsed Secs: 0.00023
Query: connect
Params: []

2015-07-15T13:01:57+07:00 INFO (6): 
Elapsed Secs: 0.00027
Query: SELECT `pinj`.`no_kontrak` FROM `costumer` AS `cos`
 INNER JOIN `pinjaman` AS `pinj` ON pinj.nik_costumer =  cos.nik_costumer
 INNER JOIN `kendaraan` AS `kend` ON kend.no_polisi = pinj.no_polisi
Params: []

2015-07-15T13:01:57+07:00 INFO (6): 
Elapsed Secs: 0.00023
Query: SELECT `pinj`.`no_kontrak`, `cos`.`nama`, `kend`.`no_polisi`, `pinj`.`angsuran_perbulan`, `pinj`.`tanggal_jatuh_tempo` FROM `costumer` AS `cos`
 INNER JOIN `pinjaman` AS `pinj` ON pinj.nik_costumer =  cos.nik_costumer
 INNER JOIN `kendaraan` AS `kend` ON kend.no_polisi = pinj.no_polisi WHERE (pinj.no_kontrak = '29-MF-00001-15') GROUP BY `pinj`.`no_kontrak`
Params: []

2015-07-15T13:01:57+07:00 INFO (6): 
Elapsed Secs: 0.00068
Query: DESCRIBE `pembayaran`
Params: []

2015-07-15T13:01:57+07:00 INFO (6): 
Elapsed Secs: 0.0002
Query: SELECT `pemb`.`angsuran_ke` FROM `pembayaran` AS `pemb` WHERE (no_kontrak = '29-MF-00001-15' ) ORDER BY `id_pembayaran` desc
Params: []

2015-07-15T13:02:35+07:00 INFO (6): 
Elapsed Secs: 0.00021
Query: connect
Params: []

2015-07-15T13:02:35+07:00 INFO (6): 
Elapsed Secs: 0.00057
Query: DESCRIBE `costumer`
Params: []

2015-07-15T13:02:35+07:00 INFO (6): 
Elapsed Secs: 0.00021
Query: connect
Params: []

2015-07-15T13:02:35+07:00 INFO (6): 
Elapsed Secs: 0.00021
Query: SELECT `pinj`.`no_kontrak` FROM `costumer` AS `cos`
 INNER JOIN `pinjaman` AS `pinj` ON pinj.nik_costumer =  cos.nik_costumer
 INNER JOIN `kendaraan` AS `kend` ON kend.no_polisi = pinj.no_polisi
Params: []

2015-07-15T13:02:35+07:00 INFO (6): 
Elapsed Secs: 0.00017
Query: SELECT `pinj`.`no_kontrak`, `cos`.`nama`, `kend`.`no_polisi`, `pinj`.`angsuran_perbulan`, `pinj`.`tanggal_jatuh_tempo` FROM `costumer` AS `cos`
 INNER JOIN `pinjaman` AS `pinj` ON pinj.nik_costumer =  cos.nik_costumer
 INNER JOIN `kendaraan` AS `kend` ON kend.no_polisi = pinj.no_polisi WHERE (pinj.no_kontrak = '29-MF-00001-15') GROUP BY `pinj`.`no_kontrak`
Params: []

2015-07-15T13:02:35+07:00 INFO (6): 
Elapsed Secs: 0.0005
Query: DESCRIBE `pembayaran`
Params: []

2015-07-15T13:02:35+07:00 INFO (6): 
Elapsed Secs: 0.00012
Query: SELECT `pemb`.`angsuran_ke` FROM `pembayaran` AS `pemb` WHERE (no_kontrak = '29-MF-00001-15' ) ORDER BY `id_pembayaran` desc
Params: []

2015-07-15T13:03:48+07:00 INFO (6): 
Elapsed Secs: 0.00029
Query: connect
Params: []

2015-07-15T13:03:48+07:00 INFO (6): 
Elapsed Secs: 0.00086
Query: DESCRIBE `costumer`
Params: []

2015-07-15T13:03:48+07:00 INFO (6): 
Elapsed Secs: 0.00025
Query: connect
Params: []

2015-07-15T13:03:48+07:00 INFO (6): 
Elapsed Secs: 0.00026
Query: SELECT `pinj`.`no_kontrak` FROM `costumer` AS `cos`
 INNER JOIN `pinjaman` AS `pinj` ON pinj.nik_costumer =  cos.nik_costumer
 INNER JOIN `kendaraan` AS `kend` ON kend.no_polisi = pinj.no_polisi
Params: []

2015-07-15T13:03:48+07:00 INFO (6): 
Elapsed Secs: 0.00022
Query: SELECT `pinj`.`no_kontrak`, `cos`.`nama`, `kend`.`no_polisi`, `pinj`.`angsuran_perbulan`, `pinj`.`tanggal_jatuh_tempo` FROM `costumer` AS `cos`
 INNER JOIN `pinjaman` AS `pinj` ON pinj.nik_costumer =  cos.nik_costumer
 INNER JOIN `kendaraan` AS `kend` ON kend.no_polisi = pinj.no_polisi WHERE (pinj.no_kontrak = '29-MF-00001-15') GROUP BY `pinj`.`no_kontrak`
Params: []

2015-07-15T13:03:48+07:00 INFO (6): 
Elapsed Secs: 0.00067
Query: DESCRIBE `pembayaran`
Params: []

2015-07-15T13:03:48+07:00 INFO (6): 
Elapsed Secs: 0.00015
Query: SELECT `pemb`.`angsuran_ke` FROM `pembayaran` AS `pemb` WHERE (no_kontrak = '29-MF-00001-15' ) ORDER BY `id_pembayaran` desc
Params: []

2015-07-15T13:04:44+07:00 INFO (6): 
Elapsed Secs: 0.0002
Query: connect
Params: []

2015-07-15T13:04:44+07:00 INFO (6): 
Elapsed Secs: 0.00053
Query: DESCRIBE `costumer`
Params: []

2015-07-15T13:04:44+07:00 INFO (6): 
Elapsed Secs: 0.00025
Query: connect
Params: []

2015-07-15T13:04:44+07:00 INFO (6): 
Elapsed Secs: 0.00022
Query: SELECT `pinj`.`no_kontrak` FROM `costumer` AS `cos`
 INNER JOIN `pinjaman` AS `pinj` ON pinj.nik_costumer =  cos.nik_costumer
 INNER JOIN `kendaraan` AS `kend` ON kend.no_polisi = pinj.no_polisi
Params: []

2015-07-15T13:04:44+07:00 INFO (6): 
Elapsed Secs: 0.00022
Query: SELECT `pinj`.`no_kontrak`, `cos`.`nama`, `kend`.`no_polisi`, `pinj`.`angsuran_perbulan`, `pinj`.`tanggal_jatuh_tempo` FROM `costumer` AS `cos`
 INNER JOIN `pinjaman` AS `pinj` ON pinj.nik_costumer =  cos.nik_costumer
 INNER JOIN `kendaraan` AS `kend` ON kend.no_polisi = pinj.no_polisi WHERE (pinj.no_kontrak = '29-MF-00001-15') GROUP BY `pinj`.`no_kontrak`
Params: []

2015-07-15T13:04:44+07:00 INFO (6): 
Elapsed Secs: 0.0005
Query: DESCRIBE `pembayaran`
Params: []

2015-07-15T13:04:44+07:00 INFO (6): 
Elapsed Secs: 0.00011
Query: SELECT `pemb`.`angsuran_ke` FROM `pembayaran` AS `pemb` WHERE (no_kontrak = '29-MF-00001-15' ) ORDER BY `id_pembayaran` desc
Params: []

2015-07-15T13:08:55+07:00 INFO (6): 
Elapsed Secs: 0.00123
Query: connect
Params: []

2015-07-15T13:08:55+07:00 INFO (6): 
Elapsed Secs: 0.00059
Query: DESCRIBE `costumer`
Params: []

2015-07-15T13:08:55+07:00 INFO (6): 
Elapsed Secs: 0.00024
Query: connect
Params: []

2015-07-15T13:08:55+07:00 INFO (6): 
Elapsed Secs: 0.00025
Query: SELECT `pinj`.`no_kontrak` FROM `costumer` AS `cos`
 INNER JOIN `pinjaman` AS `pinj` ON pinj.nik_costumer =  cos.nik_costumer
 INNER JOIN `kendaraan` AS `kend` ON kend.no_polisi = pinj.no_polisi
Params: []

2015-07-15T13:08:55+07:00 INFO (6): 
Elapsed Secs: 0.00015
Query: SELECT `pinj`.`no_kontrak`, `cos`.`nama`, `kend`.`no_polisi`, `pinj`.`angsuran_perbulan`, `pinj`.`tanggal_jatuh_tempo` FROM `costumer` AS `cos`
 INNER JOIN `pinjaman` AS `pinj` ON pinj.nik_costumer =  cos.nik_costumer
 INNER JOIN `kendaraan` AS `kend` ON kend.no_polisi = pinj.no_polisi WHERE (pinj.no_kontrak = '30') GROUP BY `pinj`.`no_kontrak`
Params: []

2015-07-15T13:08:55+07:00 INFO (6): 
Elapsed Secs: 0.00059
Query: DESCRIBE `pembayaran`
Params: []

2015-07-15T13:08:55+07:00 INFO (6): 
Elapsed Secs: 0.00018
Query: SELECT `pemb`.`angsuran_ke` FROM `pembayaran` AS `pemb` WHERE (no_kontrak = '30' ) ORDER BY `id_pembayaran` desc
Params: []

2015-07-15T13:09:28+07:00 INFO (6): 
Elapsed Secs: 0.00025
Query: connect
Params: []

2015-07-15T13:09:28+07:00 INFO (6): 
Elapsed Secs: 0.00075
Query: DESCRIBE `costumer`
Params: []

2015-07-15T13:09:28+07:00 INFO (6): 
Elapsed Secs: 0.0002
Query: connect
Params: []

2015-07-15T13:09:28+07:00 INFO (6): 
Elapsed Secs: 0.00022
Query: SELECT `pinj`.`no_kontrak` FROM `costumer` AS `cos`
 INNER JOIN `pinjaman` AS `pinj` ON pinj.nik_costumer =  cos.nik_costumer
 INNER JOIN `kendaraan` AS `kend` ON kend.no_polisi = pinj.no_polisi
Params: []

2015-07-15T13:09:28+07:00 INFO (6): 
Elapsed Secs: 0.00017
Query: SELECT `pinj`.`no_kontrak`, `cos`.`nama`, `kend`.`no_polisi`, `pinj`.`angsuran_perbulan`, `pinj`.`tanggal_jatuh_tempo` FROM `costumer` AS `cos`
 INNER JOIN `pinjaman` AS `pinj` ON pinj.nik_costumer =  cos.nik_costumer
 INNER JOIN `kendaraan` AS `kend` ON kend.no_polisi = pinj.no_polisi WHERE (pinj.no_kontrak = '30') GROUP BY `pinj`.`no_kontrak`
Params: []

2015-07-15T13:09:28+07:00 INFO (6): 
Elapsed Secs: 0.0006
Query: DESCRIBE `pembayaran`
Params: []

2015-07-15T13:09:28+07:00 INFO (6): 
Elapsed Secs: 0.00015
Query: SELECT `pemb`.`angsuran_ke` FROM `pembayaran` AS `pemb` WHERE (no_kontrak = '30' ) ORDER BY `id_pembayaran` desc
Params: []

2015-07-15T13:10:04+07:00 INFO (6): 
Elapsed Secs: 0.00047
Query: connect
Params: []

2015-07-15T13:10:04+07:00 INFO (6): 
Elapsed Secs: 0.00148
Query: DESCRIBE `costumer`
Params: []

2015-07-15T13:10:04+07:00 INFO (6): 
Elapsed Secs: 0.00049
Query: connect
Params: []

2015-07-15T13:10:04+07:00 INFO (6): 
Elapsed Secs: 0.00049
Query: SELECT `pinj`.`no_kontrak` FROM `costumer` AS `cos`
 INNER JOIN `pinjaman` AS `pinj` ON pinj.nik_costumer =  cos.nik_costumer
 INNER JOIN `kendaraan` AS `kend` ON kend.no_polisi = pinj.no_polisi
Params: []

2015-07-15T13:10:04+07:00 INFO (6): 
Elapsed Secs: 0.00036
Query: SELECT `pinj`.`no_kontrak`, `cos`.`nama`, `kend`.`no_polisi`, `pinj`.`angsuran_perbulan`, `pinj`.`tanggal_jatuh_tempo` FROM `costumer` AS `cos`
 INNER JOIN `pinjaman` AS `pinj` ON pinj.nik_costumer =  cos.nik_costumer
 INNER JOIN `kendaraan` AS `kend` ON kend.no_polisi = pinj.no_polisi WHERE (pinj.no_kontrak = '30') GROUP BY `pinj`.`no_kontrak`
Params: []

2015-07-15T13:10:05+07:00 INFO (6): 
Elapsed Secs: 0.00102
Query: DESCRIBE `pembayaran`
Params: []

2015-07-15T13:10:05+07:00 INFO (6): 
Elapsed Secs: 0.00027
Query: SELECT `pemb`.`angsuran_ke` FROM `pembayaran` AS `pemb` WHERE (no_kontrak = '30' ) ORDER BY `id_pembayaran` desc
Params: []

2015-07-15T13:10:08+07:00 INFO (6): 
Elapsed Secs: 0.00115
Query: connect
Params: []

2015-07-15T13:10:08+07:00 INFO (6): 
Elapsed Secs: 0.00061
Query: DESCRIBE `costumer`
Params: []

2015-07-15T13:10:08+07:00 INFO (6): 
Elapsed Secs: 0.00019
Query: connect
Params: []

2015-07-15T13:10:08+07:00 INFO (6): 
Elapsed Secs: 0.00022
Query: SELECT `pinj`.`no_kontrak` FROM `costumer` AS `cos`
 INNER JOIN `pinjaman` AS `pinj` ON pinj.nik_costumer =  cos.nik_costumer
 INNER JOIN `kendaraan` AS `kend` ON kend.no_polisi = pinj.no_polisi
Params: []

2015-07-15T13:10:08+07:00 INFO (6): 
Elapsed Secs: 0.0002
Query: SELECT `pinj`.`no_kontrak`, `cos`.`nama`, `kend`.`no_polisi`, `pinj`.`angsuran_perbulan`, `pinj`.`tanggal_jatuh_tempo` FROM `costumer` AS `cos`
 INNER JOIN `pinjaman` AS `pinj` ON pinj.nik_costumer =  cos.nik_costumer
 INNER JOIN `kendaraan` AS `kend` ON kend.no_polisi = pinj.no_polisi WHERE (pinj.no_kontrak = '29-MF-00001-15') GROUP BY `pinj`.`no_kontrak`
Params: []

2015-07-15T13:10:08+07:00 INFO (6): 
Elapsed Secs: 0.00054
Query: DESCRIBE `pembayaran`
Params: []

2015-07-15T13:10:08+07:00 INFO (6): 
Elapsed Secs: 0.00012
Query: SELECT `pemb`.`angsuran_ke` FROM `pembayaran` AS `pemb` WHERE (no_kontrak = '29-MF-00001-15' ) ORDER BY `id_pembayaran` desc
Params: []

2015-07-15T13:11:47+07:00 INFO (6): 
Elapsed Secs: 0.0011
Query: connect
Params: []

2015-07-15T13:11:47+07:00 INFO (6): 
Elapsed Secs: 0.0006
Query: DESCRIBE `costumer`
Params: []

2015-07-15T13:11:47+07:00 INFO (6): 
Elapsed Secs: 0.00025
Query: connect
Params: []

2015-07-15T13:11:47+07:00 INFO (6): 
Elapsed Secs: 0.00022
Query: SELECT `pinj`.`no_kontrak` FROM `costumer` AS `cos`
 INNER JOIN `pinjaman` AS `pinj` ON pinj.nik_costumer =  cos.nik_costumer
 INNER JOIN `kendaraan` AS `kend` ON kend.no_polisi = pinj.no_polisi
Params: []

2015-07-15T13:11:47+07:00 INFO (6): 
Elapsed Secs: 0.00019
Query: SELECT `pinj`.`no_kontrak`, `cos`.`nama`, `kend`.`no_polisi`, `pinj`.`angsuran_perbulan`, `pinj`.`tanggal_jatuh_tempo` FROM `costumer` AS `cos`
 INNER JOIN `pinjaman` AS `pinj` ON pinj.nik_costumer =  cos.nik_costumer
 INNER JOIN `kendaraan` AS `kend` ON kend.no_polisi = pinj.no_polisi WHERE (pinj.no_kontrak = '29-MF-00001-15') GROUP BY `pinj`.`no_kontrak`
Params: []

2015-07-15T13:11:47+07:00 INFO (6): 
Elapsed Secs: 0.00058
Query: DESCRIBE `pembayaran`
Params: []

2015-07-15T13:11:47+07:00 INFO (6): 
Elapsed Secs: 0.00018
Query: SELECT `pemb`.`angsuran_ke` FROM `pembayaran` AS `pemb` WHERE (no_kontrak = '29-MF-00001-15' ) ORDER BY `id_pembayaran` desc
Params: []

2015-07-15T13:11:49+07:00 INFO (6): 
Elapsed Secs: 0.00123
Query: connect
Params: []

2015-07-15T13:11:49+07:00 INFO (6): 
Elapsed Secs: 0.00081
Query: DESCRIBE `cabang`
Params: []

2015-07-15T13:11:49+07:00 INFO (6): 
Elapsed Secs: 0.0002
Query: SELECT `cabang`.* FROM `cabang` WHERE (id_cabang = '29' ) LIMIT 1
Params: []

2015-07-15T13:11:49+07:00 INFO (6): 
Elapsed Secs: 0.00074
Query: DESCRIBE `pinjaman`
Params: []

2015-07-15T13:11:49+07:00 INFO (6): 
Elapsed Secs: 0.00036
Query: SELECT `pin`.*, `cos`.`nama` FROM `pinjaman` AS `pin`
 INNER JOIN `costumer` AS `cos` ON pin.nik_costumer = cos.nik_costumer
 INNER JOIN `user` AS `us` ON cos.id_user = us.id_user
 INNER JOIN `cabang` AS `cb` ON us.id_cabang = cb.id_cabang WHERE (us.id_user = '15') OR (cb.id_cabang = '29')
Params: []

2015-07-15T13:11:49+07:00 INFO (6): 
Elapsed Secs: 0.00061
Query: DESCRIBE `spb`
Params: []

2015-07-15T13:11:49+07:00 INFO (6): 
Elapsed Secs: 0.00016
Query: SELECT `spb`.* FROM `spb` WHERE (no_kontrak = '29-MF-00001-15') LIMIT 1
Params: []

2015-07-15T13:11:49+07:00 INFO (6): 
Elapsed Secs: 0.00015
Query: SELECT `spb`.* FROM `spb` WHERE (no_kontrak = '29-MF-00157-15') LIMIT 1
Params: []

2015-07-15T13:11:49+07:00 INFO (6): 
Elapsed Secs: 0.00016
Query: SELECT `spb`.* FROM `spb` WHERE (no_kontrak = '29/MF/00154/15') LIMIT 1
Params: []

2015-07-15T13:11:52+07:00 INFO (6): 
Elapsed Secs: 0.00018
Query: connect
Params: []

2015-07-15T13:11:52+07:00 INFO (6): 
Elapsed Secs: 0.00064
Query: DESCRIBE `costumer`
Params: []

2015-07-15T13:11:52+07:00 INFO (6): 
Elapsed Secs: 0.00015
Query: connect
Params: []

2015-07-15T13:11:52+07:00 INFO (6): 
Elapsed Secs: 0.00021
Query: SELECT `pinj`.`no_kontrak` FROM `costumer` AS `cos`
 INNER JOIN `pinjaman` AS `pinj` ON pinj.nik_costumer =  cos.nik_costumer
 INNER JOIN `kendaraan` AS `kend` ON kend.no_polisi = pinj.no_polisi
Params: []

2015-07-15T13:11:57+07:00 INFO (6): 
Elapsed Secs: 0.00047
Query: connect
Params: []

2015-07-15T13:11:57+07:00 INFO (6): 
Elapsed Secs: 0.00124
Query: DESCRIBE `costumer`
Params: []

2015-07-15T13:11:57+07:00 INFO (6): 
Elapsed Secs: 0.00038
Query: connect
Params: []

2015-07-15T13:11:57+07:00 INFO (6): 
Elapsed Secs: 0.00032
Query: SELECT `pinj`.`no_kontrak` FROM `costumer` AS `cos`
 INNER JOIN `pinjaman` AS `pinj` ON pinj.nik_costumer =  cos.nik_costumer
 INNER JOIN `kendaraan` AS `kend` ON kend.no_polisi = pinj.no_polisi
Params: []

2015-07-15T13:12:15+07:00 INFO (6): 
Elapsed Secs: 0.00034
Query: connect
Params: []

2015-07-15T13:12:15+07:00 INFO (6): 
Elapsed Secs: 0.00081
Query: DESCRIBE `costumer`
Params: []

2015-07-15T13:12:15+07:00 INFO (6): 
Elapsed Secs: 0.0003
Query: connect
Params: []

2015-07-15T13:12:15+07:00 INFO (6): 
Elapsed Secs: 0.00027
Query: SELECT `pinj`.`no_kontrak` FROM `costumer` AS `cos`
 INNER JOIN `pinjaman` AS `pinj` ON pinj.nik_costumer =  cos.nik_costumer
 INNER JOIN `kendaraan` AS `kend` ON kend.no_polisi = pinj.no_polisi
Params: []

2015-07-15T13:12:51+07:00 INFO (6): 
Elapsed Secs: 0.00029
Query: connect
Params: []

2015-07-15T13:12:51+07:00 INFO (6): 
Elapsed Secs: 0.00059
Query: DESCRIBE `costumer`
Params: []

2015-07-15T13:12:51+07:00 INFO (6): 
Elapsed Secs: 0.00023
Query: connect
Params: []

2015-07-15T13:12:51+07:00 INFO (6): 
Elapsed Secs: 0.00023
Query: SELECT `pinj`.`no_kontrak` FROM `costumer` AS `cos`
 INNER JOIN `pinjaman` AS `pinj` ON pinj.nik_costumer =  cos.nik_costumer
 INNER JOIN `kendaraan` AS `kend` ON kend.no_polisi = pinj.no_polisi
Params: []

2015-07-15T13:13:00+07:00 INFO (6): 
Elapsed Secs: 0.00028
Query: connect
Params: []

2015-07-15T13:13:00+07:00 INFO (6): 
Elapsed Secs: 0.00079
Query: DESCRIBE `costumer`
Params: []

2015-07-15T13:13:00+07:00 INFO (6): 
Elapsed Secs: 0.00026
Query: connect
Params: []

2015-07-15T13:13:00+07:00 INFO (6): 
Elapsed Secs: 0.00028
Query: SELECT `pinj`.`no_kontrak` FROM `costumer` AS `cos`
 INNER JOIN `pinjaman` AS `pinj` ON pinj.nik_costumer =  cos.nik_costumer
 INNER JOIN `kendaraan` AS `kend` ON kend.no_polisi = pinj.no_polisi
Params: []

2015-07-15T13:13:01+07:00 INFO (6): 
Elapsed Secs: 0.00063
Query: connect
Params: []

2015-07-15T13:13:01+07:00 INFO (6): 
Elapsed Secs: 0.00179
Query: DESCRIBE `costumer`
Params: []

2015-07-15T13:13:01+07:00 INFO (6): 
Elapsed Secs: 0.00057
Query: connect
Params: []

2015-07-15T13:13:01+07:00 INFO (6): 
Elapsed Secs: 0.00039
Query: SELECT `pinj`.`no_kontrak` FROM `costumer` AS `cos`
 INNER JOIN `pinjaman` AS `pinj` ON pinj.nik_costumer =  cos.nik_costumer
 INNER JOIN `kendaraan` AS `kend` ON kend.no_polisi = pinj.no_polisi
Params: []

2015-07-15T13:13:10+07:00 INFO (6): 
Elapsed Secs: 0.00154
Query: connect
Params: []

2015-07-15T13:13:10+07:00 INFO (6): 
Elapsed Secs: 0.00078
Query: DESCRIBE `costumer`
Params: []

2015-07-15T13:13:10+07:00 INFO (6): 
Elapsed Secs: 0.0003
Query: connect
Params: []

2015-07-15T13:13:10+07:00 INFO (6): 
Elapsed Secs: 0.00024
Query: SELECT `pinj`.`no_kontrak` FROM `costumer` AS `cos`
 INNER JOIN `pinjaman` AS `pinj` ON pinj.nik_costumer =  cos.nik_costumer
 INNER JOIN `kendaraan` AS `kend` ON kend.no_polisi = pinj.no_polisi
Params: []

2015-07-15T13:13:25+07:00 INFO (6): 
Elapsed Secs: 0.00023
Query: connect
Params: []

2015-07-15T13:13:25+07:00 INFO (6): 
Elapsed Secs: 0.00054
Query: DESCRIBE `costumer`
Params: []

2015-07-15T13:13:25+07:00 INFO (6): 
Elapsed Secs: 0.00025
Query: connect
Params: []

2015-07-15T13:13:25+07:00 INFO (6): 
Elapsed Secs: 0.00022
Query: SELECT `pinj`.`no_kontrak` FROM `costumer` AS `cos`
 INNER JOIN `pinjaman` AS `pinj` ON pinj.nik_costumer =  cos.nik_costumer
 INNER JOIN `kendaraan` AS `kend` ON kend.no_polisi = pinj.no_polisi
Params: []

2015-07-15T13:13:27+07:00 INFO (6): 
Elapsed Secs: 0.0003
Query: connect
Params: []

2015-07-15T13:13:27+07:00 INFO (6): 
Elapsed Secs: 0.00067
Query: DESCRIBE `costumer`
Params: []

2015-07-15T13:13:27+07:00 INFO (6): 
Elapsed Secs: 0.00028
Query: connect
Params: []

2015-07-15T13:13:27+07:00 INFO (6): 
Elapsed Secs: 0.00022
Query: SELECT `pinj`.`no_kontrak` FROM `costumer` AS `cos`
 INNER JOIN `pinjaman` AS `pinj` ON pinj.nik_costumer =  cos.nik_costumer
 INNER JOIN `kendaraan` AS `kend` ON kend.no_polisi = pinj.no_polisi
Params: []

2015-07-15T13:13:27+07:00 INFO (6): 
Elapsed Secs: 0.00017
Query: SELECT `pinj`.`no_kontrak`, `cos`.`nama`, `kend`.`no_polisi`, `pinj`.`angsuran_perbulan`, `pinj`.`tanggal_jatuh_tempo` FROM `costumer` AS `cos`
 INNER JOIN `pinjaman` AS `pinj` ON pinj.nik_costumer =  cos.nik_costumer
 INNER JOIN `kendaraan` AS `kend` ON kend.no_polisi = pinj.no_polisi WHERE (pinj.no_kontrak = '29-MF-00001-15') GROUP BY `pinj`.`no_kontrak`
Params: []

2015-07-15T13:13:27+07:00 INFO (6): 
Elapsed Secs: 0.00044
Query: DESCRIBE `pembayaran`
Params: []

2015-07-15T13:13:27+07:00 INFO (6): 
Elapsed Secs: 0.00015
Query: SELECT `pemb`.`angsuran_ke` FROM `pembayaran` AS `pemb` WHERE (no_kontrak = '29-MF-00001-15' ) ORDER BY `id_pembayaran` desc
Params: []

2015-07-15T13:18:18+07:00 INFO (6): 
Elapsed Secs: 0.00023
Query: connect
Params: []

2015-07-15T13:18:18+07:00 INFO (6): 
Elapsed Secs: 0.00056
Query: DESCRIBE `pembayaran`
Params: []

2015-07-15T13:18:40+07:00 INFO (6): 
Elapsed Secs: 0.00028
Query: connect
Params: []

2015-07-15T13:18:40+07:00 INFO (6): 
Elapsed Secs: 0.00078
Query: DESCRIBE `costumer`
Params: []

2015-07-15T13:18:40+07:00 INFO (6): 
Elapsed Secs: 0.00023
Query: connect
Params: []

2015-07-15T13:18:40+07:00 INFO (6): 
Elapsed Secs: 0.00023
Query: SELECT `pinj`.`no_kontrak` FROM `costumer` AS `cos`
 INNER JOIN `pinjaman` AS `pinj` ON pinj.nik_costumer =  cos.nik_costumer
 INNER JOIN `kendaraan` AS `kend` ON kend.no_polisi = pinj.no_polisi
Params: []

2015-07-15T13:18:40+07:00 INFO (6): 
Elapsed Secs: 0.00022
Query: SELECT `pinj`.`no_kontrak`, `cos`.`nama`, `kend`.`no_polisi`, `pinj`.`angsuran_perbulan`, `pinj`.`tanggal_jatuh_tempo` FROM `costumer` AS `cos`
 INNER JOIN `pinjaman` AS `pinj` ON pinj.nik_costumer =  cos.nik_costumer
 INNER JOIN `kendaraan` AS `kend` ON kend.no_polisi = pinj.no_polisi WHERE (pinj.no_kontrak = '29-MF-00001-15') GROUP BY `pinj`.`no_kontrak`
Params: []

2015-07-15T13:18:40+07:00 INFO (6): 
Elapsed Secs: 0.0006
Query: DESCRIBE `pembayaran`
Params: []

2015-07-15T13:18:40+07:00 INFO (6): 
Elapsed Secs: 0.00015
Query: SELECT `pemb`.`angsuran_ke` FROM `pembayaran` AS `pemb` WHERE (no_kontrak = '29-MF-00001-15' ) ORDER BY `id_pembayaran` desc
Params: []

2015-07-15T13:18:42+07:00 INFO (6): 
Elapsed Secs: 0.00035
Query: connect
Params: []

2015-07-15T13:18:42+07:00 INFO (6): 
Elapsed Secs: 0.00061
Query: DESCRIBE `pembayaran`
Params: []

2015-07-15T13:18:58+07:00 INFO (6): 
Elapsed Secs: 0.00117
Query: connect
Params: []

2015-07-15T13:18:58+07:00 INFO (6): 
Elapsed Secs: 0.00063
Query: DESCRIBE `costumer`
Params: []

2015-07-15T13:18:58+07:00 INFO (6): 
Elapsed Secs: 0.00014
Query: connect
Params: []

2015-07-15T13:18:58+07:00 INFO (6): 
Elapsed Secs: 0.00018
Query: SELECT `pinj`.`no_kontrak` FROM `costumer` AS `cos`
 INNER JOIN `pinjaman` AS `pinj` ON pinj.nik_costumer =  cos.nik_costumer
 INNER JOIN `kendaraan` AS `kend` ON kend.no_polisi = pinj.no_polisi
Params: []

2015-07-15T13:18:58+07:00 INFO (6): 
Elapsed Secs: 0.00014
Query: SELECT `pinj`.`no_kontrak`, `cos`.`nama`, `kend`.`no_polisi`, `pinj`.`angsuran_perbulan`, `pinj`.`tanggal_jatuh_tempo` FROM `costumer` AS `cos`
 INNER JOIN `pinjaman` AS `pinj` ON pinj.nik_costumer =  cos.nik_costumer
 INNER JOIN `kendaraan` AS `kend` ON kend.no_polisi = pinj.no_polisi WHERE (pinj.no_kontrak = '29-MF-00001-15') GROUP BY `pinj`.`no_kontrak`
Params: []

2015-07-15T13:18:58+07:00 INFO (6): 
Elapsed Secs: 0.00039
Query: DESCRIBE `pembayaran`
Params: []

2015-07-15T13:18:58+07:00 INFO (6): 
Elapsed Secs: 0.00013
Query: SELECT `pemb`.`angsuran_ke` FROM `pembayaran` AS `pemb` WHERE (no_kontrak = '29-MF-00001-15' ) ORDER BY `id_pembayaran` desc
Params: []

2015-07-15T13:19:00+07:00 INFO (6): 
Elapsed Secs: 0.00021
Query: connect
Params: []

2015-07-15T13:19:00+07:00 INFO (6): 
Elapsed Secs: 0.00059
Query: DESCRIBE `pembayaran`
Params: []

2015-07-15T13:19:18+07:00 INFO (6): 
Elapsed Secs: 0.00033
Query: connect
Params: []

2015-07-15T13:19:18+07:00 INFO (6): 
Elapsed Secs: 0.00095
Query: DESCRIBE `costumer`
Params: []

2015-07-15T13:19:18+07:00 INFO (6): 
Elapsed Secs: 0.0003
Query: connect
Params: []

2015-07-15T13:19:18+07:00 INFO (6): 
Elapsed Secs: 0.00031
Query: SELECT `pinj`.`no_kontrak` FROM `costumer` AS `cos`
 INNER JOIN `pinjaman` AS `pinj` ON pinj.nik_costumer =  cos.nik_costumer
 INNER JOIN `kendaraan` AS `kend` ON kend.no_polisi = pinj.no_polisi
Params: []

2015-07-15T13:19:18+07:00 INFO (6): 
Elapsed Secs: 0.00028
Query: SELECT `pinj`.`no_kontrak`, `cos`.`nama`, `kend`.`no_polisi`, `pinj`.`angsuran_perbulan`, `pinj`.`tanggal_jatuh_tempo` FROM `costumer` AS `cos`
 INNER JOIN `pinjaman` AS `pinj` ON pinj.nik_costumer =  cos.nik_costumer
 INNER JOIN `kendaraan` AS `kend` ON kend.no_polisi = pinj.no_polisi WHERE (pinj.no_kontrak = '29-MF-00001-15') GROUP BY `pinj`.`no_kontrak`
Params: []

2015-07-15T13:19:18+07:00 INFO (6): 
Elapsed Secs: 0.00076
Query: DESCRIBE `pembayaran`
Params: []

2015-07-15T13:19:18+07:00 INFO (6): 
Elapsed Secs: 0.00017
Query: SELECT `pemb`.`angsuran_ke` FROM `pembayaran` AS `pemb` WHERE (no_kontrak = '29-MF-00001-15' ) ORDER BY `id_pembayaran` desc
Params: []

2015-07-15T13:19:19+07:00 INFO (6): 
Elapsed Secs: 0.00024
Query: connect
Params: []

2015-07-15T13:19:19+07:00 INFO (6): 
Elapsed Secs: 0.00061
Query: DESCRIBE `pembayaran`
Params: []

2015-07-15T13:19:25+07:00 INFO (6): 
Elapsed Secs: 0.00029
Query: connect
Params: []

2015-07-15T13:19:25+07:00 INFO (6): 
Elapsed Secs: 0.00083
Query: DESCRIBE `costumer`
Params: []

2015-07-15T13:19:25+07:00 INFO (6): 
Elapsed Secs: 0.00023
Query: connect
Params: []

2015-07-15T13:19:25+07:00 INFO (6): 
Elapsed Secs: 0.00027
Query: SELECT `pinj`.`no_kontrak` FROM `costumer` AS `cos`
 INNER JOIN `pinjaman` AS `pinj` ON pinj.nik_costumer =  cos.nik_costumer
 INNER JOIN `kendaraan` AS `kend` ON kend.no_polisi = pinj.no_polisi
Params: []

2015-07-15T13:19:25+07:00 INFO (6): 
Elapsed Secs: 0.00026
Query: SELECT `pinj`.`no_kontrak`, `cos`.`nama`, `kend`.`no_polisi`, `pinj`.`angsuran_perbulan`, `pinj`.`tanggal_jatuh_tempo` FROM `costumer` AS `cos`
 INNER JOIN `pinjaman` AS `pinj` ON pinj.nik_costumer =  cos.nik_costumer
 INNER JOIN `kendaraan` AS `kend` ON kend.no_polisi = pinj.no_polisi WHERE (pinj.no_kontrak = '29-MF-00001-15') GROUP BY `pinj`.`no_kontrak`
Params: []

2015-07-15T13:19:25+07:00 INFO (6): 
Elapsed Secs: 0.00061
Query: DESCRIBE `pembayaran`
Params: []

2015-07-15T13:19:25+07:00 INFO (6): 
Elapsed Secs: 0.00017
Query: SELECT `pemb`.`angsuran_ke` FROM `pembayaran` AS `pemb` WHERE (no_kontrak = '29-MF-00001-15' ) ORDER BY `id_pembayaran` desc
Params: []

2015-07-15T13:19:26+07:00 INFO (6): 
Elapsed Secs: 0.00026
Query: connect
Params: []

2015-07-15T13:19:26+07:00 INFO (6): 
Elapsed Secs: 0.00075
Query: DESCRIBE `costumer`
Params: []

2015-07-15T13:19:26+07:00 INFO (6): 
Elapsed Secs: 0.00022
Query: connect
Params: []

2015-07-15T13:19:26+07:00 INFO (6): 
Elapsed Secs: 0.00023
Query: SELECT `pinj`.`no_kontrak` FROM `costumer` AS `cos`
 INNER JOIN `pinjaman` AS `pinj` ON pinj.nik_costumer =  cos.nik_costumer
 INNER JOIN `kendaraan` AS `kend` ON kend.no_polisi = pinj.no_polisi
Params: []

2015-07-15T13:19:26+07:00 INFO (6): 
Elapsed Secs: 0.00022
Query: SELECT `pinj`.`no_kontrak`, `cos`.`nama`, `kend`.`no_polisi`, `pinj`.`angsuran_perbulan`, `pinj`.`tanggal_jatuh_tempo` FROM `costumer` AS `cos`
 INNER JOIN `pinjaman` AS `pinj` ON pinj.nik_costumer =  cos.nik_costumer
 INNER JOIN `kendaraan` AS `kend` ON kend.no_polisi = pinj.no_polisi WHERE (pinj.no_kontrak = '29-MF-00001-15') GROUP BY `pinj`.`no_kontrak`
Params: []

2015-07-15T13:19:26+07:00 INFO (6): 
Elapsed Secs: 0.00056
Query: DESCRIBE `pembayaran`
Params: []

2015-07-15T13:19:26+07:00 INFO (6): 
Elapsed Secs: 0.00015
Query: SELECT `pemb`.`angsuran_ke` FROM `pembayaran` AS `pemb` WHERE (no_kontrak = '29-MF-00001-15' ) ORDER BY `id_pembayaran` desc
Params: []

2015-07-15T13:19:28+07:00 INFO (6): 
Elapsed Secs: 0.00117
Query: connect
Params: []

2015-07-15T13:19:28+07:00 INFO (6): 
Elapsed Secs: 0.00057
Query: DESCRIBE `pembayaran`
Params: []

2015-07-15T13:19:30+07:00 INFO (6): 
Elapsed Secs: 0.00031
Query: connect
Params: []

2015-07-15T13:19:30+07:00 INFO (6): 
Elapsed Secs: 0.00076
Query: DESCRIBE `costumer`
Params: []

2015-07-15T13:19:30+07:00 INFO (6): 
Elapsed Secs: 0.00028
Query: connect
Params: []

2015-07-15T13:19:30+07:00 INFO (6): 
Elapsed Secs: 0.00027
Query: SELECT `pinj`.`no_kontrak` FROM `costumer` AS `cos`
 INNER JOIN `pinjaman` AS `pinj` ON pinj.nik_costumer =  cos.nik_costumer
 INNER JOIN `kendaraan` AS `kend` ON kend.no_polisi = pinj.no_polisi
Params: []

2015-07-15T13:19:30+07:00 INFO (6): 
Elapsed Secs: 0.00025
Query: SELECT `pinj`.`no_kontrak`, `cos`.`nama`, `kend`.`no_polisi`, `pinj`.`angsuran_perbulan`, `pinj`.`tanggal_jatuh_tempo` FROM `costumer` AS `cos`
 INNER JOIN `pinjaman` AS `pinj` ON pinj.nik_costumer =  cos.nik_costumer
 INNER JOIN `kendaraan` AS `kend` ON kend.no_polisi = pinj.no_polisi WHERE (pinj.no_kontrak = '29-MF-00001-15') GROUP BY `pinj`.`no_kontrak`
Params: []

2015-07-15T13:19:30+07:00 INFO (6): 
Elapsed Secs: 0.00058
Query: DESCRIBE `pembayaran`
Params: []

2015-07-15T13:19:30+07:00 INFO (6): 
Elapsed Secs: 0.00014
Query: SELECT `pemb`.`angsuran_ke` FROM `pembayaran` AS `pemb` WHERE (no_kontrak = '29-MF-00001-15' ) ORDER BY `id_pembayaran` desc
Params: []

2015-07-15T13:20:09+07:00 INFO (6): 
Elapsed Secs: 0.00023
Query: connect
Params: []

2015-07-15T13:20:09+07:00 INFO (6): 
Elapsed Secs: 0.00076
Query: DESCRIBE `costumer`
Params: []

2015-07-15T13:20:09+07:00 INFO (6): 
Elapsed Secs: 0.00019
Query: connect
Params: []

2015-07-15T13:20:09+07:00 INFO (6): 
Elapsed Secs: 0.00029
Query: SELECT `pinj`.`no_kontrak` FROM `costumer` AS `cos`
 INNER JOIN `pinjaman` AS `pinj` ON pinj.nik_costumer =  cos.nik_costumer
 INNER JOIN `kendaraan` AS `kend` ON kend.no_polisi = pinj.no_polisi
Params: []

2015-07-15T13:20:09+07:00 INFO (6): 
Elapsed Secs: 0.0002
Query: SELECT `pinj`.`no_kontrak`, `cos`.`nama`, `kend`.`no_polisi`, `pinj`.`angsuran_perbulan`, `pinj`.`tanggal_jatuh_tempo` FROM `costumer` AS `cos`
 INNER JOIN `pinjaman` AS `pinj` ON pinj.nik_costumer =  cos.nik_costumer
 INNER JOIN `kendaraan` AS `kend` ON kend.no_polisi = pinj.no_polisi WHERE (pinj.no_kontrak = '29-MF-00001-15') GROUP BY `pinj`.`no_kontrak`
Params: []

2015-07-15T13:20:09+07:00 INFO (6): 
Elapsed Secs: 0.00058
Query: DESCRIBE `pembayaran`
Params: []

2015-07-15T13:20:09+07:00 INFO (6): 
Elapsed Secs: 0.00016
Query: SELECT `pemb`.`angsuran_ke` FROM `pembayaran` AS `pemb` WHERE (no_kontrak = '29-MF-00001-15' ) ORDER BY `id_pembayaran` desc
Params: []

2015-07-15T13:20:11+07:00 INFO (6): 
Elapsed Secs: 0.00027
Query: connect
Params: []

2015-07-15T13:20:11+07:00 INFO (6): 
Elapsed Secs: 0.00058
Query: DESCRIBE `pembayaran`
Params: []

2015-07-15T13:20:11+07:00 INFO (6): 
Elapsed Secs: 0.17062
Query: INSERT INTO `pembayaran` (`no_kontrak`, `angsuran_ke`, `denda`, `total_bayar`, `tanggal_pembayaran`, `no_kwitansi`) VALUES (?, ?, ?, ?, ?, ?)
Params: {"1":"29-MF-00001-15","2":"1.901.220,00","3":"90.000,00","4":"1.991.220,00","5":"2015-07-15","6":"0001"}

2015-07-15T13:21:10+07:00 INFO (6): 
Elapsed Secs: 0.00035
Query: connect
Params: []

2015-07-15T13:21:10+07:00 INFO (6): 
Elapsed Secs: 0.00064
Query: DESCRIBE `costumer`
Params: []

2015-07-15T13:21:10+07:00 INFO (6): 
Elapsed Secs: 0.00019
Query: connect
Params: []

2015-07-15T13:21:10+07:00 INFO (6): 
Elapsed Secs: 0.00021
Query: SELECT `pinj`.`no_kontrak` FROM `costumer` AS `cos`
 INNER JOIN `pinjaman` AS `pinj` ON pinj.nik_costumer =  cos.nik_costumer
 INNER JOIN `kendaraan` AS `kend` ON kend.no_polisi = pinj.no_polisi
Params: []

2015-07-15T13:21:10+07:00 INFO (6): 
Elapsed Secs: 0.00016
Query: SELECT `pinj`.`no_kontrak`, `cos`.`nama`, `kend`.`no_polisi`, `pinj`.`angsuran_perbulan`, `pinj`.`tanggal_jatuh_tempo` FROM `costumer` AS `cos`
 INNER JOIN `pinjaman` AS `pinj` ON pinj.nik_costumer =  cos.nik_costumer
 INNER JOIN `kendaraan` AS `kend` ON kend.no_polisi = pinj.no_polisi WHERE (pinj.no_kontrak = '29-MF-00001-15') GROUP BY `pinj`.`no_kontrak`
Params: []

2015-07-15T13:21:10+07:00 INFO (6): 
Elapsed Secs: 0.00047
Query: DESCRIBE `pembayaran`
Params: []

2015-07-15T13:21:10+07:00 INFO (6): 
Elapsed Secs: 0.00013
Query: SELECT `pemb`.`angsuran_ke` FROM `pembayaran` AS `pemb` WHERE (no_kontrak = '29-MF-00001-15' ) ORDER BY `id_pembayaran` desc
Params: []

2015-07-15T13:21:11+07:00 INFO (6): 
Elapsed Secs: 0.00021
Query: connect
Params: []

2015-07-15T13:21:11+07:00 INFO (6): 
Elapsed Secs: 0.00056
Query: DESCRIBE `costumer`
Params: []

2015-07-15T13:21:11+07:00 INFO (6): 
Elapsed Secs: 0.0002
Query: connect
Params: []

2015-07-15T13:21:11+07:00 INFO (6): 
Elapsed Secs: 0.00024
Query: SELECT `pinj`.`no_kontrak` FROM `costumer` AS `cos`
 INNER JOIN `pinjaman` AS `pinj` ON pinj.nik_costumer =  cos.nik_costumer
 INNER JOIN `kendaraan` AS `kend` ON kend.no_polisi = pinj.no_polisi
Params: []

2015-07-15T13:21:11+07:00 INFO (6): 
Elapsed Secs: 0.00019
Query: SELECT `pinj`.`no_kontrak`, `cos`.`nama`, `kend`.`no_polisi`, `pinj`.`angsuran_perbulan`, `pinj`.`tanggal_jatuh_tempo` FROM `costumer` AS `cos`
 INNER JOIN `pinjaman` AS `pinj` ON pinj.nik_costumer =  cos.nik_costumer
 INNER JOIN `kendaraan` AS `kend` ON kend.no_polisi = pinj.no_polisi WHERE (pinj.no_kontrak = '29-MF-00001-15') GROUP BY `pinj`.`no_kontrak`
Params: []

2015-07-15T13:21:11+07:00 INFO (6): 
Elapsed Secs: 0.00041
Query: DESCRIBE `pembayaran`
Params: []

2015-07-15T13:21:11+07:00 INFO (6): 
Elapsed Secs: 0.0001
Query: SELECT `pemb`.`angsuran_ke` FROM `pembayaran` AS `pemb` WHERE (no_kontrak = '29-MF-00001-15' ) ORDER BY `id_pembayaran` desc
Params: []

2015-07-15T13:21:23+07:00 INFO (6): 
Elapsed Secs: 0.00033
Query: connect
Params: []

2015-07-15T13:21:23+07:00 INFO (6): 
Elapsed Secs: 0.00106
Query: DESCRIBE `costumer`
Params: []

2015-07-15T13:21:23+07:00 INFO (6): 
Elapsed Secs: 0.00035
Query: connect
Params: []

2015-07-15T13:21:23+07:00 INFO (6): 
Elapsed Secs: 0.00036
Query: SELECT `pinj`.`no_kontrak` FROM `costumer` AS `cos`
 INNER JOIN `pinjaman` AS `pinj` ON pinj.nik_costumer =  cos.nik_costumer
 INNER JOIN `kendaraan` AS `kend` ON kend.no_polisi = pinj.no_polisi
Params: []

2015-07-15T13:21:23+07:00 INFO (6): 
Elapsed Secs: 0.00031
Query: SELECT `pinj`.`no_kontrak`, `cos`.`nama`, `kend`.`no_polisi`, `pinj`.`angsuran_perbulan`, `pinj`.`tanggal_jatuh_tempo` FROM `costumer` AS `cos`
 INNER JOIN `pinjaman` AS `pinj` ON pinj.nik_costumer =  cos.nik_costumer
 INNER JOIN `kendaraan` AS `kend` ON kend.no_polisi = pinj.no_polisi WHERE (pinj.no_kontrak = '29-MF-00001-15') GROUP BY `pinj`.`no_kontrak`
Params: []

2015-07-15T13:21:23+07:00 INFO (6): 
Elapsed Secs: 0.0009
Query: DESCRIBE `pembayaran`
Params: []

2015-07-15T13:21:23+07:00 INFO (6): 
Elapsed Secs: 0.0002
Query: SELECT `pemb`.`angsuran_ke` FROM `pembayaran` AS `pemb` WHERE (no_kontrak = '29-MF-00001-15' ) ORDER BY `id_pembayaran` desc
Params: []

2015-07-15T13:21:27+07:00 INFO (6): 
Elapsed Secs: 0.00028
Query: connect
Params: []

2015-07-15T13:21:27+07:00 INFO (6): 
Elapsed Secs: 0.00079
Query: DESCRIBE `costumer`
Params: []

2015-07-15T13:21:27+07:00 INFO (6): 
Elapsed Secs: 0.00025
Query: connect
Params: []

2015-07-15T13:21:27+07:00 INFO (6): 
Elapsed Secs: 0.00025
Query: SELECT `pinj`.`no_kontrak` FROM `costumer` AS `cos`
 INNER JOIN `pinjaman` AS `pinj` ON pinj.nik_costumer =  cos.nik_costumer
 INNER JOIN `kendaraan` AS `kend` ON kend.no_polisi = pinj.no_polisi
Params: []

2015-07-15T13:21:27+07:00 INFO (6): 
Elapsed Secs: 0.00023
Query: SELECT `pinj`.`no_kontrak`, `cos`.`nama`, `kend`.`no_polisi`, `pinj`.`angsuran_perbulan`, `pinj`.`tanggal_jatuh_tempo` FROM `costumer` AS `cos`
 INNER JOIN `pinjaman` AS `pinj` ON pinj.nik_costumer =  cos.nik_costumer
 INNER JOIN `kendaraan` AS `kend` ON kend.no_polisi = pinj.no_polisi WHERE (pinj.no_kontrak = '29-MF-00157-15') GROUP BY `pinj`.`no_kontrak`
Params: []

2015-07-15T13:21:27+07:00 INFO (6): 
Elapsed Secs: 0.00073
Query: DESCRIBE `pembayaran`
Params: []

2015-07-15T13:21:27+07:00 INFO (6): 
Elapsed Secs: 0.00018
Query: SELECT `pemb`.`angsuran_ke` FROM `pembayaran` AS `pemb` WHERE (no_kontrak = '29-MF-00157-15' ) ORDER BY `id_pembayaran` desc
Params: []

2015-07-15T13:21:30+07:00 INFO (6): 
Elapsed Secs: 0.00029
Query: connect
Params: []

2015-07-15T13:21:30+07:00 INFO (6): 
Elapsed Secs: 0.00103
Query: DESCRIBE `costumer`
Params: []

2015-07-15T13:21:30+07:00 INFO (6): 
Elapsed Secs: 0.00025
Query: connect
Params: []

2015-07-15T13:21:30+07:00 INFO (6): 
Elapsed Secs: 0.00027
Query: SELECT `pinj`.`no_kontrak` FROM `costumer` AS `cos`
 INNER JOIN `pinjaman` AS `pinj` ON pinj.nik_costumer =  cos.nik_costumer
 INNER JOIN `kendaraan` AS `kend` ON kend.no_polisi = pinj.no_polisi
Params: []

2015-07-15T13:21:30+07:00 INFO (6): 
Elapsed Secs: 0.00023
Query: SELECT `pinj`.`no_kontrak`, `cos`.`nama`, `kend`.`no_polisi`, `pinj`.`angsuran_perbulan`, `pinj`.`tanggal_jatuh_tempo` FROM `costumer` AS `cos`
 INNER JOIN `pinjaman` AS `pinj` ON pinj.nik_costumer =  cos.nik_costumer
 INNER JOIN `kendaraan` AS `kend` ON kend.no_polisi = pinj.no_polisi WHERE (pinj.no_kontrak = '29-MF-00001-15') GROUP BY `pinj`.`no_kontrak`
Params: []

2015-07-15T13:21:30+07:00 INFO (6): 
Elapsed Secs: 0.0006
Query: DESCRIBE `pembayaran`
Params: []

2015-07-15T13:21:30+07:00 INFO (6): 
Elapsed Secs: 0.00015
Query: SELECT `pemb`.`angsuran_ke` FROM `pembayaran` AS `pemb` WHERE (no_kontrak = '29-MF-00001-15' ) ORDER BY `id_pembayaran` desc
Params: []

2015-07-15T13:21:32+07:00 INFO (6): 
Elapsed Secs: 0.00028
Query: connect
Params: []

2015-07-15T13:21:32+07:00 INFO (6): 
Elapsed Secs: 0.0008
Query: DESCRIBE `costumer`
Params: []

2015-07-15T13:21:32+07:00 INFO (6): 
Elapsed Secs: 0.00024
Query: connect
Params: []

2015-07-15T13:21:32+07:00 INFO (6): 
Elapsed Secs: 0.00032
Query: SELECT `pinj`.`no_kontrak` FROM `costumer` AS `cos`
 INNER JOIN `pinjaman` AS `pinj` ON pinj.nik_costumer =  cos.nik_costumer
 INNER JOIN `kendaraan` AS `kend` ON kend.no_polisi = pinj.no_polisi
Params: []

2015-07-15T13:21:32+07:00 INFO (6): 
Elapsed Secs: 0.00026
Query: SELECT `pinj`.`no_kontrak`, `cos`.`nama`, `kend`.`no_polisi`, `pinj`.`angsuran_perbulan`, `pinj`.`tanggal_jatuh_tempo` FROM `costumer` AS `cos`
 INNER JOIN `pinjaman` AS `pinj` ON pinj.nik_costumer =  cos.nik_costumer
 INNER JOIN `kendaraan` AS `kend` ON kend.no_polisi = pinj.no_polisi WHERE (pinj.no_kontrak = '29-MF-00157-15') GROUP BY `pinj`.`no_kontrak`
Params: []

2015-07-15T13:21:32+07:00 INFO (6): 
Elapsed Secs: 0.00066
Query: DESCRIBE `pembayaran`
Params: []

2015-07-15T13:21:32+07:00 INFO (6): 
Elapsed Secs: 0.00016
Query: SELECT `pemb`.`angsuran_ke` FROM `pembayaran` AS `pemb` WHERE (no_kontrak = '29-MF-00157-15' ) ORDER BY `id_pembayaran` desc
Params: []

2015-07-15T13:21:34+07:00 INFO (6): 
Elapsed Secs: 0.00031
Query: connect
Params: []

2015-07-15T13:21:34+07:00 INFO (6): 
Elapsed Secs: 0.00065
Query: DESCRIBE `costumer`
Params: []

2015-07-15T13:21:34+07:00 INFO (6): 
Elapsed Secs: 0.00024
Query: connect
Params: []

2015-07-15T13:21:34+07:00 INFO (6): 
Elapsed Secs: 0.00019
Query: SELECT `pinj`.`no_kontrak` FROM `costumer` AS `cos`
 INNER JOIN `pinjaman` AS `pinj` ON pinj.nik_costumer =  cos.nik_costumer
 INNER JOIN `kendaraan` AS `kend` ON kend.no_polisi = pinj.no_polisi
Params: []

2015-07-15T13:21:34+07:00 INFO (6): 
Elapsed Secs: 0.00014
Query: SELECT `pinj`.`no_kontrak`, `cos`.`nama`, `kend`.`no_polisi`, `pinj`.`angsuran_perbulan`, `pinj`.`tanggal_jatuh_tempo` FROM `costumer` AS `cos`
 INNER JOIN `pinjaman` AS `pinj` ON pinj.nik_costumer =  cos.nik_costumer
 INNER JOIN `kendaraan` AS `kend` ON kend.no_polisi = pinj.no_polisi WHERE (pinj.no_kontrak = '29-MF-00001-15') GROUP BY `pinj`.`no_kontrak`
Params: []

2015-07-15T13:21:34+07:00 INFO (6): 
Elapsed Secs: 0.00046
Query: DESCRIBE `pembayaran`
Params: []

2015-07-15T13:21:34+07:00 INFO (6): 
Elapsed Secs: 0.00016
Query: SELECT `pemb`.`angsuran_ke` FROM `pembayaran` AS `pemb` WHERE (no_kontrak = '29-MF-00001-15' ) ORDER BY `id_pembayaran` desc
Params: []

2015-07-15T13:21:54+07:00 INFO (6): 
Elapsed Secs: 0.00026
Query: connect
Params: []

2015-07-15T13:21:54+07:00 INFO (6): 
Elapsed Secs: 0.08631
Query: UPDATE `user_login` SET `status` = ?, `last_login` = ? WHERE (status = 1)
Params: {"1":0,"2":"2015-07-15 12:21:46"}

2015-07-15T13:21:54+07:00 INFO (6): 
Elapsed Secs: 0.00053
Query: DESCRIBE `pembayaran`
Params: []

2015-07-15T13:21:54+07:00 INFO (6): 
Elapsed Secs: 0.05904
Query: INSERT INTO `pembayaran` (`no_kontrak`, `angsuran_ke`, `denda`, `total_bayar`, `tanggal_pembayaran`, `no_kwitansi`) VALUES (?, ?, ?, ?, ?, ?)
Params: {"1":"29-MF-00001-15","2":"1.901.220,00","3":"90.000,00","4":"1.991.220,00","5":"2015-07-15","6":"0002"}

2015-07-15T13:21:58+07:00 INFO (6): 
Elapsed Secs: 0.00025
Query: connect
Params: []

2015-07-15T13:21:58+07:00 INFO (6): 
Elapsed Secs: 0.00072
Query: DESCRIBE `user`
Params: []

2015-07-15T13:21:58+07:00 INFO (6): 
Elapsed Secs: 0.00021
Query: connect
Params: []

2015-07-15T13:21:58+07:00 INFO (6): 
Elapsed Secs: 0.00028
Query: SELECT `user`.*, `cabang`.* FROM `user`
 INNER JOIN `cabang` ON cabang.id_cabang = user.id_cabang WHERE (user.username = 'rendi') AND (user.password = 'd033e22ae348aeb5660fc2140aec35850c4da997')
Params: []

2015-07-15T13:21:58+07:00 INFO (6): 
Elapsed Secs: 0.00019
Query: SELECT `user`.*, `user_login`.*, `cabang`.* FROM `user`
 INNER JOIN `user_login` ON user_login.id_user = user.id_user
 INNER JOIN `cabang` ON cabang.id_cabang = user.id_cabang WHERE (user.id_user = '17')
Params: []

2015-07-15T13:21:58+07:00 INFO (6): 
Elapsed Secs: 0.07615
Query: UPDATE `user_login` SET `status` = ?, `login_time` = NOW(), `ip_login` = ?, `last_login` = ? WHERE (id_user = '17')
Params: {"1":1,"2":"127.0.0.1","3":"2015-07-15 12:21:38"}

2015-07-15T13:21:58+07:00 INFO (6): 
Elapsed Secs: 0.00031
Query: SELECT `user`.*, `user_login`.*, `cabang`.* FROM `user`
 INNER JOIN `user_login` ON user_login.id_user = user.id_user
 INNER JOIN `cabang` ON cabang.id_cabang = user.id_cabang WHERE (user.id_user = '17')
Params: []

2015-07-15T13:22:01+07:00 INFO (6): 
Elapsed Secs: 0.00024
Query: connect
Params: []

2015-07-15T13:22:01+07:00 INFO (6): 
Elapsed Secs: 0.03484
Query: UPDATE `user_login` SET `status` = ? WHERE (id_user ='17')
Params: {"1":0}

2015-07-15T13:22:06+07:00 INFO (6): 
Elapsed Secs: 0.00024
Query: connect
Params: []

2015-07-15T13:22:06+07:00 INFO (6): 
Elapsed Secs: 0.00069
Query: DESCRIBE `user`
Params: []

2015-07-15T13:22:06+07:00 INFO (6): 
Elapsed Secs: 0.00023
Query: connect
Params: []

2015-07-15T13:22:06+07:00 INFO (6): 
Elapsed Secs: 0.0003
Query: SELECT `user`.*, `cabang`.* FROM `user`
 INNER JOIN `cabang` ON cabang.id_cabang = user.id_cabang WHERE (user.username = 'ommasta') AND (user.password = 'd033e22ae348aeb5660fc2140aec35850c4da997')
Params: []

2015-07-15T13:22:06+07:00 INFO (6): 
Elapsed Secs: 0.00025
Query: SELECT `user`.*, `user_login`.*, `cabang`.* FROM `user`
 INNER JOIN `user_login` ON user_login.id_user = user.id_user
 INNER JOIN `cabang` ON cabang.id_cabang = user.id_cabang WHERE (user.id_user = '15')
Params: []

2015-07-15T13:22:06+07:00 INFO (6): 
Elapsed Secs: 0.08156
Query: UPDATE `user_login` SET `status` = ?, `login_time` = NOW(), `ip_login` = ?, `last_login` = ? WHERE (id_user = '15')
Params: {"1":1,"2":"127.0.0.1","3":"2015-07-15 12:21:46"}

2015-07-15T13:22:06+07:00 INFO (6): 
Elapsed Secs: 0.0003
Query: SELECT `user`.*, `user_login`.*, `cabang`.* FROM `user`
 INNER JOIN `user_login` ON user_login.id_user = user.id_user
 INNER JOIN `cabang` ON cabang.id_cabang = user.id_cabang WHERE (user.id_user = '15')
Params: []

2015-07-15T13:22:11+07:00 INFO (6): 
Elapsed Secs: 0.00057
Query: connect
Params: []

2015-07-15T13:22:11+07:00 INFO (6): 
Elapsed Secs: 0.00191
Query: DESCRIBE `costumer`
Params: []

2015-07-15T13:22:11+07:00 INFO (6): 
Elapsed Secs: 0.00052
Query: connect
Params: []

2015-07-15T13:22:11+07:00 INFO (6): 
Elapsed Secs: 0.00026
Query: SELECT `pinj`.`no_kontrak` FROM `costumer` AS `cos`
 INNER JOIN `pinjaman` AS `pinj` ON pinj.nik_costumer =  cos.nik_costumer
 INNER JOIN `kendaraan` AS `kend` ON kend.no_polisi = pinj.no_polisi
Params: []

2015-07-15T13:22:13+07:00 INFO (6): 
Elapsed Secs: 0.00024
Query: connect
Params: []

2015-07-15T13:22:13+07:00 INFO (6): 
Elapsed Secs: 0.00074
Query: DESCRIBE `costumer`
Params: []

2015-07-15T13:22:13+07:00 INFO (6): 
Elapsed Secs: 0.00023
Query: connect
Params: []

2015-07-15T13:22:13+07:00 INFO (6): 
Elapsed Secs: 0.00024
Query: SELECT `pinj`.`no_kontrak` FROM `costumer` AS `cos`
 INNER JOIN `pinjaman` AS `pinj` ON pinj.nik_costumer =  cos.nik_costumer
 INNER JOIN `kendaraan` AS `kend` ON kend.no_polisi = pinj.no_polisi
Params: []

2015-07-15T13:22:13+07:00 INFO (6): 
Elapsed Secs: 0.00021
Query: SELECT `pinj`.`no_kontrak`, `cos`.`nama`, `kend`.`no_polisi`, `pinj`.`angsuran_perbulan`, `pinj`.`tanggal_jatuh_tempo` FROM `costumer` AS `cos`
 INNER JOIN `pinjaman` AS `pinj` ON pinj.nik_costumer =  cos.nik_costumer
 INNER JOIN `kendaraan` AS `kend` ON kend.no_polisi = pinj.no_polisi WHERE (pinj.no_kontrak = '29-MF-00001-15') GROUP BY `pinj`.`no_kontrak`
Params: []

2015-07-15T13:22:13+07:00 INFO (6): 
Elapsed Secs: 0.00058
Query: DESCRIBE `pembayaran`
Params: []

2015-07-15T13:22:13+07:00 INFO (6): 
Elapsed Secs: 0.00015
Query: SELECT `pemb`.`angsuran_ke` FROM `pembayaran` AS `pemb` WHERE (no_kontrak = '29-MF-00001-15' ) ORDER BY `id_pembayaran` desc
Params: []

2015-07-15T13:22:16+07:00 INFO (6): 
Elapsed Secs: 0.00029
Query: connect
Params: []

2015-07-15T13:22:16+07:00 INFO (6): 
Elapsed Secs: 0.00077
Query: DESCRIBE `costumer`
Params: []

2015-07-15T13:22:16+07:00 INFO (6): 
Elapsed Secs: 0.00023
Query: connect
Params: []

2015-07-15T13:22:16+07:00 INFO (6): 
Elapsed Secs: 0.00025
Query: SELECT `pinj`.`no_kontrak` FROM `costumer` AS `cos`
 INNER JOIN `pinjaman` AS `pinj` ON pinj.nik_costumer =  cos.nik_costumer
 INNER JOIN `kendaraan` AS `kend` ON kend.no_polisi = pinj.no_polisi
Params: []

2015-07-15T13:22:16+07:00 INFO (6): 
Elapsed Secs: 0.00022
Query: SELECT `pinj`.`no_kontrak`, `cos`.`nama`, `kend`.`no_polisi`, `pinj`.`angsuran_perbulan`, `pinj`.`tanggal_jatuh_tempo` FROM `costumer` AS `cos`
 INNER JOIN `pinjaman` AS `pinj` ON pinj.nik_costumer =  cos.nik_costumer
 INNER JOIN `kendaraan` AS `kend` ON kend.no_polisi = pinj.no_polisi WHERE (pinj.no_kontrak = '29-MF-00157-15') GROUP BY `pinj`.`no_kontrak`
Params: []

2015-07-15T13:22:16+07:00 INFO (6): 
Elapsed Secs: 0.00062
Query: DESCRIBE `pembayaran`
Params: []

2015-07-15T13:22:16+07:00 INFO (6): 
Elapsed Secs: 0.00014
Query: SELECT `pemb`.`angsuran_ke` FROM `pembayaran` AS `pemb` WHERE (no_kontrak = '29-MF-00157-15' ) ORDER BY `id_pembayaran` desc
Params: []

2015-07-15T13:22:17+07:00 INFO (6): 
Elapsed Secs: 0.00024
Query: connect
Params: []

2015-07-15T13:22:17+07:00 INFO (6): 
Elapsed Secs: 0.00056
Query: DESCRIBE `costumer`
Params: []

2015-07-15T13:22:17+07:00 INFO (6): 
Elapsed Secs: 0.00021
Query: connect
Params: []

2015-07-15T13:22:17+07:00 INFO (6): 
Elapsed Secs: 0.00023
Query: SELECT `pinj`.`no_kontrak` FROM `costumer` AS `cos`
 INNER JOIN `pinjaman` AS `pinj` ON pinj.nik_costumer =  cos.nik_costumer
 INNER JOIN `kendaraan` AS `kend` ON kend.no_polisi = pinj.no_polisi
Params: []

2015-07-15T13:22:17+07:00 INFO (6): 
Elapsed Secs: 0.00018
Query: SELECT `pinj`.`no_kontrak`, `cos`.`nama`, `kend`.`no_polisi`, `pinj`.`angsuran_perbulan`, `pinj`.`tanggal_jatuh_tempo` FROM `costumer` AS `cos`
 INNER JOIN `pinjaman` AS `pinj` ON pinj.nik_costumer =  cos.nik_costumer
 INNER JOIN `kendaraan` AS `kend` ON kend.no_polisi = pinj.no_polisi WHERE (pinj.no_kontrak = '29-MF-00001-15') GROUP BY `pinj`.`no_kontrak`
Params: []

2015-07-15T13:22:17+07:00 INFO (6): 
Elapsed Secs: 0.00057
Query: DESCRIBE `pembayaran`
Params: []

2015-07-15T13:22:17+07:00 INFO (6): 
Elapsed Secs: 0.00012
Query: SELECT `pemb`.`angsuran_ke` FROM `pembayaran` AS `pemb` WHERE (no_kontrak = '29-MF-00001-15' ) ORDER BY `id_pembayaran` desc
Params: []

2015-07-15T13:22:43+07:00 INFO (6): 
Elapsed Secs: 0.0003
Query: connect
Params: []

2015-07-15T13:22:43+07:00 INFO (6): 
Elapsed Secs: 0.0008
Query: DESCRIBE `costumer`
Params: []

2015-07-15T13:22:43+07:00 INFO (6): 
Elapsed Secs: 0.00027
Query: connect
Params: []

2015-07-15T13:22:43+07:00 INFO (6): 
Elapsed Secs: 0.00028
Query: SELECT `pinj`.`no_kontrak` FROM `costumer` AS `cos`
 INNER JOIN `pinjaman` AS `pinj` ON pinj.nik_costumer =  cos.nik_costumer
 INNER JOIN `kendaraan` AS `kend` ON kend.no_polisi = pinj.no_polisi
Params: []

2015-07-15T13:22:43+07:00 INFO (6): 
Elapsed Secs: 0.00024
Query: SELECT `pinj`.`no_kontrak`, `cos`.`nama`, `kend`.`no_polisi`, `pinj`.`angsuran_perbulan`, `pinj`.`tanggal_jatuh_tempo` FROM `costumer` AS `cos`
 INNER JOIN `pinjaman` AS `pinj` ON pinj.nik_costumer =  cos.nik_costumer
 INNER JOIN `kendaraan` AS `kend` ON kend.no_polisi = pinj.no_polisi WHERE (pinj.no_kontrak = '29-MF-00001-15') GROUP BY `pinj`.`no_kontrak`
Params: []

2015-07-15T13:22:43+07:00 INFO (6): 
Elapsed Secs: 0.00059
Query: DESCRIBE `pembayaran`
Params: []

2015-07-15T13:22:43+07:00 INFO (6): 
Elapsed Secs: 0.00018
Query: SELECT `pemb`.`angsuran_ke` FROM `pembayaran` AS `pemb` WHERE (no_kontrak = '29-MF-00001-15' ) ORDER BY `id_pembayaran` desc
Params: []

2015-07-15T13:23:11+07:00 INFO (6): 
Elapsed Secs: 0.00113
Query: connect
Params: []

2015-07-15T13:23:11+07:00 INFO (6): 
Elapsed Secs: 0.00062
Query: DESCRIBE `costumer`
Params: []

2015-07-15T13:23:11+07:00 INFO (6): 
Elapsed Secs: 0.00026
Query: connect
Params: []

2015-07-15T13:23:11+07:00 INFO (6): 
Elapsed Secs: 0.00027
Query: SELECT `pinj`.`no_kontrak` FROM `costumer` AS `cos`
 INNER JOIN `pinjaman` AS `pinj` ON pinj.nik_costumer =  cos.nik_costumer
 INNER JOIN `kendaraan` AS `kend` ON kend.no_polisi = pinj.no_polisi
Params: []

2015-07-15T13:23:11+07:00 INFO (6): 
Elapsed Secs: 0.00021
Query: SELECT `pinj`.`no_kontrak`, `cos`.`nama`, `kend`.`no_polisi`, `pinj`.`angsuran_perbulan`, `pinj`.`tanggal_jatuh_tempo` FROM `costumer` AS `cos`
 INNER JOIN `pinjaman` AS `pinj` ON pinj.nik_costumer =  cos.nik_costumer
 INNER JOIN `kendaraan` AS `kend` ON kend.no_polisi = pinj.no_polisi WHERE (pinj.no_kontrak = '29-MF-00001-15') GROUP BY `pinj`.`no_kontrak`
Params: []

2015-07-15T13:23:11+07:00 INFO (6): 
Elapsed Secs: 0.00056
Query: DESCRIBE `pembayaran`
Params: []

2015-07-15T13:23:11+07:00 INFO (6): 
Elapsed Secs: 0.00019
Query: SELECT `pemb`.`angsuran_ke` FROM `pembayaran` AS `pemb` WHERE (no_kontrak = '29-MF-00001-15' ) ORDER BY `id_pembayaran` desc
Params: []

2015-07-15T13:23:28+07:00 INFO (6): 
Elapsed Secs: 0.00026
Query: connect
Params: []

2015-07-15T13:23:28+07:00 INFO (6): 
Elapsed Secs: 0.00081
Query: DESCRIBE `costumer`
Params: []

2015-07-15T13:23:28+07:00 INFO (6): 
Elapsed Secs: 0.00021
Query: connect
Params: []

2015-07-15T13:23:28+07:00 INFO (6): 
Elapsed Secs: 0.00054
Query: SELECT `pinj`.`no_kontrak` FROM `costumer` AS `cos`
 INNER JOIN `pinjaman` AS `pinj` ON pinj.nik_costumer =  cos.nik_costumer
 INNER JOIN `kendaraan` AS `kend` ON kend.no_polisi = pinj.no_polisi
Params: []

2015-07-15T13:23:28+07:00 INFO (6): 
Elapsed Secs: 0.00049
Query: SELECT `pinj`.`no_kontrak`, `cos`.`nama`, `kend`.`no_polisi`, `pinj`.`angsuran_perbulan`, `pinj`.`tanggal_jatuh_tempo` FROM `costumer` AS `cos`
 INNER JOIN `pinjaman` AS `pinj` ON pinj.nik_costumer =  cos.nik_costumer
 INNER JOIN `kendaraan` AS `kend` ON kend.no_polisi = pinj.no_polisi WHERE (pinj.no_kontrak = '29-MF-00001-15') GROUP BY `pinj`.`no_kontrak`
Params: []

2015-07-15T13:23:28+07:00 INFO (6): 
Elapsed Secs: 0.00151
Query: DESCRIBE `pembayaran`
Params: []

2015-07-15T13:23:28+07:00 INFO (6): 
Elapsed Secs: 0.00031
Query: SELECT `pemb`.`angsuran_ke` FROM `pembayaran` AS `pemb` WHERE (no_kontrak = '29-MF-00001-15' ) ORDER BY `id_pembayaran` desc
Params: []

2015-07-15T13:24:00+07:00 INFO (6): 
Elapsed Secs: 0.00115
Query: connect
Params: []

2015-07-15T13:24:00+07:00 INFO (6): 
Elapsed Secs: 0.00064
Query: DESCRIBE `costumer`
Params: []

2015-07-15T13:24:00+07:00 INFO (6): 
Elapsed Secs: 0.00019
Query: connect
Params: []

2015-07-15T13:24:00+07:00 INFO (6): 
Elapsed Secs: 0.00021
Query: SELECT `pinj`.`no_kontrak` FROM `costumer` AS `cos`
 INNER JOIN `pinjaman` AS `pinj` ON pinj.nik_costumer =  cos.nik_costumer
 INNER JOIN `kendaraan` AS `kend` ON kend.no_polisi = pinj.no_polisi
Params: []

2015-07-15T13:24:00+07:00 INFO (6): 
Elapsed Secs: 0.00017
Query: SELECT `pinj`.`no_kontrak`, `cos`.`nama`, `kend`.`no_polisi`, `pinj`.`angsuran_perbulan`, `pinj`.`tanggal_jatuh_tempo` FROM `costumer` AS `cos`
 INNER JOIN `pinjaman` AS `pinj` ON pinj.nik_costumer =  cos.nik_costumer
 INNER JOIN `kendaraan` AS `kend` ON kend.no_polisi = pinj.no_polisi WHERE (pinj.no_kontrak = '29-MF-00001-15') GROUP BY `pinj`.`no_kontrak`
Params: []

2015-07-15T13:24:00+07:00 INFO (6): 
Elapsed Secs: 0.00043
Query: DESCRIBE `pembayaran`
Params: []

2015-07-15T13:24:00+07:00 INFO (6): 
Elapsed Secs: 0.00021
Query: SELECT `pemb`.`angsuran_ke` FROM `pembayaran` AS `pemb` WHERE (no_kontrak = '29-MF-00001-15' ) ORDER BY `id_pembayaran` desc
Params: []

2015-07-15T13:24:01+07:00 INFO (6): 
Elapsed Secs: 0.00122
Query: connect
Params: []

2015-07-15T13:24:01+07:00 INFO (6): 
Elapsed Secs: 0.00059
Query: DESCRIBE `costumer`
Params: []

2015-07-15T13:24:01+07:00 INFO (6): 
Elapsed Secs: 0.00021
Query: connect
Params: []

2015-07-15T13:24:01+07:00 INFO (6): 
Elapsed Secs: 0.00022
Query: SELECT `pinj`.`no_kontrak` FROM `costumer` AS `cos`
 INNER JOIN `pinjaman` AS `pinj` ON pinj.nik_costumer =  cos.nik_costumer
 INNER JOIN `kendaraan` AS `kend` ON kend.no_polisi = pinj.no_polisi
Params: []

2015-07-15T13:24:01+07:00 INFO (6): 
Elapsed Secs: 0.00019
Query: SELECT `pinj`.`no_kontrak`, `cos`.`nama`, `kend`.`no_polisi`, `pinj`.`angsuran_perbulan`, `pinj`.`tanggal_jatuh_tempo` FROM `costumer` AS `cos`
 INNER JOIN `pinjaman` AS `pinj` ON pinj.nik_costumer =  cos.nik_costumer
 INNER JOIN `kendaraan` AS `kend` ON kend.no_polisi = pinj.no_polisi WHERE (pinj.no_kontrak = '29-MF-00001-15') GROUP BY `pinj`.`no_kontrak`
Params: []

2015-07-15T13:24:01+07:00 INFO (6): 
Elapsed Secs: 0.00059
Query: DESCRIBE `pembayaran`
Params: []

2015-07-15T13:24:01+07:00 INFO (6): 
Elapsed Secs: 0.00018
Query: SELECT `pemb`.`angsuran_ke` FROM `pembayaran` AS `pemb` WHERE (no_kontrak = '29-MF-00001-15' ) ORDER BY `id_pembayaran` desc
Params: []

2015-07-15T13:24:20+07:00 INFO (6): 
Elapsed Secs: 0.00027
Query: connect
Params: []

2015-07-15T13:24:20+07:00 INFO (6): 
Elapsed Secs: 0.00073
Query: DESCRIBE `costumer`
Params: []

2015-07-15T13:24:20+07:00 INFO (6): 
Elapsed Secs: 0.00019
Query: connect
Params: []

2015-07-15T13:24:20+07:00 INFO (6): 
Elapsed Secs: 0.00023
Query: SELECT `pinj`.`no_kontrak` FROM `costumer` AS `cos`
 INNER JOIN `pinjaman` AS `pinj` ON pinj.nik_costumer =  cos.nik_costumer
 INNER JOIN `kendaraan` AS `kend` ON kend.no_polisi = pinj.no_polisi
Params: []

2015-07-15T13:24:20+07:00 INFO (6): 
Elapsed Secs: 0.0002
Query: SELECT `pinj`.`no_kontrak`, `cos`.`nama`, `kend`.`no_polisi`, `pinj`.`angsuran_perbulan`, `pinj`.`tanggal_jatuh_tempo` FROM `costumer` AS `cos`
 INNER JOIN `pinjaman` AS `pinj` ON pinj.nik_costumer =  cos.nik_costumer
 INNER JOIN `kendaraan` AS `kend` ON kend.no_polisi = pinj.no_polisi WHERE (pinj.no_kontrak = '29-MF-00001-15') GROUP BY `pinj`.`no_kontrak`
Params: []

2015-07-15T13:24:20+07:00 INFO (6): 
Elapsed Secs: 0.00052
Query: DESCRIBE `pembayaran`
Params: []

2015-07-15T13:24:20+07:00 INFO (6): 
Elapsed Secs: 0.00012
Query: SELECT `pemb`.`angsuran_ke` FROM `pembayaran` AS `pemb` WHERE (no_kontrak = '29-MF-00001-15' ) ORDER BY `id_pembayaran` desc
Params: []

2015-07-15T13:24:33+07:00 INFO (6): 
Elapsed Secs: 0.00029
Query: connect
Params: []

2015-07-15T13:24:33+07:00 INFO (6): 
Elapsed Secs: 0.00081
Query: DESCRIBE `costumer`
Params: []

2015-07-15T13:24:33+07:00 INFO (6): 
Elapsed Secs: 0.00022
Query: connect
Params: []

2015-07-15T13:24:33+07:00 INFO (6): 
Elapsed Secs: 0.00026
Query: SELECT `pinj`.`no_kontrak` FROM `costumer` AS `cos`
 INNER JOIN `pinjaman` AS `pinj` ON pinj.nik_costumer =  cos.nik_costumer
 INNER JOIN `kendaraan` AS `kend` ON kend.no_polisi = pinj.no_polisi
Params: []

2015-07-15T13:24:33+07:00 INFO (6): 
Elapsed Secs: 0.00023
Query: SELECT `pinj`.`no_kontrak`, `cos`.`nama`, `kend`.`no_polisi`, `pinj`.`angsuran_perbulan`, `pinj`.`tanggal_jatuh_tempo` FROM `costumer` AS `cos`
 INNER JOIN `pinjaman` AS `pinj` ON pinj.nik_costumer =  cos.nik_costumer
 INNER JOIN `kendaraan` AS `kend` ON kend.no_polisi = pinj.no_polisi WHERE (pinj.no_kontrak = '29-MF-00001-15') GROUP BY `pinj`.`no_kontrak`
Params: []

2015-07-15T13:24:33+07:00 INFO (6): 
Elapsed Secs: 0.00062
Query: DESCRIBE `pembayaran`
Params: []

2015-07-15T13:24:33+07:00 INFO (6): 
Elapsed Secs: 0.00017
Query: SELECT `pemb`.`angsuran_ke` FROM `pembayaran` AS `pemb` WHERE (no_kontrak = '29-MF-00001-15' ) ORDER BY `id_pembayaran` desc
Params: []

