2015-08-02T23:00:13+07:00 INFO (6): 
Elapsed Secs: 0.00023
Query: connect
Params: []

2015-08-02T23:00:13+07:00 INFO (6): 
Elapsed Secs: 0.0008
Query: DESCRIBE `penjamin`
Params: []

2015-08-02T23:00:13+07:00 INFO (6): 
Elapsed Secs: 0.00015
Query: connect
Params: []

2015-08-02T23:00:13+07:00 INFO (6): 
Elapsed Secs: 0.00026
Query: SELECT `pe`.*, `cos`.`id_cabang`, `cos`.`id_user`, `cb`.`cabang` FROM `penjamin` AS `pe`
 INNER JOIN `costumer` AS `cos` ON pe.nik_costumer = cos.nik_costumer
 INNER JOIN `user` AS `us` ON us.id_user = cos.id_user
 INNER JOIN `cabang` AS `cb` ON cb.id_cabang = cos.id_cabang WHERE (us.id_user= '20') AND (cb.id_cabang = '030')
Params: []

2015-08-02T23:00:18+07:00 INFO (6): 
Elapsed Secs: 0.00023
Query: connect
Params: []

2015-08-02T23:00:18+07:00 INFO (6): 
Elapsed Secs: 0.00075
Query: DESCRIBE `costumer`
Params: []

2015-08-02T23:00:18+07:00 INFO (6): 
Elapsed Secs: 0.00031
Query: SELECT `cos`.`nik_costumer`, `cos`.`nama`, `cos`.`alamat`, `cos`.`jenis_kelamin`, `cos`.`tempat_lahir`, `cos`.`tanggal_lahir`, `cos`.`nama_ibu`, `cos`.`agama`, `cos`.`status`, `cos`.`pekerjaan`, `cos`.`alamat_tempat_kerja`, `cos`.`hp`, `cos`.`telpon`, `us`.`realname` FROM `costumer` AS `cos`
 INNER JOIN `user` AS `us` ON cos.id_user=us.id_user
 INNER JOIN `cabang` AS `cb` ON us.id_cabang = cb.id_cabang WHERE (cos.id_user = '20')
Params: []

2015-08-02T23:00:32+07:00 INFO (6): 
Elapsed Secs: 0.00106
Query: connect
Params: []

2015-08-02T23:00:32+07:00 INFO (6): 
Elapsed Secs: 0.00068
Query: DESCRIBE `costumer`
Params: []

2015-08-02T23:00:32+07:00 INFO (6): 
Elapsed Secs: 0.00021
Query: SELECT `cos`.`nik_costumer`, `cos`.`nama`, `cos`.`alamat`, `cos`.`jenis_kelamin`, `cos`.`tempat_lahir`, `cos`.`tanggal_lahir`, `cos`.`nama_ibu`, `cos`.`agama`, `cos`.`status`, `cos`.`pekerjaan`, `cos`.`alamat_tempat_kerja`, `cos`.`hp`, `cos`.`telpon`, `us`.`realname` FROM `costumer` AS `cos`
 INNER JOIN `user` AS `us` ON cos.id_user=us.id_user
 INNER JOIN `cabang` AS `cb` ON us.id_cabang = cb.id_cabang WHERE (cos.id_user = '20')
Params: []

2015-08-02T23:00:37+07:00 INFO (6): 
Elapsed Secs: 0.0011
Query: connect
Params: []

2015-08-02T23:00:37+07:00 INFO (6): 
Elapsed Secs: 0.00079
Query: DESCRIBE `penjamin`
Params: []

2015-08-02T23:00:37+07:00 INFO (6): 
Elapsed Secs: 0.00024
Query: connect
Params: []

2015-08-02T23:00:37+07:00 INFO (6): 
Elapsed Secs: 0.0003
Query: SELECT `pe`.*, `cos`.`id_cabang`, `cos`.`id_user`, `cb`.`cabang` FROM `penjamin` AS `pe`
 INNER JOIN `costumer` AS `cos` ON pe.nik_costumer = cos.nik_costumer
 INNER JOIN `user` AS `us` ON us.id_user = cos.id_user
 INNER JOIN `cabang` AS `cb` ON cb.id_cabang = cos.id_cabang WHERE (us.id_user= '20') AND (cb.id_cabang = '030')
Params: []

2015-08-02T23:00:39+07:00 INFO (6): 
Elapsed Secs: 0.00032
Query: connect
Params: []

2015-08-02T23:00:39+07:00 INFO (6): 
Elapsed Secs: 0.00084
Query: DESCRIBE `cabang`
Params: []

2015-08-02T23:00:39+07:00 INFO (6): 
Elapsed Secs: 0.00019
Query: SELECT `cabang`.* FROM `cabang` WHERE (id_cabang = '030' ) LIMIT 1
Params: []

2015-08-02T23:00:39+07:00 INFO (6): 
Elapsed Secs: 0.00095
Query: DESCRIBE `kendaraan`
Params: []

2015-08-02T23:00:39+07:00 INFO (6): 
Elapsed Secs: 0.00021
Query: connect
Params: []

2015-08-02T23:00:39+07:00 INFO (6): 
Elapsed Secs: 0.00031
Query: SELECT `ken`.*, `cos`.`id_cabang`, `us`.`id_user`, `cb`.`cabang` FROM `kendaraan` AS `ken`
 INNER JOIN `costumer` AS `cos` ON cos.nik_costumer=ken.nik_costumer
 INNER JOIN `user` AS `us` ON us.id_user = cos.id_user
 INNER JOIN `cabang` AS `cb` ON cos.id_cabang = cb.id_cabang WHERE (us.id_user = '20') AND (cb.id_cabang = '030')
Params: []

2015-08-02T23:00:41+07:00 INFO (6): 
Elapsed Secs: 0.0003
Query: connect
Params: []

2015-08-02T23:00:41+07:00 INFO (6): 
Elapsed Secs: 0.00074
Query: DESCRIBE `cabang`
Params: []

2015-08-02T23:00:41+07:00 INFO (6): 
Elapsed Secs: 0.0002
Query: SELECT `cabang`.* FROM `cabang` WHERE (id_cabang = '030' ) LIMIT 1
Params: []

2015-08-02T23:00:41+07:00 INFO (6): 
Elapsed Secs: 0.00072
Query: DESCRIBE `pinjaman`
Params: []

2015-08-02T23:00:41+07:00 INFO (6): 
Elapsed Secs: 0.00031
Query: SELECT `pin`.*, `cos`.`nama` FROM `pinjaman` AS `pin`
 INNER JOIN `costumer` AS `cos` ON pin.nik_costumer = cos.nik_costumer
 INNER JOIN `user` AS `us` ON cos.id_user = us.id_user
 INNER JOIN `cabang` AS `cb` ON us.id_cabang = cb.id_cabang WHERE (us.id_user = '20') OR (cb.id_cabang = '030')
Params: []

2015-08-02T23:00:41+07:00 INFO (6): 
Elapsed Secs: 0.00066
Query: DESCRIBE `spb`
Params: []

2015-08-02T23:00:41+07:00 INFO (6): 
Elapsed Secs: 0.00018
Query: SELECT `spb`.* FROM `spb` WHERE (no_kontrak = '29-MD-00162-15') LIMIT 1
Params: []

2015-08-02T23:00:59+07:00 INFO (6): 
Elapsed Secs: 0.00025
Query: connect
Params: []

2015-08-02T23:00:59+07:00 INFO (6): 
Elapsed Secs: 0.00089
Query: DESCRIBE `cabang`
Params: []

2015-08-02T23:00:59+07:00 INFO (6): 
Elapsed Secs: 0.00019
Query: SELECT `cabang`.* FROM `cabang` WHERE (id_cabang = '030' ) LIMIT 1
Params: []

2015-08-02T23:00:59+07:00 INFO (6): 
Elapsed Secs: 0.00071
Query: DESCRIBE `pinjaman`
Params: []

2015-08-02T23:00:59+07:00 INFO (6): 
Elapsed Secs: 0.0003
Query: SELECT `pin`.*, `cos`.`nama` FROM `pinjaman` AS `pin`
 INNER JOIN `costumer` AS `cos` ON pin.nik_costumer = cos.nik_costumer
 INNER JOIN `user` AS `us` ON cos.id_user = us.id_user
 INNER JOIN `cabang` AS `cb` ON us.id_cabang = cb.id_cabang WHERE (us.id_user = '20') OR (cb.id_cabang = '030')
Params: []

2015-08-02T23:00:59+07:00 INFO (6): 
Elapsed Secs: 0.0007
Query: DESCRIBE `spb`
Params: []

2015-08-02T23:00:59+07:00 INFO (6): 
Elapsed Secs: 0.00015
Query: SELECT `spb`.* FROM `spb` WHERE (no_kontrak = '29-MD-00162-15') LIMIT 1
Params: []

2015-08-02T23:01:00+07:00 INFO (6): 
Elapsed Secs: 0.00026
Query: connect
Params: []

2015-08-02T23:01:00+07:00 INFO (6): 
Elapsed Secs: 0.00074
Query: DESCRIBE `cabang`
Params: []

2015-08-02T23:01:00+07:00 INFO (6): 
Elapsed Secs: 0.00022
Query: SELECT `cabang`.* FROM `cabang` WHERE (id_cabang = '030' ) LIMIT 1
Params: []

2015-08-02T23:01:00+07:00 INFO (6): 
Elapsed Secs: 0.00062
Query: DESCRIBE `pinjaman`
Params: []

2015-08-02T23:01:00+07:00 INFO (6): 
Elapsed Secs: 0.00025
Query: SELECT `pin`.*, `cos`.`nama` FROM `pinjaman` AS `pin`
 INNER JOIN `costumer` AS `cos` ON pin.nik_costumer = cos.nik_costumer
 INNER JOIN `user` AS `us` ON cos.id_user = us.id_user
 INNER JOIN `cabang` AS `cb` ON us.id_cabang = cb.id_cabang WHERE (us.id_user = '20') OR (cb.id_cabang = '030')
Params: []

2015-08-02T23:01:00+07:00 INFO (6): 
Elapsed Secs: 0.00052
Query: DESCRIBE `spb`
Params: []

2015-08-02T23:01:00+07:00 INFO (6): 
Elapsed Secs: 0.00011
Query: SELECT `spb`.* FROM `spb` WHERE (no_kontrak = '29-MD-00162-15') LIMIT 1
Params: []

2015-08-02T23:01:52+07:00 INFO (6): 
Elapsed Secs: 0.00027
Query: connect
Params: []

2015-08-02T23:01:52+07:00 INFO (6): 
Elapsed Secs: 0.00089
Query: DESCRIBE `cabang`
Params: []

2015-08-02T23:01:52+07:00 INFO (6): 
Elapsed Secs: 0.00018
Query: SELECT `cabang`.* FROM `cabang` WHERE (id_cabang = '030' ) LIMIT 1
Params: []

2015-08-02T23:01:52+07:00 INFO (6): 
Elapsed Secs: 0.00074
Query: DESCRIBE `pinjaman`
Params: []

2015-08-02T23:01:52+07:00 INFO (6): 
Elapsed Secs: 0.0003
Query: SELECT `pin`.*, `cos`.`nama` FROM `pinjaman` AS `pin`
 INNER JOIN `costumer` AS `cos` ON pin.nik_costumer = cos.nik_costumer
 INNER JOIN `user` AS `us` ON cos.id_user = us.id_user
 INNER JOIN `cabang` AS `cb` ON us.id_cabang = cb.id_cabang WHERE (us.id_user = '20') OR (cb.id_cabang = '030')
Params: []

2015-08-02T23:01:52+07:00 INFO (6): 
Elapsed Secs: 0.00071
Query: DESCRIBE `spb`
Params: []

2015-08-02T23:01:52+07:00 INFO (6): 
Elapsed Secs: 0.00013
Query: SELECT `spb`.* FROM `spb` WHERE (no_kontrak = '29-MD-00162-15') LIMIT 1
Params: []

2015-08-02T23:02:14+07:00 INFO (6): 
Elapsed Secs: 0.00024
Query: connect
Params: []

2015-08-02T23:02:14+07:00 INFO (6): 
Elapsed Secs: 0.00063
Query: DESCRIBE `cabang`
Params: []

2015-08-02T23:02:14+07:00 INFO (6): 
Elapsed Secs: 0.00016
Query: SELECT `cabang`.* FROM `cabang` WHERE (id_cabang = '030' ) LIMIT 1
Params: []

2015-08-02T23:02:14+07:00 INFO (6): 
Elapsed Secs: 0.00061
Query: DESCRIBE `pinjaman`
Params: []

2015-08-02T23:02:14+07:00 INFO (6): 
Elapsed Secs: 0.00031
Query: SELECT `pin`.*, `cos`.`nama` FROM `pinjaman` AS `pin`
 INNER JOIN `costumer` AS `cos` ON pin.nik_costumer = cos.nik_costumer
 INNER JOIN `user` AS `us` ON cos.id_user = us.id_user
 INNER JOIN `cabang` AS `cb` ON us.id_cabang = cb.id_cabang WHERE (us.id_user = '20') OR (cb.id_cabang = '030')
Params: []

2015-08-02T23:02:14+07:00 INFO (6): 
Elapsed Secs: 0.00071
Query: DESCRIBE `spb`
Params: []

2015-08-02T23:02:14+07:00 INFO (6): 
Elapsed Secs: 0.00017
Query: SELECT `spb`.* FROM `spb` WHERE (no_kontrak = '29-MD-00162-15') LIMIT 1
Params: []

2015-08-02T23:02:49+07:00 INFO (6): 
Elapsed Secs: 0.00166
Query: connect
Params: []

2015-08-02T23:02:49+07:00 INFO (6): 
Elapsed Secs: 0.00098
Query: DESCRIBE `cabang`
Params: []

2015-08-02T23:02:49+07:00 INFO (6): 
Elapsed Secs: 0.00021
Query: SELECT `cabang`.* FROM `cabang` WHERE (id_cabang = '030' ) LIMIT 1
Params: []

2015-08-02T23:02:49+07:00 INFO (6): 
Elapsed Secs: 0.00088
Query: DESCRIBE `pinjaman`
Params: []

2015-08-02T23:02:49+07:00 INFO (6): 
Elapsed Secs: 0.0003
Query: SELECT `pin`.*, `cos`.`nama` FROM `pinjaman` AS `pin`
 INNER JOIN `costumer` AS `cos` ON pin.nik_costumer = cos.nik_costumer
 INNER JOIN `user` AS `us` ON cos.id_user = us.id_user
 INNER JOIN `cabang` AS `cb` ON us.id_cabang = cb.id_cabang WHERE (us.id_user = '20') OR (cb.id_cabang = '030')
Params: []

2015-08-02T23:02:49+07:00 INFO (6): 
Elapsed Secs: 0.00078
Query: DESCRIBE `spb`
Params: []

2015-08-02T23:02:49+07:00 INFO (6): 
Elapsed Secs: 0.00015
Query: SELECT `spb`.* FROM `spb` WHERE (no_kontrak = '29-MD-00162-15') LIMIT 1
Params: []

2015-08-02T23:03:22+07:00 INFO (6): 
Elapsed Secs: 0.00106
Query: connect
Params: []

2015-08-02T23:03:22+07:00 INFO (6): 
Elapsed Secs: 0.00071
Query: DESCRIBE `cabang`
Params: []

2015-08-02T23:03:22+07:00 INFO (6): 
Elapsed Secs: 0.00017
Query: SELECT `cabang`.* FROM `cabang` WHERE (id_cabang = '030' ) LIMIT 1
Params: []

2015-08-02T23:03:22+07:00 INFO (6): 
Elapsed Secs: 0.00067
Query: DESCRIBE `pinjaman`
Params: []

2015-08-02T23:03:22+07:00 INFO (6): 
Elapsed Secs: 0.00031
Query: SELECT `pin`.*, `cos`.`nama` FROM `pinjaman` AS `pin`
 INNER JOIN `costumer` AS `cos` ON pin.nik_costumer = cos.nik_costumer
 INNER JOIN `user` AS `us` ON cos.id_user = us.id_user
 INNER JOIN `cabang` AS `cb` ON us.id_cabang = cb.id_cabang WHERE (us.id_user = '20') OR (cb.id_cabang = '030')
Params: []

2015-08-02T23:03:29+07:00 INFO (6): 
Elapsed Secs: 0.00023
Query: connect
Params: []

2015-08-02T23:03:29+07:00 INFO (6): 
Elapsed Secs: 0.00066
Query: DESCRIBE `cabang`
Params: []

2015-08-02T23:03:29+07:00 INFO (6): 
Elapsed Secs: 0.00016
Query: SELECT `cabang`.* FROM `cabang` WHERE (id_cabang = '030' ) LIMIT 1
Params: []

2015-08-02T23:03:29+07:00 INFO (6): 
Elapsed Secs: 0.00062
Query: DESCRIBE `pinjaman`
Params: []

2015-08-02T23:03:29+07:00 INFO (6): 
Elapsed Secs: 0.00023
Query: SELECT `pin`.*, `cos`.`nama` FROM `pinjaman` AS `pin`
 INNER JOIN `costumer` AS `cos` ON pin.nik_costumer = cos.nik_costumer
 INNER JOIN `user` AS `us` ON cos.id_user = us.id_user
 INNER JOIN `cabang` AS `cb` ON us.id_cabang = cb.id_cabang WHERE (us.id_user = '20') OR (cb.id_cabang = '030')
Params: []

2015-08-02T23:04:36+07:00 INFO (6): 
Elapsed Secs: 0.00023
Query: connect
Params: []

2015-08-02T23:04:36+07:00 INFO (6): 
Elapsed Secs: 0.00074
Query: DESCRIBE `kendaraan`
Params: []

2015-08-02T23:04:36+07:00 INFO (6): 
Elapsed Secs: 0.00022
Query: connect
Params: []

2015-08-02T23:04:36+07:00 INFO (6): 
Elapsed Secs: 0.00027
Query: SELECT `ken`.`no_polisi`, `ken`.`nik_costumer`, `cb`.* FROM `kendaraan` AS `ken`
 INNER JOIN `costumer` AS `cos` ON cos.nik_costumer = ken.nik_costumer
 INNER JOIN `penjamin` AS `pen` ON cos.nik_costumer = pen.nik_costumer
 INNER JOIN `user` AS `us` ON cos.id_user = us.id_user
 INNER JOIN `cabang` AS `cb` ON cb.id_cabang = us.id_cabang WHERE (us.id_user = '20') AND (ken.status != 'kredit')
Params: []

2015-08-02T23:04:39+07:00 INFO (6): 
Elapsed Secs: 0.00028
Query: connect
Params: []

2015-08-02T23:04:39+07:00 INFO (6): 
Elapsed Secs: 0.00078
Query: DESCRIBE `cabang`
Params: []

2015-08-02T23:04:39+07:00 INFO (6): 
Elapsed Secs: 0.00018
Query: SELECT `cabang`.* FROM `cabang` WHERE (id_cabang = '030' ) LIMIT 1
Params: []

2015-08-02T23:04:39+07:00 INFO (6): 
Elapsed Secs: 0.00067
Query: DESCRIBE `pinjaman`
Params: []

2015-08-02T23:04:39+07:00 INFO (6): 
Elapsed Secs: 0.00027
Query: SELECT `pin`.*, `cos`.`nama` FROM `pinjaman` AS `pin`
 INNER JOIN `costumer` AS `cos` ON pin.nik_costumer = cos.nik_costumer
 INNER JOIN `user` AS `us` ON cos.id_user = us.id_user
 INNER JOIN `cabang` AS `cb` ON us.id_cabang = cb.id_cabang WHERE (us.id_user = '20') OR (cb.id_cabang = '030')
Params: []

2015-08-02T23:05:11+07:00 INFO (6): 
Elapsed Secs: 0.0003
Query: connect
Params: []

2015-08-02T23:05:11+07:00 INFO (6): 
Elapsed Secs: 0.00073
Query: DESCRIBE `cabang`
Params: []

2015-08-02T23:05:11+07:00 INFO (6): 
Elapsed Secs: 0.00017
Query: SELECT `cabang`.* FROM `cabang` WHERE (id_cabang = '030' ) LIMIT 1
Params: []

2015-08-02T23:05:11+07:00 INFO (6): 
Elapsed Secs: 0.00055
Query: DESCRIBE `pinjaman`
Params: []

2015-08-02T23:05:11+07:00 INFO (6): 
Elapsed Secs: 0.00027
Query: SELECT `pin`.*, `cos`.`nama` FROM `pinjaman` AS `pin`
 INNER JOIN `costumer` AS `cos` ON pin.nik_costumer = cos.nik_costumer
 INNER JOIN `user` AS `us` ON cos.id_user = us.id_user
 INNER JOIN `cabang` AS `cb` ON us.id_cabang = cb.id_cabang WHERE (us.id_user = '20') OR (cb.id_cabang = '030')
Params: []

2015-08-02T23:05:28+07:00 INFO (6): 
Elapsed Secs: 0.00021
Query: connect
Params: []

2015-08-02T23:05:28+07:00 INFO (6): 
Elapsed Secs: 0.00069
Query: DESCRIBE `cabang`
Params: []

2015-08-02T23:05:28+07:00 INFO (6): 
Elapsed Secs: 0.00017
Query: SELECT `cabang`.* FROM `cabang` WHERE (id_cabang = '030' ) LIMIT 1
Params: []

2015-08-02T23:05:28+07:00 INFO (6): 
Elapsed Secs: 0.00052
Query: DESCRIBE `pinjaman`
Params: []

2015-08-02T23:05:28+07:00 INFO (6): 
Elapsed Secs: 0.00028
Query: SELECT `pin`.*, `cos`.`nama` FROM `pinjaman` AS `pin`
 INNER JOIN `costumer` AS `cos` ON pin.nik_costumer = cos.nik_costumer
 INNER JOIN `user` AS `us` ON cos.id_user = us.id_user
 INNER JOIN `cabang` AS `cb` ON us.id_cabang = cb.id_cabang WHERE (us.id_user = '20') OR (cb.id_cabang = '030')
Params: []

2015-08-02T23:05:28+07:00 INFO (6): 
Elapsed Secs: 0.00052
Query: DESCRIBE `spb`
Params: []

2015-08-02T23:05:28+07:00 INFO (6): 
Elapsed Secs: 0.00012
Query: SELECT `spb`.* FROM `spb` WHERE (no_kontrak = '29-MD-00162-15') LIMIT 1
Params: []

2015-08-02T23:05:34+07:00 INFO (6): 
Elapsed Secs: 0.00023
Query: connect
Params: []

2015-08-02T23:05:34+07:00 INFO (6): 
Elapsed Secs: 0.00018
Query: connect
Params: []

2015-08-02T23:05:34+07:00 INFO (6): 
Elapsed Secs: 0.00067
Query: DESCRIBE `pinjaman`
Params: []

2015-08-02T23:05:34+07:00 INFO (6): 
Elapsed Secs: 0.00015
Query: SELECT `pinjaman`.* FROM `pinjaman` WHERE (id_pinjaman ='163') LIMIT 1
Params: []

2015-08-02T23:05:34+07:00 INFO (6): 
Elapsed Secs: 0.00051
Query: DESCRIBE `spb`
Params: []

2015-08-02T23:05:34+07:00 INFO (6): 
Elapsed Secs: 0.05309
Query: INSERT INTO `spb` (`nik_costumer`, `no_kontrak`, `no_polisi`) VALUES (?, ?, ?)
Params: {"1":"18129310112231","2":"29-MD-00162-15","3":"AD-5064-JI"}

2015-08-02T23:05:34+07:00 INFO (6): 
Elapsed Secs: 0.00084
Query: DESCRIBE `user`
Params: []

2015-08-02T23:05:34+07:00 INFO (6): 
Elapsed Secs: 0.00039
Query: SELECT `user`.`realname` FROM `user` WHERE (level = 'kasir') AND (user.id_cabang = '030')
Params: []

2015-08-02T23:05:34+07:00 INFO (6): 
Elapsed Secs: 0.00062
Query: SELECT `pin`.*, `pin`.`no_kontrak`, `cos`.`nama`, `ken`.`no_polisi`, `ken`.`merk`, `ken`.`tahun_pembuatan`, `ken`.`warna`, `ken`.`nama_bpkb`, `pin`.`nilai_pinjaman`, `pin`.`angsuran_perbulan`, `pin`.`lama_angsuran`, `pin`.`tanggal_jatuh_tempo` FROM `pinjaman` AS `pin`
 INNER JOIN `costumer` AS `cos` ON pin.nik_costumer = cos.nik_costumer
 INNER JOIN `user` AS `us` ON cos.id_user = us.id_user
 INNER JOIN `kendaraan` AS `ken` ON ken.no_polisi = pin.no_polisi WHERE (pin.id_pinjaman = '163')
Params: []

2015-08-02T23:05:48+07:00 INFO (6): 
Elapsed Secs: 0.00029
Query: connect
Params: []

2015-08-02T23:05:48+07:00 INFO (6): 
Elapsed Secs: 0.00079
Query: DESCRIBE `pinjaman`
Params: []

2015-08-02T23:05:48+07:00 INFO (6): 
Elapsed Secs: 0.00026
Query: SELECT `pin`.*, `pin`.`no_kontrak`, `cos`.`nama`, `ken`.`no_polisi`, `ken`.`merk`, `ken`.`tahun_pembuatan`, `ken`.`warna`, `ken`.`nama_bpkb`, `pin`.`nilai_pinjaman`, `pin`.`angsuran_perbulan`, `pin`.`lama_angsuran`, `pin`.`tanggal_jatuh_tempo` FROM `pinjaman` AS `pin`
 INNER JOIN `costumer` AS `cos` ON pin.nik_costumer = cos.nik_costumer
 INNER JOIN `user` AS `us` ON cos.id_user = us.id_user
 INNER JOIN `kendaraan` AS `ken` ON ken.no_polisi = pin.no_polisi WHERE (pin.id_pinjaman = '163')
Params: []

2015-08-02T23:05:48+07:00 INFO (6): 
Elapsed Secs: 0.00056
Query: DESCRIBE `user`
Params: []

2015-08-02T23:05:48+07:00 INFO (6): 
Elapsed Secs: 0.00012
Query: SELECT `user`.`realname` FROM `user` WHERE (level = 'kasir') AND (user.id_cabang = '030')
Params: []

2015-08-02T23:06:45+07:00 INFO (6): 
Elapsed Secs: 0.00029
Query: connect
Params: []

2015-08-02T23:06:45+07:00 INFO (6): 
Elapsed Secs: 0.00018
Query: connect
Params: []

2015-08-02T23:06:45+07:00 INFO (6): 
Elapsed Secs: 0.00069
Query: DESCRIBE `pinjaman`
Params: []

2015-08-02T23:06:45+07:00 INFO (6): 
Elapsed Secs: 0.00014
Query: SELECT `pinjaman`.* FROM `pinjaman` WHERE (id_pinjaman ='163') LIMIT 1
Params: []

2015-08-02T23:06:45+07:00 INFO (6): 
Elapsed Secs: 0.00048
Query: DESCRIBE `spb`
Params: []

2015-08-02T23:06:45+07:00 INFO (6): 
Elapsed Secs: 0.0007
Query: DESCRIBE `user`
Params: []

2015-08-02T23:06:45+07:00 INFO (6): 
Elapsed Secs: 0.00015
Query: SELECT `user`.`realname` FROM `user` WHERE (level = 'kasir') AND (user.id_cabang = '030')
Params: []

2015-08-02T23:06:45+07:00 INFO (6): 
Elapsed Secs: 0.00021
Query: SELECT `pin`.*, `pin`.`no_kontrak`, `cos`.`nama`, `ken`.`no_polisi`, `ken`.`merk`, `ken`.`tahun_pembuatan`, `ken`.`warna`, `ken`.`nama_bpkb`, `pin`.`nilai_pinjaman`, `pin`.`angsuran_perbulan`, `pin`.`lama_angsuran`, `pin`.`tanggal_jatuh_tempo` FROM `pinjaman` AS `pin`
 INNER JOIN `costumer` AS `cos` ON pin.nik_costumer = cos.nik_costumer
 INNER JOIN `user` AS `us` ON cos.id_user = us.id_user
 INNER JOIN `kendaraan` AS `ken` ON ken.no_polisi = pin.no_polisi WHERE (pin.id_pinjaman = '163')
Params: []

2015-08-02T23:06:58+07:00 INFO (6): 
Elapsed Secs: 0.00112
Query: connect
Params: []

2015-08-02T23:06:58+07:00 INFO (6): 
Elapsed Secs: 0.00023
Query: connect
Params: []

2015-08-02T23:06:58+07:00 INFO (6): 
Elapsed Secs: 0.0008
Query: DESCRIBE `pinjaman`
Params: []

2015-08-02T23:06:58+07:00 INFO (6): 
Elapsed Secs: 0.00023
Query: SELECT `pinjaman`.* FROM `pinjaman` WHERE (id_pinjaman ='163') LIMIT 1
Params: []

2015-08-02T23:06:58+07:00 INFO (6): 
Elapsed Secs: 0.00069
Query: DESCRIBE `spb`
Params: []

2015-08-02T23:06:58+07:00 INFO (6): 
Elapsed Secs: 0.00086
Query: DESCRIBE `user`
Params: []

2015-08-02T23:06:58+07:00 INFO (6): 
Elapsed Secs: 0.00019
Query: SELECT `user`.`realname` FROM `user` WHERE (level = 'kasir') AND (user.id_cabang = '030')
Params: []

2015-08-02T23:06:58+07:00 INFO (6): 
Elapsed Secs: 0.00027
Query: SELECT `pin`.*, `pin`.`no_kontrak`, `cos`.`nama`, `ken`.`no_polisi`, `ken`.`merk`, `ken`.`tahun_pembuatan`, `ken`.`warna`, `ken`.`nama_bpkb`, `pin`.`nilai_pinjaman`, `pin`.`angsuran_perbulan`, `pin`.`lama_angsuran`, `pin`.`tanggal_jatuh_tempo` FROM `pinjaman` AS `pin`
 INNER JOIN `costumer` AS `cos` ON pin.nik_costumer = cos.nik_costumer
 INNER JOIN `user` AS `us` ON cos.id_user = us.id_user
 INNER JOIN `kendaraan` AS `ken` ON ken.no_polisi = pin.no_polisi WHERE (pin.id_pinjaman = '163')
Params: []

2015-08-02T23:07:07+07:00 INFO (6): 
Elapsed Secs: 0.00021
Query: connect
Params: []

2015-08-02T23:07:07+07:00 INFO (6): 
Elapsed Secs: 0.00013
Query: connect
Params: []

2015-08-02T23:07:07+07:00 INFO (6): 
Elapsed Secs: 0.00067
Query: DESCRIBE `pinjaman`
Params: []

2015-08-02T23:07:07+07:00 INFO (6): 
Elapsed Secs: 0.00015
Query: SELECT `pinjaman`.* FROM `pinjaman` WHERE (id_pinjaman ='163') LIMIT 1
Params: []

2015-08-02T23:07:07+07:00 INFO (6): 
Elapsed Secs: 0.00055
Query: DESCRIBE `spb`
Params: []

2015-08-02T23:07:07+07:00 INFO (6): 
Elapsed Secs: 0.00097
Query: DESCRIBE `user`
Params: []

2015-08-02T23:07:07+07:00 INFO (6): 
Elapsed Secs: 0.00023
Query: SELECT `user`.`realname` FROM `user` WHERE (level = 'kasir') AND (user.id_cabang = '030')
Params: []

2015-08-02T23:07:07+07:00 INFO (6): 
Elapsed Secs: 0.00034
Query: SELECT `pin`.*, `pin`.`no_kontrak`, `cos`.`nama`, `ken`.`no_polisi`, `ken`.`merk`, `ken`.`tahun_pembuatan`, `ken`.`warna`, `ken`.`nama_bpkb`, `pin`.`nilai_pinjaman`, `pin`.`angsuran_perbulan`, `pin`.`lama_angsuran`, `pin`.`tanggal_jatuh_tempo` FROM `pinjaman` AS `pin`
 INNER JOIN `costumer` AS `cos` ON pin.nik_costumer = cos.nik_costumer
 INNER JOIN `user` AS `us` ON cos.id_user = us.id_user
 INNER JOIN `kendaraan` AS `ken` ON ken.no_polisi = pin.no_polisi WHERE (pin.id_pinjaman = '163')
Params: []

2015-08-02T23:07:21+07:00 INFO (6): 
Elapsed Secs: 0.00021
Query: connect
Params: []

2015-08-02T23:07:21+07:00 INFO (6): 
Elapsed Secs: 0.00013
Query: connect
Params: []

2015-08-02T23:07:21+07:00 INFO (6): 
Elapsed Secs: 0.00074
Query: DESCRIBE `pinjaman`
Params: []

2015-08-02T23:07:21+07:00 INFO (6): 
Elapsed Secs: 0.00015
Query: SELECT `pinjaman`.* FROM `pinjaman` WHERE (id_pinjaman ='163') LIMIT 1
Params: []

2015-08-02T23:07:21+07:00 INFO (6): 
Elapsed Secs: 0.00065
Query: DESCRIBE `spb`
Params: []

2015-08-02T23:07:21+07:00 INFO (6): 
Elapsed Secs: 0.00136
Query: DESCRIBE `user`
Params: []

2015-08-02T23:07:21+07:00 INFO (6): 
Elapsed Secs: 0.00042
Query: SELECT `user`.`realname` FROM `user` WHERE (level = 'kasir') AND (user.id_cabang = '030')
Params: []

2015-08-02T23:07:21+07:00 INFO (6): 
Elapsed Secs: 0.00065
Query: SELECT `pin`.*, `pin`.`no_kontrak`, `cos`.`nama`, `ken`.`no_polisi`, `ken`.`merk`, `ken`.`tahun_pembuatan`, `ken`.`warna`, `ken`.`nama_bpkb`, `pin`.`nilai_pinjaman`, `pin`.`angsuran_perbulan`, `pin`.`lama_angsuran`, `pin`.`tanggal_jatuh_tempo` FROM `pinjaman` AS `pin`
 INNER JOIN `costumer` AS `cos` ON pin.nik_costumer = cos.nik_costumer
 INNER JOIN `user` AS `us` ON cos.id_user = us.id_user
 INNER JOIN `kendaraan` AS `ken` ON ken.no_polisi = pin.no_polisi WHERE (pin.id_pinjaman = '163')
Params: []

2015-08-02T23:07:48+07:00 INFO (6): 
Elapsed Secs: 0.00111
Query: connect
Params: []

2015-08-02T23:07:48+07:00 INFO (6): 
Elapsed Secs: 0.00022
Query: connect
Params: []

2015-08-02T23:07:48+07:00 INFO (6): 
Elapsed Secs: 0.00072
Query: DESCRIBE `pinjaman`
Params: []

2015-08-02T23:07:48+07:00 INFO (6): 
Elapsed Secs: 0.00021
Query: SELECT `pinjaman`.* FROM `pinjaman` WHERE (id_pinjaman ='163') LIMIT 1
Params: []

2015-08-02T23:07:48+07:00 INFO (6): 
Elapsed Secs: 0.00068
Query: DESCRIBE `spb`
Params: []

2015-08-02T23:07:48+07:00 INFO (6): 
Elapsed Secs: 0.00086
Query: DESCRIBE `user`
Params: []

2015-08-02T23:07:48+07:00 INFO (6): 
Elapsed Secs: 0.0002
Query: SELECT `user`.`realname` FROM `user` WHERE (level = 'kasir') AND (user.id_cabang = '030')
Params: []

2015-08-02T23:07:48+07:00 INFO (6): 
Elapsed Secs: 0.00028
Query: SELECT `pin`.*, `pin`.`no_kontrak`, `cos`.`nama`, `ken`.`no_polisi`, `ken`.`merk`, `ken`.`tahun_pembuatan`, `ken`.`warna`, `ken`.`nama_bpkb`, `pin`.`nilai_pinjaman`, `pin`.`angsuran_perbulan`, `pin`.`lama_angsuran`, `pin`.`tanggal_jatuh_tempo` FROM `pinjaman` AS `pin`
 INNER JOIN `costumer` AS `cos` ON pin.nik_costumer = cos.nik_costumer
 INNER JOIN `user` AS `us` ON cos.id_user = us.id_user
 INNER JOIN `kendaraan` AS `ken` ON ken.no_polisi = pin.no_polisi WHERE (pin.id_pinjaman = '163')
Params: []

2015-08-02T23:08:12+07:00 INFO (6): 
Elapsed Secs: 0.00021
Query: connect
Params: []

2015-08-02T23:08:12+07:00 INFO (6): 
Elapsed Secs: 0.00017
Query: connect
Params: []

2015-08-02T23:08:12+07:00 INFO (6): 
Elapsed Secs: 0.00078
Query: DESCRIBE `pinjaman`
Params: []

2015-08-02T23:08:12+07:00 INFO (6): 
Elapsed Secs: 0.00017
Query: SELECT `pinjaman`.* FROM `pinjaman` WHERE (id_pinjaman ='163') LIMIT 1
Params: []

2015-08-02T23:08:12+07:00 INFO (6): 
Elapsed Secs: 0.00064
Query: DESCRIBE `spb`
Params: []

2015-08-02T23:08:12+07:00 INFO (6): 
Elapsed Secs: 0.00085
Query: DESCRIBE `user`
Params: []

2015-08-02T23:08:12+07:00 INFO (6): 
Elapsed Secs: 0.00017
Query: SELECT `user`.`realname` FROM `user` WHERE (level = 'kasir') AND (user.id_cabang = '030')
Params: []

2015-08-02T23:08:12+07:00 INFO (6): 
Elapsed Secs: 0.00025
Query: SELECT `pin`.*, `pin`.`no_kontrak`, `cos`.`nama`, `ken`.`no_polisi`, `ken`.`merk`, `ken`.`tahun_pembuatan`, `ken`.`warna`, `ken`.`nama_bpkb`, `pin`.`nilai_pinjaman`, `pin`.`angsuran_perbulan`, `pin`.`lama_angsuran`, `pin`.`tanggal_jatuh_tempo` FROM `pinjaman` AS `pin`
 INNER JOIN `costumer` AS `cos` ON pin.nik_costumer = cos.nik_costumer
 INNER JOIN `user` AS `us` ON cos.id_user = us.id_user
 INNER JOIN `kendaraan` AS `ken` ON ken.no_polisi = pin.no_polisi WHERE (pin.id_pinjaman = '163')
Params: []

2015-08-02T23:08:42+07:00 INFO (6): 
Elapsed Secs: 0.00027
Query: connect
Params: []

2015-08-02T23:08:42+07:00 INFO (6): 
Elapsed Secs: 0.00023
Query: connect
Params: []

2015-08-02T23:08:42+07:00 INFO (6): 
Elapsed Secs: 0.00083
Query: DESCRIBE `pinjaman`
Params: []

2015-08-02T23:08:42+07:00 INFO (6): 
Elapsed Secs: 0.00018
Query: SELECT `pinjaman`.* FROM `pinjaman` WHERE (id_pinjaman ='163') LIMIT 1
Params: []

2015-08-02T23:08:42+07:00 INFO (6): 
Elapsed Secs: 0.0008
Query: DESCRIBE `spb`
Params: []

2015-08-02T23:08:42+07:00 INFO (6): 
Elapsed Secs: 0.00085
Query: DESCRIBE `user`
Params: []

2015-08-02T23:08:42+07:00 INFO (6): 
Elapsed Secs: 0.00022
Query: SELECT `user`.`realname` FROM `user` WHERE (level = 'kasir') AND (user.id_cabang = '030')
Params: []

2015-08-02T23:08:42+07:00 INFO (6): 
Elapsed Secs: 0.00025
Query: SELECT `pin`.*, `pin`.`no_kontrak`, `cos`.`nama`, `ken`.`no_polisi`, `ken`.`merk`, `ken`.`tahun_pembuatan`, `ken`.`warna`, `ken`.`nama_bpkb`, `pin`.`nilai_pinjaman`, `pin`.`angsuran_perbulan`, `pin`.`lama_angsuran`, `pin`.`tanggal_jatuh_tempo` FROM `pinjaman` AS `pin`
 INNER JOIN `costumer` AS `cos` ON pin.nik_costumer = cos.nik_costumer
 INNER JOIN `user` AS `us` ON cos.id_user = us.id_user
 INNER JOIN `kendaraan` AS `ken` ON ken.no_polisi = pin.no_polisi WHERE (pin.id_pinjaman = '163')
Params: []

2015-08-02T23:08:54+07:00 INFO (6): 
Elapsed Secs: 0.00166
Query: connect
Params: []

2015-08-02T23:08:54+07:00 INFO (6): 
Elapsed Secs: 0.00017
Query: connect
Params: []

2015-08-02T23:08:54+07:00 INFO (6): 
Elapsed Secs: 0.00069
Query: DESCRIBE `pinjaman`
Params: []

2015-08-02T23:08:54+07:00 INFO (6): 
Elapsed Secs: 0.00017
Query: SELECT `pinjaman`.* FROM `pinjaman` WHERE (id_pinjaman ='163') LIMIT 1
Params: []

2015-08-02T23:08:54+07:00 INFO (6): 
Elapsed Secs: 0.00049
Query: DESCRIBE `spb`
Params: []

2015-08-02T23:08:54+07:00 INFO (6): 
Elapsed Secs: 0.00072
Query: DESCRIBE `user`
Params: []

2015-08-02T23:08:54+07:00 INFO (6): 
Elapsed Secs: 0.00015
Query: SELECT `user`.`realname` FROM `user` WHERE (level = 'kasir') AND (user.id_cabang = '030')
Params: []

2015-08-02T23:08:54+07:00 INFO (6): 
Elapsed Secs: 0.0002
Query: SELECT `pin`.*, `pin`.`no_kontrak`, `cos`.`nama`, `ken`.`no_polisi`, `ken`.`merk`, `ken`.`tahun_pembuatan`, `ken`.`warna`, `ken`.`nama_bpkb`, `pin`.`nilai_pinjaman`, `pin`.`angsuran_perbulan`, `pin`.`lama_angsuran`, `pin`.`tanggal_jatuh_tempo` FROM `pinjaman` AS `pin`
 INNER JOIN `costumer` AS `cos` ON pin.nik_costumer = cos.nik_costumer
 INNER JOIN `user` AS `us` ON cos.id_user = us.id_user
 INNER JOIN `kendaraan` AS `ken` ON ken.no_polisi = pin.no_polisi WHERE (pin.id_pinjaman = '163')
Params: []

2015-08-02T23:08:56+07:00 INFO (6): 
Elapsed Secs: 0.00025
Query: connect
Params: []

2015-08-02T23:08:56+07:00 INFO (6): 
Elapsed Secs: 0.00072
Query: DESCRIBE `pinjaman`
Params: []

2015-08-02T23:08:56+07:00 INFO (6): 
Elapsed Secs: 0.00023
Query: SELECT `pin`.*, `pin`.`no_kontrak`, `cos`.`nama`, `ken`.`no_polisi`, `ken`.`merk`, `ken`.`tahun_pembuatan`, `ken`.`warna`, `ken`.`nama_bpkb`, `pin`.`nilai_pinjaman`, `pin`.`angsuran_perbulan`, `pin`.`lama_angsuran`, `pin`.`tanggal_jatuh_tempo` FROM `pinjaman` AS `pin`
 INNER JOIN `costumer` AS `cos` ON pin.nik_costumer = cos.nik_costumer
 INNER JOIN `user` AS `us` ON cos.id_user = us.id_user
 INNER JOIN `kendaraan` AS `ken` ON ken.no_polisi = pin.no_polisi WHERE (pin.id_pinjaman = '163')
Params: []

2015-08-02T23:08:56+07:00 INFO (6): 
Elapsed Secs: 0.00056
Query: DESCRIBE `user`
Params: []

2015-08-02T23:08:56+07:00 INFO (6): 
Elapsed Secs: 0.0001
Query: SELECT `user`.`realname` FROM `user` WHERE (level = 'kasir') AND (user.id_cabang = '030')
Params: []

2015-08-02T23:09:04+07:00 INFO (6): 
Elapsed Secs: 0.00109
Query: connect
Params: []

2015-08-02T23:09:04+07:00 INFO (6): 
Elapsed Secs: 0.00074
Query: DESCRIBE `costumer`
Params: []

2015-08-02T23:09:04+07:00 INFO (6): 
Elapsed Secs: 0.00025
Query: SELECT `cos`.`nik_costumer`, `cos`.`nama`, `cos`.`alamat`, `cos`.`jenis_kelamin`, `cos`.`tempat_lahir`, `cos`.`tanggal_lahir`, `cos`.`nama_ibu`, `cos`.`agama`, `cos`.`status`, `cos`.`pekerjaan`, `cos`.`alamat_tempat_kerja`, `cos`.`hp`, `cos`.`telpon`, `us`.`realname` FROM `costumer` AS `cos`
 INNER JOIN `user` AS `us` ON cos.id_user=us.id_user
 INNER JOIN `cabang` AS `cb` ON us.id_cabang = cb.id_cabang WHERE (cos.id_user = '20')
Params: []

2015-08-02T23:09:05+07:00 INFO (6): 
Elapsed Secs: 0.00029
Query: connect
Params: []

2015-08-02T23:09:05+07:00 INFO (6): 
Elapsed Secs: 0.00079
Query: DESCRIBE `cabang`
Params: []

2015-08-02T23:09:05+07:00 INFO (6): 
Elapsed Secs: 0.00017
Query: SELECT `cabang`.* FROM `cabang` WHERE (id_cabang = '030' ) LIMIT 1
Params: []

2015-08-02T23:09:05+07:00 INFO (6): 
Elapsed Secs: 0.00061
Query: DESCRIBE `pinjaman`
Params: []

2015-08-02T23:09:05+07:00 INFO (6): 
Elapsed Secs: 0.00029
Query: SELECT `pin`.*, `cos`.`nama` FROM `pinjaman` AS `pin`
 INNER JOIN `costumer` AS `cos` ON pin.nik_costumer = cos.nik_costumer
 INNER JOIN `user` AS `us` ON cos.id_user = us.id_user
 INNER JOIN `cabang` AS `cb` ON us.id_cabang = cb.id_cabang WHERE (us.id_user = '20') OR (cb.id_cabang = '030')
Params: []

2015-08-02T23:09:05+07:00 INFO (6): 
Elapsed Secs: 0.00053
Query: DESCRIBE `spb`
Params: []

2015-08-02T23:09:05+07:00 INFO (6): 
Elapsed Secs: 0.00013
Query: SELECT `spb`.* FROM `spb` WHERE (no_kontrak = '29-MD-00162-15') LIMIT 1
Params: []

2015-08-02T23:09:26+07:00 INFO (6): 
Elapsed Secs: 0.00114
Query: connect
Params: []

2015-08-02T23:09:26+07:00 INFO (6): 
Elapsed Secs: 0.00077
Query: DESCRIBE `cabang`
Params: []

2015-08-02T23:09:26+07:00 INFO (6): 
Elapsed Secs: 0.00017
Query: SELECT `cabang`.* FROM `cabang` WHERE (id_cabang = '030' ) LIMIT 1
Params: []

2015-08-02T23:09:26+07:00 INFO (6): 
Elapsed Secs: 0.00057
Query: DESCRIBE `pinjaman`
Params: []

2015-08-02T23:09:26+07:00 INFO (6): 
Elapsed Secs: 0.00028
Query: SELECT `pin`.*, `cos`.`nama` FROM `pinjaman` AS `pin`
 INNER JOIN `costumer` AS `cos` ON pin.nik_costumer = cos.nik_costumer
 INNER JOIN `user` AS `us` ON cos.id_user = us.id_user
 INNER JOIN `cabang` AS `cb` ON us.id_cabang = cb.id_cabang WHERE (us.id_user = '20') OR (cb.id_cabang = '030')
Params: []

2015-08-02T23:09:26+07:00 INFO (6): 
Elapsed Secs: 0.00076
Query: DESCRIBE `spb`
Params: []

2015-08-02T23:09:26+07:00 INFO (6): 
Elapsed Secs: 0.00017
Query: SELECT `spb`.* FROM `spb` WHERE (no_kontrak = '29-MD-00162-15') LIMIT 1
Params: []

2015-08-02T23:09:41+07:00 INFO (6): 
Elapsed Secs: 0.00026
Query: connect
Params: []

2015-08-02T23:09:41+07:00 INFO (6): 
Elapsed Secs: 0.00079
Query: DESCRIBE `cabang`
Params: []

2015-08-02T23:09:41+07:00 INFO (6): 
Elapsed Secs: 0.00015
Query: SELECT `cabang`.* FROM `cabang` WHERE (id_cabang = '030' ) LIMIT 1
Params: []

2015-08-02T23:09:41+07:00 INFO (6): 
Elapsed Secs: 0.00065
Query: DESCRIBE `pinjaman`
Params: []

2015-08-02T23:09:41+07:00 INFO (6): 
Elapsed Secs: 0.00031
Query: SELECT `pin`.*, `cos`.`nama` FROM `pinjaman` AS `pin`
 INNER JOIN `costumer` AS `cos` ON pin.nik_costumer = cos.nik_costumer
 INNER JOIN `user` AS `us` ON cos.id_user = us.id_user
 INNER JOIN `cabang` AS `cb` ON us.id_cabang = cb.id_cabang WHERE (us.id_user = '20') OR (cb.id_cabang = '030')
Params: []

2015-08-02T23:09:41+07:00 INFO (6): 
Elapsed Secs: 0.00065
Query: DESCRIBE `spb`
Params: []

2015-08-02T23:09:41+07:00 INFO (6): 
Elapsed Secs: 0.00017
Query: SELECT `spb`.* FROM `spb` WHERE (no_kontrak = '29-MD-00162-15') LIMIT 1
Params: []

2015-08-02T23:10:20+07:00 INFO (6): 
Elapsed Secs: 0.00024
Query: connect
Params: []

2015-08-02T23:10:20+07:00 INFO (6): 
Elapsed Secs: 0.03664
Query: UPDATE `user_login` SET `status` = ? WHERE (id_user ='20')
Params: {"1":0}

2015-08-02T23:10:25+07:00 INFO (6): 
Elapsed Secs: 0.00109
Query: connect
Params: []

2015-08-02T23:10:25+07:00 INFO (6): 
Elapsed Secs: 0.00068
Query: DESCRIBE `user`
Params: []

2015-08-02T23:10:25+07:00 INFO (6): 
Elapsed Secs: 0.00017
Query: connect
Params: []

2015-08-02T23:10:25+07:00 INFO (6): 
Elapsed Secs: 0.00021
Query: SELECT `user`.*, `cabang`.* FROM `user`
 INNER JOIN `cabang` ON cabang.id_cabang = user.id_cabang WHERE (user.username = 'admin') AND (user.password = '7a1850f4e4f83df695e6913f8b2c1594ff3505e7')
Params: []

2015-08-02T23:10:28+07:00 INFO (6): 
Elapsed Secs: 0.00029
Query: connect
Params: []

2015-08-02T23:10:28+07:00 INFO (6): 
Elapsed Secs: 0.00068
Query: DESCRIBE `user`
Params: []

2015-08-02T23:10:28+07:00 INFO (6): 
Elapsed Secs: 0.00025
Query: connect
Params: []

2015-08-02T23:10:28+07:00 INFO (6): 
Elapsed Secs: 0.00023
Query: SELECT `user`.*, `cabang`.* FROM `user`
 INNER JOIN `cabang` ON cabang.id_cabang = user.id_cabang WHERE (user.username = 'admin') AND (user.password = 'd033e22ae348aeb5660fc2140aec35850c4da997')
Params: []

2015-08-02T23:10:28+07:00 INFO (6): 
Elapsed Secs: 0.00023
Query: SELECT `user`.*, `user_login`.*, `cabang`.* FROM `user`
 INNER JOIN `user_login` ON user_login.id_user = user.id_user
 INNER JOIN `cabang` ON cabang.id_cabang = user.id_cabang WHERE (user.id_user = '16')
Params: []

2015-08-02T23:10:28+07:00 INFO (6): 
Elapsed Secs: 0.09127
Query: UPDATE `user_login` SET `status` = ?, `login_time` = NOW(), `ip_login` = ?, `last_login` = ? WHERE (id_user = '16')
Params: {"1":1,"2":"127.0.0.1","3":"2015-08-02 22:39:15"}

2015-08-02T23:10:28+07:00 INFO (6): 
Elapsed Secs: 0.00032
Query: SELECT `user`.*, `user_login`.*, `cabang`.* FROM `user`
 INNER JOIN `user_login` ON user_login.id_user = user.id_user
 INNER JOIN `cabang` ON cabang.id_cabang = user.id_cabang WHERE (user.id_user = '16')
Params: []

2015-08-02T23:10:32+07:00 INFO (6): 
Elapsed Secs: 0.00024
Query: connect
Params: []

2015-08-02T23:10:32+07:00 INFO (6): 
Elapsed Secs: 0.0007
Query: DESCRIBE `kendaraan`
Params: []

2015-08-02T23:10:32+07:00 INFO (6): 
Elapsed Secs: 0.00023
Query: connect
Params: []

2015-08-02T23:10:32+07:00 INFO (6): 
Elapsed Secs: 0.00023
Query: SELECT `ken`.`no_polisi`, `ken`.`nik_costumer` FROM `kendaraan` AS `ken`
 INNER JOIN `costumer` AS `cos` ON cos.nik_costumer = ken.nik_costumer
 INNER JOIN `penjamin` AS `pen` ON cos.nik_costumer = pen.nik_costumer WHERE (ken.status != 'kredit')
Params: []

2015-08-02T23:10:35+07:00 INFO (6): 
Elapsed Secs: 0.00025
Query: connect
Params: []

2015-08-02T23:10:35+07:00 INFO (6): 
Elapsed Secs: 0.0009
Query: DESCRIBE `cabang`
Params: []

2015-08-02T23:10:35+07:00 INFO (6): 
Elapsed Secs: 0.0002
Query: SELECT `cabang`.* FROM `cabang` WHERE (id_cabang = '29' ) LIMIT 1
Params: []

2015-08-02T23:10:35+07:00 INFO (6): 
Elapsed Secs: 0.00074
Query: DESCRIBE `pinjaman`
Params: []

2015-08-02T23:10:35+07:00 INFO (6): 
Elapsed Secs: 0.00026
Query: SELECT `pin`.*, `cos`.`nama` FROM `pinjaman` AS `pin`
 INNER JOIN `costumer` AS `cos` ON pin.nik_costumer = cos.nik_costumer
 INNER JOIN `user` AS `us` ON cos.id_user = us.id_user
 INNER JOIN `cabang` AS `cb` ON us.id_cabang = cb.id_cabang WHERE (us.id_user = '16') OR (cb.id_cabang = '29')
Params: []

2015-08-02T23:10:37+07:00 INFO (6): 
Elapsed Secs: 0.00024
Query: connect
Params: []

2015-08-02T23:10:37+07:00 INFO (6): 
Elapsed Secs: 0.00075
Query: DESCRIBE `cabang`
Params: []

2015-08-02T23:10:37+07:00 INFO (6): 
Elapsed Secs: 0.00018
Query: SELECT `cabang`.* FROM `cabang` WHERE (id_cabang = '29' ) LIMIT 1
Params: []

2015-08-02T23:10:37+07:00 INFO (6): 
Elapsed Secs: 0.0006
Query: DESCRIBE `pinjaman`
Params: []

2015-08-02T23:10:37+07:00 INFO (6): 
Elapsed Secs: 0.00026
Query: SELECT `pin`.*, `cos`.`nama` FROM `pinjaman` AS `pin`
 INNER JOIN `costumer` AS `cos` ON pin.nik_costumer = cos.nik_costumer
 INNER JOIN `user` AS `us` ON cos.id_user = us.id_user
 INNER JOIN `cabang` AS `cb` ON us.id_cabang = cb.id_cabang WHERE (us.id_user = '16') OR (cb.id_cabang = '29')
Params: []

2015-08-02T23:10:40+07:00 INFO (6): 
Elapsed Secs: 0.00019
Query: connect
Params: []

2015-08-02T23:10:40+07:00 INFO (6): 
Elapsed Secs: 0.00069
Query: DESCRIBE `cabang`
Params: []

2015-08-02T23:10:40+07:00 INFO (6): 
Elapsed Secs: 0.00019
Query: SELECT `cabang`.* FROM `cabang` WHERE (id_cabang = '29' ) LIMIT 1
Params: []

2015-08-02T23:10:40+07:00 INFO (6): 
Elapsed Secs: 0.00064
Query: DESCRIBE `pinjaman`
Params: []

2015-08-02T23:10:40+07:00 INFO (6): 
Elapsed Secs: 0.00023
Query: SELECT `pin`.*, `cos`.`nama`, `cb`.`cabang` FROM `pinjaman` AS `pin`
 INNER JOIN `costumer` AS `cos` ON pin.nik_costumer = cos.nik_costumer
 INNER JOIN `user` AS `us` ON cos.id_user = us.id_user
 INNER JOIN `cabang` AS `cb` ON us.id_cabang = cb.id_cabang
Params: []

2015-08-02T23:10:40+07:00 INFO (6): 
Elapsed Secs: 0.00049
Query: DESCRIBE `spb`
Params: []

2015-08-02T23:10:40+07:00 INFO (6): 
Elapsed Secs: 0.00012
Query: SELECT `spb`.* FROM `spb` WHERE (no_kontrak = '29-MD-00162-15') LIMIT 1
Params: []

2015-08-02T23:10:40+07:00 INFO (6): 
Elapsed Secs: 0.00012
Query: SELECT `spb`.* FROM `spb` WHERE (no_kontrak = '29-MD-00162-15') LIMIT 1
Params: []

2015-08-02T23:10:42+07:00 INFO (6): 
Elapsed Secs: 0.00027
Query: connect
Params: []

2015-08-02T23:10:42+07:00 INFO (6): 
Elapsed Secs: 0.00079
Query: DESCRIBE `cabang`
Params: []

2015-08-02T23:10:42+07:00 INFO (6): 
Elapsed Secs: 0.00019
Query: SELECT `cabang`.* FROM `cabang` WHERE (id_cabang = '29' ) LIMIT 1
Params: []

2015-08-02T23:10:42+07:00 INFO (6): 
Elapsed Secs: 0.00072
Query: DESCRIBE `pinjaman`
Params: []

2015-08-02T23:10:42+07:00 INFO (6): 
Elapsed Secs: 0.00027
Query: SELECT `pin`.*, `cos`.`nama` FROM `pinjaman` AS `pin`
 INNER JOIN `costumer` AS `cos` ON pin.nik_costumer = cos.nik_costumer
 INNER JOIN `user` AS `us` ON cos.id_user = us.id_user
 INNER JOIN `cabang` AS `cb` ON us.id_cabang = cb.id_cabang WHERE (us.id_user = '16') OR (cb.id_cabang = '29')
Params: []

2015-08-02T23:10:48+07:00 INFO (6): 
Elapsed Secs: 0.00028
Query: connect
Params: []

2015-08-02T23:10:48+07:00 INFO (6): 
Elapsed Secs: 0.03264
Query: UPDATE `user_login` SET `status` = ? WHERE (id_user ='16')
Params: {"1":0}

2015-08-02T23:10:56+07:00 INFO (6): 
Elapsed Secs: 0.00024
Query: connect
Params: []

2015-08-02T23:10:56+07:00 INFO (6): 
Elapsed Secs: 0.00074
Query: DESCRIBE `user`
Params: []

2015-08-02T23:10:56+07:00 INFO (6): 
Elapsed Secs: 0.00019
Query: connect
Params: []

2015-08-02T23:10:56+07:00 INFO (6): 
Elapsed Secs: 0.00021
Query: SELECT `user`.*, `cabang`.* FROM `user`
 INNER JOIN `cabang` ON cabang.id_cabang = user.id_cabang WHERE (user.username = 'kotabumi') AND (user.password = 'd033e22ae348aeb5660fc2140aec35850c4da997')
Params: []

2015-08-02T23:10:56+07:00 INFO (6): 
Elapsed Secs: 0.00021
Query: SELECT `user`.*, `user_login`.*, `cabang`.* FROM `user`
 INNER JOIN `user_login` ON user_login.id_user = user.id_user
 INNER JOIN `cabang` ON cabang.id_cabang = user.id_cabang WHERE (user.id_user = '20')
Params: []

2015-08-02T23:10:57+07:00 INFO (6): 
Elapsed Secs: 0.08643
Query: UPDATE `user_login` SET `status` = ?, `login_time` = NOW(), `ip_login` = ?, `last_login` = ? WHERE (id_user = '20')
Params: {"1":1,"2":"127.0.0.1","3":"2015-08-02 22:52:04"}

2015-08-02T23:10:57+07:00 INFO (6): 
Elapsed Secs: 0.00037
Query: SELECT `user`.*, `user_login`.*, `cabang`.* FROM `user`
 INNER JOIN `user_login` ON user_login.id_user = user.id_user
 INNER JOIN `cabang` ON cabang.id_cabang = user.id_cabang WHERE (user.id_user = '20')
Params: []

2015-08-02T23:11:01+07:00 INFO (6): 
Elapsed Secs: 0.00026
Query: connect
Params: []

2015-08-02T23:11:01+07:00 INFO (6): 
Elapsed Secs: 0.00088
Query: DESCRIBE `cabang`
Params: []

2015-08-02T23:11:01+07:00 INFO (6): 
Elapsed Secs: 0.0002
Query: SELECT `cabang`.* FROM `cabang` WHERE (id_cabang = '030' ) LIMIT 1
Params: []

2015-08-02T23:11:01+07:00 INFO (6): 
Elapsed Secs: 0.00076
Query: DESCRIBE `pinjaman`
Params: []

2015-08-02T23:11:01+07:00 INFO (6): 
Elapsed Secs: 0.00028
Query: SELECT `pin`.*, `cos`.`nama` FROM `pinjaman` AS `pin`
 INNER JOIN `costumer` AS `cos` ON pin.nik_costumer = cos.nik_costumer
 INNER JOIN `user` AS `us` ON cos.id_user = us.id_user
 INNER JOIN `cabang` AS `cb` ON us.id_cabang = cb.id_cabang WHERE (us.id_user = '20') OR (cb.id_cabang = '030')
Params: []

2015-08-02T23:11:01+07:00 INFO (6): 
Elapsed Secs: 0.00068
Query: DESCRIBE `spb`
Params: []

2015-08-02T23:11:01+07:00 INFO (6): 
Elapsed Secs: 0.00016
Query: SELECT `spb`.* FROM `spb` WHERE (no_kontrak = '29-MD-00162-15') LIMIT 1
Params: []

2015-08-02T23:11:32+07:00 INFO (6): 
Elapsed Secs: 0.00019
Query: connect
Params: []

2015-08-02T23:11:32+07:00 INFO (6): 
Elapsed Secs: 0.00077
Query: DESCRIBE `cabang`
Params: []

2015-08-02T23:11:32+07:00 INFO (6): 
Elapsed Secs: 0.00017
Query: SELECT `cabang`.* FROM `cabang` WHERE (id_cabang = '030' ) LIMIT 1
Params: []

2015-08-02T23:11:32+07:00 INFO (6): 
Elapsed Secs: 0.00061
Query: DESCRIBE `pinjaman`
Params: []

2015-08-02T23:11:32+07:00 INFO (6): 
Elapsed Secs: 0.00027
Query: SELECT `pin`.*, `cos`.`nama` FROM `pinjaman` AS `pin`
 INNER JOIN `costumer` AS `cos` ON pin.nik_costumer = cos.nik_costumer
 INNER JOIN `user` AS `us` ON cos.id_user = us.id_user
 INNER JOIN `cabang` AS `cb` ON us.id_cabang = cb.id_cabang WHERE (us.id_user = '20') OR (cb.id_cabang = '030')
Params: []

2015-08-02T23:11:32+07:00 INFO (6): 
Elapsed Secs: 0.00053
Query: DESCRIBE `spb`
Params: []

2015-08-02T23:11:32+07:00 INFO (6): 
Elapsed Secs: 0.00017
Query: SELECT `spb`.* FROM `spb` WHERE (no_kontrak = '29-MD-00162-15') LIMIT 1
Params: []

2015-08-02T23:11:34+07:00 INFO (6): 
Elapsed Secs: 0.00022
Query: connect
Params: []

2015-08-02T23:11:34+07:00 INFO (6): 
Elapsed Secs: 0.00065
Query: DESCRIBE `cabang`
Params: []

2015-08-02T23:11:34+07:00 INFO (6): 
Elapsed Secs: 0.00016
Query: SELECT `cabang`.* FROM `cabang` WHERE (id_cabang = '030' ) LIMIT 1
Params: []

2015-08-02T23:11:34+07:00 INFO (6): 
Elapsed Secs: 0.00062
Query: DESCRIBE `pinjaman`
Params: []

2015-08-02T23:11:34+07:00 INFO (6): 
Elapsed Secs: 0.00025
Query: SELECT `pin`.*, `cos`.`nama` FROM `pinjaman` AS `pin`
 INNER JOIN `costumer` AS `cos` ON pin.nik_costumer = cos.nik_costumer
 INNER JOIN `user` AS `us` ON cos.id_user = us.id_user
 INNER JOIN `cabang` AS `cb` ON us.id_cabang = cb.id_cabang WHERE (us.id_user = '20') OR (cb.id_cabang = '030')
Params: []

2015-08-02T23:11:34+07:00 INFO (6): 
Elapsed Secs: 0.00072
Query: DESCRIBE `spb`
Params: []

2015-08-02T23:11:34+07:00 INFO (6): 
Elapsed Secs: 0.00012
Query: SELECT `spb`.* FROM `spb` WHERE (no_kontrak = '29-MD-00162-15') LIMIT 1
Params: []

2015-08-02T23:11:36+07:00 INFO (6): 
Elapsed Secs: 0.00111
Query: connect
Params: []

2015-08-02T23:11:36+07:00 INFO (6): 
Elapsed Secs: 0.00081
Query: DESCRIBE `cabang`
Params: []

2015-08-02T23:11:36+07:00 INFO (6): 
Elapsed Secs: 0.00018
Query: SELECT `cabang`.* FROM `cabang` WHERE (id_cabang = '030' ) LIMIT 1
Params: []

2015-08-02T23:11:36+07:00 INFO (6): 
Elapsed Secs: 0.00054
Query: DESCRIBE `pinjaman`
Params: []

2015-08-02T23:11:36+07:00 INFO (6): 
Elapsed Secs: 0.00027
Query: SELECT `pin`.*, `cos`.`nama` FROM `pinjaman` AS `pin`
 INNER JOIN `costumer` AS `cos` ON pin.nik_costumer = cos.nik_costumer
 INNER JOIN `user` AS `us` ON cos.id_user = us.id_user
 INNER JOIN `cabang` AS `cb` ON us.id_cabang = cb.id_cabang WHERE (us.id_user = '20') OR (cb.id_cabang = '030')
Params: []

2015-08-02T23:11:36+07:00 INFO (6): 
Elapsed Secs: 0.00057
Query: DESCRIBE `spb`
Params: []

2015-08-02T23:11:36+07:00 INFO (6): 
Elapsed Secs: 0.00011
Query: SELECT `spb`.* FROM `spb` WHERE (no_kontrak = '29-MD-00162-15') LIMIT 1
Params: []

2015-08-02T23:12:05+07:00 INFO (6): 
Elapsed Secs: 0.00046
Query: connect
Params: []

2015-08-02T23:12:05+07:00 INFO (6): 
Elapsed Secs: 0.00149
Query: DESCRIBE `cabang`
Params: []

2015-08-02T23:12:05+07:00 INFO (6): 
Elapsed Secs: 0.00025
Query: SELECT `cabang`.* FROM `cabang` WHERE (id_cabang = '030' ) LIMIT 1
Params: []

2015-08-02T23:12:05+07:00 INFO (6): 
Elapsed Secs: 0.00105
Query: DESCRIBE `pinjaman`
Params: []

2015-08-02T23:12:05+07:00 INFO (6): 
Elapsed Secs: 0.00041
Query: SELECT `pin`.*, `cos`.`nama` FROM `pinjaman` AS `pin`
 INNER JOIN `costumer` AS `cos` ON pin.nik_costumer = cos.nik_costumer
 INNER JOIN `user` AS `us` ON cos.id_user = us.id_user
 INNER JOIN `cabang` AS `cb` ON us.id_cabang = cb.id_cabang WHERE (us.id_user = '20') OR (cb.id_cabang = '030')
Params: []

2015-08-02T23:12:25+07:00 INFO (6): 
Elapsed Secs: 0.00112
Query: connect
Params: []

2015-08-02T23:12:26+07:00 INFO (6): 
Elapsed Secs: 0.03171
Query: UPDATE `user_login` SET `status` = ? WHERE (id_user ='20')
Params: {"1":0}

2015-08-02T23:12:31+07:00 INFO (6): 
Elapsed Secs: 0.00019
Query: connect
Params: []

2015-08-02T23:12:31+07:00 INFO (6): 
Elapsed Secs: 0.00066
Query: DESCRIBE `user`
Params: []

2015-08-02T23:12:31+07:00 INFO (6): 
Elapsed Secs: 0.00029
Query: connect
Params: []

2015-08-02T23:12:31+07:00 INFO (6): 
Elapsed Secs: 0.00023
Query: SELECT `user`.*, `cabang`.* FROM `user`
 INNER JOIN `cabang` ON cabang.id_cabang = user.id_cabang WHERE (user.username = 'admin') AND (user.password = 'd033e22ae348aeb5660fc2140aec35850c4da997')
Params: []

2015-08-02T23:12:31+07:00 INFO (6): 
Elapsed Secs: 0.00023
Query: SELECT `user`.*, `user_login`.*, `cabang`.* FROM `user`
 INNER JOIN `user_login` ON user_login.id_user = user.id_user
 INNER JOIN `cabang` ON cabang.id_cabang = user.id_cabang WHERE (user.id_user = '16')
Params: []

2015-08-02T23:12:31+07:00 INFO (6): 
Elapsed Secs: 0.0934
Query: UPDATE `user_login` SET `status` = ?, `login_time` = NOW(), `ip_login` = ?, `last_login` = ? WHERE (id_user = '16')
Params: {"1":1,"2":"127.0.0.1","3":"2015-08-02 23:10:28"}

2015-08-02T23:12:31+07:00 INFO (6): 
Elapsed Secs: 0.0003
Query: SELECT `user`.*, `user_login`.*, `cabang`.* FROM `user`
 INNER JOIN `user_login` ON user_login.id_user = user.id_user
 INNER JOIN `cabang` ON cabang.id_cabang = user.id_cabang WHERE (user.id_user = '16')
Params: []

2015-08-02T23:12:33+07:00 INFO (6): 
Elapsed Secs: 0.00029
Query: connect
Params: []

2015-08-02T23:12:33+07:00 INFO (6): 
Elapsed Secs: 0.00078
Query: DESCRIBE `cabang`
Params: []

2015-08-02T23:12:33+07:00 INFO (6): 
Elapsed Secs: 0.00019
Query: connect
Params: []

2015-08-02T23:12:33+07:00 INFO (6): 
Elapsed Secs: 0.00015
Query: SELECT `cabang`.* FROM `cabang` ORDER BY `id_cabang` desc
Params: []

2015-08-02T23:12:35+07:00 INFO (6): 
Elapsed Secs: 0.00028
Query: connect
Params: []

2015-08-02T23:12:35+07:00 INFO (6): 
Elapsed Secs: 0.0008
Query: DESCRIBE `cabang`
Params: []

2015-08-02T23:12:35+07:00 INFO (6): 
Elapsed Secs: 0.00021
Query: connect
Params: []

2015-08-02T23:12:35+07:00 INFO (6): 
Elapsed Secs: 0.00019
Query: SELECT `cabang`.`id_cabang` FROM `cabang` ORDER BY `id_cabang` desc
Params: []

2015-08-02T23:12:53+07:00 INFO (6): 
Elapsed Secs: 0.00157
Query: connect
Params: []

2015-08-02T23:12:53+07:00 INFO (6): 
Elapsed Secs: 0.001
Query: DESCRIBE `cabang`
Params: []

2015-08-02T23:12:53+07:00 INFO (6): 
Elapsed Secs: 0.00027
Query: connect
Params: []

2015-08-02T23:12:53+07:00 INFO (6): 
Elapsed Secs: 0.00014
Query: SELECT `cabang`.`id_cabang` FROM `cabang` ORDER BY `id_cabang` desc
Params: []

2015-08-02T23:13:07+07:00 INFO (6): 
Elapsed Secs: 0.00023
Query: connect
Params: []

2015-08-02T23:13:07+07:00 INFO (6): 
Elapsed Secs: 0.00066
Query: DESCRIBE `cabang`
Params: []

2015-08-02T23:13:07+07:00 INFO (6): 
Elapsed Secs: 0.00014
Query: connect
Params: []

2015-08-02T23:13:07+07:00 INFO (6): 
Elapsed Secs: 0.00011
Query: SELECT `cabang`.`id_cabang` FROM `cabang` ORDER BY `id_cabang` desc
Params: []

2015-08-02T23:13:16+07:00 INFO (6): 
Elapsed Secs: 0.00026
Query: connect
Params: []

2015-08-02T23:13:16+07:00 INFO (6): 
Elapsed Secs: 0.0008
Query: DESCRIBE `cabang`
Params: []

2015-08-02T23:14:22+07:00 INFO (6): 
Elapsed Secs: 0.00026
Query: connect
Params: []

2015-08-02T23:14:22+07:00 INFO (6): 
Elapsed Secs: 0.00093
Query: DESCRIBE `cabang`
Params: []

2015-08-02T23:14:26+07:00 INFO (6): 
Elapsed Secs: 0.00029
Query: connect
Params: []

2015-08-02T23:14:26+07:00 INFO (6): 
Elapsed Secs: 0.00068
Query: DESCRIBE `cabang`
Params: []

2015-08-02T23:14:26+07:00 INFO (6): 
Elapsed Secs: 0.00024
Query: connect
Params: []

2015-08-02T23:14:26+07:00 INFO (6): 
Elapsed Secs: 0.00019
Query: SELECT `cabang`.* FROM `cabang` ORDER BY `id_cabang` desc
Params: []

2015-08-02T23:14:28+07:00 INFO (6): 
Elapsed Secs: 0.00021
Query: connect
Params: []

2015-08-02T23:14:28+07:00 INFO (6): 
Elapsed Secs: 0.00077
Query: DESCRIBE `cabang`
Params: []

2015-08-02T23:14:28+07:00 INFO (6): 
Elapsed Secs: 0.00022
Query: connect
Params: []

2015-08-02T23:14:28+07:00 INFO (6): 
Elapsed Secs: 0.00015
Query: SELECT `cabang`.`id_cabang` FROM `cabang` ORDER BY `id_cabang` desc
Params: []

2015-08-02T23:14:36+07:00 INFO (6): 
Elapsed Secs: 0.00041
Query: connect
Params: []

2015-08-02T23:14:36+07:00 INFO (6): 
Elapsed Secs: 0.00135
Query: DESCRIBE `cabang`
Params: []

2015-08-02T23:14:36+07:00 INFO (6): 
Elapsed Secs: 0.00036
Query: connect
Params: []

2015-08-02T23:14:36+07:00 INFO (6): 
Elapsed Secs: 0.00021
Query: SELECT `cabang`.`id_cabang` FROM `cabang` ORDER BY `id_cabang` desc
Params: []

2015-08-02T23:14:45+07:00 INFO (6): 
Elapsed Secs: 0.00026
Query: connect
Params: []

2015-08-02T23:14:45+07:00 INFO (6): 
Elapsed Secs: 0.0007
Query: DESCRIBE `cabang`
Params: []

2015-08-02T23:14:45+07:00 INFO (6): 
Elapsed Secs: 0.00015
Query: connect
Params: []

2015-08-02T23:14:45+07:00 INFO (6): 
Elapsed Secs: 0.00012
Query: SELECT `cabang`.`id_cabang` FROM `cabang` ORDER BY `id_cabang` desc
Params: []

2015-08-02T23:15:10+07:00 INFO (6): 
Elapsed Secs: 0.00027
Query: connect
Params: []

2015-08-02T23:15:10+07:00 INFO (6): 
Elapsed Secs: 0.00087
Query: DESCRIBE `cabang`
Params: []

2015-08-02T23:15:10+07:00 INFO (6): 
Elapsed Secs: 0.00026
Query: connect
Params: []

2015-08-02T23:15:10+07:00 INFO (6): 
Elapsed Secs: 0.00018
Query: SELECT `cabang`.`id_cabang` FROM `cabang` ORDER BY `id_cabang` desc
Params: []

2015-08-02T23:15:16+07:00 INFO (6): 
Elapsed Secs: 0.00126
Query: connect
Params: []

2015-08-02T23:15:16+07:00 INFO (6): 
Elapsed Secs: 0.00075
Query: DESCRIBE `cabang`
Params: []

2015-08-02T23:15:16+07:00 INFO (6): 
Elapsed Secs: 0.00026
Query: connect
Params: []

2015-08-02T23:15:16+07:00 INFO (6): 
Elapsed Secs: 0.00014
Query: SELECT `cabang`.`id_cabang` FROM `cabang` ORDER BY `id_cabang` desc
Params: []

2015-08-02T23:15:43+07:00 INFO (6): 
Elapsed Secs: 0.00022
Query: connect
Params: []

2015-08-02T23:15:43+07:00 INFO (6): 
Elapsed Secs: 0.00073
Query: DESCRIBE `cabang`
Params: []

2015-08-02T23:15:43+07:00 INFO (6): 
Elapsed Secs: 0.00015
Query: connect
Params: []

2015-08-02T23:15:43+07:00 INFO (6): 
Elapsed Secs: 0.00017
Query: SELECT `cabang`.`id_cabang` FROM `cabang` ORDER BY `id_cabang` desc
Params: []

2015-08-02T23:15:53+07:00 INFO (6): 
Elapsed Secs: 0.00038
Query: connect
Params: []

2015-08-02T23:15:53+07:00 INFO (6): 
Elapsed Secs: 0.00084
Query: DESCRIBE `cabang`
Params: []

2015-08-02T23:15:53+07:00 INFO (6): 
Elapsed Secs: 0.00018
Query: connect
Params: []

2015-08-02T23:15:53+07:00 INFO (6): 
Elapsed Secs: 0.00014
Query: SELECT `cabang`.`id_cabang` FROM `cabang` ORDER BY `id_cabang` desc
Params: []

2015-08-02T23:15:55+07:00 INFO (6): 
Elapsed Secs: 0.00028
Query: connect
Params: []

2015-08-02T23:15:55+07:00 INFO (6): 
Elapsed Secs: 0.0009
Query: DESCRIBE `cabang`
Params: []

2015-08-02T23:15:55+07:00 INFO (6): 
Elapsed Secs: 0.00027
Query: connect
Params: []

2015-08-02T23:15:55+07:00 INFO (6): 
Elapsed Secs: 0.00021
Query: SELECT `cabang`.`id_cabang` FROM `cabang` ORDER BY `id_cabang` desc
Params: []

2015-08-02T23:15:57+07:00 INFO (6): 
Elapsed Secs: 0.00029
Query: connect
Params: []

2015-08-02T23:15:57+07:00 INFO (6): 
Elapsed Secs: 0.00074
Query: DESCRIBE `cabang`
Params: []

2015-08-02T23:15:57+07:00 INFO (6): 
Elapsed Secs: 0.00045
Query: connect
Params: []

2015-08-02T23:15:57+07:00 INFO (6): 
Elapsed Secs: 0.00038
Query: SELECT `cabang`.`id_cabang` FROM `cabang` ORDER BY `id_cabang` desc
Params: []

2015-08-02T23:16:15+07:00 INFO (6): 
Elapsed Secs: 0.00107
Query: connect
Params: []

2015-08-02T23:16:15+07:00 INFO (6): 
Elapsed Secs: 0.00069
Query: DESCRIBE `cabang`
Params: []

2015-08-02T23:16:15+07:00 INFO (6): 
Elapsed Secs: 0.00014
Query: connect
Params: []

2015-08-02T23:16:15+07:00 INFO (6): 
Elapsed Secs: 0.00011
Query: SELECT `cabang`.`id_cabang` FROM `cabang` ORDER BY `id_cabang` desc
Params: []

2015-08-02T23:16:34+07:00 INFO (6): 
Elapsed Secs: 0.0002
Query: connect
Params: []

2015-08-02T23:16:34+07:00 INFO (6): 
Elapsed Secs: 0.00065
Query: DESCRIBE `cabang`
Params: []

2015-08-02T23:16:34+07:00 INFO (6): 
Elapsed Secs: 0.00021
Query: connect
Params: []

2015-08-02T23:16:34+07:00 INFO (6): 
Elapsed Secs: 0.00013
Query: SELECT `cabang`.`id_cabang` FROM `cabang` ORDER BY `id_cabang` asc
Params: []

2015-08-02T23:17:09+07:00 INFO (6): 
Elapsed Secs: 0.00104
Query: connect
Params: []

2015-08-02T23:17:09+07:00 INFO (6): 
Elapsed Secs: 0.00068
Query: DESCRIBE `cabang`
Params: []

2015-08-02T23:17:09+07:00 INFO (6): 
Elapsed Secs: 0.0002
Query: connect
Params: []

2015-08-02T23:17:09+07:00 INFO (6): 
Elapsed Secs: 0.00016
Query: SELECT `cabang`.`id_cabang` FROM `cabang` ORDER BY `id_cabang` asc
Params: []

2015-08-02T23:17:25+07:00 INFO (6): 
Elapsed Secs: 0.00101
Query: connect
Params: []

2015-08-02T23:17:25+07:00 INFO (6): 
Elapsed Secs: 0.00069
Query: DESCRIBE `cabang`
Params: []

2015-08-02T23:17:25+07:00 INFO (6): 
Elapsed Secs: 0.06858
Query: INSERT INTO `cabang` (`id_cabang`, `cabang`, `kepala_cabang`, `provinsi`, `kota`, `kecamatan`, `alamat`, `kode_pos`) VALUES (?, ?, ?, ?, ?, ?, ?, ?)
Params: {"1":"032","2":"erw","3":"rwer","4":"wer","5":"werwe","6":"rwer","7":"werw","8":"erwer"}

2015-08-02T23:17:25+07:00 INFO (6): 
Elapsed Secs: 0.00056
Query: connect
Params: []

2015-08-02T23:17:25+07:00 INFO (6): 
Elapsed Secs: 0.00215
Query: DESCRIBE `cabang`
Params: []

2015-08-02T23:17:25+07:00 INFO (6): 
Elapsed Secs: 0.00055
Query: connect
Params: []

2015-08-02T23:17:25+07:00 INFO (6): 
Elapsed Secs: 0.00046
Query: SELECT `cabang`.* FROM `cabang` ORDER BY `id_cabang` desc
Params: []

2015-08-02T23:17:44+07:00 INFO (6): 
Elapsed Secs: 0.00021
Query: connect
Params: []

2015-08-02T23:17:44+07:00 INFO (6): 
Elapsed Secs: 0.0007
Query: DESCRIBE `user`
Params: []

2015-08-02T23:17:44+07:00 INFO (6): 
Elapsed Secs: 0.00016
Query: connect
Params: []

2015-08-02T23:17:44+07:00 INFO (6): 
Elapsed Secs: 0.00064
Query: SELECT `user`.*, `cb`.*, `cb`.`cabang` FROM `user`
 INNER JOIN `cabang` AS `cb` ON cb.id_cabang =user.id_cabang  WHERE (level != 'superadmin') ORDER BY `id_user` desc
Params: []

2015-08-02T23:17:46+07:00 INFO (6): 
Elapsed Secs: 0.0003
Query: connect
Params: []

2015-08-02T23:17:46+07:00 INFO (6): 
Elapsed Secs: 0.00068
Query: DESCRIBE `cabang`
Params: []

2015-08-02T23:17:46+07:00 INFO (6): 
Elapsed Secs: 0.00017
Query: connect
Params: []

2015-08-02T23:17:46+07:00 INFO (6): 
Elapsed Secs: 0.00013
Query: SELECT `cabang`.* FROM `cabang` ORDER BY `id_cabang` desc
Params: []

2015-08-02T23:17:55+07:00 INFO (6): 
Elapsed Secs: 0.00019
Query: connect
Params: []

2015-08-02T23:17:55+07:00 INFO (6): 
Elapsed Secs: 0.00067
Query: DESCRIBE `user`
Params: []

2015-08-02T23:17:55+07:00 INFO (6): 
Elapsed Secs: 0.09302
Query: INSERT INTO `user` (`realname`, `Username`, `Password`, `level`, `id_cabang`, `create_at`) VALUES (?, ?, ?, ?, ?, ?)
Params: {"1":"qwe","2":"qwe","3":"056eafe7cf52220de2df36845b8ed170c67e23e3","4":"admin","5":"032","6":"2015-08-02"}

2015-08-02T23:17:55+07:00 INFO (6): 
Elapsed Secs: 0.00025
Query: connect
Params: []

2015-08-02T23:17:55+07:00 INFO (6): 
Elapsed Secs: 0.0007
Query: DESCRIBE `user`
Params: []

2015-08-02T23:17:55+07:00 INFO (6): 
Elapsed Secs: 0.00025
Query: connect
Params: []

2015-08-02T23:17:55+07:00 INFO (6): 
Elapsed Secs: 0.00071
Query: SELECT `user`.*, `cb`.*, `cb`.`cabang` FROM `user`
 INNER JOIN `cabang` AS `cb` ON cb.id_cabang =user.id_cabang  WHERE (level != 'superadmin') ORDER BY `id_user` desc
Params: []

2015-08-02T23:18:07+07:00 INFO (6): 
Elapsed Secs: 0.00254
Query: connect
Params: []

2015-08-02T23:18:08+07:00 INFO (6): 
Elapsed Secs: 0.03684
Query: UPDATE `user_login` SET `status` = ? WHERE (id_user ='16')
Params: {"1":0}

2015-08-02T23:18:12+07:00 INFO (6): 
Elapsed Secs: 0.00025
Query: connect
Params: []

2015-08-02T23:18:12+07:00 INFO (6): 
Elapsed Secs: 0.00069
Query: DESCRIBE `user`
Params: []

2015-08-02T23:18:12+07:00 INFO (6): 
Elapsed Secs: 0.00013
Query: connect
Params: []

2015-08-02T23:18:12+07:00 INFO (6): 
Elapsed Secs: 0.00023
Query: SELECT `user`.*, `cabang`.* FROM `user`
 INNER JOIN `cabang` ON cabang.id_cabang = user.id_cabang WHERE (user.username = 'qwe') AND (user.password = '056eafe7cf52220de2df36845b8ed170c67e23e3')
Params: []

2015-08-02T23:18:12+07:00 INFO (6): 
Elapsed Secs: 0.00018
Query: SELECT `user`.*, `user_login`.*, `cabang`.* FROM `user`
 INNER JOIN `user_login` ON user_login.id_user = user.id_user
 INNER JOIN `cabang` ON cabang.id_cabang = user.id_cabang WHERE (user.id_user = '21')
Params: []

2015-08-02T23:18:12+07:00 INFO (6): 
Elapsed Secs: 0.00054
Query: DESCRIBE `user_login`
Params: []

2015-08-02T23:18:12+07:00 INFO (6): 
Elapsed Secs: 0.0461
Query: INSERT INTO `user_login` (`id_user`, `last_login`, `login_time`, `ip_login`, `status`) VALUES (?, NOW(), NOW(), ?, ?)
Params: {"1":"21","2":"127.0.0.1","3":1}

2015-08-02T23:18:12+07:00 INFO (6): 
Elapsed Secs: 0.00032
Query: SELECT `user`.*, `user_login`.*, `cabang`.* FROM `user`
 INNER JOIN `user_login` ON user_login.id_user = user.id_user
 INNER JOIN `cabang` ON cabang.id_cabang = user.id_cabang WHERE (user.id_user = '21')
Params: []

2015-08-02T23:18:15+07:00 INFO (6): 
Elapsed Secs: 0.00025
Query: connect
Params: []

2015-08-02T23:18:15+07:00 INFO (6): 
Elapsed Secs: 0.00092
Query: DESCRIBE `cabang`
Params: []

2015-08-02T23:18:15+07:00 INFO (6): 
Elapsed Secs: 0.00019
Query: SELECT `cabang`.* FROM `cabang` WHERE (id_cabang = '032' ) LIMIT 1
Params: []

2015-08-02T23:18:15+07:00 INFO (6): 
Elapsed Secs: 0.0008
Query: DESCRIBE `pinjaman`
Params: []

2015-08-02T23:18:15+07:00 INFO (6): 
Elapsed Secs: 0.0003
Query: SELECT `pin`.*, `cos`.`nama` FROM `pinjaman` AS `pin`
 INNER JOIN `costumer` AS `cos` ON pin.nik_costumer = cos.nik_costumer
 INNER JOIN `user` AS `us` ON cos.id_user = us.id_user
 INNER JOIN `cabang` AS `cb` ON us.id_cabang = cb.id_cabang WHERE (us.id_user = '21') OR (cb.id_cabang = '032')
Params: []

2015-08-02T23:18:17+07:00 INFO (6): 
Elapsed Secs: 0.0003
Query: connect
Params: []

2015-08-02T23:18:17+07:00 INFO (6): 
Elapsed Secs: 0.00094
Query: DESCRIBE `penjamin`
Params: []

2015-08-02T23:18:17+07:00 INFO (6): 
Elapsed Secs: 0.00017
Query: connect
Params: []

2015-08-02T23:18:17+07:00 INFO (6): 
Elapsed Secs: 0.0003
Query: SELECT `pe`.*, `cos`.`id_cabang`, `cos`.`id_user`, `cb`.`cabang` FROM `penjamin` AS `pe`
 INNER JOIN `costumer` AS `cos` ON pe.nik_costumer = cos.nik_costumer
 INNER JOIN `user` AS `us` ON us.id_user = cos.id_user
 INNER JOIN `cabang` AS `cb` ON cb.id_cabang = cos.id_cabang WHERE (us.id_user= '21') AND (cb.id_cabang = '032')
Params: []

2015-08-02T23:18:18+07:00 INFO (6): 
Elapsed Secs: 0.00022
Query: connect
Params: []

2015-08-02T23:18:18+07:00 INFO (6): 
Elapsed Secs: 0.00092
Query: DESCRIBE `costumer`
Params: []

2015-08-02T23:18:18+07:00 INFO (6): 
Elapsed Secs: 0.00024
Query: SELECT `cos`.`nik_costumer`, `cos`.`nama`, `cos`.`alamat`, `cos`.`jenis_kelamin`, `cos`.`tempat_lahir`, `cos`.`tanggal_lahir`, `cos`.`nama_ibu`, `cos`.`agama`, `cos`.`status`, `cos`.`pekerjaan`, `cos`.`alamat_tempat_kerja`, `cos`.`hp`, `cos`.`telpon`, `us`.`realname` FROM `costumer` AS `cos`
 INNER JOIN `user` AS `us` ON cos.id_user=us.id_user
 INNER JOIN `cabang` AS `cb` ON us.id_cabang = cb.id_cabang WHERE (cos.id_user = '21')
Params: []

2015-08-02T23:18:40+07:00 INFO (6): 
Elapsed Secs: 0.00026
Query: connect
Params: []

2015-08-02T23:18:40+07:00 INFO (6): 
Elapsed Secs: 0.13442
Query: UPDATE `user_login` SET `status` = ? WHERE (id_user ='21')
Params: {"1":0}

