2015-07-25T21:08:14+07:00 INFO (6): 
Elapsed Secs: 0.00037
Query: connect
Params: []

2015-07-25T21:08:14+07:00 INFO (6): 
Elapsed Secs: 0.00091
Query: DESCRIBE `cabang`
Params: []

2015-07-25T21:08:14+07:00 INFO (6): 
Elapsed Secs: 0.00034
Query: SELECT `cabang`.* FROM `cabang` WHERE (id_cabang = '29' ) LIMIT 1
Params: []

2015-07-25T21:08:14+07:00 INFO (6): 
Elapsed Secs: 0.00096
Query: DESCRIBE `pembayaran`
Params: []

2015-07-25T21:08:14+07:00 INFO (6): 
Elapsed Secs: 0.00061
Query: SELECT `cos`.`nama`, `cos`.`nik_costumer`, `pinj`.`id_pinjaman`, `pinj`.`no_kontrak`, `pinj`.`nilai_pinjaman`, `pinj`.`lama_angsuran`, `kend`.`no_polisi` FROM `pembayaran` AS `pemb`
 INNER JOIN `pinjaman` AS `pinj` ON pinj.no_kontrak = pemb.no_kontrak
 INNER JOIN `costumer` AS `cos` ON cos.nik_costumer =  pinj.nik_costumer
 INNER JOIN `cabang` AS `cab` ON cos.id_cabang = cab.id_cabang
 INNER JOIN `kendaraan` AS `kend` ON kend.no_polisi= pinj.no_polisi WHERE (cab.id_cabang = '29') GROUP BY `pemb`.`no_kontrak` ORDER BY `pemb`.`angsuran_ke` desc
Params: []

2015-07-25T21:08:33+07:00 INFO (6): 
Elapsed Secs: 0.00103
Query: connect
Params: []

2015-07-25T21:08:33+07:00 INFO (6): 
Elapsed Secs: 0.00081
Query: DESCRIBE `cabang`
Params: []

2015-07-25T21:08:33+07:00 INFO (6): 
Elapsed Secs: 0.00025
Query: SELECT `cabang`.* FROM `cabang` WHERE (id_cabang = '29' ) LIMIT 1
Params: []

2015-07-25T21:08:33+07:00 INFO (6): 
Elapsed Secs: 0.0007
Query: DESCRIBE `pembayaran`
Params: []

2015-07-25T21:08:33+07:00 INFO (6): 
Elapsed Secs: 0.00046
Query: SELECT `cos`.`nama`, `cos`.`nik_costumer`, `pinj`.`id_pinjaman`, `pinj`.`no_kontrak`, `pinj`.`nilai_pinjaman`, `pinj`.`lama_angsuran`, `kend`.`no_polisi` FROM `pembayaran` AS `pemb`
 INNER JOIN `pinjaman` AS `pinj` ON pinj.no_kontrak = pemb.no_kontrak
 INNER JOIN `costumer` AS `cos` ON cos.nik_costumer =  pinj.nik_costumer
 INNER JOIN `cabang` AS `cab` ON cos.id_cabang = cab.id_cabang
 INNER JOIN `kendaraan` AS `kend` ON kend.no_polisi= pinj.no_polisi WHERE (cab.id_cabang = '29') GROUP BY `pemb`.`no_kontrak` ORDER BY `pemb`.`angsuran_ke` desc
Params: []

2015-07-25T21:09:49+07:00 INFO (6): 
Elapsed Secs: 0.00021
Query: connect
Params: []

2015-07-25T21:09:49+07:00 INFO (6): 
Elapsed Secs: 0.00048
Query: DESCRIBE `cabang`
Params: []

2015-07-25T21:09:49+07:00 INFO (6): 
Elapsed Secs: 0.00013
Query: SELECT `cabang`.* FROM `cabang` WHERE (id_cabang = '29' ) LIMIT 1
Params: []

2015-07-25T21:09:49+07:00 INFO (6): 
Elapsed Secs: 0.00038
Query: DESCRIBE `pembayaran`
Params: []

2015-07-25T21:09:49+07:00 INFO (6): 
Elapsed Secs: 0.0003
Query: SELECT `cos`.`nama`, `cos`.`nik_costumer`, `pinj`.`id_pinjaman`, `pinj`.`no_kontrak`, `pinj`.`nilai_pinjaman`, `pinj`.`lama_angsuran`, `kend`.`no_polisi` FROM `pembayaran` AS `pemb`
 INNER JOIN `pinjaman` AS `pinj` ON pinj.no_kontrak = pemb.no_kontrak
 INNER JOIN `costumer` AS `cos` ON cos.nik_costumer =  pinj.nik_costumer
 INNER JOIN `cabang` AS `cab` ON cos.id_cabang = cab.id_cabang
 INNER JOIN `kendaraan` AS `kend` ON kend.no_polisi= pinj.no_polisi WHERE (cab.id_cabang = '29') GROUP BY `pemb`.`no_kontrak` ORDER BY `pemb`.`angsuran_ke` desc
Params: []

2015-07-25T21:09:52+07:00 INFO (6): 
Elapsed Secs: 0.00022
Query: connect
Params: []

2015-07-25T21:09:52+07:00 INFO (6): 
Elapsed Secs: 0.0005
Query: DESCRIBE `cabang`
Params: []

2015-07-25T21:09:52+07:00 INFO (6): 
Elapsed Secs: 0.00018
Query: SELECT `cabang`.* FROM `cabang` WHERE (id_cabang = '29' ) LIMIT 1
Params: []

2015-07-25T21:09:52+07:00 INFO (6): 
Elapsed Secs: 0.00052
Query: DESCRIBE `pembayaran`
Params: []

2015-07-25T21:09:52+07:00 INFO (6): 
Elapsed Secs: 0.00033
Query: SELECT `cos`.`nama`, `cos`.`nik_costumer`, `pinj`.`id_pinjaman`, `pinj`.`no_kontrak`, `pinj`.`nilai_pinjaman`, `pinj`.`lama_angsuran`, `kend`.`no_polisi` FROM `pembayaran` AS `pemb`
 INNER JOIN `pinjaman` AS `pinj` ON pinj.no_kontrak = pemb.no_kontrak
 INNER JOIN `costumer` AS `cos` ON cos.nik_costumer =  pinj.nik_costumer
 INNER JOIN `cabang` AS `cab` ON cos.id_cabang = cab.id_cabang
 INNER JOIN `kendaraan` AS `kend` ON kend.no_polisi= pinj.no_polisi WHERE (cab.id_cabang = '29') GROUP BY `pemb`.`no_kontrak` ORDER BY `pemb`.`angsuran_ke` desc
Params: []

