2015-07-27T12:20:21+07:00 INFO (6): 
Elapsed Secs: 0.00108
Query: connect
Params: []

2015-07-27T12:20:21+07:00 INFO (6): 
Elapsed Secs: 0.00041
Query: DESCRIBE `user`
Params: []

2015-07-27T12:20:21+07:00 INFO (6): 
Elapsed Secs: 0.00019
Query: connect
Params: []

2015-07-27T12:20:21+07:00 INFO (6): 
Elapsed Secs: 0.00022
Query: SELECT `user`.*, `cabang`.* FROM `user`
 INNER JOIN `cabang` ON cabang.id_cabang = user.id_cabang WHERE (user.username = 'admin') AND (user.password = 'd033e22ae348aeb5660fc2140aec35850c4da997')
Params: []

2015-07-27T12:20:21+07:00 INFO (6): 
Elapsed Secs: 0.00019
Query: SELECT `user`.*, `user_login`.*, `cabang`.* FROM `user`
 INNER JOIN `user_login` ON user_login.id_user = user.id_user
 INNER JOIN `cabang` ON cabang.id_cabang = user.id_cabang WHERE (user.id_user = '16')
Params: []

2015-07-27T12:20:21+07:00 INFO (6): 
Elapsed Secs: 0.09262
Query: UPDATE `user_login` SET `last_login` = ?, `login_time` = NOW(), `ip_login` = ?, `status` = ? WHERE (id_user = '16')
Params: {"1":"2015-07-26 17:43:49","2":"127.0.0.1","3":1}

2015-07-27T12:20:21+07:00 INFO (6): 
Elapsed Secs: 0.0003
Query: SELECT `user`.*, `user_login`.*, `cabang`.* FROM `user`
 INNER JOIN `user_login` ON user_login.id_user = user.id_user
 INNER JOIN `cabang` ON cabang.id_cabang = user.id_cabang WHERE (user.id_user = '16')
Params: []

2015-07-27T12:20:25+07:00 INFO (6): 
Elapsed Secs: 0.0002
Query: connect
Params: []

2015-07-27T12:20:25+07:00 INFO (6): 
Elapsed Secs: 0.00039
Query: DESCRIBE `user`
Params: []

2015-07-27T12:20:25+07:00 INFO (6): 
Elapsed Secs: 0.00014
Query: SELECT `user`.* FROM `user` WHERE (id_user = '16') LIMIT 1
Params: []

2015-07-27T12:20:25+07:00 INFO (6): 
Elapsed Secs: 0.00033
Query: connect
Params: []

2015-07-27T12:20:25+07:00 INFO (6): 
Elapsed Secs: 0.00029
Query: SELECT `user`.*, `cabang`.* FROM `user`
 INNER JOIN `cabang` ON cabang.id_cabang = user.id_cabang WHERE (user.id_user = '16')
Params: []

2015-07-27T12:20:43+07:00 INFO (6): 
Elapsed Secs: 0.00103
Query: connect
Params: []

2015-07-27T12:20:43+07:00 INFO (6): 
Elapsed Secs: 0.00038
Query: DESCRIBE `user`
Params: []

2015-07-27T12:20:43+07:00 INFO (6): 
Elapsed Secs: 0.00013
Query: SELECT `user`.* FROM `user` WHERE (id_user = '16') LIMIT 1
Params: []

2015-07-27T12:20:43+07:00 INFO (6): 
Elapsed Secs: 0.00021
Query: connect
Params: []

2015-07-27T12:20:43+07:00 INFO (6): 
Elapsed Secs: 0.00015
Query: SELECT `user`.*, `cabang`.* FROM `user`
 INNER JOIN `cabang` ON cabang.id_cabang = user.id_cabang WHERE (user.id_user = '16')
Params: []

2015-07-27T12:20:47+07:00 INFO (6): 
Elapsed Secs: 0.0003
Query: connect
Params: []

2015-07-27T12:20:47+07:00 INFO (6): 
Elapsed Secs: 0.00055
Query: DESCRIBE `user`
Params: []

2015-07-27T12:20:47+07:00 INFO (6): 
Elapsed Secs: 0.00021
Query: SELECT `user`.* FROM `user` WHERE (id_user = '16') LIMIT 1
Params: []

2015-07-27T12:20:47+07:00 INFO (6): 
Elapsed Secs: 0.00024
Query: connect
Params: []

2015-07-27T12:20:47+07:00 INFO (6): 
Elapsed Secs: 0.0002
Query: SELECT `user`.*, `cabang`.* FROM `user`
 INNER JOIN `cabang` ON cabang.id_cabang = user.id_cabang WHERE (user.id_user = '16')
Params: []

2015-07-27T12:20:52+07:00 INFO (6): 
Elapsed Secs: 0.00024
Query: connect
Params: []

2015-07-27T12:20:52+07:00 INFO (6): 
Elapsed Secs: 0.00049
Query: DESCRIBE `user`
Params: []

2015-07-27T12:20:52+07:00 INFO (6): 
Elapsed Secs: 0.00046
Query: connect
Params: []

2015-07-27T12:20:52+07:00 INFO (6): 
Elapsed Secs: 0.00053
Query: SELECT `user`.*, `cb`.*, `cb`.`cabang` FROM `user`
 INNER JOIN `cabang` AS `cb` ON cb.id_cabang =user.id_cabang  WHERE (level != 'superadmin') ORDER BY `id_user` desc
Params: []

2015-07-27T12:20:58+07:00 INFO (6): 
Elapsed Secs: 0.00031
Query: connect
Params: []

2015-07-27T12:20:58+07:00 INFO (6): 
Elapsed Secs: 0.00037
Query: DESCRIBE `user`
Params: []

2015-07-27T12:20:58+07:00 INFO (6): 
Elapsed Secs: 0.00016
Query: SELECT `user`.* FROM `user` WHERE (id_user = '') LIMIT 1
Params: []

2015-07-27T12:21:01+07:00 INFO (6): 
Elapsed Secs: 0.00019
Query: connect
Params: []

2015-07-27T12:21:01+07:00 INFO (6): 
Elapsed Secs: 0.00042
Query: DESCRIBE `user`
Params: []

2015-07-27T12:21:01+07:00 INFO (6): 
Elapsed Secs: 0.00014
Query: SELECT `user`.* FROM `user` WHERE (id_user = '16') LIMIT 1
Params: []

2015-07-27T12:21:01+07:00 INFO (6): 
Elapsed Secs: 0.00025
Query: connect
Params: []

2015-07-27T12:21:01+07:00 INFO (6): 
Elapsed Secs: 0.00018
Query: SELECT `user`.*, `cabang`.* FROM `user`
 INNER JOIN `cabang` ON cabang.id_cabang = user.id_cabang WHERE (user.id_user = '16')
Params: []

2015-07-27T12:21:20+07:00 INFO (6): 
Elapsed Secs: 0.00145
Query: connect
Params: []

2015-07-27T12:21:20+07:00 INFO (6): 
Elapsed Secs: 0.04217
Query: UPDATE `user_login` SET `status` = ? WHERE (id_user ='16')
Params: {"1":0}

2015-07-27T12:21:26+07:00 INFO (6): 
Elapsed Secs: 0.00109
Query: connect
Params: []

2015-07-27T12:21:26+07:00 INFO (6): 
Elapsed Secs: 0.00043
Query: DESCRIBE `user`
Params: []

2015-07-27T12:21:26+07:00 INFO (6): 
Elapsed Secs: 0.00019
Query: connect
Params: []

2015-07-27T12:21:26+07:00 INFO (6): 
Elapsed Secs: 0.0002
Query: SELECT `user`.*, `cabang`.* FROM `user`
 INNER JOIN `cabang` ON cabang.id_cabang = user.id_cabang WHERE (user.username = 'admin') AND (user.password = 'd033e22ae348aeb5660fc2140aec35850c4da997')
Params: []

2015-07-27T12:21:26+07:00 INFO (6): 
Elapsed Secs: 0.00015
Query: SELECT `user`.*, `user_login`.*, `cabang`.* FROM `user`
 INNER JOIN `user_login` ON user_login.id_user = user.id_user
 INNER JOIN `cabang` ON cabang.id_cabang = user.id_cabang WHERE (user.id_user = '16')
Params: []

2015-07-27T12:21:26+07:00 INFO (6): 
Elapsed Secs: 0.10458
Query: UPDATE `user_login` SET `status` = ?, `login_time` = NOW(), `ip_login` = ?, `last_login` = ? WHERE (id_user = '16')
Params: {"1":1,"2":"127.0.0.1","3":"2015-07-27 12:20:21"}

2015-07-27T12:21:26+07:00 INFO (6): 
Elapsed Secs: 0.00023
Query: SELECT `user`.*, `user_login`.*, `cabang`.* FROM `user`
 INNER JOIN `user_login` ON user_login.id_user = user.id_user
 INNER JOIN `cabang` ON cabang.id_cabang = user.id_cabang WHERE (user.id_user = '16')
Params: []

2015-07-27T12:23:40+07:00 INFO (6): 
Elapsed Secs: 0.00021
Query: connect
Params: []

2015-07-27T12:23:40+07:00 INFO (6): 
Elapsed Secs: 0.00039
Query: DESCRIBE `user`
Params: []

2015-07-27T12:23:40+07:00 INFO (6): 
Elapsed Secs: 0.00014
Query: SELECT `user`.* FROM `user` WHERE (id_user = '16') LIMIT 1
Params: []

2015-07-27T12:23:40+07:00 INFO (6): 
Elapsed Secs: 0.00017
Query: connect
Params: []

2015-07-27T12:23:40+07:00 INFO (6): 
Elapsed Secs: 0.00016
Query: SELECT `user`.*, `cabang`.* FROM `user`
 INNER JOIN `cabang` ON cabang.id_cabang = user.id_cabang WHERE (user.id_user = '16')
Params: []

2015-07-27T12:23:46+07:00 INFO (6): 
Elapsed Secs: 0.00027
Query: connect
Params: []

2015-07-27T12:23:46+07:00 INFO (6): 
Elapsed Secs: 0.00059
Query: DESCRIBE `user`
Params: []

2015-07-27T12:23:46+07:00 INFO (6): 
Elapsed Secs: 0.00022
Query: connect
Params: []

2015-07-27T12:23:46+07:00 INFO (6): 
Elapsed Secs: 0.00063
Query: SELECT `user`.*, `cb`.*, `cb`.`cabang` FROM `user`
 INNER JOIN `cabang` AS `cb` ON cb.id_cabang =user.id_cabang  WHERE (level != 'superadmin') ORDER BY `id_user` desc
Params: []

2015-07-27T12:23:48+07:00 INFO (6): 
Elapsed Secs: 0.00023
Query: connect
Params: []

2015-07-27T12:23:48+07:00 INFO (6): 
Elapsed Secs: 0.00014
Query: connect
Params: []

2015-07-27T12:23:48+07:00 INFO (6): 
Elapsed Secs: 0.00038
Query: DESCRIBE `user`
Params: []

2015-07-27T12:23:48+07:00 INFO (6): 
Elapsed Secs: 0.00013
Query: SELECT `user`.* FROM `user` WHERE (id_user = '19') LIMIT 1
Params: []

2015-07-27T12:23:48+07:00 INFO (6): 
Elapsed Secs: 0.00026
Query: DESCRIBE `cabang`
Params: []

2015-07-27T12:23:48+07:00 INFO (6): 
Elapsed Secs: 0.00015
Query: SELECT `cabang`.* FROM `cabang` ORDER BY `id_cabang` desc
Params: []

2015-07-27T12:24:09+07:00 INFO (6): 
Elapsed Secs: 0.00025
Query: connect
Params: []

2015-07-27T12:24:09+07:00 INFO (6): 
Elapsed Secs: 0.00039
Query: DESCRIBE `user`
Params: []

2015-07-27T12:24:09+07:00 INFO (6): 
Elapsed Secs: 0.00021
Query: connect
Params: []

2015-07-27T12:24:09+07:00 INFO (6): 
Elapsed Secs: 0.0005
Query: SELECT `user`.*, `cb`.*, `cb`.`cabang` FROM `user`
 INNER JOIN `cabang` AS `cb` ON cb.id_cabang =user.id_cabang  WHERE (level != 'superadmin') ORDER BY `id_user` desc
Params: []

2015-07-27T12:24:11+07:00 INFO (6): 
Elapsed Secs: 0.00024
Query: connect
Params: []

2015-07-27T12:24:11+07:00 INFO (6): 
Elapsed Secs: 0.0005
Query: DESCRIBE `cabang`
Params: []

2015-07-27T12:24:11+07:00 INFO (6): 
Elapsed Secs: 0.00021
Query: connect
Params: []

2015-07-27T12:24:11+07:00 INFO (6): 
Elapsed Secs: 0.00017
Query: SELECT `cabang`.* FROM `cabang` ORDER BY `id_cabang` desc
Params: []

2015-07-27T12:24:13+07:00 INFO (6): 
Elapsed Secs: 0.00028
Query: connect
Params: []

2015-07-27T12:24:13+07:00 INFO (6): 
Elapsed Secs: 0.00042
Query: DESCRIBE `user`
Params: []

2015-07-27T12:24:13+07:00 INFO (6): 
Elapsed Secs: 0.00017
Query: connect
Params: []

2015-07-27T12:24:13+07:00 INFO (6): 
Elapsed Secs: 0.00038
Query: SELECT `user`.*, `cb`.*, `cb`.`cabang` FROM `user`
 INNER JOIN `cabang` AS `cb` ON cb.id_cabang =user.id_cabang  WHERE (level != 'superadmin') ORDER BY `id_user` desc
Params: []

2015-07-27T12:25:20+07:00 INFO (6): 
Elapsed Secs: 0.00028
Query: connect
Params: []

2015-07-27T12:25:20+07:00 INFO (6): 
Elapsed Secs: 0.02799
Query: UPDATE `user_login` SET `status` = ? WHERE (id_user ='16')
Params: {"1":0}

2015-07-27T12:25:32+07:00 INFO (6): 
Elapsed Secs: 0.00027
Query: connect
Params: []

2015-07-27T12:25:32+07:00 INFO (6): 
Elapsed Secs: 0.00039
Query: DESCRIBE `user`
Params: []

2015-07-27T12:25:32+07:00 INFO (6): 
Elapsed Secs: 0.00019
Query: connect
Params: []

2015-07-27T12:25:32+07:00 INFO (6): 
Elapsed Secs: 0.00021
Query: SELECT `user`.*, `cabang`.* FROM `user`
 INNER JOIN `cabang` ON cabang.id_cabang = user.id_cabang WHERE (user.username = 'kasir') AND (user.password = 'd033e22ae348aeb5660fc2140aec35850c4da997')
Params: []

2015-07-27T12:25:32+07:00 INFO (6): 
Elapsed Secs: 0.00017
Query: SELECT `user`.*, `user_login`.*, `cabang`.* FROM `user`
 INNER JOIN `user_login` ON user_login.id_user = user.id_user
 INNER JOIN `cabang` ON cabang.id_cabang = user.id_cabang WHERE (user.id_user = '18')
Params: []

2015-07-27T12:25:32+07:00 INFO (6): 
Elapsed Secs: 0.07763
Query: UPDATE `user_login` SET `last_login` = ?, `login_time` = NOW(), `ip_login` = ?, `status` = ? WHERE (id_user = '18')
Params: {"1":"2015-07-26 15:14:22","2":"127.0.0.1","3":1}

2015-07-27T12:25:32+07:00 INFO (6): 
Elapsed Secs: 0.00059
Query: SELECT `user`.*, `user_login`.*, `cabang`.* FROM `user`
 INNER JOIN `user_login` ON user_login.id_user = user.id_user
 INNER JOIN `cabang` ON cabang.id_cabang = user.id_cabang WHERE (user.id_user = '18')
Params: []

2015-07-27T12:27:08+07:00 INFO (6): 
Elapsed Secs: 0.00032
Query: connect
Params: []

2015-07-27T12:27:08+07:00 INFO (6): 
Elapsed Secs: 0.00056
Query: DESCRIBE `user`
Params: []

2015-07-27T12:27:08+07:00 INFO (6): 
Elapsed Secs: 0.00022
Query: SELECT `user`.* FROM `user` WHERE (id_user = '18') LIMIT 1
Params: []

2015-07-27T12:27:08+07:00 INFO (6): 
Elapsed Secs: 0.00023
Query: connect
Params: []

2015-07-27T12:27:08+07:00 INFO (6): 
Elapsed Secs: 0.00023
Query: SELECT `user`.*, `cabang`.* FROM `user`
 INNER JOIN `cabang` ON cabang.id_cabang = user.id_cabang WHERE (user.id_user = '18')
Params: []

2015-07-27T12:27:55+07:00 INFO (6): 
Elapsed Secs: 0.00017
Query: connect
Params: []

2015-07-27T12:27:55+07:00 INFO (6): 
Elapsed Secs: 0.00037
Query: DESCRIBE `user`
Params: []

2015-07-27T12:27:55+07:00 INFO (6): 
Elapsed Secs: 0.00014
Query: SELECT `user`.* FROM `user` WHERE (id_user = '18') LIMIT 1
Params: []

2015-07-27T12:27:55+07:00 INFO (6): 
Elapsed Secs: 0.00019
Query: connect
Params: []

2015-07-27T12:27:55+07:00 INFO (6): 
Elapsed Secs: 0.00017
Query: SELECT `user`.*, `cabang`.* FROM `user`
 INNER JOIN `cabang` ON cabang.id_cabang = user.id_cabang WHERE (user.id_user = '18')
Params: []

2015-07-27T12:28:05+07:00 INFO (6): 
Elapsed Secs: 0.00024
Query: connect
Params: []

2015-07-27T12:28:05+07:00 INFO (6): 
Elapsed Secs: 0.03366
Query: UPDATE `user_login` SET `status` = ? WHERE (id_user ='18')
Params: {"1":0}

2015-07-27T12:28:15+07:00 INFO (6): 
Elapsed Secs: 0.00026
Query: connect
Params: []

2015-07-27T12:28:15+07:00 INFO (6): 
Elapsed Secs: 0.0004
Query: DESCRIBE `user`
Params: []

2015-07-27T12:28:15+07:00 INFO (6): 
Elapsed Secs: 0.00026
Query: connect
Params: []

2015-07-27T12:28:15+07:00 INFO (6): 
Elapsed Secs: 0.00021
Query: SELECT `user`.*, `cabang`.* FROM `user`
 INNER JOIN `cabang` ON cabang.id_cabang = user.id_cabang WHERE (user.username = 'admin') AND (user.password = 'd033e22ae348aeb5660fc2140aec35850c4da997')
Params: []

2015-07-27T12:28:15+07:00 INFO (6): 
Elapsed Secs: 0.00019
Query: SELECT `user`.*, `user_login`.*, `cabang`.* FROM `user`
 INNER JOIN `user_login` ON user_login.id_user = user.id_user
 INNER JOIN `cabang` ON cabang.id_cabang = user.id_cabang WHERE (user.id_user = '16')
Params: []

2015-07-27T12:28:15+07:00 INFO (6): 
Elapsed Secs: 0.07955
Query: UPDATE `user_login` SET `status` = ?, `login_time` = NOW(), `ip_login` = ?, `last_login` = ? WHERE (id_user = '16')
Params: {"1":1,"2":"127.0.0.1","3":"2015-07-27 12:21:26"}

2015-07-27T12:28:15+07:00 INFO (6): 
Elapsed Secs: 0.00029
Query: SELECT `user`.*, `user_login`.*, `cabang`.* FROM `user`
 INNER JOIN `user_login` ON user_login.id_user = user.id_user
 INNER JOIN `cabang` ON cabang.id_cabang = user.id_cabang WHERE (user.id_user = '16')
Params: []

2015-07-27T12:28:18+07:00 INFO (6): 
Elapsed Secs: 0.00028
Query: connect
Params: []

2015-07-27T12:28:18+07:00 INFO (6): 
Elapsed Secs: 0.0004
Query: DESCRIBE `user`
Params: []

2015-07-27T12:28:18+07:00 INFO (6): 
Elapsed Secs: 0.00022
Query: connect
Params: []

2015-07-27T12:28:18+07:00 INFO (6): 
Elapsed Secs: 0.00042
Query: SELECT `user`.*, `cb`.*, `cb`.`cabang` FROM `user`
 INNER JOIN `cabang` AS `cb` ON cb.id_cabang =user.id_cabang  WHERE (level != 'superadmin') ORDER BY `id_user` desc
Params: []

2015-07-27T12:28:20+07:00 INFO (6): 
Elapsed Secs: 0.00034
Query: connect
Params: []

2015-07-27T12:28:20+07:00 INFO (6): 
Elapsed Secs: 0.00067
Query: DESCRIBE `cabang`
Params: []

2015-07-27T12:28:20+07:00 INFO (6): 
Elapsed Secs: 0.00033
Query: connect
Params: []

2015-07-27T12:28:20+07:00 INFO (6): 
Elapsed Secs: 0.00019
Query: SELECT `cabang`.* FROM `cabang` ORDER BY `id_cabang` desc
Params: []

2015-07-27T12:29:46+07:00 INFO (6): 
Elapsed Secs: 0.00054
Query: connect
Params: []

2015-07-27T12:29:46+07:00 INFO (6): 
Elapsed Secs: 0.00116
Query: DESCRIBE `user`
Params: []

2015-07-27T12:29:46+07:00 INFO (6): 
Elapsed Secs: 0.00041
Query: SELECT `user`.* FROM `user` WHERE (id_user = '16') LIMIT 1
Params: []

2015-07-27T12:29:46+07:00 INFO (6): 
Elapsed Secs: 0.00048
Query: connect
Params: []

2015-07-27T12:29:46+07:00 INFO (6): 
Elapsed Secs: 0.00033
Query: SELECT `user`.*, `cabang`.* FROM `user`
 INNER JOIN `cabang` ON cabang.id_cabang = user.id_cabang WHERE (user.id_user = '16')
Params: []

2015-07-27T12:29:48+07:00 INFO (6): 
Elapsed Secs: 0.0003
Query: connect
Params: []

2015-07-27T12:29:48+07:00 INFO (6): 
Elapsed Secs: 0.04249
Query: UPDATE `user_login` SET `status` = ? WHERE (id_user ='16')
Params: {"1":0}

2015-07-27T12:29:55+07:00 INFO (6): 
Elapsed Secs: 0.00021
Query: connect
Params: []

2015-07-27T12:29:55+07:00 INFO (6): 
Elapsed Secs: 0.00039
Query: DESCRIBE `user`
Params: []

2015-07-27T12:29:55+07:00 INFO (6): 
Elapsed Secs: 0.00023
Query: connect
Params: []

2015-07-27T12:29:55+07:00 INFO (6): 
Elapsed Secs: 0.00026
Query: SELECT `user`.*, `cabang`.* FROM `user`
 INNER JOIN `cabang` ON cabang.id_cabang = user.id_cabang WHERE (user.username = 'kasir') AND (user.password = 'd033e22ae348aeb5660fc2140aec35850c4da997')
Params: []

2015-07-27T12:29:55+07:00 INFO (6): 
Elapsed Secs: 0.00023
Query: SELECT `user`.*, `user_login`.*, `cabang`.* FROM `user`
 INNER JOIN `user_login` ON user_login.id_user = user.id_user
 INNER JOIN `cabang` ON cabang.id_cabang = user.id_cabang WHERE (user.id_user = '18')
Params: []

2015-07-27T12:29:55+07:00 INFO (6): 
Elapsed Secs: 0.06925
Query: UPDATE `user_login` SET `status` = ?, `login_time` = NOW(), `ip_login` = ?, `last_login` = ? WHERE (id_user = '18')
Params: {"1":1,"2":"127.0.0.1","3":"2015-07-27 12:25:32"}

2015-07-27T12:29:55+07:00 INFO (6): 
Elapsed Secs: 0.00032
Query: SELECT `user`.*, `user_login`.*, `cabang`.* FROM `user`
 INNER JOIN `user_login` ON user_login.id_user = user.id_user
 INNER JOIN `cabang` ON cabang.id_cabang = user.id_cabang WHERE (user.id_user = '18')
Params: []

2015-07-27T12:30:12+07:00 INFO (6): 
Elapsed Secs: 0.00024
Query: connect
Params: []

2015-07-27T12:30:12+07:00 INFO (6): 
Elapsed Secs: 0.00038
Query: DESCRIBE `costumer`
Params: []

2015-07-27T12:30:12+07:00 INFO (6): 
Elapsed Secs: 0.00019
Query: connect
Params: []

2015-07-27T12:30:12+07:00 INFO (6): 
Elapsed Secs: 0.00034
Query: SELECT `pinj`.`no_kontrak` FROM `costumer` AS `cos`
 INNER JOIN `pinjaman` AS `pinj` ON pinj.nik_costumer =  cos.nik_costumer
 INNER JOIN `kendaraan` AS `kend` ON kend.no_polisi = pinj.no_polisi
Params: []

2015-07-27T12:30:22+07:00 INFO (6): 
Elapsed Secs: 0.00026
Query: connect
Params: []

2015-07-27T12:30:22+07:00 INFO (6): 
Elapsed Secs: 0.00054
Query: DESCRIBE `costumer`
Params: []

2015-07-27T12:30:22+07:00 INFO (6): 
Elapsed Secs: 0.00026
Query: connect
Params: []

2015-07-27T12:30:22+07:00 INFO (6): 
Elapsed Secs: 0.00023
Query: SELECT `pinj`.`no_kontrak` FROM `costumer` AS `cos`
 INNER JOIN `pinjaman` AS `pinj` ON pinj.nik_costumer =  cos.nik_costumer
 INNER JOIN `kendaraan` AS `kend` ON kend.no_polisi = pinj.no_polisi
Params: []

2015-07-27T12:30:22+07:00 INFO (6): 
Elapsed Secs: 0.0002
Query: SELECT `pinj`.`no_kontrak`, `cos`.`nama`, `kend`.`no_polisi`, `pinj`.`angsuran_perbulan`, `pinj`.`tanggal_jatuh_tempo` FROM `costumer` AS `cos`
 INNER JOIN `pinjaman` AS `pinj` ON pinj.nik_costumer =  cos.nik_costumer
 INNER JOIN `kendaraan` AS `kend` ON kend.no_polisi = pinj.no_polisi WHERE (pinj.no_kontrak = '29-MD-00162-15') GROUP BY `pinj`.`no_kontrak`
Params: []

2015-07-27T12:30:22+07:00 INFO (6): 
Elapsed Secs: 0.00045
Query: DESCRIBE `pembayaran`
Params: []

2015-07-27T12:30:22+07:00 INFO (6): 
Elapsed Secs: 0.00015
Query: SELECT `pemb`.`angsuran_ke` FROM `pembayaran` AS `pemb` WHERE (no_kontrak = '29-MD-00162-15' ) ORDER BY `id_pembayaran` desc
Params: []

2015-07-27T12:30:22+07:00 INFO (6): 
Elapsed Secs: 0.00021
Query: SELECT `cos`.`nama`, `cos`.`nik_costumer`, `pemb`.`angsuran_ke`, `pemb`.`tanggal_pembayaran`, `pinj`.`no_kontrak`, `pinj`.`nilai_pinjaman`, `pinj`.`angsuran_perbulan`, `pinj`.`lama_angsuran` FROM `pembayaran` AS `pemb`
 INNER JOIN `pinjaman` AS `pinj` ON pinj.no_kontrak = pemb.no_kontrak
 INNER JOIN `costumer` AS `cos` ON pinj.nik_costumer = cos.nik_costumer WHERE (pemb.no_kontrak = '29-MD-00162-15') ORDER BY `id_pembayaran` desc
Params: []

2015-07-27T12:30:22+07:00 INFO (6): 
Elapsed Secs: 0.00011
Query: SELECT `pembayaran`.`id_pembayaran` FROM `pembayaran` ORDER BY `id_pembayaran` desc
Params: []

2015-07-27T12:30:22+07:00 INFO (6): 
Elapsed Secs: 0.0005
Query: DESCRIBE `kartu_piutang`
Params: []

2015-07-27T12:30:22+07:00 INFO (6): 
Elapsed Secs: 0.00019
Query: SELECT `kartu_piutang`.`sisa_denda` FROM `kartu_piutang` WHERE (no_kontrak = '29-MD-00162-15') ORDER BY `id_piutang` desc
Params: []

2015-07-27T12:32:54+07:00 INFO (6): 
Elapsed Secs: 0.00029
Query: connect
Params: []

2015-07-27T12:32:54+07:00 INFO (6): 
Elapsed Secs: 0.00044
Query: DESCRIBE `costumer`
Params: []

2015-07-27T12:32:54+07:00 INFO (6): 
Elapsed Secs: 0.00023
Query: connect
Params: []

2015-07-27T12:32:54+07:00 INFO (6): 
Elapsed Secs: 0.0002
Query: SELECT `pinj`.`no_kontrak` FROM `costumer` AS `cos`
 INNER JOIN `pinjaman` AS `pinj` ON pinj.nik_costumer =  cos.nik_costumer
 INNER JOIN `kendaraan` AS `kend` ON kend.no_polisi = pinj.no_polisi
Params: []

2015-07-27T12:32:54+07:00 INFO (6): 
Elapsed Secs: 0.00019
Query: SELECT `pinj`.`no_kontrak`, `cos`.`nama`, `kend`.`no_polisi`, `pinj`.`angsuran_perbulan`, `pinj`.`tanggal_jatuh_tempo` FROM `costumer` AS `cos`
 INNER JOIN `pinjaman` AS `pinj` ON pinj.nik_costumer =  cos.nik_costumer
 INNER JOIN `kendaraan` AS `kend` ON kend.no_polisi = pinj.no_polisi WHERE (pinj.no_kontrak = '29-MD-00162-15') GROUP BY `pinj`.`no_kontrak`
Params: []

2015-07-27T12:32:54+07:00 INFO (6): 
Elapsed Secs: 0.00029
Query: DESCRIBE `pembayaran`
Params: []

2015-07-27T12:32:54+07:00 INFO (6): 
Elapsed Secs: 0.00015
Query: SELECT `pemb`.`angsuran_ke` FROM `pembayaran` AS `pemb` WHERE (no_kontrak = '29-MD-00162-15' ) ORDER BY `id_pembayaran` desc
Params: []

2015-07-27T12:32:54+07:00 INFO (6): 
Elapsed Secs: 0.00019
Query: SELECT `cos`.`nama`, `cos`.`nik_costumer`, `pemb`.`angsuran_ke`, `pemb`.`tanggal_pembayaran`, `pinj`.`no_kontrak`, `pinj`.`nilai_pinjaman`, `pinj`.`angsuran_perbulan`, `pinj`.`lama_angsuran` FROM `pembayaran` AS `pemb`
 INNER JOIN `pinjaman` AS `pinj` ON pinj.no_kontrak = pemb.no_kontrak
 INNER JOIN `costumer` AS `cos` ON pinj.nik_costumer = cos.nik_costumer WHERE (pemb.no_kontrak = '29-MD-00162-15') ORDER BY `id_pembayaran` desc
Params: []

2015-07-27T12:32:54+07:00 INFO (6): 
Elapsed Secs: 0.00014
Query: SELECT `pembayaran`.`id_pembayaran` FROM `pembayaran` ORDER BY `id_pembayaran` desc
Params: []

2015-07-27T12:32:54+07:00 INFO (6): 
Elapsed Secs: 0.00033
Query: DESCRIBE `kartu_piutang`
Params: []

2015-07-27T12:32:54+07:00 INFO (6): 
Elapsed Secs: 0.00011
Query: SELECT `kartu_piutang`.`sisa_denda` FROM `kartu_piutang` WHERE (no_kontrak = '29-MD-00162-15') ORDER BY `id_piutang` desc
Params: []

2015-07-27T12:34:48+07:00 INFO (6): 
Elapsed Secs: 0.00027
Query: connect
Params: []

2015-07-27T12:34:48+07:00 INFO (6): 
Elapsed Secs: 0.00038
Query: DESCRIBE `cabang`
Params: []

2015-07-27T12:34:48+07:00 INFO (6): 
Elapsed Secs: 0.00017
Query: SELECT `cabang`.* FROM `cabang` WHERE (id_cabang = '29' ) LIMIT 1
Params: []

2015-07-27T12:34:48+07:00 INFO (6): 
Elapsed Secs: 0.0003
Query: DESCRIBE `pembayaran`
Params: []

2015-07-27T12:34:48+07:00 INFO (6): 
Elapsed Secs: 0.00032
Query: SELECT `cos`.`nama`, `cos`.`nik_costumer`, `pinj`.`id_pinjaman`, `pinj`.`no_kontrak`, `pinj`.`nilai_pinjaman`, `pinj`.`lama_angsuran`, `kend`.`no_polisi` FROM `pembayaran` AS `pemb`
 INNER JOIN `pinjaman` AS `pinj` ON pinj.no_kontrak = pemb.no_kontrak
 INNER JOIN `costumer` AS `cos` ON cos.nik_costumer =  pinj.nik_costumer
 INNER JOIN `cabang` AS `cab` ON cos.id_cabang = cab.id_cabang
 INNER JOIN `kendaraan` AS `kend` ON kend.no_polisi= pinj.no_polisi WHERE (cab.id_cabang = '29') GROUP BY `pemb`.`no_kontrak` ORDER BY `pemb`.`angsuran_ke` desc
Params: []

2015-07-27T12:36:04+07:00 INFO (6): 
Elapsed Secs: 0.00017
Query: connect
Params: []

2015-07-27T12:36:04+07:00 INFO (6): 
Elapsed Secs: 0.03414
Query: UPDATE `user_login` SET `status` = ? WHERE (id_user ='18')
Params: {"1":0}

2015-07-27T12:36:12+07:00 INFO (6): 
Elapsed Secs: 0.00027
Query: connect
Params: []

2015-07-27T12:36:12+07:00 INFO (6): 
Elapsed Secs: 0.0005
Query: DESCRIBE `user`
Params: []

2015-07-27T12:36:12+07:00 INFO (6): 
Elapsed Secs: 0.00023
Query: connect
Params: []

2015-07-27T12:36:12+07:00 INFO (6): 
Elapsed Secs: 0.00032
Query: SELECT `user`.*, `cabang`.* FROM `user`
 INNER JOIN `cabang` ON cabang.id_cabang = user.id_cabang WHERE (user.username = 'admin') AND (user.password = 'd033e22ae348aeb5660fc2140aec35850c4da997')
Params: []

2015-07-27T12:36:12+07:00 INFO (6): 
Elapsed Secs: 0.00021
Query: SELECT `user`.*, `user_login`.*, `cabang`.* FROM `user`
 INNER JOIN `user_login` ON user_login.id_user = user.id_user
 INNER JOIN `cabang` ON cabang.id_cabang = user.id_cabang WHERE (user.id_user = '16')
Params: []

2015-07-27T12:36:13+07:00 INFO (6): 
Elapsed Secs: 0.08412
Query: UPDATE `user_login` SET `status` = ?, `login_time` = NOW(), `ip_login` = ?, `last_login` = ? WHERE (id_user = '16')
Params: {"1":1,"2":"127.0.0.1","3":"2015-07-27 12:28:15"}

2015-07-27T12:36:13+07:00 INFO (6): 
Elapsed Secs: 0.00033
Query: SELECT `user`.*, `user_login`.*, `cabang`.* FROM `user`
 INNER JOIN `user_login` ON user_login.id_user = user.id_user
 INNER JOIN `cabang` ON cabang.id_cabang = user.id_cabang WHERE (user.id_user = '16')
Params: []

