2015-07-06T01:21:06+07:00 INFO (6): 
Elapsed Secs: 0.09749
Query: connect
Params: []

2015-07-06T01:21:06+07:00 INFO (6): 
Elapsed Secs: 0.08178
Query: UPDATE `user_login` SET `status` = ?, `last_login` = ? WHERE (status = 1)
Params: {"1":0,"2":"2015-07-05 23:25:44"}

2015-07-06T01:21:09+07:00 INFO (6): 
Elapsed Secs: 0.0003
Query: connect
Params: []

2015-07-06T01:21:09+07:00 INFO (6): 
Elapsed Secs: 0.00075
Query: DESCRIBE `user`
Params: []

2015-07-06T01:21:09+07:00 INFO (6): 
Elapsed Secs: 0.00031
Query: connect
Params: []

2015-07-06T01:21:09+07:00 INFO (6): 
Elapsed Secs: 0.00031
Query: SELECT `user`.*, `cabang`.* FROM `user`
 INNER JOIN `cabang` ON cabang.id_cabang = user.id_cabang WHERE (user.username = 'rendi') AND (user.password = 'd033e22ae348aeb5660fc2140aec35850c4da997')
Params: []

2015-07-06T01:21:09+07:00 INFO (6): 
Elapsed Secs: 0.00027
Query: SELECT `user`.*, `user_login`.*, `cabang`.* FROM `user`
 INNER JOIN `user_login` ON user_login.id_user = user.id_user
 INNER JOIN `cabang` ON cabang.id_cabang = user.id_cabang WHERE (user.id_user = '17')
Params: []

2015-07-06T01:21:09+07:00 INFO (6): 
Elapsed Secs: 0.1268
Query: UPDATE `user_login` SET `status` = ?, `login_time` = NOW(), `ip_login` = ?, `last_login` = ? WHERE (id_user = '17')
Params: {"1":1,"2":"127.0.0.1","3":"2015-07-05 23:25:44"}

2015-07-06T01:21:09+07:00 INFO (6): 
Elapsed Secs: 0.00031
Query: SELECT `user`.*, `user_login`.*, `cabang`.* FROM `user`
 INNER JOIN `user_login` ON user_login.id_user = user.id_user
 INNER JOIN `cabang` ON cabang.id_cabang = user.id_cabang WHERE (user.id_user = '17')
Params: []

2015-07-06T01:21:15+07:00 INFO (6): 
Elapsed Secs: 0.00031
Query: connect
Params: []

2015-07-06T01:21:15+07:00 INFO (6): 
Elapsed Secs: 0.00079
Query: DESCRIBE `cabang`
Params: []

2015-07-06T01:21:15+07:00 INFO (6): 
Elapsed Secs: 0.00016
Query: SELECT `cabang`.* FROM `cabang` WHERE (id_cabang = '30' ) LIMIT 1
Params: []

2015-07-06T01:21:15+07:00 INFO (6): 
Elapsed Secs: 0.00076
Query: DESCRIBE `pinjaman`
Params: []

2015-07-06T01:21:15+07:00 INFO (6): 
Elapsed Secs: 0.00037
Query: SELECT `pin`.*, `cos`.`nama` FROM `pinjaman` AS `pin`
 INNER JOIN `costumer` AS `cos` ON pin.nik_costumer = cos.nik_costumer
 INNER JOIN `user` AS `us` ON cos.id_user = us.id_user
 INNER JOIN `cabang` AS `cb` ON us.id_cabang = cb.id_cabang WHERE (us.id_user = '17') AND (cb.id_cabang = '30')
Params: []

2015-07-06T01:21:15+07:00 INFO (6): 
Elapsed Secs: 0.0006
Query: DESCRIBE `spb`
Params: []

2015-07-06T01:21:15+07:00 INFO (6): 
Elapsed Secs: 0.00019
Query: SELECT `spb`.* FROM `spb` WHERE (no_kontrak = '30/MF/00155/15') LIMIT 1
Params: []

2015-07-06T01:21:17+07:00 INFO (6): 
Elapsed Secs: 0.00026
Query: connect
Params: []

2015-07-06T01:21:17+07:00 INFO (6): 
Elapsed Secs: 0.00075
Query: DESCRIBE `costumer`
Params: []

2015-07-06T01:21:17+07:00 INFO (6): 
Elapsed Secs: 0.00022
Query: connect
Params: []

2015-07-06T01:21:17+07:00 INFO (6): 
Elapsed Secs: 0.00014
Query: SELECT `costumer`.`nik_costumer` FROM `costumer`
Params: []

2015-07-06T01:21:17+07:00 INFO (6): 
Elapsed Secs: 0.00063
Query: DESCRIBE `kendaraan`
Params: []

2015-07-06T01:21:17+07:00 INFO (6): 
Elapsed Secs: 0.00034
Query: SELECT `ken`.`no_polisi`, `ken`.`nik_costumer`, `cb`.* FROM `kendaraan` AS `ken`
 INNER JOIN `costumer` AS `cos` ON cos.nik_costumer = ken.nik_costumer
 INNER JOIN `penjamin` AS `pen` ON cos.nik_costumer = pen.nik_costumer
 INNER JOIN `user` AS `us` ON cos.id_user = us.id_user
 INNER JOIN `cabang` AS `cb` ON cb.id_cabang = us.id_cabang WHERE (us.id_user = '17') AND (ken.status != 'kredit')
Params: []

2015-07-06T01:21:22+07:00 INFO (6): 
Elapsed Secs: 0.00027
Query: connect
Params: []

2015-07-06T01:21:22+07:00 INFO (6): 
Elapsed Secs: 0.00067
Query: DESCRIBE `cabang`
Params: []

2015-07-06T01:21:22+07:00 INFO (6): 
Elapsed Secs: 0.00018
Query: SELECT `cabang`.* FROM `cabang` WHERE (id_cabang = '30' ) LIMIT 1
Params: []

2015-07-06T01:21:22+07:00 INFO (6): 
Elapsed Secs: 0.00063
Query: DESCRIBE `pinjaman`
Params: []

2015-07-06T01:21:22+07:00 INFO (6): 
Elapsed Secs: 0.00029
Query: SELECT `pin`.*, `cos`.`nama` FROM `pinjaman` AS `pin`
 INNER JOIN `costumer` AS `cos` ON pin.nik_costumer = cos.nik_costumer
 INNER JOIN `user` AS `us` ON cos.id_user = us.id_user
 INNER JOIN `cabang` AS `cb` ON us.id_cabang = cb.id_cabang WHERE (us.id_user = '17') AND (cb.id_cabang = '30')
Params: []

2015-07-06T01:21:22+07:00 INFO (6): 
Elapsed Secs: 0.00062
Query: DESCRIBE `spb`
Params: []

2015-07-06T01:21:22+07:00 INFO (6): 
Elapsed Secs: 0.00021
Query: SELECT `spb`.* FROM `spb` WHERE (no_kontrak = '30/MF/00155/15') LIMIT 1
Params: []

2015-07-06T01:21:24+07:00 INFO (6): 
Elapsed Secs: 0.00025
Query: connect
Params: []

2015-07-06T01:21:24+07:00 INFO (6): 
Elapsed Secs: 0.00024
Query: connect
Params: []

2015-07-06T01:21:24+07:00 INFO (6): 
Elapsed Secs: 0.0008
Query: DESCRIBE `pinjaman`
Params: []

2015-07-06T01:21:24+07:00 INFO (6): 
Elapsed Secs: 0.0002
Query: SELECT `pinjaman`.* FROM `pinjaman` WHERE (id_pinjaman ='156') LIMIT 1
Params: []

2015-07-06T01:21:24+07:00 INFO (6): 
Elapsed Secs: 0.00062
Query: DESCRIBE `spb`
Params: []

2015-07-06T01:21:24+07:00 INFO (6): 
Elapsed Secs: 0.0586
Query: INSERT INTO `spb` (`nik_costumer`, `no_kontrak`, `no_polisi`) VALUES (?, ?, ?)
Params: {"1":"18129310112231","2":"30\/MF\/00155\/15","3":"AD-5064-JI"}

2015-07-06T01:21:24+07:00 INFO (6): 
Elapsed Secs: 0.00079
Query: DESCRIBE `user`
Params: []

2015-07-06T01:21:24+07:00 INFO (6): 
Elapsed Secs: 0.00017
Query: SELECT `user`.`realname` FROM `user` WHERE (level = 'kasir') AND (user.id_cabang = '30')
Params: []

2015-07-06T01:21:24+07:00 INFO (6): 
Elapsed Secs: 0.00024
Query: SELECT `pin`.*, `pin`.`no_kontrak`, `cos`.`nama`, `ken`.`no_polisi`, `ken`.`merk`, `ken`.`tahun_pembuatan`, `ken`.`warna`, `ken`.`nama_bpkb`, `pin`.`nilai_pinjaman`, `pin`.`angsuran_perbulan`, `pin`.`lama_angsuran`, `pin`.`tanggal_jatuh_tempo` FROM `pinjaman` AS `pin`
 INNER JOIN `costumer` AS `cos` ON pin.nik_costumer = cos.nik_costumer
 INNER JOIN `user` AS `us` ON cos.id_user = us.id_user
 INNER JOIN `kendaraan` AS `ken` ON ken.no_polisi = pin.no_polisi WHERE (pin.id_pinjaman = '156')
Params: []

2015-07-06T01:21:26+07:00 INFO (6): 
Elapsed Secs: 0.0002
Query: connect
Params: []

2015-07-06T01:21:26+07:00 INFO (6): 
Elapsed Secs: 0.00063
Query: DESCRIBE `pinjaman`
Params: []

2015-07-06T01:21:26+07:00 INFO (6): 
Elapsed Secs: 0.00024
Query: SELECT `pin`.*, `pin`.`no_kontrak`, `cos`.`nama`, `ken`.`no_polisi`, `ken`.`merk`, `ken`.`tahun_pembuatan`, `ken`.`warna`, `ken`.`nama_bpkb`, `pin`.`nilai_pinjaman`, `pin`.`angsuran_perbulan`, `pin`.`lama_angsuran`, `pin`.`tanggal_jatuh_tempo` FROM `pinjaman` AS `pin`
 INNER JOIN `costumer` AS `cos` ON pin.nik_costumer = cos.nik_costumer
 INNER JOIN `user` AS `us` ON cos.id_user = us.id_user
 INNER JOIN `kendaraan` AS `ken` ON ken.no_polisi = pin.no_polisi WHERE (pin.id_pinjaman = '156')
Params: []

2015-07-06T01:21:26+07:00 INFO (6): 
Elapsed Secs: 0.00067
Query: DESCRIBE `user`
Params: []

2015-07-06T01:21:26+07:00 INFO (6): 
Elapsed Secs: 0.00015
Query: SELECT `user`.`realname` FROM `user` WHERE (level = 'kasir') AND (user.id_cabang = '30')
Params: []

2015-07-06T01:21:58+07:00 INFO (6): 
Elapsed Secs: 0.00122
Query: connect
Params: []

2015-07-06T01:21:58+07:00 INFO (6): 
Elapsed Secs: 0.00071
Query: DESCRIBE `cabang`
Params: []

2015-07-06T01:21:58+07:00 INFO (6): 
Elapsed Secs: 0.00019
Query: SELECT `cabang`.* FROM `cabang` WHERE (id_cabang = '30' ) LIMIT 1
Params: []

2015-07-06T01:21:58+07:00 INFO (6): 
Elapsed Secs: 0.00057
Query: DESCRIBE `pinjaman`
Params: []

2015-07-06T01:21:58+07:00 INFO (6): 
Elapsed Secs: 0.00025
Query: SELECT `pin`.*, `cos`.`nama` FROM `pinjaman` AS `pin`
 INNER JOIN `costumer` AS `cos` ON pin.nik_costumer = cos.nik_costumer
 INNER JOIN `user` AS `us` ON cos.id_user = us.id_user
 INNER JOIN `cabang` AS `cb` ON us.id_cabang = cb.id_cabang WHERE (us.id_user = '17') AND (cb.id_cabang = '30')
Params: []

2015-07-06T01:21:58+07:00 INFO (6): 
Elapsed Secs: 0.00057
Query: DESCRIBE `spb`
Params: []

2015-07-06T01:21:58+07:00 INFO (6): 
Elapsed Secs: 0.00018
Query: SELECT `spb`.* FROM `spb` WHERE (no_kontrak = '30/MF/00155/15') LIMIT 1
Params: []

2015-07-06T01:22:00+07:00 INFO (6): 
Elapsed Secs: 0.00035
Query: connect
Params: []

2015-07-06T01:22:00+07:00 INFO (6): 
Elapsed Secs: 0.00073
Query: DESCRIBE `costumer`
Params: []

2015-07-06T01:22:00+07:00 INFO (6): 
Elapsed Secs: 0.00025
Query: SELECT `cos`.`nik_costumer`, `cos`.`nama`, `cos`.`alamat`, `cos`.`jenis_kelamin`, `cos`.`tempat_lahir`, `cos`.`tanggal_lahir`, `cos`.`nama_ibu`, `cos`.`agama`, `cos`.`status`, `cos`.`pekerjaan`, `cos`.`alamat_tempat_kerja`, `cos`.`hp`, `cos`.`telpon`, `us`.`realname` FROM `costumer` AS `cos`
 INNER JOIN `user` AS `us` ON cos.id_user=us.id_user
 INNER JOIN `cabang` AS `cb` ON us.id_cabang = cb.id_cabang WHERE (cos.id_user = '17')
Params: []

2015-07-06T01:22:05+07:00 INFO (6): 
Elapsed Secs: 0.00025
Query: connect
Params: []

2015-07-06T01:22:05+07:00 INFO (6): 
Elapsed Secs: 0.00073
Query: DESCRIBE `cabang`
Params: []

2015-07-06T01:22:05+07:00 INFO (6): 
Elapsed Secs: 0.00018
Query: SELECT `cabang`.* FROM `cabang` WHERE (id_cabang = '30' ) LIMIT 1
Params: []

2015-07-06T01:22:05+07:00 INFO (6): 
Elapsed Secs: 0.00067
Query: DESCRIBE `kendaraan`
Params: []

2015-07-06T01:22:05+07:00 INFO (6): 
Elapsed Secs: 0.00027
Query: connect
Params: []

2015-07-06T01:22:05+07:00 INFO (6): 
Elapsed Secs: 0.00035
Query: SELECT `ken`.*, `cos`.`id_cabang`, `us`.`id_user`, `cb`.`cabang` FROM `kendaraan` AS `ken`
 INNER JOIN `costumer` AS `cos` ON cos.nik_costumer=ken.nik_costumer
 INNER JOIN `user` AS `us` ON us.id_user = cos.id_user
 INNER JOIN `cabang` AS `cb` ON cos.id_cabang = cb.id_cabang WHERE (us.id_user = '17') AND (cb.id_cabang = '30')
Params: []

2015-07-06T01:22:07+07:00 INFO (6): 
Elapsed Secs: 0.00025
Query: connect
Params: []

2015-07-06T01:22:07+07:00 INFO (6): 
Elapsed Secs: 0.00089
Query: DESCRIBE `cabang`
Params: []

2015-07-06T01:22:07+07:00 INFO (6): 
Elapsed Secs: 0.00016
Query: SELECT `cabang`.* FROM `cabang` WHERE (id_cabang = '30' ) LIMIT 1
Params: []

2015-07-06T01:22:07+07:00 INFO (6): 
Elapsed Secs: 0.00066
Query: DESCRIBE `pinjaman`
Params: []

2015-07-06T01:22:07+07:00 INFO (6): 
Elapsed Secs: 0.00025
Query: SELECT `pin`.*, `cos`.`nama` FROM `pinjaman` AS `pin`
 INNER JOIN `costumer` AS `cos` ON pin.nik_costumer = cos.nik_costumer
 INNER JOIN `user` AS `us` ON cos.id_user = us.id_user
 INNER JOIN `cabang` AS `cb` ON us.id_cabang = cb.id_cabang WHERE (us.id_user = '17') AND (cb.id_cabang = '30')
Params: []

2015-07-06T01:22:07+07:00 INFO (6): 
Elapsed Secs: 0.00055
Query: DESCRIBE `spb`
Params: []

2015-07-06T01:22:07+07:00 INFO (6): 
Elapsed Secs: 0.00016
Query: SELECT `spb`.* FROM `spb` WHERE (no_kontrak = '30/MF/00155/15') LIMIT 1
Params: []

2015-07-06T01:22:11+07:00 INFO (6): 
Elapsed Secs: 0.00024
Query: connect
Params: []

2015-07-06T01:22:11+07:00 INFO (6): 
Elapsed Secs: 0.00095
Query: DESCRIBE `costumer`
Params: []

2015-07-06T01:22:11+07:00 INFO (6): 
Elapsed Secs: 0.00057
Query: SELECT `cos`.`nik_costumer`, `cos`.`nama`, `cos`.`alamat`, `cos`.`jenis_kelamin`, `cos`.`tempat_lahir`, `cos`.`tanggal_lahir`, `cos`.`nama_ibu`, `cos`.`agama`, `cos`.`status`, `cos`.`pekerjaan`, `cos`.`alamat_tempat_kerja`, `cos`.`hp`, `cos`.`telpon`, `us`.`realname` FROM `costumer` AS `cos`
 INNER JOIN `user` AS `us` ON cos.id_user=us.id_user
 INNER JOIN `cabang` AS `cb` ON us.id_cabang = cb.id_cabang WHERE (cos.id_user = '17')
Params: []

2015-07-06T01:22:17+07:00 INFO (6): 
Elapsed Secs: 0.00019
Query: connect
Params: []

2015-07-06T01:22:17+07:00 INFO (6): 
Elapsed Secs: 0.00062
Query: DESCRIBE `cabang`
Params: []

2015-07-06T01:22:17+07:00 INFO (6): 
Elapsed Secs: 0.00012
Query: SELECT `cabang`.* FROM `cabang` WHERE (id_cabang = '30' ) LIMIT 1
Params: []

2015-07-06T01:22:17+07:00 INFO (6): 
Elapsed Secs: 0.0004
Query: DESCRIBE `pinjaman`
Params: []

2015-07-06T01:22:17+07:00 INFO (6): 
Elapsed Secs: 0.00017
Query: SELECT `pin`.*, `cos`.`nama` FROM `pinjaman` AS `pin`
 INNER JOIN `costumer` AS `cos` ON pin.nik_costumer = cos.nik_costumer
 INNER JOIN `user` AS `us` ON cos.id_user = us.id_user
 INNER JOIN `cabang` AS `cb` ON us.id_cabang = cb.id_cabang WHERE (us.id_user = '17') AND (cb.id_cabang = '30')
Params: []

2015-07-06T01:22:17+07:00 INFO (6): 
Elapsed Secs: 0.00039
Query: DESCRIBE `spb`
Params: []

2015-07-06T01:22:17+07:00 INFO (6): 
Elapsed Secs: 0.00011
Query: SELECT `spb`.* FROM `spb` WHERE (no_kontrak = '30/MF/00155/15') LIMIT 1
Params: []

2015-07-06T01:22:18+07:00 INFO (6): 
Elapsed Secs: 0.00027
Query: connect
Params: []

2015-07-06T01:22:18+07:00 INFO (6): 
Elapsed Secs: 0.00069
Query: DESCRIBE `costumer`
Params: []

2015-07-06T01:22:18+07:00 INFO (6): 
Elapsed Secs: 0.00026
Query: SELECT `cos`.`nik_costumer`, `cos`.`nama`, `cos`.`alamat`, `cos`.`jenis_kelamin`, `cos`.`tempat_lahir`, `cos`.`tanggal_lahir`, `cos`.`nama_ibu`, `cos`.`agama`, `cos`.`status`, `cos`.`pekerjaan`, `cos`.`alamat_tempat_kerja`, `cos`.`hp`, `cos`.`telpon`, `us`.`realname` FROM `costumer` AS `cos`
 INNER JOIN `user` AS `us` ON cos.id_user=us.id_user
 INNER JOIN `cabang` AS `cb` ON us.id_cabang = cb.id_cabang WHERE (cos.id_user = '17')
Params: []

2015-07-06T01:22:26+07:00 INFO (6): 
Elapsed Secs: 0.00096
Query: connect
Params: []

2015-07-06T01:22:26+07:00 INFO (6): 
Elapsed Secs: 0.00058
Query: DESCRIBE `cabang`
Params: []

2015-07-06T01:22:26+07:00 INFO (6): 
Elapsed Secs: 0.00013
Query: SELECT `cabang`.* FROM `cabang` WHERE (id_cabang = '30' ) LIMIT 1
Params: []

2015-07-06T01:22:26+07:00 INFO (6): 
Elapsed Secs: 0.0004
Query: DESCRIBE `pinjaman`
Params: []

2015-07-06T01:22:26+07:00 INFO (6): 
Elapsed Secs: 0.00017
Query: SELECT `pin`.*, `cos`.`nama` FROM `pinjaman` AS `pin`
 INNER JOIN `costumer` AS `cos` ON pin.nik_costumer = cos.nik_costumer
 INNER JOIN `user` AS `us` ON cos.id_user = us.id_user
 INNER JOIN `cabang` AS `cb` ON us.id_cabang = cb.id_cabang WHERE (us.id_user = '17') AND (cb.id_cabang = '30')
Params: []

2015-07-06T01:22:26+07:00 INFO (6): 
Elapsed Secs: 0.00039
Query: DESCRIBE `spb`
Params: []

2015-07-06T01:22:26+07:00 INFO (6): 
Elapsed Secs: 0.00011
Query: SELECT `spb`.* FROM `spb` WHERE (no_kontrak = '30/MF/00155/15') LIMIT 1
Params: []

2015-07-06T01:22:28+07:00 INFO (6): 
Elapsed Secs: 0.00028
Query: connect
Params: []

2015-07-06T01:22:28+07:00 INFO (6): 
Elapsed Secs: 0.00076
Query: DESCRIBE `cabang`
Params: []

2015-07-06T01:22:28+07:00 INFO (6): 
Elapsed Secs: 0.00018
Query: SELECT `cabang`.* FROM `cabang` WHERE (id_cabang = '30' ) LIMIT 1
Params: []

2015-07-06T01:22:28+07:00 INFO (6): 
Elapsed Secs: 0.0006
Query: DESCRIBE `pinjaman`
Params: []

2015-07-06T01:22:28+07:00 INFO (6): 
Elapsed Secs: 0.00028
Query: SELECT `pin`.*, `cos`.`nama` FROM `pinjaman` AS `pin`
 INNER JOIN `costumer` AS `cos` ON pin.nik_costumer = cos.nik_costumer
 INNER JOIN `user` AS `us` ON cos.id_user = us.id_user
 INNER JOIN `cabang` AS `cb` ON us.id_cabang = cb.id_cabang WHERE (us.id_user = '17') AND (cb.id_cabang = '30')
Params: []

2015-07-06T01:22:28+07:00 INFO (6): 
Elapsed Secs: 0.0006
Query: DESCRIBE `spb`
Params: []

2015-07-06T01:22:28+07:00 INFO (6): 
Elapsed Secs: 0.00017
Query: SELECT `spb`.* FROM `spb` WHERE (no_kontrak = '30/MF/00155/15') LIMIT 1
Params: []

2015-07-06T01:22:37+07:00 INFO (6): 
Elapsed Secs: 0.00117
Query: connect
Params: []

2015-07-06T01:22:37+07:00 INFO (6): 
Elapsed Secs: 0.00077
Query: DESCRIBE `penjamin`
Params: []

2015-07-06T01:22:37+07:00 INFO (6): 
Elapsed Secs: 0.00026
Query: connect
Params: []

2015-07-06T01:22:37+07:00 INFO (6): 
Elapsed Secs: 0.00032
Query: SELECT `pe`.*, `cos`.`id_cabang`, `cos`.`id_user`, `cb`.`cabang` FROM `penjamin` AS `pe`
 INNER JOIN `costumer` AS `cos` ON pe.nik_costumer = cos.nik_costumer
 INNER JOIN `user` AS `us` ON us.id_user = cos.id_user
 INNER JOIN `cabang` AS `cb` ON cb.id_cabang = cos.id_cabang WHERE (us.id_user= '17') AND (cb.id_cabang = '30')
Params: []

2015-07-06T01:22:39+07:00 INFO (6): 
Elapsed Secs: 0.0005
Query: connect
Params: []

2015-07-06T01:22:39+07:00 INFO (6): 
Elapsed Secs: 0.00207
Query: DESCRIBE `costumer`
Params: []

2015-07-06T01:22:39+07:00 INFO (6): 
Elapsed Secs: 0.00064
Query: SELECT `cos`.`nik_costumer`, `cos`.`nama`, `cos`.`alamat`, `cos`.`jenis_kelamin`, `cos`.`tempat_lahir`, `cos`.`tanggal_lahir`, `cos`.`nama_ibu`, `cos`.`agama`, `cos`.`status`, `cos`.`pekerjaan`, `cos`.`alamat_tempat_kerja`, `cos`.`hp`, `cos`.`telpon`, `us`.`realname` FROM `costumer` AS `cos`
 INNER JOIN `user` AS `us` ON cos.id_user=us.id_user
 INNER JOIN `cabang` AS `cb` ON us.id_cabang = cb.id_cabang WHERE (cos.id_user = '17')
Params: []

2015-07-06T01:22:42+07:00 INFO (6): 
Elapsed Secs: 0.00028
Query: connect
Params: []

2015-07-06T01:22:42+07:00 INFO (6): 
Elapsed Secs: 0.00074
Query: DESCRIBE `costumer`
Params: []

2015-07-06T01:22:42+07:00 INFO (6): 
Elapsed Secs: 0.00029
Query: SELECT `cos`.`nik_costumer`, `cos`.`nama`, `cos`.`alamat`, `cos`.`jenis_kelamin`, `cos`.`tempat_lahir`, `cos`.`tanggal_lahir`, `cos`.`nama_ibu`, `cos`.`agama`, `cos`.`status`, `cos`.`pekerjaan`, `cos`.`alamat_tempat_kerja`, `cos`.`hp`, `cos`.`telpon`, `us`.`realname` FROM `costumer` AS `cos`
 INNER JOIN `user` AS `us` ON cos.id_user=us.id_user
 INNER JOIN `cabang` AS `cb` ON us.id_cabang = cb.id_cabang WHERE (cos.id_user = '17')
Params: []

2015-07-06T01:22:44+07:00 INFO (6): 
Elapsed Secs: 0.0003
Query: connect
Params: []

2015-07-06T01:22:44+07:00 INFO (6): 
Elapsed Secs: 0.00073
Query: DESCRIBE `cabang`
Params: []

2015-07-06T01:22:44+07:00 INFO (6): 
Elapsed Secs: 0.00016
Query: SELECT `cabang`.* FROM `cabang` WHERE (id_cabang = '30' ) LIMIT 1
Params: []

2015-07-06T01:22:44+07:00 INFO (6): 
Elapsed Secs: 0.00064
Query: DESCRIBE `kendaraan`
Params: []

2015-07-06T01:22:44+07:00 INFO (6): 
Elapsed Secs: 0.00026
Query: connect
Params: []

2015-07-06T01:22:44+07:00 INFO (6): 
Elapsed Secs: 0.00032
Query: SELECT `ken`.*, `cos`.`id_cabang`, `us`.`id_user`, `cb`.`cabang` FROM `kendaraan` AS `ken`
 INNER JOIN `costumer` AS `cos` ON cos.nik_costumer=ken.nik_costumer
 INNER JOIN `user` AS `us` ON us.id_user = cos.id_user
 INNER JOIN `cabang` AS `cb` ON cos.id_cabang = cb.id_cabang WHERE (us.id_user = '17') AND (cb.id_cabang = '30')
Params: []

2015-07-06T01:22:55+07:00 INFO (6): 
Elapsed Secs: 0.00109
Query: connect
Params: []

2015-07-06T01:22:55+07:00 INFO (6): 
Elapsed Secs: 0.00061
Query: DESCRIBE `costumer`
Params: []

2015-07-06T01:22:55+07:00 INFO (6): 
Elapsed Secs: 0.00019
Query: SELECT `cos`.`nik_costumer`, `cos`.`nama`, `cos`.`alamat`, `cos`.`jenis_kelamin`, `cos`.`tempat_lahir`, `cos`.`tanggal_lahir`, `cos`.`nama_ibu`, `cos`.`agama`, `cos`.`status`, `cos`.`pekerjaan`, `cos`.`alamat_tempat_kerja`, `cos`.`hp`, `cos`.`telpon`, `us`.`realname` FROM `costumer` AS `cos`
 INNER JOIN `user` AS `us` ON cos.id_user=us.id_user
 INNER JOIN `cabang` AS `cb` ON us.id_cabang = cb.id_cabang WHERE (cos.id_user = '17')
Params: []

2015-07-06T01:22:56+07:00 INFO (6): 
Elapsed Secs: 0.00022
Query: connect
Params: []

2015-07-06T01:22:56+07:00 INFO (6): 
Elapsed Secs: 0.00068
Query: DESCRIBE `costumer`
Params: []

2015-07-06T01:22:56+07:00 INFO (6): 
Elapsed Secs: 0.00025
Query: SELECT `cos`.`nik_costumer`, `cos`.`nama`, `cos`.`alamat`, `cos`.`jenis_kelamin`, `cos`.`tempat_lahir`, `cos`.`tanggal_lahir`, `cos`.`nama_ibu`, `cos`.`agama`, `cos`.`status`, `cos`.`pekerjaan`, `cos`.`alamat_tempat_kerja`, `cos`.`hp`, `cos`.`telpon`, `us`.`realname`, `cb`.`cabang` FROM `costumer` AS `cos`
 INNER JOIN `user` AS `us` ON cos.id_user=us.id_user
 INNER JOIN `cabang` AS `cb` ON us.id_cabang = cb.id_cabang WHERE (cos.nik_costumer = '18129310112231')
Params: []

2015-07-06T01:22:56+07:00 INFO (6): 
Elapsed Secs: 0.00021
Query: connect
Params: []

2015-07-06T01:22:56+07:00 INFO (6): 
Elapsed Secs: 0.00018
Query: SELECT `penj`.* FROM `costumer` AS `cos`
 INNER JOIN `penjamin` AS `penj` ON penj.nik_costumer = cos.nik_costumer WHERE (cos.nik_costumer = '18129310112231')
Params: []

2015-07-06T01:23:01+07:00 INFO (6): 
Elapsed Secs: 0.00029
Query: connect
Params: []

2015-07-06T01:23:01+07:00 INFO (6): 
Elapsed Secs: 0.001
Query: DESCRIBE `costumer`
Params: []

2015-07-06T01:23:01+07:00 INFO (6): 
Elapsed Secs: 0.00027
Query: SELECT `costumer`.* FROM `costumer` WHERE (nik_costumer ='18129310112231') LIMIT 1
Params: []

2015-07-06T01:23:08+07:00 INFO (6): 
Elapsed Secs: 0.00027
Query: connect
Params: []

2015-07-06T01:23:08+07:00 INFO (6): 
Elapsed Secs: 0.00075
Query: DESCRIBE `costumer`
Params: []

2015-07-06T01:23:08+07:00 INFO (6): 
Elapsed Secs: 0.00026
Query: SELECT `cos`.`nik_costumer`, `cos`.`nama`, `cos`.`alamat`, `cos`.`jenis_kelamin`, `cos`.`tempat_lahir`, `cos`.`tanggal_lahir`, `cos`.`nama_ibu`, `cos`.`agama`, `cos`.`status`, `cos`.`pekerjaan`, `cos`.`alamat_tempat_kerja`, `cos`.`hp`, `cos`.`telpon`, `us`.`realname`, `cb`.`cabang` FROM `costumer` AS `cos`
 INNER JOIN `user` AS `us` ON cos.id_user=us.id_user
 INNER JOIN `cabang` AS `cb` ON us.id_cabang = cb.id_cabang WHERE (cos.nik_costumer = '18129310112231')
Params: []

2015-07-06T01:23:08+07:00 INFO (6): 
Elapsed Secs: 0.00023
Query: connect
Params: []

2015-07-06T01:23:08+07:00 INFO (6): 
Elapsed Secs: 0.00022
Query: SELECT `penj`.* FROM `costumer` AS `cos`
 INNER JOIN `penjamin` AS `penj` ON penj.nik_costumer = cos.nik_costumer WHERE (cos.nik_costumer = '18129310112231')
Params: []

2015-07-06T01:23:12+07:00 INFO (6): 
Elapsed Secs: 0.0003
Query: connect
Params: []

2015-07-06T01:23:12+07:00 INFO (6): 
Elapsed Secs: 0.00073
Query: DESCRIBE `penjamin`
Params: []

2015-07-06T01:23:12+07:00 INFO (6): 
Elapsed Secs: 0.00023
Query: connect
Params: []

2015-07-06T01:23:12+07:00 INFO (6): 
Elapsed Secs: 0.00034
Query: SELECT `pe`.*, `cos`.`id_cabang`, `cos`.`id_user`, `cb`.`cabang` FROM `penjamin` AS `pe`
 INNER JOIN `costumer` AS `cos` ON pe.nik_costumer = cos.nik_costumer
 INNER JOIN `user` AS `us` ON us.id_user = cos.id_user
 INNER JOIN `cabang` AS `cb` ON cb.id_cabang = cos.id_cabang WHERE (us.id_user= '17') AND (cb.id_cabang = '30')
Params: []

2015-07-06T01:23:18+07:00 INFO (6): 
Elapsed Secs: 0.0003
Query: connect
Params: []

2015-07-06T01:23:18+07:00 INFO (6): 
Elapsed Secs: 0.00076
Query: DESCRIBE `penjamin`
Params: []

2015-07-06T01:23:18+07:00 INFO (6): 
Elapsed Secs: 0.00024
Query: connect
Params: []

2015-07-06T01:23:18+07:00 INFO (6): 
Elapsed Secs: 0.0003
Query: SELECT `pe`.*, `cos`.`id_cabang`, `cos`.`id_user`, `cb`.`cabang` FROM `penjamin` AS `pe`
 INNER JOIN `costumer` AS `cos` ON pe.nik_costumer = cos.nik_costumer
 INNER JOIN `user` AS `us` ON us.id_user = cos.id_user
 INNER JOIN `cabang` AS `cb` ON cb.id_cabang = cos.id_cabang WHERE (us.id_user= '17') AND (cb.id_cabang = '30')
Params: []

2015-07-06T01:23:20+07:00 INFO (6): 
Elapsed Secs: 0.0003
Query: connect
Params: []

2015-07-06T01:23:20+07:00 INFO (6): 
Elapsed Secs: 0.00068
Query: DESCRIBE `cabang`
Params: []

2015-07-06T01:23:20+07:00 INFO (6): 
Elapsed Secs: 0.00021
Query: SELECT `cabang`.* FROM `cabang` WHERE (id_cabang = '30' ) LIMIT 1
Params: []

2015-07-06T01:23:20+07:00 INFO (6): 
Elapsed Secs: 0.00064
Query: DESCRIBE `kendaraan`
Params: []

2015-07-06T01:23:20+07:00 INFO (6): 
Elapsed Secs: 0.00028
Query: connect
Params: []

2015-07-06T01:23:20+07:00 INFO (6): 
Elapsed Secs: 0.00034
Query: SELECT `ken`.*, `cos`.`id_cabang`, `us`.`id_user`, `cb`.`cabang` FROM `kendaraan` AS `ken`
 INNER JOIN `costumer` AS `cos` ON cos.nik_costumer=ken.nik_costumer
 INNER JOIN `user` AS `us` ON us.id_user = cos.id_user
 INNER JOIN `cabang` AS `cb` ON cos.id_cabang = cb.id_cabang WHERE (us.id_user = '17') AND (cb.id_cabang = '30')
Params: []

2015-07-06T01:23:54+07:00 INFO (6): 
Elapsed Secs: 0.00024
Query: connect
Params: []

2015-07-06T01:23:54+07:00 INFO (6): 
Elapsed Secs: 0.00079
Query: DESCRIBE `cabang`
Params: []

2015-07-06T01:23:54+07:00 INFO (6): 
Elapsed Secs: 0.00017
Query: SELECT `cabang`.* FROM `cabang` WHERE (id_cabang = '30' ) LIMIT 1
Params: []

2015-07-06T01:23:54+07:00 INFO (6): 
Elapsed Secs: 0.00066
Query: DESCRIBE `kendaraan`
Params: []

2015-07-06T01:23:54+07:00 INFO (6): 
Elapsed Secs: 0.00025
Query: connect
Params: []

2015-07-06T01:23:54+07:00 INFO (6): 
Elapsed Secs: 0.00032
Query: SELECT `ken`.*, `cos`.`id_cabang`, `us`.`id_user`, `cb`.`cabang` FROM `kendaraan` AS `ken`
 INNER JOIN `costumer` AS `cos` ON cos.nik_costumer=ken.nik_costumer
 INNER JOIN `user` AS `us` ON us.id_user = cos.id_user
 INNER JOIN `cabang` AS `cb` ON cos.id_cabang = cb.id_cabang WHERE (us.id_user = '17') AND (cb.id_cabang = '30')
Params: []

2015-07-06T01:24:05+07:00 INFO (6): 
Elapsed Secs: 0.00102
Query: connect
Params: []

2015-07-06T01:24:05+07:00 INFO (6): 
Elapsed Secs: 0.00064
Query: DESCRIBE `cabang`
Params: []

2015-07-06T01:24:05+07:00 INFO (6): 
Elapsed Secs: 0.00021
Query: SELECT `cabang`.* FROM `cabang` WHERE (id_cabang = '30' ) LIMIT 1
Params: []

2015-07-06T01:24:05+07:00 INFO (6): 
Elapsed Secs: 0.00073
Query: DESCRIBE `kendaraan`
Params: []

2015-07-06T01:24:05+07:00 INFO (6): 
Elapsed Secs: 0.00026
Query: connect
Params: []

2015-07-06T01:24:05+07:00 INFO (6): 
Elapsed Secs: 0.00035
Query: SELECT `ken`.*, `cos`.`id_cabang`, `us`.`id_user`, `cb`.`cabang` FROM `kendaraan` AS `ken`
 INNER JOIN `costumer` AS `cos` ON cos.nik_costumer=ken.nik_costumer
 INNER JOIN `user` AS `us` ON us.id_user = cos.id_user
 INNER JOIN `cabang` AS `cb` ON cos.id_cabang = cb.id_cabang WHERE (us.id_user = '17') AND (cb.id_cabang = '30')
Params: []

2015-07-06T01:24:06+07:00 INFO (6): 
Elapsed Secs: 0.00031
Query: connect
Params: []

2015-07-06T01:24:06+07:00 INFO (6): 
Elapsed Secs: 0.00069
Query: DESCRIBE `cabang`
Params: []

2015-07-06T01:24:06+07:00 INFO (6): 
Elapsed Secs: 0.00018
Query: SELECT `cabang`.* FROM `cabang` WHERE (id_cabang = '30' ) LIMIT 1
Params: []

2015-07-06T01:24:06+07:00 INFO (6): 
Elapsed Secs: 0.00062
Query: DESCRIBE `kendaraan`
Params: []

2015-07-06T01:24:06+07:00 INFO (6): 
Elapsed Secs: 0.00024
Query: connect
Params: []

2015-07-06T01:24:06+07:00 INFO (6): 
Elapsed Secs: 0.00031
Query: SELECT `ken`.*, `cos`.`id_cabang`, `us`.`id_user`, `cb`.`cabang` FROM `kendaraan` AS `ken`
 INNER JOIN `costumer` AS `cos` ON cos.nik_costumer=ken.nik_costumer
 INNER JOIN `user` AS `us` ON us.id_user = cos.id_user
 INNER JOIN `cabang` AS `cb` ON cos.id_cabang = cb.id_cabang WHERE (us.id_user = '17') AND (cb.id_cabang = '30')
Params: []

2015-07-06T01:24:08+07:00 INFO (6): 
Elapsed Secs: 0.00045
Query: connect
Params: []

2015-07-06T01:24:08+07:00 INFO (6): 
Elapsed Secs: 0.00214
Query: DESCRIBE `cabang`
Params: []

2015-07-06T01:24:08+07:00 INFO (6): 
Elapsed Secs: 0.00025
Query: SELECT `cabang`.* FROM `cabang` WHERE (id_cabang = '30' ) LIMIT 1
Params: []

2015-07-06T01:24:08+07:00 INFO (6): 
Elapsed Secs: 0.00103
Query: DESCRIBE `kendaraan`
Params: []

2015-07-06T01:24:08+07:00 INFO (6): 
Elapsed Secs: 0.00036
Query: connect
Params: []

2015-07-06T01:24:08+07:00 INFO (6): 
Elapsed Secs: 0.00047
Query: SELECT `ken`.*, `cos`.`id_cabang`, `us`.`id_user`, `cb`.`cabang` FROM `kendaraan` AS `ken`
 INNER JOIN `costumer` AS `cos` ON cos.nik_costumer=ken.nik_costumer
 INNER JOIN `user` AS `us` ON us.id_user = cos.id_user
 INNER JOIN `cabang` AS `cb` ON cos.id_cabang = cb.id_cabang WHERE (us.id_user = '17') AND (cb.id_cabang = '30')
Params: []

2015-07-06T01:24:13+07:00 INFO (6): 
Elapsed Secs: 0.00028
Query: connect
Params: []

2015-07-06T01:24:13+07:00 INFO (6): 
Elapsed Secs: 0.00072
Query: DESCRIBE `penjamin`
Params: []

2015-07-06T01:24:13+07:00 INFO (6): 
Elapsed Secs: 0.00026
Query: connect
Params: []

2015-07-06T01:24:13+07:00 INFO (6): 
Elapsed Secs: 0.00036
Query: SELECT `pe`.*, `cos`.`id_cabang`, `cos`.`id_user`, `cb`.`cabang` FROM `penjamin` AS `pe`
 INNER JOIN `costumer` AS `cos` ON pe.nik_costumer = cos.nik_costumer
 INNER JOIN `user` AS `us` ON us.id_user = cos.id_user
 INNER JOIN `cabang` AS `cb` ON cb.id_cabang = cos.id_cabang WHERE (us.id_user= '17') AND (cb.id_cabang = '30')
Params: []

2015-07-06T01:24:15+07:00 INFO (6): 
Elapsed Secs: 0.0005
Query: connect
Params: []

2015-07-06T01:24:15+07:00 INFO (6): 
Elapsed Secs: 0.00161
Query: DESCRIBE `cabang`
Params: []

2015-07-06T01:24:15+07:00 INFO (6): 
Elapsed Secs: 0.00036
Query: SELECT `cabang`.* FROM `cabang` WHERE (id_cabang = '30' ) LIMIT 1
Params: []

2015-07-06T01:24:15+07:00 INFO (6): 
Elapsed Secs: 0.00131
Query: DESCRIBE `pinjaman`
Params: []

2015-07-06T01:24:15+07:00 INFO (6): 
Elapsed Secs: 0.00054
Query: SELECT `pin`.*, `cos`.`nama` FROM `pinjaman` AS `pin`
 INNER JOIN `costumer` AS `cos` ON pin.nik_costumer = cos.nik_costumer
 INNER JOIN `user` AS `us` ON cos.id_user = us.id_user
 INNER JOIN `cabang` AS `cb` ON us.id_cabang = cb.id_cabang WHERE (us.id_user = '17') AND (cb.id_cabang = '30')
Params: []

2015-07-06T01:24:15+07:00 INFO (6): 
Elapsed Secs: 0.00125
Query: DESCRIBE `spb`
Params: []

2015-07-06T01:24:15+07:00 INFO (6): 
Elapsed Secs: 0.00034
Query: SELECT `spb`.* FROM `spb` WHERE (no_kontrak = '30/MF/00155/15') LIMIT 1
Params: []

2015-07-06T01:24:36+07:00 INFO (6): 
Elapsed Secs: 0.00027
Query: connect
Params: []

2015-07-06T01:24:36+07:00 INFO (6): 
Elapsed Secs: 0.00082
Query: DESCRIBE `cabang`
Params: []

2015-07-06T01:24:36+07:00 INFO (6): 
Elapsed Secs: 0.0002
Query: SELECT `cabang`.* FROM `cabang` WHERE (id_cabang = '30' ) LIMIT 1
Params: []

2015-07-06T01:24:36+07:00 INFO (6): 
Elapsed Secs: 0.00065
Query: DESCRIBE `pinjaman`
Params: []

2015-07-06T01:24:36+07:00 INFO (6): 
Elapsed Secs: 0.0003
Query: SELECT `pin`.*, `cos`.`nama` FROM `pinjaman` AS `pin`
 INNER JOIN `costumer` AS `cos` ON pin.nik_costumer = cos.nik_costumer
 INNER JOIN `user` AS `us` ON cos.id_user = us.id_user
 INNER JOIN `cabang` AS `cb` ON us.id_cabang = cb.id_cabang WHERE (us.id_user = '17') AND (cb.id_cabang = '30')
Params: []

2015-07-06T01:24:36+07:00 INFO (6): 
Elapsed Secs: 0.00064
Query: DESCRIBE `spb`
Params: []

2015-07-06T01:24:36+07:00 INFO (6): 
Elapsed Secs: 0.00023
Query: SELECT `spb`.* FROM `spb` WHERE (no_kontrak = '30/MF/00155/15') LIMIT 1
Params: []

2015-07-06T01:24:37+07:00 INFO (6): 
Elapsed Secs: 0.0011
Query: connect
Params: []

2015-07-06T01:24:37+07:00 INFO (6): 
Elapsed Secs: 0.00067
Query: DESCRIBE `cabang`
Params: []

2015-07-06T01:24:37+07:00 INFO (6): 
Elapsed Secs: 0.00019
Query: SELECT `cabang`.* FROM `cabang` WHERE (id_cabang = '30' ) LIMIT 1
Params: []

2015-07-06T01:24:37+07:00 INFO (6): 
Elapsed Secs: 0.00048
Query: DESCRIBE `pinjaman`
Params: []

2015-07-06T01:24:37+07:00 INFO (6): 
Elapsed Secs: 0.00024
Query: SELECT `pin`.*, `cos`.`nama` FROM `pinjaman` AS `pin`
 INNER JOIN `costumer` AS `cos` ON pin.nik_costumer = cos.nik_costumer
 INNER JOIN `user` AS `us` ON cos.id_user = us.id_user
 INNER JOIN `cabang` AS `cb` ON us.id_cabang = cb.id_cabang WHERE (us.id_user = '17') AND (cb.id_cabang = '30')
Params: []

2015-07-06T01:24:37+07:00 INFO (6): 
Elapsed Secs: 0.00046
Query: DESCRIBE `spb`
Params: []

2015-07-06T01:24:37+07:00 INFO (6): 
Elapsed Secs: 0.00018
Query: SELECT `spb`.* FROM `spb` WHERE (no_kontrak = '30/MF/00155/15') LIMIT 1
Params: []

2015-07-06T01:24:39+07:00 INFO (6): 
Elapsed Secs: 0.00031
Query: connect
Params: []

2015-07-06T01:24:39+07:00 INFO (6): 
Elapsed Secs: 0.00066
Query: DESCRIBE `cabang`
Params: []

2015-07-06T01:24:39+07:00 INFO (6): 
Elapsed Secs: 0.00016
Query: SELECT `cabang`.* FROM `cabang` WHERE (id_cabang = '30' ) LIMIT 1
Params: []

2015-07-06T01:24:39+07:00 INFO (6): 
Elapsed Secs: 0.00063
Query: DESCRIBE `pinjaman`
Params: []

2015-07-06T01:24:39+07:00 INFO (6): 
Elapsed Secs: 0.00027
Query: SELECT `pin`.*, `cos`.`nama` FROM `pinjaman` AS `pin`
 INNER JOIN `costumer` AS `cos` ON pin.nik_costumer = cos.nik_costumer
 INNER JOIN `user` AS `us` ON cos.id_user = us.id_user
 INNER JOIN `cabang` AS `cb` ON us.id_cabang = cb.id_cabang WHERE (us.id_user = '17') AND (cb.id_cabang = '30')
Params: []

2015-07-06T01:24:39+07:00 INFO (6): 
Elapsed Secs: 0.00059
Query: DESCRIBE `spb`
Params: []

2015-07-06T01:24:39+07:00 INFO (6): 
Elapsed Secs: 0.00022
Query: SELECT `spb`.* FROM `spb` WHERE (no_kontrak = '30/MF/00155/15') LIMIT 1
Params: []

2015-07-06T01:24:48+07:00 INFO (6): 
Elapsed Secs: 0.00028
Query: connect
Params: []

2015-07-06T01:24:48+07:00 INFO (6): 
Elapsed Secs: 0.00026
Query: connect
Params: []

2015-07-06T01:24:48+07:00 INFO (6): 
Elapsed Secs: 0.00084
Query: DESCRIBE `pinjaman`
Params: []

2015-07-06T01:24:48+07:00 INFO (6): 
Elapsed Secs: 0.00023
Query: SELECT `pinjaman`.* FROM `pinjaman` WHERE (id_pinjaman ='156') LIMIT 1
Params: []

2015-07-06T01:24:48+07:00 INFO (6): 
Elapsed Secs: 0.00065
Query: DESCRIBE `spb`
Params: []

2015-07-06T01:24:48+07:00 INFO (6): 
Elapsed Secs: 0.06399
Query: INSERT INTO `spb` (`nik_costumer`, `no_kontrak`, `no_polisi`) VALUES (?, ?, ?)
Params: {"1":"18129310112231","2":"30\/MF\/00155\/15","3":"AD-5064-JI"}

2015-07-06T01:24:48+07:00 INFO (6): 
Elapsed Secs: 0.00082
Query: DESCRIBE `user`
Params: []

2015-07-06T01:24:48+07:00 INFO (6): 
Elapsed Secs: 0.00021
Query: SELECT `user`.`realname` FROM `user` WHERE (level = 'kasir') AND (user.id_cabang = '30')
Params: []

2015-07-06T01:24:48+07:00 INFO (6): 
Elapsed Secs: 0.00028
Query: SELECT `pin`.*, `pin`.`no_kontrak`, `cos`.`nama`, `ken`.`no_polisi`, `ken`.`merk`, `ken`.`tahun_pembuatan`, `ken`.`warna`, `ken`.`nama_bpkb`, `pin`.`nilai_pinjaman`, `pin`.`angsuran_perbulan`, `pin`.`lama_angsuran`, `pin`.`tanggal_jatuh_tempo` FROM `pinjaman` AS `pin`
 INNER JOIN `costumer` AS `cos` ON pin.nik_costumer = cos.nik_costumer
 INNER JOIN `user` AS `us` ON cos.id_user = us.id_user
 INNER JOIN `kendaraan` AS `ken` ON ken.no_polisi = pin.no_polisi WHERE (pin.id_pinjaman = '156')
Params: []

2015-07-06T01:26:32+07:00 INFO (6): 
Elapsed Secs: 0.00037
Query: connect
Params: []

2015-07-06T01:26:32+07:00 INFO (6): 
Elapsed Secs: 0.00127
Query: DESCRIBE `cabang`
Params: []

2015-07-06T01:26:32+07:00 INFO (6): 
Elapsed Secs: 0.00027
Query: SELECT `cabang`.* FROM `cabang` WHERE (id_cabang = '30' ) LIMIT 1
Params: []

2015-07-06T01:26:32+07:00 INFO (6): 
Elapsed Secs: 0.00109
Query: DESCRIBE `pinjaman`
Params: []

2015-07-06T01:26:32+07:00 INFO (6): 
Elapsed Secs: 0.00047
Query: SELECT `pin`.*, `cos`.`nama` FROM `pinjaman` AS `pin`
 INNER JOIN `costumer` AS `cos` ON pin.nik_costumer = cos.nik_costumer
 INNER JOIN `user` AS `us` ON cos.id_user = us.id_user
 INNER JOIN `cabang` AS `cb` ON us.id_cabang = cb.id_cabang WHERE (us.id_user = '17') AND (cb.id_cabang = '30')
Params: []

2015-07-06T01:26:32+07:00 INFO (6): 
Elapsed Secs: 0.00099
Query: DESCRIBE `spb`
Params: []

2015-07-06T01:26:32+07:00 INFO (6): 
Elapsed Secs: 0.00024
Query: SELECT `spb`.* FROM `spb` WHERE (no_kontrak = '30/MF/00155/15') LIMIT 1
Params: []

2015-07-06T01:26:36+07:00 INFO (6): 
Elapsed Secs: 0.00027
Query: connect
Params: []

2015-07-06T01:26:36+07:00 INFO (6): 
Elapsed Secs: 0.00067
Query: DESCRIBE `cabang`
Params: []

2015-07-06T01:26:36+07:00 INFO (6): 
Elapsed Secs: 0.0002
Query: SELECT `cabang`.* FROM `cabang` WHERE (id_cabang = '30' ) LIMIT 1
Params: []

2015-07-06T01:26:36+07:00 INFO (6): 
Elapsed Secs: 0.00064
Query: DESCRIBE `pinjaman`
Params: []

2015-07-06T01:26:36+07:00 INFO (6): 
Elapsed Secs: 0.00028
Query: SELECT `pin`.*, `cos`.`nama` FROM `pinjaman` AS `pin`
 INNER JOIN `costumer` AS `cos` ON pin.nik_costumer = cos.nik_costumer
 INNER JOIN `user` AS `us` ON cos.id_user = us.id_user
 INNER JOIN `cabang` AS `cb` ON us.id_cabang = cb.id_cabang WHERE (us.id_user = '17') AND (cb.id_cabang = '30')
Params: []

2015-07-06T01:26:36+07:00 INFO (6): 
Elapsed Secs: 0.0006
Query: DESCRIBE `spb`
Params: []

2015-07-06T01:26:36+07:00 INFO (6): 
Elapsed Secs: 0.00016
Query: SELECT `spb`.* FROM `spb` WHERE (no_kontrak = '30/MF/00155/15') LIMIT 1
Params: []

2015-07-06T01:26:56+07:00 INFO (6): 
Elapsed Secs: 0.00033
Query: connect
Params: []

2015-07-06T01:26:56+07:00 INFO (6): 
Elapsed Secs: 0.00086
Query: DESCRIBE `cabang`
Params: []

2015-07-06T01:26:56+07:00 INFO (6): 
Elapsed Secs: 0.00022
Query: SELECT `cabang`.* FROM `cabang` WHERE (id_cabang = '30' ) LIMIT 1
Params: []

2015-07-06T01:26:56+07:00 INFO (6): 
Elapsed Secs: 0.00069
Query: DESCRIBE `pinjaman`
Params: []

2015-07-06T01:26:56+07:00 INFO (6): 
Elapsed Secs: 0.0003
Query: SELECT `pin`.*, `cos`.`nama` FROM `pinjaman` AS `pin`
 INNER JOIN `costumer` AS `cos` ON pin.nik_costumer = cos.nik_costumer
 INNER JOIN `user` AS `us` ON cos.id_user = us.id_user
 INNER JOIN `cabang` AS `cb` ON us.id_cabang = cb.id_cabang WHERE (us.id_user = '17') AND (cb.id_cabang = '30')
Params: []

2015-07-06T01:26:56+07:00 INFO (6): 
Elapsed Secs: 0.00064
Query: DESCRIBE `spb`
Params: []

2015-07-06T01:26:56+07:00 INFO (6): 
Elapsed Secs: 0.00017
Query: SELECT `spb`.* FROM `spb` WHERE (no_kontrak = '30/MF/00155/15') LIMIT 1
Params: []

2015-07-06T01:27:00+07:00 INFO (6): 
Elapsed Secs: 0.00029
Query: connect
Params: []

2015-07-06T01:27:00+07:00 INFO (6): 
Elapsed Secs: 0.00023
Query: connect
Params: []

2015-07-06T01:27:00+07:00 INFO (6): 
Elapsed Secs: 0.00066
Query: DESCRIBE `pinjaman`
Params: []

2015-07-06T01:27:00+07:00 INFO (6): 
Elapsed Secs: 0.00013
Query: SELECT `pinjaman`.* FROM `pinjaman` WHERE (id_pinjaman ='156') LIMIT 1
Params: []

2015-07-06T01:27:00+07:00 INFO (6): 
Elapsed Secs: 0.00058
Query: DESCRIBE `spb`
Params: []

2015-07-06T01:27:00+07:00 INFO (6): 
Elapsed Secs: 0.06887
Query: INSERT INTO `spb` (`nik_costumer`, `no_kontrak`, `no_polisi`) VALUES (?, ?, ?)
Params: {"1":"18129310112231","2":"30\/MF\/00155\/15","3":"AD-5064-JI"}

2015-07-06T01:27:00+07:00 INFO (6): 
Elapsed Secs: 0.0008
Query: DESCRIBE `user`
Params: []

2015-07-06T01:27:00+07:00 INFO (6): 
Elapsed Secs: 0.00017
Query: SELECT `user`.`realname` FROM `user` WHERE (level = 'kasir') AND (user.id_cabang = '30')
Params: []

2015-07-06T01:27:00+07:00 INFO (6): 
Elapsed Secs: 0.00026
Query: SELECT `pin`.*, `pin`.`no_kontrak`, `cos`.`nama`, `ken`.`no_polisi`, `ken`.`merk`, `ken`.`tahun_pembuatan`, `ken`.`warna`, `ken`.`nama_bpkb`, `pin`.`nilai_pinjaman`, `pin`.`angsuran_perbulan`, `pin`.`lama_angsuran`, `pin`.`tanggal_jatuh_tempo` FROM `pinjaman` AS `pin`
 INNER JOIN `costumer` AS `cos` ON pin.nik_costumer = cos.nik_costumer
 INNER JOIN `user` AS `us` ON cos.id_user = us.id_user
 INNER JOIN `kendaraan` AS `ken` ON ken.no_polisi = pin.no_polisi WHERE (pin.id_pinjaman = '156')
Params: []

2015-07-06T01:27:11+07:00 INFO (6): 
Elapsed Secs: 0.00024
Query: connect
Params: []

2015-07-06T01:27:11+07:00 INFO (6): 
Elapsed Secs: 0.00068
Query: DESCRIBE `pinjaman`
Params: []

2015-07-06T01:27:11+07:00 INFO (6): 
Elapsed Secs: 0.00028
Query: SELECT `pin`.*, `pin`.`no_kontrak`, `cos`.`nama`, `ken`.`no_polisi`, `ken`.`merk`, `ken`.`tahun_pembuatan`, `ken`.`warna`, `ken`.`nama_bpkb`, `pin`.`nilai_pinjaman`, `pin`.`angsuran_perbulan`, `pin`.`lama_angsuran`, `pin`.`tanggal_jatuh_tempo` FROM `pinjaman` AS `pin`
 INNER JOIN `costumer` AS `cos` ON pin.nik_costumer = cos.nik_costumer
 INNER JOIN `user` AS `us` ON cos.id_user = us.id_user
 INNER JOIN `kendaraan` AS `ken` ON ken.no_polisi = pin.no_polisi WHERE (pin.id_pinjaman = '156')
Params: []

2015-07-06T01:27:11+07:00 INFO (6): 
Elapsed Secs: 0.00065
Query: DESCRIBE `user`
Params: []

2015-07-06T01:27:11+07:00 INFO (6): 
Elapsed Secs: 0.00018
Query: SELECT `user`.`realname` FROM `user` WHERE (level = 'kasir') AND (user.id_cabang = '30')
Params: []

2015-07-06T01:27:19+07:00 INFO (6): 
Elapsed Secs: 0.00027
Query: connect
Params: []

2015-07-06T01:27:19+07:00 INFO (6): 
Elapsed Secs: 0.00101
Query: DESCRIBE `pinjaman`
Params: []

2015-07-06T01:27:19+07:00 INFO (6): 
Elapsed Secs: 0.00034
Query: SELECT `pin`.*, `pin`.`no_kontrak`, `cos`.`nama`, `ken`.`no_polisi`, `ken`.`merk`, `ken`.`tahun_pembuatan`, `ken`.`warna`, `ken`.`nama_bpkb`, `pin`.`nilai_pinjaman`, `pin`.`angsuran_perbulan`, `pin`.`lama_angsuran`, `pin`.`tanggal_jatuh_tempo` FROM `pinjaman` AS `pin`
 INNER JOIN `costumer` AS `cos` ON pin.nik_costumer = cos.nik_costumer
 INNER JOIN `user` AS `us` ON cos.id_user = us.id_user
 INNER JOIN `kendaraan` AS `ken` ON ken.no_polisi = pin.no_polisi WHERE (pin.id_pinjaman = '156')
Params: []

2015-07-06T01:27:19+07:00 INFO (6): 
Elapsed Secs: 0.0011
Query: DESCRIBE `user`
Params: []

2015-07-06T01:27:19+07:00 INFO (6): 
Elapsed Secs: 0.00018
Query: SELECT `user`.`realname` FROM `user` WHERE (level = 'kasir') AND (user.id_cabang = '30')
Params: []

2015-07-06T01:27:26+07:00 INFO (6): 
Elapsed Secs: 0.00038
Query: connect
Params: []

2015-07-06T01:27:26+07:00 INFO (6): 
Elapsed Secs: 0.0012
Query: DESCRIBE `cabang`
Params: []

2015-07-06T01:27:26+07:00 INFO (6): 
Elapsed Secs: 0.00026
Query: SELECT `cabang`.* FROM `cabang` WHERE (id_cabang = '30' ) LIMIT 1
Params: []

2015-07-06T01:27:26+07:00 INFO (6): 
Elapsed Secs: 0.001
Query: DESCRIBE `pinjaman`
Params: []

2015-07-06T01:27:26+07:00 INFO (6): 
Elapsed Secs: 0.0004
Query: SELECT `pin`.*, `cos`.`nama` FROM `pinjaman` AS `pin`
 INNER JOIN `costumer` AS `cos` ON pin.nik_costumer = cos.nik_costumer
 INNER JOIN `user` AS `us` ON cos.id_user = us.id_user
 INNER JOIN `cabang` AS `cb` ON us.id_cabang = cb.id_cabang WHERE (us.id_user = '17') AND (cb.id_cabang = '30')
Params: []

2015-07-06T01:27:26+07:00 INFO (6): 
Elapsed Secs: 0.00094
Query: DESCRIBE `spb`
Params: []

2015-07-06T01:27:26+07:00 INFO (6): 
Elapsed Secs: 0.00027
Query: SELECT `spb`.* FROM `spb` WHERE (no_kontrak = '30/MF/00155/15') LIMIT 1
Params: []

2015-07-06T01:27:28+07:00 INFO (6): 
Elapsed Secs: 0.00017
Query: connect
Params: []

2015-07-06T01:27:28+07:00 INFO (6): 
Elapsed Secs: 0.00059
Query: DESCRIBE `cabang`
Params: []

2015-07-06T01:27:28+07:00 INFO (6): 
Elapsed Secs: 0.00015
Query: SELECT `cabang`.* FROM `cabang` WHERE (id_cabang = '30' ) LIMIT 1
Params: []

2015-07-06T01:27:28+07:00 INFO (6): 
Elapsed Secs: 0.00042
Query: DESCRIBE `pinjaman`
Params: []

2015-07-06T01:27:28+07:00 INFO (6): 
Elapsed Secs: 0.00024
Query: SELECT `pin`.*, `cos`.`nama` FROM `pinjaman` AS `pin`
 INNER JOIN `costumer` AS `cos` ON pin.nik_costumer = cos.nik_costumer
 INNER JOIN `user` AS `us` ON cos.id_user = us.id_user
 INNER JOIN `cabang` AS `cb` ON us.id_cabang = cb.id_cabang WHERE (us.id_user = '17') AND (cb.id_cabang = '30')
Params: []

2015-07-06T01:27:28+07:00 INFO (6): 
Elapsed Secs: 0.00055
Query: DESCRIBE `spb`
Params: []

2015-07-06T01:27:28+07:00 INFO (6): 
Elapsed Secs: 0.00014
Query: SELECT `spb`.* FROM `spb` WHERE (no_kontrak = '30/MF/00155/15') LIMIT 1
Params: []

2015-07-06T01:27:30+07:00 INFO (6): 
Elapsed Secs: 0.00029
Query: connect
Params: []

2015-07-06T01:27:30+07:00 INFO (6): 
Elapsed Secs: 0.00072
Query: DESCRIBE `cabang`
Params: []

2015-07-06T01:27:30+07:00 INFO (6): 
Elapsed Secs: 0.00019
Query: SELECT `cabang`.* FROM `cabang` WHERE (id_cabang = '30' ) LIMIT 1
Params: []

2015-07-06T01:27:30+07:00 INFO (6): 
Elapsed Secs: 0.00055
Query: DESCRIBE `pinjaman`
Params: []

2015-07-06T01:27:30+07:00 INFO (6): 
Elapsed Secs: 0.00025
Query: SELECT `pin`.*, `cos`.`nama` FROM `pinjaman` AS `pin`
 INNER JOIN `costumer` AS `cos` ON pin.nik_costumer = cos.nik_costumer
 INNER JOIN `user` AS `us` ON cos.id_user = us.id_user
 INNER JOIN `cabang` AS `cb` ON us.id_cabang = cb.id_cabang WHERE (us.id_user = '17') AND (cb.id_cabang = '30')
Params: []

2015-07-06T01:27:30+07:00 INFO (6): 
Elapsed Secs: 0.00047
Query: DESCRIBE `spb`
Params: []

2015-07-06T01:27:30+07:00 INFO (6): 
Elapsed Secs: 0.00016
Query: SELECT `spb`.* FROM `spb` WHERE (no_kontrak = '30/MF/00155/15') LIMIT 1
Params: []

2015-07-06T01:27:39+07:00 INFO (6): 
Elapsed Secs: 0.00031
Query: connect
Params: []

2015-07-06T01:27:39+07:00 INFO (6): 
Elapsed Secs: 0.00075
Query: DESCRIBE `cabang`
Params: []

2015-07-06T01:27:39+07:00 INFO (6): 
Elapsed Secs: 0.0002
Query: SELECT `cabang`.* FROM `cabang` WHERE (id_cabang = '30' ) LIMIT 1
Params: []

2015-07-06T01:27:39+07:00 INFO (6): 
Elapsed Secs: 0.0006
Query: DESCRIBE `pinjaman`
Params: []

2015-07-06T01:27:39+07:00 INFO (6): 
Elapsed Secs: 0.00028
Query: SELECT `pin`.*, `cos`.`nama` FROM `pinjaman` AS `pin`
 INNER JOIN `costumer` AS `cos` ON pin.nik_costumer = cos.nik_costumer
 INNER JOIN `user` AS `us` ON cos.id_user = us.id_user
 INNER JOIN `cabang` AS `cb` ON us.id_cabang = cb.id_cabang WHERE (us.id_user = '17') AND (cb.id_cabang = '30')
Params: []

2015-07-06T01:27:39+07:00 INFO (6): 
Elapsed Secs: 0.00059
Query: DESCRIBE `spb`
Params: []

2015-07-06T01:27:39+07:00 INFO (6): 
Elapsed Secs: 0.00012
Query: SELECT `spb`.* FROM `spb` WHERE (no_kontrak = '30/MF/00155/15') LIMIT 1
Params: []

2015-07-06T01:39:45+07:00 INFO (6): 
Elapsed Secs: 0.00033
Query: connect
Params: []

2015-07-06T01:39:45+07:00 INFO (6): 
Elapsed Secs: 0.00093
Query: DESCRIBE `cabang`
Params: []

2015-07-06T01:39:45+07:00 INFO (6): 
Elapsed Secs: 0.00022
Query: SELECT `cabang`.* FROM `cabang` WHERE (id_cabang = '30' ) LIMIT 1
Params: []

2015-07-06T01:39:45+07:00 INFO (6): 
Elapsed Secs: 0.00073
Query: DESCRIBE `pinjaman`
Params: []

2015-07-06T01:39:45+07:00 INFO (6): 
Elapsed Secs: 0.00031
Query: SELECT `pin`.*, `cos`.`nama` FROM `pinjaman` AS `pin`
 INNER JOIN `costumer` AS `cos` ON pin.nik_costumer = cos.nik_costumer
 INNER JOIN `user` AS `us` ON cos.id_user = us.id_user
 INNER JOIN `cabang` AS `cb` ON us.id_cabang = cb.id_cabang WHERE (us.id_user = '17') AND (cb.id_cabang = '30')
Params: []

2015-07-06T01:39:45+07:00 INFO (6): 
Elapsed Secs: 0.00071
Query: DESCRIBE `spb`
Params: []

2015-07-06T01:39:45+07:00 INFO (6): 
Elapsed Secs: 0.00018
Query: SELECT `spb`.* FROM `spb` WHERE (no_kontrak = '30/MF/00155/15') LIMIT 1
Params: []

2015-07-06T01:40:00+07:00 INFO (6): 
Elapsed Secs: 0.00063
Query: connect
Params: []

2015-07-06T01:40:00+07:00 INFO (6): 
Elapsed Secs: 0.00195
Query: DESCRIBE `cabang`
Params: []

2015-07-06T01:40:00+07:00 INFO (6): 
Elapsed Secs: 0.00045
Query: SELECT `cabang`.* FROM `cabang` WHERE (id_cabang = '30' ) LIMIT 1
Params: []

2015-07-06T01:40:00+07:00 INFO (6): 
Elapsed Secs: 0.00093
Query: DESCRIBE `pinjaman`
Params: []

2015-07-06T01:40:00+07:00 INFO (6): 
Elapsed Secs: 0.00028
Query: SELECT `pin`.*, `cos`.`nama` FROM `pinjaman` AS `pin`
 INNER JOIN `costumer` AS `cos` ON pin.nik_costumer = cos.nik_costumer
 INNER JOIN `user` AS `us` ON cos.id_user = us.id_user
 INNER JOIN `cabang` AS `cb` ON us.id_cabang = cb.id_cabang WHERE (us.id_user = '17') AND (cb.id_cabang = '30')
Params: []

2015-07-06T01:40:00+07:00 INFO (6): 
Elapsed Secs: 0.00049
Query: DESCRIBE `spb`
Params: []

2015-07-06T01:40:00+07:00 INFO (6): 
Elapsed Secs: 0.00014
Query: SELECT `spb`.* FROM `spb` WHERE (no_kontrak = '30/MF/00155/15') LIMIT 1
Params: []

2015-07-06T01:40:02+07:00 INFO (6): 
Elapsed Secs: 0.00052
Query: connect
Params: []

2015-07-06T01:40:02+07:00 INFO (6): 
Elapsed Secs: 0.00095
Query: DESCRIBE `cabang`
Params: []

2015-07-06T01:40:02+07:00 INFO (6): 
Elapsed Secs: 0.00019
Query: SELECT `cabang`.* FROM `cabang` WHERE (id_cabang = '30' ) LIMIT 1
Params: []

2015-07-06T01:40:02+07:00 INFO (6): 
Elapsed Secs: 0.00067
Query: DESCRIBE `pinjaman`
Params: []

2015-07-06T01:40:02+07:00 INFO (6): 
Elapsed Secs: 0.0003
Query: SELECT `pin`.*, `cos`.`nama` FROM `pinjaman` AS `pin`
 INNER JOIN `costumer` AS `cos` ON pin.nik_costumer = cos.nik_costumer
 INNER JOIN `user` AS `us` ON cos.id_user = us.id_user
 INNER JOIN `cabang` AS `cb` ON us.id_cabang = cb.id_cabang WHERE (us.id_user = '17') AND (cb.id_cabang = '30')
Params: []

2015-07-06T01:40:02+07:00 INFO (6): 
Elapsed Secs: 0.00065
Query: DESCRIBE `spb`
Params: []

2015-07-06T01:40:02+07:00 INFO (6): 
Elapsed Secs: 0.00015
Query: SELECT `spb`.* FROM `spb` WHERE (no_kontrak = '30/MF/00155/15') LIMIT 1
Params: []

2015-07-06T01:40:34+07:00 INFO (6): 
Elapsed Secs: 0.0003
Query: connect
Params: []

2015-07-06T01:40:34+07:00 INFO (6): 
Elapsed Secs: 0.00067
Query: DESCRIBE `cabang`
Params: []

2015-07-06T01:40:34+07:00 INFO (6): 
Elapsed Secs: 0.00017
Query: SELECT `cabang`.* FROM `cabang` WHERE (id_cabang = '30' ) LIMIT 1
Params: []

2015-07-06T01:40:34+07:00 INFO (6): 
Elapsed Secs: 0.00059
Query: DESCRIBE `pinjaman`
Params: []

2015-07-06T01:40:34+07:00 INFO (6): 
Elapsed Secs: 0.00026
Query: SELECT `pin`.*, `cos`.`nama` FROM `pinjaman` AS `pin`
 INNER JOIN `costumer` AS `cos` ON pin.nik_costumer = cos.nik_costumer
 INNER JOIN `user` AS `us` ON cos.id_user = us.id_user
 INNER JOIN `cabang` AS `cb` ON us.id_cabang = cb.id_cabang WHERE (us.id_user = '17') AND (cb.id_cabang = '30')
Params: []

2015-07-06T01:40:34+07:00 INFO (6): 
Elapsed Secs: 0.00058
Query: DESCRIBE `spb`
Params: []

2015-07-06T01:40:34+07:00 INFO (6): 
Elapsed Secs: 0.00014
Query: SELECT `spb`.* FROM `spb` WHERE (no_kontrak = '30/MF/00155/15') LIMIT 1
Params: []

2015-07-06T01:40:50+07:00 INFO (6): 
Elapsed Secs: 0.00027
Query: connect
Params: []

2015-07-06T01:40:50+07:00 INFO (6): 
Elapsed Secs: 0.00072
Query: DESCRIBE `cabang`
Params: []

2015-07-06T01:40:50+07:00 INFO (6): 
Elapsed Secs: 0.00014
Query: SELECT `cabang`.* FROM `cabang` WHERE (id_cabang = '30' ) LIMIT 1
Params: []

2015-07-06T01:40:50+07:00 INFO (6): 
Elapsed Secs: 0.00057
Query: DESCRIBE `pinjaman`
Params: []

2015-07-06T01:40:50+07:00 INFO (6): 
Elapsed Secs: 0.00023
Query: SELECT `pin`.*, `cos`.`nama` FROM `pinjaman` AS `pin`
 INNER JOIN `costumer` AS `cos` ON pin.nik_costumer = cos.nik_costumer
 INNER JOIN `user` AS `us` ON cos.id_user = us.id_user
 INNER JOIN `cabang` AS `cb` ON us.id_cabang = cb.id_cabang WHERE (us.id_user = '17') AND (cb.id_cabang = '30')
Params: []

2015-07-06T01:40:50+07:00 INFO (6): 
Elapsed Secs: 0.00051
Query: DESCRIBE `spb`
Params: []

2015-07-06T01:40:50+07:00 INFO (6): 
Elapsed Secs: 0.00014
Query: SELECT `spb`.* FROM `spb` WHERE (no_kontrak = '30/MF/00155/15') LIMIT 1
Params: []

2015-07-06T01:41:10+07:00 INFO (6): 
Elapsed Secs: 0.00025
Query: connect
Params: []

2015-07-06T01:41:10+07:00 INFO (6): 
Elapsed Secs: 0.00084
Query: DESCRIBE `cabang`
Params: []

2015-07-06T01:41:10+07:00 INFO (6): 
Elapsed Secs: 0.00018
Query: SELECT `cabang`.* FROM `cabang` WHERE (id_cabang = '30' ) LIMIT 1
Params: []

2015-07-06T01:41:10+07:00 INFO (6): 
Elapsed Secs: 0.00064
Query: DESCRIBE `pinjaman`
Params: []

2015-07-06T01:41:10+07:00 INFO (6): 
Elapsed Secs: 0.00026
Query: SELECT `pin`.*, `cos`.`nama` FROM `pinjaman` AS `pin`
 INNER JOIN `costumer` AS `cos` ON pin.nik_costumer = cos.nik_costumer
 INNER JOIN `user` AS `us` ON cos.id_user = us.id_user
 INNER JOIN `cabang` AS `cb` ON us.id_cabang = cb.id_cabang WHERE (us.id_user = '17') AND (cb.id_cabang = '30')
Params: []

2015-07-06T01:41:10+07:00 INFO (6): 
Elapsed Secs: 0.00061
Query: DESCRIBE `spb`
Params: []

2015-07-06T01:41:10+07:00 INFO (6): 
Elapsed Secs: 0.00014
Query: SELECT `spb`.* FROM `spb` WHERE (no_kontrak = '30/MF/00155/15') LIMIT 1
Params: []

2015-07-06T01:41:38+07:00 INFO (6): 
Elapsed Secs: 0.00042
Query: connect
Params: []

2015-07-06T01:41:38+07:00 INFO (6): 
Elapsed Secs: 0.0003
Query: connect
Params: []

2015-07-06T01:41:38+07:00 INFO (6): 
Elapsed Secs: 0.00099
Query: DESCRIBE `pinjaman`
Params: []

2015-07-06T01:41:38+07:00 INFO (6): 
Elapsed Secs: 0.00025
Query: SELECT `pinjaman`.* FROM `pinjaman` WHERE (id_pinjaman ='156') LIMIT 1
Params: []

2015-07-06T01:41:38+07:00 INFO (6): 
Elapsed Secs: 0.00072
Query: DESCRIBE `spb`
Params: []

2015-07-06T01:41:38+07:00 INFO (6): 
Elapsed Secs: 0.00097
Query: DESCRIBE `user`
Params: []

2015-07-06T01:41:38+07:00 INFO (6): 
Elapsed Secs: 0.00034
Query: SELECT `user`.`realname` FROM `user` WHERE (level = 'kasir') AND (user.id_cabang = '30')
Params: []

2015-07-06T01:41:38+07:00 INFO (6): 
Elapsed Secs: 0.00049
Query: SELECT `pin`.*, `pin`.`no_kontrak`, `cos`.`nama`, `ken`.`no_polisi`, `ken`.`merk`, `ken`.`tahun_pembuatan`, `ken`.`warna`, `ken`.`nama_bpkb`, `pin`.`nilai_pinjaman`, `pin`.`angsuran_perbulan`, `pin`.`lama_angsuran`, `pin`.`tanggal_jatuh_tempo` FROM `pinjaman` AS `pin`
 INNER JOIN `costumer` AS `cos` ON pin.nik_costumer = cos.nik_costumer
 INNER JOIN `user` AS `us` ON cos.id_user = us.id_user
 INNER JOIN `kendaraan` AS `ken` ON ken.no_polisi = pin.no_polisi WHERE (pin.id_pinjaman = '156')
Params: []

2015-07-06T01:42:24+07:00 INFO (6): 
Elapsed Secs: 0.00021
Query: connect
Params: []

2015-07-06T01:42:24+07:00 INFO (6): 
Elapsed Secs: 0.00077
Query: DESCRIBE `costumer`
Params: []

2015-07-06T01:42:24+07:00 INFO (6): 
Elapsed Secs: 0.00052
Query: connect
Params: []

2015-07-06T01:42:24+07:00 INFO (6): 
Elapsed Secs: 0.00033
Query: SELECT `costumer`.`nik_costumer` FROM `costumer`
Params: []

2015-07-06T01:42:24+07:00 INFO (6): 
Elapsed Secs: 0.00177
Query: DESCRIBE `kendaraan`
Params: []

2015-07-06T01:42:24+07:00 INFO (6): 
Elapsed Secs: 0.0008
Query: SELECT `ken`.`no_polisi`, `ken`.`nik_costumer`, `cb`.* FROM `kendaraan` AS `ken`
 INNER JOIN `costumer` AS `cos` ON cos.nik_costumer = ken.nik_costumer
 INNER JOIN `penjamin` AS `pen` ON cos.nik_costumer = pen.nik_costumer
 INNER JOIN `user` AS `us` ON cos.id_user = us.id_user
 INNER JOIN `cabang` AS `cb` ON cb.id_cabang = us.id_cabang WHERE (us.id_user = '17') AND (ken.status != 'kredit')
Params: []

2015-07-06T01:42:25+07:00 INFO (6): 
Elapsed Secs: 0.00034
Query: connect
Params: []

2015-07-06T01:42:25+07:00 INFO (6): 
Elapsed Secs: 0.00068
Query: DESCRIBE `costumer`
Params: []

2015-07-06T01:42:25+07:00 INFO (6): 
Elapsed Secs: 0.00017
Query: connect
Params: []

2015-07-06T01:42:25+07:00 INFO (6): 
Elapsed Secs: 0.00011
Query: SELECT `costumer`.`nik_costumer` FROM `costumer`
Params: []

2015-07-06T01:42:25+07:00 INFO (6): 
Elapsed Secs: 0.0006
Query: DESCRIBE `kendaraan`
Params: []

2015-07-06T01:42:25+07:00 INFO (6): 
Elapsed Secs: 0.00032
Query: SELECT `ken`.`no_polisi`, `ken`.`nik_costumer`, `cb`.* FROM `kendaraan` AS `ken`
 INNER JOIN `costumer` AS `cos` ON cos.nik_costumer = ken.nik_costumer
 INNER JOIN `penjamin` AS `pen` ON cos.nik_costumer = pen.nik_costumer
 INNER JOIN `user` AS `us` ON cos.id_user = us.id_user
 INNER JOIN `cabang` AS `cb` ON cb.id_cabang = us.id_cabang WHERE (us.id_user = '17') AND (ken.status != 'kredit')
Params: []

2015-07-06T01:42:25+07:00 INFO (6): 
Elapsed Secs: 0.00015
Query: SELECT `cos`.`nik_costumer`, `cos`.`nama` FROM `kendaraan` AS `ken`
 INNER JOIN `costumer` AS `cos` ON cos.nik_costumer = ken.nik_costumer WHERE (ken.no_polisi = 'AD-5064-JI')
Params: []

2015-07-06T01:42:25+07:00 INFO (6): 
Elapsed Secs: 0.00052
Query: DESCRIBE `pinjaman`
Params: []

2015-07-06T01:42:25+07:00 INFO (6): 
Elapsed Secs: 0.00013
Query: SELECT `pinjaman`.* FROM `pinjaman` WHERE (nik_costumer ='18129310112231') LIMIT 1
Params: []

2015-07-06T01:42:25+07:00 INFO (6): 
Elapsed Secs: 9.0E-5
Query: SELECT `pinjaman`.`id_pinjaman` FROM `pinjaman` ORDER BY `id_pinjaman` desc
Params: []

2015-07-06T01:42:33+07:00 INFO (6): 
Elapsed Secs: 0.00023
Query: connect
Params: []

2015-07-06T01:42:33+07:00 INFO (6): 
Elapsed Secs: 0.00175
Query: DESCRIBE `pinjaman`
Params: []

2015-07-06T01:42:33+07:00 INFO (6): 
Elapsed Secs: 0.18217
Query: INSERT INTO `pinjaman` (`no_polisi`, `no_kontrak`, `nik_costumer`, `nilai_pinjaman`, `angsuran_perbulan`, `lama_angsuran`, `tanggal_jatuh_tempo`) VALUES (?, ?, ?, ?, ?, ?, ?)
Params: {"1":"AD-5064-JI","2":"30\/MD\/00156\/15","3":"18129310112231","4":"2333","5":"33333","6":"12","7":"07"}

2015-07-06T01:42:33+07:00 INFO (6): 
Elapsed Secs: 0.0885
Query: UPDATE `kendaraan` SET `status` = ? WHERE (no_polisi = 'AD-5064-JI')
Params: {"1":"kredit"}

2015-07-06T01:43:02+07:00 INFO (6): 
Elapsed Secs: 0.00026
Query: connect
Params: []

2015-07-06T01:43:02+07:00 INFO (6): 
Elapsed Secs: 0.00082
Query: DESCRIBE `pinjaman`
Params: []

2015-07-06T01:43:02+07:00 INFO (6): 
Elapsed Secs: 0.00077
Query: DESCRIBE `costumer`
Params: []

2015-07-06T01:43:02+07:00 INFO (6): 
Elapsed Secs: 0.00026
Query: connect
Params: []

2015-07-06T01:43:02+07:00 INFO (6): 
Elapsed Secs: 0.00014
Query: SELECT `costumer`.`nik_costumer` FROM `costumer`
Params: []

2015-07-06T01:43:06+07:00 INFO (6): 
Elapsed Secs: 0.00019
Query: connect
Params: []

2015-07-06T01:43:06+07:00 INFO (6): 
Elapsed Secs: 0.00067
Query: DESCRIBE `pinjaman`
Params: []

2015-07-06T01:43:06+07:00 INFO (6): 
Elapsed Secs: 0.07759
Query: INSERT INTO `pinjaman` (`tanggal_jatuh_tempo`) VALUES (?)
Params: {"1":"07"}

2015-07-06T01:43:06+07:00 INFO (6): 
Elapsed Secs: 0.00035
Query: UPDATE `kendaraan` SET `status` = ? WHERE (no_polisi = '')
Params: {"1":"kredit"}

2015-07-06T01:43:06+07:00 INFO (6): 
Elapsed Secs: 0.00027
Query: connect
Params: []

2015-07-06T01:43:06+07:00 INFO (6): 
Elapsed Secs: 0.00084
Query: DESCRIBE `cabang`
Params: []

2015-07-06T01:43:06+07:00 INFO (6): 
Elapsed Secs: 0.00022
Query: SELECT `cabang`.* FROM `cabang` WHERE (id_cabang = '30' ) LIMIT 1
Params: []

2015-07-06T01:43:06+07:00 INFO (6): 
Elapsed Secs: 0.00065
Query: DESCRIBE `pinjaman`
Params: []

2015-07-06T01:43:06+07:00 INFO (6): 
Elapsed Secs: 0.0003
Query: SELECT `pin`.*, `cos`.`nama` FROM `pinjaman` AS `pin`
 INNER JOIN `costumer` AS `cos` ON pin.nik_costumer = cos.nik_costumer
 INNER JOIN `user` AS `us` ON cos.id_user = us.id_user
 INNER JOIN `cabang` AS `cb` ON us.id_cabang = cb.id_cabang WHERE (us.id_user = '17') AND (cb.id_cabang = '30')
Params: []

2015-07-06T01:43:06+07:00 INFO (6): 
Elapsed Secs: 0.00061
Query: DESCRIBE `spb`
Params: []

2015-07-06T01:43:06+07:00 INFO (6): 
Elapsed Secs: 0.00015
Query: SELECT `spb`.* FROM `spb` WHERE (no_kontrak = '30/MD/00156/15') LIMIT 1
Params: []

2015-07-06T01:43:06+07:00 INFO (6): 
Elapsed Secs: 0.00018
Query: SELECT `spb`.* FROM `spb` WHERE (no_kontrak = '30/MF/00155/15') LIMIT 1
Params: []

2015-07-06T01:43:32+07:00 INFO (6): 
Elapsed Secs: 0.00029
Query: connect
Params: []

2015-07-06T01:43:32+07:00 INFO (6): 
Elapsed Secs: 0.00065
Query: DESCRIBE `cabang`
Params: []

2015-07-06T01:43:32+07:00 INFO (6): 
Elapsed Secs: 0.00017
Query: SELECT `cabang`.* FROM `cabang` WHERE (id_cabang = '30' ) LIMIT 1
Params: []

2015-07-06T01:43:32+07:00 INFO (6): 
Elapsed Secs: 0.00064
Query: DESCRIBE `pinjaman`
Params: []

2015-07-06T01:43:32+07:00 INFO (6): 
Elapsed Secs: 0.00032
Query: SELECT `pin`.*, `cos`.`nama` FROM `pinjaman` AS `pin`
 INNER JOIN `costumer` AS `cos` ON pin.nik_costumer = cos.nik_costumer
 INNER JOIN `user` AS `us` ON cos.id_user = us.id_user
 INNER JOIN `cabang` AS `cb` ON us.id_cabang = cb.id_cabang WHERE (us.id_user = '17') AND (cb.id_cabang = '30')
Params: []

2015-07-06T01:43:32+07:00 INFO (6): 
Elapsed Secs: 0.00061
Query: DESCRIBE `spb`
Params: []

2015-07-06T01:43:32+07:00 INFO (6): 
Elapsed Secs: 0.00012
Query: SELECT `spb`.* FROM `spb` WHERE (no_kontrak = '30/MD/00156/15') LIMIT 1
Params: []

2015-07-06T01:43:32+07:00 INFO (6): 
Elapsed Secs: 9.0E-5
Query: SELECT `spb`.* FROM `spb` WHERE (no_kontrak = '30/MF/00155/15') LIMIT 1
Params: []

2015-07-06T01:43:40+07:00 INFO (6): 
Elapsed Secs: 0.00059
Query: connect
Params: []

2015-07-06T01:43:40+07:00 INFO (6): 
Elapsed Secs: 0.00196
Query: DESCRIBE `cabang`
Params: []

2015-07-06T01:43:40+07:00 INFO (6): 
Elapsed Secs: 0.00043
Query: SELECT `cabang`.* FROM `cabang` WHERE (id_cabang = '30' ) LIMIT 1
Params: []

2015-07-06T01:43:40+07:00 INFO (6): 
Elapsed Secs: 0.00167
Query: DESCRIBE `pinjaman`
Params: []

2015-07-06T01:43:40+07:00 INFO (6): 
Elapsed Secs: 0.00073
Query: SELECT `pin`.*, `cos`.`nama` FROM `pinjaman` AS `pin`
 INNER JOIN `costumer` AS `cos` ON pin.nik_costumer = cos.nik_costumer
 INNER JOIN `user` AS `us` ON cos.id_user = us.id_user
 INNER JOIN `cabang` AS `cb` ON us.id_cabang = cb.id_cabang WHERE (us.id_user = '17') AND (cb.id_cabang = '30')
Params: []

2015-07-06T01:43:40+07:00 INFO (6): 
Elapsed Secs: 0.0016
Query: DESCRIBE `spb`
Params: []

2015-07-06T01:43:40+07:00 INFO (6): 
Elapsed Secs: 0.00033
Query: SELECT `spb`.* FROM `spb` WHERE (no_kontrak = '30/MD/00156/15') LIMIT 1
Params: []

2015-07-06T01:43:40+07:00 INFO (6): 
Elapsed Secs: 0.00035
Query: SELECT `spb`.* FROM `spb` WHERE (no_kontrak = '30/MF/00155/15') LIMIT 1
Params: []

2015-07-06T01:44:11+07:00 INFO (6): 
Elapsed Secs: 0.00107
Query: connect
Params: []

2015-07-06T01:44:11+07:00 INFO (6): 
Elapsed Secs: 0.00067
Query: DESCRIBE `cabang`
Params: []

2015-07-06T01:44:11+07:00 INFO (6): 
Elapsed Secs: 0.0002
Query: SELECT `cabang`.* FROM `cabang` WHERE (id_cabang = '30' ) LIMIT 1
Params: []

2015-07-06T01:44:11+07:00 INFO (6): 
Elapsed Secs: 0.00059
Query: DESCRIBE `pinjaman`
Params: []

2015-07-06T01:44:11+07:00 INFO (6): 
Elapsed Secs: 0.00028
Query: SELECT `pin`.*, `cos`.`nama` FROM `pinjaman` AS `pin`
 INNER JOIN `costumer` AS `cos` ON pin.nik_costumer = cos.nik_costumer
 INNER JOIN `user` AS `us` ON cos.id_user = us.id_user
 INNER JOIN `cabang` AS `cb` ON us.id_cabang = cb.id_cabang WHERE (us.id_user = '17') AND (cb.id_cabang = '30')
Params: []

2015-07-06T01:44:11+07:00 INFO (6): 
Elapsed Secs: 0.00057
Query: DESCRIBE `spb`
Params: []

2015-07-06T01:44:11+07:00 INFO (6): 
Elapsed Secs: 0.00014
Query: SELECT `spb`.* FROM `spb` WHERE (no_kontrak = '30/MD/00156/15') LIMIT 1
Params: []

2015-07-06T01:44:11+07:00 INFO (6): 
Elapsed Secs: 0.00014
Query: SELECT `spb`.* FROM `spb` WHERE (no_kontrak = '30/MF/00155/15') LIMIT 1
Params: []

2015-07-06T01:44:48+07:00 INFO (6): 
Elapsed Secs: 0.00126
Query: connect
Params: []

2015-07-06T01:44:48+07:00 INFO (6): 
Elapsed Secs: 0.0548
Query: UPDATE `user_login` SET `status` = ? WHERE (id_user ='17')
Params: {"1":0}

2015-07-06T01:44:58+07:00 INFO (6): 
Elapsed Secs: 0.00053
Query: connect
Params: []

2015-07-06T01:44:58+07:00 INFO (6): 
Elapsed Secs: 0.00159
Query: DESCRIBE `user`
Params: []

2015-07-06T01:44:58+07:00 INFO (6): 
Elapsed Secs: 0.00029
Query: connect
Params: []

2015-07-06T01:44:58+07:00 INFO (6): 
Elapsed Secs: 0.00033
Query: SELECT `user`.*, `cabang`.* FROM `user`
 INNER JOIN `cabang` ON cabang.id_cabang = user.id_cabang WHERE (user.username = 'kasir') AND (user.password = 'd033e22ae348aeb5660fc2140aec35850c4da997')
Params: []

2015-07-06T01:44:58+07:00 INFO (6): 
Elapsed Secs: 0.00029
Query: SELECT `user`.*, `user_login`.*, `cabang`.* FROM `user`
 INNER JOIN `user_login` ON user_login.id_user = user.id_user
 INNER JOIN `cabang` ON cabang.id_cabang = user.id_cabang WHERE (user.id_user = '18')
Params: []

2015-07-06T01:44:58+07:00 INFO (6): 
Elapsed Secs: 0.09586
Query: UPDATE `user_login` SET `status` = ?, `login_time` = NOW(), `ip_login` = ?, `last_login` = ? WHERE (id_user = '18')
Params: {"1":1,"2":"127.0.0.1","3":"2015-06-20 10:14:56"}

2015-07-06T01:44:58+07:00 INFO (6): 
Elapsed Secs: 0.00034
Query: SELECT `user`.*, `user_login`.*, `cabang`.* FROM `user`
 INNER JOIN `user_login` ON user_login.id_user = user.id_user
 INNER JOIN `cabang` ON cabang.id_cabang = user.id_cabang WHERE (user.id_user = '18')
Params: []

2015-07-06T01:47:34+07:00 INFO (6): 
Elapsed Secs: 0.00027
Query: connect
Params: []

2015-07-06T01:47:34+07:00 INFO (6): 
Elapsed Secs: 0.00082
Query: DESCRIBE `cabang`
Params: []

2015-07-06T01:47:34+07:00 INFO (6): 
Elapsed Secs: 0.00019
Query: SELECT `cabang`.* FROM `cabang` WHERE (id_cabang = '30' ) LIMIT 1
Params: []

2015-07-06T01:47:34+07:00 INFO (6): 
Elapsed Secs: 0.00064
Query: DESCRIBE `pinjaman`
Params: []

2015-07-06T01:47:34+07:00 INFO (6): 
Elapsed Secs: 0.00029
Query: SELECT `pin`.*, `cos`.`nama` FROM `pinjaman` AS `pin`
 INNER JOIN `costumer` AS `cos` ON pin.nik_costumer = cos.nik_costumer
 INNER JOIN `user` AS `us` ON cos.id_user = us.id_user
 INNER JOIN `cabang` AS `cb` ON us.id_cabang = cb.id_cabang WHERE (us.id_user = '18') AND (cb.id_cabang = '30')
Params: []

2015-07-06T01:48:08+07:00 INFO (6): 
Elapsed Secs: 0.00033
Query: connect
Params: []

2015-07-06T01:48:08+07:00 INFO (6): 
Elapsed Secs: 0.00102
Query: DESCRIBE `cabang`
Params: []

2015-07-06T01:48:08+07:00 INFO (6): 
Elapsed Secs: 0.00022
Query: SELECT `cabang`.* FROM `cabang` WHERE (id_cabang = '30' ) LIMIT 1
Params: []

2015-07-06T01:48:08+07:00 INFO (6): 
Elapsed Secs: 0.00081
Query: DESCRIBE `pinjaman`
Params: []

2015-07-06T01:48:08+07:00 INFO (6): 
Elapsed Secs: 0.00039
Query: SELECT `pin`.*, `cos`.`nama` FROM `pinjaman` AS `pin`
 INNER JOIN `costumer` AS `cos` ON pin.nik_costumer = cos.nik_costumer
 INNER JOIN `user` AS `us` ON cos.id_user = us.id_user
 INNER JOIN `cabang` AS `cb` ON us.id_cabang = cb.id_cabang WHERE (us.id_user = '18') AND (cb.id_cabang = '30')
Params: []

2015-07-06T01:48:25+07:00 INFO (6): 
Elapsed Secs: 0.00117
Query: connect
Params: []

2015-07-06T01:48:25+07:00 INFO (6): 
Elapsed Secs: 0.00074
Query: DESCRIBE `cabang`
Params: []

2015-07-06T01:48:25+07:00 INFO (6): 
Elapsed Secs: 0.00022
Query: SELECT `cabang`.* FROM `cabang` WHERE (id_cabang = '30' ) LIMIT 1
Params: []

2015-07-06T01:48:25+07:00 INFO (6): 
Elapsed Secs: 0.00064
Query: DESCRIBE `pinjaman`
Params: []

2015-07-06T01:48:25+07:00 INFO (6): 
Elapsed Secs: 0.00029
Query: SELECT `pin`.*, `cos`.`nama` FROM `pinjaman` AS `pin`
 INNER JOIN `costumer` AS `cos` ON pin.nik_costumer = cos.nik_costumer
 INNER JOIN `user` AS `us` ON cos.id_user = us.id_user
 INNER JOIN `cabang` AS `cb` ON us.id_cabang = cb.id_cabang WHERE (us.id_user = '18') AND (cb.id_cabang = '30')
Params: []

2015-07-06T01:48:57+07:00 INFO (6): 
Elapsed Secs: 0.00029
Query: connect
Params: []

2015-07-06T01:48:57+07:00 INFO (6): 
Elapsed Secs: 0.00072
Query: DESCRIBE `cabang`
Params: []

2015-07-06T01:48:57+07:00 INFO (6): 
Elapsed Secs: 0.00017
Query: SELECT `cabang`.* FROM `cabang` WHERE (id_cabang = '30' ) LIMIT 1
Params: []

2015-07-06T01:48:57+07:00 INFO (6): 
Elapsed Secs: 0.00058
Query: DESCRIBE `pinjaman`
Params: []

2015-07-06T01:48:57+07:00 INFO (6): 
Elapsed Secs: 0.00029
Query: SELECT `pin`.*, `cos`.`nama` FROM `pinjaman` AS `pin`
 INNER JOIN `costumer` AS `cos` ON pin.nik_costumer = cos.nik_costumer
 INNER JOIN `user` AS `us` ON cos.id_user = us.id_user
 INNER JOIN `cabang` AS `cb` ON us.id_cabang = cb.id_cabang WHERE (us.id_user = '18') OR (cb.id_cabang = '30')
Params: []

2015-07-06T01:48:57+07:00 INFO (6): 
Elapsed Secs: 0.0006
Query: DESCRIBE `spb`
Params: []

2015-07-06T01:48:57+07:00 INFO (6): 
Elapsed Secs: 0.00012
Query: SELECT `spb`.* FROM `spb` WHERE (no_kontrak = '30/MD/00156/15') LIMIT 1
Params: []

2015-07-06T01:48:57+07:00 INFO (6): 
Elapsed Secs: 0.00012
Query: SELECT `spb`.* FROM `spb` WHERE (no_kontrak = '30/MF/00155/15') LIMIT 1
Params: []

2015-07-06T01:49:10+07:00 INFO (6): 
Elapsed Secs: 0.00032
Query: connect
Params: []

2015-07-06T01:49:10+07:00 INFO (6): 
Elapsed Secs: 0.00069
Query: DESCRIBE `cabang`
Params: []

2015-07-06T01:49:10+07:00 INFO (6): 
Elapsed Secs: 0.00021
Query: SELECT `cabang`.* FROM `cabang` WHERE (id_cabang = '30' ) LIMIT 1
Params: []

2015-07-06T01:49:10+07:00 INFO (6): 
Elapsed Secs: 0.00061
Query: DESCRIBE `pinjaman`
Params: []

2015-07-06T01:49:10+07:00 INFO (6): 
Elapsed Secs: 0.00034
Query: SELECT `pin`.*, `cos`.`nama` FROM `pinjaman` AS `pin`
 INNER JOIN `costumer` AS `cos` ON pin.nik_costumer = cos.nik_costumer
 INNER JOIN `user` AS `us` ON cos.id_user = us.id_user
 INNER JOIN `cabang` AS `cb` ON us.id_cabang = cb.id_cabang WHERE (us.id_user = '18') OR (cb.id_cabang = '30')
Params: []

2015-07-06T01:49:10+07:00 INFO (6): 
Elapsed Secs: 0.00059
Query: DESCRIBE `spb`
Params: []

2015-07-06T01:49:10+07:00 INFO (6): 
Elapsed Secs: 0.00016
Query: SELECT `spb`.* FROM `spb` WHERE (no_kontrak = '30/MD/00156/15') LIMIT 1
Params: []

2015-07-06T01:49:10+07:00 INFO (6): 
Elapsed Secs: 0.00014
Query: SELECT `spb`.* FROM `spb` WHERE (no_kontrak = '30/MF/00155/15') LIMIT 1
Params: []

2015-07-06T01:50:12+07:00 INFO (6): 
Elapsed Secs: 0.00149
Query: connect
Params: []

2015-07-06T01:50:12+07:00 INFO (6): 
Elapsed Secs: 0.00084
Query: DESCRIBE `cabang`
Params: []

2015-07-06T01:50:12+07:00 INFO (6): 
Elapsed Secs: 0.0002
Query: SELECT `cabang`.* FROM `cabang` WHERE (id_cabang = '30' ) LIMIT 1
Params: []

2015-07-06T01:50:12+07:00 INFO (6): 
Elapsed Secs: 0.00064
Query: DESCRIBE `pinjaman`
Params: []

2015-07-06T01:50:12+07:00 INFO (6): 
Elapsed Secs: 0.00031
Query: SELECT `pin`.*, `cos`.`nama` FROM `pinjaman` AS `pin`
 INNER JOIN `costumer` AS `cos` ON pin.nik_costumer = cos.nik_costumer
 INNER JOIN `user` AS `us` ON cos.id_user = us.id_user
 INNER JOIN `cabang` AS `cb` ON us.id_cabang = cb.id_cabang WHERE (us.id_user = '18') OR (cb.id_cabang = '30')
Params: []

2015-07-06T01:50:12+07:00 INFO (6): 
Elapsed Secs: 0.00063
Query: DESCRIBE `spb`
Params: []

2015-07-06T01:50:12+07:00 INFO (6): 
Elapsed Secs: 0.00016
Query: SELECT `spb`.* FROM `spb` WHERE (no_kontrak = '30/MD/00156/15') LIMIT 1
Params: []

2015-07-06T01:50:12+07:00 INFO (6): 
Elapsed Secs: 0.00017
Query: SELECT `spb`.* FROM `spb` WHERE (no_kontrak = '30/MF/00155/15') LIMIT 1
Params: []

2015-07-06T01:50:22+07:00 INFO (6): 
Elapsed Secs: 0.00028
Query: connect
Params: []

2015-07-06T01:50:22+07:00 INFO (6): 
Elapsed Secs: 0.00068
Query: DESCRIBE `cabang`
Params: []

2015-07-06T01:50:22+07:00 INFO (6): 
Elapsed Secs: 0.00016
Query: SELECT `cabang`.* FROM `cabang` WHERE (id_cabang = '30' ) LIMIT 1
Params: []

2015-07-06T01:50:22+07:00 INFO (6): 
Elapsed Secs: 0.00045
Query: DESCRIBE `pinjaman`
Params: []

2015-07-06T01:50:22+07:00 INFO (6): 
Elapsed Secs: 0.00028
Query: SELECT `pin`.*, `cos`.`nama` FROM `pinjaman` AS `pin`
 INNER JOIN `costumer` AS `cos` ON pin.nik_costumer = cos.nik_costumer
 INNER JOIN `user` AS `us` ON cos.id_user = us.id_user
 INNER JOIN `cabang` AS `cb` ON us.id_cabang = cb.id_cabang WHERE (us.id_user = '18') OR (cb.id_cabang = '30')
Params: []

2015-07-06T01:50:22+07:00 INFO (6): 
Elapsed Secs: 0.00049
Query: DESCRIBE `spb`
Params: []

2015-07-06T01:50:22+07:00 INFO (6): 
Elapsed Secs: 0.00015
Query: SELECT `spb`.* FROM `spb` WHERE (no_kontrak = '30/MD/00156/15') LIMIT 1
Params: []

2015-07-06T01:50:22+07:00 INFO (6): 
Elapsed Secs: 0.00015
Query: SELECT `spb`.* FROM `spb` WHERE (no_kontrak = '30/MF/00155/15') LIMIT 1
Params: []

2015-07-06T01:50:28+07:00 INFO (6): 
Elapsed Secs: 0.00027
Query: connect
Params: []

2015-07-06T01:50:28+07:00 INFO (6): 
Elapsed Secs: 0.00071
Query: DESCRIBE `cabang`
Params: []

2015-07-06T01:50:28+07:00 INFO (6): 
Elapsed Secs: 0.00017
Query: SELECT `cabang`.* FROM `cabang` WHERE (id_cabang = '30' ) LIMIT 1
Params: []

2015-07-06T01:50:28+07:00 INFO (6): 
Elapsed Secs: 0.00055
Query: DESCRIBE `pinjaman`
Params: []

2015-07-06T01:50:28+07:00 INFO (6): 
Elapsed Secs: 0.00034
Query: SELECT `pin`.*, `cos`.`nama` FROM `pinjaman` AS `pin`
 INNER JOIN `costumer` AS `cos` ON pin.nik_costumer = cos.nik_costumer
 INNER JOIN `user` AS `us` ON cos.id_user = us.id_user
 INNER JOIN `cabang` AS `cb` ON us.id_cabang = cb.id_cabang WHERE (us.id_user = '18') OR (cb.id_cabang = '30')
Params: []

2015-07-06T01:50:28+07:00 INFO (6): 
Elapsed Secs: 0.0006
Query: DESCRIBE `spb`
Params: []

2015-07-06T01:50:28+07:00 INFO (6): 
Elapsed Secs: 0.00015
Query: SELECT `spb`.* FROM `spb` WHERE (no_kontrak = '30/MD/00156/15') LIMIT 1
Params: []

2015-07-06T01:50:28+07:00 INFO (6): 
Elapsed Secs: 0.00016
Query: SELECT `spb`.* FROM `spb` WHERE (no_kontrak = '30/MF/00155/15') LIMIT 1
Params: []

2015-07-06T01:50:53+07:00 INFO (6): 
Elapsed Secs: 0.00113
Query: connect
Params: []

2015-07-06T01:50:53+07:00 INFO (6): 
Elapsed Secs: 0.00066
Query: DESCRIBE `cabang`
Params: []

2015-07-06T01:50:53+07:00 INFO (6): 
Elapsed Secs: 0.00018
Query: SELECT `cabang`.* FROM `cabang` WHERE (id_cabang = '30' ) LIMIT 1
Params: []

2015-07-06T01:50:53+07:00 INFO (6): 
Elapsed Secs: 0.0006
Query: DESCRIBE `pinjaman`
Params: []

2015-07-06T01:50:53+07:00 INFO (6): 
Elapsed Secs: 0.00032
Query: SELECT `pin`.*, `cos`.`nama` FROM `pinjaman` AS `pin`
 INNER JOIN `costumer` AS `cos` ON pin.nik_costumer = cos.nik_costumer
 INNER JOIN `user` AS `us` ON cos.id_user = us.id_user
 INNER JOIN `cabang` AS `cb` ON us.id_cabang = cb.id_cabang WHERE (us.id_user = '18') OR (cb.id_cabang = '30')
Params: []

2015-07-06T01:50:53+07:00 INFO (6): 
Elapsed Secs: 0.00062
Query: DESCRIBE `spb`
Params: []

2015-07-06T01:50:53+07:00 INFO (6): 
Elapsed Secs: 0.00014
Query: SELECT `spb`.* FROM `spb` WHERE (no_kontrak = '30/MD/00156/15') LIMIT 1
Params: []

2015-07-06T01:50:53+07:00 INFO (6): 
Elapsed Secs: 0.00013
Query: SELECT `spb`.* FROM `spb` WHERE (no_kontrak = '30/MF/00155/15') LIMIT 1
Params: []

2015-07-06T01:51:48+07:00 INFO (6): 
Elapsed Secs: 0.00295
Query: connect
Params: []

2015-07-06T01:51:48+07:00 INFO (6): 
Elapsed Secs: 0.00082
Query: DESCRIBE `cabang`
Params: []

2015-07-06T01:51:48+07:00 INFO (6): 
Elapsed Secs: 0.00021
Query: SELECT `cabang`.* FROM `cabang` WHERE (id_cabang = '30' ) LIMIT 1
Params: []

2015-07-06T01:51:48+07:00 INFO (6): 
Elapsed Secs: 0.00059
Query: DESCRIBE `pinjaman`
Params: []

2015-07-06T01:51:48+07:00 INFO (6): 
Elapsed Secs: 0.00031
Query: SELECT `pin`.*, `cos`.`nama` FROM `pinjaman` AS `pin`
 INNER JOIN `costumer` AS `cos` ON pin.nik_costumer = cos.nik_costumer
 INNER JOIN `user` AS `us` ON cos.id_user = us.id_user
 INNER JOIN `cabang` AS `cb` ON us.id_cabang = cb.id_cabang WHERE (us.id_user = '18') OR (cb.id_cabang = '30')
Params: []

2015-07-06T01:51:48+07:00 INFO (6): 
Elapsed Secs: 0.00062
Query: DESCRIBE `spb`
Params: []

2015-07-06T01:51:48+07:00 INFO (6): 
Elapsed Secs: 0.00017
Query: SELECT `spb`.* FROM `spb` WHERE (no_kontrak = '30/MD/00156/15') LIMIT 1
Params: []

2015-07-06T01:51:48+07:00 INFO (6): 
Elapsed Secs: 0.00017
Query: SELECT `spb`.* FROM `spb` WHERE (no_kontrak = '30/MF/00155/15') LIMIT 1
Params: []

2015-07-06T01:51:53+07:00 INFO (6): 
Elapsed Secs: 0.00018
Query: connect
Params: []

2015-07-06T01:51:53+07:00 INFO (6): 
Elapsed Secs: 0.00075
Query: DESCRIBE `cabang`
Params: []

2015-07-06T01:51:53+07:00 INFO (6): 
Elapsed Secs: 0.00017
Query: SELECT `cabang`.* FROM `cabang` WHERE (id_cabang = '30' ) LIMIT 1
Params: []

2015-07-06T01:51:53+07:00 INFO (6): 
Elapsed Secs: 0.00059
Query: DESCRIBE `pinjaman`
Params: []

2015-07-06T01:51:53+07:00 INFO (6): 
Elapsed Secs: 0.00034
Query: SELECT `pin`.*, `cos`.`nama` FROM `pinjaman` AS `pin`
 INNER JOIN `costumer` AS `cos` ON pin.nik_costumer = cos.nik_costumer
 INNER JOIN `user` AS `us` ON cos.id_user = us.id_user
 INNER JOIN `cabang` AS `cb` ON us.id_cabang = cb.id_cabang WHERE (us.id_user = '18') OR (cb.id_cabang = '30')
Params: []

2015-07-06T01:51:53+07:00 INFO (6): 
Elapsed Secs: 0.00058
Query: DESCRIBE `spb`
Params: []

2015-07-06T01:51:53+07:00 INFO (6): 
Elapsed Secs: 0.00017
Query: SELECT `spb`.* FROM `spb` WHERE (no_kontrak = '30/MD/00156/15') LIMIT 1
Params: []

2015-07-06T01:51:53+07:00 INFO (6): 
Elapsed Secs: 0.00017
Query: SELECT `spb`.* FROM `spb` WHERE (no_kontrak = '30/MF/00155/15') LIMIT 1
Params: []

2015-07-06T01:52:40+07:00 INFO (6): 
Elapsed Secs: 0.00023
Query: connect
Params: []

2015-07-06T01:52:40+07:00 INFO (6): 
Elapsed Secs: 0.00061
Query: DESCRIBE `cabang`
Params: []

2015-07-06T01:52:40+07:00 INFO (6): 
Elapsed Secs: 0.00012
Query: SELECT `cabang`.* FROM `cabang` WHERE (id_cabang = '30' ) LIMIT 1
Params: []

2015-07-06T01:52:40+07:00 INFO (6): 
Elapsed Secs: 0.00044
Query: DESCRIBE `pinjaman`
Params: []

2015-07-06T01:52:40+07:00 INFO (6): 
Elapsed Secs: 0.00026
Query: SELECT `pin`.*, `cos`.`nama` FROM `pinjaman` AS `pin`
 INNER JOIN `costumer` AS `cos` ON pin.nik_costumer = cos.nik_costumer
 INNER JOIN `user` AS `us` ON cos.id_user = us.id_user
 INNER JOIN `cabang` AS `cb` ON us.id_cabang = cb.id_cabang WHERE (us.id_user = '18') OR (cb.id_cabang = '30')
Params: []

2015-07-06T01:52:40+07:00 INFO (6): 
Elapsed Secs: 0.00058
Query: DESCRIBE `spb`
Params: []

2015-07-06T01:52:40+07:00 INFO (6): 
Elapsed Secs: 0.00011
Query: SELECT `spb`.* FROM `spb` WHERE (no_kontrak = '30/MD/00156/15') LIMIT 1
Params: []

2015-07-06T01:52:40+07:00 INFO (6): 
Elapsed Secs: 0.0001
Query: SELECT `spb`.* FROM `spb` WHERE (no_kontrak = '30/MF/00155/15') LIMIT 1
Params: []

2015-07-06T01:52:43+07:00 INFO (6): 
Elapsed Secs: 0.00029
Query: connect
Params: []

2015-07-06T01:52:43+07:00 INFO (6): 
Elapsed Secs: 0.00077
Query: DESCRIBE `cabang`
Params: []

2015-07-06T01:52:43+07:00 INFO (6): 
Elapsed Secs: 0.00017
Query: SELECT `cabang`.* FROM `cabang` WHERE (id_cabang = '30' ) LIMIT 1
Params: []

2015-07-06T01:52:43+07:00 INFO (6): 
Elapsed Secs: 0.00059
Query: DESCRIBE `pinjaman`
Params: []

2015-07-06T01:52:43+07:00 INFO (6): 
Elapsed Secs: 0.0003
Query: SELECT `pin`.*, `cos`.`nama` FROM `pinjaman` AS `pin`
 INNER JOIN `costumer` AS `cos` ON pin.nik_costumer = cos.nik_costumer
 INNER JOIN `user` AS `us` ON cos.id_user = us.id_user
 INNER JOIN `cabang` AS `cb` ON us.id_cabang = cb.id_cabang WHERE (us.id_user = '18') OR (cb.id_cabang = '30')
Params: []

2015-07-06T01:52:43+07:00 INFO (6): 
Elapsed Secs: 0.00058
Query: DESCRIBE `spb`
Params: []

2015-07-06T01:52:43+07:00 INFO (6): 
Elapsed Secs: 0.00013
Query: SELECT `spb`.* FROM `spb` WHERE (no_kontrak = '30/MD/00156/15') LIMIT 1
Params: []

2015-07-06T01:52:43+07:00 INFO (6): 
Elapsed Secs: 0.00014
Query: SELECT `spb`.* FROM `spb` WHERE (no_kontrak = '30/MF/00155/15') LIMIT 1
Params: []

2015-07-06T01:52:47+07:00 INFO (6): 
Elapsed Secs: 0.00023
Query: connect
Params: []

2015-07-06T01:52:47+07:00 INFO (6): 
Elapsed Secs: 0.0008
Query: DESCRIBE `cabang`
Params: []

2015-07-06T01:52:47+07:00 INFO (6): 
Elapsed Secs: 0.00022
Query: SELECT `cabang`.* FROM `cabang` WHERE (id_cabang = '30' ) LIMIT 1
Params: []

2015-07-06T01:52:47+07:00 INFO (6): 
Elapsed Secs: 0.00067
Query: DESCRIBE `pinjaman`
Params: []

2015-07-06T01:52:47+07:00 INFO (6): 
Elapsed Secs: 0.00031
Query: SELECT `pin`.*, `cos`.`nama` FROM `pinjaman` AS `pin`
 INNER JOIN `costumer` AS `cos` ON pin.nik_costumer = cos.nik_costumer
 INNER JOIN `user` AS `us` ON cos.id_user = us.id_user
 INNER JOIN `cabang` AS `cb` ON us.id_cabang = cb.id_cabang WHERE (us.id_user = '18') OR (cb.id_cabang = '30')
Params: []

2015-07-06T01:52:47+07:00 INFO (6): 
Elapsed Secs: 0.00059
Query: DESCRIBE `spb`
Params: []

2015-07-06T01:52:47+07:00 INFO (6): 
Elapsed Secs: 0.00012
Query: SELECT `spb`.* FROM `spb` WHERE (no_kontrak = '30/MD/00156/15') LIMIT 1
Params: []

2015-07-06T01:52:47+07:00 INFO (6): 
Elapsed Secs: 0.00016
Query: SELECT `spb`.* FROM `spb` WHERE (no_kontrak = '30/MF/00155/15') LIMIT 1
Params: []

2015-07-06T01:52:52+07:00 INFO (6): 
Elapsed Secs: 0.00026
Query: connect
Params: []

2015-07-06T01:52:52+07:00 INFO (6): 
Elapsed Secs: 0.00072
Query: DESCRIBE `cabang`
Params: []

2015-07-06T01:52:52+07:00 INFO (6): 
Elapsed Secs: 0.0002
Query: SELECT `cabang`.* FROM `cabang` WHERE (id_cabang = '30' ) LIMIT 1
Params: []

2015-07-06T01:52:52+07:00 INFO (6): 
Elapsed Secs: 0.00065
Query: DESCRIBE `pinjaman`
Params: []

2015-07-06T01:52:52+07:00 INFO (6): 
Elapsed Secs: 0.0003
Query: SELECT `pin`.*, `cos`.`nama` FROM `pinjaman` AS `pin`
 INNER JOIN `costumer` AS `cos` ON pin.nik_costumer = cos.nik_costumer
 INNER JOIN `user` AS `us` ON cos.id_user = us.id_user
 INNER JOIN `cabang` AS `cb` ON us.id_cabang = cb.id_cabang WHERE (us.id_user = '18') OR (cb.id_cabang = '30')
Params: []

2015-07-06T01:52:52+07:00 INFO (6): 
Elapsed Secs: 0.00057
Query: DESCRIBE `spb`
Params: []

2015-07-06T01:52:52+07:00 INFO (6): 
Elapsed Secs: 0.00013
Query: SELECT `spb`.* FROM `spb` WHERE (no_kontrak = '30/MD/00156/15') LIMIT 1
Params: []

2015-07-06T01:52:52+07:00 INFO (6): 
Elapsed Secs: 0.00018
Query: SELECT `spb`.* FROM `spb` WHERE (no_kontrak = '30/MF/00155/15') LIMIT 1
Params: []

2015-07-06T01:53:06+07:00 INFO (6): 
Elapsed Secs: 0.00019
Query: connect
Params: []

2015-07-06T01:53:06+07:00 INFO (6): 
Elapsed Secs: 0.00059
Query: DESCRIBE `cabang`
Params: []

2015-07-06T01:53:06+07:00 INFO (6): 
Elapsed Secs: 0.00013
Query: SELECT `cabang`.* FROM `cabang` WHERE (id_cabang = '30' ) LIMIT 1
Params: []

2015-07-06T01:53:06+07:00 INFO (6): 
Elapsed Secs: 0.00045
Query: DESCRIBE `pinjaman`
Params: []

2015-07-06T01:53:06+07:00 INFO (6): 
Elapsed Secs: 0.00021
Query: SELECT `pin`.*, `cos`.`nama` FROM `pinjaman` AS `pin`
 INNER JOIN `costumer` AS `cos` ON pin.nik_costumer = cos.nik_costumer
 INNER JOIN `user` AS `us` ON cos.id_user = us.id_user
 INNER JOIN `cabang` AS `cb` ON us.id_cabang = cb.id_cabang WHERE (us.id_user = '18') OR (cb.id_cabang = '30')
Params: []

2015-07-06T01:53:06+07:00 INFO (6): 
Elapsed Secs: 0.0004
Query: DESCRIBE `spb`
Params: []

2015-07-06T01:53:06+07:00 INFO (6): 
Elapsed Secs: 8.0E-5
Query: SELECT `spb`.* FROM `spb` WHERE (no_kontrak = '30/MD/00156/15') LIMIT 1
Params: []

2015-07-06T01:53:06+07:00 INFO (6): 
Elapsed Secs: 9.0E-5
Query: SELECT `spb`.* FROM `spb` WHERE (no_kontrak = '30/MF/00155/15') LIMIT 1
Params: []

2015-07-06T01:53:11+07:00 INFO (6): 
Elapsed Secs: 0.00025
Query: connect
Params: []

2015-07-06T01:53:11+07:00 INFO (6): 
Elapsed Secs: 0.00084
Query: DESCRIBE `cabang`
Params: []

2015-07-06T01:53:11+07:00 INFO (6): 
Elapsed Secs: 0.00019
Query: SELECT `cabang`.* FROM `cabang` WHERE (id_cabang = '30' ) LIMIT 1
Params: []

2015-07-06T01:53:11+07:00 INFO (6): 
Elapsed Secs: 0.00068
Query: DESCRIBE `pinjaman`
Params: []

2015-07-06T01:53:11+07:00 INFO (6): 
Elapsed Secs: 0.00034
Query: SELECT `pin`.*, `cos`.`nama` FROM `pinjaman` AS `pin`
 INNER JOIN `costumer` AS `cos` ON pin.nik_costumer = cos.nik_costumer
 INNER JOIN `user` AS `us` ON cos.id_user = us.id_user
 INNER JOIN `cabang` AS `cb` ON us.id_cabang = cb.id_cabang WHERE (us.id_user = '18') OR (cb.id_cabang = '30')
Params: []

2015-07-06T01:53:11+07:00 INFO (6): 
Elapsed Secs: 0.00064
Query: DESCRIBE `spb`
Params: []

2015-07-06T01:53:11+07:00 INFO (6): 
Elapsed Secs: 0.00015
Query: SELECT `spb`.* FROM `spb` WHERE (no_kontrak = '30/MD/00156/15') LIMIT 1
Params: []

2015-07-06T01:53:11+07:00 INFO (6): 
Elapsed Secs: 0.00016
Query: SELECT `spb`.* FROM `spb` WHERE (no_kontrak = '30/MF/00155/15') LIMIT 1
Params: []

2015-07-06T01:56:40+07:00 INFO (6): 
Elapsed Secs: 0.00225
Query: connect
Params: []

2015-07-06T01:56:40+07:00 INFO (6): 
Elapsed Secs: 0.00125
Query: DESCRIBE `cabang`
Params: []

2015-07-06T01:56:40+07:00 INFO (6): 
Elapsed Secs: 0.00028
Query: SELECT `cabang`.* FROM `cabang` WHERE (id_cabang = '30' ) LIMIT 1
Params: []

2015-07-06T01:56:40+07:00 INFO (6): 
Elapsed Secs: 0.00106
Query: DESCRIBE `pinjaman`
Params: []

2015-07-06T01:56:40+07:00 INFO (6): 
Elapsed Secs: 0.00056
Query: SELECT `pin`.*, `cos`.`nama` FROM `pinjaman` AS `pin`
 INNER JOIN `costumer` AS `cos` ON pin.nik_costumer = cos.nik_costumer
 INNER JOIN `user` AS `us` ON cos.id_user = us.id_user
 INNER JOIN `cabang` AS `cb` ON us.id_cabang = cb.id_cabang WHERE (us.id_user = '18') OR (cb.id_cabang = '30')
Params: []

2015-07-06T01:56:40+07:00 INFO (6): 
Elapsed Secs: 0.00105
Query: DESCRIBE `spb`
Params: []

2015-07-06T01:56:40+07:00 INFO (6): 
Elapsed Secs: 0.00014
Query: SELECT `spb`.* FROM `spb` WHERE (no_kontrak = '30/MD/00156/15') LIMIT 1
Params: []

2015-07-06T01:56:40+07:00 INFO (6): 
Elapsed Secs: 0.00016
Query: SELECT `spb`.* FROM `spb` WHERE (no_kontrak = '30/MF/00155/15') LIMIT 1
Params: []

2015-07-06T01:56:41+07:00 INFO (6): 
Elapsed Secs: 0.00021
Query: connect
Params: []

2015-07-06T01:56:41+07:00 INFO (6): 
Elapsed Secs: 0.00064
Query: DESCRIBE `costumer`
Params: []

2015-07-06T01:56:41+07:00 INFO (6): 
Elapsed Secs: 0.00021
Query: connect
Params: []

2015-07-06T01:56:41+07:00 INFO (6): 
Elapsed Secs: 0.00013
Query: SELECT `costumer`.`nik_costumer` FROM `costumer`
Params: []

2015-07-06T01:56:41+07:00 INFO (6): 
Elapsed Secs: 0.00048
Query: DESCRIBE `kendaraan`
Params: []

2015-07-06T01:56:41+07:00 INFO (6): 
Elapsed Secs: 0.00025
Query: SELECT `ken`.`no_polisi`, `ken`.`nik_costumer`, `cb`.* FROM `kendaraan` AS `ken`
 INNER JOIN `costumer` AS `cos` ON cos.nik_costumer = ken.nik_costumer
 INNER JOIN `penjamin` AS `pen` ON cos.nik_costumer = pen.nik_costumer
 INNER JOIN `user` AS `us` ON cos.id_user = us.id_user
 INNER JOIN `cabang` AS `cb` ON cb.id_cabang = us.id_cabang WHERE (us.id_user = '18') AND (ken.status != 'kredit')
Params: []

2015-07-06T01:56:45+07:00 INFO (6): 
Elapsed Secs: 0.00037
Query: connect
Params: []

2015-07-06T01:56:45+07:00 INFO (6): 
Elapsed Secs: 0.00116
Query: DESCRIBE `costumer`
Params: []

2015-07-06T01:56:45+07:00 INFO (6): 
Elapsed Secs: 0.00028
Query: connect
Params: []

2015-07-06T01:56:45+07:00 INFO (6): 
Elapsed Secs: 0.00017
Query: SELECT `costumer`.`nik_costumer` FROM `costumer`
Params: []

2015-07-06T01:56:45+07:00 INFO (6): 
Elapsed Secs: 0.00089
Query: DESCRIBE `kendaraan`
Params: []

2015-07-06T01:56:45+07:00 INFO (6): 
Elapsed Secs: 0.00046
Query: SELECT `ken`.`no_polisi`, `ken`.`nik_costumer`, `cb`.* FROM `kendaraan` AS `ken`
 INNER JOIN `costumer` AS `cos` ON cos.nik_costumer = ken.nik_costumer
 INNER JOIN `penjamin` AS `pen` ON cos.nik_costumer = pen.nik_costumer
 INNER JOIN `user` AS `us` ON cos.id_user = us.id_user
 INNER JOIN `cabang` AS `cb` ON cb.id_cabang = us.id_cabang WHERE (us.id_user = '18') AND (ken.status != 'kredit')
Params: []

2015-07-06T01:57:39+07:00 INFO (6): 
Elapsed Secs: 0.00107
Query: connect
Params: []

2015-07-06T01:57:39+07:00 INFO (6): 
Elapsed Secs: 0.00068
Query: DESCRIBE `cabang`
Params: []

2015-07-06T01:57:39+07:00 INFO (6): 
Elapsed Secs: 0.0002
Query: SELECT `cabang`.* FROM `cabang` WHERE (id_cabang = '30' ) LIMIT 1
Params: []

2015-07-06T01:57:39+07:00 INFO (6): 
Elapsed Secs: 0.00057
Query: DESCRIBE `pinjaman`
Params: []

2015-07-06T01:57:39+07:00 INFO (6): 
Elapsed Secs: 0.00029
Query: SELECT `pin`.*, `cos`.`nama` FROM `pinjaman` AS `pin`
 INNER JOIN `costumer` AS `cos` ON pin.nik_costumer = cos.nik_costumer
 INNER JOIN `user` AS `us` ON cos.id_user = us.id_user
 INNER JOIN `cabang` AS `cb` ON us.id_cabang = cb.id_cabang WHERE (us.id_user = '18') OR (cb.id_cabang = '30')
Params: []

2015-07-06T01:57:39+07:00 INFO (6): 
Elapsed Secs: 0.00058
Query: DESCRIBE `spb`
Params: []

2015-07-06T01:57:39+07:00 INFO (6): 
Elapsed Secs: 0.00017
Query: SELECT `spb`.* FROM `spb` WHERE (no_kontrak = '30/MD/00156/15') LIMIT 1
Params: []

2015-07-06T01:57:39+07:00 INFO (6): 
Elapsed Secs: 0.00015
Query: SELECT `spb`.* FROM `spb` WHERE (no_kontrak = '30/MF/00155/15') LIMIT 1
Params: []

2015-07-06T01:57:41+07:00 INFO (6): 
Elapsed Secs: 0.00029
Query: connect
Params: []

2015-07-06T01:57:41+07:00 INFO (6): 
Elapsed Secs: 0.00084
Query: DESCRIBE `costumer`
Params: []

2015-07-06T01:57:41+07:00 INFO (6): 
Elapsed Secs: 0.00024
Query: connect
Params: []

2015-07-06T01:57:41+07:00 INFO (6): 
Elapsed Secs: 0.00014
Query: SELECT `costumer`.`nik_costumer` FROM `costumer`
Params: []

2015-07-06T01:57:41+07:00 INFO (6): 
Elapsed Secs: 0.00066
Query: DESCRIBE `kendaraan`
Params: []

2015-07-06T01:57:41+07:00 INFO (6): 
Elapsed Secs: 0.00034
Query: SELECT `ken`.`no_polisi`, `ken`.`nik_costumer`, `cb`.* FROM `kendaraan` AS `ken`
 INNER JOIN `costumer` AS `cos` ON cos.nik_costumer = ken.nik_costumer
 INNER JOIN `penjamin` AS `pen` ON cos.nik_costumer = pen.nik_costumer
 INNER JOIN `user` AS `us` ON cos.id_user = us.id_user
 INNER JOIN `cabang` AS `cb` ON cb.id_cabang = us.id_cabang WHERE (us.id_user = '18') AND (ken.status != 'kredit')
Params: []

2015-07-06T01:57:46+07:00 INFO (6): 
Elapsed Secs: 0.00065
Query: connect
Params: []

2015-07-06T01:57:46+07:00 INFO (6): 
Elapsed Secs: 0.0009
Query: DESCRIBE `costumer`
Params: []

2015-07-06T01:57:46+07:00 INFO (6): 
Elapsed Secs: 0.00024
Query: connect
Params: []

2015-07-06T01:57:46+07:00 INFO (6): 
Elapsed Secs: 0.00018
Query: SELECT `costumer`.`nik_costumer` FROM `costumer`
Params: []

2015-07-06T01:57:46+07:00 INFO (6): 
Elapsed Secs: 0.00063
Query: DESCRIBE `kendaraan`
Params: []

2015-07-06T01:57:46+07:00 INFO (6): 
Elapsed Secs: 0.00033
Query: SELECT `ken`.`no_polisi`, `ken`.`nik_costumer`, `cb`.* FROM `kendaraan` AS `ken`
 INNER JOIN `costumer` AS `cos` ON cos.nik_costumer = ken.nik_costumer
 INNER JOIN `penjamin` AS `pen` ON cos.nik_costumer = pen.nik_costumer
 INNER JOIN `user` AS `us` ON cos.id_user = us.id_user
 INNER JOIN `cabang` AS `cb` ON cb.id_cabang = us.id_cabang WHERE (us.id_user = '18') AND (ken.status != 'kredit')
Params: []

2015-07-06T01:57:49+07:00 INFO (6): 
Elapsed Secs: 0.00052
Query: connect
Params: []

2015-07-06T01:57:49+07:00 INFO (6): 
Elapsed Secs: 0.00208
Query: DESCRIBE `costumer`
Params: []

2015-07-06T01:57:49+07:00 INFO (6): 
Elapsed Secs: 0.00055
Query: connect
Params: []

2015-07-06T01:57:49+07:00 INFO (6): 
Elapsed Secs: 0.00038
Query: SELECT `costumer`.`nik_costumer` FROM `costumer`
Params: []

2015-07-06T01:57:49+07:00 INFO (6): 
Elapsed Secs: 0.00097
Query: DESCRIBE `kendaraan`
Params: []

2015-07-06T01:57:49+07:00 INFO (6): 
Elapsed Secs: 0.00047
Query: SELECT `ken`.`no_polisi`, `ken`.`nik_costumer`, `cb`.* FROM `kendaraan` AS `ken`
 INNER JOIN `costumer` AS `cos` ON cos.nik_costumer = ken.nik_costumer
 INNER JOIN `penjamin` AS `pen` ON cos.nik_costumer = pen.nik_costumer
 INNER JOIN `user` AS `us` ON cos.id_user = us.id_user
 INNER JOIN `cabang` AS `cb` ON cb.id_cabang = us.id_cabang WHERE (us.id_user = '18') AND (ken.status != 'kredit')
Params: []

2015-07-06T01:58:32+07:00 INFO (6): 
Elapsed Secs: 0.00097
Query: connect
Params: []

2015-07-06T01:58:32+07:00 INFO (6): 
Elapsed Secs: 0.00061
Query: DESCRIBE `costumer`
Params: []

2015-07-06T01:58:32+07:00 INFO (6): 
Elapsed Secs: 0.00016
Query: connect
Params: []

2015-07-06T01:58:32+07:00 INFO (6): 
Elapsed Secs: 0.00016
Query: SELECT `costumer`.`nik_costumer` FROM `costumer`
Params: []

2015-07-06T01:58:32+07:00 INFO (6): 
Elapsed Secs: 0.00045
Query: DESCRIBE `kendaraan`
Params: []

2015-07-06T01:58:32+07:00 INFO (6): 
Elapsed Secs: 0.00026
Query: SELECT `ken`.`no_polisi`, `ken`.`nik_costumer`, `cb`.* FROM `kendaraan` AS `ken`
 INNER JOIN `costumer` AS `cos` ON cos.nik_costumer = ken.nik_costumer
 INNER JOIN `penjamin` AS `pen` ON cos.nik_costumer = pen.nik_costumer
 INNER JOIN `user` AS `us` ON cos.id_user = us.id_user
 INNER JOIN `cabang` AS `cb` ON cb.id_cabang = us.id_cabang WHERE (us.id_user = '18') AND (ken.status != 'kredit')
Params: []

2015-07-06T01:58:52+07:00 INFO (6): 
Elapsed Secs: 0.00025
Query: connect
Params: []

2015-07-06T01:58:52+07:00 INFO (6): 
Elapsed Secs: 0.0008
Query: DESCRIBE `costumer`
Params: []

2015-07-06T01:58:52+07:00 INFO (6): 
Elapsed Secs: 0.00026
Query: connect
Params: []

2015-07-06T01:58:52+07:00 INFO (6): 
Elapsed Secs: 0.00018
Query: SELECT `costumer`.`nik_costumer` FROM `costumer`
Params: []

2015-07-06T01:58:52+07:00 INFO (6): 
Elapsed Secs: 0.00062
Query: DESCRIBE `kendaraan`
Params: []

2015-07-06T01:58:52+07:00 INFO (6): 
Elapsed Secs: 0.00032
Query: SELECT `ken`.`no_polisi`, `ken`.`nik_costumer`, `cb`.* FROM `kendaraan` AS `ken`
 INNER JOIN `costumer` AS `cos` ON cos.nik_costumer = ken.nik_costumer
 INNER JOIN `penjamin` AS `pen` ON cos.nik_costumer = pen.nik_costumer
 INNER JOIN `user` AS `us` ON cos.id_user = us.id_user
 INNER JOIN `cabang` AS `cb` ON cb.id_cabang = us.id_cabang WHERE (us.id_user = '18') AND (ken.status != 'kredit')
Params: []

2015-07-06T01:59:12+07:00 INFO (6): 
Elapsed Secs: 0.00129
Query: connect
Params: []

2015-07-06T01:59:12+07:00 INFO (6): 
Elapsed Secs: 0.00073
Query: DESCRIBE `costumer`
Params: []

2015-07-06T01:59:12+07:00 INFO (6): 
Elapsed Secs: 0.00021
Query: connect
Params: []

2015-07-06T01:59:12+07:00 INFO (6): 
Elapsed Secs: 0.00014
Query: SELECT `costumer`.`nik_costumer` FROM `costumer`
Params: []

2015-07-06T01:59:12+07:00 INFO (6): 
Elapsed Secs: 0.00066
Query: DESCRIBE `kendaraan`
Params: []

2015-07-06T01:59:12+07:00 INFO (6): 
Elapsed Secs: 0.00029
Query: SELECT `ken`.`no_polisi`, `ken`.`nik_costumer`, `cb`.* FROM `kendaraan` AS `ken`
 INNER JOIN `costumer` AS `cos` ON cos.nik_costumer = ken.nik_costumer
 INNER JOIN `penjamin` AS `pen` ON cos.nik_costumer = pen.nik_costumer
 INNER JOIN `user` AS `us` ON cos.id_user = us.id_user
 INNER JOIN `cabang` AS `cb` ON cb.id_cabang = us.id_cabang WHERE (us.id_user = '18') AND (ken.status != 'kredit')
Params: []

2015-07-06T01:59:50+07:00 INFO (6): 
Elapsed Secs: 0.00035
Query: connect
Params: []

2015-07-06T01:59:50+07:00 INFO (6): 
Elapsed Secs: 0.00113
Query: DESCRIBE `costumer`
Params: []

2015-07-06T01:59:50+07:00 INFO (6): 
Elapsed Secs: 0.00031
Query: connect
Params: []

2015-07-06T01:59:50+07:00 INFO (6): 
Elapsed Secs: 0.00021
Query: SELECT `costumer`.`nik_costumer` FROM `costumer`
Params: []

2015-07-06T01:59:50+07:00 INFO (6): 
Elapsed Secs: 0.00095
Query: DESCRIBE `kendaraan`
Params: []

2015-07-06T01:59:50+07:00 INFO (6): 
Elapsed Secs: 0.00044
Query: SELECT `ken`.`no_polisi`, `ken`.`nik_costumer`, `cb`.* FROM `kendaraan` AS `ken`
 INNER JOIN `costumer` AS `cos` ON cos.nik_costumer = ken.nik_costumer
 INNER JOIN `penjamin` AS `pen` ON cos.nik_costumer = pen.nik_costumer
 INNER JOIN `user` AS `us` ON cos.id_user = us.id_user
 INNER JOIN `cabang` AS `cb` ON cb.id_cabang = us.id_cabang WHERE (us.id_user = '18') AND (ken.status != 'kredit')
Params: []

