2015-06-19T17:01:10+07:00 INFO (6): 
Elapsed Secs: 0.00025
Query: connect
Params: []

2015-06-19T17:01:10+07:00 INFO (6): 
Elapsed Secs: 0.00129
Query: DESCRIBE `costumer`
Params: []

2015-06-19T17:01:10+07:00 INFO (6): 
Elapsed Secs: 0.00027
Query: SELECT `cos`.`nik_costumer`, `cos`.`nama`, `cos`.`alamat`, `cos`.`jenis_kelamin`, `cos`.`tempat_lahir`, `cos`.`tanggal_lahir`, `cos`.`nama_ibu`, `cos`.`agama`, `cos`.`status`, `cos`.`pekerjaan`, `cos`.`alamat_tempat_kerja`, `cos`.`hp`, `cos`.`telpon`, `us`.`realname`, `cb`.`cabang` FROM `costumer` AS `cos`
 INNER JOIN `user` AS `us` ON cos.id_user=us.id_user
 INNER JOIN `cabang` AS `cb` ON us.id_cabang = cb.id_cabang WHERE (cos.id_user = '16')
Params: []

2015-06-19T17:01:14+07:00 INFO (6): 
Elapsed Secs: 0.00031
Query: connect
Params: []

2015-06-19T17:01:14+07:00 INFO (6): 
Elapsed Secs: 0.00116
Query: DESCRIBE `costumer`
Params: []

2015-06-19T17:01:14+07:00 INFO (6): 
Elapsed Secs: 0.00024
Query: SELECT `cos`.`nik_costumer`, `cos`.`nama`, `cos`.`alamat`, `cos`.`jenis_kelamin`, `cos`.`tempat_lahir`, `cos`.`tanggal_lahir`, `cos`.`nama_ibu`, `cos`.`agama`, `cos`.`status`, `cos`.`pekerjaan`, `cos`.`alamat_tempat_kerja`, `cos`.`hp`, `cos`.`telpon`, `us`.`realname`, `cb`.`cabang` FROM `costumer` AS `cos`
 INNER JOIN `user` AS `us` ON cos.id_user=us.id_user
 INNER JOIN `cabang` AS `cb` ON us.id_cabang = cb.id_cabang WHERE (cos.id_user = '16')
Params: []

2015-06-19T17:10:13+07:00 INFO (6): 
Elapsed Secs: 0.00023
Query: connect
Params: []

2015-06-19T17:10:13+07:00 INFO (6): 
Elapsed Secs: 0.00099
Query: DESCRIBE `costumer`
Params: []

2015-06-19T17:10:13+07:00 INFO (6): 
Elapsed Secs: 0.00021
Query: SELECT `cos`.`nik_costumer`, `cos`.`nama`, `cos`.`alamat`, `cos`.`jenis_kelamin`, `cos`.`tempat_lahir`, `cos`.`tanggal_lahir`, `cos`.`nama_ibu`, `cos`.`agama`, `cos`.`status`, `cos`.`pekerjaan`, `cos`.`alamat_tempat_kerja`, `cos`.`hp`, `cos`.`telpon`, `us`.`realname`, `cb`.`cabang` FROM `costumer` AS `cos`
 INNER JOIN `user` AS `us` ON cos.id_user=us.id_user
 INNER JOIN `cabang` AS `cb` ON us.id_cabang = cb.id_cabang WHERE (cos.id_user = '16')
Params: []

2015-06-19T17:10:24+07:00 INFO (6): 
Elapsed Secs: 0.00031
Query: connect
Params: []

2015-06-19T17:10:24+07:00 INFO (6): 
Elapsed Secs: 0.00141
Query: DESCRIBE `costumer`
Params: []

2015-06-19T17:10:24+07:00 INFO (6): 
Elapsed Secs: 0.00026
Query: SELECT `cos`.`nik_costumer`, `cos`.`nama`, `cos`.`alamat`, `cos`.`jenis_kelamin`, `cos`.`tempat_lahir`, `cos`.`tanggal_lahir`, `cos`.`nama_ibu`, `cos`.`agama`, `cos`.`status`, `cos`.`pekerjaan`, `cos`.`alamat_tempat_kerja`, `cos`.`hp`, `cos`.`telpon`, `us`.`realname`, `cb`.`cabang` FROM `costumer` AS `cos`
 INNER JOIN `user` AS `us` ON cos.id_user=us.id_user
 INNER JOIN `cabang` AS `cb` ON us.id_cabang = cb.id_cabang WHERE (cos.id_user = '16')
Params: []

2015-06-19T17:11:04+07:00 INFO (6): 
Elapsed Secs: 0.00023
Query: connect
Params: []

2015-06-19T17:11:04+07:00 INFO (6): 
Elapsed Secs: 0.00117
Query: DESCRIBE `costumer`
Params: []

2015-06-19T17:11:04+07:00 INFO (6): 
Elapsed Secs: 0.00031
Query: SELECT `cos`.`nik_costumer`, `cos`.`nama`, `cos`.`alamat`, `cos`.`jenis_kelamin`, `cos`.`tempat_lahir`, `cos`.`tanggal_lahir`, `cos`.`nama_ibu`, `cos`.`agama`, `cos`.`status`, `cos`.`pekerjaan`, `cos`.`alamat_tempat_kerja`, `cos`.`hp`, `cos`.`telpon`, `us`.`realname`, `cb`.`cabang` FROM `costumer` AS `cos`
 INNER JOIN `user` AS `us` ON cos.id_user=us.id_user
 INNER JOIN `cabang` AS `cb` ON us.id_cabang = cb.id_cabang WHERE (cos.id_user = '16')
Params: []

2015-06-19T17:12:42+07:00 INFO (6): 
Elapsed Secs: 0.00021
Query: connect
Params: []

2015-06-19T17:12:42+07:00 INFO (6): 
Elapsed Secs: 0.00104
Query: DESCRIBE `costumer`
Params: []

2015-06-19T17:12:42+07:00 INFO (6): 
Elapsed Secs: 0.00023
Query: SELECT `cos`.`nik_costumer`, `cos`.`nama`, `cos`.`alamat`, `cos`.`jenis_kelamin`, `cos`.`tempat_lahir`, `cos`.`tanggal_lahir`, `cos`.`nama_ibu`, `cos`.`agama`, `cos`.`status`, `cos`.`pekerjaan`, `cos`.`alamat_tempat_kerja`, `cos`.`hp`, `cos`.`telpon`, `us`.`realname`, `cb`.`cabang` FROM `costumer` AS `cos`
 INNER JOIN `user` AS `us` ON cos.id_user=us.id_user
 INNER JOIN `cabang` AS `cb` ON us.id_cabang = cb.id_cabang WHERE (cos.id_user = '16')
Params: []

2015-06-19T17:13:56+07:00 INFO (6): 
Elapsed Secs: 0.0003
Query: connect
Params: []

2015-06-19T17:13:56+07:00 INFO (6): 
Elapsed Secs: 0.00138
Query: DESCRIBE `costumer`
Params: []

2015-06-19T17:13:56+07:00 INFO (6): 
Elapsed Secs: 0.00031
Query: SELECT `cos`.`nik_costumer`, `cos`.`nama`, `cos`.`alamat`, `cos`.`jenis_kelamin`, `cos`.`tempat_lahir`, `cos`.`tanggal_lahir`, `cos`.`nama_ibu`, `cos`.`agama`, `cos`.`status`, `cos`.`pekerjaan`, `cos`.`alamat_tempat_kerja`, `cos`.`hp`, `cos`.`telpon`, `us`.`realname`, `cb`.`cabang` FROM `costumer` AS `cos`
 INNER JOIN `user` AS `us` ON cos.id_user=us.id_user
 INNER JOIN `cabang` AS `cb` ON us.id_cabang = cb.id_cabang WHERE (cos.id_user = '16')
Params: []

2015-06-19T17:13:58+07:00 INFO (6): 
Elapsed Secs: 0.00022
Query: connect
Params: []

2015-06-19T17:13:58+07:00 INFO (6): 
Elapsed Secs: 0.00128
Query: DESCRIBE `costumer`
Params: []

2015-06-19T17:13:58+07:00 INFO (6): 
Elapsed Secs: 0.00026
Query: SELECT `cos`.`nik_costumer`, `cos`.`nama`, `cos`.`alamat`, `cos`.`jenis_kelamin`, `cos`.`tempat_lahir`, `cos`.`tanggal_lahir`, `cos`.`nama_ibu`, `cos`.`agama`, `cos`.`status`, `cos`.`pekerjaan`, `cos`.`alamat_tempat_kerja`, `cos`.`hp`, `cos`.`telpon`, `us`.`realname`, `cb`.`cabang` FROM `costumer` AS `cos`
 INNER JOIN `user` AS `us` ON cos.id_user=us.id_user
 INNER JOIN `cabang` AS `cb` ON us.id_cabang = cb.id_cabang WHERE (cos.id_user = '16')
Params: []

2015-06-19T17:14:01+07:00 INFO (6): 
Elapsed Secs: 0.00019
Query: connect
Params: []

2015-06-19T17:14:01+07:00 INFO (6): 
Elapsed Secs: 0.00099
Query: DESCRIBE `costumer`
Params: []

2015-06-19T17:14:01+07:00 INFO (6): 
Elapsed Secs: 0.00023
Query: SELECT `cos`.`nik_costumer`, `cos`.`nama`, `cos`.`alamat`, `cos`.`jenis_kelamin`, `cos`.`tempat_lahir`, `cos`.`tanggal_lahir`, `cos`.`nama_ibu`, `cos`.`agama`, `cos`.`status`, `cos`.`pekerjaan`, `cos`.`alamat_tempat_kerja`, `cos`.`hp`, `cos`.`telpon`, `us`.`realname`, `cb`.`cabang` FROM `costumer` AS `cos`
 INNER JOIN `user` AS `us` ON cos.id_user=us.id_user
 INNER JOIN `cabang` AS `cb` ON cb.id_cabang = cos.id_cabang
Params: []

2015-06-19T17:14:04+07:00 INFO (6): 
Elapsed Secs: 0.00026
Query: connect
Params: []

2015-06-19T17:14:04+07:00 INFO (6): 
Elapsed Secs: 0.00096
Query: DESCRIBE `costumer`
Params: []

2015-06-19T17:14:04+07:00 INFO (6): 
Elapsed Secs: 0.00023
Query: SELECT `cos`.`nik_costumer`, `cos`.`nama`, `cos`.`alamat`, `cos`.`jenis_kelamin`, `cos`.`tempat_lahir`, `cos`.`tanggal_lahir`, `cos`.`nama_ibu`, `cos`.`agama`, `cos`.`status`, `cos`.`pekerjaan`, `cos`.`alamat_tempat_kerja`, `cos`.`hp`, `cos`.`telpon`, `us`.`realname`, `cb`.`cabang` FROM `costumer` AS `cos`
 INNER JOIN `user` AS `us` ON cos.id_user=us.id_user
 INNER JOIN `cabang` AS `cb` ON us.id_cabang = cb.id_cabang WHERE (cos.id_user = '16')
Params: []

2015-06-19T17:23:48+07:00 INFO (6): 
Elapsed Secs: 0.00032
Query: connect
Params: []

2015-06-19T17:23:48+07:00 INFO (6): 
Elapsed Secs: 0.00146
Query: DESCRIBE `costumer`
Params: []

2015-06-19T17:23:48+07:00 INFO (6): 
Elapsed Secs: 0.00031
Query: SELECT `cos`.`nik_costumer`, `cos`.`nama`, `cos`.`alamat`, `cos`.`jenis_kelamin`, `cos`.`tempat_lahir`, `cos`.`tanggal_lahir`, `cos`.`nama_ibu`, `cos`.`agama`, `cos`.`status`, `cos`.`pekerjaan`, `cos`.`alamat_tempat_kerja`, `cos`.`hp`, `cos`.`telpon`, `us`.`realname`, `cb`.`cabang` FROM `costumer` AS `cos`
 INNER JOIN `user` AS `us` ON cos.id_user=us.id_user
 INNER JOIN `cabang` AS `cb` ON us.id_cabang = cb.id_cabang WHERE (cos.id_user = '16')
Params: []

2015-06-19T17:23:52+07:00 INFO (6): 
Elapsed Secs: 0.00026
Query: connect
Params: []

2015-06-19T17:23:52+07:00 INFO (6): 
Elapsed Secs: 0.00099
Query: DESCRIBE `penjamin`
Params: []

2015-06-19T17:23:52+07:00 INFO (6): 
Elapsed Secs: 0.00024
Query: connect
Params: []

2015-06-19T17:23:52+07:00 INFO (6): 
Elapsed Secs: 0.00031
Query: SELECT `pe`.*, `cos`.`id_cabang`, `cos`.`id_user`, `cb`.`cabang` FROM `penjamin` AS `pe`
 INNER JOIN `costumer` AS `cos` ON pe.nik_costumer = cos.nik_costumer
 INNER JOIN `user` AS `us` ON us.id_user = cos.id_user
 INNER JOIN `cabang` AS `cb` ON cb.id_cabang = cos.id_cabang WHERE (us.id_user= '16') AND (cb.id_cabang = '29')
Params: []

2015-06-19T17:24:51+07:00 INFO (6): 
Elapsed Secs: 0.00024
Query: connect
Params: []

2015-06-19T17:24:51+07:00 INFO (6): 
Elapsed Secs: 0.01679
Query: DESCRIBE `penjamin`
Params: []

2015-06-19T17:24:51+07:00 INFO (6): 
Elapsed Secs: 0.00028
Query: connect
Params: []

2015-06-19T17:24:51+07:00 INFO (6): 
Elapsed Secs: 0.00038
Query: SELECT `pe`.*, `cos`.`id_cabang`, `cos`.`id_user`, `cb`.`cabang` FROM `penjamin` AS `pe`
 INNER JOIN `costumer` AS `cos` ON pe.nik_costumer = cos.nik_costumer
 INNER JOIN `user` AS `us` ON us.id_user = cos.id_user
 INNER JOIN `cabang` AS `cb` ON cb.id_cabang = cos.id_cabang WHERE (us.id_user= '16') AND (cb.id_cabang = '29')
Params: []

2015-06-19T17:25:09+07:00 INFO (6): 
Elapsed Secs: 0.00024
Query: connect
Params: []

2015-06-19T17:25:09+07:00 INFO (6): 
Elapsed Secs: 0.00138
Query: DESCRIBE `costumer`
Params: []

2015-06-19T17:25:09+07:00 INFO (6): 
Elapsed Secs: 0.00028
Query: SELECT `cos`.`nik_costumer`, `cos`.`nama`, `cos`.`alamat`, `cos`.`jenis_kelamin`, `cos`.`tempat_lahir`, `cos`.`tanggal_lahir`, `cos`.`nama_ibu`, `cos`.`agama`, `cos`.`status`, `cos`.`pekerjaan`, `cos`.`alamat_tempat_kerja`, `cos`.`hp`, `cos`.`telpon`, `us`.`realname`, `cb`.`cabang` FROM `costumer` AS `cos`
 INNER JOIN `user` AS `us` ON cos.id_user=us.id_user
 INNER JOIN `cabang` AS `cb` ON us.id_cabang = cb.id_cabang WHERE (cos.id_user = '16')
Params: []

2015-06-19T17:25:15+07:00 INFO (6): 
Elapsed Secs: 0.00026
Query: connect
Params: []

2015-06-19T17:25:15+07:00 INFO (6): 
Elapsed Secs: 0.00118
Query: DESCRIBE `costumer`
Params: []

2015-06-19T17:25:15+07:00 INFO (6): 
Elapsed Secs: 0.00023
Query: SELECT `cos`.`nik_costumer`, `cos`.`nama`, `cos`.`alamat`, `cos`.`jenis_kelamin`, `cos`.`tempat_lahir`, `cos`.`tanggal_lahir`, `cos`.`nama_ibu`, `cos`.`agama`, `cos`.`status`, `cos`.`pekerjaan`, `cos`.`alamat_tempat_kerja`, `cos`.`hp`, `cos`.`telpon`, `us`.`realname`, `cb`.`cabang` FROM `costumer` AS `cos`
 INNER JOIN `user` AS `us` ON cos.id_user=us.id_user
 INNER JOIN `cabang` AS `cb` ON us.id_cabang = cb.id_cabang WHERE (cos.nik_costumer = '1121231231211')
Params: []

2015-06-19T17:25:15+07:00 INFO (6): 
Elapsed Secs: 0.00016
Query: connect
Params: []

2015-06-19T17:25:15+07:00 INFO (6): 
Elapsed Secs: 0.00014
Query: SELECT `penj`.* FROM `costumer` AS `cos`
 INNER JOIN `penjamin` AS `penj` ON penj.nik_costumer = cos.nik_costumer WHERE (cos.nik_costumer = '1121231231211')
Params: []

2015-06-19T17:25:18+07:00 INFO (6): 
Elapsed Secs: 0.00028
Query: connect
Params: []

2015-06-19T17:25:18+07:00 INFO (6): 
Elapsed Secs: 0.0013
Query: DESCRIBE `penjamin`
Params: []

2015-06-19T17:25:18+07:00 INFO (6): 
Elapsed Secs: 0.00021
Query: SELECT `penjamin`.* FROM `penjamin` WHERE (nik_costumer ='1121231231211') LIMIT 1
Params: []

2015-06-19T17:25:24+07:00 INFO (6): 
Elapsed Secs: 0.00022
Query: connect
Params: []

2015-06-19T17:25:24+07:00 INFO (6): 
Elapsed Secs: 0.00095
Query: DESCRIBE `costumer`
Params: []

2015-06-19T17:25:24+07:00 INFO (6): 
Elapsed Secs: 0.00021
Query: SELECT `cos`.`nik_costumer`, `cos`.`nama`, `cos`.`alamat`, `cos`.`jenis_kelamin`, `cos`.`tempat_lahir`, `cos`.`tanggal_lahir`, `cos`.`nama_ibu`, `cos`.`agama`, `cos`.`status`, `cos`.`pekerjaan`, `cos`.`alamat_tempat_kerja`, `cos`.`hp`, `cos`.`telpon`, `us`.`realname`, `cb`.`cabang` FROM `costumer` AS `cos`
 INNER JOIN `user` AS `us` ON cos.id_user=us.id_user
 INNER JOIN `cabang` AS `cb` ON us.id_cabang = cb.id_cabang WHERE (cos.nik_costumer = '1121231231211')
Params: []

2015-06-19T17:25:24+07:00 INFO (6): 
Elapsed Secs: 0.00018
Query: connect
Params: []

2015-06-19T17:25:24+07:00 INFO (6): 
Elapsed Secs: 0.00016
Query: SELECT `penj`.* FROM `costumer` AS `cos`
 INNER JOIN `penjamin` AS `penj` ON penj.nik_costumer = cos.nik_costumer WHERE (cos.nik_costumer = '1121231231211')
Params: []

2015-06-19T17:25:33+07:00 INFO (6): 
Elapsed Secs: 0.00022
Query: connect
Params: []

2015-06-19T17:25:33+07:00 INFO (6): 
Elapsed Secs: 0.00131
Query: DESCRIBE `costumer`
Params: []

2015-06-19T17:25:33+07:00 INFO (6): 
Elapsed Secs: 0.00029
Query: SELECT `cos`.`nik_costumer`, `cos`.`nama`, `cos`.`alamat`, `cos`.`jenis_kelamin`, `cos`.`tempat_lahir`, `cos`.`tanggal_lahir`, `cos`.`nama_ibu`, `cos`.`agama`, `cos`.`status`, `cos`.`pekerjaan`, `cos`.`alamat_tempat_kerja`, `cos`.`hp`, `cos`.`telpon`, `us`.`realname`, `cb`.`cabang` FROM `costumer` AS `cos`
 INNER JOIN `user` AS `us` ON cos.id_user=us.id_user
 INNER JOIN `cabang` AS `cb` ON us.id_cabang = cb.id_cabang WHERE (cos.id_user = '16')
Params: []

2015-06-19T17:25:37+07:00 INFO (6): 
Elapsed Secs: 0.00024
Query: connect
Params: []

2015-06-19T17:25:37+07:00 INFO (6): 
Elapsed Secs: 0.0013
Query: DESCRIBE `costumer`
Params: []

2015-06-19T17:25:37+07:00 INFO (6): 
Elapsed Secs: 0.00027
Query: SELECT `cos`.`nik_costumer`, `cos`.`nama`, `cos`.`alamat`, `cos`.`jenis_kelamin`, `cos`.`tempat_lahir`, `cos`.`tanggal_lahir`, `cos`.`nama_ibu`, `cos`.`agama`, `cos`.`status`, `cos`.`pekerjaan`, `cos`.`alamat_tempat_kerja`, `cos`.`hp`, `cos`.`telpon`, `us`.`realname`, `cb`.`cabang` FROM `costumer` AS `cos`
 INNER JOIN `user` AS `us` ON cos.id_user=us.id_user
 INNER JOIN `cabang` AS `cb` ON us.id_cabang = cb.id_cabang WHERE (cos.nik_costumer = '2147483647')
Params: []

2015-06-19T17:25:37+07:00 INFO (6): 
Elapsed Secs: 0.00024
Query: connect
Params: []

2015-06-19T17:25:37+07:00 INFO (6): 
Elapsed Secs: 0.0002
Query: SELECT `penj`.* FROM `costumer` AS `cos`
 INNER JOIN `penjamin` AS `penj` ON penj.nik_costumer = cos.nik_costumer WHERE (cos.nik_costumer = '2147483647')
Params: []

2015-06-19T17:25:45+07:00 INFO (6): 
Elapsed Secs: 0.0011
Query: connect
Params: []

2015-06-19T17:25:45+07:00 INFO (6): 
Elapsed Secs: 0.0015
Query: DESCRIBE `costumer`
Params: []

2015-06-19T17:25:45+07:00 INFO (6): 
Elapsed Secs: 0.00023
Query: SELECT `costumer`.* FROM `costumer` WHERE (nik_costumer ='2147483647') LIMIT 1
Params: []

2015-06-19T17:26:11+07:00 INFO (6): 
Elapsed Secs: 0.00023
Query: connect
Params: []

2015-06-19T17:26:11+07:00 INFO (6): 
Elapsed Secs: 0.00099
Query: DESCRIBE `penjamin`
Params: []

2015-06-19T17:26:12+07:00 INFO (6): 
Elapsed Secs: 0.10759
Query: INSERT INTO `penjamin` (`nik_costumer`, `nik_penjamin`, `nama`, `alamat`, `tempat_lahir`, `tanggal_lahir`, `jenis_kelamin`, `nama_ibu`, `agama`, `status`, `pekerjaan`, `alamat_tempat_kerja`, `hp`, `telpon`) VALUES (?, ?, ?, ?, ?, ?, ?, ?, ?, ?, ?, ?, ?, ?)
Params: {"1":"2147483647","2":"123123132123","3":"Penjamin","4":"Penjamin","5":"Penjamin","6":"2015-06-23","7":"Laki-Laki","8":"Penjamin","9":"budha","10":"Menikah","11":"Penjamin","12":"Penjamin","13":"Penjamin","14":"Penjamin"}

2015-06-19T17:26:12+07:00 INFO (6): 
Elapsed Secs: 0.00027
Query: connect
Params: []

2015-06-19T17:26:12+07:00 INFO (6): 
Elapsed Secs: 0.00103
Query: DESCRIBE `costumer`
Params: []

2015-06-19T17:26:12+07:00 INFO (6): 
Elapsed Secs: 0.00025
Query: SELECT `cos`.`nik_costumer`, `cos`.`nama`, `cos`.`alamat`, `cos`.`jenis_kelamin`, `cos`.`tempat_lahir`, `cos`.`tanggal_lahir`, `cos`.`nama_ibu`, `cos`.`agama`, `cos`.`status`, `cos`.`pekerjaan`, `cos`.`alamat_tempat_kerja`, `cos`.`hp`, `cos`.`telpon`, `us`.`realname`, `cb`.`cabang` FROM `costumer` AS `cos`
 INNER JOIN `user` AS `us` ON cos.id_user=us.id_user
 INNER JOIN `cabang` AS `cb` ON us.id_cabang = cb.id_cabang WHERE (cos.nik_costumer = '2147483647')
Params: []

2015-06-19T17:26:12+07:00 INFO (6): 
Elapsed Secs: 0.00026
Query: connect
Params: []

2015-06-19T17:26:12+07:00 INFO (6): 
Elapsed Secs: 0.00017
Query: SELECT `penj`.* FROM `costumer` AS `cos`
 INNER JOIN `penjamin` AS `penj` ON penj.nik_costumer = cos.nik_costumer WHERE (cos.nik_costumer = '2147483647')
Params: []

2015-06-19T17:26:16+07:00 INFO (6): 
Elapsed Secs: 0.00023
Query: connect
Params: []

2015-06-19T17:26:16+07:00 INFO (6): 
Elapsed Secs: 0.00101
Query: DESCRIBE `penjamin`
Params: []

2015-06-19T17:26:16+07:00 INFO (6): 
Elapsed Secs: 0.00022
Query: connect
Params: []

2015-06-19T17:26:16+07:00 INFO (6): 
Elapsed Secs: 0.0003
Query: SELECT `pe`.*, `cos`.`id_cabang`, `cos`.`id_user`, `cb`.`cabang` FROM `penjamin` AS `pe`
 INNER JOIN `costumer` AS `cos` ON pe.nik_costumer = cos.nik_costumer
 INNER JOIN `user` AS `us` ON us.id_user = cos.id_user
 INNER JOIN `cabang` AS `cb` ON cb.id_cabang = cos.id_cabang WHERE (us.id_user= '16') AND (cb.id_cabang = '29')
Params: []

2015-06-19T17:26:16+07:00 INFO (6): 
Elapsed Secs: 0.00022
Query: connect
Params: []

2015-06-19T17:26:16+07:00 INFO (6): 
Elapsed Secs: 0.00102
Query: DESCRIBE `penjamin`
Params: []

2015-06-19T17:26:16+07:00 INFO (6): 
Elapsed Secs: 0.00026
Query: connect
Params: []

2015-06-19T17:26:16+07:00 INFO (6): 
Elapsed Secs: 0.00027
Query: SELECT `pe`.*, `cos`.`id_cabang`, `cos`.`id_user`, `cb`.`cabang` FROM `penjamin` AS `pe`
 INNER JOIN `costumer` AS `cos` ON pe.nik_costumer = cos.nik_costumer
 INNER JOIN `user` AS `us` ON us.id_user = cos.id_user
 INNER JOIN `cabang` AS `cb` ON cb.id_cabang = cos.id_cabang WHERE (us.id_user= '16') AND (cb.id_cabang = '29')
Params: []

2015-06-19T17:26:53+07:00 INFO (6): 
Elapsed Secs: 0.00017
Query: connect
Params: []

2015-06-19T17:26:53+07:00 INFO (6): 
Elapsed Secs: 0.001
Query: DESCRIBE `penjamin`
Params: []

2015-06-19T17:26:53+07:00 INFO (6): 
Elapsed Secs: 0.00013
Query: connect
Params: []

2015-06-19T17:26:53+07:00 INFO (6): 
Elapsed Secs: 0.00025
Query: SELECT `pe`.*, `cos`.`id_cabang`, `cos`.`id_user`, `cb`.`cabang` FROM `penjamin` AS `pe`
 INNER JOIN `costumer` AS `cos` ON pe.nik_costumer = cos.nik_costumer
 INNER JOIN `user` AS `us` ON us.id_user = cos.id_user
 INNER JOIN `cabang` AS `cb` ON cb.id_cabang = cos.id_cabang WHERE (us.id_user= '16') AND (cb.id_cabang = '29')
Params: []

2015-06-19T17:26:53+07:00 INFO (6): 
Elapsed Secs: 0.00024
Query: connect
Params: []

2015-06-19T17:26:53+07:00 INFO (6): 
Elapsed Secs: 0.00105
Query: DESCRIBE `penjamin`
Params: []

2015-06-19T17:26:53+07:00 INFO (6): 
Elapsed Secs: 0.00021
Query: connect
Params: []

2015-06-19T17:26:53+07:00 INFO (6): 
Elapsed Secs: 0.00027
Query: SELECT `pe`.*, `cos`.`id_cabang`, `cos`.`id_user`, `cb`.`cabang` FROM `penjamin` AS `pe`
 INNER JOIN `costumer` AS `cos` ON pe.nik_costumer = cos.nik_costumer
 INNER JOIN `user` AS `us` ON us.id_user = cos.id_user
 INNER JOIN `cabang` AS `cb` ON cb.id_cabang = cos.id_cabang WHERE (us.id_user= '16') AND (cb.id_cabang = '29')
Params: []

2015-06-19T17:27:55+07:00 INFO (6): 
Elapsed Secs: 0.00029
Query: connect
Params: []

2015-06-19T17:27:55+07:00 INFO (6): 
Elapsed Secs: 0.00106
Query: DESCRIBE `penjamin`
Params: []

2015-06-19T17:27:55+07:00 INFO (6): 
Elapsed Secs: 0.00016
Query: connect
Params: []

2015-06-19T17:27:55+07:00 INFO (6): 
Elapsed Secs: 0.00031
Query: SELECT `pe`.*, `cos`.`id_cabang`, `cos`.`id_user`, `cb`.`cabang` FROM `penjamin` AS `pe`
 INNER JOIN `costumer` AS `cos` ON pe.nik_costumer = cos.nik_costumer
 INNER JOIN `user` AS `us` ON us.id_user = cos.id_user
 INNER JOIN `cabang` AS `cb` ON cb.id_cabang = cos.id_cabang WHERE (us.id_user= '16') AND (cb.id_cabang = '29')
Params: []

2015-06-19T17:28:33+07:00 INFO (6): 
Elapsed Secs: 0.00119
Query: connect
Params: []

2015-06-19T17:28:33+07:00 INFO (6): 
Elapsed Secs: 0.00099
Query: DESCRIBE `penjamin`
Params: []

2015-06-19T17:28:33+07:00 INFO (6): 
Elapsed Secs: 0.00022
Query: connect
Params: []

2015-06-19T17:28:33+07:00 INFO (6): 
Elapsed Secs: 0.00029
Query: SELECT `pe`.*, `cos`.`id_cabang`, `cos`.`id_user`, `cb`.`cabang` FROM `penjamin` AS `pe`
 INNER JOIN `costumer` AS `cos` ON pe.nik_costumer = cos.nik_costumer
 INNER JOIN `user` AS `us` ON us.id_user = cos.id_user
 INNER JOIN `cabang` AS `cb` ON cb.id_cabang = cos.id_cabang WHERE (us.id_user= '16') AND (cb.id_cabang = '29')
Params: []

2015-06-19T17:29:10+07:00 INFO (6): 
Elapsed Secs: 0.00022
Query: connect
Params: []

2015-06-19T17:29:10+07:00 INFO (6): 
Elapsed Secs: 0.00102
Query: DESCRIBE `costumer`
Params: []

2015-06-19T17:29:10+07:00 INFO (6): 
Elapsed Secs: 0.00024
Query: SELECT `cos`.`nik_costumer`, `cos`.`nama`, `cos`.`alamat`, `cos`.`jenis_kelamin`, `cos`.`tempat_lahir`, `cos`.`tanggal_lahir`, `cos`.`nama_ibu`, `cos`.`agama`, `cos`.`status`, `cos`.`pekerjaan`, `cos`.`alamat_tempat_kerja`, `cos`.`hp`, `cos`.`telpon`, `us`.`realname`, `cb`.`cabang` FROM `costumer` AS `cos`
 INNER JOIN `user` AS `us` ON cos.id_user=us.id_user
 INNER JOIN `cabang` AS `cb` ON us.id_cabang = cb.id_cabang WHERE (cos.nik_costumer = '1121231231211')
Params: []

2015-06-19T17:29:10+07:00 INFO (6): 
Elapsed Secs: 0.00018
Query: connect
Params: []

2015-06-19T17:29:10+07:00 INFO (6): 
Elapsed Secs: 0.00017
Query: SELECT `penj`.* FROM `costumer` AS `cos`
 INNER JOIN `penjamin` AS `penj` ON penj.nik_costumer = cos.nik_costumer WHERE (cos.nik_costumer = '1121231231211')
Params: []

2015-06-19T17:29:13+07:00 INFO (6): 
Elapsed Secs: 0.00025
Query: connect
Params: []

2015-06-19T17:29:13+07:00 INFO (6): 
Elapsed Secs: 0.00126
Query: DESCRIBE `penjamin`
Params: []

2015-06-19T17:29:13+07:00 INFO (6): 
Elapsed Secs: 0.00023
Query: connect
Params: []

2015-06-19T17:29:13+07:00 INFO (6): 
Elapsed Secs: 0.00035
Query: SELECT `pe`.*, `cos`.`id_cabang`, `cos`.`id_user`, `cb`.`cabang` FROM `penjamin` AS `pe`
 INNER JOIN `costumer` AS `cos` ON pe.nik_costumer = cos.nik_costumer
 INNER JOIN `user` AS `us` ON us.id_user = cos.id_user
 INNER JOIN `cabang` AS `cb` ON cb.id_cabang = cos.id_cabang WHERE (us.id_user= '16') AND (cb.id_cabang = '29')
Params: []

2015-06-19T17:29:17+07:00 INFO (6): 
Elapsed Secs: 0.00023
Query: connect
Params: []

2015-06-19T17:29:17+07:00 INFO (6): 
Elapsed Secs: 0.00124
Query: DESCRIBE `costumer`
Params: []

2015-06-19T17:29:17+07:00 INFO (6): 
Elapsed Secs: 0.0002
Query: SELECT `cos`.`nik_costumer`, `cos`.`nama`, `cos`.`alamat`, `cos`.`jenis_kelamin`, `cos`.`tempat_lahir`, `cos`.`tanggal_lahir`, `cos`.`nama_ibu`, `cos`.`agama`, `cos`.`status`, `cos`.`pekerjaan`, `cos`.`alamat_tempat_kerja`, `cos`.`hp`, `cos`.`telpon`, `us`.`realname`, `cb`.`cabang` FROM `costumer` AS `cos`
 INNER JOIN `user` AS `us` ON cos.id_user=us.id_user
 INNER JOIN `cabang` AS `cb` ON us.id_cabang = cb.id_cabang WHERE (cos.nik_costumer = '2147483647')
Params: []

2015-06-19T17:29:17+07:00 INFO (6): 
Elapsed Secs: 0.00019
Query: connect
Params: []

2015-06-19T17:29:17+07:00 INFO (6): 
Elapsed Secs: 0.00014
Query: SELECT `penj`.* FROM `costumer` AS `cos`
 INNER JOIN `penjamin` AS `penj` ON penj.nik_costumer = cos.nik_costumer WHERE (cos.nik_costumer = '2147483647')
Params: []

2015-06-19T17:29:20+07:00 INFO (6): 
Elapsed Secs: 0.00029
Query: connect
Params: []

2015-06-19T17:29:20+07:00 INFO (6): 
Elapsed Secs: 0.00119
Query: DESCRIBE `penjamin`
Params: []

2015-06-19T17:29:20+07:00 INFO (6): 
Elapsed Secs: 0.00026
Query: connect
Params: []

2015-06-19T17:29:20+07:00 INFO (6): 
Elapsed Secs: 0.00031
Query: SELECT `pe`.*, `cos`.`id_cabang`, `cos`.`id_user`, `cb`.`cabang` FROM `penjamin` AS `pe`
 INNER JOIN `costumer` AS `cos` ON pe.nik_costumer = cos.nik_costumer
 INNER JOIN `user` AS `us` ON us.id_user = cos.id_user
 INNER JOIN `cabang` AS `cb` ON cb.id_cabang = cos.id_cabang WHERE (us.id_user= '16') AND (cb.id_cabang = '29')
Params: []

2015-06-19T17:29:46+07:00 INFO (6): 
Elapsed Secs: 0.00023
Query: connect
Params: []

2015-06-19T17:29:46+07:00 INFO (6): 
Elapsed Secs: 0.00095
Query: DESCRIBE `penjamin`
Params: []

2015-06-19T17:29:46+07:00 INFO (6): 
Elapsed Secs: 0.00028
Query: connect
Params: []

2015-06-19T17:29:46+07:00 INFO (6): 
Elapsed Secs: 0.00025
Query: SELECT `pe`.*, `cos`.`id_cabang`, `cos`.`id_user`, `cb`.`cabang` FROM `penjamin` AS `pe`
 INNER JOIN `costumer` AS `cos` ON pe.nik_costumer = cos.nik_costumer
 INNER JOIN `user` AS `us` ON us.id_user = cos.id_user
 INNER JOIN `cabang` AS `cb` ON cb.id_cabang = cos.id_cabang WHERE (us.id_user= '16') AND (cb.id_cabang = '29')
Params: []

2015-06-19T17:29:48+07:00 INFO (6): 
Elapsed Secs: 0.00019
Query: connect
Params: []

2015-06-19T17:29:48+07:00 INFO (6): 
Elapsed Secs: 0.00102
Query: DESCRIBE `penjamin`
Params: []

2015-06-19T17:29:48+07:00 INFO (6): 
Elapsed Secs: 0.00016
Query: SELECT `penjamin`.* FROM `penjamin` WHERE (nik_costumer ='123123132123') LIMIT 1
Params: []

2015-06-19T17:29:57+07:00 INFO (6): 
Elapsed Secs: 0.00026
Query: connect
Params: []

2015-06-19T17:29:57+07:00 INFO (6): 
Elapsed Secs: 0.00115
Query: DESCRIBE `costumer`
Params: []

2015-06-19T17:29:57+07:00 INFO (6): 
Elapsed Secs: 0.00027
Query: SELECT `cos`.`nik_costumer`, `cos`.`nama`, `cos`.`alamat`, `cos`.`jenis_kelamin`, `cos`.`tempat_lahir`, `cos`.`tanggal_lahir`, `cos`.`nama_ibu`, `cos`.`agama`, `cos`.`status`, `cos`.`pekerjaan`, `cos`.`alamat_tempat_kerja`, `cos`.`hp`, `cos`.`telpon`, `us`.`realname`, `cb`.`cabang` FROM `costumer` AS `cos`
 INNER JOIN `user` AS `us` ON cos.id_user=us.id_user
 INNER JOIN `cabang` AS `cb` ON us.id_cabang = cb.id_cabang WHERE (cos.id_user = '16')
Params: []

2015-06-19T17:30:01+07:00 INFO (6): 
Elapsed Secs: 0.0003
Query: connect
Params: []

2015-06-19T17:30:01+07:00 INFO (6): 
Elapsed Secs: 0.02142
Query: DESCRIBE `costumer`
Params: []

2015-06-19T17:30:01+07:00 INFO (6): 
Elapsed Secs: 0.00029
Query: SELECT `cos`.`nik_costumer`, `cos`.`nama`, `cos`.`alamat`, `cos`.`jenis_kelamin`, `cos`.`tempat_lahir`, `cos`.`tanggal_lahir`, `cos`.`nama_ibu`, `cos`.`agama`, `cos`.`status`, `cos`.`pekerjaan`, `cos`.`alamat_tempat_kerja`, `cos`.`hp`, `cos`.`telpon`, `us`.`realname`, `cb`.`cabang` FROM `costumer` AS `cos`
 INNER JOIN `user` AS `us` ON cos.id_user=us.id_user
 INNER JOIN `cabang` AS `cb` ON us.id_cabang = cb.id_cabang WHERE (cos.nik_costumer = '1121231231211')
Params: []

2015-06-19T17:30:01+07:00 INFO (6): 
Elapsed Secs: 0.00025
Query: connect
Params: []

2015-06-19T17:30:01+07:00 INFO (6): 
Elapsed Secs: 0.00022
Query: SELECT `penj`.* FROM `costumer` AS `cos`
 INNER JOIN `penjamin` AS `penj` ON penj.nik_costumer = cos.nik_costumer WHERE (cos.nik_costumer = '1121231231211')
Params: []

2015-06-19T17:30:05+07:00 INFO (6): 
Elapsed Secs: 0.00022
Query: connect
Params: []

2015-06-19T17:30:05+07:00 INFO (6): 
Elapsed Secs: 0.00118
Query: DESCRIBE `penjamin`
Params: []

2015-06-19T17:30:05+07:00 INFO (6): 
Elapsed Secs: 0.00015
Query: SELECT `penjamin`.* FROM `penjamin` WHERE (nik_costumer ='1121231231211') LIMIT 1
Params: []

2015-06-19T17:30:10+07:00 INFO (6): 
Elapsed Secs: 0.00026
Query: connect
Params: []

2015-06-19T17:30:10+07:00 INFO (6): 
Elapsed Secs: 0.00115
Query: DESCRIBE `penjamin`
Params: []

2015-06-19T17:30:10+07:00 INFO (6): 
Elapsed Secs: 0.00023
Query: connect
Params: []

2015-06-19T17:30:10+07:00 INFO (6): 
Elapsed Secs: 0.00029
Query: SELECT `pe`.*, `cos`.`id_cabang`, `cos`.`id_user`, `cb`.`cabang` FROM `penjamin` AS `pe`
 INNER JOIN `costumer` AS `cos` ON pe.nik_costumer = cos.nik_costumer
 INNER JOIN `user` AS `us` ON us.id_user = cos.id_user
 INNER JOIN `cabang` AS `cb` ON cb.id_cabang = cos.id_cabang WHERE (us.id_user= '16') AND (cb.id_cabang = '29')
Params: []

2015-06-19T17:30:12+07:00 INFO (6): 
Elapsed Secs: 0.00027
Query: connect
Params: []

2015-06-19T17:30:12+07:00 INFO (6): 
Elapsed Secs: 0.00104
Query: DESCRIBE `penjamin`
Params: []

2015-06-19T17:30:12+07:00 INFO (6): 
Elapsed Secs: 0.00017
Query: SELECT `penjamin`.* FROM `penjamin` WHERE (nik_costumer ='asdasd') LIMIT 1
Params: []

2015-06-19T17:31:20+07:00 INFO (6): 
Elapsed Secs: 0.00117
Query: connect
Params: []

2015-06-19T17:31:20+07:00 INFO (6): 
Elapsed Secs: 0.00101
Query: DESCRIBE `penjamin`
Params: []

2015-06-19T17:31:20+07:00 INFO (6): 
Elapsed Secs: 0.00017
Query: SELECT `penjamin`.* FROM `penjamin` WHERE (nik_costumer ='asdasd') LIMIT 1
Params: []

2015-06-19T17:31:23+07:00 INFO (6): 
Elapsed Secs: 0.00021
Query: connect
Params: []

2015-06-19T17:31:23+07:00 INFO (6): 
Elapsed Secs: 0.00149
Query: DESCRIBE `penjamin`
Params: []

2015-06-19T17:31:23+07:00 INFO (6): 
Elapsed Secs: 0.0004
Query: connect
Params: []

2015-06-19T17:31:23+07:00 INFO (6): 
Elapsed Secs: 0.00045
Query: SELECT `pe`.*, `cos`.`id_cabang`, `cos`.`id_user`, `cb`.`cabang` FROM `penjamin` AS `pe`
 INNER JOIN `costumer` AS `cos` ON pe.nik_costumer = cos.nik_costumer
 INNER JOIN `user` AS `us` ON us.id_user = cos.id_user
 INNER JOIN `cabang` AS `cb` ON cb.id_cabang = cos.id_cabang WHERE (us.id_user= '16') AND (cb.id_cabang = '29')
Params: []

2015-06-19T17:31:28+07:00 INFO (6): 
Elapsed Secs: 0.00043
Query: connect
Params: []

2015-06-19T17:31:28+07:00 INFO (6): 
Elapsed Secs: 0.00243
Query: DESCRIBE `penjamin`
Params: []

2015-06-19T17:31:28+07:00 INFO (6): 
Elapsed Secs: 0.00035
Query: SELECT `penjamin`.* FROM `penjamin` WHERE (nik_costumer ='asdasd') LIMIT 1
Params: []

2015-06-19T17:31:31+07:00 INFO (6): 
Elapsed Secs: 0.0002
Query: connect
Params: []

2015-06-19T17:31:31+07:00 INFO (6): 
Elapsed Secs: 0.00109
Query: DESCRIBE `penjamin`
Params: []

2015-06-19T17:31:31+07:00 INFO (6): 
Elapsed Secs: 0.00018
Query: connect
Params: []

2015-06-19T17:31:31+07:00 INFO (6): 
Elapsed Secs: 0.00031
Query: SELECT `pe`.*, `cos`.`id_cabang`, `cos`.`id_user`, `cb`.`cabang` FROM `penjamin` AS `pe`
 INNER JOIN `costumer` AS `cos` ON pe.nik_costumer = cos.nik_costumer
 INNER JOIN `user` AS `us` ON us.id_user = cos.id_user
 INNER JOIN `cabang` AS `cb` ON cb.id_cabang = cos.id_cabang WHERE (us.id_user= '16') AND (cb.id_cabang = '29')
Params: []

2015-06-19T17:31:57+07:00 INFO (6): 
Elapsed Secs: 0.00024
Query: connect
Params: []

2015-06-19T17:31:57+07:00 INFO (6): 
Elapsed Secs: 0.00115
Query: DESCRIBE `penjamin`
Params: []

2015-06-19T17:31:57+07:00 INFO (6): 
Elapsed Secs: 0.00023
Query: connect
Params: []

2015-06-19T17:31:57+07:00 INFO (6): 
Elapsed Secs: 0.00027
Query: SELECT `pe`.*, `cos`.`id_cabang`, `cos`.`id_user`, `cb`.`cabang` FROM `penjamin` AS `pe`
 INNER JOIN `costumer` AS `cos` ON pe.nik_costumer = cos.nik_costumer
 INNER JOIN `user` AS `us` ON us.id_user = cos.id_user
 INNER JOIN `cabang` AS `cb` ON cb.id_cabang = cos.id_cabang WHERE (us.id_user= '16') AND (cb.id_cabang = '29')
Params: []

2015-06-19T17:32:17+07:00 INFO (6): 
Elapsed Secs: 0.00019
Query: connect
Params: []

2015-06-19T17:32:17+07:00 INFO (6): 
Elapsed Secs: 0.00113
Query: DESCRIBE `costumer`
Params: []

2015-06-19T17:32:17+07:00 INFO (6): 
Elapsed Secs: 0.00032
Query: SELECT `cos`.`nik_costumer`, `cos`.`nama`, `cos`.`alamat`, `cos`.`jenis_kelamin`, `cos`.`tempat_lahir`, `cos`.`tanggal_lahir`, `cos`.`nama_ibu`, `cos`.`agama`, `cos`.`status`, `cos`.`pekerjaan`, `cos`.`alamat_tempat_kerja`, `cos`.`hp`, `cos`.`telpon`, `us`.`realname`, `cb`.`cabang` FROM `costumer` AS `cos`
 INNER JOIN `user` AS `us` ON cos.id_user=us.id_user
 INNER JOIN `cabang` AS `cb` ON us.id_cabang = cb.id_cabang WHERE (cos.id_user = '16')
Params: []

2015-06-19T17:32:31+07:00 INFO (6): 
Elapsed Secs: 0.00027
Query: connect
Params: []

2015-06-19T17:32:31+07:00 INFO (6): 
Elapsed Secs: 0.00115
Query: DESCRIBE `costumer`
Params: []

2015-06-19T17:32:31+07:00 INFO (6): 
Elapsed Secs: 0.00049
Query: SELECT `cos`.`nik_costumer`, `cos`.`nama`, `cos`.`alamat`, `cos`.`jenis_kelamin`, `cos`.`tempat_lahir`, `cos`.`tanggal_lahir`, `cos`.`nama_ibu`, `cos`.`agama`, `cos`.`status`, `cos`.`pekerjaan`, `cos`.`alamat_tempat_kerja`, `cos`.`hp`, `cos`.`telpon`, `us`.`realname`, `cb`.`cabang` FROM `costumer` AS `cos`
 INNER JOIN `user` AS `us` ON cos.id_user=us.id_user
 INNER JOIN `cabang` AS `cb` ON us.id_cabang = cb.id_cabang WHERE (cos.id_user = '16')
Params: []

2015-06-19T17:32:37+07:00 INFO (6): 
Elapsed Secs: 0.0003
Query: connect
Params: []

2015-06-19T17:32:37+07:00 INFO (6): 
Elapsed Secs: 0.00113
Query: DESCRIBE `penjamin`
Params: []

2015-06-19T17:32:37+07:00 INFO (6): 
Elapsed Secs: 0.00018
Query: connect
Params: []

2015-06-19T17:32:37+07:00 INFO (6): 
Elapsed Secs: 0.00031
Query: SELECT `pe`.*, `cos`.`id_cabang`, `cos`.`id_user`, `cb`.`cabang` FROM `penjamin` AS `pe`
 INNER JOIN `costumer` AS `cos` ON pe.nik_costumer = cos.nik_costumer
 INNER JOIN `user` AS `us` ON us.id_user = cos.id_user
 INNER JOIN `cabang` AS `cb` ON cb.id_cabang = cos.id_cabang WHERE (us.id_user= '16') AND (cb.id_cabang = '29')
Params: []

2015-06-19T17:32:40+07:00 INFO (6): 
Elapsed Secs: 0.00028
Query: connect
Params: []

2015-06-19T17:32:40+07:00 INFO (6): 
Elapsed Secs: 0.001
Query: DESCRIBE `costumer`
Params: []

2015-06-19T17:32:40+07:00 INFO (6): 
Elapsed Secs: 0.00025
Query: SELECT `cos`.`nik_costumer`, `cos`.`nama`, `cos`.`alamat`, `cos`.`jenis_kelamin`, `cos`.`tempat_lahir`, `cos`.`tanggal_lahir`, `cos`.`nama_ibu`, `cos`.`agama`, `cos`.`status`, `cos`.`pekerjaan`, `cos`.`alamat_tempat_kerja`, `cos`.`hp`, `cos`.`telpon`, `us`.`realname`, `cb`.`cabang` FROM `costumer` AS `cos`
 INNER JOIN `user` AS `us` ON cos.id_user=us.id_user
 INNER JOIN `cabang` AS `cb` ON us.id_cabang = cb.id_cabang WHERE (cos.id_user = '16')
Params: []

2015-06-19T17:32:45+07:00 INFO (6): 
Elapsed Secs: 0.00024
Query: connect
Params: []

2015-06-19T17:32:45+07:00 INFO (6): 
Elapsed Secs: 0.00119
Query: DESCRIBE `costumer`
Params: []

2015-06-19T17:32:45+07:00 INFO (6): 
Elapsed Secs: 0.00024
Query: SELECT `cos`.`nik_costumer`, `cos`.`nama`, `cos`.`alamat`, `cos`.`jenis_kelamin`, `cos`.`tempat_lahir`, `cos`.`tanggal_lahir`, `cos`.`nama_ibu`, `cos`.`agama`, `cos`.`status`, `cos`.`pekerjaan`, `cos`.`alamat_tempat_kerja`, `cos`.`hp`, `cos`.`telpon`, `us`.`realname`, `cb`.`cabang` FROM `costumer` AS `cos`
 INNER JOIN `user` AS `us` ON cos.id_user=us.id_user
 INNER JOIN `cabang` AS `cb` ON us.id_cabang = cb.id_cabang WHERE (cos.nik_costumer = '1121231231211')
Params: []

2015-06-19T17:32:45+07:00 INFO (6): 
Elapsed Secs: 0.00015
Query: connect
Params: []

2015-06-19T17:32:45+07:00 INFO (6): 
Elapsed Secs: 0.00015
Query: SELECT `penj`.* FROM `costumer` AS `cos`
 INNER JOIN `penjamin` AS `penj` ON penj.nik_costumer = cos.nik_costumer WHERE (cos.nik_costumer = '1121231231211')
Params: []

2015-06-19T17:32:47+07:00 INFO (6): 
Elapsed Secs: 0.00022
Query: connect
Params: []

2015-06-19T17:32:47+07:00 INFO (6): 
Elapsed Secs: 0.00099
Query: DESCRIBE `penjamin`
Params: []

2015-06-19T17:32:47+07:00 INFO (6): 
Elapsed Secs: 0.00014
Query: SELECT `penjamin`.* FROM `penjamin` WHERE (nik_costumer ='1121231231211') LIMIT 1
Params: []

2015-06-19T17:32:54+07:00 INFO (6): 
Elapsed Secs: 0.00022
Query: connect
Params: []

2015-06-19T17:32:54+07:00 INFO (6): 
Elapsed Secs: 0.00095
Query: DESCRIBE `penjamin`
Params: []

2015-06-19T17:32:54+07:00 INFO (6): 
Elapsed Secs: 0.00021
Query: connect
Params: []

2015-06-19T17:32:54+07:00 INFO (6): 
Elapsed Secs: 0.00026
Query: SELECT `pe`.*, `cos`.`id_cabang`, `cos`.`id_user`, `cb`.`cabang` FROM `penjamin` AS `pe`
 INNER JOIN `costumer` AS `cos` ON pe.nik_costumer = cos.nik_costumer
 INNER JOIN `user` AS `us` ON us.id_user = cos.id_user
 INNER JOIN `cabang` AS `cb` ON cb.id_cabang = cos.id_cabang WHERE (us.id_user= '16') AND (cb.id_cabang = '29')
Params: []

2015-06-19T17:33:09+07:00 INFO (6): 
Elapsed Secs: 0.00025
Query: connect
Params: []

2015-06-19T17:33:09+07:00 INFO (6): 
Elapsed Secs: 0.03734
Query: UPDATE `user_login` SET `status` = ? WHERE (id_user ='16')
Params: {"1":0}

2015-06-19T17:33:14+07:00 INFO (6): 
Elapsed Secs: 0.00026
Query: connect
Params: []

2015-06-19T17:33:14+07:00 INFO (6): 
Elapsed Secs: 0.001
Query: DESCRIBE `user`
Params: []

2015-06-19T17:33:14+07:00 INFO (6): 
Elapsed Secs: 0.00026
Query: connect
Params: []

2015-06-19T17:33:14+07:00 INFO (6): 
Elapsed Secs: 0.00026
Query: SELECT `user`.*, `cabang`.* FROM `user`
 INNER JOIN `cabang` ON cabang.id_cabang = user.id_cabang WHERE (user.username = 'rendi') AND (user.password = 'd033e22ae348aeb5660fc2140aec35850c4da997')
Params: []

2015-06-19T17:33:14+07:00 INFO (6): 
Elapsed Secs: 0.00024
Query: SELECT `user`.*, `user_login`.*, `cabang`.* FROM `user`
 INNER JOIN `user_login` ON user_login.id_user = user.id_user
 INNER JOIN `cabang` ON cabang.id_cabang = user.id_cabang WHERE (user.id_user = '17')
Params: []

2015-06-19T17:33:14+07:00 INFO (6): 
Elapsed Secs: 0.04987
Query: UPDATE `user_login` SET `status` = ?, `login_time` = NOW(), `ip_login` = ?, `last_login` = ? WHERE (id_user = '17')
Params: {"1":1,"2":"172.17.3.234","3":"2015-06-19 16:58:06"}

2015-06-19T17:33:14+07:00 INFO (6): 
Elapsed Secs: 0.00033
Query: SELECT `user`.*, `user_login`.*, `cabang`.* FROM `user`
 INNER JOIN `user_login` ON user_login.id_user = user.id_user
 INNER JOIN `cabang` ON cabang.id_cabang = user.id_cabang WHERE (user.id_user = '17')
Params: []

2015-06-19T17:33:17+07:00 INFO (6): 
Elapsed Secs: 0.00026
Query: connect
Params: []

2015-06-19T17:33:17+07:00 INFO (6): 
Elapsed Secs: 0.00115
Query: DESCRIBE `penjamin`
Params: []

2015-06-19T17:33:17+07:00 INFO (6): 
Elapsed Secs: 0.00028
Query: connect
Params: []

2015-06-19T17:33:17+07:00 INFO (6): 
Elapsed Secs: 0.00027
Query: SELECT `pe`.*, `cos`.`id_cabang`, `cos`.`id_user`, `cb`.`cabang` FROM `penjamin` AS `pe`
 INNER JOIN `costumer` AS `cos` ON pe.nik_costumer = cos.nik_costumer
 INNER JOIN `user` AS `us` ON us.id_user = cos.id_user
 INNER JOIN `cabang` AS `cb` ON cb.id_cabang = cos.id_cabang WHERE (us.id_user= '17') AND (cb.id_cabang = '30')
Params: []

2015-06-19T17:33:46+07:00 INFO (6): 
Elapsed Secs: 0.00146
Query: connect
Params: []

2015-06-19T17:33:46+07:00 INFO (6): 
Elapsed Secs: 0.00128
Query: DESCRIBE `penjamin`
Params: []

2015-06-19T17:33:46+07:00 INFO (6): 
Elapsed Secs: 0.00023
Query: connect
Params: []

2015-06-19T17:33:46+07:00 INFO (6): 
Elapsed Secs: 0.00034
Query: SELECT `pe`.*, `cos`.`id_cabang`, `cos`.`id_user`, `cb`.`cabang` FROM `penjamin` AS `pe`
 INNER JOIN `costumer` AS `cos` ON pe.nik_costumer = cos.nik_costumer
 INNER JOIN `user` AS `us` ON us.id_user = cos.id_user
 INNER JOIN `cabang` AS `cb` ON cb.id_cabang = cos.id_cabang WHERE (us.id_user= '17') AND (cb.id_cabang = '30')
Params: []

2015-06-19T17:33:47+07:00 INFO (6): 
Elapsed Secs: 0.00029
Query: connect
Params: []

2015-06-19T17:33:47+07:00 INFO (6): 
Elapsed Secs: 0.00139
Query: DESCRIBE `penjamin`
Params: []

2015-06-19T17:33:47+07:00 INFO (6): 
Elapsed Secs: 0.00025
Query: connect
Params: []

2015-06-19T17:33:47+07:00 INFO (6): 
Elapsed Secs: 0.00044
Query: SELECT `pe`.*, `cos`.`id_cabang`, `cos`.`id_user`, `cb`.`cabang` FROM `penjamin` AS `pe`
 INNER JOIN `costumer` AS `cos` ON pe.nik_costumer = cos.nik_costumer
 INNER JOIN `user` AS `us` ON us.id_user = cos.id_user
 INNER JOIN `cabang` AS `cb` ON cb.id_cabang = cos.id_cabang WHERE (us.id_user= '17') AND (cb.id_cabang = '30')
Params: []

2015-06-19T17:34:00+07:00 INFO (6): 
Elapsed Secs: 0.00022
Query: connect
Params: []

2015-06-19T17:34:00+07:00 INFO (6): 
Elapsed Secs: 0.00096
Query: DESCRIBE `penjamin`
Params: []

2015-06-19T17:34:00+07:00 INFO (6): 
Elapsed Secs: 0.00015
Query: SELECT `penjamin`.* FROM `penjamin` WHERE (nik_costumer ='14123121111') LIMIT 1
Params: []

2015-06-19T17:34:03+07:00 INFO (6): 
Elapsed Secs: 0.00028
Query: connect
Params: []

2015-06-19T17:34:03+07:00 INFO (6): 
Elapsed Secs: 0.00104
Query: DESCRIBE `penjamin`
Params: []

2015-06-19T17:34:03+07:00 INFO (6): 
Elapsed Secs: 0.00023
Query: connect
Params: []

2015-06-19T17:34:03+07:00 INFO (6): 
Elapsed Secs: 0.00034
Query: SELECT `pe`.*, `cos`.`id_cabang`, `cos`.`id_user`, `cb`.`cabang` FROM `penjamin` AS `pe`
 INNER JOIN `costumer` AS `cos` ON pe.nik_costumer = cos.nik_costumer
 INNER JOIN `user` AS `us` ON us.id_user = cos.id_user
 INNER JOIN `cabang` AS `cb` ON cb.id_cabang = cos.id_cabang WHERE (us.id_user= '17') AND (cb.id_cabang = '30')
Params: []

2015-06-19T17:34:23+07:00 INFO (6): 
Elapsed Secs: 0.0015
Query: connect
Params: []

2015-06-19T17:34:23+07:00 INFO (6): 
Elapsed Secs: 0.00235
Query: DESCRIBE `penjamin`
Params: []

2015-06-19T17:34:23+07:00 INFO (6): 
Elapsed Secs: 0.00031
Query: SELECT `penjamin`.* FROM `penjamin` WHERE (nik_costumer ='14123121111') LIMIT 1
Params: []

2015-06-19T17:34:33+07:00 INFO (6): 
Elapsed Secs: 0.00022
Query: connect
Params: []

2015-06-19T17:34:33+07:00 INFO (6): 
Elapsed Secs: 0.02953
Query: DESCRIBE `penjamin`
Params: []

2015-06-19T17:34:33+07:00 INFO (6): 
Elapsed Secs: 0.00043
Query: connect
Params: []

2015-06-19T17:34:33+07:00 INFO (6): 
Elapsed Secs: 0.00054
Query: SELECT `pe`.*, `cos`.`id_cabang`, `cos`.`id_user`, `cb`.`cabang` FROM `penjamin` AS `pe`
 INNER JOIN `costumer` AS `cos` ON pe.nik_costumer = cos.nik_costumer
 INNER JOIN `user` AS `us` ON us.id_user = cos.id_user
 INNER JOIN `cabang` AS `cb` ON cb.id_cabang = cos.id_cabang WHERE (us.id_user= '17') AND (cb.id_cabang = '30')
Params: []

2015-06-19T17:34:36+07:00 INFO (6): 
Elapsed Secs: 0.00051
Query: connect
Params: []

2015-06-19T17:34:36+07:00 INFO (6): 
Elapsed Secs: 0.0025
Query: DESCRIBE `penjamin`
Params: []

2015-06-19T17:34:36+07:00 INFO (6): 
Elapsed Secs: 0.00044
Query: connect
Params: []

2015-06-19T17:34:36+07:00 INFO (6): 
Elapsed Secs: 0.00065
Query: SELECT `pe`.*, `cos`.`id_cabang`, `cos`.`id_user`, `cb`.`cabang` FROM `penjamin` AS `pe`
 INNER JOIN `costumer` AS `cos` ON pe.nik_costumer = cos.nik_costumer
 INNER JOIN `user` AS `us` ON us.id_user = cos.id_user
 INNER JOIN `cabang` AS `cb` ON cb.id_cabang = cos.id_cabang WHERE (us.id_user= '17') AND (cb.id_cabang = '30')
Params: []

2015-06-19T17:34:38+07:00 INFO (6): 
Elapsed Secs: 0.00029
Query: connect
Params: []

2015-06-19T17:34:38+07:00 INFO (6): 
Elapsed Secs: 0.00132
Query: DESCRIBE `penjamin`
Params: []

2015-06-19T17:34:38+07:00 INFO (6): 
Elapsed Secs: 0.00022
Query: SELECT `penjamin`.* FROM `penjamin` WHERE (nik_costumer ='41112121111') LIMIT 1
Params: []

2015-06-19T17:34:51+07:00 INFO (6): 
Elapsed Secs: 0.00108
Query: connect
Params: []

2015-06-19T17:34:51+07:00 INFO (6): 
Elapsed Secs: 0.00104
Query: DESCRIBE `costumer`
Params: []

2015-06-19T17:34:51+07:00 INFO (6): 
Elapsed Secs: 0.00023
Query: SELECT `cos`.`nik_costumer`, `cos`.`nama`, `cos`.`alamat`, `cos`.`jenis_kelamin`, `cos`.`tempat_lahir`, `cos`.`tanggal_lahir`, `cos`.`nama_ibu`, `cos`.`agama`, `cos`.`status`, `cos`.`pekerjaan`, `cos`.`alamat_tempat_kerja`, `cos`.`hp`, `cos`.`telpon`, `us`.`realname`, `cb`.`cabang` FROM `costumer` AS `cos`
 INNER JOIN `user` AS `us` ON cos.id_user=us.id_user
 INNER JOIN `cabang` AS `cb` ON us.id_cabang = cb.id_cabang WHERE (cos.id_user = '17')
Params: []

2015-06-19T17:34:59+07:00 INFO (6): 
Elapsed Secs: 0.00017
Query: connect
Params: []

2015-06-19T17:34:59+07:00 INFO (6): 
Elapsed Secs: 0.00097
Query: DESCRIBE `penjamin`
Params: []

2015-06-19T17:34:59+07:00 INFO (6): 
Elapsed Secs: 0.00013
Query: SELECT `penjamin`.* FROM `penjamin` WHERE (nik_costumer ='41112121111') LIMIT 1
Params: []

2015-06-19T17:35:16+07:00 INFO (6): 
Elapsed Secs: 0.00027
Query: connect
Params: []

2015-06-19T17:35:16+07:00 INFO (6): 
Elapsed Secs: 0.00102
Query: DESCRIBE `costumer`
Params: []

2015-06-19T17:35:16+07:00 INFO (6): 
Elapsed Secs: 0.00022
Query: SELECT `cos`.`nik_costumer`, `cos`.`nama`, `cos`.`alamat`, `cos`.`jenis_kelamin`, `cos`.`tempat_lahir`, `cos`.`tanggal_lahir`, `cos`.`nama_ibu`, `cos`.`agama`, `cos`.`status`, `cos`.`pekerjaan`, `cos`.`alamat_tempat_kerja`, `cos`.`hp`, `cos`.`telpon`, `us`.`realname`, `cb`.`cabang` FROM `costumer` AS `cos`
 INNER JOIN `user` AS `us` ON cos.id_user=us.id_user
 INNER JOIN `cabang` AS `cb` ON us.id_cabang = cb.id_cabang WHERE (cos.id_user = '17')
Params: []

2015-06-19T17:35:25+07:00 INFO (6): 
Elapsed Secs: 0.00027
Query: connect
Params: []

2015-06-19T17:35:25+07:00 INFO (6): 
Elapsed Secs: 0.00129
Query: DESCRIBE `costumer`
Params: []

2015-06-19T17:35:25+07:00 INFO (6): 
Elapsed Secs: 0.00029
Query: SELECT `cos`.`nik_costumer`, `cos`.`nama`, `cos`.`alamat`, `cos`.`jenis_kelamin`, `cos`.`tempat_lahir`, `cos`.`tanggal_lahir`, `cos`.`nama_ibu`, `cos`.`agama`, `cos`.`status`, `cos`.`pekerjaan`, `cos`.`alamat_tempat_kerja`, `cos`.`hp`, `cos`.`telpon`, `us`.`realname`, `cb`.`cabang` FROM `costumer` AS `cos`
 INNER JOIN `user` AS `us` ON cos.id_user=us.id_user
 INNER JOIN `cabang` AS `cb` ON us.id_cabang = cb.id_cabang WHERE (cos.id_user = '17')
Params: []

2015-06-19T17:35:27+07:00 INFO (6): 
Elapsed Secs: 0.00024
Query: connect
Params: []

2015-06-19T17:35:27+07:00 INFO (6): 
Elapsed Secs: 0.00103
Query: DESCRIBE `costumer`
Params: []

2015-06-19T17:35:27+07:00 INFO (6): 
Elapsed Secs: 0.00029
Query: SELECT `cos`.`nik_costumer`, `cos`.`nama`, `cos`.`alamat`, `cos`.`jenis_kelamin`, `cos`.`tempat_lahir`, `cos`.`tanggal_lahir`, `cos`.`nama_ibu`, `cos`.`agama`, `cos`.`status`, `cos`.`pekerjaan`, `cos`.`alamat_tempat_kerja`, `cos`.`hp`, `cos`.`telpon`, `us`.`realname`, `cb`.`cabang` FROM `costumer` AS `cos`
 INNER JOIN `user` AS `us` ON cos.id_user=us.id_user
 INNER JOIN `cabang` AS `cb` ON us.id_cabang = cb.id_cabang WHERE (cos.id_user = '17')
Params: []

2015-06-19T17:35:30+07:00 INFO (6): 
Elapsed Secs: 0.00032
Query: connect
Params: []

2015-06-19T17:35:30+07:00 INFO (6): 
Elapsed Secs: 0.00147
Query: DESCRIBE `costumer`
Params: []

2015-06-19T17:35:30+07:00 INFO (6): 
Elapsed Secs: 0.00035
Query: SELECT `cos`.`nik_costumer`, `cos`.`nama`, `cos`.`alamat`, `cos`.`jenis_kelamin`, `cos`.`tempat_lahir`, `cos`.`tanggal_lahir`, `cos`.`nama_ibu`, `cos`.`agama`, `cos`.`status`, `cos`.`pekerjaan`, `cos`.`alamat_tempat_kerja`, `cos`.`hp`, `cos`.`telpon`, `us`.`realname`, `cb`.`cabang` FROM `costumer` AS `cos`
 INNER JOIN `user` AS `us` ON cos.id_user=us.id_user
 INNER JOIN `cabang` AS `cb` ON us.id_cabang = cb.id_cabang WHERE (cos.id_user = '17')
Params: []

2015-06-19T17:35:37+07:00 INFO (6): 
Elapsed Secs: 0.00028
Query: connect
Params: []

2015-06-19T17:35:37+07:00 INFO (6): 
Elapsed Secs: 0.00154
Query: DESCRIBE `costumer`
Params: []

2015-06-19T17:35:37+07:00 INFO (6): 
Elapsed Secs: 0.00034
Query: SELECT `cos`.`nik_costumer`, `cos`.`nama`, `cos`.`alamat`, `cos`.`jenis_kelamin`, `cos`.`tempat_lahir`, `cos`.`tanggal_lahir`, `cos`.`nama_ibu`, `cos`.`agama`, `cos`.`status`, `cos`.`pekerjaan`, `cos`.`alamat_tempat_kerja`, `cos`.`hp`, `cos`.`telpon`, `us`.`realname`, `cb`.`cabang` FROM `costumer` AS `cos`
 INNER JOIN `user` AS `us` ON cos.id_user=us.id_user
 INNER JOIN `cabang` AS `cb` ON us.id_cabang = cb.id_cabang WHERE (cos.nik_costumer = '41112121111')
Params: []

2015-06-19T17:35:37+07:00 INFO (6): 
Elapsed Secs: 0.00026
Query: connect
Params: []

2015-06-19T17:35:37+07:00 INFO (6): 
Elapsed Secs: 0.00021
Query: SELECT `penj`.* FROM `costumer` AS `cos`
 INNER JOIN `penjamin` AS `penj` ON penj.nik_costumer = cos.nik_costumer WHERE (cos.nik_costumer = '41112121111')
Params: []

2015-06-19T17:35:40+07:00 INFO (6): 
Elapsed Secs: 0.00028
Query: connect
Params: []

2015-06-19T17:35:40+07:00 INFO (6): 
Elapsed Secs: 0.00116
Query: DESCRIBE `penjamin`
Params: []

2015-06-19T17:35:40+07:00 INFO (6): 
Elapsed Secs: 0.0002
Query: SELECT `penjamin`.* FROM `penjamin` WHERE (nik_costumer ='41112121111') LIMIT 1
Params: []

2015-06-19T17:35:42+07:00 INFO (6): 
Elapsed Secs: 0.00022
Query: connect
Params: []

2015-06-19T17:35:42+07:00 INFO (6): 
Elapsed Secs: 0.001
Query: DESCRIBE `costumer`
Params: []

2015-06-19T17:35:42+07:00 INFO (6): 
Elapsed Secs: 0.00023
Query: SELECT `cos`.`nik_costumer`, `cos`.`nama`, `cos`.`alamat`, `cos`.`jenis_kelamin`, `cos`.`tempat_lahir`, `cos`.`tanggal_lahir`, `cos`.`nama_ibu`, `cos`.`agama`, `cos`.`status`, `cos`.`pekerjaan`, `cos`.`alamat_tempat_kerja`, `cos`.`hp`, `cos`.`telpon`, `us`.`realname`, `cb`.`cabang` FROM `costumer` AS `cos`
 INNER JOIN `user` AS `us` ON cos.id_user=us.id_user
 INNER JOIN `cabang` AS `cb` ON us.id_cabang = cb.id_cabang WHERE (cos.id_user = '17')
Params: []

2015-06-19T17:35:51+07:00 INFO (6): 
Elapsed Secs: 0.00025
Query: connect
Params: []

2015-06-19T17:35:51+07:00 INFO (6): 
Elapsed Secs: 0.0013
Query: DESCRIBE `costumer`
Params: []

2015-06-19T17:35:51+07:00 INFO (6): 
Elapsed Secs: 0.00026
Query: SELECT `cos`.`nik_costumer`, `cos`.`nama`, `cos`.`alamat`, `cos`.`jenis_kelamin`, `cos`.`tempat_lahir`, `cos`.`tanggal_lahir`, `cos`.`nama_ibu`, `cos`.`agama`, `cos`.`status`, `cos`.`pekerjaan`, `cos`.`alamat_tempat_kerja`, `cos`.`hp`, `cos`.`telpon`, `us`.`realname`, `cb`.`cabang` FROM `costumer` AS `cos`
 INNER JOIN `user` AS `us` ON cos.id_user=us.id_user
 INNER JOIN `cabang` AS `cb` ON us.id_cabang = cb.id_cabang WHERE (cos.nik_costumer = '41112121111')
Params: []

2015-06-19T17:35:51+07:00 INFO (6): 
Elapsed Secs: 0.00023
Query: connect
Params: []

2015-06-19T17:35:51+07:00 INFO (6): 
Elapsed Secs: 0.00024
Query: SELECT `penj`.* FROM `costumer` AS `cos`
 INNER JOIN `penjamin` AS `penj` ON penj.nik_costumer = cos.nik_costumer WHERE (cos.nik_costumer = '41112121111')
Params: []

2015-06-19T17:35:56+07:00 INFO (6): 
Elapsed Secs: 0.0003
Query: connect
Params: []

2015-06-19T17:35:56+07:00 INFO (6): 
Elapsed Secs: 0.00109
Query: DESCRIBE `costumer`
Params: []

2015-06-19T17:35:56+07:00 INFO (6): 
Elapsed Secs: 0.00016
Query: SELECT `costumer`.* FROM `costumer` WHERE (nik_costumer ='41112121111') LIMIT 1
Params: []

2015-06-19T17:35:59+07:00 INFO (6): 
Elapsed Secs: 0.0004
Query: connect
Params: []

2015-06-19T17:35:59+07:00 INFO (6): 
Elapsed Secs: 0.00111
Query: DESCRIBE `costumer`
Params: []

2015-06-19T17:35:59+07:00 INFO (6): 
Elapsed Secs: 0.00017
Query: SELECT `cos`.`nik_costumer`, `cos`.`nama`, `cos`.`alamat`, `cos`.`jenis_kelamin`, `cos`.`tempat_lahir`, `cos`.`tanggal_lahir`, `cos`.`nama_ibu`, `cos`.`agama`, `cos`.`status`, `cos`.`pekerjaan`, `cos`.`alamat_tempat_kerja`, `cos`.`hp`, `cos`.`telpon`, `us`.`realname`, `cb`.`cabang` FROM `costumer` AS `cos`
 INNER JOIN `user` AS `us` ON cos.id_user=us.id_user
 INNER JOIN `cabang` AS `cb` ON us.id_cabang = cb.id_cabang WHERE (cos.nik_costumer = '41112121111')
Params: []

2015-06-19T17:35:59+07:00 INFO (6): 
Elapsed Secs: 0.00019
Query: connect
Params: []

2015-06-19T17:35:59+07:00 INFO (6): 
Elapsed Secs: 0.00019
Query: SELECT `penj`.* FROM `costumer` AS `cos`
 INNER JOIN `penjamin` AS `penj` ON penj.nik_costumer = cos.nik_costumer WHERE (cos.nik_costumer = '41112121111')
Params: []

2015-06-19T17:37:34+07:00 INFO (6): 
Elapsed Secs: 0.00027
Query: connect
Params: []

2015-06-19T17:37:34+07:00 INFO (6): 
Elapsed Secs: 0.00154
Query: DESCRIBE `costumer`
Params: []

2015-06-19T17:37:34+07:00 INFO (6): 
Elapsed Secs: 0.00034
Query: SELECT `cos`.`nik_costumer`, `cos`.`nama`, `cos`.`alamat`, `cos`.`jenis_kelamin`, `cos`.`tempat_lahir`, `cos`.`tanggal_lahir`, `cos`.`nama_ibu`, `cos`.`agama`, `cos`.`status`, `cos`.`pekerjaan`, `cos`.`alamat_tempat_kerja`, `cos`.`hp`, `cos`.`telpon`, `us`.`realname`, `cb`.`cabang` FROM `costumer` AS `cos`
 INNER JOIN `user` AS `us` ON cos.id_user=us.id_user
 INNER JOIN `cabang` AS `cb` ON us.id_cabang = cb.id_cabang WHERE (cos.id_user = '17')
Params: []

2015-06-19T17:37:54+07:00 INFO (6): 
Elapsed Secs: 0.00025
Query: connect
Params: []

2015-06-19T17:37:54+07:00 INFO (6): 
Elapsed Secs: 0.00103
Query: DESCRIBE `costumer`
Params: []

2015-06-19T17:37:54+07:00 INFO (6): 
Elapsed Secs: 0.00022
Query: SELECT `cos`.`nik_costumer`, `cos`.`nama`, `cos`.`alamat`, `cos`.`jenis_kelamin`, `cos`.`tempat_lahir`, `cos`.`tanggal_lahir`, `cos`.`nama_ibu`, `cos`.`agama`, `cos`.`status`, `cos`.`pekerjaan`, `cos`.`alamat_tempat_kerja`, `cos`.`hp`, `cos`.`telpon`, `us`.`realname`, `cb`.`cabang` FROM `costumer` AS `cos`
 INNER JOIN `user` AS `us` ON cos.id_user=us.id_user
 INNER JOIN `cabang` AS `cb` ON us.id_cabang = cb.id_cabang WHERE (cos.id_user = '17')
Params: []

2015-06-19T17:38:12+07:00 INFO (6): 
Elapsed Secs: 0.00178
Query: connect
Params: []

2015-06-19T17:38:12+07:00 INFO (6): 
Elapsed Secs: 0.00103
Query: DESCRIBE `costumer`
Params: []

2015-06-19T17:38:12+07:00 INFO (6): 
Elapsed Secs: 0.00026
Query: SELECT `cos`.`nik_costumer`, `cos`.`nama`, `cos`.`alamat`, `cos`.`jenis_kelamin`, `cos`.`tempat_lahir`, `cos`.`tanggal_lahir`, `cos`.`nama_ibu`, `cos`.`agama`, `cos`.`status`, `cos`.`pekerjaan`, `cos`.`alamat_tempat_kerja`, `cos`.`hp`, `cos`.`telpon`, `us`.`realname`, `cb`.`cabang` FROM `costumer` AS `cos`
 INNER JOIN `user` AS `us` ON cos.id_user=us.id_user
 INNER JOIN `cabang` AS `cb` ON us.id_cabang = cb.id_cabang WHERE (cos.id_user = '17')
Params: []

2015-06-19T17:39:05+07:00 INFO (6): 
Elapsed Secs: 0.0002
Query: connect
Params: []

2015-06-19T17:39:05+07:00 INFO (6): 
Elapsed Secs: 0.00101
Query: DESCRIBE `costumer`
Params: []

2015-06-19T17:39:05+07:00 INFO (6): 
Elapsed Secs: 0.00025
Query: SELECT `cos`.`nik_costumer`, `cos`.`nama`, `cos`.`alamat`, `cos`.`jenis_kelamin`, `cos`.`tempat_lahir`, `cos`.`tanggal_lahir`, `cos`.`nama_ibu`, `cos`.`agama`, `cos`.`status`, `cos`.`pekerjaan`, `cos`.`alamat_tempat_kerja`, `cos`.`hp`, `cos`.`telpon`, `us`.`realname`, `cb`.`cabang` FROM `costumer` AS `cos`
 INNER JOIN `user` AS `us` ON cos.id_user=us.id_user
 INNER JOIN `cabang` AS `cb` ON us.id_cabang = cb.id_cabang WHERE (cos.id_user = '17')
Params: []

2015-06-19T17:39:27+07:00 INFO (6): 
Elapsed Secs: 0.00025
Query: connect
Params: []

2015-06-19T17:39:27+07:00 INFO (6): 
Elapsed Secs: 0.05106
Query: UPDATE `user_login` SET `status` = ? WHERE (id_user ='17')
Params: {"1":0}

2015-06-19T17:39:33+07:00 INFO (6): 
Elapsed Secs: 0.0002
Query: connect
Params: []

2015-06-19T17:39:33+07:00 INFO (6): 
Elapsed Secs: 0.00098
Query: DESCRIBE `user`
Params: []

2015-06-19T17:39:33+07:00 INFO (6): 
Elapsed Secs: 0.00036
Query: connect
Params: []

2015-06-19T17:39:33+07:00 INFO (6): 
Elapsed Secs: 0.00023
Query: SELECT `user`.*, `cabang`.* FROM `user`
 INNER JOIN `cabang` ON cabang.id_cabang = user.id_cabang WHERE (user.username = 'admin') AND (user.password = 'd033e22ae348aeb5660fc2140aec35850c4da997')
Params: []

2015-06-19T17:39:33+07:00 INFO (6): 
Elapsed Secs: 0.00017
Query: SELECT `user`.*, `user_login`.*, `cabang`.* FROM `user`
 INNER JOIN `user_login` ON user_login.id_user = user.id_user
 INNER JOIN `cabang` ON cabang.id_cabang = user.id_cabang WHERE (user.id_user = '16')
Params: []

2015-06-19T17:39:33+07:00 INFO (6): 
Elapsed Secs: 0.02885
Query: UPDATE `user_login` SET `status` = ?, `login_time` = NOW(), `ip_login` = ?, `last_login` = ? WHERE (id_user = '16')
Params: {"1":1,"2":"172.17.3.234","3":"2015-06-19 16:58:35"}

2015-06-19T17:39:33+07:00 INFO (6): 
Elapsed Secs: 0.00025
Query: SELECT `user`.*, `user_login`.*, `cabang`.* FROM `user`
 INNER JOIN `user_login` ON user_login.id_user = user.id_user
 INNER JOIN `cabang` ON cabang.id_cabang = user.id_cabang WHERE (user.id_user = '16')
Params: []

2015-06-19T17:45:22+07:00 INFO (6): 
Elapsed Secs: 0.00031
Query: connect
Params: []

2015-06-19T17:45:22+07:00 INFO (6): 
Elapsed Secs: 0.00118
Query: DESCRIBE `user`
Params: []

2015-06-19T17:45:22+07:00 INFO (6): 
Elapsed Secs: 0.00021
Query: connect
Params: []

2015-06-19T17:45:22+07:00 INFO (6): 
Elapsed Secs: 0.00023
Query: SELECT `user`.*, `cabang`.* FROM `user`
 INNER JOIN `cabang` ON cabang.id_cabang = user.id_cabang WHERE (user.id_user = '16')
Params: []

2015-06-19T17:46:42+07:00 INFO (6): 
Elapsed Secs: 0.00151
Query: connect
Params: []

2015-06-19T17:46:42+07:00 INFO (6): 
Elapsed Secs: 0.0201
Query: DESCRIBE `penjamin`
Params: []

2015-06-19T17:46:42+07:00 INFO (6): 
Elapsed Secs: 0.00018
Query: connect
Params: []

2015-06-19T17:46:42+07:00 INFO (6): 
Elapsed Secs: 0.00028
Query: SELECT `pe`.*, `cos`.`id_cabang`, `cos`.`id_user`, `cb`.`cabang` FROM `penjamin` AS `pe`
 INNER JOIN `costumer` AS `cos` ON pe.nik_costumer = cos.nik_costumer
 INNER JOIN `user` AS `us` ON us.id_user = cos.id_user
 INNER JOIN `cabang` AS `cb` ON cb.id_cabang = cos.id_cabang WHERE (us.id_user= '16') AND (cb.id_cabang = '29')
Params: []

2015-06-19T17:46:46+07:00 INFO (6): 
Elapsed Secs: 0.00023
Query: connect
Params: []

2015-06-19T17:46:46+07:00 INFO (6): 
Elapsed Secs: 0.00137
Query: DESCRIBE `penjamin`
Params: []

2015-06-19T17:46:46+07:00 INFO (6): 
Elapsed Secs: 0.00027
Query: connect
Params: []

2015-06-19T17:46:46+07:00 INFO (6): 
Elapsed Secs: 0.00032
Query: SELECT `pe`.*, `cos`.`id_cabang`, `cos`.`id_user`, `cb`.`cabang` FROM `penjamin` AS `pe`
 INNER JOIN `costumer` AS `cos` ON pe.nik_costumer = cos.nik_costumer
 INNER JOIN `user` AS `us` ON us.id_user = cos.id_user
 INNER JOIN `cabang` AS `cb` ON cb.id_cabang = cos.id_cabang WHERE (us.id_user= '16') AND (cb.id_cabang = '29')
Params: []

2015-06-19T17:46:49+07:00 INFO (6): 
Elapsed Secs: 0.00026
Query: connect
Params: []

2015-06-19T17:46:49+07:00 INFO (6): 
Elapsed Secs: 0.0015
Query: DESCRIBE `penjamin`
Params: []

2015-06-19T17:46:49+07:00 INFO (6): 
Elapsed Secs: 0.00023
Query: SELECT `penjamin`.* FROM `penjamin` WHERE (nik_costumer ='1121231231211') LIMIT 1
Params: []

2015-06-19T17:46:56+07:00 INFO (6): 
Elapsed Secs: 0.0011
Query: connect
Params: []

2015-06-19T17:46:56+07:00 INFO (6): 
Elapsed Secs: 0.04011
Query: UPDATE `user_login` SET `status` = ? WHERE (id_user ='16')
Params: {"1":0}

2015-06-19T17:47:02+07:00 INFO (6): 
Elapsed Secs: 0.00024
Query: connect
Params: []

2015-06-19T17:47:02+07:00 INFO (6): 
Elapsed Secs: 0.00094
Query: DESCRIBE `user`
Params: []

2015-06-19T17:47:02+07:00 INFO (6): 
Elapsed Secs: 0.0002
Query: connect
Params: []

2015-06-19T17:47:02+07:00 INFO (6): 
Elapsed Secs: 0.00025
Query: SELECT `user`.*, `cabang`.* FROM `user`
 INNER JOIN `cabang` ON cabang.id_cabang = user.id_cabang WHERE (user.username = 'rendi') AND (user.password = 'd033e22ae348aeb5660fc2140aec35850c4da997')
Params: []

2015-06-19T17:47:02+07:00 INFO (6): 
Elapsed Secs: 0.00018
Query: SELECT `user`.*, `user_login`.*, `cabang`.* FROM `user`
 INNER JOIN `user_login` ON user_login.id_user = user.id_user
 INNER JOIN `cabang` ON cabang.id_cabang = user.id_cabang WHERE (user.id_user = '17')
Params: []

2015-06-19T17:47:02+07:00 INFO (6): 
Elapsed Secs: 0.06056
Query: UPDATE `user_login` SET `status` = ?, `login_time` = NOW(), `ip_login` = ?, `last_login` = ? WHERE (id_user = '17')
Params: {"1":1,"2":"172.17.3.234","3":"2015-06-19 17:33:14"}

2015-06-19T17:47:02+07:00 INFO (6): 
Elapsed Secs: 0.0003
Query: SELECT `user`.*, `user_login`.*, `cabang`.* FROM `user`
 INNER JOIN `user_login` ON user_login.id_user = user.id_user
 INNER JOIN `cabang` ON cabang.id_cabang = user.id_cabang WHERE (user.id_user = '17')
Params: []

2015-06-19T17:47:06+07:00 INFO (6): 
Elapsed Secs: 0.00025
Query: connect
Params: []

2015-06-19T17:47:06+07:00 INFO (6): 
Elapsed Secs: 0.001
Query: DESCRIBE `costumer`
Params: []

2015-06-19T17:47:06+07:00 INFO (6): 
Elapsed Secs: 0.00022
Query: SELECT `cos`.`nik_costumer`, `cos`.`nama`, `cos`.`alamat`, `cos`.`jenis_kelamin`, `cos`.`tempat_lahir`, `cos`.`tanggal_lahir`, `cos`.`nama_ibu`, `cos`.`agama`, `cos`.`status`, `cos`.`pekerjaan`, `cos`.`alamat_tempat_kerja`, `cos`.`hp`, `cos`.`telpon`, `us`.`realname`, `cb`.`cabang` FROM `costumer` AS `cos`
 INNER JOIN `user` AS `us` ON cos.id_user=us.id_user
 INNER JOIN `cabang` AS `cb` ON us.id_cabang = cb.id_cabang WHERE (cos.id_user = '17')
Params: []

2015-06-19T17:47:08+07:00 INFO (6): 
Elapsed Secs: 0.0003
Query: connect
Params: []

2015-06-19T17:47:08+07:00 INFO (6): 
Elapsed Secs: 0.00128
Query: DESCRIBE `costumer`
Params: []

2015-06-19T17:47:08+07:00 INFO (6): 
Elapsed Secs: 0.00025
Query: SELECT `cos`.`nik_costumer`, `cos`.`nama`, `cos`.`alamat`, `cos`.`jenis_kelamin`, `cos`.`tempat_lahir`, `cos`.`tanggal_lahir`, `cos`.`nama_ibu`, `cos`.`agama`, `cos`.`status`, `cos`.`pekerjaan`, `cos`.`alamat_tempat_kerja`, `cos`.`hp`, `cos`.`telpon`, `us`.`realname`, `cb`.`cabang` FROM `costumer` AS `cos`
 INNER JOIN `user` AS `us` ON cos.id_user=us.id_user
 INNER JOIN `cabang` AS `cb` ON us.id_cabang = cb.id_cabang WHERE (cos.nik_costumer = '41112121111')
Params: []

2015-06-19T17:47:08+07:00 INFO (6): 
Elapsed Secs: 0.0002
Query: connect
Params: []

2015-06-19T17:47:08+07:00 INFO (6): 
Elapsed Secs: 0.0002
Query: SELECT `penj`.* FROM `costumer` AS `cos`
 INNER JOIN `penjamin` AS `penj` ON penj.nik_costumer = cos.nik_costumer WHERE (cos.nik_costumer = '41112121111')
Params: []

2015-06-19T17:47:11+07:00 INFO (6): 
Elapsed Secs: 0.00017
Query: connect
Params: []

2015-06-19T17:47:11+07:00 INFO (6): 
Elapsed Secs: 0.00101
Query: DESCRIBE `penjamin`
Params: []

2015-06-19T17:47:11+07:00 INFO (6): 
Elapsed Secs: 0.00016
Query: SELECT `penjamin`.* FROM `penjamin` WHERE (nik_costumer ='41112121111') LIMIT 1
Params: []

2015-06-19T17:47:15+07:00 INFO (6): 
Elapsed Secs: 0.0003
Query: connect
Params: []

2015-06-19T17:47:15+07:00 INFO (6): 
Elapsed Secs: 0.0013
Query: DESCRIBE `penjamin`
Params: []

2015-06-19T17:47:15+07:00 INFO (6): 
Elapsed Secs: 0.00024
Query: connect
Params: []

2015-06-19T17:47:15+07:00 INFO (6): 
Elapsed Secs: 0.00036
Query: SELECT `pe`.*, `cos`.`id_cabang`, `cos`.`id_user`, `cb`.`cabang` FROM `penjamin` AS `pe`
 INNER JOIN `costumer` AS `cos` ON pe.nik_costumer = cos.nik_costumer
 INNER JOIN `user` AS `us` ON us.id_user = cos.id_user
 INNER JOIN `cabang` AS `cb` ON cb.id_cabang = cos.id_cabang WHERE (us.id_user= '17') AND (cb.id_cabang = '30')
Params: []

2015-06-19T17:47:17+07:00 INFO (6): 
Elapsed Secs: 0.00022
Query: connect
Params: []

2015-06-19T17:47:17+07:00 INFO (6): 
Elapsed Secs: 0.00098
Query: DESCRIBE `penjamin`
Params: []

2015-06-19T17:47:17+07:00 INFO (6): 
Elapsed Secs: 0.00015
Query: SELECT `penjamin`.* FROM `penjamin` WHERE (nik_costumer ='41112121111') LIMIT 1
Params: []

2015-06-19T17:49:14+07:00 INFO (6): 
Elapsed Secs: 0.0003
Query: connect
Params: []

2015-06-19T17:49:14+07:00 INFO (6): 
Elapsed Secs: 0.00098
Query: DESCRIBE `penjamin`
Params: []

2015-06-19T17:49:14+07:00 INFO (6): 
Elapsed Secs: 0.00014
Query: SELECT `penjamin`.* FROM `penjamin` WHERE (nik_costumer ='41112121111') LIMIT 1
Params: []

2015-06-19T17:49:17+07:00 INFO (6): 
Elapsed Secs: 0.00026
Query: connect
Params: []

2015-06-19T17:49:17+07:00 INFO (6): 
Elapsed Secs: 0.04923
Query: UPDATE `user_login` SET `status` = ? WHERE (id_user ='17')
Params: {"1":0}

2015-06-19T17:49:29+07:00 INFO (6): 
Elapsed Secs: 0.00029
Query: connect
Params: []

2015-06-19T17:49:29+07:00 INFO (6): 
Elapsed Secs: 0.00128
Query: DESCRIBE `user`
Params: []

2015-06-19T17:49:29+07:00 INFO (6): 
Elapsed Secs: 0.00024
Query: connect
Params: []

2015-06-19T17:49:29+07:00 INFO (6): 
Elapsed Secs: 0.00029
Query: SELECT `user`.*, `cabang`.* FROM `user`
 INNER JOIN `cabang` ON cabang.id_cabang = user.id_cabang WHERE (user.username = 'admin') AND (user.password = 'd033e22ae348aeb5660fc2140aec35850c4da997')
Params: []

2015-06-19T17:49:29+07:00 INFO (6): 
Elapsed Secs: 0.00024
Query: SELECT `user`.*, `user_login`.*, `cabang`.* FROM `user`
 INNER JOIN `user_login` ON user_login.id_user = user.id_user
 INNER JOIN `cabang` ON cabang.id_cabang = user.id_cabang WHERE (user.id_user = '16')
Params: []

2015-06-19T17:49:29+07:00 INFO (6): 
Elapsed Secs: 0.0695
Query: UPDATE `user_login` SET `status` = ?, `login_time` = NOW(), `ip_login` = ?, `last_login` = ? WHERE (id_user = '16')
Params: {"1":1,"2":"172.17.3.234","3":"2015-06-19 17:39:33"}

2015-06-19T17:49:29+07:00 INFO (6): 
Elapsed Secs: 0.00029
Query: SELECT `user`.*, `user_login`.*, `cabang`.* FROM `user`
 INNER JOIN `user_login` ON user_login.id_user = user.id_user
 INNER JOIN `cabang` ON cabang.id_cabang = user.id_cabang WHERE (user.id_user = '16')
Params: []

