2015-08-26T15:47:38+07:00 INFO (6): 
Elapsed Secs: 0.00019
Query: connect
Params: []

2015-08-26T15:47:38+07:00 INFO (6): 
Elapsed Secs: 0.00045
Query: DESCRIBE `user`
Params: []

2015-08-26T15:47:38+07:00 INFO (6): 
Elapsed Secs: 0.00011
Query: connect
Params: []

2015-08-26T15:47:38+07:00 INFO (6): 
Elapsed Secs: 0.00021
Query: SELECT `user`.*, `cabang`.* FROM `user`
 INNER JOIN `cabang` ON cabang.id_cabang = user.id_cabang WHERE (user.username = 'admin') AND (user.password = 'd033e22ae348aeb5660fc2140aec35850c4da997')
Params: []

2015-08-26T15:47:38+07:00 INFO (6): 
Elapsed Secs: 0.00023
Query: SELECT `user`.*, `user_login`.*, `cabang`.* FROM `user`
 INNER JOIN `user_login` ON user_login.id_user = user.id_user
 INNER JOIN `cabang` ON cabang.id_cabang = user.id_cabang WHERE (user.id_user = '16')
Params: []

2015-08-26T15:47:38+07:00 INFO (6): 
Elapsed Secs: 0.03429
Query: UPDATE `user_login` SET `status` = ?, `login_time` = NOW(), `ip_login` = ?, `last_login` = ? WHERE (id_user = '16')
Params: {"1":1,"2":"127.0.0.1","3":"2015-08-26 12:26:31"}

2015-08-26T15:47:38+07:00 INFO (6): 
Elapsed Secs: 0.00029
Query: SELECT `user`.*, `user_login`.*, `cabang`.* FROM `user`
 INNER JOIN `user_login` ON user_login.id_user = user.id_user
 INNER JOIN `cabang` ON cabang.id_cabang = user.id_cabang WHERE (user.id_user = '16')
Params: []

2015-08-26T15:47:48+07:00 INFO (6): 
Elapsed Secs: 0.00025
Query: connect
Params: []

2015-08-26T15:47:48+07:00 INFO (6): 
Elapsed Secs: 0.00057
Query: DESCRIBE `cabang`
Params: []

2015-08-26T15:47:48+07:00 INFO (6): 
Elapsed Secs: 0.00017
Query: SELECT `cabang`.* FROM `cabang` WHERE (id_cabang = '001' ) LIMIT 1
Params: []

2015-08-26T15:47:48+07:00 INFO (6): 
Elapsed Secs: 0.00047
Query: DESCRIBE `pinjaman`
Params: []

2015-08-26T15:47:48+07:00 INFO (6): 
Elapsed Secs: 0.00031
Query: SELECT `pin`.*, `cos`.`nama` FROM `pinjaman` AS `pin`
 INNER JOIN `costumer` AS `cos` ON pin.nik_costumer = cos.nik_costumer
 INNER JOIN `user` AS `us` ON cos.id_user = us.id_user
 INNER JOIN `cabang` AS `cb` ON us.id_cabang = cb.id_cabang WHERE (us.id_user = '16') OR (cb.id_cabang = '001')
Params: []

2015-08-26T15:47:48+07:00 INFO (6): 
Elapsed Secs: 0.00044
Query: DESCRIBE `spb`
Params: []

2015-08-26T15:47:48+07:00 INFO (6): 
Elapsed Secs: 0.0321
Query: SELECT `spb`.* FROM `spb` WHERE (no_kontrak = '001-MD-00167-15') LIMIT 1
Params: []

2015-08-26T15:47:48+07:00 INFO (6): 
Elapsed Secs: 0.00022
Query: SELECT `spb`.* FROM `spb` WHERE (no_kontrak = '001-MF-00164-15') LIMIT 1
Params: []

2015-08-26T15:47:48+07:00 INFO (6): 
Elapsed Secs: 0.00015
Query: SELECT `spb`.* FROM `spb` WHERE (no_kontrak = '001-MF-00166-15') LIMIT 1
Params: []

2015-08-26T15:47:48+07:00 INFO (6): 
Elapsed Secs: 0.00015
Query: SELECT `spb`.* FROM `spb` WHERE (no_kontrak = '001-MF-00168-15') LIMIT 1
Params: []

