2015-06-20T22:00:36+07:00 INFO (6): 
Elapsed Secs: 0.00019
Query: connect
Params: []

2015-06-20T22:00:36+07:00 INFO (6): 
Elapsed Secs: 0.00098
Query: DESCRIBE `costumer`
Params: []

2015-06-20T22:00:36+07:00 INFO (6): 
Elapsed Secs: 0.00015
Query: SELECT `costumer`.* FROM `costumer` WHERE (nik_costumer = '1121231231211') LIMIT 1
Params: []

2015-06-20T22:01:19+07:00 INFO (6): 
Elapsed Secs: 0.00028
Query: connect
Params: []

2015-06-20T22:01:19+07:00 INFO (6): 
Elapsed Secs: 0.00099
Query: DESCRIBE `costumer`
Params: []

2015-06-20T22:01:19+07:00 INFO (6): 
Elapsed Secs: 0.00019
Query: SELECT `costumer`.* FROM `costumer` WHERE (nik_costumer = '1121231231211') LIMIT 1
Params: []

2015-06-20T22:01:26+07:00 INFO (6): 
Elapsed Secs: 0.00116
Query: connect
Params: []

2015-06-20T22:01:26+07:00 INFO (6): 
Elapsed Secs: 0.00098
Query: DESCRIBE `costumer`
Params: []

2015-06-20T22:01:26+07:00 INFO (6): 
Elapsed Secs: 0.00021
Query: SELECT `costumer`.* FROM `costumer` WHERE (nik_costumer = '1121231231211') LIMIT 1
Params: []

2015-06-20T22:01:28+07:00 INFO (6): 
Elapsed Secs: 0.00029
Query: connect
Params: []

2015-06-20T22:01:28+07:00 INFO (6): 
Elapsed Secs: 0.00106
Query: DESCRIBE `costumer`
Params: []

2015-06-20T22:01:28+07:00 INFO (6): 
Elapsed Secs: 0.00019
Query: SELECT `costumer`.* FROM `costumer` WHERE (nik_costumer = '1121231231211') LIMIT 1
Params: []

2015-06-20T22:01:28+07:00 INFO (6): 
Elapsed Secs: 0.00044
Query: connect
Params: []

2015-06-20T22:01:28+07:00 INFO (6): 
Elapsed Secs: 0.00231
Query: DESCRIBE `costumer`
Params: []

2015-06-20T22:01:28+07:00 INFO (6): 
Elapsed Secs: 0.0004
Query: SELECT `costumer`.* FROM `costumer` WHERE (nik_costumer = '1121231231211') LIMIT 1
Params: []

2015-06-20T22:01:55+07:00 INFO (6): 
Elapsed Secs: 0.00021
Query: connect
Params: []

2015-06-20T22:01:55+07:00 INFO (6): 
Elapsed Secs: 0.0009
Query: DESCRIBE `costumer`
Params: []

2015-06-20T22:01:55+07:00 INFO (6): 
Elapsed Secs: 0.00013
Query: SELECT `costumer`.* FROM `costumer` WHERE (nik_costumer = '1121231231211') LIMIT 1
Params: []

2015-06-20T22:02:15+07:00 INFO (6): 
Elapsed Secs: 0.00111
Query: connect
Params: []

2015-06-20T22:02:15+07:00 INFO (6): 
Elapsed Secs: 0.00099
Query: DESCRIBE `costumer`
Params: []

2015-06-20T22:02:15+07:00 INFO (6): 
Elapsed Secs: 0.00022
Query: SELECT `costumer`.* FROM `costumer` WHERE (nik_costumer = '1121231231211') LIMIT 1
Params: []

2015-06-20T22:02:36+07:00 INFO (6): 
Elapsed Secs: 0.0003
Query: connect
Params: []

2015-06-20T22:02:36+07:00 INFO (6): 
Elapsed Secs: 0.00102
Query: DESCRIBE `costumer`
Params: []

2015-06-20T22:02:36+07:00 INFO (6): 
Elapsed Secs: 0.00018
Query: SELECT `costumer`.* FROM `costumer` WHERE (nik_costumer = '1121231231211') LIMIT 1
Params: []

2015-06-20T22:48:40+07:00 INFO (6): 
Elapsed Secs: 0.00027
Query: connect
Params: []

2015-06-20T22:48:40+07:00 INFO (6): 
Elapsed Secs: 0.00101
Query: DESCRIBE `user`
Params: []

2015-06-20T22:48:40+07:00 INFO (6): 
Elapsed Secs: 0.00022
Query: connect
Params: []

2015-06-20T22:48:40+07:00 INFO (6): 
Elapsed Secs: 0.00023
Query: SELECT `user`.*, `cabang`.* FROM `user`
 INNER JOIN `cabang` ON cabang.id_cabang = user.id_cabang WHERE (user.username = 'admin') AND (user.password = 'd033e22ae348aeb5660fc2140aec35850c4da997')
Params: []

2015-06-20T22:48:40+07:00 INFO (6): 
Elapsed Secs: 0.00017
Query: SELECT `user`.*, `user_login`.*, `cabang`.* FROM `user`
 INNER JOIN `user_login` ON user_login.id_user = user.id_user
 INNER JOIN `cabang` ON cabang.id_cabang = user.id_cabang WHERE (user.id_user = '16')
Params: []

2015-06-20T22:48:40+07:00 INFO (6): 
Elapsed Secs: 0.05975
Query: UPDATE `user_login` SET `last_login` = ?, `login_time` = NOW(), `ip_login` = ?, `status` = ? WHERE (id_user = '16')
Params: {"1":"2015-06-20 21:38:10","2":"172.17.3.234","3":1}

2015-06-20T22:48:40+07:00 INFO (6): 
Elapsed Secs: 0.00029
Query: SELECT `user`.*, `user_login`.*, `cabang`.* FROM `user`
 INNER JOIN `user_login` ON user_login.id_user = user.id_user
 INNER JOIN `cabang` ON cabang.id_cabang = user.id_cabang WHERE (user.id_user = '16')
Params: []

2015-06-20T22:48:43+07:00 INFO (6): 
Elapsed Secs: 0.00024
Query: connect
Params: []

2015-06-20T22:48:43+07:00 INFO (6): 
Elapsed Secs: 0.00147
Query: DESCRIBE `costumer`
Params: []

2015-06-20T22:48:43+07:00 INFO (6): 
Elapsed Secs: 0.00033
Query: SELECT `cos`.`nik_costumer`, `cos`.`nama`, `cos`.`alamat`, `cos`.`jenis_kelamin`, `cos`.`tempat_lahir`, `cos`.`tanggal_lahir`, `cos`.`nama_ibu`, `cos`.`agama`, `cos`.`status`, `cos`.`pekerjaan`, `cos`.`alamat_tempat_kerja`, `cos`.`hp`, `cos`.`telpon`, `us`.`realname`, `cb`.`cabang` FROM `costumer` AS `cos`
 INNER JOIN `user` AS `us` ON cos.id_user=us.id_user
 INNER JOIN `cabang` AS `cb` ON us.id_cabang = cb.id_cabang WHERE (cos.id_user = '16')
Params: []

2015-06-20T22:49:26+07:00 INFO (6): 
Elapsed Secs: 0.00021
Query: connect
Params: []

2015-06-20T22:49:26+07:00 INFO (6): 
Elapsed Secs: 0.00109
Query: DESCRIBE `penjamin`
Params: []

2015-06-20T22:49:26+07:00 INFO (6): 
Elapsed Secs: 0.00021
Query: connect
Params: []

2015-06-20T22:49:26+07:00 INFO (6): 
Elapsed Secs: 0.00037
Query: SELECT `pe`.*, `cos`.`id_cabang`, `cos`.`id_user`, `cb`.`cabang` FROM `penjamin` AS `pe`
 INNER JOIN `costumer` AS `cos` ON pe.nik_costumer = cos.nik_costumer
 INNER JOIN `user` AS `us` ON us.id_user = cos.id_user
 INNER JOIN `cabang` AS `cb` ON cb.id_cabang = cos.id_cabang WHERE (us.id_user= '16') AND (cb.id_cabang = '29')
Params: []

2015-06-20T22:49:27+07:00 INFO (6): 
Elapsed Secs: 0.00023
Query: connect
Params: []

2015-06-20T22:49:27+07:00 INFO (6): 
Elapsed Secs: 0.00094
Query: DESCRIBE `cabang`
Params: []

2015-06-20T22:49:27+07:00 INFO (6): 
Elapsed Secs: 0.00016
Query: SELECT `cabang`.* FROM `cabang` WHERE (id_cabang = '29' ) LIMIT 1
Params: []

2015-06-20T22:49:27+07:00 INFO (6): 
Elapsed Secs: 0.00078
Query: DESCRIBE `kendaraan`
Params: []

2015-06-20T22:49:27+07:00 INFO (6): 
Elapsed Secs: 0.00017
Query: connect
Params: []

2015-06-20T22:49:27+07:00 INFO (6): 
Elapsed Secs: 0.00024
Query: SELECT `ken`.*, `cos`.`id_cabang`, `us`.`id_user`, `cb`.`cabang` FROM `kendaraan` AS `ken`
 INNER JOIN `costumer` AS `cos` ON cos.nik_costumer=ken.nik_costumer
 INNER JOIN `user` AS `us` ON us.id_user = cos.id_user
 INNER JOIN `cabang` AS `cb` ON cos.id_cabang = cb.id_cabang WHERE (us.id_user = '16') AND (cb.id_cabang = '29')
Params: []

2015-06-20T22:51:28+07:00 INFO (6): 
Elapsed Secs: 0.0002
Query: connect
Params: []

2015-06-20T22:51:28+07:00 INFO (6): 
Elapsed Secs: 0.0025
Query: DESCRIBE `cabang`
Params: []

2015-06-20T22:51:28+07:00 INFO (6): 
Elapsed Secs: 0.00037
Query: SELECT `cabang`.* FROM `cabang` WHERE (id_cabang = '29' ) LIMIT 1
Params: []

2015-06-20T22:51:28+07:00 INFO (6): 
Elapsed Secs: 0.00082
Query: DESCRIBE `kendaraan`
Params: []

2015-06-20T22:51:28+07:00 INFO (6): 
Elapsed Secs: 0.0002
Query: connect
Params: []

2015-06-20T22:51:28+07:00 INFO (6): 
Elapsed Secs: 0.0003
Query: SELECT `ken`.*, `cos`.`id_cabang`, `us`.`id_user`, `cb`.`cabang` FROM `kendaraan` AS `ken`
 INNER JOIN `costumer` AS `cos` ON cos.nik_costumer=ken.nik_costumer
 INNER JOIN `user` AS `us` ON us.id_user = cos.id_user
 INNER JOIN `cabang` AS `cb` ON cos.id_cabang = cb.id_cabang WHERE (us.id_user = '16') AND (cb.id_cabang = '29')
Params: []

2015-06-20T22:51:30+07:00 INFO (6): 
Elapsed Secs: 0.00028
Query: connect
Params: []

2015-06-20T22:51:30+07:00 INFO (6): 
Elapsed Secs: 0.00139
Query: DESCRIBE `kendaraan`
Params: []

2015-06-20T22:51:30+07:00 INFO (6): 
Elapsed Secs: 0.00021
Query: SELECT `kendaraan`.* FROM `kendaraan` WHERE (no_polisi = '51214') LIMIT 1
Params: []

2015-06-20T22:52:12+07:00 INFO (6): 
Elapsed Secs: 0.0002
Query: connect
Params: []

2015-06-20T22:52:12+07:00 INFO (6): 
Elapsed Secs: 0.0175
Query: DESCRIBE `kendaraan`
Params: []

2015-06-20T22:52:12+07:00 INFO (6): 
Elapsed Secs: 0.00023
Query: SELECT `kendaraan`.* FROM `kendaraan` WHERE (no_polisi = '51214') LIMIT 1
Params: []

2015-06-20T22:52:21+07:00 INFO (6): 
Elapsed Secs: 0.00021
Query: connect
Params: []

2015-06-20T22:52:21+07:00 INFO (6): 
Elapsed Secs: 0.00019
Query: UPDATE `kendaraan` SET `nik_costumer` = ?, `no_polisi` = ?, `no_bpkb` = ?, `nama_bpkb` = ?, `alamat` = ?, `merk` = ?, `no_mesin` = ?, `no_rangka` = ?, `warna` = ?, `tahun_pembuatan` = ?, `isi_silinder` = ?, `tgl_stnk` = ? WHERE (nik_costumer = '1121231231211') AND (no_polisi = '51214JE')
Params: {"1":"1121231231211","2":"51214JE","3":"leomasatasas","4":"51214a51214a51214a","5":"51214a51214a51214a","6":"51214a51214a51214a","7":"51214a51214a51214a51214a","8":"51214a51214a","9":"Hitam","10":"2015-06-29","11":"protected","12":"2015-06-29"}

2015-06-20T22:52:21+07:00 INFO (6): 
Elapsed Secs: 0.00023
Query: connect
Params: []

2015-06-20T22:52:21+07:00 INFO (6): 
Elapsed Secs: 0.00098
Query: DESCRIBE `cabang`
Params: []

2015-06-20T22:52:21+07:00 INFO (6): 
Elapsed Secs: 0.00014
Query: SELECT `cabang`.* FROM `cabang` WHERE (id_cabang = '29' ) LIMIT 1
Params: []

2015-06-20T22:52:21+07:00 INFO (6): 
Elapsed Secs: 0.00077
Query: DESCRIBE `kendaraan`
Params: []

2015-06-20T22:52:21+07:00 INFO (6): 
Elapsed Secs: 0.00016
Query: connect
Params: []

2015-06-20T22:52:21+07:00 INFO (6): 
Elapsed Secs: 0.00023
Query: SELECT `ken`.*, `cos`.`id_cabang`, `us`.`id_user`, `cb`.`cabang` FROM `kendaraan` AS `ken`
 INNER JOIN `costumer` AS `cos` ON cos.nik_costumer=ken.nik_costumer
 INNER JOIN `user` AS `us` ON us.id_user = cos.id_user
 INNER JOIN `cabang` AS `cb` ON cos.id_cabang = cb.id_cabang WHERE (us.id_user = '16') AND (cb.id_cabang = '29')
Params: []

2015-06-20T22:52:24+07:00 INFO (6): 
Elapsed Secs: 0.00025
Query: connect
Params: []

2015-06-20T22:52:24+07:00 INFO (6): 
Elapsed Secs: 0.00093
Query: DESCRIBE `kendaraan`
Params: []

2015-06-20T22:52:24+07:00 INFO (6): 
Elapsed Secs: 0.00014
Query: SELECT `kendaraan`.* FROM `kendaraan` WHERE (no_polisi = '51214') LIMIT 1
Params: []

2015-06-20T22:52:27+07:00 INFO (6): 
Elapsed Secs: 0.0003
Query: connect
Params: []

2015-06-20T22:52:27+07:00 INFO (6): 
Elapsed Secs: 0.001
Query: DESCRIBE `kendaraan`
Params: []

2015-06-20T22:52:27+07:00 INFO (6): 
Elapsed Secs: 0.00019
Query: SELECT `kendaraan`.* FROM `kendaraan` WHERE (no_polisi = '51214') LIMIT 1
Params: []

2015-06-20T22:52:36+07:00 INFO (6): 
Elapsed Secs: 0.00027
Query: connect
Params: []

2015-06-20T22:52:36+07:00 INFO (6): 
Elapsed Secs: 0.06806
Query: UPDATE `kendaraan` SET `nik_costumer` = ?, `no_polisi` = ?, `no_bpkb` = ?, `nama_bpkb` = ?, `alamat` = ?, `merk` = ?, `no_mesin` = ?, `no_rangka` = ?, `warna` = ?, `tahun_pembuatan` = ?, `isi_silinder` = ?, `tgl_stnk` = ? WHERE (nik_costumer = '1121231231211') AND (no_polisi = '51214')
Params: {"1":"1121231231211","2":"51214","3":"l l l l l l l ","4":"51214a51214a51214a","5":"51214a51214a51214a","6":"51214a51214a51214a","7":"51214a51214a51214a51214a","8":"51214a51214a","9":"Hitam","10":"2015-06-29","11":"protected","12":"2015-06-29"}

2015-06-20T22:52:36+07:00 INFO (6): 
Elapsed Secs: 0.00028
Query: connect
Params: []

2015-06-20T22:52:36+07:00 INFO (6): 
Elapsed Secs: 0.00097
Query: DESCRIBE `cabang`
Params: []

2015-06-20T22:52:36+07:00 INFO (6): 
Elapsed Secs: 0.00018
Query: SELECT `cabang`.* FROM `cabang` WHERE (id_cabang = '29' ) LIMIT 1
Params: []

2015-06-20T22:52:36+07:00 INFO (6): 
Elapsed Secs: 0.00079
Query: DESCRIBE `kendaraan`
Params: []

2015-06-20T22:52:36+07:00 INFO (6): 
Elapsed Secs: 0.0002
Query: connect
Params: []

2015-06-20T22:52:36+07:00 INFO (6): 
Elapsed Secs: 0.0002
Query: SELECT `ken`.*, `cos`.`id_cabang`, `us`.`id_user`, `cb`.`cabang` FROM `kendaraan` AS `ken`
 INNER JOIN `costumer` AS `cos` ON cos.nik_costumer=ken.nik_costumer
 INNER JOIN `user` AS `us` ON us.id_user = cos.id_user
 INNER JOIN `cabang` AS `cb` ON cos.id_cabang = cb.id_cabang WHERE (us.id_user = '16') AND (cb.id_cabang = '29')
Params: []

2015-06-20T22:53:21+07:00 INFO (6): 
Elapsed Secs: 0.00025
Query: connect
Params: []

2015-06-20T22:53:21+07:00 INFO (6): 
Elapsed Secs: 0.00148
Query: DESCRIBE `kendaraan`
Params: []

2015-06-20T22:53:21+07:00 INFO (6): 
Elapsed Secs: 0.00022
Query: SELECT `kendaraan`.* FROM `kendaraan` WHERE (no_polisi = '51214') LIMIT 1
Params: []

2015-06-20T22:53:25+07:00 INFO (6): 
Elapsed Secs: 0.00042
Query: connect
Params: []

2015-06-20T22:53:25+07:00 INFO (6): 
Elapsed Secs: 0.00038
Query: UPDATE `kendaraan` SET `nik_costumer` = ?, `no_polisi` = ?, `no_bpkb` = ?, `nama_bpkb` = ?, `alamat` = ?, `merk` = ?, `no_mesin` = ?, `no_rangka` = ?, `warna` = ?, `tahun_pembuatan` = ?, `isi_silinder` = ?, `tgl_stnk` = ? WHERE (nik_costumer = '1121231231211') AND (no_polisi = '51214j')
Params: {"1":"1121231231211","2":"51214j","3":"l l l l l l l ","4":"51214a51214a51214a","5":"51214a51214a51214a","6":"51214a51214a51214a","7":"51214a51214a51214a51214a","8":"51214a51214a","9":"Hitam","10":"2015-06-29","11":"protected","12":"2015-06-29"}

2015-06-20T22:53:25+07:00 INFO (6): 
Elapsed Secs: 0.00017
Query: connect
Params: []

2015-06-20T22:53:25+07:00 INFO (6): 
Elapsed Secs: 0.00094
Query: DESCRIBE `cabang`
Params: []

2015-06-20T22:53:25+07:00 INFO (6): 
Elapsed Secs: 0.00014
Query: SELECT `cabang`.* FROM `cabang` WHERE (id_cabang = '29' ) LIMIT 1
Params: []

2015-06-20T22:53:25+07:00 INFO (6): 
Elapsed Secs: 0.00072
Query: DESCRIBE `kendaraan`
Params: []

2015-06-20T22:53:25+07:00 INFO (6): 
Elapsed Secs: 0.00014
Query: connect
Params: []

2015-06-20T22:53:25+07:00 INFO (6): 
Elapsed Secs: 0.00021
Query: SELECT `ken`.*, `cos`.`id_cabang`, `us`.`id_user`, `cb`.`cabang` FROM `kendaraan` AS `ken`
 INNER JOIN `costumer` AS `cos` ON cos.nik_costumer=ken.nik_costumer
 INNER JOIN `user` AS `us` ON us.id_user = cos.id_user
 INNER JOIN `cabang` AS `cb` ON cos.id_cabang = cb.id_cabang WHERE (us.id_user = '16') AND (cb.id_cabang = '29')
Params: []

2015-06-20T22:57:52+07:00 INFO (6): 
Elapsed Secs: 0.00028
Query: connect
Params: []

2015-06-20T22:57:52+07:00 INFO (6): 
Elapsed Secs: 0.00149
Query: DESCRIBE `costumer`
Params: []

2015-06-20T22:57:52+07:00 INFO (6): 
Elapsed Secs: 0.00032
Query: SELECT `cos`.`nik_costumer`, `cos`.`nama`, `cos`.`alamat`, `cos`.`jenis_kelamin`, `cos`.`tempat_lahir`, `cos`.`tanggal_lahir`, `cos`.`nama_ibu`, `cos`.`agama`, `cos`.`status`, `cos`.`pekerjaan`, `cos`.`alamat_tempat_kerja`, `cos`.`hp`, `cos`.`telpon`, `us`.`realname`, `cb`.`cabang` FROM `costumer` AS `cos`
 INNER JOIN `user` AS `us` ON cos.id_user=us.id_user
 INNER JOIN `cabang` AS `cb` ON us.id_cabang = cb.id_cabang WHERE (cos.id_user = '16')
Params: []

2015-06-20T22:57:54+07:00 INFO (6): 
Elapsed Secs: 0.00024
Query: connect
Params: []

2015-06-20T22:57:54+07:00 INFO (6): 
Elapsed Secs: 0.00094
Query: DESCRIBE `costumer`
Params: []

2015-06-20T22:57:54+07:00 INFO (6): 
Elapsed Secs: 0.00021
Query: SELECT `cos`.`nik_costumer`, `cos`.`nama`, `cos`.`alamat`, `cos`.`jenis_kelamin`, `cos`.`tempat_lahir`, `cos`.`tanggal_lahir`, `cos`.`nama_ibu`, `cos`.`agama`, `cos`.`status`, `cos`.`pekerjaan`, `cos`.`alamat_tempat_kerja`, `cos`.`hp`, `cos`.`telpon`, `us`.`realname`, `cb`.`cabang` FROM `costumer` AS `cos`
 INNER JOIN `user` AS `us` ON cos.id_user=us.id_user
 INNER JOIN `cabang` AS `cb` ON us.id_cabang = cb.id_cabang WHERE (cos.id_user = '16')
Params: []

2015-06-20T22:57:57+07:00 INFO (6): 
Elapsed Secs: 0.00023
Query: connect
Params: []

2015-06-20T22:57:57+07:00 INFO (6): 
Elapsed Secs: 0.001
Query: DESCRIBE `costumer`
Params: []

2015-06-20T22:57:57+07:00 INFO (6): 
Elapsed Secs: 0.00023
Query: SELECT `cos`.`nik_costumer`, `cos`.`nama`, `cos`.`alamat`, `cos`.`jenis_kelamin`, `cos`.`tempat_lahir`, `cos`.`tanggal_lahir`, `cos`.`nama_ibu`, `cos`.`agama`, `cos`.`status`, `cos`.`pekerjaan`, `cos`.`alamat_tempat_kerja`, `cos`.`hp`, `cos`.`telpon`, `us`.`realname`, `cb`.`cabang` FROM `costumer` AS `cos`
 INNER JOIN `user` AS `us` ON cos.id_user=us.id_user
 INNER JOIN `cabang` AS `cb` ON us.id_cabang = cb.id_cabang WHERE (cos.id_user = '16')
Params: []

2015-06-20T22:58:00+07:00 INFO (6): 
Elapsed Secs: 0.0003
Query: connect
Params: []

2015-06-20T22:58:00+07:00 INFO (6): 
Elapsed Secs: 0.00094
Query: DESCRIBE `penjamin`
Params: []

2015-06-20T22:58:00+07:00 INFO (6): 
Elapsed Secs: 0.0002
Query: connect
Params: []

2015-06-20T22:58:00+07:00 INFO (6): 
Elapsed Secs: 0.00028
Query: SELECT `pe`.*, `cos`.`id_cabang`, `cos`.`id_user`, `cb`.`cabang` FROM `penjamin` AS `pe`
 INNER JOIN `costumer` AS `cos` ON pe.nik_costumer = cos.nik_costumer
 INNER JOIN `user` AS `us` ON us.id_user = cos.id_user
 INNER JOIN `cabang` AS `cb` ON cb.id_cabang = cos.id_cabang WHERE (us.id_user= '16') AND (cb.id_cabang = '29')
Params: []

