2015-08-26T12:26:31+07:00 INFO (6): 
Elapsed Secs: 0.00028
Query: connect
Params: []

2015-08-26T12:26:31+07:00 INFO (6): 
Elapsed Secs: 0.0473
Query: DESCRIBE `user`
Params: []

2015-08-26T12:26:31+07:00 INFO (6): 
Elapsed Secs: 0.00028
Query: connect
Params: []

2015-08-26T12:26:31+07:00 INFO (6): 
Elapsed Secs: 0.0003
Query: SELECT `user`.*, `cabang`.* FROM `user`
 INNER JOIN `cabang` ON cabang.id_cabang = user.id_cabang WHERE (user.username = 'admin') AND (user.password = 'd033e22ae348aeb5660fc2140aec35850c4da997')
Params: []

2015-08-26T12:26:31+07:00 INFO (6): 
Elapsed Secs: 0.00026
Query: SELECT `user`.*, `user_login`.*, `cabang`.* FROM `user`
 INNER JOIN `user_login` ON user_login.id_user = user.id_user
 INNER JOIN `cabang` ON cabang.id_cabang = user.id_cabang WHERE (user.id_user = '16')
Params: []

2015-08-26T12:26:32+07:00 INFO (6): 
Elapsed Secs: 0.09324
Query: UPDATE `user_login` SET `last_login` = ?, `login_time` = NOW(), `ip_login` = ?, `status` = ? WHERE (id_user = '16')
Params: {"1":"2015-08-26 10:48:32","2":"127.0.0.1","3":1}

2015-08-26T12:26:32+07:00 INFO (6): 
Elapsed Secs: 0.00029
Query: SELECT `user`.*, `user_login`.*, `cabang`.* FROM `user`
 INNER JOIN `user_login` ON user_login.id_user = user.id_user
 INNER JOIN `cabang` ON cabang.id_cabang = user.id_cabang WHERE (user.id_user = '16')
Params: []

2015-08-26T12:26:36+07:00 INFO (6): 
Elapsed Secs: 0.00028
Query: connect
Params: []

2015-08-26T12:26:36+07:00 INFO (6): 
Elapsed Secs: 0.00067
Query: DESCRIBE `costumer`
Params: []

2015-08-26T12:26:36+07:00 INFO (6): 
Elapsed Secs: 0.00027
Query: SELECT `cos`.`nik_costumer`, `cos`.`nama`, `cos`.`alamat`, `cos`.`jenis_kelamin`, `cos`.`tempat_lahir`, `cos`.`tanggal_lahir`, `cos`.`nama_ibu`, `cos`.`agama`, `cos`.`status`, `cos`.`pekerjaan`, `cos`.`alamat_tempat_kerja`, `cos`.`hp`, `cos`.`telpon`, `us`.`realname` FROM `costumer` AS `cos`
 INNER JOIN `user` AS `us` ON cos.id_user=us.id_user
 INNER JOIN `cabang` AS `cb` ON us.id_cabang = cb.id_cabang WHERE (cos.id_cabang = '001')
Params: []

2015-08-26T12:27:32+07:00 INFO (6): 
Elapsed Secs: 0.00204
Query: connect
Params: []

2015-08-26T12:27:32+07:00 INFO (6): 
Elapsed Secs: 0.00127
Query: DESCRIBE `costumer`
Params: []

2015-08-26T12:27:32+07:00 INFO (6): 
Elapsed Secs: 0.01174
Query: SELECT `cos`.`nik_costumer`, `cos`.`nama`, `cos`.`alamat`, `cos`.`jenis_kelamin`, `cos`.`tempat_lahir`, `cos`.`tanggal_lahir`, `cos`.`nama_ibu`, `cos`.`agama`, `cos`.`status`, `cos`.`pekerjaan`, `cos`.`alamat_tempat_kerja`, `cos`.`hp`, `cos`.`telpon`, `cos`.`npwp`, `cos`.`kota`, `cos`.`provinsi`, `cos`.`kode_pos`, `cos`.`penghasilan_perbulan`, `cos`.`jumlah_tanggungan`, `us`.`realname`, `cb`.`cabang` FROM `costumer` AS `cos`
 INNER JOIN `user` AS `us` ON cos.id_user=us.id_user
 INNER JOIN `cabang` AS `cb` ON us.id_cabang = cb.id_cabang WHERE (cos.nik_costumer = '909999')
Params: []

2015-08-26T12:27:32+07:00 INFO (6): 
Elapsed Secs: 0.00035
Query: connect
Params: []

2015-08-26T12:27:32+07:00 INFO (6): 
Elapsed Secs: 0.00036
Query: SELECT `penj`.* FROM `costumer` AS `cos`
 INNER JOIN `penjamin` AS `penj` ON penj.nik_costumer = cos.nik_costumer WHERE (cos.nik_costumer = '909999')
Params: []

2015-08-26T12:27:32+07:00 INFO (6): 
Elapsed Secs: 0.00083
Query: DESCRIBE `kendaraan`
Params: []

2015-08-26T12:27:32+07:00 INFO (6): 
Elapsed Secs: 0.00028
Query: SELECT `kendaraan`.* FROM `kendaraan` WHERE (nik_costumer = '909999') LIMIT 1
Params: []

2015-08-26T12:27:32+07:00 INFO (6): 
Elapsed Secs: 0.00087
Query: DESCRIBE `pinjaman`
Params: []

2015-08-26T12:27:32+07:00 INFO (6): 
Elapsed Secs: 0.02042
Query: SELECT `pinjaman`.* FROM `pinjaman` WHERE (nik_costumer = '909999') LIMIT 1
Params: []

2015-08-26T12:27:36+07:00 INFO (6): 
Elapsed Secs: 0.00046
Query: connect
Params: []

2015-08-26T12:27:36+07:00 INFO (6): 
Elapsed Secs: 0.00098
Query: DESCRIBE `costumer`
Params: []

2015-08-26T12:27:36+07:00 INFO (6): 
Elapsed Secs: 0.0004
Query: SELECT `cos`.`nik_costumer`, `cos`.`nama`, `cos`.`alamat`, `cos`.`jenis_kelamin`, `cos`.`tempat_lahir`, `cos`.`tanggal_lahir`, `cos`.`nama_ibu`, `cos`.`agama`, `cos`.`status`, `cos`.`pekerjaan`, `cos`.`alamat_tempat_kerja`, `cos`.`hp`, `cos`.`telpon`, `us`.`realname` FROM `costumer` AS `cos`
 INNER JOIN `user` AS `us` ON cos.id_user=us.id_user
 INNER JOIN `cabang` AS `cb` ON us.id_cabang = cb.id_cabang WHERE (cos.id_cabang = '001')
Params: []

2015-08-26T12:27:37+07:00 INFO (6): 
Elapsed Secs: 0.00028
Query: connect
Params: []

2015-08-26T12:27:37+07:00 INFO (6): 
Elapsed Secs: 0.00062
Query: DESCRIBE `costumer`
Params: []

2015-08-26T12:27:37+07:00 INFO (6): 
Elapsed Secs: 0.00027
Query: SELECT `cos`.`nik_costumer`, `cos`.`nama`, `cos`.`alamat`, `cos`.`jenis_kelamin`, `cos`.`tempat_lahir`, `cos`.`tanggal_lahir`, `cos`.`nama_ibu`, `cos`.`agama`, `cos`.`status`, `cos`.`pekerjaan`, `cos`.`alamat_tempat_kerja`, `cos`.`hp`, `cos`.`telpon`, `cos`.`npwp`, `cos`.`kota`, `cos`.`provinsi`, `cos`.`kode_pos`, `cos`.`penghasilan_perbulan`, `cos`.`jumlah_tanggungan`, `us`.`realname`, `cb`.`cabang` FROM `costumer` AS `cos`
 INNER JOIN `user` AS `us` ON cos.id_user=us.id_user
 INNER JOIN `cabang` AS `cb` ON us.id_cabang = cb.id_cabang WHERE (cos.nik_costumer = '123456789')
Params: []

2015-08-26T12:27:37+07:00 INFO (6): 
Elapsed Secs: 0.00027
Query: connect
Params: []

2015-08-26T12:27:37+07:00 INFO (6): 
Elapsed Secs: 0.00023
Query: SELECT `penj`.* FROM `costumer` AS `cos`
 INNER JOIN `penjamin` AS `penj` ON penj.nik_costumer = cos.nik_costumer WHERE (cos.nik_costumer = '123456789')
Params: []

2015-08-26T12:27:37+07:00 INFO (6): 
Elapsed Secs: 0.00052
Query: DESCRIBE `kendaraan`
Params: []

2015-08-26T12:27:37+07:00 INFO (6): 
Elapsed Secs: 0.0002
Query: SELECT `kendaraan`.* FROM `kendaraan` WHERE (nik_costumer = '123456789') LIMIT 1
Params: []

2015-08-26T12:27:37+07:00 INFO (6): 
Elapsed Secs: 0.00046
Query: DESCRIBE `pinjaman`
Params: []

2015-08-26T12:27:37+07:00 INFO (6): 
Elapsed Secs: 0.00017
Query: SELECT `pinjaman`.* FROM `pinjaman` WHERE (nik_costumer = '123456789') LIMIT 1
Params: []

2015-08-26T12:27:40+07:00 INFO (6): 
Elapsed Secs: 0.00029
Query: connect
Params: []

2015-08-26T12:27:40+07:00 INFO (6): 
Elapsed Secs: 0.0007
Query: DESCRIBE `costumer`
Params: []

2015-08-26T12:27:40+07:00 INFO (6): 
Elapsed Secs: 0.00032
Query: SELECT `cos`.`nik_costumer`, `cos`.`nama`, `cos`.`alamat`, `cos`.`jenis_kelamin`, `cos`.`tempat_lahir`, `cos`.`tanggal_lahir`, `cos`.`nama_ibu`, `cos`.`agama`, `cos`.`status`, `cos`.`pekerjaan`, `cos`.`alamat_tempat_kerja`, `cos`.`hp`, `cos`.`telpon`, `us`.`realname` FROM `costumer` AS `cos`
 INNER JOIN `user` AS `us` ON cos.id_user=us.id_user
 INNER JOIN `cabang` AS `cb` ON us.id_cabang = cb.id_cabang WHERE (cos.id_cabang = '001')
Params: []

2015-08-26T12:42:07+07:00 INFO (6): 
Elapsed Secs: 0.00143
Query: connect
Params: []

2015-08-26T12:42:07+07:00 INFO (6): 
Elapsed Secs: 0.04361
Query: UPDATE `user_login` SET `status` = ? WHERE (id_user ='16')
Params: {"1":0}

