2015-07-15T23:48:50+07:00 INFO (6): 
Elapsed Secs: 0.18604
Query: connect
Params: []

2015-07-15T23:48:50+07:00 INFO (6): 
Elapsed Secs: 0.00111
Query: DESCRIBE `user`
Params: []

2015-07-15T23:48:50+07:00 INFO (6): 
Elapsed Secs: 0.00034
Query: connect
Params: []

2015-07-15T23:48:50+07:00 INFO (6): 
Elapsed Secs: 0.00034
Query: SELECT `user`.*, `cabang`.* FROM `user`
 INNER JOIN `cabang` ON cabang.id_cabang = user.id_cabang WHERE (user.username = 'kasir') AND (user.password = 'd033e22ae348aeb5660fc2140aec35850c4da997')
Params: []

2015-07-15T23:48:50+07:00 INFO (6): 
Elapsed Secs: 0.00031
Query: SELECT `user`.*, `user_login`.*, `cabang`.* FROM `user`
 INNER JOIN `user_login` ON user_login.id_user = user.id_user
 INNER JOIN `cabang` ON cabang.id_cabang = user.id_cabang WHERE (user.id_user = '18')
Params: []

2015-07-15T23:48:50+07:00 INFO (6): 
Elapsed Secs: 0.08671
Query: UPDATE `user_login` SET `last_login` = ?, `login_time` = NOW(), `ip_login` = ?, `status` = ? WHERE (id_user = '18')
Params: {"1":"2015-07-15 14:17:45","2":"127.0.0.1","3":1}

2015-07-15T23:48:50+07:00 INFO (6): 
Elapsed Secs: 0.00031
Query: SELECT `user`.*, `user_login`.*, `cabang`.* FROM `user`
 INNER JOIN `user_login` ON user_login.id_user = user.id_user
 INNER JOIN `cabang` ON cabang.id_cabang = user.id_cabang WHERE (user.id_user = '18')
Params: []

2015-07-15T23:48:54+07:00 INFO (6): 
Elapsed Secs: 0.00031
Query: connect
Params: []

2015-07-15T23:48:54+07:00 INFO (6): 
Elapsed Secs: 0.00145
Query: DESCRIBE `costumer`
Params: []

2015-07-15T23:48:54+07:00 INFO (6): 
Elapsed Secs: 0.0002
Query: connect
Params: []

2015-07-15T23:48:54+07:00 INFO (6): 
Elapsed Secs: 0.00034
Query: SELECT `pinj`.`no_kontrak` FROM `costumer` AS `cos`
 INNER JOIN `pinjaman` AS `pinj` ON pinj.nik_costumer =  cos.nik_costumer
 INNER JOIN `kendaraan` AS `kend` ON kend.no_polisi = pinj.no_polisi
Params: []

2015-07-15T23:48:56+07:00 INFO (6): 
Elapsed Secs: 0.00015
Query: connect
Params: []

2015-07-15T23:48:56+07:00 INFO (6): 
Elapsed Secs: 0.00115
Query: DESCRIBE `costumer`
Params: []

2015-07-15T23:48:56+07:00 INFO (6): 
Elapsed Secs: 0.00016
Query: connect
Params: []

2015-07-15T23:48:56+07:00 INFO (6): 
Elapsed Secs: 0.00022
Query: SELECT `pinj`.`no_kontrak` FROM `costumer` AS `cos`
 INNER JOIN `pinjaman` AS `pinj` ON pinj.nik_costumer =  cos.nik_costumer
 INNER JOIN `kendaraan` AS `kend` ON kend.no_polisi = pinj.no_polisi
Params: []

2015-07-15T23:48:56+07:00 INFO (6): 
Elapsed Secs: 0.00019
Query: SELECT `pinj`.`no_kontrak`, `cos`.`nama`, `kend`.`no_polisi`, `pinj`.`angsuran_perbulan`, `pinj`.`tanggal_jatuh_tempo` FROM `costumer` AS `cos`
 INNER JOIN `pinjaman` AS `pinj` ON pinj.nik_costumer =  cos.nik_costumer
 INNER JOIN `kendaraan` AS `kend` ON kend.no_polisi = pinj.no_polisi WHERE (pinj.no_kontrak = '29-MF-00001-15') GROUP BY `pinj`.`no_kontrak`
Params: []

2015-07-15T23:48:56+07:00 INFO (6): 
Elapsed Secs: 0.00082
Query: DESCRIBE `pembayaran`
Params: []

2015-07-15T23:48:56+07:00 INFO (6): 
Elapsed Secs: 0.00017
Query: SELECT `pemb`.`angsuran_ke` FROM `pembayaran` AS `pemb` WHERE (no_kontrak = '29-MF-00001-15' ) ORDER BY `id_pembayaran` desc
Params: []

2015-07-15T23:48:59+07:00 INFO (6): 
Elapsed Secs: 0.00029
Query: connect
Params: []

2015-07-15T23:48:59+07:00 INFO (6): 
Elapsed Secs: 0.00174
Query: DESCRIBE `costumer`
Params: []

2015-07-15T23:48:59+07:00 INFO (6): 
Elapsed Secs: 0.00023
Query: connect
Params: []

2015-07-15T23:48:59+07:00 INFO (6): 
Elapsed Secs: 0.00029
Query: SELECT `pinj`.`no_kontrak` FROM `costumer` AS `cos`
 INNER JOIN `pinjaman` AS `pinj` ON pinj.nik_costumer =  cos.nik_costumer
 INNER JOIN `kendaraan` AS `kend` ON kend.no_polisi = pinj.no_polisi
Params: []

2015-07-15T23:48:59+07:00 INFO (6): 
Elapsed Secs: 0.00021
Query: SELECT `pinj`.`no_kontrak`, `cos`.`nama`, `kend`.`no_polisi`, `pinj`.`angsuran_perbulan`, `pinj`.`tanggal_jatuh_tempo` FROM `costumer` AS `cos`
 INNER JOIN `pinjaman` AS `pinj` ON pinj.nik_costumer =  cos.nik_costumer
 INNER JOIN `kendaraan` AS `kend` ON kend.no_polisi = pinj.no_polisi WHERE (pinj.no_kontrak = '29-MF-00157-15') GROUP BY `pinj`.`no_kontrak`
Params: []

2015-07-15T23:48:59+07:00 INFO (6): 
Elapsed Secs: 0.00145
Query: DESCRIBE `pembayaran`
Params: []

2015-07-15T23:48:59+07:00 INFO (6): 
Elapsed Secs: 0.00017
Query: SELECT `pemb`.`angsuran_ke` FROM `pembayaran` AS `pemb` WHERE (no_kontrak = '29-MF-00157-15' ) ORDER BY `id_pembayaran` desc
Params: []

2015-07-15T23:49:01+07:00 INFO (6): 
Elapsed Secs: 0.0002
Query: connect
Params: []

2015-07-15T23:49:01+07:00 INFO (6): 
Elapsed Secs: 0.00115
Query: DESCRIBE `costumer`
Params: []

2015-07-15T23:49:01+07:00 INFO (6): 
Elapsed Secs: 0.00015
Query: connect
Params: []

2015-07-15T23:49:01+07:00 INFO (6): 
Elapsed Secs: 0.0002
Query: SELECT `pinj`.`no_kontrak` FROM `costumer` AS `cos`
 INNER JOIN `pinjaman` AS `pinj` ON pinj.nik_costumer =  cos.nik_costumer
 INNER JOIN `kendaraan` AS `kend` ON kend.no_polisi = pinj.no_polisi
Params: []

2015-07-15T23:49:01+07:00 INFO (6): 
Elapsed Secs: 0.00013
Query: SELECT `pinj`.`no_kontrak`, `cos`.`nama`, `kend`.`no_polisi`, `pinj`.`angsuran_perbulan`, `pinj`.`tanggal_jatuh_tempo` FROM `costumer` AS `cos`
 INNER JOIN `pinjaman` AS `pinj` ON pinj.nik_costumer =  cos.nik_costumer
 INNER JOIN `kendaraan` AS `kend` ON kend.no_polisi = pinj.no_polisi WHERE (pinj.no_kontrak = '29') GROUP BY `pinj`.`no_kontrak`
Params: []

2015-07-15T23:49:01+07:00 INFO (6): 
Elapsed Secs: 0.00096
Query: DESCRIBE `pembayaran`
Params: []

2015-07-15T23:49:01+07:00 INFO (6): 
Elapsed Secs: 0.00016
Query: SELECT `pemb`.`angsuran_ke` FROM `pembayaran` AS `pemb` WHERE (no_kontrak = '29' ) ORDER BY `id_pembayaran` desc
Params: []

2015-07-15T23:49:02+07:00 INFO (6): 
Elapsed Secs: 0.00023
Query: connect
Params: []

2015-07-15T23:49:02+07:00 INFO (6): 
Elapsed Secs: 0.00126
Query: DESCRIBE `costumer`
Params: []

2015-07-15T23:49:02+07:00 INFO (6): 
Elapsed Secs: 0.00019
Query: connect
Params: []

2015-07-15T23:49:02+07:00 INFO (6): 
Elapsed Secs: 0.00024
Query: SELECT `pinj`.`no_kontrak` FROM `costumer` AS `cos`
 INNER JOIN `pinjaman` AS `pinj` ON pinj.nik_costumer =  cos.nik_costumer
 INNER JOIN `kendaraan` AS `kend` ON kend.no_polisi = pinj.no_polisi
Params: []

2015-07-15T23:49:02+07:00 INFO (6): 
Elapsed Secs: 0.00033
Query: SELECT `pinj`.`no_kontrak`, `cos`.`nama`, `kend`.`no_polisi`, `pinj`.`angsuran_perbulan`, `pinj`.`tanggal_jatuh_tempo` FROM `costumer` AS `cos`
 INNER JOIN `pinjaman` AS `pinj` ON pinj.nik_costumer =  cos.nik_costumer
 INNER JOIN `kendaraan` AS `kend` ON kend.no_polisi = pinj.no_polisi WHERE (pinj.no_kontrak = '29-MF-00001-15') GROUP BY `pinj`.`no_kontrak`
Params: []

2015-07-15T23:49:02+07:00 INFO (6): 
Elapsed Secs: 0.0011
Query: DESCRIBE `pembayaran`
Params: []

2015-07-15T23:49:02+07:00 INFO (6): 
Elapsed Secs: 0.00017
Query: SELECT `pemb`.`angsuran_ke` FROM `pembayaran` AS `pemb` WHERE (no_kontrak = '29-MF-00001-15' ) ORDER BY `id_pembayaran` desc
Params: []

2015-07-15T23:49:05+07:00 INFO (6): 
Elapsed Secs: 0.00023
Query: connect
Params: []

2015-07-15T23:49:05+07:00 INFO (6): 
Elapsed Secs: 0.00117
Query: DESCRIBE `costumer`
Params: []

2015-07-15T23:49:05+07:00 INFO (6): 
Elapsed Secs: 0.00017
Query: connect
Params: []

2015-07-15T23:49:05+07:00 INFO (6): 
Elapsed Secs: 0.0002
Query: SELECT `pinj`.`no_kontrak` FROM `costumer` AS `cos`
 INNER JOIN `pinjaman` AS `pinj` ON pinj.nik_costumer =  cos.nik_costumer
 INNER JOIN `kendaraan` AS `kend` ON kend.no_polisi = pinj.no_polisi
Params: []

2015-07-15T23:49:05+07:00 INFO (6): 
Elapsed Secs: 0.00018
Query: SELECT `pinj`.`no_kontrak`, `cos`.`nama`, `kend`.`no_polisi`, `pinj`.`angsuran_perbulan`, `pinj`.`tanggal_jatuh_tempo` FROM `costumer` AS `cos`
 INNER JOIN `pinjaman` AS `pinj` ON pinj.nik_costumer =  cos.nik_costumer
 INNER JOIN `kendaraan` AS `kend` ON kend.no_polisi = pinj.no_polisi WHERE (pinj.no_kontrak = '29-MF-00157-15') GROUP BY `pinj`.`no_kontrak`
Params: []

2015-07-15T23:49:05+07:00 INFO (6): 
Elapsed Secs: 0.0011
Query: DESCRIBE `pembayaran`
Params: []

2015-07-15T23:49:05+07:00 INFO (6): 
Elapsed Secs: 0.00018
Query: SELECT `pemb`.`angsuran_ke` FROM `pembayaran` AS `pemb` WHERE (no_kontrak = '29-MF-00157-15' ) ORDER BY `id_pembayaran` desc
Params: []

2015-07-15T23:49:08+07:00 INFO (6): 
Elapsed Secs: 0.0002
Query: connect
Params: []

2015-07-15T23:49:08+07:00 INFO (6): 
Elapsed Secs: 0.00115
Query: DESCRIBE `costumer`
Params: []

2015-07-15T23:49:08+07:00 INFO (6): 
Elapsed Secs: 0.00016
Query: connect
Params: []

2015-07-15T23:49:08+07:00 INFO (6): 
Elapsed Secs: 0.0002
Query: SELECT `pinj`.`no_kontrak` FROM `costumer` AS `cos`
 INNER JOIN `pinjaman` AS `pinj` ON pinj.nik_costumer =  cos.nik_costumer
 INNER JOIN `kendaraan` AS `kend` ON kend.no_polisi = pinj.no_polisi
Params: []

2015-07-15T23:49:08+07:00 INFO (6): 
Elapsed Secs: 0.00015
Query: SELECT `pinj`.`no_kontrak`, `cos`.`nama`, `kend`.`no_polisi`, `pinj`.`angsuran_perbulan`, `pinj`.`tanggal_jatuh_tempo` FROM `costumer` AS `cos`
 INNER JOIN `pinjaman` AS `pinj` ON pinj.nik_costumer =  cos.nik_costumer
 INNER JOIN `kendaraan` AS `kend` ON kend.no_polisi = pinj.no_polisi WHERE (pinj.no_kontrak = '29-MF-00001-15') GROUP BY `pinj`.`no_kontrak`
Params: []

2015-07-15T23:49:08+07:00 INFO (6): 
Elapsed Secs: 0.00094
Query: DESCRIBE `pembayaran`
Params: []

2015-07-15T23:49:08+07:00 INFO (6): 
Elapsed Secs: 0.00012
Query: SELECT `pemb`.`angsuran_ke` FROM `pembayaran` AS `pemb` WHERE (no_kontrak = '29-MF-00001-15' ) ORDER BY `id_pembayaran` desc
Params: []

2015-07-15T23:49:11+07:00 INFO (6): 
Elapsed Secs: 0.00029
Query: connect
Params: []

2015-07-15T23:49:11+07:00 INFO (6): 
Elapsed Secs: 0.00117
Query: DESCRIBE `costumer`
Params: []

2015-07-15T23:49:11+07:00 INFO (6): 
Elapsed Secs: 0.0002
Query: connect
Params: []

2015-07-15T23:49:11+07:00 INFO (6): 
Elapsed Secs: 0.0002
Query: SELECT `pinj`.`no_kontrak` FROM `costumer` AS `cos`
 INNER JOIN `pinjaman` AS `pinj` ON pinj.nik_costumer =  cos.nik_costumer
 INNER JOIN `kendaraan` AS `kend` ON kend.no_polisi = pinj.no_polisi
Params: []

2015-07-15T23:49:11+07:00 INFO (6): 
Elapsed Secs: 0.00014
Query: SELECT `pinj`.`no_kontrak`, `cos`.`nama`, `kend`.`no_polisi`, `pinj`.`angsuran_perbulan`, `pinj`.`tanggal_jatuh_tempo` FROM `costumer` AS `cos`
 INNER JOIN `pinjaman` AS `pinj` ON pinj.nik_costumer =  cos.nik_costumer
 INNER JOIN `kendaraan` AS `kend` ON kend.no_polisi = pinj.no_polisi WHERE (pinj.no_kontrak = '29-MF-00157-15') GROUP BY `pinj`.`no_kontrak`
Params: []

2015-07-15T23:49:11+07:00 INFO (6): 
Elapsed Secs: 0.00109
Query: DESCRIBE `pembayaran`
Params: []

2015-07-15T23:49:11+07:00 INFO (6): 
Elapsed Secs: 0.00014
Query: SELECT `pemb`.`angsuran_ke` FROM `pembayaran` AS `pemb` WHERE (no_kontrak = '29-MF-00157-15' ) ORDER BY `id_pembayaran` desc
Params: []

2015-07-15T23:49:13+07:00 INFO (6): 
Elapsed Secs: 0.00019
Query: connect
Params: []

2015-07-15T23:49:13+07:00 INFO (6): 
Elapsed Secs: 0.00111
Query: DESCRIBE `costumer`
Params: []

2015-07-15T23:49:13+07:00 INFO (6): 
Elapsed Secs: 0.00012
Query: connect
Params: []

2015-07-15T23:49:13+07:00 INFO (6): 
Elapsed Secs: 0.0002
Query: SELECT `pinj`.`no_kontrak` FROM `costumer` AS `cos`
 INNER JOIN `pinjaman` AS `pinj` ON pinj.nik_costumer =  cos.nik_costumer
 INNER JOIN `kendaraan` AS `kend` ON kend.no_polisi = pinj.no_polisi
Params: []

2015-07-15T23:49:13+07:00 INFO (6): 
Elapsed Secs: 0.00018
Query: SELECT `pinj`.`no_kontrak`, `cos`.`nama`, `kend`.`no_polisi`, `pinj`.`angsuran_perbulan`, `pinj`.`tanggal_jatuh_tempo` FROM `costumer` AS `cos`
 INNER JOIN `pinjaman` AS `pinj` ON pinj.nik_costumer =  cos.nik_costumer
 INNER JOIN `kendaraan` AS `kend` ON kend.no_polisi = pinj.no_polisi WHERE (pinj.no_kontrak = '29-MF-00001-15') GROUP BY `pinj`.`no_kontrak`
Params: []

2015-07-15T23:49:13+07:00 INFO (6): 
Elapsed Secs: 0.00095
Query: DESCRIBE `pembayaran`
Params: []

2015-07-15T23:49:13+07:00 INFO (6): 
Elapsed Secs: 0.00012
Query: SELECT `pemb`.`angsuran_ke` FROM `pembayaran` AS `pemb` WHERE (no_kontrak = '29-MF-00001-15' ) ORDER BY `id_pembayaran` desc
Params: []

2015-07-15T23:49:15+07:00 INFO (6): 
Elapsed Secs: 0.00015
Query: connect
Params: []

2015-07-15T23:49:15+07:00 INFO (6): 
Elapsed Secs: 0.00111
Query: DESCRIBE `costumer`
Params: []

2015-07-15T23:49:15+07:00 INFO (6): 
Elapsed Secs: 0.00012
Query: connect
Params: []

2015-07-15T23:49:15+07:00 INFO (6): 
Elapsed Secs: 0.00016
Query: SELECT `pinj`.`no_kontrak` FROM `costumer` AS `cos`
 INNER JOIN `pinjaman` AS `pinj` ON pinj.nik_costumer =  cos.nik_costumer
 INNER JOIN `kendaraan` AS `kend` ON kend.no_polisi = pinj.no_polisi
Params: []

2015-07-15T23:49:15+07:00 INFO (6): 
Elapsed Secs: 0.00012
Query: SELECT `pinj`.`no_kontrak`, `cos`.`nama`, `kend`.`no_polisi`, `pinj`.`angsuran_perbulan`, `pinj`.`tanggal_jatuh_tempo` FROM `costumer` AS `cos`
 INNER JOIN `pinjaman` AS `pinj` ON pinj.nik_costumer =  cos.nik_costumer
 INNER JOIN `kendaraan` AS `kend` ON kend.no_polisi = pinj.no_polisi WHERE (pinj.no_kontrak = '29-MF-00157-15') GROUP BY `pinj`.`no_kontrak`
Params: []

2015-07-15T23:49:15+07:00 INFO (6): 
Elapsed Secs: 0.00086
Query: DESCRIBE `pembayaran`
Params: []

2015-07-15T23:49:15+07:00 INFO (6): 
Elapsed Secs: 9.0E-5
Query: SELECT `pemb`.`angsuran_ke` FROM `pembayaran` AS `pemb` WHERE (no_kontrak = '29-MF-00157-15' ) ORDER BY `id_pembayaran` desc
Params: []

2015-07-15T23:49:19+07:00 INFO (6): 
Elapsed Secs: 0.00018
Query: connect
Params: []

2015-07-15T23:49:19+07:00 INFO (6): 
Elapsed Secs: 0.00114
Query: DESCRIBE `costumer`
Params: []

2015-07-15T23:49:19+07:00 INFO (6): 
Elapsed Secs: 0.0003
Query: connect
Params: []

2015-07-15T23:49:19+07:00 INFO (6): 
Elapsed Secs: 0.00016
Query: SELECT `pinj`.`no_kontrak` FROM `costumer` AS `cos`
 INNER JOIN `pinjaman` AS `pinj` ON pinj.nik_costumer =  cos.nik_costumer
 INNER JOIN `kendaraan` AS `kend` ON kend.no_polisi = pinj.no_polisi
Params: []

2015-07-15T23:49:19+07:00 INFO (6): 
Elapsed Secs: 0.00011
Query: SELECT `pinj`.`no_kontrak`, `cos`.`nama`, `kend`.`no_polisi`, `pinj`.`angsuran_perbulan`, `pinj`.`tanggal_jatuh_tempo` FROM `costumer` AS `cos`
 INNER JOIN `pinjaman` AS `pinj` ON pinj.nik_costumer =  cos.nik_costumer
 INNER JOIN `kendaraan` AS `kend` ON kend.no_polisi = pinj.no_polisi WHERE (pinj.no_kontrak = '29-MF-00001-15') GROUP BY `pinj`.`no_kontrak`
Params: []

2015-07-15T23:49:19+07:00 INFO (6): 
Elapsed Secs: 0.00104
Query: DESCRIBE `pembayaran`
Params: []

2015-07-15T23:49:19+07:00 INFO (6): 
Elapsed Secs: 0.00014
Query: SELECT `pemb`.`angsuran_ke` FROM `pembayaran` AS `pemb` WHERE (no_kontrak = '29-MF-00001-15' ) ORDER BY `id_pembayaran` desc
Params: []

2015-07-15T23:49:21+07:00 INFO (6): 
Elapsed Secs: 0.00019
Query: connect
Params: []

2015-07-15T23:49:21+07:00 INFO (6): 
Elapsed Secs: 0.00116
Query: DESCRIBE `costumer`
Params: []

2015-07-15T23:49:21+07:00 INFO (6): 
Elapsed Secs: 0.00017
Query: connect
Params: []

2015-07-15T23:49:21+07:00 INFO (6): 
Elapsed Secs: 0.00019
Query: SELECT `pinj`.`no_kontrak` FROM `costumer` AS `cos`
 INNER JOIN `pinjaman` AS `pinj` ON pinj.nik_costumer =  cos.nik_costumer
 INNER JOIN `kendaraan` AS `kend` ON kend.no_polisi = pinj.no_polisi
Params: []

2015-07-15T23:49:21+07:00 INFO (6): 
Elapsed Secs: 0.00012
Query: SELECT `pinj`.`no_kontrak`, `cos`.`nama`, `kend`.`no_polisi`, `pinj`.`angsuran_perbulan`, `pinj`.`tanggal_jatuh_tempo` FROM `costumer` AS `cos`
 INNER JOIN `pinjaman` AS `pinj` ON pinj.nik_costumer =  cos.nik_costumer
 INNER JOIN `kendaraan` AS `kend` ON kend.no_polisi = pinj.no_polisi WHERE (pinj.no_kontrak = '30') GROUP BY `pinj`.`no_kontrak`
Params: []

2015-07-15T23:49:21+07:00 INFO (6): 
Elapsed Secs: 0.00095
Query: DESCRIBE `pembayaran`
Params: []

2015-07-15T23:49:21+07:00 INFO (6): 
Elapsed Secs: 0.00012
Query: SELECT `pemb`.`angsuran_ke` FROM `pembayaran` AS `pemb` WHERE (no_kontrak = '30' ) ORDER BY `id_pembayaran` desc
Params: []

2015-07-15T23:49:57+07:00 INFO (6): 
Elapsed Secs: 0.00149
Query: connect
Params: []

2015-07-15T23:49:57+07:00 INFO (6): 
Elapsed Secs: 0.00122
Query: DESCRIBE `costumer`
Params: []

2015-07-15T23:49:57+07:00 INFO (6): 
Elapsed Secs: 0.00022
Query: connect
Params: []

2015-07-15T23:49:57+07:00 INFO (6): 
Elapsed Secs: 0.00023
Query: SELECT `pinj`.`no_kontrak` FROM `costumer` AS `cos`
 INNER JOIN `pinjaman` AS `pinj` ON pinj.nik_costumer =  cos.nik_costumer
 INNER JOIN `kendaraan` AS `kend` ON kend.no_polisi = pinj.no_polisi
Params: []

2015-07-15T23:49:57+07:00 INFO (6): 
Elapsed Secs: 0.00015
Query: SELECT `pinj`.`no_kontrak`, `cos`.`nama`, `kend`.`no_polisi`, `pinj`.`angsuran_perbulan`, `pinj`.`tanggal_jatuh_tempo` FROM `costumer` AS `cos`
 INNER JOIN `pinjaman` AS `pinj` ON pinj.nik_costumer =  cos.nik_costumer
 INNER JOIN `kendaraan` AS `kend` ON kend.no_polisi = pinj.no_polisi WHERE (pinj.no_kontrak = '30') GROUP BY `pinj`.`no_kontrak`
Params: []

2015-07-15T23:49:57+07:00 INFO (6): 
Elapsed Secs: 0.00109
Query: DESCRIBE `pembayaran`
Params: []

2015-07-15T23:49:57+07:00 INFO (6): 
Elapsed Secs: 0.00017
Query: SELECT `pemb`.`angsuran_ke` FROM `pembayaran` AS `pemb` WHERE (no_kontrak = '30' ) ORDER BY `id_pembayaran` desc
Params: []

2015-07-15T23:51:25+07:00 INFO (6): 
Elapsed Secs: 0.00027
Query: connect
Params: []

2015-07-15T23:51:25+07:00 INFO (6): 
Elapsed Secs: 0.0012
Query: DESCRIBE `costumer`
Params: []

2015-07-15T23:51:25+07:00 INFO (6): 
Elapsed Secs: 0.00024
Query: connect
Params: []

2015-07-15T23:51:25+07:00 INFO (6): 
Elapsed Secs: 0.0003
Query: SELECT `pinj`.`no_kontrak` FROM `costumer` AS `cos`
 INNER JOIN `pinjaman` AS `pinj` ON pinj.nik_costumer =  cos.nik_costumer
 INNER JOIN `kendaraan` AS `kend` ON kend.no_polisi = pinj.no_polisi
Params: []

2015-07-15T23:51:25+07:00 INFO (6): 
Elapsed Secs: 0.00012
Query: SELECT `pinj`.`no_kontrak`, `cos`.`nama`, `kend`.`no_polisi`, `pinj`.`angsuran_perbulan`, `pinj`.`tanggal_jatuh_tempo` FROM `costumer` AS `cos`
 INNER JOIN `pinjaman` AS `pinj` ON pinj.nik_costumer =  cos.nik_costumer
 INNER JOIN `kendaraan` AS `kend` ON kend.no_polisi = pinj.no_polisi WHERE (pinj.no_kontrak = '30') GROUP BY `pinj`.`no_kontrak`
Params: []

2015-07-15T23:51:25+07:00 INFO (6): 
Elapsed Secs: 0.00118
Query: DESCRIBE `pembayaran`
Params: []

2015-07-15T23:51:25+07:00 INFO (6): 
Elapsed Secs: 0.00014
Query: SELECT `pemb`.`angsuran_ke` FROM `pembayaran` AS `pemb` WHERE (no_kontrak = '30' ) ORDER BY `id_pembayaran` desc
Params: []

2015-07-15T23:51:27+07:00 INFO (6): 
Elapsed Secs: 0.00118
Query: connect
Params: []

2015-07-15T23:51:27+07:00 INFO (6): 
Elapsed Secs: 0.00115
Query: DESCRIBE `costumer`
Params: []

2015-07-15T23:51:27+07:00 INFO (6): 
Elapsed Secs: 0.00017
Query: connect
Params: []

2015-07-15T23:51:27+07:00 INFO (6): 
Elapsed Secs: 0.00019
Query: SELECT `pinj`.`no_kontrak` FROM `costumer` AS `cos`
 INNER JOIN `pinjaman` AS `pinj` ON pinj.nik_costumer =  cos.nik_costumer
 INNER JOIN `kendaraan` AS `kend` ON kend.no_polisi = pinj.no_polisi
Params: []

2015-07-15T23:51:27+07:00 INFO (6): 
Elapsed Secs: 0.00014
Query: SELECT `pinj`.`no_kontrak`, `cos`.`nama`, `kend`.`no_polisi`, `pinj`.`angsuran_perbulan`, `pinj`.`tanggal_jatuh_tempo` FROM `costumer` AS `cos`
 INNER JOIN `pinjaman` AS `pinj` ON pinj.nik_costumer =  cos.nik_costumer
 INNER JOIN `kendaraan` AS `kend` ON kend.no_polisi = pinj.no_polisi WHERE (pinj.no_kontrak = '29-MF-00001-15') GROUP BY `pinj`.`no_kontrak`
Params: []

2015-07-15T23:51:27+07:00 INFO (6): 
Elapsed Secs: 0.00101
Query: DESCRIBE `pembayaran`
Params: []

2015-07-15T23:51:27+07:00 INFO (6): 
Elapsed Secs: 0.00012
Query: SELECT `pemb`.`angsuran_ke` FROM `pembayaran` AS `pemb` WHERE (no_kontrak = '29-MF-00001-15' ) ORDER BY `id_pembayaran` desc
Params: []

2015-07-15T23:51:29+07:00 INFO (6): 
Elapsed Secs: 0.00026
Query: connect
Params: []

2015-07-15T23:51:29+07:00 INFO (6): 
Elapsed Secs: 0.00131
Query: DESCRIBE `costumer`
Params: []

2015-07-15T23:51:29+07:00 INFO (6): 
Elapsed Secs: 0.00026
Query: connect
Params: []

2015-07-15T23:51:29+07:00 INFO (6): 
Elapsed Secs: 0.00028
Query: SELECT `pinj`.`no_kontrak` FROM `costumer` AS `cos`
 INNER JOIN `pinjaman` AS `pinj` ON pinj.nik_costumer =  cos.nik_costumer
 INNER JOIN `kendaraan` AS `kend` ON kend.no_polisi = pinj.no_polisi
Params: []

2015-07-15T23:51:29+07:00 INFO (6): 
Elapsed Secs: 0.00024
Query: SELECT `pinj`.`no_kontrak`, `cos`.`nama`, `kend`.`no_polisi`, `pinj`.`angsuran_perbulan`, `pinj`.`tanggal_jatuh_tempo` FROM `costumer` AS `cos`
 INNER JOIN `pinjaman` AS `pinj` ON pinj.nik_costumer =  cos.nik_costumer
 INNER JOIN `kendaraan` AS `kend` ON kend.no_polisi = pinj.no_polisi WHERE (pinj.no_kontrak = '30-MD-00156-15') GROUP BY `pinj`.`no_kontrak`
Params: []

2015-07-15T23:51:29+07:00 INFO (6): 
Elapsed Secs: 0.00153
Query: DESCRIBE `pembayaran`
Params: []

2015-07-15T23:51:29+07:00 INFO (6): 
Elapsed Secs: 0.0002
Query: SELECT `pemb`.`angsuran_ke` FROM `pembayaran` AS `pemb` WHERE (no_kontrak = '30-MD-00156-15' ) ORDER BY `id_pembayaran` desc
Params: []

2015-07-15T23:51:32+07:00 INFO (6): 
Elapsed Secs: 0.00024
Query: connect
Params: []

2015-07-15T23:51:32+07:00 INFO (6): 
Elapsed Secs: 0.0013
Query: DESCRIBE `costumer`
Params: []

2015-07-15T23:51:32+07:00 INFO (6): 
Elapsed Secs: 0.00027
Query: connect
Params: []

2015-07-15T23:51:32+07:00 INFO (6): 
Elapsed Secs: 0.00022
Query: SELECT `pinj`.`no_kontrak` FROM `costumer` AS `cos`
 INNER JOIN `pinjaman` AS `pinj` ON pinj.nik_costumer =  cos.nik_costumer
 INNER JOIN `kendaraan` AS `kend` ON kend.no_polisi = pinj.no_polisi
Params: []

2015-07-15T23:51:32+07:00 INFO (6): 
Elapsed Secs: 0.00024
Query: SELECT `pinj`.`no_kontrak`, `cos`.`nama`, `kend`.`no_polisi`, `pinj`.`angsuran_perbulan`, `pinj`.`tanggal_jatuh_tempo` FROM `costumer` AS `cos`
 INNER JOIN `pinjaman` AS `pinj` ON pinj.nik_costumer =  cos.nik_costumer
 INNER JOIN `kendaraan` AS `kend` ON kend.no_polisi = pinj.no_polisi WHERE (pinj.no_kontrak = '30-MF-00155-15') GROUP BY `pinj`.`no_kontrak`
Params: []

2015-07-15T23:51:32+07:00 INFO (6): 
Elapsed Secs: 0.00124
Query: DESCRIBE `pembayaran`
Params: []

2015-07-15T23:51:32+07:00 INFO (6): 
Elapsed Secs: 0.00013
Query: SELECT `pemb`.`angsuran_ke` FROM `pembayaran` AS `pemb` WHERE (no_kontrak = '30-MF-00155-15' ) ORDER BY `id_pembayaran` desc
Params: []

2015-07-15T23:51:42+07:00 INFO (6): 
Elapsed Secs: 0.0003
Query: connect
Params: []

2015-07-15T23:51:42+07:00 INFO (6): 
Elapsed Secs: 0.00125
Query: DESCRIBE `costumer`
Params: []

2015-07-15T23:51:42+07:00 INFO (6): 
Elapsed Secs: 0.0002
Query: connect
Params: []

2015-07-15T23:51:42+07:00 INFO (6): 
Elapsed Secs: 0.00024
Query: SELECT `pinj`.`no_kontrak` FROM `costumer` AS `cos`
 INNER JOIN `pinjaman` AS `pinj` ON pinj.nik_costumer =  cos.nik_costumer
 INNER JOIN `kendaraan` AS `kend` ON kend.no_polisi = pinj.no_polisi
Params: []

2015-07-15T23:51:42+07:00 INFO (6): 
Elapsed Secs: 0.0002
Query: SELECT `pinj`.`no_kontrak`, `cos`.`nama`, `kend`.`no_polisi`, `pinj`.`angsuran_perbulan`, `pinj`.`tanggal_jatuh_tempo` FROM `costumer` AS `cos`
 INNER JOIN `pinjaman` AS `pinj` ON pinj.nik_costumer =  cos.nik_costumer
 INNER JOIN `kendaraan` AS `kend` ON kend.no_polisi = pinj.no_polisi WHERE (pinj.no_kontrak = '30-MF-00155-15') GROUP BY `pinj`.`no_kontrak`
Params: []

2015-07-15T23:51:42+07:00 INFO (6): 
Elapsed Secs: 0.00116
Query: DESCRIBE `pembayaran`
Params: []

2015-07-15T23:51:42+07:00 INFO (6): 
Elapsed Secs: 0.00018
Query: SELECT `pemb`.`angsuran_ke` FROM `pembayaran` AS `pemb` WHERE (no_kontrak = '30-MF-00155-15' ) ORDER BY `id_pembayaran` desc
Params: []

2015-07-15T23:51:59+07:00 INFO (6): 
Elapsed Secs: 0.00119
Query: connect
Params: []

2015-07-15T23:51:59+07:00 INFO (6): 
Elapsed Secs: 0.00107
Query: DESCRIBE `costumer`
Params: []

2015-07-15T23:51:59+07:00 INFO (6): 
Elapsed Secs: 0.00025
Query: connect
Params: []

2015-07-15T23:51:59+07:00 INFO (6): 
Elapsed Secs: 0.00022
Query: SELECT `pinj`.`no_kontrak` FROM `costumer` AS `cos`
 INNER JOIN `pinjaman` AS `pinj` ON pinj.nik_costumer =  cos.nik_costumer
 INNER JOIN `kendaraan` AS `kend` ON kend.no_polisi = pinj.no_polisi
Params: []

2015-07-15T23:51:59+07:00 INFO (6): 
Elapsed Secs: 0.00017
Query: SELECT `pinj`.`no_kontrak`, `cos`.`nama`, `kend`.`no_polisi`, `pinj`.`angsuran_perbulan`, `pinj`.`tanggal_jatuh_tempo` FROM `costumer` AS `cos`
 INNER JOIN `pinjaman` AS `pinj` ON pinj.nik_costumer =  cos.nik_costumer
 INNER JOIN `kendaraan` AS `kend` ON kend.no_polisi = pinj.no_polisi WHERE (pinj.no_kontrak = '30-MF-00155-15') GROUP BY `pinj`.`no_kontrak`
Params: []

2015-07-15T23:51:59+07:00 INFO (6): 
Elapsed Secs: 0.00101
Query: DESCRIBE `pembayaran`
Params: []

2015-07-15T23:51:59+07:00 INFO (6): 
Elapsed Secs: 9.0E-5
Query: SELECT `pemb`.`angsuran_ke` FROM `pembayaran` AS `pemb` WHERE (no_kontrak = '30-MF-00155-15' ) ORDER BY `id_pembayaran` desc
Params: []

2015-07-15T23:52:05+07:00 INFO (6): 
Elapsed Secs: 0.00018
Query: connect
Params: []

2015-07-15T23:52:05+07:00 INFO (6): 
Elapsed Secs: 0.00112
Query: DESCRIBE `costumer`
Params: []

2015-07-15T23:52:05+07:00 INFO (6): 
Elapsed Secs: 0.00014
Query: connect
Params: []

2015-07-15T23:52:05+07:00 INFO (6): 
Elapsed Secs: 0.00017
Query: SELECT `pinj`.`no_kontrak` FROM `costumer` AS `cos`
 INNER JOIN `pinjaman` AS `pinj` ON pinj.nik_costumer =  cos.nik_costumer
 INNER JOIN `kendaraan` AS `kend` ON kend.no_polisi = pinj.no_polisi
Params: []

2015-07-15T23:52:05+07:00 INFO (6): 
Elapsed Secs: 0.00013
Query: SELECT `pinj`.`no_kontrak`, `cos`.`nama`, `kend`.`no_polisi`, `pinj`.`angsuran_perbulan`, `pinj`.`tanggal_jatuh_tempo` FROM `costumer` AS `cos`
 INNER JOIN `pinjaman` AS `pinj` ON pinj.nik_costumer =  cos.nik_costumer
 INNER JOIN `kendaraan` AS `kend` ON kend.no_polisi = pinj.no_polisi WHERE (pinj.no_kontrak = '29-MF-00001-15') GROUP BY `pinj`.`no_kontrak`
Params: []

2015-07-15T23:52:05+07:00 INFO (6): 
Elapsed Secs: 0.00117
Query: DESCRIBE `pembayaran`
Params: []

2015-07-15T23:52:05+07:00 INFO (6): 
Elapsed Secs: 0.00035
Query: SELECT `pemb`.`angsuran_ke` FROM `pembayaran` AS `pemb` WHERE (no_kontrak = '29-MF-00001-15' ) ORDER BY `id_pembayaran` desc
Params: []

2015-07-15T23:52:19+07:00 INFO (6): 
Elapsed Secs: 0.00109
Query: connect
Params: []

2015-07-15T23:52:19+07:00 INFO (6): 
Elapsed Secs: 0.00142
Query: DESCRIBE `costumer`
Params: []

2015-07-15T23:52:19+07:00 INFO (6): 
Elapsed Secs: 0.0002
Query: connect
Params: []

2015-07-15T23:52:19+07:00 INFO (6): 
Elapsed Secs: 0.0002
Query: SELECT `pinj`.`no_kontrak` FROM `costumer` AS `cos`
 INNER JOIN `pinjaman` AS `pinj` ON pinj.nik_costumer =  cos.nik_costumer
 INNER JOIN `kendaraan` AS `kend` ON kend.no_polisi = pinj.no_polisi
Params: []

2015-07-15T23:52:19+07:00 INFO (6): 
Elapsed Secs: 0.00017
Query: SELECT `pinj`.`no_kontrak`, `cos`.`nama`, `kend`.`no_polisi`, `pinj`.`angsuran_perbulan`, `pinj`.`tanggal_jatuh_tempo` FROM `costumer` AS `cos`
 INNER JOIN `pinjaman` AS `pinj` ON pinj.nik_costumer =  cos.nik_costumer
 INNER JOIN `kendaraan` AS `kend` ON kend.no_polisi = pinj.no_polisi WHERE (pinj.no_kontrak = '29-MF-00001-15') GROUP BY `pinj`.`no_kontrak`
Params: []

2015-07-15T23:52:19+07:00 INFO (6): 
Elapsed Secs: 0.00098
Query: DESCRIBE `pembayaran`
Params: []

2015-07-15T23:52:19+07:00 INFO (6): 
Elapsed Secs: 0.00018
Query: SELECT `pemb`.`angsuran_ke` FROM `pembayaran` AS `pemb` WHERE (no_kontrak = '29-MF-00001-15' ) ORDER BY `id_pembayaran` desc
Params: []

2015-07-15T23:52:21+07:00 INFO (6): 
Elapsed Secs: 0.00022
Query: connect
Params: []

2015-07-15T23:52:21+07:00 INFO (6): 
Elapsed Secs: 0.0012
Query: DESCRIBE `costumer`
Params: []

2015-07-15T23:52:21+07:00 INFO (6): 
Elapsed Secs: 0.0002
Query: connect
Params: []

2015-07-15T23:52:21+07:00 INFO (6): 
Elapsed Secs: 0.00025
Query: SELECT `pinj`.`no_kontrak` FROM `costumer` AS `cos`
 INNER JOIN `pinjaman` AS `pinj` ON pinj.nik_costumer =  cos.nik_costumer
 INNER JOIN `kendaraan` AS `kend` ON kend.no_polisi = pinj.no_polisi
Params: []

2015-07-15T23:52:21+07:00 INFO (6): 
Elapsed Secs: 0.00021
Query: SELECT `pinj`.`no_kontrak`, `cos`.`nama`, `kend`.`no_polisi`, `pinj`.`angsuran_perbulan`, `pinj`.`tanggal_jatuh_tempo` FROM `costumer` AS `cos`
 INNER JOIN `pinjaman` AS `pinj` ON pinj.nik_costumer =  cos.nik_costumer
 INNER JOIN `kendaraan` AS `kend` ON kend.no_polisi = pinj.no_polisi WHERE (pinj.no_kontrak = '29-MF-00001-15') GROUP BY `pinj`.`no_kontrak`
Params: []

2015-07-15T23:52:21+07:00 INFO (6): 
Elapsed Secs: 0.00124
Query: DESCRIBE `pembayaran`
Params: []

2015-07-15T23:52:21+07:00 INFO (6): 
Elapsed Secs: 0.00016
Query: SELECT `pemb`.`angsuran_ke` FROM `pembayaran` AS `pemb` WHERE (no_kontrak = '29-MF-00001-15' ) ORDER BY `id_pembayaran` desc
Params: []

2015-07-15T23:52:42+07:00 INFO (6): 
Elapsed Secs: 0.00099
Query: connect
Params: []

2015-07-15T23:52:42+07:00 INFO (6): 
Elapsed Secs: 0.00106
Query: DESCRIBE `costumer`
Params: []

2015-07-15T23:52:42+07:00 INFO (6): 
Elapsed Secs: 0.00025
Query: connect
Params: []

2015-07-15T23:52:42+07:00 INFO (6): 
Elapsed Secs: 0.00028
Query: SELECT `pinj`.`no_kontrak` FROM `costumer` AS `cos`
 INNER JOIN `pinjaman` AS `pinj` ON pinj.nik_costumer =  cos.nik_costumer
 INNER JOIN `kendaraan` AS `kend` ON kend.no_polisi = pinj.no_polisi
Params: []

2015-07-15T23:52:42+07:00 INFO (6): 
Elapsed Secs: 0.00023
Query: SELECT `pinj`.`no_kontrak`, `cos`.`nama`, `kend`.`no_polisi`, `pinj`.`angsuran_perbulan`, `pinj`.`tanggal_jatuh_tempo` FROM `costumer` AS `cos`
 INNER JOIN `pinjaman` AS `pinj` ON pinj.nik_costumer =  cos.nik_costumer
 INNER JOIN `kendaraan` AS `kend` ON kend.no_polisi = pinj.no_polisi WHERE (pinj.no_kontrak = '29-MF-00001-15') GROUP BY `pinj`.`no_kontrak`
Params: []

2015-07-15T23:52:42+07:00 INFO (6): 
Elapsed Secs: 0.00143
Query: DESCRIBE `pembayaran`
Params: []

2015-07-15T23:52:42+07:00 INFO (6): 
Elapsed Secs: 0.00019
Query: SELECT `pemb`.`angsuran_ke` FROM `pembayaran` AS `pemb` WHERE (no_kontrak = '29-MF-00001-15' ) ORDER BY `id_pembayaran` desc
Params: []

2015-07-15T23:52:45+07:00 INFO (6): 
Elapsed Secs: 0.00021
Query: connect
Params: []

2015-07-15T23:52:45+07:00 INFO (6): 
Elapsed Secs: 0.00117
Query: DESCRIBE `costumer`
Params: []

2015-07-15T23:52:45+07:00 INFO (6): 
Elapsed Secs: 0.00027
Query: connect
Params: []

2015-07-15T23:52:45+07:00 INFO (6): 
Elapsed Secs: 0.00022
Query: SELECT `pinj`.`no_kontrak` FROM `costumer` AS `cos`
 INNER JOIN `pinjaman` AS `pinj` ON pinj.nik_costumer =  cos.nik_costumer
 INNER JOIN `kendaraan` AS `kend` ON kend.no_polisi = pinj.no_polisi
Params: []

2015-07-15T23:52:45+07:00 INFO (6): 
Elapsed Secs: 0.00016
Query: SELECT `pinj`.`no_kontrak`, `cos`.`nama`, `kend`.`no_polisi`, `pinj`.`angsuran_perbulan`, `pinj`.`tanggal_jatuh_tempo` FROM `costumer` AS `cos`
 INNER JOIN `pinjaman` AS `pinj` ON pinj.nik_costumer =  cos.nik_costumer
 INNER JOIN `kendaraan` AS `kend` ON kend.no_polisi = pinj.no_polisi WHERE (pinj.no_kontrak = '29-MF-00154-15') GROUP BY `pinj`.`no_kontrak`
Params: []

2015-07-15T23:52:45+07:00 INFO (6): 
Elapsed Secs: 0.00104
Query: DESCRIBE `pembayaran`
Params: []

2015-07-15T23:52:45+07:00 INFO (6): 
Elapsed Secs: 0.0001
Query: SELECT `pemb`.`angsuran_ke` FROM `pembayaran` AS `pemb` WHERE (no_kontrak = '29-MF-00154-15' ) ORDER BY `id_pembayaran` desc
Params: []

2015-07-15T23:52:56+07:00 INFO (6): 
Elapsed Secs: 0.00117
Query: connect
Params: []

2015-07-15T23:52:56+07:00 INFO (6): 
Elapsed Secs: 0.0013
Query: DESCRIBE `costumer`
Params: []

2015-07-15T23:52:56+07:00 INFO (6): 
Elapsed Secs: 0.00025
Query: connect
Params: []

2015-07-15T23:52:56+07:00 INFO (6): 
Elapsed Secs: 0.00019
Query: SELECT `pinj`.`no_kontrak` FROM `costumer` AS `cos`
 INNER JOIN `pinjaman` AS `pinj` ON pinj.nik_costumer =  cos.nik_costumer
 INNER JOIN `kendaraan` AS `kend` ON kend.no_polisi = pinj.no_polisi
Params: []

2015-07-15T23:52:56+07:00 INFO (6): 
Elapsed Secs: 0.00014
Query: SELECT `pinj`.`no_kontrak`, `cos`.`nama`, `kend`.`no_polisi`, `pinj`.`angsuran_perbulan`, `pinj`.`tanggal_jatuh_tempo` FROM `costumer` AS `cos`
 INNER JOIN `pinjaman` AS `pinj` ON pinj.nik_costumer =  cos.nik_costumer
 INNER JOIN `kendaraan` AS `kend` ON kend.no_polisi = pinj.no_polisi WHERE (pinj.no_kontrak = '29-MF-00154-15') GROUP BY `pinj`.`no_kontrak`
Params: []

2015-07-15T23:52:56+07:00 INFO (6): 
Elapsed Secs: 0.00108
Query: DESCRIBE `pembayaran`
Params: []

2015-07-15T23:52:56+07:00 INFO (6): 
Elapsed Secs: 0.00014
Query: SELECT `pemb`.`angsuran_ke` FROM `pembayaran` AS `pemb` WHERE (no_kontrak = '29-MF-00154-15' ) ORDER BY `id_pembayaran` desc
Params: []

2015-07-15T23:53:59+07:00 INFO (6): 
Elapsed Secs: 0.00029
Query: connect
Params: []

2015-07-15T23:53:59+07:00 INFO (6): 
Elapsed Secs: 0.00157
Query: DESCRIBE `costumer`
Params: []

2015-07-15T23:53:59+07:00 INFO (6): 
Elapsed Secs: 0.00029
Query: connect
Params: []

2015-07-15T23:53:59+07:00 INFO (6): 
Elapsed Secs: 0.00029
Query: SELECT `pinj`.`no_kontrak` FROM `costumer` AS `cos`
 INNER JOIN `pinjaman` AS `pinj` ON pinj.nik_costumer =  cos.nik_costumer
 INNER JOIN `kendaraan` AS `kend` ON kend.no_polisi = pinj.no_polisi
Params: []

2015-07-15T23:53:59+07:00 INFO (6): 
Elapsed Secs: 0.00026
Query: SELECT `pinj`.`no_kontrak`, `cos`.`nama`, `kend`.`no_polisi`, `pinj`.`angsuran_perbulan`, `pinj`.`tanggal_jatuh_tempo` FROM `costumer` AS `cos`
 INNER JOIN `pinjaman` AS `pinj` ON pinj.nik_costumer =  cos.nik_costumer
 INNER JOIN `kendaraan` AS `kend` ON kend.no_polisi = pinj.no_polisi WHERE (pinj.no_kontrak = '29-MF-00154-15') GROUP BY `pinj`.`no_kontrak`
Params: []

2015-07-15T23:53:59+07:00 INFO (6): 
Elapsed Secs: 0.00137
Query: DESCRIBE `pembayaran`
Params: []

2015-07-15T23:53:59+07:00 INFO (6): 
Elapsed Secs: 0.00017
Query: SELECT `pemb`.`angsuran_ke` FROM `pembayaran` AS `pemb` WHERE (no_kontrak = '29-MF-00154-15' ) ORDER BY `id_pembayaran` desc
Params: []

2015-07-15T23:54:02+07:00 INFO (6): 
Elapsed Secs: 0.00018
Query: connect
Params: []

2015-07-15T23:54:02+07:00 INFO (6): 
Elapsed Secs: 0.00121
Query: DESCRIBE `costumer`
Params: []

2015-07-15T23:54:02+07:00 INFO (6): 
Elapsed Secs: 0.00018
Query: connect
Params: []

2015-07-15T23:54:02+07:00 INFO (6): 
Elapsed Secs: 0.00021
Query: SELECT `pinj`.`no_kontrak` FROM `costumer` AS `cos`
 INNER JOIN `pinjaman` AS `pinj` ON pinj.nik_costumer =  cos.nik_costumer
 INNER JOIN `kendaraan` AS `kend` ON kend.no_polisi = pinj.no_polisi
Params: []

2015-07-15T23:54:02+07:00 INFO (6): 
Elapsed Secs: 0.00016
Query: SELECT `pinj`.`no_kontrak`, `cos`.`nama`, `kend`.`no_polisi`, `pinj`.`angsuran_perbulan`, `pinj`.`tanggal_jatuh_tempo` FROM `costumer` AS `cos`
 INNER JOIN `pinjaman` AS `pinj` ON pinj.nik_costumer =  cos.nik_costumer
 INNER JOIN `kendaraan` AS `kend` ON kend.no_polisi = pinj.no_polisi WHERE (pinj.no_kontrak = '29-MF-00001-15') GROUP BY `pinj`.`no_kontrak`
Params: []

2015-07-15T23:54:02+07:00 INFO (6): 
Elapsed Secs: 0.001
Query: DESCRIBE `pembayaran`
Params: []

2015-07-15T23:54:02+07:00 INFO (6): 
Elapsed Secs: 0.00017
Query: SELECT `pemb`.`angsuran_ke` FROM `pembayaran` AS `pemb` WHERE (no_kontrak = '29-MF-00001-15' ) ORDER BY `id_pembayaran` desc
Params: []

2015-07-15T23:54:04+07:00 INFO (6): 
Elapsed Secs: 0.00034
Query: connect
Params: []

2015-07-15T23:54:04+07:00 INFO (6): 
Elapsed Secs: 0.00135
Query: DESCRIBE `costumer`
Params: []

2015-07-15T23:54:04+07:00 INFO (6): 
Elapsed Secs: 0.00029
Query: connect
Params: []

2015-07-15T23:54:04+07:00 INFO (6): 
Elapsed Secs: 0.00021
Query: SELECT `pinj`.`no_kontrak` FROM `costumer` AS `cos`
 INNER JOIN `pinjaman` AS `pinj` ON pinj.nik_costumer =  cos.nik_costumer
 INNER JOIN `kendaraan` AS `kend` ON kend.no_polisi = pinj.no_polisi
Params: []

2015-07-15T23:54:04+07:00 INFO (6): 
Elapsed Secs: 0.00016
Query: SELECT `pinj`.`no_kontrak`, `cos`.`nama`, `kend`.`no_polisi`, `pinj`.`angsuran_perbulan`, `pinj`.`tanggal_jatuh_tempo` FROM `costumer` AS `cos`
 INNER JOIN `pinjaman` AS `pinj` ON pinj.nik_costumer =  cos.nik_costumer
 INNER JOIN `kendaraan` AS `kend` ON kend.no_polisi = pinj.no_polisi WHERE (pinj.no_kontrak = '29-MF-00157-15') GROUP BY `pinj`.`no_kontrak`
Params: []

2015-07-15T23:54:04+07:00 INFO (6): 
Elapsed Secs: 0.00097
Query: DESCRIBE `pembayaran`
Params: []

2015-07-15T23:54:04+07:00 INFO (6): 
Elapsed Secs: 0.00016
Query: SELECT `pemb`.`angsuran_ke` FROM `pembayaran` AS `pemb` WHERE (no_kontrak = '29-MF-00157-15' ) ORDER BY `id_pembayaran` desc
Params: []

2015-07-15T23:54:06+07:00 INFO (6): 
Elapsed Secs: 0.0002
Query: connect
Params: []

2015-07-15T23:54:06+07:00 INFO (6): 
Elapsed Secs: 0.00123
Query: DESCRIBE `costumer`
Params: []

2015-07-15T23:54:06+07:00 INFO (6): 
Elapsed Secs: 0.00022
Query: connect
Params: []

2015-07-15T23:54:06+07:00 INFO (6): 
Elapsed Secs: 0.00025
Query: SELECT `pinj`.`no_kontrak` FROM `costumer` AS `cos`
 INNER JOIN `pinjaman` AS `pinj` ON pinj.nik_costumer =  cos.nik_costumer
 INNER JOIN `kendaraan` AS `kend` ON kend.no_polisi = pinj.no_polisi
Params: []

2015-07-15T23:54:06+07:00 INFO (6): 
Elapsed Secs: 0.00022
Query: SELECT `pinj`.`no_kontrak`, `cos`.`nama`, `kend`.`no_polisi`, `pinj`.`angsuran_perbulan`, `pinj`.`tanggal_jatuh_tempo` FROM `costumer` AS `cos`
 INNER JOIN `pinjaman` AS `pinj` ON pinj.nik_costumer =  cos.nik_costumer
 INNER JOIN `kendaraan` AS `kend` ON kend.no_polisi = pinj.no_polisi WHERE (pinj.no_kontrak = '29-MF-00001-15') GROUP BY `pinj`.`no_kontrak`
Params: []

2015-07-15T23:54:06+07:00 INFO (6): 
Elapsed Secs: 0.00148
Query: DESCRIBE `pembayaran`
Params: []

2015-07-15T23:54:06+07:00 INFO (6): 
Elapsed Secs: 0.00019
Query: SELECT `pemb`.`angsuran_ke` FROM `pembayaran` AS `pemb` WHERE (no_kontrak = '29-MF-00001-15' ) ORDER BY `id_pembayaran` desc
Params: []

2015-07-15T23:54:08+07:00 INFO (6): 
Elapsed Secs: 0.00025
Query: connect
Params: []

2015-07-15T23:54:08+07:00 INFO (6): 
Elapsed Secs: 0.00156
Query: DESCRIBE `costumer`
Params: []

2015-07-15T23:54:08+07:00 INFO (6): 
Elapsed Secs: 0.00025
Query: connect
Params: []

2015-07-15T23:54:08+07:00 INFO (6): 
Elapsed Secs: 0.0002
Query: SELECT `pinj`.`no_kontrak` FROM `costumer` AS `cos`
 INNER JOIN `pinjaman` AS `pinj` ON pinj.nik_costumer =  cos.nik_costumer
 INNER JOIN `kendaraan` AS `kend` ON kend.no_polisi = pinj.no_polisi
Params: []

2015-07-15T23:54:08+07:00 INFO (6): 
Elapsed Secs: 0.00018
Query: SELECT `pinj`.`no_kontrak`, `cos`.`nama`, `kend`.`no_polisi`, `pinj`.`angsuran_perbulan`, `pinj`.`tanggal_jatuh_tempo` FROM `costumer` AS `cos`
 INNER JOIN `pinjaman` AS `pinj` ON pinj.nik_costumer =  cos.nik_costumer
 INNER JOIN `kendaraan` AS `kend` ON kend.no_polisi = pinj.no_polisi WHERE (pinj.no_kontrak = '30-MD-00156-15') GROUP BY `pinj`.`no_kontrak`
Params: []

2015-07-15T23:54:08+07:00 INFO (6): 
Elapsed Secs: 0.00109
Query: DESCRIBE `pembayaran`
Params: []

2015-07-15T23:54:08+07:00 INFO (6): 
Elapsed Secs: 0.00017
Query: SELECT `pemb`.`angsuran_ke` FROM `pembayaran` AS `pemb` WHERE (no_kontrak = '30-MD-00156-15' ) ORDER BY `id_pembayaran` desc
Params: []

2015-07-15T23:54:09+07:00 INFO (6): 
Elapsed Secs: 0.00022
Query: connect
Params: []

2015-07-15T23:54:09+07:00 INFO (6): 
Elapsed Secs: 0.00113
Query: DESCRIBE `costumer`
Params: []

2015-07-15T23:54:09+07:00 INFO (6): 
Elapsed Secs: 0.00027
Query: connect
Params: []

2015-07-15T23:54:09+07:00 INFO (6): 
Elapsed Secs: 0.00021
Query: SELECT `pinj`.`no_kontrak` FROM `costumer` AS `cos`
 INNER JOIN `pinjaman` AS `pinj` ON pinj.nik_costumer =  cos.nik_costumer
 INNER JOIN `kendaraan` AS `kend` ON kend.no_polisi = pinj.no_polisi
Params: []

2015-07-15T23:54:09+07:00 INFO (6): 
Elapsed Secs: 0.00016
Query: SELECT `pinj`.`no_kontrak`, `cos`.`nama`, `kend`.`no_polisi`, `pinj`.`angsuran_perbulan`, `pinj`.`tanggal_jatuh_tempo` FROM `costumer` AS `cos`
 INNER JOIN `pinjaman` AS `pinj` ON pinj.nik_costumer =  cos.nik_costumer
 INNER JOIN `kendaraan` AS `kend` ON kend.no_polisi = pinj.no_polisi WHERE (pinj.no_kontrak = '29-MF-00001-15') GROUP BY `pinj`.`no_kontrak`
Params: []

2015-07-15T23:54:09+07:00 INFO (6): 
Elapsed Secs: 0.00099
Query: DESCRIBE `pembayaran`
Params: []

2015-07-15T23:54:09+07:00 INFO (6): 
Elapsed Secs: 0.00013
Query: SELECT `pemb`.`angsuran_ke` FROM `pembayaran` AS `pemb` WHERE (no_kontrak = '29-MF-00001-15' ) ORDER BY `id_pembayaran` desc
Params: []

2015-07-15T23:54:23+07:00 INFO (6): 
Elapsed Secs: 0.00025
Query: connect
Params: []

2015-07-15T23:54:23+07:00 INFO (6): 
Elapsed Secs: 0.00113
Query: DESCRIBE `costumer`
Params: []

2015-07-15T23:54:23+07:00 INFO (6): 
Elapsed Secs: 0.0002
Query: connect
Params: []

2015-07-15T23:54:23+07:00 INFO (6): 
Elapsed Secs: 0.00021
Query: SELECT `pinj`.`no_kontrak` FROM `costumer` AS `cos`
 INNER JOIN `pinjaman` AS `pinj` ON pinj.nik_costumer =  cos.nik_costumer
 INNER JOIN `kendaraan` AS `kend` ON kend.no_polisi = pinj.no_polisi
Params: []

2015-07-15T23:54:23+07:00 INFO (6): 
Elapsed Secs: 0.00019
Query: SELECT `pinj`.`no_kontrak`, `cos`.`nama`, `kend`.`no_polisi`, `pinj`.`angsuran_perbulan`, `pinj`.`tanggal_jatuh_tempo` FROM `costumer` AS `cos`
 INNER JOIN `pinjaman` AS `pinj` ON pinj.nik_costumer =  cos.nik_costumer
 INNER JOIN `kendaraan` AS `kend` ON kend.no_polisi = pinj.no_polisi WHERE (pinj.no_kontrak = '29-MF-00001-15') GROUP BY `pinj`.`no_kontrak`
Params: []

2015-07-15T23:54:23+07:00 INFO (6): 
Elapsed Secs: 0.00097
Query: DESCRIBE `pembayaran`
Params: []

2015-07-15T23:54:23+07:00 INFO (6): 
Elapsed Secs: 0.00013
Query: SELECT `pemb`.`angsuran_ke` FROM `pembayaran` AS `pemb` WHERE (no_kontrak = '29-MF-00001-15' ) ORDER BY `id_pembayaran` desc
Params: []

2015-07-15T23:54:27+07:00 INFO (6): 
Elapsed Secs: 0.00026
Query: connect
Params: []

2015-07-15T23:54:27+07:00 INFO (6): 
Elapsed Secs: 0.00113
Query: DESCRIBE `costumer`
Params: []

2015-07-15T23:54:27+07:00 INFO (6): 
Elapsed Secs: 0.00018
Query: connect
Params: []

2015-07-15T23:54:27+07:00 INFO (6): 
Elapsed Secs: 0.00018
Query: SELECT `pinj`.`no_kontrak` FROM `costumer` AS `cos`
 INNER JOIN `pinjaman` AS `pinj` ON pinj.nik_costumer =  cos.nik_costumer
 INNER JOIN `kendaraan` AS `kend` ON kend.no_polisi = pinj.no_polisi
Params: []

2015-07-15T23:54:27+07:00 INFO (6): 
Elapsed Secs: 0.00014
Query: SELECT `pinj`.`no_kontrak`, `cos`.`nama`, `kend`.`no_polisi`, `pinj`.`angsuran_perbulan`, `pinj`.`tanggal_jatuh_tempo` FROM `costumer` AS `cos`
 INNER JOIN `pinjaman` AS `pinj` ON pinj.nik_costumer =  cos.nik_costumer
 INNER JOIN `kendaraan` AS `kend` ON kend.no_polisi = pinj.no_polisi WHERE (pinj.no_kontrak = '29-MF-00154-15') GROUP BY `pinj`.`no_kontrak`
Params: []

2015-07-15T23:54:27+07:00 INFO (6): 
Elapsed Secs: 0.00111
Query: DESCRIBE `pembayaran`
Params: []

2015-07-15T23:54:27+07:00 INFO (6): 
Elapsed Secs: 0.00017
Query: SELECT `pemb`.`angsuran_ke` FROM `pembayaran` AS `pemb` WHERE (no_kontrak = '29-MF-00154-15' ) ORDER BY `id_pembayaran` desc
Params: []

2015-07-15T23:54:41+07:00 INFO (6): 
Elapsed Secs: 0.00017
Query: connect
Params: []

2015-07-15T23:54:41+07:00 INFO (6): 
Elapsed Secs: 0.0011
Query: DESCRIBE `costumer`
Params: []

2015-07-15T23:54:41+07:00 INFO (6): 
Elapsed Secs: 0.0002
Query: connect
Params: []

2015-07-15T23:54:41+07:00 INFO (6): 
Elapsed Secs: 0.0002
Query: SELECT `pinj`.`no_kontrak` FROM `costumer` AS `cos`
 INNER JOIN `pinjaman` AS `pinj` ON pinj.nik_costumer =  cos.nik_costumer
 INNER JOIN `kendaraan` AS `kend` ON kend.no_polisi = pinj.no_polisi
Params: []

2015-07-15T23:54:41+07:00 INFO (6): 
Elapsed Secs: 0.00019
Query: SELECT `pinj`.`no_kontrak`, `cos`.`nama`, `kend`.`no_polisi`, `pinj`.`angsuran_perbulan`, `pinj`.`tanggal_jatuh_tempo` FROM `costumer` AS `cos`
 INNER JOIN `pinjaman` AS `pinj` ON pinj.nik_costumer =  cos.nik_costumer
 INNER JOIN `kendaraan` AS `kend` ON kend.no_polisi = pinj.no_polisi WHERE (pinj.no_kontrak = '29-MF-00154-15') GROUP BY `pinj`.`no_kontrak`
Params: []

2015-07-15T23:54:41+07:00 INFO (6): 
Elapsed Secs: 0.001
Query: DESCRIBE `pembayaran`
Params: []

2015-07-15T23:54:41+07:00 INFO (6): 
Elapsed Secs: 0.00012
Query: SELECT `pemb`.`angsuran_ke` FROM `pembayaran` AS `pemb` WHERE (no_kontrak = '29-MF-00154-15' ) ORDER BY `id_pembayaran` desc
Params: []

2015-07-15T23:54:44+07:00 INFO (6): 
Elapsed Secs: 0.00027
Query: connect
Params: []

2015-07-15T23:54:44+07:00 INFO (6): 
Elapsed Secs: 0.00156
Query: DESCRIBE `costumer`
Params: []

2015-07-15T23:54:44+07:00 INFO (6): 
Elapsed Secs: 0.00024
Query: connect
Params: []

2015-07-15T23:54:44+07:00 INFO (6): 
Elapsed Secs: 0.00024
Query: SELECT `pinj`.`no_kontrak` FROM `costumer` AS `cos`
 INNER JOIN `pinjaman` AS `pinj` ON pinj.nik_costumer =  cos.nik_costumer
 INNER JOIN `kendaraan` AS `kend` ON kend.no_polisi = pinj.no_polisi
Params: []

2015-07-15T23:54:44+07:00 INFO (6): 
Elapsed Secs: 0.0002
Query: SELECT `pinj`.`no_kontrak`, `cos`.`nama`, `kend`.`no_polisi`, `pinj`.`angsuran_perbulan`, `pinj`.`tanggal_jatuh_tempo` FROM `costumer` AS `cos`
 INNER JOIN `pinjaman` AS `pinj` ON pinj.nik_costumer =  cos.nik_costumer
 INNER JOIN `kendaraan` AS `kend` ON kend.no_polisi = pinj.no_polisi WHERE (pinj.no_kontrak = '29-MF-00001-15') GROUP BY `pinj`.`no_kontrak`
Params: []

2015-07-15T23:54:44+07:00 INFO (6): 
Elapsed Secs: 0.00125
Query: DESCRIBE `pembayaran`
Params: []

2015-07-15T23:54:44+07:00 INFO (6): 
Elapsed Secs: 0.00014
Query: SELECT `pemb`.`angsuran_ke` FROM `pembayaran` AS `pemb` WHERE (no_kontrak = '29-MF-00001-15' ) ORDER BY `id_pembayaran` desc
Params: []

2015-07-15T23:55:15+07:00 INFO (6): 
Elapsed Secs: 0.00023
Query: connect
Params: []

2015-07-15T23:55:15+07:00 INFO (6): 
Elapsed Secs: 0.0011
Query: DESCRIBE `costumer`
Params: []

2015-07-15T23:55:15+07:00 INFO (6): 
Elapsed Secs: 0.00016
Query: connect
Params: []

2015-07-15T23:55:15+07:00 INFO (6): 
Elapsed Secs: 0.00016
Query: SELECT `pinj`.`no_kontrak` FROM `costumer` AS `cos`
 INNER JOIN `pinjaman` AS `pinj` ON pinj.nik_costumer =  cos.nik_costumer
 INNER JOIN `kendaraan` AS `kend` ON kend.no_polisi = pinj.no_polisi
Params: []

2015-07-15T23:55:15+07:00 INFO (6): 
Elapsed Secs: 0.00019
Query: SELECT `pinj`.`no_kontrak`, `cos`.`nama`, `kend`.`no_polisi`, `pinj`.`angsuran_perbulan`, `pinj`.`tanggal_jatuh_tempo` FROM `costumer` AS `cos`
 INNER JOIN `pinjaman` AS `pinj` ON pinj.nik_costumer =  cos.nik_costumer
 INNER JOIN `kendaraan` AS `kend` ON kend.no_polisi = pinj.no_polisi WHERE (pinj.no_kontrak = '29-MF-00001-15') GROUP BY `pinj`.`no_kontrak`
Params: []

2015-07-15T23:55:15+07:00 INFO (6): 
Elapsed Secs: 0.0012
Query: DESCRIBE `pembayaran`
Params: []

2015-07-15T23:55:15+07:00 INFO (6): 
Elapsed Secs: 0.00013
Query: SELECT `pemb`.`angsuran_ke` FROM `pembayaran` AS `pemb` WHERE (no_kontrak = '29-MF-00001-15' ) ORDER BY `id_pembayaran` desc
Params: []

2015-07-15T23:55:26+07:00 INFO (6): 
Elapsed Secs: 0.00222
Query: connect
Params: []

2015-07-15T23:55:26+07:00 INFO (6): 
Elapsed Secs: 0.00231
Query: DESCRIBE `costumer`
Params: []

2015-07-15T23:55:26+07:00 INFO (6): 
Elapsed Secs: 0.00023
Query: connect
Params: []

2015-07-15T23:55:26+07:00 INFO (6): 
Elapsed Secs: 0.00033
Query: SELECT `pinj`.`no_kontrak` FROM `costumer` AS `cos`
 INNER JOIN `pinjaman` AS `pinj` ON pinj.nik_costumer =  cos.nik_costumer
 INNER JOIN `kendaraan` AS `kend` ON kend.no_polisi = pinj.no_polisi
Params: []

2015-07-15T23:55:26+07:00 INFO (6): 
Elapsed Secs: 0.00027
Query: SELECT `pinj`.`no_kontrak`, `cos`.`nama`, `kend`.`no_polisi`, `pinj`.`angsuran_perbulan`, `pinj`.`tanggal_jatuh_tempo` FROM `costumer` AS `cos`
 INNER JOIN `pinjaman` AS `pinj` ON pinj.nik_costumer =  cos.nik_costumer
 INNER JOIN `kendaraan` AS `kend` ON kend.no_polisi = pinj.no_polisi WHERE (pinj.no_kontrak = '29-MF-00001-15') GROUP BY `pinj`.`no_kontrak`
Params: []

2015-07-15T23:55:26+07:00 INFO (6): 
Elapsed Secs: 0.00142
Query: DESCRIBE `pembayaran`
Params: []

2015-07-15T23:55:26+07:00 INFO (6): 
Elapsed Secs: 0.00018
Query: SELECT `pemb`.`angsuran_ke` FROM `pembayaran` AS `pemb` WHERE (no_kontrak = '29-MF-00001-15' ) ORDER BY `id_pembayaran` desc
Params: []

2015-07-15T23:55:48+07:00 INFO (6): 
Elapsed Secs: 0.00105
Query: connect
Params: []

2015-07-15T23:55:48+07:00 INFO (6): 
Elapsed Secs: 0.00112
Query: DESCRIBE `costumer`
Params: []

2015-07-15T23:55:48+07:00 INFO (6): 
Elapsed Secs: 0.00017
Query: connect
Params: []

2015-07-15T23:55:48+07:00 INFO (6): 
Elapsed Secs: 0.00021
Query: SELECT `pinj`.`no_kontrak` FROM `costumer` AS `cos`
 INNER JOIN `pinjaman` AS `pinj` ON pinj.nik_costumer =  cos.nik_costumer
 INNER JOIN `kendaraan` AS `kend` ON kend.no_polisi = pinj.no_polisi
Params: []

2015-07-15T23:55:48+07:00 INFO (6): 
Elapsed Secs: 0.00018
Query: SELECT `pinj`.`no_kontrak`, `cos`.`nama`, `kend`.`no_polisi`, `pinj`.`angsuran_perbulan`, `pinj`.`tanggal_jatuh_tempo` FROM `costumer` AS `cos`
 INNER JOIN `pinjaman` AS `pinj` ON pinj.nik_costumer =  cos.nik_costumer
 INNER JOIN `kendaraan` AS `kend` ON kend.no_polisi = pinj.no_polisi WHERE (pinj.no_kontrak = '29-MF-00001-15') GROUP BY `pinj`.`no_kontrak`
Params: []

2015-07-15T23:55:48+07:00 INFO (6): 
Elapsed Secs: 0.00099
Query: DESCRIBE `pembayaran`
Params: []

2015-07-15T23:55:48+07:00 INFO (6): 
Elapsed Secs: 0.00015
Query: SELECT `pemb`.`angsuran_ke` FROM `pembayaran` AS `pemb` WHERE (no_kontrak = '29-MF-00001-15' ) ORDER BY `id_pembayaran` desc
Params: []

2015-07-15T23:55:58+07:00 INFO (6): 
Elapsed Secs: 0.00142
Query: connect
Params: []

2015-07-15T23:55:58+07:00 INFO (6): 
Elapsed Secs: 0.00154
Query: DESCRIBE `costumer`
Params: []

2015-07-15T23:55:58+07:00 INFO (6): 
Elapsed Secs: 0.00024
Query: connect
Params: []

2015-07-15T23:55:58+07:00 INFO (6): 
Elapsed Secs: 0.00023
Query: SELECT `pinj`.`no_kontrak` FROM `costumer` AS `cos`
 INNER JOIN `pinjaman` AS `pinj` ON pinj.nik_costumer =  cos.nik_costumer
 INNER JOIN `kendaraan` AS `kend` ON kend.no_polisi = pinj.no_polisi
Params: []

2015-07-15T23:55:58+07:00 INFO (6): 
Elapsed Secs: 0.00022
Query: SELECT `pinj`.`no_kontrak`, `cos`.`nama`, `kend`.`no_polisi`, `pinj`.`angsuran_perbulan`, `pinj`.`tanggal_jatuh_tempo` FROM `costumer` AS `cos`
 INNER JOIN `pinjaman` AS `pinj` ON pinj.nik_costumer =  cos.nik_costumer
 INNER JOIN `kendaraan` AS `kend` ON kend.no_polisi = pinj.no_polisi WHERE (pinj.no_kontrak = '29-MF-00001-15') GROUP BY `pinj`.`no_kontrak`
Params: []

2015-07-15T23:55:58+07:00 INFO (6): 
Elapsed Secs: 0.0013
Query: DESCRIBE `pembayaran`
Params: []

2015-07-15T23:55:58+07:00 INFO (6): 
Elapsed Secs: 0.00019
Query: SELECT `pemb`.`angsuran_ke` FROM `pembayaran` AS `pemb` WHERE (no_kontrak = '29-MF-00001-15' ) ORDER BY `id_pembayaran` desc
Params: []

2015-07-15T23:56:28+07:00 INFO (6): 
Elapsed Secs: 0.00027
Query: connect
Params: []

2015-07-15T23:56:28+07:00 INFO (6): 
Elapsed Secs: 0.00166
Query: DESCRIBE `costumer`
Params: []

2015-07-15T23:56:28+07:00 INFO (6): 
Elapsed Secs: 0.00023
Query: connect
Params: []

2015-07-15T23:56:28+07:00 INFO (6): 
Elapsed Secs: 0.00024
Query: SELECT `pinj`.`no_kontrak` FROM `costumer` AS `cos`
 INNER JOIN `pinjaman` AS `pinj` ON pinj.nik_costumer =  cos.nik_costumer
 INNER JOIN `kendaraan` AS `kend` ON kend.no_polisi = pinj.no_polisi
Params: []

2015-07-15T23:56:28+07:00 INFO (6): 
Elapsed Secs: 0.00021
Query: SELECT `pinj`.`no_kontrak`, `cos`.`nama`, `kend`.`no_polisi`, `pinj`.`angsuran_perbulan`, `pinj`.`tanggal_jatuh_tempo` FROM `costumer` AS `cos`
 INNER JOIN `pinjaman` AS `pinj` ON pinj.nik_costumer =  cos.nik_costumer
 INNER JOIN `kendaraan` AS `kend` ON kend.no_polisi = pinj.no_polisi WHERE (pinj.no_kontrak = '29-MF-00001-15') GROUP BY `pinj`.`no_kontrak`
Params: []

2015-07-15T23:56:28+07:00 INFO (6): 
Elapsed Secs: 0.00133
Query: DESCRIBE `pembayaran`
Params: []

2015-07-15T23:56:28+07:00 INFO (6): 
Elapsed Secs: 0.00014
Query: SELECT `pemb`.`angsuran_ke` FROM `pembayaran` AS `pemb` WHERE (no_kontrak = '29-MF-00001-15' ) ORDER BY `id_pembayaran` desc
Params: []

2015-07-15T23:57:01+07:00 INFO (6): 
Elapsed Secs: 0.00021
Query: connect
Params: []

2015-07-15T23:57:01+07:00 INFO (6): 
Elapsed Secs: 0.00113
Query: DESCRIBE `costumer`
Params: []

2015-07-15T23:57:01+07:00 INFO (6): 
Elapsed Secs: 0.00024
Query: connect
Params: []

2015-07-15T23:57:01+07:00 INFO (6): 
Elapsed Secs: 0.00025
Query: SELECT `pinj`.`no_kontrak` FROM `costumer` AS `cos`
 INNER JOIN `pinjaman` AS `pinj` ON pinj.nik_costumer =  cos.nik_costumer
 INNER JOIN `kendaraan` AS `kend` ON kend.no_polisi = pinj.no_polisi
Params: []

2015-07-15T23:57:01+07:00 INFO (6): 
Elapsed Secs: 0.00015
Query: SELECT `pinj`.`no_kontrak`, `cos`.`nama`, `kend`.`no_polisi`, `pinj`.`angsuran_perbulan`, `pinj`.`tanggal_jatuh_tempo` FROM `costumer` AS `cos`
 INNER JOIN `pinjaman` AS `pinj` ON pinj.nik_costumer =  cos.nik_costumer
 INNER JOIN `kendaraan` AS `kend` ON kend.no_polisi = pinj.no_polisi WHERE (pinj.no_kontrak = '29-MF-00154-15') GROUP BY `pinj`.`no_kontrak`
Params: []

2015-07-15T23:57:01+07:00 INFO (6): 
Elapsed Secs: 0.00093
Query: DESCRIBE `pembayaran`
Params: []

2015-07-15T23:57:01+07:00 INFO (6): 
Elapsed Secs: 0.00015
Query: SELECT `pemb`.`angsuran_ke` FROM `pembayaran` AS `pemb` WHERE (no_kontrak = '29-MF-00154-15' ) ORDER BY `id_pembayaran` desc
Params: []

2015-07-15T23:57:02+07:00 INFO (6): 
Elapsed Secs: 0.00025
Query: connect
Params: []

2015-07-15T23:57:02+07:00 INFO (6): 
Elapsed Secs: 0.00146
Query: DESCRIBE `costumer`
Params: []

2015-07-15T23:57:02+07:00 INFO (6): 
Elapsed Secs: 0.00022
Query: connect
Params: []

2015-07-15T23:57:02+07:00 INFO (6): 
Elapsed Secs: 0.00025
Query: SELECT `pinj`.`no_kontrak` FROM `costumer` AS `cos`
 INNER JOIN `pinjaman` AS `pinj` ON pinj.nik_costumer =  cos.nik_costumer
 INNER JOIN `kendaraan` AS `kend` ON kend.no_polisi = pinj.no_polisi
Params: []

2015-07-15T23:57:02+07:00 INFO (6): 
Elapsed Secs: 0.00019
Query: SELECT `pinj`.`no_kontrak`, `cos`.`nama`, `kend`.`no_polisi`, `pinj`.`angsuran_perbulan`, `pinj`.`tanggal_jatuh_tempo` FROM `costumer` AS `cos`
 INNER JOIN `pinjaman` AS `pinj` ON pinj.nik_costumer =  cos.nik_costumer
 INNER JOIN `kendaraan` AS `kend` ON kend.no_polisi = pinj.no_polisi WHERE (pinj.no_kontrak = '29-MF-00157-15') GROUP BY `pinj`.`no_kontrak`
Params: []

2015-07-15T23:57:02+07:00 INFO (6): 
Elapsed Secs: 0.00114
Query: DESCRIBE `pembayaran`
Params: []

2015-07-15T23:57:02+07:00 INFO (6): 
Elapsed Secs: 0.00015
Query: SELECT `pemb`.`angsuran_ke` FROM `pembayaran` AS `pemb` WHERE (no_kontrak = '29-MF-00157-15' ) ORDER BY `id_pembayaran` desc
Params: []

2015-07-15T23:57:04+07:00 INFO (6): 
Elapsed Secs: 0.00019
Query: connect
Params: []

2015-07-15T23:57:04+07:00 INFO (6): 
Elapsed Secs: 0.00131
Query: DESCRIBE `costumer`
Params: []

2015-07-15T23:57:04+07:00 INFO (6): 
Elapsed Secs: 0.00024
Query: connect
Params: []

2015-07-15T23:57:04+07:00 INFO (6): 
Elapsed Secs: 0.00021
Query: SELECT `pinj`.`no_kontrak` FROM `costumer` AS `cos`
 INNER JOIN `pinjaman` AS `pinj` ON pinj.nik_costumer =  cos.nik_costumer
 INNER JOIN `kendaraan` AS `kend` ON kend.no_polisi = pinj.no_polisi
Params: []

2015-07-15T23:57:04+07:00 INFO (6): 
Elapsed Secs: 0.00014
Query: SELECT `pinj`.`no_kontrak`, `cos`.`nama`, `kend`.`no_polisi`, `pinj`.`angsuran_perbulan`, `pinj`.`tanggal_jatuh_tempo` FROM `costumer` AS `cos`
 INNER JOIN `pinjaman` AS `pinj` ON pinj.nik_costumer =  cos.nik_costumer
 INNER JOIN `kendaraan` AS `kend` ON kend.no_polisi = pinj.no_polisi WHERE (pinj.no_kontrak = '30-MF-00155-15') GROUP BY `pinj`.`no_kontrak`
Params: []

2015-07-15T23:57:04+07:00 INFO (6): 
Elapsed Secs: 0.00132
Query: DESCRIBE `pembayaran`
Params: []

2015-07-15T23:57:04+07:00 INFO (6): 
Elapsed Secs: 0.00016
Query: SELECT `pemb`.`angsuran_ke` FROM `pembayaran` AS `pemb` WHERE (no_kontrak = '30-MF-00155-15' ) ORDER BY `id_pembayaran` desc
Params: []

2015-07-15T23:57:08+07:00 INFO (6): 
Elapsed Secs: 0.00021
Query: connect
Params: []

2015-07-15T23:57:08+07:00 INFO (6): 
Elapsed Secs: 0.0011
Query: DESCRIBE `costumer`
Params: []

2015-07-15T23:57:08+07:00 INFO (6): 
Elapsed Secs: 0.00028
Query: connect
Params: []

2015-07-15T23:57:08+07:00 INFO (6): 
Elapsed Secs: 0.00022
Query: SELECT `pinj`.`no_kontrak` FROM `costumer` AS `cos`
 INNER JOIN `pinjaman` AS `pinj` ON pinj.nik_costumer =  cos.nik_costumer
 INNER JOIN `kendaraan` AS `kend` ON kend.no_polisi = pinj.no_polisi
Params: []

2015-07-15T23:57:08+07:00 INFO (6): 
Elapsed Secs: 0.00019
Query: SELECT `pinj`.`no_kontrak`, `cos`.`nama`, `kend`.`no_polisi`, `pinj`.`angsuran_perbulan`, `pinj`.`tanggal_jatuh_tempo` FROM `costumer` AS `cos`
 INNER JOIN `pinjaman` AS `pinj` ON pinj.nik_costumer =  cos.nik_costumer
 INNER JOIN `kendaraan` AS `kend` ON kend.no_polisi = pinj.no_polisi WHERE (pinj.no_kontrak = '29-MF-00001-15') GROUP BY `pinj`.`no_kontrak`
Params: []

2015-07-15T23:57:08+07:00 INFO (6): 
Elapsed Secs: 0.00089
Query: DESCRIBE `pembayaran`
Params: []

2015-07-15T23:57:08+07:00 INFO (6): 
Elapsed Secs: 0.00013
Query: SELECT `pemb`.`angsuran_ke` FROM `pembayaran` AS `pemb` WHERE (no_kontrak = '29-MF-00001-15' ) ORDER BY `id_pembayaran` desc
Params: []

