2015-06-24T11:00:03+07:00 INFO (6): 
Elapsed Secs: 0.00023
Query: connect
Params: []

2015-06-24T11:00:03+07:00 INFO (6): 
Elapsed Secs: 0.00099
Query: DESCRIBE `costumer`
Params: []

2015-06-24T11:00:03+07:00 INFO (6): 
Elapsed Secs: 0.00024
Query: SELECT `cos`.`nik_costumer`, `cos`.`nama`, `cos`.`alamat`, `cos`.`jenis_kelamin`, `cos`.`tempat_lahir`, `cos`.`tanggal_lahir`, `cos`.`nama_ibu`, `cos`.`agama`, `cos`.`status`, `cos`.`pekerjaan`, `cos`.`alamat_tempat_kerja`, `cos`.`hp`, `cos`.`telpon`, `us`.`realname`, `cb`.`cabang` FROM `costumer` AS `cos`
 INNER JOIN `user` AS `us` ON cos.id_user=us.id_user
 INNER JOIN `cabang` AS `cb` ON us.id_cabang = cb.id_cabang WHERE (cos.id_user = '16')
Params: []

2015-06-24T11:00:06+07:00 INFO (6): 
Elapsed Secs: 0.00018
Query: connect
Params: []

2015-06-24T11:00:06+07:00 INFO (6): 
Elapsed Secs: 0.00098
Query: DESCRIBE `costumer`
Params: []

2015-06-24T11:00:06+07:00 INFO (6): 
Elapsed Secs: 0.00015
Query: SELECT `costumer`.* FROM `costumer` WHERE (nik_costumer = '10212145121Leo') LIMIT 1
Params: []

2015-06-24T11:00:43+07:00 INFO (6): 
Elapsed Secs: 0.00029
Query: connect
Params: []

2015-06-24T11:00:43+07:00 INFO (6): 
Elapsed Secs: 0.00135
Query: DESCRIBE `costumer`
Params: []

2015-06-24T11:00:43+07:00 INFO (6): 
Elapsed Secs: 0.00023
Query: SELECT `costumer`.* FROM `costumer` WHERE (nik_costumer = '10212145121Leo') LIMIT 1
Params: []

2015-06-24T11:00:53+07:00 INFO (6): 
Elapsed Secs: 0.00111
Query: connect
Params: []

2015-06-24T11:00:53+07:00 INFO (6): 
Elapsed Secs: 0.00103
Query: DESCRIBE `costumer`
Params: []

2015-06-24T11:00:53+07:00 INFO (6): 
Elapsed Secs: 0.00016
Query: SELECT `costumer`.* FROM `costumer` WHERE (nik_costumer = '10212145121Leo') LIMIT 1
Params: []

2015-06-24T11:01:17+07:00 INFO (6): 
Elapsed Secs: 0.00029
Query: connect
Params: []

2015-06-24T11:01:17+07:00 INFO (6): 
Elapsed Secs: 0.00138
Query: DESCRIBE `costumer`
Params: []

2015-06-24T11:01:17+07:00 INFO (6): 
Elapsed Secs: 0.00021
Query: SELECT `costumer`.* FROM `costumer` WHERE (nik_costumer = '10212145121Leo') LIMIT 1
Params: []

2015-06-24T11:01:22+07:00 INFO (6): 
Elapsed Secs: 0.00023
Query: connect
Params: []

2015-06-24T11:01:22+07:00 INFO (6): 
Elapsed Secs: 0.05596
Query: UPDATE `costumer` SET `id_costumer` = ?, `nik_costumer` = ?, `nama` = ?, `alamat` = ?, `tempat_lahir` = ?, `tanggal_lahir` = ?, `jenis_kelamin` = ?, `nama_ibu` = ?, `agama` = ?, `status` = ?, `pekerjaan` = ?, `alamat_tempat_kerja` = ?, `hp` = ?, `telpon` = ? WHERE (id_costumer = '4')
Params: {"1":"4","2":"10212145121Leo","3":"Ridwan Dema Wiguna","4":"CIMAHI BANDUNG","5":"Bandung","6":"2015-01-13","7":"perempuan","8":"ENTENYAHO","9":"ISLAM","10":"menikah","11":"IT Consultan","12":"JL Radio 1 No 21 Kebayoran Baru Jakarta Selatan","13":"0812311111","14":"021211111"}

2015-06-24T11:01:22+07:00 INFO (6): 
Elapsed Secs: 0.00047
Query: connect
Params: []

2015-06-24T11:01:22+07:00 INFO (6): 
Elapsed Secs: 0.00229
Query: DESCRIBE `costumer`
Params: []

2015-06-24T11:01:22+07:00 INFO (6): 
Elapsed Secs: 0.00048
Query: SELECT `cos`.`nik_costumer`, `cos`.`nama`, `cos`.`alamat`, `cos`.`jenis_kelamin`, `cos`.`tempat_lahir`, `cos`.`tanggal_lahir`, `cos`.`nama_ibu`, `cos`.`agama`, `cos`.`status`, `cos`.`pekerjaan`, `cos`.`alamat_tempat_kerja`, `cos`.`hp`, `cos`.`telpon`, `us`.`realname`, `cb`.`cabang` FROM `costumer` AS `cos`
 INNER JOIN `user` AS `us` ON cos.id_user=us.id_user
 INNER JOIN `cabang` AS `cb` ON us.id_cabang = cb.id_cabang WHERE (cos.id_user = '16')
Params: []

2015-06-24T11:01:25+07:00 INFO (6): 
Elapsed Secs: 0.00024
Query: connect
Params: []

2015-06-24T11:01:25+07:00 INFO (6): 
Elapsed Secs: 0.001
Query: DESCRIBE `costumer`
Params: []

2015-06-24T11:01:25+07:00 INFO (6): 
Elapsed Secs: 0.0002
Query: SELECT `costumer`.* FROM `costumer` WHERE (nik_costumer = '10212145121Leo') LIMIT 1
Params: []

2015-06-24T11:01:33+07:00 INFO (6): 
Elapsed Secs: 0.00032
Query: connect
Params: []

2015-06-24T11:01:37+07:00 INFO (6): 
Elapsed Secs: 0.00022
Query: connect
Params: []

2015-06-24T11:02:22+07:00 INFO (6): 
Elapsed Secs: 0.00108
Query: connect
Params: []

2015-06-24T11:02:46+07:00 INFO (6): 
Elapsed Secs: 0.00112
Query: connect
Params: []

2015-06-24T11:03:01+07:00 INFO (6): 
Elapsed Secs: 0.0002
Query: connect
Params: []

2015-06-24T11:03:13+07:00 INFO (6): 
Elapsed Secs: 0.0002
Query: connect
Params: []

2015-06-24T11:03:13+07:00 INFO (6): 
Elapsed Secs: 0.001
Query: DESCRIBE `costumer`
Params: []

2015-06-24T11:03:13+07:00 INFO (6): 
Elapsed Secs: 0.00022
Query: SELECT `cos`.`nik_costumer`, `cos`.`nama`, `cos`.`alamat`, `cos`.`jenis_kelamin`, `cos`.`tempat_lahir`, `cos`.`tanggal_lahir`, `cos`.`nama_ibu`, `cos`.`agama`, `cos`.`status`, `cos`.`pekerjaan`, `cos`.`alamat_tempat_kerja`, `cos`.`hp`, `cos`.`telpon`, `us`.`realname`, `cb`.`cabang` FROM `costumer` AS `cos`
 INNER JOIN `user` AS `us` ON cos.id_user=us.id_user
 INNER JOIN `cabang` AS `cb` ON us.id_cabang = cb.id_cabang WHERE (cos.id_user = '16')
Params: []

2015-06-24T11:04:22+07:00 INFO (6): 
Elapsed Secs: 0.00025
Query: connect
Params: []

2015-06-24T11:04:22+07:00 INFO (6): 
Elapsed Secs: 0.0013
Query: DESCRIBE `costumer`
Params: []

2015-06-24T11:04:22+07:00 INFO (6): 
Elapsed Secs: 0.00027
Query: SELECT `cos`.`nik_costumer`, `cos`.`nama`, `cos`.`alamat`, `cos`.`jenis_kelamin`, `cos`.`tempat_lahir`, `cos`.`tanggal_lahir`, `cos`.`nama_ibu`, `cos`.`agama`, `cos`.`status`, `cos`.`pekerjaan`, `cos`.`alamat_tempat_kerja`, `cos`.`hp`, `cos`.`telpon`, `us`.`realname`, `cb`.`cabang` FROM `costumer` AS `cos`
 INNER JOIN `user` AS `us` ON cos.id_user=us.id_user
 INNER JOIN `cabang` AS `cb` ON us.id_cabang = cb.id_cabang WHERE (cos.nik_costumer = '10212145121Leo')
Params: []

2015-06-24T11:04:22+07:00 INFO (6): 
Elapsed Secs: 0.00023
Query: connect
Params: []

2015-06-24T11:04:22+07:00 INFO (6): 
Elapsed Secs: 0.00021
Query: SELECT `penj`.* FROM `costumer` AS `cos`
 INNER JOIN `penjamin` AS `penj` ON penj.nik_costumer = cos.nik_costumer WHERE (cos.nik_costumer = '10212145121Leo')
Params: []

2015-06-24T11:05:30+07:00 INFO (6): 
Elapsed Secs: 0.00027
Query: connect
Params: []

2015-06-24T11:05:30+07:00 INFO (6): 
Elapsed Secs: 0.0013
Query: DESCRIBE `costumer`
Params: []

2015-06-24T11:05:30+07:00 INFO (6): 
Elapsed Secs: 0.00028
Query: SELECT `cos`.`nik_costumer`, `cos`.`nama`, `cos`.`alamat`, `cos`.`jenis_kelamin`, `cos`.`tempat_lahir`, `cos`.`tanggal_lahir`, `cos`.`nama_ibu`, `cos`.`agama`, `cos`.`status`, `cos`.`pekerjaan`, `cos`.`alamat_tempat_kerja`, `cos`.`hp`, `cos`.`telpon`, `us`.`realname`, `cb`.`cabang` FROM `costumer` AS `cos`
 INNER JOIN `user` AS `us` ON cos.id_user=us.id_user
 INNER JOIN `cabang` AS `cb` ON us.id_cabang = cb.id_cabang WHERE (cos.id_user = '16')
Params: []

2015-06-24T11:06:26+07:00 INFO (6): 
Elapsed Secs: 0.00028
Query: connect
Params: []

2015-06-24T11:06:26+07:00 INFO (6): 
Elapsed Secs: 0.00128
Query: DESCRIBE `costumer`
Params: []

2015-06-24T11:07:12+07:00 INFO (6): 
Elapsed Secs: 0.00025
Query: connect
Params: []

2015-06-24T11:07:12+07:00 INFO (6): 
Elapsed Secs: 0.00112
Query: DESCRIBE `costumer`
Params: []

2015-06-24T11:46:10+07:00 INFO (6): 
Elapsed Secs: 0.00025
Query: connect
Params: []

2015-06-24T11:46:10+07:00 INFO (6): 
Elapsed Secs: 0.00126
Query: DESCRIBE `user`
Params: []

2015-06-24T11:46:10+07:00 INFO (6): 
Elapsed Secs: 0.00021
Query: connect
Params: []

2015-06-24T11:46:10+07:00 INFO (6): 
Elapsed Secs: 0.00032
Query: SELECT `user`.*, `cabang`.* FROM `user`
 INNER JOIN `cabang` ON cabang.id_cabang = user.id_cabang WHERE (user.username = 'admin') AND (user.password = 'd033e22ae348aeb5660fc2140aec35850c4da997')
Params: []

2015-06-24T11:46:10+07:00 INFO (6): 
Elapsed Secs: 0.00024
Query: SELECT `user`.*, `user_login`.*, `cabang`.* FROM `user`
 INNER JOIN `user_login` ON user_login.id_user = user.id_user
 INNER JOIN `cabang` ON cabang.id_cabang = user.id_cabang WHERE (user.id_user = '16')
Params: []

2015-06-24T11:46:16+07:00 INFO (6): 
Elapsed Secs: 0.00021
Query: connect
Params: []

2015-06-24T11:46:16+07:00 INFO (6): 
Elapsed Secs: 0.00095
Query: DESCRIBE `user`
Params: []

2015-06-24T11:46:16+07:00 INFO (6): 
Elapsed Secs: 0.00021
Query: connect
Params: []

2015-06-24T11:46:16+07:00 INFO (6): 
Elapsed Secs: 0.00022
Query: SELECT `user`.*, `cabang`.* FROM `user`
 INNER JOIN `cabang` ON cabang.id_cabang = user.id_cabang WHERE (user.username = 'rendi') AND (user.password = '0550e83016f7084b7c789051cd19882f6fdc27d6')
Params: []

2015-06-24T11:46:24+07:00 INFO (6): 
Elapsed Secs: 0.00019
Query: connect
Params: []

2015-06-24T11:46:24+07:00 INFO (6): 
Elapsed Secs: 0.00092
Query: DESCRIBE `user`
Params: []

2015-06-24T11:46:24+07:00 INFO (6): 
Elapsed Secs: 0.00022
Query: connect
Params: []

2015-06-24T11:46:24+07:00 INFO (6): 
Elapsed Secs: 0.00028
Query: SELECT `user`.*, `cabang`.* FROM `user`
 INNER JOIN `cabang` ON cabang.id_cabang = user.id_cabang WHERE (user.username = 'rendi') AND (user.password = 'cdd4f874095045f4ae6670038cbbd05fac9d4802')
Params: []

2015-06-24T11:46:31+07:00 INFO (6): 
Elapsed Secs: 0.00027
Query: connect
Params: []

2015-06-24T11:46:31+07:00 INFO (6): 
Elapsed Secs: 0.00098
Query: DESCRIBE `user`
Params: []

2015-06-24T11:46:31+07:00 INFO (6): 
Elapsed Secs: 0.00025
Query: connect
Params: []

2015-06-24T11:46:31+07:00 INFO (6): 
Elapsed Secs: 0.00027
Query: SELECT `user`.*, `cabang`.* FROM `user`
 INNER JOIN `cabang` ON cabang.id_cabang = user.id_cabang WHERE (user.username = 'rendi') AND (user.password = 'd033e22ae348aeb5660fc2140aec35850c4da997')
Params: []

2015-06-24T11:46:31+07:00 INFO (6): 
Elapsed Secs: 0.0002
Query: SELECT `user`.*, `user_login`.*, `cabang`.* FROM `user`
 INNER JOIN `user_login` ON user_login.id_user = user.id_user
 INNER JOIN `cabang` ON cabang.id_cabang = user.id_cabang WHERE (user.id_user = '17')
Params: []

2015-06-24T11:46:31+07:00 INFO (6): 
Elapsed Secs: 0.07857
Query: UPDATE `user_login` SET `status` = ?, `login_time` = NOW(), `ip_login` = ?, `last_login` = ? WHERE (id_user = '17')
Params: {"1":1,"2":"172.17.3.234","3":"2015-06-20 10:30:38"}

2015-06-24T11:46:31+07:00 INFO (6): 
Elapsed Secs: 0.00029
Query: SELECT `user`.*, `user_login`.*, `cabang`.* FROM `user`
 INNER JOIN `user_login` ON user_login.id_user = user.id_user
 INNER JOIN `cabang` ON cabang.id_cabang = user.id_cabang WHERE (user.id_user = '17')
Params: []

