2015-06-24T18:52:34+07:00 INFO (6): 
Elapsed Secs: 0.00024
Query: connect
Params: []

2015-06-24T18:52:34+07:00 INFO (6): 
Elapsed Secs: 0.001
Query: DESCRIBE `user`
Params: []

2015-06-24T18:52:34+07:00 INFO (6): 
Elapsed Secs: 0.00026
Query: connect
Params: []

2015-06-24T18:52:34+07:00 INFO (6): 
Elapsed Secs: 0.00028
Query: SELECT `user`.*, `cabang`.* FROM `user`
 INNER JOIN `cabang` ON cabang.id_cabang = user.id_cabang WHERE (user.username = 'admin') AND (user.password = '38f078a81a2b033d197497af5b77f95b50bfcfb8')
Params: []

2015-06-24T18:52:34+07:00 INFO (6): 
Elapsed Secs: 0.00022
Query: SELECT `user`.*, `user_login`.*, `cabang`.* FROM `user`
 INNER JOIN `user_login` ON user_login.id_user = user.id_user
 INNER JOIN `cabang` ON cabang.id_cabang = user.id_cabang WHERE (user.id_user = '16')
Params: []

2015-06-24T18:52:34+07:00 INFO (6): 
Elapsed Secs: 0.05525
Query: UPDATE `user_login` SET `last_login` = ?, `login_time` = NOW(), `ip_login` = ?, `status` = ? WHERE (id_user = '16')
Params: {"1":"2015-06-24 17:01:58","2":"172.17.3.234","3":1}

2015-06-24T18:52:34+07:00 INFO (6): 
Elapsed Secs: 0.00066
Query: SELECT `user`.*, `user_login`.*, `cabang`.* FROM `user`
 INNER JOIN `user_login` ON user_login.id_user = user.id_user
 INNER JOIN `cabang` ON cabang.id_cabang = user.id_cabang WHERE (user.id_user = '16')
Params: []

2015-06-24T18:52:38+07:00 INFO (6): 
Elapsed Secs: 0.00029
Query: connect
Params: []

2015-06-24T18:52:38+07:00 INFO (6): 
Elapsed Secs: 0.00159
Query: DESCRIBE `costumer`
Params: []

2015-06-24T18:52:38+07:00 INFO (6): 
Elapsed Secs: 0.00036
Query: SELECT `cos`.`nik_costumer`, `cos`.`nama`, `cos`.`alamat`, `cos`.`jenis_kelamin`, `cos`.`tempat_lahir`, `cos`.`tanggal_lahir`, `cos`.`nama_ibu`, `cos`.`agama`, `cos`.`status`, `cos`.`pekerjaan`, `cos`.`alamat_tempat_kerja`, `cos`.`hp`, `cos`.`telpon`, `us`.`realname`, `cb`.`cabang` FROM `costumer` AS `cos`
 INNER JOIN `user` AS `us` ON cos.id_user=us.id_user
 INNER JOIN `cabang` AS `cb` ON us.id_cabang = cb.id_cabang WHERE (cos.id_user = '16')
Params: []

2015-06-24T18:52:39+07:00 INFO (6): 
Elapsed Secs: 0.00022
Query: connect
Params: []

2015-06-24T18:52:39+07:00 INFO (6): 
Elapsed Secs: 0.00099
Query: DESCRIBE `costumer`
Params: []

2015-06-24T18:52:39+07:00 INFO (6): 
Elapsed Secs: 0.00017
Query: SELECT `costumer`.* FROM `costumer` WHERE (nik_costumer = '11-212-31231211') LIMIT 1
Params: []

2015-06-24T18:52:42+07:00 INFO (6): 
Elapsed Secs: 0.00028
Query: connect
Params: []

2015-06-24T18:52:42+07:00 INFO (6): 
Elapsed Secs: 0.03933
Query: UPDATE `costumer` SET `id_costumer` = ?, `nik_costumer` = ?, `nama` = ?, `alamat` = ?, `tempat_lahir` = ?, `tanggal_lahir` = ?, `jenis_kelamin` = ?, `nama_ibu` = ?, `agama` = ?, `status` = ?, `pekerjaan` = ?, `alamat_tempat_kerja` = ?, `hp` = ?, `telpon` = ? WHERE (id_costumer = '1')
Params: {"1":"1","2":"11-212-31231211","3":"Riza Masta Saputra","4":"Jl Waru No 21 Antasari Bandar Lampung","5":"Tanjung Raja","6":"2015-06-17","7":"laki-laki","8":"Masjuita","9":"ISLAM","10":"belummenikah","11":"PNS","12":"Jl Waru No 21 Antasari Bandar Lampung","13":"8123123123","14":"123123"}

2015-06-24T18:52:42+07:00 INFO (6): 
Elapsed Secs: 0.00025
Query: connect
Params: []

2015-06-24T18:52:42+07:00 INFO (6): 
Elapsed Secs: 0.00099
Query: DESCRIBE `costumer`
Params: []

2015-06-24T18:52:42+07:00 INFO (6): 
Elapsed Secs: 0.00027
Query: SELECT `cos`.`nik_costumer`, `cos`.`nama`, `cos`.`alamat`, `cos`.`jenis_kelamin`, `cos`.`tempat_lahir`, `cos`.`tanggal_lahir`, `cos`.`nama_ibu`, `cos`.`agama`, `cos`.`status`, `cos`.`pekerjaan`, `cos`.`alamat_tempat_kerja`, `cos`.`hp`, `cos`.`telpon`, `us`.`realname`, `cb`.`cabang` FROM `costumer` AS `cos`
 INNER JOIN `user` AS `us` ON cos.id_user=us.id_user
 INNER JOIN `cabang` AS `cb` ON us.id_cabang = cb.id_cabang WHERE (cos.id_user = '16')
Params: []

2015-06-24T18:52:44+07:00 INFO (6): 
Elapsed Secs: 0.00024
Query: connect
Params: []

2015-06-24T18:52:44+07:00 INFO (6): 
Elapsed Secs: 0.00129
Query: DESCRIBE `costumer`
Params: []

2015-06-24T18:52:44+07:00 INFO (6): 
Elapsed Secs: 0.00018
Query: SELECT `costumer`.* FROM `costumer` WHERE (nik_costumer = '11-212-31231211') LIMIT 1
Params: []

2015-06-24T18:55:08+07:00 INFO (6): 
Elapsed Secs: 0.00029
Query: connect
Params: []

2015-06-24T18:55:08+07:00 INFO (6): 
Elapsed Secs: 0.00096
Query: DESCRIBE `user`
Params: []

2015-06-24T18:55:08+07:00 INFO (6): 
Elapsed Secs: 0.00014
Query: SELECT `user`.* FROM `user` WHERE (id_user = '16') LIMIT 1
Params: []

2015-06-24T18:55:08+07:00 INFO (6): 
Elapsed Secs: 0.00017
Query: connect
Params: []

2015-06-24T18:55:08+07:00 INFO (6): 
Elapsed Secs: 0.00018
Query: SELECT `user`.*, `cabang`.* FROM `user`
 INNER JOIN `cabang` ON cabang.id_cabang = user.id_cabang WHERE (user.id_user = '16')
Params: []

2015-06-24T18:56:22+07:00 INFO (6): 
Elapsed Secs: 0.00029
Query: connect
Params: []

2015-06-24T18:56:22+07:00 INFO (6): 
Elapsed Secs: 0.001
Query: DESCRIBE `costumer`
Params: []

2015-06-24T18:56:22+07:00 INFO (6): 
Elapsed Secs: 0.00026
Query: SELECT `cos`.`nik_costumer`, `cos`.`nama`, `cos`.`alamat`, `cos`.`jenis_kelamin`, `cos`.`tempat_lahir`, `cos`.`tanggal_lahir`, `cos`.`nama_ibu`, `cos`.`agama`, `cos`.`status`, `cos`.`pekerjaan`, `cos`.`alamat_tempat_kerja`, `cos`.`hp`, `cos`.`telpon`, `us`.`realname`, `cb`.`cabang` FROM `costumer` AS `cos`
 INNER JOIN `user` AS `us` ON cos.id_user=us.id_user
 INNER JOIN `cabang` AS `cb` ON us.id_cabang = cb.id_cabang WHERE (cos.id_user = '16')
Params: []

2015-06-24T18:56:26+07:00 INFO (6): 
Elapsed Secs: 0.0003
Query: connect
Params: []

2015-06-24T18:56:26+07:00 INFO (6): 
Elapsed Secs: 0.0016
Query: DESCRIBE `costumer`
Params: []

2015-06-24T18:56:26+07:00 INFO (6): 
Elapsed Secs: 0.00037
Query: SELECT `cos`.`nik_costumer`, `cos`.`nama`, `cos`.`alamat`, `cos`.`jenis_kelamin`, `cos`.`tempat_lahir`, `cos`.`tanggal_lahir`, `cos`.`nama_ibu`, `cos`.`agama`, `cos`.`status`, `cos`.`pekerjaan`, `cos`.`alamat_tempat_kerja`, `cos`.`hp`, `cos`.`telpon`, `us`.`realname`, `cb`.`cabang` FROM `costumer` AS `cos`
 INNER JOIN `user` AS `us` ON cos.id_user=us.id_user
 INNER JOIN `cabang` AS `cb` ON us.id_cabang = cb.id_cabang WHERE (cos.id_user = '16')
Params: []

2015-06-24T18:56:28+07:00 INFO (6): 
Elapsed Secs: 0.00024
Query: connect
Params: []

2015-06-24T18:56:28+07:00 INFO (6): 
Elapsed Secs: 0.00096
Query: DESCRIBE `costumer`
Params: []

2015-06-24T18:56:28+07:00 INFO (6): 
Elapsed Secs: 0.00023
Query: SELECT `cos`.`nik_costumer`, `cos`.`nama`, `cos`.`alamat`, `cos`.`jenis_kelamin`, `cos`.`tempat_lahir`, `cos`.`tanggal_lahir`, `cos`.`nama_ibu`, `cos`.`agama`, `cos`.`status`, `cos`.`pekerjaan`, `cos`.`alamat_tempat_kerja`, `cos`.`hp`, `cos`.`telpon`, `us`.`realname`, `cb`.`cabang` FROM `costumer` AS `cos`
 INNER JOIN `user` AS `us` ON cos.id_user=us.id_user
 INNER JOIN `cabang` AS `cb` ON us.id_cabang = cb.id_cabang WHERE (cos.nik_costumer = '11-212-31231211')
Params: []

2015-06-24T18:56:28+07:00 INFO (6): 
Elapsed Secs: 0.00017
Query: connect
Params: []

2015-06-24T18:56:28+07:00 INFO (6): 
Elapsed Secs: 0.00016
Query: SELECT `penj`.* FROM `costumer` AS `cos`
 INNER JOIN `penjamin` AS `penj` ON penj.nik_costumer = cos.nik_costumer WHERE (cos.nik_costumer = '11-212-31231211')
Params: []

2015-06-24T18:56:51+07:00 INFO (6): 
Elapsed Secs: 0.00025
Query: connect
Params: []

2015-06-24T18:56:51+07:00 INFO (6): 
Elapsed Secs: 0.00133
Query: DESCRIBE `cabang`
Params: []

2015-06-24T18:56:51+07:00 INFO (6): 
Elapsed Secs: 0.00019
Query: SELECT `cabang`.* FROM `cabang` WHERE (id_cabang = '29' ) LIMIT 1
Params: []

2015-06-24T18:56:51+07:00 INFO (6): 
Elapsed Secs: 0.00116
Query: DESCRIBE `kendaraan`
Params: []

2015-06-24T18:56:51+07:00 INFO (6): 
Elapsed Secs: 0.00022
Query: connect
Params: []

2015-06-24T18:56:51+07:00 INFO (6): 
Elapsed Secs: 0.00035
Query: SELECT `ken`.*, `cos`.`id_cabang`, `us`.`id_user`, `cb`.`cabang` FROM `kendaraan` AS `ken`
 INNER JOIN `costumer` AS `cos` ON cos.nik_costumer=ken.nik_costumer
 INNER JOIN `user` AS `us` ON us.id_user = cos.id_user
 INNER JOIN `cabang` AS `cb` ON cos.id_cabang = cb.id_cabang WHERE (us.id_user = '16') AND (cb.id_cabang = '29')
Params: []

2015-06-24T18:56:56+07:00 INFO (6): 
Elapsed Secs: 0.00111
Query: connect
Params: []

2015-06-24T18:56:56+07:00 INFO (6): 
Elapsed Secs: 0.001
Query: DESCRIBE `cabang`
Params: []

2015-06-24T18:56:56+07:00 INFO (6): 
Elapsed Secs: 0.00016
Query: SELECT `cabang`.* FROM `cabang` WHERE (id_cabang = '29' ) LIMIT 1
Params: []

2015-06-24T18:56:56+07:00 INFO (6): 
Elapsed Secs: 0.00081
Query: DESCRIBE `kendaraan`
Params: []

2015-06-24T18:56:56+07:00 INFO (6): 
Elapsed Secs: 0.00019
Query: connect
Params: []

2015-06-24T18:56:56+07:00 INFO (6): 
Elapsed Secs: 0.00025
Query: SELECT `ken`.*, `cos`.`id_cabang`, `us`.`id_user`, `cb`.`cabang` FROM `kendaraan` AS `ken`
 INNER JOIN `costumer` AS `cos` ON cos.nik_costumer=ken.nik_costumer
 INNER JOIN `user` AS `us` ON us.id_user = cos.id_user
 INNER JOIN `cabang` AS `cb` ON cos.id_cabang = cb.id_cabang WHERE (us.id_user = '16') AND (cb.id_cabang = '29')
Params: []

2015-06-24T18:56:58+07:00 INFO (6): 
Elapsed Secs: 0.00029
Query: connect
Params: []

2015-06-24T18:56:58+07:00 INFO (6): 
Elapsed Secs: 0.001
Query: DESCRIBE `cabang`
Params: []

2015-06-24T18:56:58+07:00 INFO (6): 
Elapsed Secs: 0.0002
Query: SELECT `cabang`.* FROM `cabang` WHERE (id_cabang = '29' ) LIMIT 1
Params: []

2015-06-24T18:56:58+07:00 INFO (6): 
Elapsed Secs: 0.00086
Query: DESCRIBE `kendaraan`
Params: []

2015-06-24T18:56:58+07:00 INFO (6): 
Elapsed Secs: 0.00018
Query: connect
Params: []

2015-06-24T18:56:58+07:00 INFO (6): 
Elapsed Secs: 0.00025
Query: SELECT `ken`.*, `cos`.`id_cabang`, `us`.`id_user`, `cb`.`cabang` FROM `kendaraan` AS `ken`
 INNER JOIN `costumer` AS `cos` ON cos.nik_costumer=ken.nik_costumer
 INNER JOIN `user` AS `us` ON us.id_user = cos.id_user
 INNER JOIN `cabang` AS `cb` ON cos.id_cabang = cb.id_cabang WHERE (us.id_user = '16') AND (cb.id_cabang = '29')
Params: []

2015-06-24T18:57:00+07:00 INFO (6): 
Elapsed Secs: 0.0003
Query: connect
Params: []

2015-06-24T18:57:00+07:00 INFO (6): 
Elapsed Secs: 0.00134
Query: DESCRIBE `costumer`
Params: []

2015-06-24T18:57:00+07:00 INFO (6): 
Elapsed Secs: 0.00031
Query: SELECT `cos`.`nik_costumer`, `cos`.`nama`, `cos`.`alamat`, `cos`.`jenis_kelamin`, `cos`.`tempat_lahir`, `cos`.`tanggal_lahir`, `cos`.`nama_ibu`, `cos`.`agama`, `cos`.`status`, `cos`.`pekerjaan`, `cos`.`alamat_tempat_kerja`, `cos`.`hp`, `cos`.`telpon`, `us`.`realname`, `cb`.`cabang` FROM `costumer` AS `cos`
 INNER JOIN `user` AS `us` ON cos.id_user=us.id_user
 INNER JOIN `cabang` AS `cb` ON us.id_cabang = cb.id_cabang WHERE (cos.id_user = '16')
Params: []

2015-06-24T18:57:13+07:00 INFO (6): 
Elapsed Secs: 0.0003
Query: connect
Params: []

2015-06-24T18:57:13+07:00 INFO (6): 
Elapsed Secs: 0.0406
Query: UPDATE `user_login` SET `status` = ? WHERE (id_user ='16')
Params: {"1":0}

2015-06-24T18:57:18+07:00 INFO (6): 
Elapsed Secs: 0.00132
Query: connect
Params: []

2015-06-24T18:57:18+07:00 INFO (6): 
Elapsed Secs: 0.00099
Query: DESCRIBE `user`
Params: []

2015-06-24T18:57:18+07:00 INFO (6): 
Elapsed Secs: 0.00023
Query: connect
Params: []

2015-06-24T18:57:18+07:00 INFO (6): 
Elapsed Secs: 0.00025
Query: SELECT `user`.*, `cabang`.* FROM `user`
 INNER JOIN `cabang` ON cabang.id_cabang = user.id_cabang WHERE (user.username = 'rendi') AND (user.password = 'd033e22ae348aeb5660fc2140aec35850c4da997')
Params: []

2015-06-24T18:57:18+07:00 INFO (6): 
Elapsed Secs: 0.01881
Query: SELECT `user`.*, `user_login`.*, `cabang`.* FROM `user`
 INNER JOIN `user_login` ON user_login.id_user = user.id_user
 INNER JOIN `cabang` ON cabang.id_cabang = user.id_cabang WHERE (user.id_user = '17')
Params: []

2015-06-24T18:57:18+07:00 INFO (6): 
Elapsed Secs: 0.09156
Query: UPDATE `user_login` SET `status` = ?, `login_time` = NOW(), `ip_login` = ?, `last_login` = ? WHERE (id_user = '17')
Params: {"1":1,"2":"172.17.3.234","3":"2015-06-24 16:59:56"}

2015-06-24T18:57:18+07:00 INFO (6): 
Elapsed Secs: 0.00026
Query: SELECT `user`.*, `user_login`.*, `cabang`.* FROM `user`
 INNER JOIN `user_login` ON user_login.id_user = user.id_user
 INNER JOIN `cabang` ON cabang.id_cabang = user.id_cabang WHERE (user.id_user = '17')
Params: []

2015-06-24T18:57:20+07:00 INFO (6): 
Elapsed Secs: 0.00023
Query: connect
Params: []

2015-06-24T18:57:20+07:00 INFO (6): 
Elapsed Secs: 0.00099
Query: DESCRIBE `penjamin`
Params: []

2015-06-24T18:57:20+07:00 INFO (6): 
Elapsed Secs: 0.00014
Query: connect
Params: []

2015-06-24T18:57:20+07:00 INFO (6): 
Elapsed Secs: 0.00025
Query: SELECT `pe`.*, `cos`.`id_cabang`, `cos`.`id_user`, `cb`.`cabang` FROM `penjamin` AS `pe`
 INNER JOIN `costumer` AS `cos` ON pe.nik_costumer = cos.nik_costumer
 INNER JOIN `user` AS `us` ON us.id_user = cos.id_user
 INNER JOIN `cabang` AS `cb` ON cb.id_cabang = cos.id_cabang WHERE (us.id_user= '17') AND (cb.id_cabang = '30')
Params: []

2015-06-24T18:57:23+07:00 INFO (6): 
Elapsed Secs: 0.00022
Query: connect
Params: []

2015-06-24T18:57:23+07:00 INFO (6): 
Elapsed Secs: 0.00098
Query: DESCRIBE `costumer`
Params: []

2015-06-24T18:57:23+07:00 INFO (6): 
Elapsed Secs: 0.00019
Query: SELECT `cos`.`nik_costumer`, `cos`.`nama`, `cos`.`alamat`, `cos`.`jenis_kelamin`, `cos`.`tempat_lahir`, `cos`.`tanggal_lahir`, `cos`.`nama_ibu`, `cos`.`agama`, `cos`.`status`, `cos`.`pekerjaan`, `cos`.`alamat_tempat_kerja`, `cos`.`hp`, `cos`.`telpon`, `us`.`realname`, `cb`.`cabang` FROM `costumer` AS `cos`
 INNER JOIN `user` AS `us` ON cos.id_user=us.id_user
 INNER JOIN `cabang` AS `cb` ON us.id_cabang = cb.id_cabang WHERE (cos.id_user = '17')
Params: []

2015-06-24T18:57:27+07:00 INFO (6): 
Elapsed Secs: 0.00022
Query: connect
Params: []

2015-06-24T18:57:27+07:00 INFO (6): 
Elapsed Secs: 0.00185
Query: DESCRIBE `penjamin`
Params: []

2015-06-24T18:57:27+07:00 INFO (6): 
Elapsed Secs: 0.00033
Query: connect
Params: []

2015-06-24T18:57:27+07:00 INFO (6): 
Elapsed Secs: 0.00046
Query: SELECT `pe`.*, `cos`.`id_cabang`, `cos`.`id_user`, `cb`.`cabang` FROM `penjamin` AS `pe`
 INNER JOIN `costumer` AS `cos` ON pe.nik_costumer = cos.nik_costumer
 INNER JOIN `user` AS `us` ON us.id_user = cos.id_user
 INNER JOIN `cabang` AS `cb` ON cb.id_cabang = cos.id_cabang WHERE (us.id_user= '17') AND (cb.id_cabang = '30')
Params: []

2015-06-24T18:57:30+07:00 INFO (6): 
Elapsed Secs: 0.00028
Query: connect
Params: []

2015-06-24T18:57:30+07:00 INFO (6): 
Elapsed Secs: 0.00102
Query: DESCRIBE `cabang`
Params: []

2015-06-24T18:57:30+07:00 INFO (6): 
Elapsed Secs: 0.00014
Query: SELECT `cabang`.* FROM `cabang` WHERE (id_cabang = '30' ) LIMIT 1
Params: []

2015-06-24T18:57:30+07:00 INFO (6): 
Elapsed Secs: 0.0008
Query: DESCRIBE `kendaraan`
Params: []

2015-06-24T18:57:30+07:00 INFO (6): 
Elapsed Secs: 0.00017
Query: connect
Params: []

2015-06-24T18:57:30+07:00 INFO (6): 
Elapsed Secs: 0.00036
Query: SELECT `ken`.*, `cos`.`id_cabang`, `us`.`id_user`, `cb`.`cabang` FROM `kendaraan` AS `ken`
 INNER JOIN `costumer` AS `cos` ON cos.nik_costumer=ken.nik_costumer
 INNER JOIN `user` AS `us` ON us.id_user = cos.id_user
 INNER JOIN `cabang` AS `cb` ON cos.id_cabang = cb.id_cabang WHERE (us.id_user = '17') AND (cb.id_cabang = '30')
Params: []

2015-06-24T18:57:33+07:00 INFO (6): 
Elapsed Secs: 0.00026
Query: connect
Params: []

2015-06-24T18:57:33+07:00 INFO (6): 
Elapsed Secs: 0.00098
Query: DESCRIBE `cabang`
Params: []

2015-06-24T18:57:33+07:00 INFO (6): 
Elapsed Secs: 0.00018
Query: SELECT `cabang`.* FROM `cabang` WHERE (id_cabang = '30' ) LIMIT 1
Params: []

2015-06-24T18:57:33+07:00 INFO (6): 
Elapsed Secs: 0.00079
Query: DESCRIBE `kendaraan`
Params: []

2015-06-24T18:57:33+07:00 INFO (6): 
Elapsed Secs: 0.00029
Query: connect
Params: []

2015-06-24T18:57:33+07:00 INFO (6): 
Elapsed Secs: 0.00027
Query: SELECT `ken`.*, `cos`.`id_cabang`, `us`.`id_user`, `cb`.`cabang` FROM `kendaraan` AS `ken`
 INNER JOIN `costumer` AS `cos` ON cos.nik_costumer=ken.nik_costumer
 INNER JOIN `user` AS `us` ON us.id_user = cos.id_user
 INNER JOIN `cabang` AS `cb` ON cos.id_cabang = cb.id_cabang WHERE (us.id_user = '17') AND (cb.id_cabang = '30')
Params: []

2015-06-24T18:58:38+07:00 INFO (6): 
Elapsed Secs: 0.00116
Query: connect
Params: []

2015-06-24T18:58:38+07:00 INFO (6): 
Elapsed Secs: 0.00107
Query: DESCRIBE `costumer`
Params: []

2015-06-24T18:58:38+07:00 INFO (6): 
Elapsed Secs: 0.00021
Query: SELECT `cos`.`nik_costumer`, `cos`.`nama`, `cos`.`alamat`, `cos`.`jenis_kelamin`, `cos`.`tempat_lahir`, `cos`.`tanggal_lahir`, `cos`.`nama_ibu`, `cos`.`agama`, `cos`.`status`, `cos`.`pekerjaan`, `cos`.`alamat_tempat_kerja`, `cos`.`hp`, `cos`.`telpon`, `us`.`realname`, `cb`.`cabang` FROM `costumer` AS `cos`
 INNER JOIN `user` AS `us` ON cos.id_user=us.id_user
 INNER JOIN `cabang` AS `cb` ON us.id_cabang = cb.id_cabang WHERE (cos.id_user = '17')
Params: []

2015-06-24T18:58:42+07:00 INFO (6): 
Elapsed Secs: 0.00025
Query: connect
Params: []

2015-06-24T18:58:42+07:00 INFO (6): 
Elapsed Secs: 0.00103
Query: DESCRIBE `costumer`
Params: []

2015-06-24T18:58:42+07:00 INFO (6): 
Elapsed Secs: 0.00024
Query: SELECT `cos`.`nik_costumer`, `cos`.`nama`, `cos`.`alamat`, `cos`.`jenis_kelamin`, `cos`.`tempat_lahir`, `cos`.`tanggal_lahir`, `cos`.`nama_ibu`, `cos`.`agama`, `cos`.`status`, `cos`.`pekerjaan`, `cos`.`alamat_tempat_kerja`, `cos`.`hp`, `cos`.`telpon`, `us`.`realname`, `cb`.`cabang` FROM `costumer` AS `cos`
 INNER JOIN `user` AS `us` ON cos.id_user=us.id_user
 INNER JOIN `cabang` AS `cb` ON us.id_cabang = cb.id_cabang WHERE (cos.id_user = '17')
Params: []

