2015-07-25T17:11:15+07:00 INFO (6): 
Elapsed Secs: 0.07548
Query: connect
Params: []

2015-07-25T17:11:15+07:00 INFO (6): 
Elapsed Secs: 0.00064
Query: DESCRIBE `user`
Params: []

2015-07-25T17:11:15+07:00 INFO (6): 
Elapsed Secs: 0.00029
Query: connect
Params: []

2015-07-25T17:11:15+07:00 INFO (6): 
Elapsed Secs: 0.00031
Query: SELECT `user`.*, `cabang`.* FROM `user`
 INNER JOIN `cabang` ON cabang.id_cabang = user.id_cabang WHERE (user.username = 'kasir') AND (user.password = 'd033e22ae348aeb5660fc2140aec35850c4da997')
Params: []

2015-07-25T17:11:15+07:00 INFO (6): 
Elapsed Secs: 0.00025
Query: SELECT `user`.*, `user_login`.*, `cabang`.* FROM `user`
 INNER JOIN `user_login` ON user_login.id_user = user.id_user
 INNER JOIN `cabang` ON cabang.id_cabang = user.id_cabang WHERE (user.id_user = '18')
Params: []

2015-07-25T17:11:39+07:00 INFO (6): 
Elapsed Secs: 0.00144
Query: connect
Params: []

2015-07-25T17:11:39+07:00 INFO (6): 
Elapsed Secs: 0.03595
Query: UPDATE `user_login` SET `status` = ? WHERE (id_user ='18')
Params: {"1":0}

2015-07-25T17:11:47+07:00 INFO (6): 
Elapsed Secs: 0.00111
Query: connect
Params: []

2015-07-25T17:11:47+07:00 INFO (6): 
Elapsed Secs: 0.00063
Query: DESCRIBE `user`
Params: []

2015-07-25T17:11:47+07:00 INFO (6): 
Elapsed Secs: 0.00025
Query: connect
Params: []

2015-07-25T17:11:47+07:00 INFO (6): 
Elapsed Secs: 0.00028
Query: SELECT `user`.*, `cabang`.* FROM `user`
 INNER JOIN `cabang` ON cabang.id_cabang = user.id_cabang WHERE (user.username = 'kasir') AND (user.password = 'd033e22ae348aeb5660fc2140aec35850c4da997')
Params: []

2015-07-25T17:11:47+07:00 INFO (6): 
Elapsed Secs: 0.00024
Query: SELECT `user`.*, `user_login`.*, `cabang`.* FROM `user`
 INNER JOIN `user_login` ON user_login.id_user = user.id_user
 INNER JOIN `cabang` ON cabang.id_cabang = user.id_cabang WHERE (user.id_user = '18')
Params: []

2015-07-25T17:11:47+07:00 INFO (6): 
Elapsed Secs: 0.06248
Query: UPDATE `user_login` SET `status` = ?, `login_time` = NOW(), `ip_login` = ?, `last_login` = ? WHERE (id_user = '18')
Params: {"1":1,"2":"127.0.0.1","3":"2015-07-25 16:52:26"}

2015-07-25T17:11:47+07:00 INFO (6): 
Elapsed Secs: 0.0007
Query: SELECT `user`.*, `user_login`.*, `cabang`.* FROM `user`
 INNER JOIN `user_login` ON user_login.id_user = user.id_user
 INNER JOIN `cabang` ON cabang.id_cabang = user.id_cabang WHERE (user.id_user = '18')
Params: []

2015-07-25T17:12:08+07:00 INFO (6): 
Elapsed Secs: 0.00123
Query: connect
Params: []

2015-07-25T17:12:08+07:00 INFO (6): 
Elapsed Secs: 0.00057
Query: DESCRIBE `costumer`
Params: []

2015-07-25T17:12:08+07:00 INFO (6): 
Elapsed Secs: 0.00027
Query: connect
Params: []

2015-07-25T17:12:08+07:00 INFO (6): 
Elapsed Secs: 0.00027
Query: SELECT `pinj`.`no_kontrak` FROM `costumer` AS `cos`
 INNER JOIN `pinjaman` AS `pinj` ON pinj.nik_costumer =  cos.nik_costumer
 INNER JOIN `kendaraan` AS `kend` ON kend.no_polisi = pinj.no_polisi
Params: []

2015-07-25T17:12:14+07:00 INFO (6): 
Elapsed Secs: 0.00142
Query: connect
Params: []

2015-07-25T17:12:14+07:00 INFO (6): 
Elapsed Secs: 0.00055
Query: DESCRIBE `costumer`
Params: []

2015-07-25T17:12:14+07:00 INFO (6): 
Elapsed Secs: 0.00018
Query: connect
Params: []

2015-07-25T17:12:14+07:00 INFO (6): 
Elapsed Secs: 0.0002
Query: SELECT `pinj`.`no_kontrak` FROM `costumer` AS `cos`
 INNER JOIN `pinjaman` AS `pinj` ON pinj.nik_costumer =  cos.nik_costumer
 INNER JOIN `kendaraan` AS `kend` ON kend.no_polisi = pinj.no_polisi
Params: []

2015-07-25T17:12:14+07:00 INFO (6): 
Elapsed Secs: 0.00016
Query: SELECT `pinj`.`no_kontrak`, `cos`.`nama`, `kend`.`no_polisi`, `pinj`.`angsuran_perbulan`, `pinj`.`tanggal_jatuh_tempo` FROM `costumer` AS `cos`
 INNER JOIN `pinjaman` AS `pinj` ON pinj.nik_costumer =  cos.nik_costumer
 INNER JOIN `kendaraan` AS `kend` ON kend.no_polisi = pinj.no_polisi WHERE (pinj.no_kontrak = '29-MD-00160-15') GROUP BY `pinj`.`no_kontrak`
Params: []

2015-07-25T17:12:14+07:00 INFO (6): 
Elapsed Secs: 0.00056
Query: DESCRIBE `pembayaran`
Params: []

2015-07-25T17:12:14+07:00 INFO (6): 
Elapsed Secs: 0.00014
Query: SELECT `pemb`.`angsuran_ke` FROM `pembayaran` AS `pemb` WHERE (no_kontrak = '29-MD-00160-15' ) ORDER BY `id_pembayaran` desc
Params: []

2015-07-25T17:12:14+07:00 INFO (6): 
Elapsed Secs: 0.00024
Query: SELECT `cos`.`nama`, `cos`.`nik_costumer`, `pemb`.`angsuran_ke`, `pemb`.`tanggal_pembayaran`, `pinj`.`no_kontrak`, `pinj`.`nilai_pinjaman`, `pinj`.`angsuran_perbulan`, `pinj`.`lama_angsuran` FROM `pembayaran` AS `pemb`
 INNER JOIN `pinjaman` AS `pinj` ON pinj.no_kontrak = pemb.no_kontrak
 INNER JOIN `costumer` AS `cos` ON pinj.nik_costumer = cos.nik_costumer WHERE (pemb.no_kontrak = '29-MD-00160-15') ORDER BY `id_pembayaran` desc
Params: []

2015-07-25T17:12:14+07:00 INFO (6): 
Elapsed Secs: 9.0E-5
Query: SELECT `pembayaran`.`id_pembayaran` FROM `pembayaran` ORDER BY `id_pembayaran` desc
Params: []

2015-07-25T17:12:14+07:00 INFO (6): 
Elapsed Secs: 0.00059
Query: DESCRIBE `kartu_piutang`
Params: []

2015-07-25T17:12:14+07:00 INFO (6): 
Elapsed Secs: 0.00014
Query: SELECT `kartu_piutang`.`denda_terhitung` FROM `kartu_piutang` WHERE (no_kontrak = '29-MD-00160-15') ORDER BY `id_piutang` desc
Params: []

2015-07-25T17:12:19+07:00 INFO (6): 
Elapsed Secs: 0.00029
Query: connect
Params: []

2015-07-25T17:12:19+07:00 INFO (6): 
Elapsed Secs: 0.00055
Query: DESCRIBE `costumer`
Params: []

2015-07-25T17:12:19+07:00 INFO (6): 
Elapsed Secs: 0.00019
Query: connect
Params: []

2015-07-25T17:12:19+07:00 INFO (6): 
Elapsed Secs: 0.00021
Query: SELECT `pinj`.`no_kontrak` FROM `costumer` AS `cos`
 INNER JOIN `pinjaman` AS `pinj` ON pinj.nik_costumer =  cos.nik_costumer
 INNER JOIN `kendaraan` AS `kend` ON kend.no_polisi = pinj.no_polisi
Params: []

2015-07-25T17:12:19+07:00 INFO (6): 
Elapsed Secs: 0.00018
Query: SELECT `pinj`.`no_kontrak`, `cos`.`nama`, `kend`.`no_polisi`, `pinj`.`angsuran_perbulan`, `pinj`.`tanggal_jatuh_tempo` FROM `costumer` AS `cos`
 INNER JOIN `pinjaman` AS `pinj` ON pinj.nik_costumer =  cos.nik_costumer
 INNER JOIN `kendaraan` AS `kend` ON kend.no_polisi = pinj.no_polisi WHERE (pinj.no_kontrak = '29-MD-00160-15') GROUP BY `pinj`.`no_kontrak`
Params: []

2015-07-25T17:12:19+07:00 INFO (6): 
Elapsed Secs: 0.00045
Query: DESCRIBE `pembayaran`
Params: []

2015-07-25T17:12:19+07:00 INFO (6): 
Elapsed Secs: 0.00014
Query: SELECT `pemb`.`angsuran_ke` FROM `pembayaran` AS `pemb` WHERE (no_kontrak = '29-MD-00160-15' ) ORDER BY `id_pembayaran` desc
Params: []

2015-07-25T17:12:19+07:00 INFO (6): 
Elapsed Secs: 0.00019
Query: SELECT `cos`.`nama`, `cos`.`nik_costumer`, `pemb`.`angsuran_ke`, `pemb`.`tanggal_pembayaran`, `pinj`.`no_kontrak`, `pinj`.`nilai_pinjaman`, `pinj`.`angsuran_perbulan`, `pinj`.`lama_angsuran` FROM `pembayaran` AS `pemb`
 INNER JOIN `pinjaman` AS `pinj` ON pinj.no_kontrak = pemb.no_kontrak
 INNER JOIN `costumer` AS `cos` ON pinj.nik_costumer = cos.nik_costumer WHERE (pemb.no_kontrak = '29-MD-00160-15') ORDER BY `id_pembayaran` desc
Params: []

2015-07-25T17:12:19+07:00 INFO (6): 
Elapsed Secs: 9.0E-5
Query: SELECT `pembayaran`.`id_pembayaran` FROM `pembayaran` ORDER BY `id_pembayaran` desc
Params: []

2015-07-25T17:12:19+07:00 INFO (6): 
Elapsed Secs: 0.00046
Query: DESCRIBE `kartu_piutang`
Params: []

2015-07-25T17:12:19+07:00 INFO (6): 
Elapsed Secs: 0.00014
Query: SELECT `kartu_piutang`.`denda_terhitung` FROM `kartu_piutang` WHERE (no_kontrak = '29-MD-00160-15') ORDER BY `id_piutang` desc
Params: []

2015-07-25T17:14:41+07:00 INFO (6): 
Elapsed Secs: 0.00184
Query: connect
Params: []

2015-07-25T17:14:41+07:00 INFO (6): 
Elapsed Secs: 0.00076
Query: DESCRIBE `costumer`
Params: []

2015-07-25T17:14:41+07:00 INFO (6): 
Elapsed Secs: 0.00021
Query: connect
Params: []

2015-07-25T17:14:41+07:00 INFO (6): 
Elapsed Secs: 0.00032
Query: SELECT `pinj`.`no_kontrak` FROM `costumer` AS `cos`
 INNER JOIN `pinjaman` AS `pinj` ON pinj.nik_costumer =  cos.nik_costumer
 INNER JOIN `kendaraan` AS `kend` ON kend.no_polisi = pinj.no_polisi
Params: []

2015-07-25T17:14:41+07:00 INFO (6): 
Elapsed Secs: 0.00024
Query: SELECT `pinj`.`no_kontrak`, `cos`.`nama`, `kend`.`no_polisi`, `pinj`.`angsuran_perbulan`, `pinj`.`tanggal_jatuh_tempo` FROM `costumer` AS `cos`
 INNER JOIN `pinjaman` AS `pinj` ON pinj.nik_costumer =  cos.nik_costumer
 INNER JOIN `kendaraan` AS `kend` ON kend.no_polisi = pinj.no_polisi WHERE (pinj.no_kontrak = '29-MD-00160-15') GROUP BY `pinj`.`no_kontrak`
Params: []

2015-07-25T17:14:41+07:00 INFO (6): 
Elapsed Secs: 0.00063
Query: DESCRIBE `pembayaran`
Params: []

2015-07-25T17:14:41+07:00 INFO (6): 
Elapsed Secs: 0.00021
Query: SELECT `pemb`.`angsuran_ke` FROM `pembayaran` AS `pemb` WHERE (no_kontrak = '29-MD-00160-15' ) ORDER BY `id_pembayaran` desc
Params: []

2015-07-25T17:14:41+07:00 INFO (6): 
Elapsed Secs: 0.00027
Query: SELECT `cos`.`nama`, `cos`.`nik_costumer`, `pemb`.`angsuran_ke`, `pemb`.`tanggal_pembayaran`, `pinj`.`no_kontrak`, `pinj`.`nilai_pinjaman`, `pinj`.`angsuran_perbulan`, `pinj`.`lama_angsuran` FROM `pembayaran` AS `pemb`
 INNER JOIN `pinjaman` AS `pinj` ON pinj.no_kontrak = pemb.no_kontrak
 INNER JOIN `costumer` AS `cos` ON pinj.nik_costumer = cos.nik_costumer WHERE (pemb.no_kontrak = '29-MD-00160-15') ORDER BY `id_pembayaran` desc
Params: []

2015-07-25T17:14:41+07:00 INFO (6): 
Elapsed Secs: 0.00013
Query: SELECT `pembayaran`.`id_pembayaran` FROM `pembayaran` ORDER BY `id_pembayaran` desc
Params: []

2015-07-25T17:14:41+07:00 INFO (6): 
Elapsed Secs: 0.00067
Query: DESCRIBE `kartu_piutang`
Params: []

2015-07-25T17:14:41+07:00 INFO (6): 
Elapsed Secs: 0.00021
Query: SELECT `kartu_piutang`.`denda_terhitung` FROM `kartu_piutang` WHERE (no_kontrak = '29-MD-00160-15') ORDER BY `id_piutang` desc
Params: []

2015-07-25T17:14:57+07:00 INFO (6): 
Elapsed Secs: 0.0002
Query: connect
Params: []

2015-07-25T17:14:57+07:00 INFO (6): 
Elapsed Secs: 0.00055
Query: DESCRIBE `costumer`
Params: []

2015-07-25T17:14:57+07:00 INFO (6): 
Elapsed Secs: 0.00015
Query: connect
Params: []

2015-07-25T17:14:57+07:00 INFO (6): 
Elapsed Secs: 0.00028
Query: SELECT `pinj`.`no_kontrak` FROM `costumer` AS `cos`
 INNER JOIN `pinjaman` AS `pinj` ON pinj.nik_costumer =  cos.nik_costumer
 INNER JOIN `kendaraan` AS `kend` ON kend.no_polisi = pinj.no_polisi
Params: []

2015-07-25T17:14:57+07:00 INFO (6): 
Elapsed Secs: 0.00018
Query: SELECT `pinj`.`no_kontrak`, `cos`.`nama`, `kend`.`no_polisi`, `pinj`.`angsuran_perbulan`, `pinj`.`tanggal_jatuh_tempo` FROM `costumer` AS `cos`
 INNER JOIN `pinjaman` AS `pinj` ON pinj.nik_costumer =  cos.nik_costumer
 INNER JOIN `kendaraan` AS `kend` ON kend.no_polisi = pinj.no_polisi WHERE (pinj.no_kontrak = '29-MD-00160-15') GROUP BY `pinj`.`no_kontrak`
Params: []

2015-07-25T17:14:57+07:00 INFO (6): 
Elapsed Secs: 0.00051
Query: DESCRIBE `pembayaran`
Params: []

2015-07-25T17:14:57+07:00 INFO (6): 
Elapsed Secs: 0.00017
Query: SELECT `pemb`.`angsuran_ke` FROM `pembayaran` AS `pemb` WHERE (no_kontrak = '29-MD-00160-15' ) ORDER BY `id_pembayaran` desc
Params: []

2015-07-25T17:14:57+07:00 INFO (6): 
Elapsed Secs: 0.0003
Query: SELECT `cos`.`nama`, `cos`.`nik_costumer`, `pemb`.`angsuran_ke`, `pemb`.`tanggal_pembayaran`, `pinj`.`no_kontrak`, `pinj`.`nilai_pinjaman`, `pinj`.`angsuran_perbulan`, `pinj`.`lama_angsuran` FROM `pembayaran` AS `pemb`
 INNER JOIN `pinjaman` AS `pinj` ON pinj.no_kontrak = pemb.no_kontrak
 INNER JOIN `costumer` AS `cos` ON pinj.nik_costumer = cos.nik_costumer WHERE (pemb.no_kontrak = '29-MD-00160-15') ORDER BY `id_pembayaran` desc
Params: []

2015-07-25T17:14:57+07:00 INFO (6): 
Elapsed Secs: 0.00012
Query: SELECT `pembayaran`.`id_pembayaran` FROM `pembayaran` ORDER BY `id_pembayaran` desc
Params: []

2015-07-25T17:14:57+07:00 INFO (6): 
Elapsed Secs: 0.00054
Query: DESCRIBE `kartu_piutang`
Params: []

2015-07-25T17:14:57+07:00 INFO (6): 
Elapsed Secs: 0.00016
Query: SELECT `kartu_piutang`.`denda_terhitung` FROM `kartu_piutang` WHERE (no_kontrak = '29-MD-00160-15') ORDER BY `id_piutang` desc
Params: []

2015-07-25T17:15:14+07:00 INFO (6): 
Elapsed Secs: 0.00028
Query: connect
Params: []

2015-07-25T17:15:14+07:00 INFO (6): 
Elapsed Secs: 0.00059
Query: DESCRIBE `costumer`
Params: []

2015-07-25T17:15:14+07:00 INFO (6): 
Elapsed Secs: 0.00023
Query: connect
Params: []

2015-07-25T17:15:14+07:00 INFO (6): 
Elapsed Secs: 0.00024
Query: SELECT `pinj`.`no_kontrak` FROM `costumer` AS `cos`
 INNER JOIN `pinjaman` AS `pinj` ON pinj.nik_costumer =  cos.nik_costumer
 INNER JOIN `kendaraan` AS `kend` ON kend.no_polisi = pinj.no_polisi
Params: []

2015-07-25T17:15:49+07:00 INFO (6): 
Elapsed Secs: 0.0011
Query: connect
Params: []

2015-07-25T17:15:49+07:00 INFO (6): 
Elapsed Secs: 0.00073
Query: DESCRIBE `costumer`
Params: []

2015-07-25T17:15:49+07:00 INFO (6): 
Elapsed Secs: 0.00026
Query: connect
Params: []

2015-07-25T17:15:49+07:00 INFO (6): 
Elapsed Secs: 0.00038
Query: SELECT `pinj`.`no_kontrak` FROM `costumer` AS `cos`
 INNER JOIN `pinjaman` AS `pinj` ON pinj.nik_costumer =  cos.nik_costumer
 INNER JOIN `kendaraan` AS `kend` ON kend.no_polisi = pinj.no_polisi
Params: []

2015-07-25T17:15:49+07:00 INFO (6): 
Elapsed Secs: 0.00031
Query: SELECT `pinj`.`no_kontrak`, `cos`.`nama`, `kend`.`no_polisi`, `pinj`.`angsuran_perbulan`, `pinj`.`tanggal_jatuh_tempo` FROM `costumer` AS `cos`
 INNER JOIN `pinjaman` AS `pinj` ON pinj.nik_costumer =  cos.nik_costumer
 INNER JOIN `kendaraan` AS `kend` ON kend.no_polisi = pinj.no_polisi WHERE (pinj.no_kontrak = '29-MD-00160-15') GROUP BY `pinj`.`no_kontrak`
Params: []

2015-07-25T17:15:49+07:00 INFO (6): 
Elapsed Secs: 0.0009
Query: DESCRIBE `pembayaran`
Params: []

2015-07-25T17:15:49+07:00 INFO (6): 
Elapsed Secs: 0.00021
Query: SELECT `pemb`.`angsuran_ke` FROM `pembayaran` AS `pemb` WHERE (no_kontrak = '29-MD-00160-15' ) ORDER BY `id_pembayaran` desc
Params: []

2015-07-25T17:15:49+07:00 INFO (6): 
Elapsed Secs: 0.00033
Query: SELECT `cos`.`nama`, `cos`.`nik_costumer`, `pemb`.`angsuran_ke`, `pemb`.`tanggal_pembayaran`, `pinj`.`no_kontrak`, `pinj`.`nilai_pinjaman`, `pinj`.`angsuran_perbulan`, `pinj`.`lama_angsuran` FROM `pembayaran` AS `pemb`
 INNER JOIN `pinjaman` AS `pinj` ON pinj.no_kontrak = pemb.no_kontrak
 INNER JOIN `costumer` AS `cos` ON pinj.nik_costumer = cos.nik_costumer WHERE (pemb.no_kontrak = '29-MD-00160-15') ORDER BY `id_pembayaran` desc
Params: []

2015-07-25T17:15:49+07:00 INFO (6): 
Elapsed Secs: 0.00018
Query: SELECT `pembayaran`.`id_pembayaran` FROM `pembayaran` ORDER BY `id_pembayaran` desc
Params: []

2015-07-25T17:15:49+07:00 INFO (6): 
Elapsed Secs: 0.00095
Query: DESCRIBE `kartu_piutang`
Params: []

2015-07-25T17:15:49+07:00 INFO (6): 
Elapsed Secs: 0.00021
Query: SELECT `kartu_piutang`.`denda_terhitung` FROM `kartu_piutang` WHERE (no_kontrak = '29-MD-00160-15') ORDER BY `id_piutang` desc
Params: []

2015-07-25T17:15:52+07:00 INFO (6): 
Elapsed Secs: 0.00026
Query: connect
Params: []

2015-07-25T17:15:52+07:00 INFO (6): 
Elapsed Secs: 0.00055
Query: DESCRIBE `costumer`
Params: []

2015-07-25T17:15:52+07:00 INFO (6): 
Elapsed Secs: 0.00025
Query: connect
Params: []

2015-07-25T17:15:52+07:00 INFO (6): 
Elapsed Secs: 0.00022
Query: SELECT `pinj`.`no_kontrak` FROM `costumer` AS `cos`
 INNER JOIN `pinjaman` AS `pinj` ON pinj.nik_costumer =  cos.nik_costumer
 INNER JOIN `kendaraan` AS `kend` ON kend.no_polisi = pinj.no_polisi
Params: []

2015-07-25T17:15:52+07:00 INFO (6): 
Elapsed Secs: 0.00018
Query: SELECT `pinj`.`no_kontrak`, `cos`.`nama`, `kend`.`no_polisi`, `pinj`.`angsuran_perbulan`, `pinj`.`tanggal_jatuh_tempo` FROM `costumer` AS `cos`
 INNER JOIN `pinjaman` AS `pinj` ON pinj.nik_costumer =  cos.nik_costumer
 INNER JOIN `kendaraan` AS `kend` ON kend.no_polisi = pinj.no_polisi WHERE (pinj.no_kontrak = '29-MF-00001-15') GROUP BY `pinj`.`no_kontrak`
Params: []

2015-07-25T17:15:52+07:00 INFO (6): 
Elapsed Secs: 0.0005
Query: DESCRIBE `pembayaran`
Params: []

2015-07-25T17:15:52+07:00 INFO (6): 
Elapsed Secs: 0.00016
Query: SELECT `pemb`.`angsuran_ke` FROM `pembayaran` AS `pemb` WHERE (no_kontrak = '29-MF-00001-15' ) ORDER BY `id_pembayaran` desc
Params: []

2015-07-25T17:15:52+07:00 INFO (6): 
Elapsed Secs: 0.00017
Query: SELECT `cos`.`nama`, `cos`.`nik_costumer`, `pemb`.`angsuran_ke`, `pemb`.`tanggal_pembayaran`, `pinj`.`no_kontrak`, `pinj`.`nilai_pinjaman`, `pinj`.`angsuran_perbulan`, `pinj`.`lama_angsuran` FROM `pembayaran` AS `pemb`
 INNER JOIN `pinjaman` AS `pinj` ON pinj.no_kontrak = pemb.no_kontrak
 INNER JOIN `costumer` AS `cos` ON pinj.nik_costumer = cos.nik_costumer WHERE (pemb.no_kontrak = '29-MF-00001-15') ORDER BY `id_pembayaran` desc
Params: []

2015-07-25T17:15:52+07:00 INFO (6): 
Elapsed Secs: 9.0E-5
Query: SELECT `pembayaran`.`id_pembayaran` FROM `pembayaran` ORDER BY `id_pembayaran` desc
Params: []

2015-07-25T17:15:52+07:00 INFO (6): 
Elapsed Secs: 0.00042
Query: DESCRIBE `kartu_piutang`
Params: []

2015-07-25T17:15:52+07:00 INFO (6): 
Elapsed Secs: 0.00012
Query: SELECT `kartu_piutang`.`denda_terhitung` FROM `kartu_piutang` WHERE (no_kontrak = '29-MF-00001-15') ORDER BY `id_piutang` desc
Params: []

2015-07-25T17:24:23+07:00 INFO (6): 
Elapsed Secs: 0.00166
Query: connect
Params: []

2015-07-25T17:24:23+07:00 INFO (6): 
Elapsed Secs: 0.00076
Query: DESCRIBE `costumer`
Params: []

2015-07-25T17:24:23+07:00 INFO (6): 
Elapsed Secs: 0.00025
Query: connect
Params: []

2015-07-25T17:24:23+07:00 INFO (6): 
Elapsed Secs: 0.00023
Query: SELECT `pinj`.`no_kontrak` FROM `costumer` AS `cos`
 INNER JOIN `pinjaman` AS `pinj` ON pinj.nik_costumer =  cos.nik_costumer
 INNER JOIN `kendaraan` AS `kend` ON kend.no_polisi = pinj.no_polisi
Params: []

2015-07-25T17:24:23+07:00 INFO (6): 
Elapsed Secs: 0.00017
Query: SELECT `pinj`.`no_kontrak`, `cos`.`nama`, `kend`.`no_polisi`, `pinj`.`angsuran_perbulan`, `pinj`.`tanggal_jatuh_tempo` FROM `costumer` AS `cos`
 INNER JOIN `pinjaman` AS `pinj` ON pinj.nik_costumer =  cos.nik_costumer
 INNER JOIN `kendaraan` AS `kend` ON kend.no_polisi = pinj.no_polisi WHERE (pinj.no_kontrak = '29-MF-00001-15') GROUP BY `pinj`.`no_kontrak`
Params: []

2015-07-25T17:24:23+07:00 INFO (6): 
Elapsed Secs: 0.00046
Query: DESCRIBE `pembayaran`
Params: []

2015-07-25T17:24:23+07:00 INFO (6): 
Elapsed Secs: 0.0001
Query: SELECT `pemb`.`angsuran_ke` FROM `pembayaran` AS `pemb` WHERE (no_kontrak = '29-MF-00001-15' ) ORDER BY `id_pembayaran` desc
Params: []

2015-07-25T17:24:23+07:00 INFO (6): 
Elapsed Secs: 0.00018
Query: SELECT `cos`.`nama`, `cos`.`nik_costumer`, `pemb`.`angsuran_ke`, `pemb`.`tanggal_pembayaran`, `pinj`.`no_kontrak`, `pinj`.`nilai_pinjaman`, `pinj`.`angsuran_perbulan`, `pinj`.`lama_angsuran` FROM `pembayaran` AS `pemb`
 INNER JOIN `pinjaman` AS `pinj` ON pinj.no_kontrak = pemb.no_kontrak
 INNER JOIN `costumer` AS `cos` ON pinj.nik_costumer = cos.nik_costumer WHERE (pemb.no_kontrak = '29-MF-00001-15') ORDER BY `id_pembayaran` desc
Params: []

2015-07-25T17:24:23+07:00 INFO (6): 
Elapsed Secs: 9.0E-5
Query: SELECT `pembayaran`.`id_pembayaran` FROM `pembayaran` ORDER BY `id_pembayaran` desc
Params: []

2015-07-25T17:24:23+07:00 INFO (6): 
Elapsed Secs: 0.00052
Query: DESCRIBE `kartu_piutang`
Params: []

2015-07-25T17:24:23+07:00 INFO (6): 
Elapsed Secs: 0.00014
Query: SELECT `kartu_piutang`.`denda_terhitung` FROM `kartu_piutang` WHERE (no_kontrak = '29-MF-00001-15') ORDER BY `id_piutang` desc
Params: []

2015-07-25T17:25:05+07:00 INFO (6): 
Elapsed Secs: 0.00149
Query: connect
Params: []

2015-07-25T17:25:05+07:00 INFO (6): 
Elapsed Secs: 0.00088
Query: DESCRIBE `costumer`
Params: []

2015-07-25T17:25:05+07:00 INFO (6): 
Elapsed Secs: 0.00023
Query: connect
Params: []

2015-07-25T17:25:05+07:00 INFO (6): 
Elapsed Secs: 0.00025
Query: SELECT `pinj`.`no_kontrak` FROM `costumer` AS `cos`
 INNER JOIN `pinjaman` AS `pinj` ON pinj.nik_costumer =  cos.nik_costumer
 INNER JOIN `kendaraan` AS `kend` ON kend.no_polisi = pinj.no_polisi
Params: []

2015-07-25T17:25:05+07:00 INFO (6): 
Elapsed Secs: 0.0002
Query: SELECT `pinj`.`no_kontrak`, `cos`.`nama`, `kend`.`no_polisi`, `pinj`.`angsuran_perbulan`, `pinj`.`tanggal_jatuh_tempo` FROM `costumer` AS `cos`
 INNER JOIN `pinjaman` AS `pinj` ON pinj.nik_costumer =  cos.nik_costumer
 INNER JOIN `kendaraan` AS `kend` ON kend.no_polisi = pinj.no_polisi WHERE (pinj.no_kontrak = '29-MF-00001-15') GROUP BY `pinj`.`no_kontrak`
Params: []

2015-07-25T17:25:05+07:00 INFO (6): 
Elapsed Secs: 0.00059
Query: DESCRIBE `pembayaran`
Params: []

2015-07-25T17:25:05+07:00 INFO (6): 
Elapsed Secs: 0.0002
Query: SELECT `pemb`.`angsuran_ke` FROM `pembayaran` AS `pemb` WHERE (no_kontrak = '29-MF-00001-15' ) ORDER BY `id_pembayaran` desc
Params: []

2015-07-25T17:25:05+07:00 INFO (6): 
Elapsed Secs: 0.00026
Query: SELECT `cos`.`nama`, `cos`.`nik_costumer`, `pemb`.`angsuran_ke`, `pemb`.`tanggal_pembayaran`, `pinj`.`no_kontrak`, `pinj`.`nilai_pinjaman`, `pinj`.`angsuran_perbulan`, `pinj`.`lama_angsuran` FROM `pembayaran` AS `pemb`
 INNER JOIN `pinjaman` AS `pinj` ON pinj.no_kontrak = pemb.no_kontrak
 INNER JOIN `costumer` AS `cos` ON pinj.nik_costumer = cos.nik_costumer WHERE (pemb.no_kontrak = '29-MF-00001-15') ORDER BY `id_pembayaran` desc
Params: []

2015-07-25T17:25:05+07:00 INFO (6): 
Elapsed Secs: 0.00015
Query: SELECT `pembayaran`.`id_pembayaran` FROM `pembayaran` ORDER BY `id_pembayaran` desc
Params: []

2015-07-25T17:25:05+07:00 INFO (6): 
Elapsed Secs: 0.00055
Query: DESCRIBE `kartu_piutang`
Params: []

2015-07-25T17:25:05+07:00 INFO (6): 
Elapsed Secs: 0.00014
Query: SELECT `kartu_piutang`.`denda_terhitung` FROM `kartu_piutang` WHERE (no_kontrak = '29-MF-00001-15') ORDER BY `id_piutang` desc
Params: []

2015-07-25T17:25:36+07:00 INFO (6): 
Elapsed Secs: 0.00107
Query: connect
Params: []

2015-07-25T17:25:36+07:00 INFO (6): 
Elapsed Secs: 0.00055
Query: DESCRIBE `costumer`
Params: []

2015-07-25T17:25:36+07:00 INFO (6): 
Elapsed Secs: 0.0002
Query: connect
Params: []

2015-07-25T17:25:36+07:00 INFO (6): 
Elapsed Secs: 0.00023
Query: SELECT `pinj`.`no_kontrak` FROM `costumer` AS `cos`
 INNER JOIN `pinjaman` AS `pinj` ON pinj.nik_costumer =  cos.nik_costumer
 INNER JOIN `kendaraan` AS `kend` ON kend.no_polisi = pinj.no_polisi
Params: []

2015-07-25T17:25:36+07:00 INFO (6): 
Elapsed Secs: 0.00017
Query: SELECT `pinj`.`no_kontrak`, `cos`.`nama`, `kend`.`no_polisi`, `pinj`.`angsuran_perbulan`, `pinj`.`tanggal_jatuh_tempo` FROM `costumer` AS `cos`
 INNER JOIN `pinjaman` AS `pinj` ON pinj.nik_costumer =  cos.nik_costumer
 INNER JOIN `kendaraan` AS `kend` ON kend.no_polisi = pinj.no_polisi WHERE (pinj.no_kontrak = '29-MF-00001-15') GROUP BY `pinj`.`no_kontrak`
Params: []

2015-07-25T17:25:36+07:00 INFO (6): 
Elapsed Secs: 0.00051
Query: DESCRIBE `pembayaran`
Params: []

2015-07-25T17:25:36+07:00 INFO (6): 
Elapsed Secs: 0.00013
Query: SELECT `pemb`.`angsuran_ke` FROM `pembayaran` AS `pemb` WHERE (no_kontrak = '29-MF-00001-15' ) ORDER BY `id_pembayaran` desc
Params: []

2015-07-25T17:25:36+07:00 INFO (6): 
Elapsed Secs: 0.00016
Query: SELECT `cos`.`nama`, `cos`.`nik_costumer`, `pemb`.`angsuran_ke`, `pemb`.`tanggal_pembayaran`, `pinj`.`no_kontrak`, `pinj`.`nilai_pinjaman`, `pinj`.`angsuran_perbulan`, `pinj`.`lama_angsuran` FROM `pembayaran` AS `pemb`
 INNER JOIN `pinjaman` AS `pinj` ON pinj.no_kontrak = pemb.no_kontrak
 INNER JOIN `costumer` AS `cos` ON pinj.nik_costumer = cos.nik_costumer WHERE (pemb.no_kontrak = '29-MF-00001-15') ORDER BY `id_pembayaran` desc
Params: []

2015-07-25T17:25:36+07:00 INFO (6): 
Elapsed Secs: 8.0E-5
Query: SELECT `pembayaran`.`id_pembayaran` FROM `pembayaran` ORDER BY `id_pembayaran` desc
Params: []

2015-07-25T17:25:36+07:00 INFO (6): 
Elapsed Secs: 0.00042
Query: DESCRIBE `kartu_piutang`
Params: []

2015-07-25T17:25:36+07:00 INFO (6): 
Elapsed Secs: 0.0001
Query: SELECT `kartu_piutang`.`denda_terhitung` FROM `kartu_piutang` WHERE (no_kontrak = '29-MF-00001-15') ORDER BY `id_piutang` desc
Params: []

2015-07-25T17:26:24+07:00 INFO (6): 
Elapsed Secs: 0.00121
Query: connect
Params: []

2015-07-25T17:26:24+07:00 INFO (6): 
Elapsed Secs: 0.00057
Query: DESCRIBE `costumer`
Params: []

2015-07-25T17:26:24+07:00 INFO (6): 
Elapsed Secs: 0.0002
Query: connect
Params: []

2015-07-25T17:26:24+07:00 INFO (6): 
Elapsed Secs: 0.00025
Query: SELECT `pinj`.`no_kontrak` FROM `costumer` AS `cos`
 INNER JOIN `pinjaman` AS `pinj` ON pinj.nik_costumer =  cos.nik_costumer
 INNER JOIN `kendaraan` AS `kend` ON kend.no_polisi = pinj.no_polisi
Params: []

2015-07-25T17:26:24+07:00 INFO (6): 
Elapsed Secs: 0.00016
Query: SELECT `pinj`.`no_kontrak`, `cos`.`nama`, `kend`.`no_polisi`, `pinj`.`angsuran_perbulan`, `pinj`.`tanggal_jatuh_tempo` FROM `costumer` AS `cos`
 INNER JOIN `pinjaman` AS `pinj` ON pinj.nik_costumer =  cos.nik_costumer
 INNER JOIN `kendaraan` AS `kend` ON kend.no_polisi = pinj.no_polisi WHERE (pinj.no_kontrak = '29-MF-00001-15') GROUP BY `pinj`.`no_kontrak`
Params: []

2015-07-25T17:26:24+07:00 INFO (6): 
Elapsed Secs: 0.00049
Query: DESCRIBE `pembayaran`
Params: []

2015-07-25T17:26:24+07:00 INFO (6): 
Elapsed Secs: 0.00015
Query: SELECT `pemb`.`angsuran_ke` FROM `pembayaran` AS `pemb` WHERE (no_kontrak = '29-MF-00001-15' ) ORDER BY `id_pembayaran` desc
Params: []

2015-07-25T17:26:24+07:00 INFO (6): 
Elapsed Secs: 0.00022
Query: SELECT `cos`.`nama`, `cos`.`nik_costumer`, `pemb`.`angsuran_ke`, `pemb`.`tanggal_pembayaran`, `pinj`.`no_kontrak`, `pinj`.`nilai_pinjaman`, `pinj`.`angsuran_perbulan`, `pinj`.`lama_angsuran` FROM `pembayaran` AS `pemb`
 INNER JOIN `pinjaman` AS `pinj` ON pinj.no_kontrak = pemb.no_kontrak
 INNER JOIN `costumer` AS `cos` ON pinj.nik_costumer = cos.nik_costumer WHERE (pemb.no_kontrak = '29-MF-00001-15') ORDER BY `id_pembayaran` desc
Params: []

2015-07-25T17:26:24+07:00 INFO (6): 
Elapsed Secs: 0.00012
Query: SELECT `pembayaran`.`id_pembayaran` FROM `pembayaran` ORDER BY `id_pembayaran` desc
Params: []

2015-07-25T17:26:24+07:00 INFO (6): 
Elapsed Secs: 0.00052
Query: DESCRIBE `kartu_piutang`
Params: []

2015-07-25T17:26:24+07:00 INFO (6): 
Elapsed Secs: 0.00012
Query: SELECT `kartu_piutang`.`denda_terhitung` FROM `kartu_piutang` WHERE (no_kontrak = '29-MF-00001-15') ORDER BY `id_piutang` desc
Params: []

2015-07-25T17:26:41+07:00 INFO (6): 
Elapsed Secs: 0.00149
Query: connect
Params: []

2015-07-25T17:26:41+07:00 INFO (6): 
Elapsed Secs: 0.00072
Query: DESCRIBE `costumer`
Params: []

2015-07-25T17:26:41+07:00 INFO (6): 
Elapsed Secs: 0.00022
Query: connect
Params: []

2015-07-25T17:26:41+07:00 INFO (6): 
Elapsed Secs: 0.0003
Query: SELECT `pinj`.`no_kontrak` FROM `costumer` AS `cos`
 INNER JOIN `pinjaman` AS `pinj` ON pinj.nik_costumer =  cos.nik_costumer
 INNER JOIN `kendaraan` AS `kend` ON kend.no_polisi = pinj.no_polisi
Params: []

2015-07-25T17:26:41+07:00 INFO (6): 
Elapsed Secs: 0.00024
Query: SELECT `pinj`.`no_kontrak`, `cos`.`nama`, `kend`.`no_polisi`, `pinj`.`angsuran_perbulan`, `pinj`.`tanggal_jatuh_tempo` FROM `costumer` AS `cos`
 INNER JOIN `pinjaman` AS `pinj` ON pinj.nik_costumer =  cos.nik_costumer
 INNER JOIN `kendaraan` AS `kend` ON kend.no_polisi = pinj.no_polisi WHERE (pinj.no_kontrak = '29-MF-00001-15') GROUP BY `pinj`.`no_kontrak`
Params: []

2015-07-25T17:26:41+07:00 INFO (6): 
Elapsed Secs: 0.00062
Query: DESCRIBE `pembayaran`
Params: []

2015-07-25T17:26:41+07:00 INFO (6): 
Elapsed Secs: 0.00017
Query: SELECT `pemb`.`angsuran_ke` FROM `pembayaran` AS `pemb` WHERE (no_kontrak = '29-MF-00001-15' ) ORDER BY `id_pembayaran` desc
Params: []

2015-07-25T17:26:41+07:00 INFO (6): 
Elapsed Secs: 0.00023
Query: SELECT `cos`.`nama`, `cos`.`nik_costumer`, `pemb`.`angsuran_ke`, `pemb`.`tanggal_pembayaran`, `pinj`.`no_kontrak`, `pinj`.`nilai_pinjaman`, `pinj`.`angsuran_perbulan`, `pinj`.`lama_angsuran` FROM `pembayaran` AS `pemb`
 INNER JOIN `pinjaman` AS `pinj` ON pinj.no_kontrak = pemb.no_kontrak
 INNER JOIN `costumer` AS `cos` ON pinj.nik_costumer = cos.nik_costumer WHERE (pemb.no_kontrak = '29-MF-00001-15') ORDER BY `id_pembayaran` desc
Params: []

2015-07-25T17:26:41+07:00 INFO (6): 
Elapsed Secs: 0.00012
Query: SELECT `pembayaran`.`id_pembayaran` FROM `pembayaran` ORDER BY `id_pembayaran` desc
Params: []

2015-07-25T17:26:41+07:00 INFO (6): 
Elapsed Secs: 0.00058
Query: DESCRIBE `kartu_piutang`
Params: []

2015-07-25T17:26:41+07:00 INFO (6): 
Elapsed Secs: 0.00016
Query: SELECT `kartu_piutang`.`denda_terhitung` FROM `kartu_piutang` WHERE (no_kontrak = '29-MF-00001-15') ORDER BY `id_piutang` desc
Params: []

2015-07-25T17:27:04+07:00 INFO (6): 
Elapsed Secs: 0.00165
Query: connect
Params: []

2015-07-25T17:27:04+07:00 INFO (6): 
Elapsed Secs: 0.00057
Query: DESCRIBE `costumer`
Params: []

2015-07-25T17:27:04+07:00 INFO (6): 
Elapsed Secs: 0.00017
Query: connect
Params: []

2015-07-25T17:27:04+07:00 INFO (6): 
Elapsed Secs: 0.00018
Query: SELECT `pinj`.`no_kontrak` FROM `costumer` AS `cos`
 INNER JOIN `pinjaman` AS `pinj` ON pinj.nik_costumer =  cos.nik_costumer
 INNER JOIN `kendaraan` AS `kend` ON kend.no_polisi = pinj.no_polisi
Params: []

2015-07-25T17:27:04+07:00 INFO (6): 
Elapsed Secs: 0.00013
Query: SELECT `pinj`.`no_kontrak`, `cos`.`nama`, `kend`.`no_polisi`, `pinj`.`angsuran_perbulan`, `pinj`.`tanggal_jatuh_tempo` FROM `costumer` AS `cos`
 INNER JOIN `pinjaman` AS `pinj` ON pinj.nik_costumer =  cos.nik_costumer
 INNER JOIN `kendaraan` AS `kend` ON kend.no_polisi = pinj.no_polisi WHERE (pinj.no_kontrak = '29-MF-00001-15') GROUP BY `pinj`.`no_kontrak`
Params: []

2015-07-25T17:27:04+07:00 INFO (6): 
Elapsed Secs: 0.00051
Query: DESCRIBE `pembayaran`
Params: []

2015-07-25T17:27:04+07:00 INFO (6): 
Elapsed Secs: 0.00015
Query: SELECT `pemb`.`angsuran_ke` FROM `pembayaran` AS `pemb` WHERE (no_kontrak = '29-MF-00001-15' ) ORDER BY `id_pembayaran` desc
Params: []

2015-07-25T17:27:04+07:00 INFO (6): 
Elapsed Secs: 0.00019
Query: SELECT `cos`.`nama`, `cos`.`nik_costumer`, `pemb`.`angsuran_ke`, `pemb`.`tanggal_pembayaran`, `pinj`.`no_kontrak`, `pinj`.`nilai_pinjaman`, `pinj`.`angsuran_perbulan`, `pinj`.`lama_angsuran` FROM `pembayaran` AS `pemb`
 INNER JOIN `pinjaman` AS `pinj` ON pinj.no_kontrak = pemb.no_kontrak
 INNER JOIN `costumer` AS `cos` ON pinj.nik_costumer = cos.nik_costumer WHERE (pemb.no_kontrak = '29-MF-00001-15') ORDER BY `id_pembayaran` desc
Params: []

2015-07-25T17:27:04+07:00 INFO (6): 
Elapsed Secs: 0.00011
Query: SELECT `pembayaran`.`id_pembayaran` FROM `pembayaran` ORDER BY `id_pembayaran` desc
Params: []

2015-07-25T17:27:04+07:00 INFO (6): 
Elapsed Secs: 0.00047
Query: DESCRIBE `kartu_piutang`
Params: []

2015-07-25T17:27:04+07:00 INFO (6): 
Elapsed Secs: 0.00011
Query: SELECT `kartu_piutang`.`denda_terhitung` FROM `kartu_piutang` WHERE (no_kontrak = '29-MF-00001-15') ORDER BY `id_piutang` desc
Params: []

2015-07-25T17:27:29+07:00 INFO (6): 
Elapsed Secs: 0.00021
Query: connect
Params: []

2015-07-25T17:27:29+07:00 INFO (6): 
Elapsed Secs: 0.00052
Query: DESCRIBE `costumer`
Params: []

2015-07-25T17:27:29+07:00 INFO (6): 
Elapsed Secs: 0.00016
Query: connect
Params: []

2015-07-25T17:27:29+07:00 INFO (6): 
Elapsed Secs: 0.0002
Query: SELECT `pinj`.`no_kontrak` FROM `costumer` AS `cos`
 INNER JOIN `pinjaman` AS `pinj` ON pinj.nik_costumer =  cos.nik_costumer
 INNER JOIN `kendaraan` AS `kend` ON kend.no_polisi = pinj.no_polisi
Params: []

2015-07-25T17:27:29+07:00 INFO (6): 
Elapsed Secs: 0.00016
Query: SELECT `pinj`.`no_kontrak`, `cos`.`nama`, `kend`.`no_polisi`, `pinj`.`angsuran_perbulan`, `pinj`.`tanggal_jatuh_tempo` FROM `costumer` AS `cos`
 INNER JOIN `pinjaman` AS `pinj` ON pinj.nik_costumer =  cos.nik_costumer
 INNER JOIN `kendaraan` AS `kend` ON kend.no_polisi = pinj.no_polisi WHERE (pinj.no_kontrak = '29-MF-00001-15') GROUP BY `pinj`.`no_kontrak`
Params: []

2015-07-25T17:27:29+07:00 INFO (6): 
Elapsed Secs: 0.00044
Query: DESCRIBE `pembayaran`
Params: []

2015-07-25T17:27:29+07:00 INFO (6): 
Elapsed Secs: 0.00011
Query: SELECT `pemb`.`angsuran_ke` FROM `pembayaran` AS `pemb` WHERE (no_kontrak = '29-MF-00001-15' ) ORDER BY `id_pembayaran` desc
Params: []

2015-07-25T17:27:29+07:00 INFO (6): 
Elapsed Secs: 0.00016
Query: SELECT `cos`.`nama`, `cos`.`nik_costumer`, `pemb`.`angsuran_ke`, `pemb`.`tanggal_pembayaran`, `pinj`.`no_kontrak`, `pinj`.`nilai_pinjaman`, `pinj`.`angsuran_perbulan`, `pinj`.`lama_angsuran` FROM `pembayaran` AS `pemb`
 INNER JOIN `pinjaman` AS `pinj` ON pinj.no_kontrak = pemb.no_kontrak
 INNER JOIN `costumer` AS `cos` ON pinj.nik_costumer = cos.nik_costumer WHERE (pemb.no_kontrak = '29-MF-00001-15') ORDER BY `id_pembayaran` desc
Params: []

2015-07-25T17:27:29+07:00 INFO (6): 
Elapsed Secs: 8.0E-5
Query: SELECT `pembayaran`.`id_pembayaran` FROM `pembayaran` ORDER BY `id_pembayaran` desc
Params: []

2015-07-25T17:27:29+07:00 INFO (6): 
Elapsed Secs: 0.0004
Query: DESCRIBE `kartu_piutang`
Params: []

2015-07-25T17:27:29+07:00 INFO (6): 
Elapsed Secs: 0.00016
Query: SELECT `kartu_piutang`.`denda_terhitung` FROM `kartu_piutang` WHERE (no_kontrak = '29-MF-00001-15') ORDER BY `id_piutang` desc
Params: []

2015-07-25T17:28:46+07:00 INFO (6): 
Elapsed Secs: 0.00027
Query: connect
Params: []

2015-07-25T17:28:46+07:00 INFO (6): 
Elapsed Secs: 0.00069
Query: DESCRIBE `costumer`
Params: []

2015-07-25T17:28:46+07:00 INFO (6): 
Elapsed Secs: 0.00027
Query: connect
Params: []

2015-07-25T17:28:46+07:00 INFO (6): 
Elapsed Secs: 0.00029
Query: SELECT `pinj`.`no_kontrak` FROM `costumer` AS `cos`
 INNER JOIN `pinjaman` AS `pinj` ON pinj.nik_costumer =  cos.nik_costumer
 INNER JOIN `kendaraan` AS `kend` ON kend.no_polisi = pinj.no_polisi
Params: []

2015-07-25T17:28:46+07:00 INFO (6): 
Elapsed Secs: 0.00026
Query: SELECT `pinj`.`no_kontrak`, `cos`.`nama`, `kend`.`no_polisi`, `pinj`.`angsuran_perbulan`, `pinj`.`tanggal_jatuh_tempo` FROM `costumer` AS `cos`
 INNER JOIN `pinjaman` AS `pinj` ON pinj.nik_costumer =  cos.nik_costumer
 INNER JOIN `kendaraan` AS `kend` ON kend.no_polisi = pinj.no_polisi WHERE (pinj.no_kontrak = '29-MF-00001-15') GROUP BY `pinj`.`no_kontrak`
Params: []

2015-07-25T17:28:46+07:00 INFO (6): 
Elapsed Secs: 0.00055
Query: DESCRIBE `pembayaran`
Params: []

2015-07-25T17:28:46+07:00 INFO (6): 
Elapsed Secs: 0.00015
Query: SELECT `pemb`.`angsuran_ke` FROM `pembayaran` AS `pemb` WHERE (no_kontrak = '29-MF-00001-15' ) ORDER BY `id_pembayaran` desc
Params: []

2015-07-25T17:28:46+07:00 INFO (6): 
Elapsed Secs: 0.00021
Query: SELECT `cos`.`nama`, `cos`.`nik_costumer`, `pemb`.`angsuran_ke`, `pemb`.`tanggal_pembayaran`, `pinj`.`no_kontrak`, `pinj`.`nilai_pinjaman`, `pinj`.`angsuran_perbulan`, `pinj`.`lama_angsuran` FROM `pembayaran` AS `pemb`
 INNER JOIN `pinjaman` AS `pinj` ON pinj.no_kontrak = pemb.no_kontrak
 INNER JOIN `costumer` AS `cos` ON pinj.nik_costumer = cos.nik_costumer WHERE (pemb.no_kontrak = '29-MF-00001-15') ORDER BY `id_pembayaran` desc
Params: []

2015-07-25T17:28:46+07:00 INFO (6): 
Elapsed Secs: 0.00012
Query: SELECT `pembayaran`.`id_pembayaran` FROM `pembayaran` ORDER BY `id_pembayaran` desc
Params: []

2015-07-25T17:28:46+07:00 INFO (6): 
Elapsed Secs: 0.00056
Query: DESCRIBE `kartu_piutang`
Params: []

2015-07-25T17:28:46+07:00 INFO (6): 
Elapsed Secs: 0.00016
Query: SELECT `kartu_piutang`.`denda_terhitung` FROM `kartu_piutang` WHERE (no_kontrak = '29-MF-00001-15') ORDER BY `id_piutang` desc
Params: []

2015-07-25T17:35:52+07:00 INFO (6): 
Elapsed Secs: 0.00026
Query: connect
Params: []

2015-07-25T17:35:52+07:00 INFO (6): 
Elapsed Secs: 0.00069
Query: DESCRIBE `costumer`
Params: []

2015-07-25T17:35:52+07:00 INFO (6): 
Elapsed Secs: 0.00024
Query: connect
Params: []

2015-07-25T17:35:52+07:00 INFO (6): 
Elapsed Secs: 0.00023
Query: SELECT `pinj`.`no_kontrak` FROM `costumer` AS `cos`
 INNER JOIN `pinjaman` AS `pinj` ON pinj.nik_costumer =  cos.nik_costumer
 INNER JOIN `kendaraan` AS `kend` ON kend.no_polisi = pinj.no_polisi
Params: []

2015-07-25T17:35:52+07:00 INFO (6): 
Elapsed Secs: 0.0002
Query: SELECT `pinj`.`no_kontrak`, `cos`.`nama`, `kend`.`no_polisi`, `pinj`.`angsuran_perbulan`, `pinj`.`tanggal_jatuh_tempo` FROM `costumer` AS `cos`
 INNER JOIN `pinjaman` AS `pinj` ON pinj.nik_costumer =  cos.nik_costumer
 INNER JOIN `kendaraan` AS `kend` ON kend.no_polisi = pinj.no_polisi WHERE (pinj.no_kontrak = '29-MF-00001-15') GROUP BY `pinj`.`no_kontrak`
Params: []

2015-07-25T17:35:52+07:00 INFO (6): 
Elapsed Secs: 0.00057
Query: DESCRIBE `pembayaran`
Params: []

2015-07-25T17:35:52+07:00 INFO (6): 
Elapsed Secs: 0.00016
Query: SELECT `pemb`.`angsuran_ke` FROM `pembayaran` AS `pemb` WHERE (no_kontrak = '29-MF-00001-15' ) ORDER BY `id_pembayaran` desc
Params: []

2015-07-25T17:35:52+07:00 INFO (6): 
Elapsed Secs: 0.00021
Query: SELECT `cos`.`nama`, `cos`.`nik_costumer`, `pemb`.`angsuran_ke`, `pemb`.`tanggal_pembayaran`, `pinj`.`no_kontrak`, `pinj`.`nilai_pinjaman`, `pinj`.`angsuran_perbulan`, `pinj`.`lama_angsuran` FROM `pembayaran` AS `pemb`
 INNER JOIN `pinjaman` AS `pinj` ON pinj.no_kontrak = pemb.no_kontrak
 INNER JOIN `costumer` AS `cos` ON pinj.nik_costumer = cos.nik_costumer WHERE (pemb.no_kontrak = '29-MF-00001-15') ORDER BY `id_pembayaran` desc
Params: []

2015-07-25T17:35:52+07:00 INFO (6): 
Elapsed Secs: 0.00011
Query: SELECT `pembayaran`.`id_pembayaran` FROM `pembayaran` ORDER BY `id_pembayaran` desc
Params: []

2015-07-25T17:35:52+07:00 INFO (6): 
Elapsed Secs: 0.00055
Query: DESCRIBE `kartu_piutang`
Params: []

2015-07-25T17:35:52+07:00 INFO (6): 
Elapsed Secs: 0.00013
Query: SELECT `kartu_piutang`.`denda_terhitung` FROM `kartu_piutang` WHERE (no_kontrak = '29-MF-00001-15') ORDER BY `id_piutang` desc
Params: []

2015-07-25T17:36:14+07:00 INFO (6): 
Elapsed Secs: 0.0003
Query: connect
Params: []

2015-07-25T17:36:14+07:00 INFO (6): 
Elapsed Secs: 0.00072
Query: DESCRIBE `costumer`
Params: []

2015-07-25T17:36:14+07:00 INFO (6): 
Elapsed Secs: 0.00022
Query: connect
Params: []

2015-07-25T17:36:14+07:00 INFO (6): 
Elapsed Secs: 0.00026
Query: SELECT `pinj`.`no_kontrak` FROM `costumer` AS `cos`
 INNER JOIN `pinjaman` AS `pinj` ON pinj.nik_costumer =  cos.nik_costumer
 INNER JOIN `kendaraan` AS `kend` ON kend.no_polisi = pinj.no_polisi
Params: []

2015-07-25T17:36:14+07:00 INFO (6): 
Elapsed Secs: 0.00025
Query: SELECT `pinj`.`no_kontrak`, `cos`.`nama`, `kend`.`no_polisi`, `pinj`.`angsuran_perbulan`, `pinj`.`tanggal_jatuh_tempo` FROM `costumer` AS `cos`
 INNER JOIN `pinjaman` AS `pinj` ON pinj.nik_costumer =  cos.nik_costumer
 INNER JOIN `kendaraan` AS `kend` ON kend.no_polisi = pinj.no_polisi WHERE (pinj.no_kontrak = '29-MF-00001-15') GROUP BY `pinj`.`no_kontrak`
Params: []

2015-07-25T17:36:14+07:00 INFO (6): 
Elapsed Secs: 0.0006
Query: DESCRIBE `pembayaran`
Params: []

2015-07-25T17:36:14+07:00 INFO (6): 
Elapsed Secs: 0.00016
Query: SELECT `pemb`.`angsuran_ke` FROM `pembayaran` AS `pemb` WHERE (no_kontrak = '29-MF-00001-15' ) ORDER BY `id_pembayaran` desc
Params: []

2015-07-25T17:36:14+07:00 INFO (6): 
Elapsed Secs: 0.00022
Query: SELECT `cos`.`nama`, `cos`.`nik_costumer`, `pemb`.`angsuran_ke`, `pemb`.`tanggal_pembayaran`, `pinj`.`no_kontrak`, `pinj`.`nilai_pinjaman`, `pinj`.`angsuran_perbulan`, `pinj`.`lama_angsuran` FROM `pembayaran` AS `pemb`
 INNER JOIN `pinjaman` AS `pinj` ON pinj.no_kontrak = pemb.no_kontrak
 INNER JOIN `costumer` AS `cos` ON pinj.nik_costumer = cos.nik_costumer WHERE (pemb.no_kontrak = '29-MF-00001-15') ORDER BY `id_pembayaran` desc
Params: []

2015-07-25T17:36:14+07:00 INFO (6): 
Elapsed Secs: 0.00015
Query: SELECT `pembayaran`.`id_pembayaran` FROM `pembayaran` ORDER BY `id_pembayaran` desc
Params: []

2015-07-25T17:36:14+07:00 INFO (6): 
Elapsed Secs: 0.00064
Query: DESCRIBE `kartu_piutang`
Params: []

2015-07-25T17:36:14+07:00 INFO (6): 
Elapsed Secs: 0.00014
Query: SELECT `kartu_piutang`.`denda_terhitung` FROM `kartu_piutang` WHERE (no_kontrak = '29-MF-00001-15') ORDER BY `id_piutang` desc
Params: []

2015-07-25T17:37:15+07:00 INFO (6): 
Elapsed Secs: 0.00157
Query: connect
Params: []

2015-07-25T17:37:15+07:00 INFO (6): 
Elapsed Secs: 0.0007
Query: DESCRIBE `costumer`
Params: []

2015-07-25T17:37:15+07:00 INFO (6): 
Elapsed Secs: 0.00017
Query: connect
Params: []

2015-07-25T17:37:15+07:00 INFO (6): 
Elapsed Secs: 0.00027
Query: SELECT `pinj`.`no_kontrak` FROM `costumer` AS `cos`
 INNER JOIN `pinjaman` AS `pinj` ON pinj.nik_costumer =  cos.nik_costumer
 INNER JOIN `kendaraan` AS `kend` ON kend.no_polisi = pinj.no_polisi
Params: []

2015-07-25T17:37:15+07:00 INFO (6): 
Elapsed Secs: 0.00022
Query: SELECT `pinj`.`no_kontrak`, `cos`.`nama`, `kend`.`no_polisi`, `pinj`.`angsuran_perbulan`, `pinj`.`tanggal_jatuh_tempo` FROM `costumer` AS `cos`
 INNER JOIN `pinjaman` AS `pinj` ON pinj.nik_costumer =  cos.nik_costumer
 INNER JOIN `kendaraan` AS `kend` ON kend.no_polisi = pinj.no_polisi WHERE (pinj.no_kontrak = '29-MF-00001-15') GROUP BY `pinj`.`no_kontrak`
Params: []

2015-07-25T17:37:15+07:00 INFO (6): 
Elapsed Secs: 0.0007
Query: DESCRIBE `pembayaran`
Params: []

2015-07-25T17:37:15+07:00 INFO (6): 
Elapsed Secs: 0.00016
Query: SELECT `pemb`.`angsuran_ke` FROM `pembayaran` AS `pemb` WHERE (no_kontrak = '29-MF-00001-15' ) ORDER BY `id_pembayaran` desc
Params: []

2015-07-25T17:37:15+07:00 INFO (6): 
Elapsed Secs: 0.00027
Query: SELECT `cos`.`nama`, `cos`.`nik_costumer`, `pemb`.`angsuran_ke`, `pemb`.`tanggal_pembayaran`, `pinj`.`no_kontrak`, `pinj`.`nilai_pinjaman`, `pinj`.`angsuran_perbulan`, `pinj`.`lama_angsuran` FROM `pembayaran` AS `pemb`
 INNER JOIN `pinjaman` AS `pinj` ON pinj.no_kontrak = pemb.no_kontrak
 INNER JOIN `costumer` AS `cos` ON pinj.nik_costumer = cos.nik_costumer WHERE (pemb.no_kontrak = '29-MF-00001-15') ORDER BY `id_pembayaran` desc
Params: []

2015-07-25T17:37:15+07:00 INFO (6): 
Elapsed Secs: 0.00016
Query: SELECT `pembayaran`.`id_pembayaran` FROM `pembayaran` ORDER BY `id_pembayaran` desc
Params: []

2015-07-25T17:37:15+07:00 INFO (6): 
Elapsed Secs: 0.00074
Query: DESCRIBE `kartu_piutang`
Params: []

2015-07-25T17:37:15+07:00 INFO (6): 
Elapsed Secs: 0.00019
Query: SELECT `kartu_piutang`.`denda_terhitung` FROM `kartu_piutang` WHERE (no_kontrak = '29-MF-00001-15') ORDER BY `id_piutang` desc
Params: []

2015-07-25T17:37:44+07:00 INFO (6): 
Elapsed Secs: 0.0014
Query: connect
Params: []

2015-07-25T17:37:44+07:00 INFO (6): 
Elapsed Secs: 0.00068
Query: DESCRIBE `costumer`
Params: []

2015-07-25T17:37:44+07:00 INFO (6): 
Elapsed Secs: 0.0002
Query: connect
Params: []

2015-07-25T17:37:44+07:00 INFO (6): 
Elapsed Secs: 0.00026
Query: SELECT `pinj`.`no_kontrak` FROM `costumer` AS `cos`
 INNER JOIN `pinjaman` AS `pinj` ON pinj.nik_costumer =  cos.nik_costumer
 INNER JOIN `kendaraan` AS `kend` ON kend.no_polisi = pinj.no_polisi
Params: []

2015-07-25T17:37:44+07:00 INFO (6): 
Elapsed Secs: 0.00023
Query: SELECT `pinj`.`no_kontrak`, `cos`.`nama`, `kend`.`no_polisi`, `pinj`.`angsuran_perbulan`, `pinj`.`tanggal_jatuh_tempo` FROM `costumer` AS `cos`
 INNER JOIN `pinjaman` AS `pinj` ON pinj.nik_costumer =  cos.nik_costumer
 INNER JOIN `kendaraan` AS `kend` ON kend.no_polisi = pinj.no_polisi WHERE (pinj.no_kontrak = '29-MF-00001-15') GROUP BY `pinj`.`no_kontrak`
Params: []

2015-07-25T17:37:44+07:00 INFO (6): 
Elapsed Secs: 0.00061
Query: DESCRIBE `pembayaran`
Params: []

2015-07-25T17:37:44+07:00 INFO (6): 
Elapsed Secs: 0.00015
Query: SELECT `pemb`.`angsuran_ke` FROM `pembayaran` AS `pemb` WHERE (no_kontrak = '29-MF-00001-15' ) ORDER BY `id_pembayaran` desc
Params: []

2015-07-25T17:37:44+07:00 INFO (6): 
Elapsed Secs: 0.00021
Query: SELECT `cos`.`nama`, `cos`.`nik_costumer`, `pemb`.`angsuran_ke`, `pemb`.`tanggal_pembayaran`, `pinj`.`no_kontrak`, `pinj`.`nilai_pinjaman`, `pinj`.`angsuran_perbulan`, `pinj`.`lama_angsuran` FROM `pembayaran` AS `pemb`
 INNER JOIN `pinjaman` AS `pinj` ON pinj.no_kontrak = pemb.no_kontrak
 INNER JOIN `costumer` AS `cos` ON pinj.nik_costumer = cos.nik_costumer WHERE (pemb.no_kontrak = '29-MF-00001-15') ORDER BY `id_pembayaran` desc
Params: []

2015-07-25T17:37:44+07:00 INFO (6): 
Elapsed Secs: 0.00012
Query: SELECT `pembayaran`.`id_pembayaran` FROM `pembayaran` ORDER BY `id_pembayaran` desc
Params: []

2015-07-25T17:37:44+07:00 INFO (6): 
Elapsed Secs: 0.00053
Query: DESCRIBE `kartu_piutang`
Params: []

2015-07-25T17:37:44+07:00 INFO (6): 
Elapsed Secs: 0.00013
Query: SELECT `kartu_piutang`.`denda_terhitung` FROM `kartu_piutang` WHERE (no_kontrak = '29-MF-00001-15') ORDER BY `id_piutang` desc
Params: []

2015-07-25T17:39:10+07:00 INFO (6): 
Elapsed Secs: 0.00106
Query: connect
Params: []

2015-07-25T17:39:10+07:00 INFO (6): 
Elapsed Secs: 0.00057
Query: DESCRIBE `costumer`
Params: []

2015-07-25T17:39:10+07:00 INFO (6): 
Elapsed Secs: 0.00024
Query: connect
Params: []

2015-07-25T17:39:10+07:00 INFO (6): 
Elapsed Secs: 0.00028
Query: SELECT `pinj`.`no_kontrak` FROM `costumer` AS `cos`
 INNER JOIN `pinjaman` AS `pinj` ON pinj.nik_costumer =  cos.nik_costumer
 INNER JOIN `kendaraan` AS `kend` ON kend.no_polisi = pinj.no_polisi
Params: []

2015-07-25T17:39:10+07:00 INFO (6): 
Elapsed Secs: 0.00021
Query: SELECT `pinj`.`no_kontrak`, `cos`.`nama`, `kend`.`no_polisi`, `pinj`.`angsuran_perbulan`, `pinj`.`tanggal_jatuh_tempo` FROM `costumer` AS `cos`
 INNER JOIN `pinjaman` AS `pinj` ON pinj.nik_costumer =  cos.nik_costumer
 INNER JOIN `kendaraan` AS `kend` ON kend.no_polisi = pinj.no_polisi WHERE (pinj.no_kontrak = '29-MF-00001-15') GROUP BY `pinj`.`no_kontrak`
Params: []

2015-07-25T17:39:10+07:00 INFO (6): 
Elapsed Secs: 0.00051
Query: DESCRIBE `pembayaran`
Params: []

2015-07-25T17:39:10+07:00 INFO (6): 
Elapsed Secs: 0.00014
Query: SELECT `pemb`.`angsuran_ke` FROM `pembayaran` AS `pemb` WHERE (no_kontrak = '29-MF-00001-15' ) ORDER BY `id_pembayaran` desc
Params: []

2015-07-25T17:39:10+07:00 INFO (6): 
Elapsed Secs: 0.0002
Query: SELECT `cos`.`nama`, `cos`.`nik_costumer`, `pemb`.`angsuran_ke`, `pemb`.`tanggal_pembayaran`, `pinj`.`no_kontrak`, `pinj`.`nilai_pinjaman`, `pinj`.`angsuran_perbulan`, `pinj`.`lama_angsuran` FROM `pembayaran` AS `pemb`
 INNER JOIN `pinjaman` AS `pinj` ON pinj.no_kontrak = pemb.no_kontrak
 INNER JOIN `costumer` AS `cos` ON pinj.nik_costumer = cos.nik_costumer WHERE (pemb.no_kontrak = '29-MF-00001-15') ORDER BY `id_pembayaran` desc
Params: []

2015-07-25T17:39:10+07:00 INFO (6): 
Elapsed Secs: 8.0E-5
Query: SELECT `pembayaran`.`id_pembayaran` FROM `pembayaran` ORDER BY `id_pembayaran` desc
Params: []

2015-07-25T17:39:10+07:00 INFO (6): 
Elapsed Secs: 0.00043
Query: DESCRIBE `kartu_piutang`
Params: []

2015-07-25T17:39:10+07:00 INFO (6): 
Elapsed Secs: 9.0E-5
Query: SELECT `kartu_piutang`.`denda_terhitung` FROM `kartu_piutang` WHERE (no_kontrak = '29-MF-00001-15') ORDER BY `id_piutang` desc
Params: []

2015-07-25T17:39:36+07:00 INFO (6): 
Elapsed Secs: 0.00159
Query: connect
Params: []

2015-07-25T17:39:36+07:00 INFO (6): 
Elapsed Secs: 0.00079
Query: DESCRIBE `costumer`
Params: []

2015-07-25T17:39:36+07:00 INFO (6): 
Elapsed Secs: 0.00025
Query: connect
Params: []

2015-07-25T17:39:36+07:00 INFO (6): 
Elapsed Secs: 0.00028
Query: SELECT `pinj`.`no_kontrak` FROM `costumer` AS `cos`
 INNER JOIN `pinjaman` AS `pinj` ON pinj.nik_costumer =  cos.nik_costumer
 INNER JOIN `kendaraan` AS `kend` ON kend.no_polisi = pinj.no_polisi
Params: []

2015-07-25T17:39:36+07:00 INFO (6): 
Elapsed Secs: 0.00027
Query: SELECT `pinj`.`no_kontrak`, `cos`.`nama`, `kend`.`no_polisi`, `pinj`.`angsuran_perbulan`, `pinj`.`tanggal_jatuh_tempo` FROM `costumer` AS `cos`
 INNER JOIN `pinjaman` AS `pinj` ON pinj.nik_costumer =  cos.nik_costumer
 INNER JOIN `kendaraan` AS `kend` ON kend.no_polisi = pinj.no_polisi WHERE (pinj.no_kontrak = '29-MF-00001-15') GROUP BY `pinj`.`no_kontrak`
Params: []

2015-07-25T17:39:36+07:00 INFO (6): 
Elapsed Secs: 0.0006
Query: DESCRIBE `pembayaran`
Params: []

2015-07-25T17:39:36+07:00 INFO (6): 
Elapsed Secs: 0.00016
Query: SELECT `pemb`.`angsuran_ke` FROM `pembayaran` AS `pemb` WHERE (no_kontrak = '29-MF-00001-15' ) ORDER BY `id_pembayaran` desc
Params: []

2015-07-25T17:39:36+07:00 INFO (6): 
Elapsed Secs: 0.00023
Query: SELECT `cos`.`nama`, `cos`.`nik_costumer`, `pemb`.`angsuran_ke`, `pemb`.`tanggal_pembayaran`, `pinj`.`no_kontrak`, `pinj`.`nilai_pinjaman`, `pinj`.`angsuran_perbulan`, `pinj`.`lama_angsuran` FROM `pembayaran` AS `pemb`
 INNER JOIN `pinjaman` AS `pinj` ON pinj.no_kontrak = pemb.no_kontrak
 INNER JOIN `costumer` AS `cos` ON pinj.nik_costumer = cos.nik_costumer WHERE (pemb.no_kontrak = '29-MF-00001-15') ORDER BY `id_pembayaran` desc
Params: []

2015-07-25T17:39:36+07:00 INFO (6): 
Elapsed Secs: 0.00013
Query: SELECT `pembayaran`.`id_pembayaran` FROM `pembayaran` ORDER BY `id_pembayaran` desc
Params: []

2015-07-25T17:39:36+07:00 INFO (6): 
Elapsed Secs: 0.00062
Query: DESCRIBE `kartu_piutang`
Params: []

2015-07-25T17:39:36+07:00 INFO (6): 
Elapsed Secs: 0.00015
Query: SELECT `kartu_piutang`.`denda_terhitung` FROM `kartu_piutang` WHERE (no_kontrak = '29-MF-00001-15') ORDER BY `id_piutang` desc
Params: []

2015-07-25T17:40:54+07:00 INFO (6): 
Elapsed Secs: 0.00105
Query: connect
Params: []

2015-07-25T17:40:54+07:00 INFO (6): 
Elapsed Secs: 0.00061
Query: DESCRIBE `costumer`
Params: []

2015-07-25T17:40:54+07:00 INFO (6): 
Elapsed Secs: 0.00032
Query: connect
Params: []

2015-07-25T17:40:54+07:00 INFO (6): 
Elapsed Secs: 0.00024
Query: SELECT `pinj`.`no_kontrak` FROM `costumer` AS `cos`
 INNER JOIN `pinjaman` AS `pinj` ON pinj.nik_costumer =  cos.nik_costumer
 INNER JOIN `kendaraan` AS `kend` ON kend.no_polisi = pinj.no_polisi
Params: []

2015-07-25T17:40:54+07:00 INFO (6): 
Elapsed Secs: 0.00019
Query: SELECT `pinj`.`no_kontrak`, `cos`.`nama`, `kend`.`no_polisi`, `pinj`.`angsuran_perbulan`, `pinj`.`tanggal_jatuh_tempo` FROM `costumer` AS `cos`
 INNER JOIN `pinjaman` AS `pinj` ON pinj.nik_costumer =  cos.nik_costumer
 INNER JOIN `kendaraan` AS `kend` ON kend.no_polisi = pinj.no_polisi WHERE (pinj.no_kontrak = '29-MF-00001-15') GROUP BY `pinj`.`no_kontrak`
Params: []

2015-07-25T17:40:54+07:00 INFO (6): 
Elapsed Secs: 0.00053
Query: DESCRIBE `pembayaran`
Params: []

2015-07-25T17:40:54+07:00 INFO (6): 
Elapsed Secs: 0.00011
Query: SELECT `pemb`.`angsuran_ke` FROM `pembayaran` AS `pemb` WHERE (no_kontrak = '29-MF-00001-15' ) ORDER BY `id_pembayaran` desc
Params: []

2015-07-25T17:40:54+07:00 INFO (6): 
Elapsed Secs: 0.00031
Query: SELECT `cos`.`nama`, `cos`.`nik_costumer`, `pemb`.`angsuran_ke`, `pemb`.`tanggal_pembayaran`, `pinj`.`no_kontrak`, `pinj`.`nilai_pinjaman`, `pinj`.`angsuran_perbulan`, `pinj`.`lama_angsuran` FROM `pembayaran` AS `pemb`
 INNER JOIN `pinjaman` AS `pinj` ON pinj.no_kontrak = pemb.no_kontrak
 INNER JOIN `costumer` AS `cos` ON pinj.nik_costumer = cos.nik_costumer WHERE (pemb.no_kontrak = '29-MF-00001-15') ORDER BY `id_pembayaran` desc
Params: []

2015-07-25T17:40:54+07:00 INFO (6): 
Elapsed Secs: 0.00019
Query: SELECT `pembayaran`.`id_pembayaran` FROM `pembayaran` ORDER BY `id_pembayaran` desc
Params: []

2015-07-25T17:40:54+07:00 INFO (6): 
Elapsed Secs: 0.00079
Query: DESCRIBE `kartu_piutang`
Params: []

2015-07-25T17:40:54+07:00 INFO (6): 
Elapsed Secs: 0.0002
Query: SELECT `kartu_piutang`.`denda_terhitung` FROM `kartu_piutang` WHERE (no_kontrak = '29-MF-00001-15') ORDER BY `id_piutang` desc
Params: []

2015-07-25T17:41:25+07:00 INFO (6): 
Elapsed Secs: 0.00019
Query: connect
Params: []

2015-07-25T17:41:25+07:00 INFO (6): 
Elapsed Secs: 0.00053
Query: DESCRIBE `costumer`
Params: []

2015-07-25T17:41:25+07:00 INFO (6): 
Elapsed Secs: 0.00016
Query: connect
Params: []

2015-07-25T17:41:25+07:00 INFO (6): 
Elapsed Secs: 0.0002
Query: SELECT `pinj`.`no_kontrak` FROM `costumer` AS `cos`
 INNER JOIN `pinjaman` AS `pinj` ON pinj.nik_costumer =  cos.nik_costumer
 INNER JOIN `kendaraan` AS `kend` ON kend.no_polisi = pinj.no_polisi
Params: []

2015-07-25T17:41:25+07:00 INFO (6): 
Elapsed Secs: 0.00014
Query: SELECT `pinj`.`no_kontrak`, `cos`.`nama`, `kend`.`no_polisi`, `pinj`.`angsuran_perbulan`, `pinj`.`tanggal_jatuh_tempo` FROM `costumer` AS `cos`
 INNER JOIN `pinjaman` AS `pinj` ON pinj.nik_costumer =  cos.nik_costumer
 INNER JOIN `kendaraan` AS `kend` ON kend.no_polisi = pinj.no_polisi WHERE (pinj.no_kontrak = '29-MF-00001-15') GROUP BY `pinj`.`no_kontrak`
Params: []

2015-07-25T17:41:25+07:00 INFO (6): 
Elapsed Secs: 0.00057
Query: DESCRIBE `pembayaran`
Params: []

2015-07-25T17:41:25+07:00 INFO (6): 
Elapsed Secs: 0.00014
Query: SELECT `pemb`.`angsuran_ke` FROM `pembayaran` AS `pemb` WHERE (no_kontrak = '29-MF-00001-15' ) ORDER BY `id_pembayaran` desc
Params: []

2015-07-25T17:41:25+07:00 INFO (6): 
Elapsed Secs: 0.00018
Query: SELECT `cos`.`nama`, `cos`.`nik_costumer`, `pemb`.`angsuran_ke`, `pemb`.`tanggal_pembayaran`, `pinj`.`no_kontrak`, `pinj`.`nilai_pinjaman`, `pinj`.`angsuran_perbulan`, `pinj`.`lama_angsuran` FROM `pembayaran` AS `pemb`
 INNER JOIN `pinjaman` AS `pinj` ON pinj.no_kontrak = pemb.no_kontrak
 INNER JOIN `costumer` AS `cos` ON pinj.nik_costumer = cos.nik_costumer WHERE (pemb.no_kontrak = '29-MF-00001-15') ORDER BY `id_pembayaran` desc
Params: []

2015-07-25T17:41:25+07:00 INFO (6): 
Elapsed Secs: 0.0001
Query: SELECT `pembayaran`.`id_pembayaran` FROM `pembayaran` ORDER BY `id_pembayaran` desc
Params: []

2015-07-25T17:41:25+07:00 INFO (6): 
Elapsed Secs: 0.00042
Query: DESCRIBE `kartu_piutang`
Params: []

2015-07-25T17:41:25+07:00 INFO (6): 
Elapsed Secs: 0.00013
Query: SELECT `kartu_piutang`.`denda_terhitung` FROM `kartu_piutang` WHERE (no_kontrak = '29-MF-00001-15') ORDER BY `id_piutang` desc
Params: []

2015-07-25T17:41:37+07:00 INFO (6): 
Elapsed Secs: 0.00027
Query: connect
Params: []

2015-07-25T17:41:37+07:00 INFO (6): 
Elapsed Secs: 0.00072
Query: DESCRIBE `costumer`
Params: []

2015-07-25T17:41:37+07:00 INFO (6): 
Elapsed Secs: 0.00023
Query: connect
Params: []

2015-07-25T17:41:37+07:00 INFO (6): 
Elapsed Secs: 0.0003
Query: SELECT `pinj`.`no_kontrak` FROM `costumer` AS `cos`
 INNER JOIN `pinjaman` AS `pinj` ON pinj.nik_costumer =  cos.nik_costumer
 INNER JOIN `kendaraan` AS `kend` ON kend.no_polisi = pinj.no_polisi
Params: []

2015-07-25T17:41:37+07:00 INFO (6): 
Elapsed Secs: 0.00026
Query: SELECT `pinj`.`no_kontrak`, `cos`.`nama`, `kend`.`no_polisi`, `pinj`.`angsuran_perbulan`, `pinj`.`tanggal_jatuh_tempo` FROM `costumer` AS `cos`
 INNER JOIN `pinjaman` AS `pinj` ON pinj.nik_costumer =  cos.nik_costumer
 INNER JOIN `kendaraan` AS `kend` ON kend.no_polisi = pinj.no_polisi WHERE (pinj.no_kontrak = '29-MF-00001-15') GROUP BY `pinj`.`no_kontrak`
Params: []

2015-07-25T17:41:37+07:00 INFO (6): 
Elapsed Secs: 0.00057
Query: DESCRIBE `pembayaran`
Params: []

2015-07-25T17:41:37+07:00 INFO (6): 
Elapsed Secs: 0.0002
Query: SELECT `pemb`.`angsuran_ke` FROM `pembayaran` AS `pemb` WHERE (no_kontrak = '29-MF-00001-15' ) ORDER BY `id_pembayaran` desc
Params: []

2015-07-25T17:41:37+07:00 INFO (6): 
Elapsed Secs: 0.00023
Query: SELECT `cos`.`nama`, `cos`.`nik_costumer`, `pemb`.`angsuran_ke`, `pemb`.`tanggal_pembayaran`, `pinj`.`no_kontrak`, `pinj`.`nilai_pinjaman`, `pinj`.`angsuran_perbulan`, `pinj`.`lama_angsuran` FROM `pembayaran` AS `pemb`
 INNER JOIN `pinjaman` AS `pinj` ON pinj.no_kontrak = pemb.no_kontrak
 INNER JOIN `costumer` AS `cos` ON pinj.nik_costumer = cos.nik_costumer WHERE (pemb.no_kontrak = '29-MF-00001-15') ORDER BY `id_pembayaran` desc
Params: []

2015-07-25T17:41:37+07:00 INFO (6): 
Elapsed Secs: 0.00013
Query: SELECT `pembayaran`.`id_pembayaran` FROM `pembayaran` ORDER BY `id_pembayaran` desc
Params: []

2015-07-25T17:41:37+07:00 INFO (6): 
Elapsed Secs: 0.00068
Query: DESCRIBE `kartu_piutang`
Params: []

2015-07-25T17:41:37+07:00 INFO (6): 
Elapsed Secs: 0.0002
Query: SELECT `kartu_piutang`.`denda_terhitung` FROM `kartu_piutang` WHERE (no_kontrak = '29-MF-00001-15') ORDER BY `id_piutang` desc
Params: []

2015-07-25T17:41:50+07:00 INFO (6): 
Elapsed Secs: 0.00041
Query: connect
Params: []

2015-07-25T17:41:50+07:00 INFO (6): 
Elapsed Secs: 0.00086
Query: DESCRIBE `costumer`
Params: []

2015-07-25T17:41:50+07:00 INFO (6): 
Elapsed Secs: 0.00028
Query: connect
Params: []

2015-07-25T17:41:50+07:00 INFO (6): 
Elapsed Secs: 0.00037
Query: SELECT `pinj`.`no_kontrak` FROM `costumer` AS `cos`
 INNER JOIN `pinjaman` AS `pinj` ON pinj.nik_costumer =  cos.nik_costumer
 INNER JOIN `kendaraan` AS `kend` ON kend.no_polisi = pinj.no_polisi
Params: []

2015-07-25T17:41:50+07:00 INFO (6): 
Elapsed Secs: 0.00031
Query: SELECT `pinj`.`no_kontrak`, `cos`.`nama`, `kend`.`no_polisi`, `pinj`.`angsuran_perbulan`, `pinj`.`tanggal_jatuh_tempo` FROM `costumer` AS `cos`
 INNER JOIN `pinjaman` AS `pinj` ON pinj.nik_costumer =  cos.nik_costumer
 INNER JOIN `kendaraan` AS `kend` ON kend.no_polisi = pinj.no_polisi WHERE (pinj.no_kontrak = '29-MF-00001-15') GROUP BY `pinj`.`no_kontrak`
Params: []

2015-07-25T17:41:50+07:00 INFO (6): 
Elapsed Secs: 0.0007
Query: DESCRIBE `pembayaran`
Params: []

2015-07-25T17:41:50+07:00 INFO (6): 
Elapsed Secs: 0.00021
Query: SELECT `pemb`.`angsuran_ke` FROM `pembayaran` AS `pemb` WHERE (no_kontrak = '29-MF-00001-15' ) ORDER BY `id_pembayaran` desc
Params: []

2015-07-25T17:41:50+07:00 INFO (6): 
Elapsed Secs: 0.00032
Query: SELECT `cos`.`nama`, `cos`.`nik_costumer`, `pemb`.`angsuran_ke`, `pemb`.`tanggal_pembayaran`, `pinj`.`no_kontrak`, `pinj`.`nilai_pinjaman`, `pinj`.`angsuran_perbulan`, `pinj`.`lama_angsuran` FROM `pembayaran` AS `pemb`
 INNER JOIN `pinjaman` AS `pinj` ON pinj.no_kontrak = pemb.no_kontrak
 INNER JOIN `costumer` AS `cos` ON pinj.nik_costumer = cos.nik_costumer WHERE (pemb.no_kontrak = '29-MF-00001-15') ORDER BY `id_pembayaran` desc
Params: []

2015-07-25T17:41:50+07:00 INFO (6): 
Elapsed Secs: 0.00015
Query: SELECT `pembayaran`.`id_pembayaran` FROM `pembayaran` ORDER BY `id_pembayaran` desc
Params: []

2015-07-25T17:41:50+07:00 INFO (6): 
Elapsed Secs: 0.00071
Query: DESCRIBE `kartu_piutang`
Params: []

2015-07-25T17:41:50+07:00 INFO (6): 
Elapsed Secs: 0.00017
Query: SELECT `kartu_piutang`.`denda_terhitung` FROM `kartu_piutang` WHERE (no_kontrak = '29-MF-00001-15') ORDER BY `id_piutang` desc
Params: []

2015-07-25T17:42:24+07:00 INFO (6): 
Elapsed Secs: 0.00029
Query: connect
Params: []

2015-07-25T17:42:24+07:00 INFO (6): 
Elapsed Secs: 0.00054
Query: DESCRIBE `costumer`
Params: []

2015-07-25T17:42:24+07:00 INFO (6): 
Elapsed Secs: 0.00017
Query: connect
Params: []

2015-07-25T17:42:24+07:00 INFO (6): 
Elapsed Secs: 0.00021
Query: SELECT `pinj`.`no_kontrak` FROM `costumer` AS `cos`
 INNER JOIN `pinjaman` AS `pinj` ON pinj.nik_costumer =  cos.nik_costumer
 INNER JOIN `kendaraan` AS `kend` ON kend.no_polisi = pinj.no_polisi
Params: []

2015-07-25T17:42:24+07:00 INFO (6): 
Elapsed Secs: 0.00021
Query: SELECT `pinj`.`no_kontrak`, `cos`.`nama`, `kend`.`no_polisi`, `pinj`.`angsuran_perbulan`, `pinj`.`tanggal_jatuh_tempo` FROM `costumer` AS `cos`
 INNER JOIN `pinjaman` AS `pinj` ON pinj.nik_costumer =  cos.nik_costumer
 INNER JOIN `kendaraan` AS `kend` ON kend.no_polisi = pinj.no_polisi WHERE (pinj.no_kontrak = '29-MF-00001-15') GROUP BY `pinj`.`no_kontrak`
Params: []

2015-07-25T17:42:24+07:00 INFO (6): 
Elapsed Secs: 0.00046
Query: DESCRIBE `pembayaran`
Params: []

2015-07-25T17:42:24+07:00 INFO (6): 
Elapsed Secs: 0.00013
Query: SELECT `pemb`.`angsuran_ke` FROM `pembayaran` AS `pemb` WHERE (no_kontrak = '29-MF-00001-15' ) ORDER BY `id_pembayaran` desc
Params: []

2015-07-25T17:42:24+07:00 INFO (6): 
Elapsed Secs: 0.00016
Query: SELECT `cos`.`nama`, `cos`.`nik_costumer`, `pemb`.`angsuran_ke`, `pemb`.`tanggal_pembayaran`, `pinj`.`no_kontrak`, `pinj`.`nilai_pinjaman`, `pinj`.`angsuran_perbulan`, `pinj`.`lama_angsuran` FROM `pembayaran` AS `pemb`
 INNER JOIN `pinjaman` AS `pinj` ON pinj.no_kontrak = pemb.no_kontrak
 INNER JOIN `costumer` AS `cos` ON pinj.nik_costumer = cos.nik_costumer WHERE (pemb.no_kontrak = '29-MF-00001-15') ORDER BY `id_pembayaran` desc
Params: []

2015-07-25T17:42:24+07:00 INFO (6): 
Elapsed Secs: 7.0E-5
Query: SELECT `pembayaran`.`id_pembayaran` FROM `pembayaran` ORDER BY `id_pembayaran` desc
Params: []

2015-07-25T17:42:24+07:00 INFO (6): 
Elapsed Secs: 0.0004
Query: DESCRIBE `kartu_piutang`
Params: []

2015-07-25T17:42:24+07:00 INFO (6): 
Elapsed Secs: 0.00013
Query: SELECT `kartu_piutang`.`denda_terhitung` FROM `kartu_piutang` WHERE (no_kontrak = '29-MF-00001-15') ORDER BY `id_piutang` desc
Params: []

2015-07-25T17:42:44+07:00 INFO (6): 
Elapsed Secs: 0.00032
Query: connect
Params: []

2015-07-25T17:42:44+07:00 INFO (6): 
Elapsed Secs: 0.00078
Query: DESCRIBE `costumer`
Params: []

2015-07-25T17:42:44+07:00 INFO (6): 
Elapsed Secs: 0.00022
Query: connect
Params: []

2015-07-25T17:42:44+07:00 INFO (6): 
Elapsed Secs: 0.00029
Query: SELECT `pinj`.`no_kontrak` FROM `costumer` AS `cos`
 INNER JOIN `pinjaman` AS `pinj` ON pinj.nik_costumer =  cos.nik_costumer
 INNER JOIN `kendaraan` AS `kend` ON kend.no_polisi = pinj.no_polisi
Params: []

2015-07-25T17:42:44+07:00 INFO (6): 
Elapsed Secs: 0.00024
Query: SELECT `pinj`.`no_kontrak`, `cos`.`nama`, `kend`.`no_polisi`, `pinj`.`angsuran_perbulan`, `pinj`.`tanggal_jatuh_tempo` FROM `costumer` AS `cos`
 INNER JOIN `pinjaman` AS `pinj` ON pinj.nik_costumer =  cos.nik_costumer
 INNER JOIN `kendaraan` AS `kend` ON kend.no_polisi = pinj.no_polisi WHERE (pinj.no_kontrak = '29-MF-00001-15') GROUP BY `pinj`.`no_kontrak`
Params: []

2015-07-25T17:42:44+07:00 INFO (6): 
Elapsed Secs: 0.00075
Query: DESCRIBE `pembayaran`
Params: []

2015-07-25T17:42:44+07:00 INFO (6): 
Elapsed Secs: 0.00016
Query: SELECT `pemb`.`angsuran_ke` FROM `pembayaran` AS `pemb` WHERE (no_kontrak = '29-MF-00001-15' ) ORDER BY `id_pembayaran` desc
Params: []

2015-07-25T17:42:44+07:00 INFO (6): 
Elapsed Secs: 0.00022
Query: SELECT `cos`.`nama`, `cos`.`nik_costumer`, `pemb`.`angsuran_ke`, `pemb`.`tanggal_pembayaran`, `pinj`.`no_kontrak`, `pinj`.`nilai_pinjaman`, `pinj`.`angsuran_perbulan`, `pinj`.`lama_angsuran` FROM `pembayaran` AS `pemb`
 INNER JOIN `pinjaman` AS `pinj` ON pinj.no_kontrak = pemb.no_kontrak
 INNER JOIN `costumer` AS `cos` ON pinj.nik_costumer = cos.nik_costumer WHERE (pemb.no_kontrak = '29-MF-00001-15') ORDER BY `id_pembayaran` desc
Params: []

2015-07-25T17:42:44+07:00 INFO (6): 
Elapsed Secs: 0.00011
Query: SELECT `pembayaran`.`id_pembayaran` FROM `pembayaran` ORDER BY `id_pembayaran` desc
Params: []

2015-07-25T17:42:44+07:00 INFO (6): 
Elapsed Secs: 0.00062
Query: DESCRIBE `kartu_piutang`
Params: []

2015-07-25T17:42:44+07:00 INFO (6): 
Elapsed Secs: 0.00015
Query: SELECT `kartu_piutang`.`denda_terhitung` FROM `kartu_piutang` WHERE (no_kontrak = '29-MF-00001-15') ORDER BY `id_piutang` desc
Params: []

2015-07-25T17:43:06+07:00 INFO (6): 
Elapsed Secs: 0.0002
Query: connect
Params: []

2015-07-25T17:43:06+07:00 INFO (6): 
Elapsed Secs: 0.00052
Query: DESCRIBE `costumer`
Params: []

2015-07-25T17:43:06+07:00 INFO (6): 
Elapsed Secs: 0.00019
Query: connect
Params: []

2015-07-25T17:43:06+07:00 INFO (6): 
Elapsed Secs: 0.00023
Query: SELECT `pinj`.`no_kontrak` FROM `costumer` AS `cos`
 INNER JOIN `pinjaman` AS `pinj` ON pinj.nik_costumer =  cos.nik_costumer
 INNER JOIN `kendaraan` AS `kend` ON kend.no_polisi = pinj.no_polisi
Params: []

2015-07-25T17:43:06+07:00 INFO (6): 
Elapsed Secs: 0.00025
Query: SELECT `pinj`.`no_kontrak`, `cos`.`nama`, `kend`.`no_polisi`, `pinj`.`angsuran_perbulan`, `pinj`.`tanggal_jatuh_tempo` FROM `costumer` AS `cos`
 INNER JOIN `pinjaman` AS `pinj` ON pinj.nik_costumer =  cos.nik_costumer
 INNER JOIN `kendaraan` AS `kend` ON kend.no_polisi = pinj.no_polisi WHERE (pinj.no_kontrak = '29-MF-00001-15') GROUP BY `pinj`.`no_kontrak`
Params: []

2015-07-25T17:43:06+07:00 INFO (6): 
Elapsed Secs: 0.00044
Query: DESCRIBE `pembayaran`
Params: []

2015-07-25T17:43:06+07:00 INFO (6): 
Elapsed Secs: 0.00011
Query: SELECT `pemb`.`angsuran_ke` FROM `pembayaran` AS `pemb` WHERE (no_kontrak = '29-MF-00001-15' ) ORDER BY `id_pembayaran` desc
Params: []

2015-07-25T17:43:06+07:00 INFO (6): 
Elapsed Secs: 0.00016
Query: SELECT `cos`.`nama`, `cos`.`nik_costumer`, `pemb`.`angsuran_ke`, `pemb`.`tanggal_pembayaran`, `pinj`.`no_kontrak`, `pinj`.`nilai_pinjaman`, `pinj`.`angsuran_perbulan`, `pinj`.`lama_angsuran` FROM `pembayaran` AS `pemb`
 INNER JOIN `pinjaman` AS `pinj` ON pinj.no_kontrak = pemb.no_kontrak
 INNER JOIN `costumer` AS `cos` ON pinj.nik_costumer = cos.nik_costumer WHERE (pemb.no_kontrak = '29-MF-00001-15') ORDER BY `id_pembayaran` desc
Params: []

2015-07-25T17:43:06+07:00 INFO (6): 
Elapsed Secs: 8.0E-5
Query: SELECT `pembayaran`.`id_pembayaran` FROM `pembayaran` ORDER BY `id_pembayaran` desc
Params: []

2015-07-25T17:43:06+07:00 INFO (6): 
Elapsed Secs: 0.00044
Query: DESCRIBE `kartu_piutang`
Params: []

2015-07-25T17:43:06+07:00 INFO (6): 
Elapsed Secs: 0.00012
Query: SELECT `kartu_piutang`.`denda_terhitung` FROM `kartu_piutang` WHERE (no_kontrak = '29-MF-00001-15') ORDER BY `id_piutang` desc
Params: []

2015-07-25T17:43:35+07:00 INFO (6): 
Elapsed Secs: 0.00028
Query: connect
Params: []

2015-07-25T17:43:35+07:00 INFO (6): 
Elapsed Secs: 0.00057
Query: DESCRIBE `costumer`
Params: []

2015-07-25T17:43:35+07:00 INFO (6): 
Elapsed Secs: 0.00024
Query: connect
Params: []

2015-07-25T17:43:35+07:00 INFO (6): 
Elapsed Secs: 0.00023
Query: SELECT `pinj`.`no_kontrak` FROM `costumer` AS `cos`
 INNER JOIN `pinjaman` AS `pinj` ON pinj.nik_costumer =  cos.nik_costumer
 INNER JOIN `kendaraan` AS `kend` ON kend.no_polisi = pinj.no_polisi
Params: []

2015-07-25T17:43:35+07:00 INFO (6): 
Elapsed Secs: 0.00021
Query: SELECT `pinj`.`no_kontrak`, `cos`.`nama`, `kend`.`no_polisi`, `pinj`.`angsuran_perbulan`, `pinj`.`tanggal_jatuh_tempo` FROM `costumer` AS `cos`
 INNER JOIN `pinjaman` AS `pinj` ON pinj.nik_costumer =  cos.nik_costumer
 INNER JOIN `kendaraan` AS `kend` ON kend.no_polisi = pinj.no_polisi WHERE (pinj.no_kontrak = '29-MF-00001-15') GROUP BY `pinj`.`no_kontrak`
Params: []

2015-07-25T17:43:35+07:00 INFO (6): 
Elapsed Secs: 0.00043
Query: DESCRIBE `pembayaran`
Params: []

2015-07-25T17:43:35+07:00 INFO (6): 
Elapsed Secs: 0.00011
Query: SELECT `pemb`.`angsuran_ke` FROM `pembayaran` AS `pemb` WHERE (no_kontrak = '29-MF-00001-15' ) ORDER BY `id_pembayaran` desc
Params: []

2015-07-25T17:43:35+07:00 INFO (6): 
Elapsed Secs: 0.00015
Query: SELECT `cos`.`nama`, `cos`.`nik_costumer`, `pemb`.`angsuran_ke`, `pemb`.`tanggal_pembayaran`, `pinj`.`no_kontrak`, `pinj`.`nilai_pinjaman`, `pinj`.`angsuran_perbulan`, `pinj`.`lama_angsuran` FROM `pembayaran` AS `pemb`
 INNER JOIN `pinjaman` AS `pinj` ON pinj.no_kontrak = pemb.no_kontrak
 INNER JOIN `costumer` AS `cos` ON pinj.nik_costumer = cos.nik_costumer WHERE (pemb.no_kontrak = '29-MF-00001-15') ORDER BY `id_pembayaran` desc
Params: []

2015-07-25T17:43:35+07:00 INFO (6): 
Elapsed Secs: 8.0E-5
Query: SELECT `pembayaran`.`id_pembayaran` FROM `pembayaran` ORDER BY `id_pembayaran` desc
Params: []

2015-07-25T17:43:35+07:00 INFO (6): 
Elapsed Secs: 0.0004
Query: DESCRIBE `kartu_piutang`
Params: []

2015-07-25T17:43:35+07:00 INFO (6): 
Elapsed Secs: 0.00011
Query: SELECT `kartu_piutang`.`denda_terhitung` FROM `kartu_piutang` WHERE (no_kontrak = '29-MF-00001-15') ORDER BY `id_piutang` desc
Params: []

2015-07-25T17:45:19+07:00 INFO (6): 
Elapsed Secs: 0.00024
Query: connect
Params: []

2015-07-25T17:45:19+07:00 INFO (6): 
Elapsed Secs: 0.00054
Query: DESCRIBE `costumer`
Params: []

2015-07-25T17:45:19+07:00 INFO (6): 
Elapsed Secs: 0.00019
Query: connect
Params: []

2015-07-25T17:45:19+07:00 INFO (6): 
Elapsed Secs: 0.00019
Query: SELECT `pinj`.`no_kontrak` FROM `costumer` AS `cos`
 INNER JOIN `pinjaman` AS `pinj` ON pinj.nik_costumer =  cos.nik_costumer
 INNER JOIN `kendaraan` AS `kend` ON kend.no_polisi = pinj.no_polisi
Params: []

2015-07-25T17:45:19+07:00 INFO (6): 
Elapsed Secs: 0.00016
Query: SELECT `pinj`.`no_kontrak`, `cos`.`nama`, `kend`.`no_polisi`, `pinj`.`angsuran_perbulan`, `pinj`.`tanggal_jatuh_tempo` FROM `costumer` AS `cos`
 INNER JOIN `pinjaman` AS `pinj` ON pinj.nik_costumer =  cos.nik_costumer
 INNER JOIN `kendaraan` AS `kend` ON kend.no_polisi = pinj.no_polisi WHERE (pinj.no_kontrak = '29-MF-00001-15') GROUP BY `pinj`.`no_kontrak`
Params: []

2015-07-25T17:45:19+07:00 INFO (6): 
Elapsed Secs: 0.00039
Query: DESCRIBE `pembayaran`
Params: []

2015-07-25T17:45:19+07:00 INFO (6): 
Elapsed Secs: 0.00011
Query: SELECT `pemb`.`angsuran_ke` FROM `pembayaran` AS `pemb` WHERE (no_kontrak = '29-MF-00001-15' ) ORDER BY `id_pembayaran` desc
Params: []

2015-07-25T17:45:19+07:00 INFO (6): 
Elapsed Secs: 0.00016
Query: SELECT `cos`.`nama`, `cos`.`nik_costumer`, `pemb`.`angsuran_ke`, `pemb`.`tanggal_pembayaran`, `pinj`.`no_kontrak`, `pinj`.`nilai_pinjaman`, `pinj`.`angsuran_perbulan`, `pinj`.`lama_angsuran` FROM `pembayaran` AS `pemb`
 INNER JOIN `pinjaman` AS `pinj` ON pinj.no_kontrak = pemb.no_kontrak
 INNER JOIN `costumer` AS `cos` ON pinj.nik_costumer = cos.nik_costumer WHERE (pemb.no_kontrak = '29-MF-00001-15') ORDER BY `id_pembayaran` desc
Params: []

2015-07-25T17:45:19+07:00 INFO (6): 
Elapsed Secs: 9.0E-5
Query: SELECT `pembayaran`.`id_pembayaran` FROM `pembayaran` ORDER BY `id_pembayaran` desc
Params: []

2015-07-25T17:45:19+07:00 INFO (6): 
Elapsed Secs: 0.00041
Query: DESCRIBE `kartu_piutang`
Params: []

2015-07-25T17:45:19+07:00 INFO (6): 
Elapsed Secs: 0.00011
Query: SELECT `kartu_piutang`.`denda_terhitung` FROM `kartu_piutang` WHERE (no_kontrak = '29-MF-00001-15') ORDER BY `id_piutang` desc
Params: []

2015-07-25T17:46:05+07:00 INFO (6): 
Elapsed Secs: 0.00022
Query: connect
Params: []

2015-07-25T17:46:05+07:00 INFO (6): 
Elapsed Secs: 0.00049
Query: DESCRIBE `costumer`
Params: []

2015-07-25T17:46:05+07:00 INFO (6): 
Elapsed Secs: 0.00023
Query: connect
Params: []

2015-07-25T17:46:05+07:00 INFO (6): 
Elapsed Secs: 0.00023
Query: SELECT `pinj`.`no_kontrak` FROM `costumer` AS `cos`
 INNER JOIN `pinjaman` AS `pinj` ON pinj.nik_costumer =  cos.nik_costumer
 INNER JOIN `kendaraan` AS `kend` ON kend.no_polisi = pinj.no_polisi
Params: []

2015-07-25T17:46:05+07:00 INFO (6): 
Elapsed Secs: 0.00022
Query: SELECT `pinj`.`no_kontrak`, `cos`.`nama`, `kend`.`no_polisi`, `pinj`.`angsuran_perbulan`, `pinj`.`tanggal_jatuh_tempo` FROM `costumer` AS `cos`
 INNER JOIN `pinjaman` AS `pinj` ON pinj.nik_costumer =  cos.nik_costumer
 INNER JOIN `kendaraan` AS `kend` ON kend.no_polisi = pinj.no_polisi WHERE (pinj.no_kontrak = '29-MF-00001-15') GROUP BY `pinj`.`no_kontrak`
Params: []

2015-07-25T17:46:05+07:00 INFO (6): 
Elapsed Secs: 0.00047
Query: DESCRIBE `pembayaran`
Params: []

2015-07-25T17:46:05+07:00 INFO (6): 
Elapsed Secs: 0.00012
Query: SELECT `pemb`.`angsuran_ke` FROM `pembayaran` AS `pemb` WHERE (no_kontrak = '29-MF-00001-15' ) ORDER BY `id_pembayaran` desc
Params: []

2015-07-25T17:46:05+07:00 INFO (6): 
Elapsed Secs: 0.00016
Query: SELECT `cos`.`nama`, `cos`.`nik_costumer`, `pemb`.`angsuran_ke`, `pemb`.`tanggal_pembayaran`, `pinj`.`no_kontrak`, `pinj`.`nilai_pinjaman`, `pinj`.`angsuran_perbulan`, `pinj`.`lama_angsuran` FROM `pembayaran` AS `pemb`
 INNER JOIN `pinjaman` AS `pinj` ON pinj.no_kontrak = pemb.no_kontrak
 INNER JOIN `costumer` AS `cos` ON pinj.nik_costumer = cos.nik_costumer WHERE (pemb.no_kontrak = '29-MF-00001-15') ORDER BY `id_pembayaran` desc
Params: []

2015-07-25T17:46:05+07:00 INFO (6): 
Elapsed Secs: 9.0E-5
Query: SELECT `pembayaran`.`id_pembayaran` FROM `pembayaran` ORDER BY `id_pembayaran` desc
Params: []

2015-07-25T17:46:05+07:00 INFO (6): 
Elapsed Secs: 0.0004
Query: DESCRIBE `kartu_piutang`
Params: []

2015-07-25T17:46:05+07:00 INFO (6): 
Elapsed Secs: 0.00011
Query: SELECT `kartu_piutang`.`denda_terhitung` FROM `kartu_piutang` WHERE (no_kontrak = '29-MF-00001-15') ORDER BY `id_piutang` desc
Params: []

2015-07-25T17:50:45+07:00 INFO (6): 
Elapsed Secs: 0.00026
Query: connect
Params: []

2015-07-25T17:50:45+07:00 INFO (6): 
Elapsed Secs: 0.00081
Query: DESCRIBE `costumer`
Params: []

2015-07-25T17:50:45+07:00 INFO (6): 
Elapsed Secs: 0.00024
Query: connect
Params: []

2015-07-25T17:50:45+07:00 INFO (6): 
Elapsed Secs: 0.00028
Query: SELECT `pinj`.`no_kontrak` FROM `costumer` AS `cos`
 INNER JOIN `pinjaman` AS `pinj` ON pinj.nik_costumer =  cos.nik_costumer
 INNER JOIN `kendaraan` AS `kend` ON kend.no_polisi = pinj.no_polisi
Params: []

2015-07-25T17:50:45+07:00 INFO (6): 
Elapsed Secs: 0.00024
Query: SELECT `pinj`.`no_kontrak`, `cos`.`nama`, `kend`.`no_polisi`, `pinj`.`angsuran_perbulan`, `pinj`.`tanggal_jatuh_tempo` FROM `costumer` AS `cos`
 INNER JOIN `pinjaman` AS `pinj` ON pinj.nik_costumer =  cos.nik_costumer
 INNER JOIN `kendaraan` AS `kend` ON kend.no_polisi = pinj.no_polisi WHERE (pinj.no_kontrak = '29-MF-00001-15') GROUP BY `pinj`.`no_kontrak`
Params: []

2015-07-25T17:50:45+07:00 INFO (6): 
Elapsed Secs: 0.00067
Query: DESCRIBE `pembayaran`
Params: []

2015-07-25T17:50:45+07:00 INFO (6): 
Elapsed Secs: 0.00017
Query: SELECT `pemb`.`angsuran_ke` FROM `pembayaran` AS `pemb` WHERE (no_kontrak = '29-MF-00001-15' ) ORDER BY `id_pembayaran` desc
Params: []

2015-07-25T17:50:45+07:00 INFO (6): 
Elapsed Secs: 0.00026
Query: SELECT `cos`.`nama`, `cos`.`nik_costumer`, `pemb`.`angsuran_ke`, `pemb`.`tanggal_pembayaran`, `pinj`.`no_kontrak`, `pinj`.`nilai_pinjaman`, `pinj`.`angsuran_perbulan`, `pinj`.`lama_angsuran` FROM `pembayaran` AS `pemb`
 INNER JOIN `pinjaman` AS `pinj` ON pinj.no_kontrak = pemb.no_kontrak
 INNER JOIN `costumer` AS `cos` ON pinj.nik_costumer = cos.nik_costumer WHERE (pemb.no_kontrak = '29-MF-00001-15') ORDER BY `id_pembayaran` desc
Params: []

2015-07-25T17:50:45+07:00 INFO (6): 
Elapsed Secs: 0.00014
Query: SELECT `pembayaran`.`id_pembayaran` FROM `pembayaran` ORDER BY `id_pembayaran` desc
Params: []

2015-07-25T17:50:45+07:00 INFO (6): 
Elapsed Secs: 0.00067
Query: DESCRIBE `kartu_piutang`
Params: []

2015-07-25T17:50:45+07:00 INFO (6): 
Elapsed Secs: 0.00017
Query: SELECT `kartu_piutang`.`denda_terhitung` FROM `kartu_piutang` WHERE (no_kontrak = '29-MF-00001-15') ORDER BY `id_piutang` desc
Params: []

2015-07-25T17:51:34+07:00 INFO (6): 
Elapsed Secs: 0.00115
Query: connect
Params: []

2015-07-25T17:51:34+07:00 INFO (6): 
Elapsed Secs: 0.00054
Query: DESCRIBE `costumer`
Params: []

2015-07-25T17:51:34+07:00 INFO (6): 
Elapsed Secs: 0.0002
Query: connect
Params: []

2015-07-25T17:51:34+07:00 INFO (6): 
Elapsed Secs: 0.00022
Query: SELECT `pinj`.`no_kontrak` FROM `costumer` AS `cos`
 INNER JOIN `pinjaman` AS `pinj` ON pinj.nik_costumer =  cos.nik_costumer
 INNER JOIN `kendaraan` AS `kend` ON kend.no_polisi = pinj.no_polisi
Params: []

2015-07-25T17:51:34+07:00 INFO (6): 
Elapsed Secs: 0.00018
Query: SELECT `pinj`.`no_kontrak`, `cos`.`nama`, `kend`.`no_polisi`, `pinj`.`angsuran_perbulan`, `pinj`.`tanggal_jatuh_tempo` FROM `costumer` AS `cos`
 INNER JOIN `pinjaman` AS `pinj` ON pinj.nik_costumer =  cos.nik_costumer
 INNER JOIN `kendaraan` AS `kend` ON kend.no_polisi = pinj.no_polisi WHERE (pinj.no_kontrak = '29-MF-00001-15') GROUP BY `pinj`.`no_kontrak`
Params: []

2015-07-25T17:51:34+07:00 INFO (6): 
Elapsed Secs: 0.00041
Query: DESCRIBE `pembayaran`
Params: []

2015-07-25T17:51:34+07:00 INFO (6): 
Elapsed Secs: 0.00011
Query: SELECT `pemb`.`angsuran_ke` FROM `pembayaran` AS `pemb` WHERE (no_kontrak = '29-MF-00001-15' ) ORDER BY `id_pembayaran` desc
Params: []

2015-07-25T17:51:34+07:00 INFO (6): 
Elapsed Secs: 0.00015
Query: SELECT `cos`.`nama`, `cos`.`nik_costumer`, `pemb`.`angsuran_ke`, `pemb`.`tanggal_pembayaran`, `pinj`.`no_kontrak`, `pinj`.`nilai_pinjaman`, `pinj`.`angsuran_perbulan`, `pinj`.`lama_angsuran` FROM `pembayaran` AS `pemb`
 INNER JOIN `pinjaman` AS `pinj` ON pinj.no_kontrak = pemb.no_kontrak
 INNER JOIN `costumer` AS `cos` ON pinj.nik_costumer = cos.nik_costumer WHERE (pemb.no_kontrak = '29-MF-00001-15') ORDER BY `id_pembayaran` desc
Params: []

2015-07-25T17:51:34+07:00 INFO (6): 
Elapsed Secs: 8.0E-5
Query: SELECT `pembayaran`.`id_pembayaran` FROM `pembayaran` ORDER BY `id_pembayaran` desc
Params: []

2015-07-25T17:51:34+07:00 INFO (6): 
Elapsed Secs: 0.0004
Query: DESCRIBE `kartu_piutang`
Params: []

2015-07-25T17:51:34+07:00 INFO (6): 
Elapsed Secs: 0.0001
Query: SELECT `kartu_piutang`.`denda_terhitung` FROM `kartu_piutang` WHERE (no_kontrak = '29-MF-00001-15') ORDER BY `id_piutang` desc
Params: []

2015-07-25T17:51:56+07:00 INFO (6): 
Elapsed Secs: 0.0006
Query: connect
Params: []

2015-07-25T17:51:56+07:00 INFO (6): 
Elapsed Secs: 0.00162
Query: DESCRIBE `costumer`
Params: []

2015-07-25T17:51:56+07:00 INFO (6): 
Elapsed Secs: 0.00056
Query: connect
Params: []

2015-07-25T17:51:56+07:00 INFO (6): 
Elapsed Secs: 0.00055
Query: SELECT `pinj`.`no_kontrak` FROM `costumer` AS `cos`
 INNER JOIN `pinjaman` AS `pinj` ON pinj.nik_costumer =  cos.nik_costumer
 INNER JOIN `kendaraan` AS `kend` ON kend.no_polisi = pinj.no_polisi
Params: []

2015-07-25T17:51:56+07:00 INFO (6): 
Elapsed Secs: 0.00034
Query: SELECT `pinj`.`no_kontrak`, `cos`.`nama`, `kend`.`no_polisi`, `pinj`.`angsuran_perbulan`, `pinj`.`tanggal_jatuh_tempo` FROM `costumer` AS `cos`
 INNER JOIN `pinjaman` AS `pinj` ON pinj.nik_costumer =  cos.nik_costumer
 INNER JOIN `kendaraan` AS `kend` ON kend.no_polisi = pinj.no_polisi WHERE (pinj.no_kontrak = '29-MF-00001-15') GROUP BY `pinj`.`no_kontrak`
Params: []

2015-07-25T17:51:56+07:00 INFO (6): 
Elapsed Secs: 0.00053
Query: DESCRIBE `pembayaran`
Params: []

2015-07-25T17:51:56+07:00 INFO (6): 
Elapsed Secs: 0.00015
Query: SELECT `pemb`.`angsuran_ke` FROM `pembayaran` AS `pemb` WHERE (no_kontrak = '29-MF-00001-15' ) ORDER BY `id_pembayaran` desc
Params: []

2015-07-25T17:51:56+07:00 INFO (6): 
Elapsed Secs: 0.0002
Query: SELECT `cos`.`nama`, `cos`.`nik_costumer`, `pemb`.`angsuran_ke`, `pemb`.`tanggal_pembayaran`, `pinj`.`no_kontrak`, `pinj`.`nilai_pinjaman`, `pinj`.`angsuran_perbulan`, `pinj`.`lama_angsuran` FROM `pembayaran` AS `pemb`
 INNER JOIN `pinjaman` AS `pinj` ON pinj.no_kontrak = pemb.no_kontrak
 INNER JOIN `costumer` AS `cos` ON pinj.nik_costumer = cos.nik_costumer WHERE (pemb.no_kontrak = '29-MF-00001-15') ORDER BY `id_pembayaran` desc
Params: []

2015-07-25T17:51:56+07:00 INFO (6): 
Elapsed Secs: 0.00013
Query: SELECT `pembayaran`.`id_pembayaran` FROM `pembayaran` ORDER BY `id_pembayaran` desc
Params: []

2015-07-25T17:51:56+07:00 INFO (6): 
Elapsed Secs: 0.00057
Query: DESCRIBE `kartu_piutang`
Params: []

2015-07-25T17:51:56+07:00 INFO (6): 
Elapsed Secs: 0.00013
Query: SELECT `kartu_piutang`.`denda_terhitung` FROM `kartu_piutang` WHERE (no_kontrak = '29-MF-00001-15') ORDER BY `id_piutang` desc
Params: []

2015-07-25T17:52:36+07:00 INFO (6): 
Elapsed Secs: 0.001
Query: connect
Params: []

2015-07-25T17:52:36+07:00 INFO (6): 
Elapsed Secs: 0.00053
Query: DESCRIBE `costumer`
Params: []

2015-07-25T17:52:36+07:00 INFO (6): 
Elapsed Secs: 0.00015
Query: connect
Params: []

2015-07-25T17:52:36+07:00 INFO (6): 
Elapsed Secs: 0.0002
Query: SELECT `pinj`.`no_kontrak` FROM `costumer` AS `cos`
 INNER JOIN `pinjaman` AS `pinj` ON pinj.nik_costumer =  cos.nik_costumer
 INNER JOIN `kendaraan` AS `kend` ON kend.no_polisi = pinj.no_polisi
Params: []

2015-07-25T17:52:36+07:00 INFO (6): 
Elapsed Secs: 0.00015
Query: SELECT `pinj`.`no_kontrak`, `cos`.`nama`, `kend`.`no_polisi`, `pinj`.`angsuran_perbulan`, `pinj`.`tanggal_jatuh_tempo` FROM `costumer` AS `cos`
 INNER JOIN `pinjaman` AS `pinj` ON pinj.nik_costumer =  cos.nik_costumer
 INNER JOIN `kendaraan` AS `kend` ON kend.no_polisi = pinj.no_polisi WHERE (pinj.no_kontrak = '29-MF-00001-15') GROUP BY `pinj`.`no_kontrak`
Params: []

2015-07-25T17:52:36+07:00 INFO (6): 
Elapsed Secs: 0.00043
Query: DESCRIBE `pembayaran`
Params: []

2015-07-25T17:52:36+07:00 INFO (6): 
Elapsed Secs: 0.00011
Query: SELECT `pemb`.`angsuran_ke` FROM `pembayaran` AS `pemb` WHERE (no_kontrak = '29-MF-00001-15' ) ORDER BY `id_pembayaran` desc
Params: []

2015-07-25T17:52:36+07:00 INFO (6): 
Elapsed Secs: 0.00014
Query: SELECT `cos`.`nama`, `cos`.`nik_costumer`, `pemb`.`angsuran_ke`, `pemb`.`tanggal_pembayaran`, `pinj`.`no_kontrak`, `pinj`.`nilai_pinjaman`, `pinj`.`angsuran_perbulan`, `pinj`.`lama_angsuran` FROM `pembayaran` AS `pemb`
 INNER JOIN `pinjaman` AS `pinj` ON pinj.no_kontrak = pemb.no_kontrak
 INNER JOIN `costumer` AS `cos` ON pinj.nik_costumer = cos.nik_costumer WHERE (pemb.no_kontrak = '29-MF-00001-15') ORDER BY `id_pembayaran` desc
Params: []

2015-07-25T17:52:36+07:00 INFO (6): 
Elapsed Secs: 8.0E-5
Query: SELECT `pembayaran`.`id_pembayaran` FROM `pembayaran` ORDER BY `id_pembayaran` desc
Params: []

2015-07-25T17:52:36+07:00 INFO (6): 
Elapsed Secs: 0.00038
Query: DESCRIBE `kartu_piutang`
Params: []

2015-07-25T17:52:36+07:00 INFO (6): 
Elapsed Secs: 9.0E-5
Query: SELECT `kartu_piutang`.`denda_terhitung` FROM `kartu_piutang` WHERE (no_kontrak = '29-MF-00001-15') ORDER BY `id_piutang` desc
Params: []

2015-07-25T17:53:38+07:00 INFO (6): 
Elapsed Secs: 0.00141
Query: connect
Params: []

2015-07-25T17:53:38+07:00 INFO (6): 
Elapsed Secs: 0.0007
Query: DESCRIBE `costumer`
Params: []

2015-07-25T17:53:38+07:00 INFO (6): 
Elapsed Secs: 0.00027
Query: connect
Params: []

2015-07-25T17:53:38+07:00 INFO (6): 
Elapsed Secs: 0.00024
Query: SELECT `pinj`.`no_kontrak` FROM `costumer` AS `cos`
 INNER JOIN `pinjaman` AS `pinj` ON pinj.nik_costumer =  cos.nik_costumer
 INNER JOIN `kendaraan` AS `kend` ON kend.no_polisi = pinj.no_polisi
Params: []

2015-07-25T17:53:38+07:00 INFO (6): 
Elapsed Secs: 0.00017
Query: SELECT `pinj`.`no_kontrak`, `cos`.`nama`, `kend`.`no_polisi`, `pinj`.`angsuran_perbulan`, `pinj`.`tanggal_jatuh_tempo` FROM `costumer` AS `cos`
 INNER JOIN `pinjaman` AS `pinj` ON pinj.nik_costumer =  cos.nik_costumer
 INNER JOIN `kendaraan` AS `kend` ON kend.no_polisi = pinj.no_polisi WHERE (pinj.no_kontrak = '29-MF-00001-15') GROUP BY `pinj`.`no_kontrak`
Params: []

2015-07-25T17:53:38+07:00 INFO (6): 
Elapsed Secs: 0.00051
Query: DESCRIBE `pembayaran`
Params: []

2015-07-25T17:53:38+07:00 INFO (6): 
Elapsed Secs: 0.00014
Query: SELECT `pemb`.`angsuran_ke` FROM `pembayaran` AS `pemb` WHERE (no_kontrak = '29-MF-00001-15' ) ORDER BY `id_pembayaran` desc
Params: []

2015-07-25T17:53:38+07:00 INFO (6): 
Elapsed Secs: 0.00026
Query: SELECT `cos`.`nama`, `cos`.`nik_costumer`, `pemb`.`angsuran_ke`, `pemb`.`tanggal_pembayaran`, `pinj`.`no_kontrak`, `pinj`.`nilai_pinjaman`, `pinj`.`angsuran_perbulan`, `pinj`.`lama_angsuran` FROM `pembayaran` AS `pemb`
 INNER JOIN `pinjaman` AS `pinj` ON pinj.no_kontrak = pemb.no_kontrak
 INNER JOIN `costumer` AS `cos` ON pinj.nik_costumer = cos.nik_costumer WHERE (pemb.no_kontrak = '29-MF-00001-15') ORDER BY `id_pembayaran` desc
Params: []

2015-07-25T17:53:38+07:00 INFO (6): 
Elapsed Secs: 0.00013
Query: SELECT `pembayaran`.`id_pembayaran` FROM `pembayaran` ORDER BY `id_pembayaran` desc
Params: []

2015-07-25T17:53:38+07:00 INFO (6): 
Elapsed Secs: 0.0007
Query: DESCRIBE `kartu_piutang`
Params: []

2015-07-25T17:53:38+07:00 INFO (6): 
Elapsed Secs: 0.00016
Query: SELECT `kartu_piutang`.`denda_terhitung` FROM `kartu_piutang` WHERE (no_kontrak = '29-MF-00001-15') ORDER BY `id_piutang` desc
Params: []

2015-07-25T17:54:28+07:00 INFO (6): 
Elapsed Secs: 0.00155
Query: connect
Params: []

2015-07-25T17:54:28+07:00 INFO (6): 
Elapsed Secs: 0.00077
Query: DESCRIBE `costumer`
Params: []

2015-07-25T17:54:28+07:00 INFO (6): 
Elapsed Secs: 0.00026
Query: connect
Params: []

2015-07-25T17:54:28+07:00 INFO (6): 
Elapsed Secs: 0.00025
Query: SELECT `pinj`.`no_kontrak` FROM `costumer` AS `cos`
 INNER JOIN `pinjaman` AS `pinj` ON pinj.nik_costumer =  cos.nik_costumer
 INNER JOIN `kendaraan` AS `kend` ON kend.no_polisi = pinj.no_polisi
Params: []

2015-07-25T17:54:37+07:00 INFO (6): 
Elapsed Secs: 0.00031
Query: connect
Params: []

2015-07-25T17:54:37+07:00 INFO (6): 
Elapsed Secs: 0.00055
Query: DESCRIBE `costumer`
Params: []

2015-07-25T17:54:37+07:00 INFO (6): 
Elapsed Secs: 0.00025
Query: connect
Params: []

2015-07-25T17:54:37+07:00 INFO (6): 
Elapsed Secs: 0.00024
Query: SELECT `pinj`.`no_kontrak` FROM `costumer` AS `cos`
 INNER JOIN `pinjaman` AS `pinj` ON pinj.nik_costumer =  cos.nik_costumer
 INNER JOIN `kendaraan` AS `kend` ON kend.no_polisi = pinj.no_polisi
Params: []

2015-07-25T17:54:37+07:00 INFO (6): 
Elapsed Secs: 0.00021
Query: SELECT `pinj`.`no_kontrak`, `cos`.`nama`, `kend`.`no_polisi`, `pinj`.`angsuran_perbulan`, `pinj`.`tanggal_jatuh_tempo` FROM `costumer` AS `cos`
 INNER JOIN `pinjaman` AS `pinj` ON pinj.nik_costumer =  cos.nik_costumer
 INNER JOIN `kendaraan` AS `kend` ON kend.no_polisi = pinj.no_polisi WHERE (pinj.no_kontrak = '29-MF-00001-15') GROUP BY `pinj`.`no_kontrak`
Params: []

2015-07-25T17:54:37+07:00 INFO (6): 
Elapsed Secs: 0.00044
Query: DESCRIBE `pembayaran`
Params: []

2015-07-25T17:54:37+07:00 INFO (6): 
Elapsed Secs: 0.00014
Query: SELECT `pemb`.`angsuran_ke` FROM `pembayaran` AS `pemb` WHERE (no_kontrak = '29-MF-00001-15' ) ORDER BY `id_pembayaran` desc
Params: []

2015-07-25T17:54:37+07:00 INFO (6): 
Elapsed Secs: 0.00018
Query: SELECT `cos`.`nama`, `cos`.`nik_costumer`, `pemb`.`angsuran_ke`, `pemb`.`tanggal_pembayaran`, `pinj`.`no_kontrak`, `pinj`.`nilai_pinjaman`, `pinj`.`angsuran_perbulan`, `pinj`.`lama_angsuran` FROM `pembayaran` AS `pemb`
 INNER JOIN `pinjaman` AS `pinj` ON pinj.no_kontrak = pemb.no_kontrak
 INNER JOIN `costumer` AS `cos` ON pinj.nik_costumer = cos.nik_costumer WHERE (pemb.no_kontrak = '29-MF-00001-15') ORDER BY `id_pembayaran` desc
Params: []

2015-07-25T17:54:37+07:00 INFO (6): 
Elapsed Secs: 0.00011
Query: SELECT `pembayaran`.`id_pembayaran` FROM `pembayaran` ORDER BY `id_pembayaran` desc
Params: []

2015-07-25T17:54:37+07:00 INFO (6): 
Elapsed Secs: 0.00044
Query: DESCRIBE `kartu_piutang`
Params: []

2015-07-25T17:54:37+07:00 INFO (6): 
Elapsed Secs: 0.00017
Query: SELECT `kartu_piutang`.`denda_terhitung` FROM `kartu_piutang` WHERE (no_kontrak = '29-MF-00001-15') ORDER BY `id_piutang` desc
Params: []

2015-07-25T17:54:47+07:00 INFO (6): 
Elapsed Secs: 0.0003
Query: connect
Params: []

2015-07-25T17:54:47+07:00 INFO (6): 
Elapsed Secs: 0.00056
Query: DESCRIBE `costumer`
Params: []

2015-07-25T17:54:47+07:00 INFO (6): 
Elapsed Secs: 0.00022
Query: connect
Params: []

2015-07-25T17:54:47+07:00 INFO (6): 
Elapsed Secs: 0.00023
Query: SELECT `pinj`.`no_kontrak` FROM `costumer` AS `cos`
 INNER JOIN `pinjaman` AS `pinj` ON pinj.nik_costumer =  cos.nik_costumer
 INNER JOIN `kendaraan` AS `kend` ON kend.no_polisi = pinj.no_polisi
Params: []

2015-07-25T17:54:47+07:00 INFO (6): 
Elapsed Secs: 0.00016
Query: SELECT `pinj`.`no_kontrak`, `cos`.`nama`, `kend`.`no_polisi`, `pinj`.`angsuran_perbulan`, `pinj`.`tanggal_jatuh_tempo` FROM `costumer` AS `cos`
 INNER JOIN `pinjaman` AS `pinj` ON pinj.nik_costumer =  cos.nik_costumer
 INNER JOIN `kendaraan` AS `kend` ON kend.no_polisi = pinj.no_polisi WHERE (pinj.no_kontrak = '29-MD-00160-15') GROUP BY `pinj`.`no_kontrak`
Params: []

2015-07-25T17:54:47+07:00 INFO (6): 
Elapsed Secs: 0.0005
Query: DESCRIBE `pembayaran`
Params: []

2015-07-25T17:54:47+07:00 INFO (6): 
Elapsed Secs: 0.00017
Query: SELECT `pemb`.`angsuran_ke` FROM `pembayaran` AS `pemb` WHERE (no_kontrak = '29-MD-00160-15' ) ORDER BY `id_pembayaran` desc
Params: []

2015-07-25T17:54:47+07:00 INFO (6): 
Elapsed Secs: 0.00023
Query: SELECT `cos`.`nama`, `cos`.`nik_costumer`, `pemb`.`angsuran_ke`, `pemb`.`tanggal_pembayaran`, `pinj`.`no_kontrak`, `pinj`.`nilai_pinjaman`, `pinj`.`angsuran_perbulan`, `pinj`.`lama_angsuran` FROM `pembayaran` AS `pemb`
 INNER JOIN `pinjaman` AS `pinj` ON pinj.no_kontrak = pemb.no_kontrak
 INNER JOIN `costumer` AS `cos` ON pinj.nik_costumer = cos.nik_costumer WHERE (pemb.no_kontrak = '29-MD-00160-15') ORDER BY `id_pembayaran` desc
Params: []

2015-07-25T17:54:47+07:00 INFO (6): 
Elapsed Secs: 0.00016
Query: SELECT `pembayaran`.`id_pembayaran` FROM `pembayaran` ORDER BY `id_pembayaran` desc
Params: []

2015-07-25T17:54:47+07:00 INFO (6): 
Elapsed Secs: 0.00049
Query: DESCRIBE `kartu_piutang`
Params: []

2015-07-25T17:54:47+07:00 INFO (6): 
Elapsed Secs: 0.00015
Query: SELECT `kartu_piutang`.`denda_terhitung` FROM `kartu_piutang` WHERE (no_kontrak = '29-MD-00160-15') ORDER BY `id_piutang` desc
Params: []

