2015-07-01T11:54:42+07:00 INFO (6): 
Elapsed Secs: 0.07536
Query: connect
Params: []

2015-07-01T11:54:42+07:00 INFO (6): 
Elapsed Secs: 0.00193
Query: DESCRIBE `user`
Params: []

2015-07-01T11:54:42+07:00 INFO (6): 
Elapsed Secs: 0.00044
Query: connect
Params: []

2015-07-01T11:54:42+07:00 INFO (6): 
Elapsed Secs: 0.00049
Query: SELECT `user`.*, `cabang`.* FROM `user`
 INNER JOIN `cabang` ON cabang.id_cabang = user.id_cabang WHERE (user.username = 'admin') AND (user.password = 'd033e22ae348aeb5660fc2140aec35850c4da997')
Params: []

2015-07-01T11:54:42+07:00 INFO (6): 
Elapsed Secs: 0.00041
Query: SELECT `user`.*, `user_login`.*, `cabang`.* FROM `user`
 INNER JOIN `user_login` ON user_login.id_user = user.id_user
 INNER JOIN `cabang` ON cabang.id_cabang = user.id_cabang WHERE (user.id_user = '16')
Params: []

2015-07-01T11:54:42+07:00 INFO (6): 
Elapsed Secs: 0.04465
Query: UPDATE `user_login` SET `last_login` = ?, `login_time` = NOW(), `ip_login` = ?, `status` = ? WHERE (id_user = '16')
Params: {"1":"2015-06-26 11:12:30","2":"172.17.3.234","3":1}

2015-07-01T11:54:42+07:00 INFO (6): 
Elapsed Secs: 0.00047
Query: SELECT `user`.*, `user_login`.*, `cabang`.* FROM `user`
 INNER JOIN `user_login` ON user_login.id_user = user.id_user
 INNER JOIN `cabang` ON cabang.id_cabang = user.id_cabang WHERE (user.id_user = '16')
Params: []

2015-07-01T11:54:54+07:00 INFO (6): 
Elapsed Secs: 0.0014
Query: connect
Params: []

2015-07-01T11:54:54+07:00 INFO (6): 
Elapsed Secs: 0.00104
Query: DESCRIBE `costumer`
Params: []

2015-07-01T11:54:54+07:00 INFO (6): 
Elapsed Secs: 0.00024
Query: SELECT `cos`.`nik_costumer`, `cos`.`nama`, `cos`.`alamat`, `cos`.`jenis_kelamin`, `cos`.`tempat_lahir`, `cos`.`tanggal_lahir`, `cos`.`nama_ibu`, `cos`.`agama`, `cos`.`status`, `cos`.`pekerjaan`, `cos`.`alamat_tempat_kerja`, `cos`.`hp`, `cos`.`telpon`, `us`.`realname`, `cb`.`cabang` FROM `costumer` AS `cos`
 INNER JOIN `user` AS `us` ON cos.id_user=us.id_user
 INNER JOIN `cabang` AS `cb` ON us.id_cabang = cb.id_cabang WHERE (cos.id_user = '16')
Params: []

2015-07-01T11:54:58+07:00 INFO (6): 
Elapsed Secs: 0.0003
Query: connect
Params: []

2015-07-01T11:54:58+07:00 INFO (6): 
Elapsed Secs: 0.00115
Query: DESCRIBE `cabang`
Params: []

2015-07-01T11:54:58+07:00 INFO (6): 
Elapsed Secs: 0.00019
Query: SELECT `cabang`.* FROM `cabang` WHERE (id_cabang = '29' ) LIMIT 1
Params: []

2015-07-01T11:54:58+07:00 INFO (6): 
Elapsed Secs: 0.00094
Query: DESCRIBE `kendaraan`
Params: []

2015-07-01T11:54:58+07:00 INFO (6): 
Elapsed Secs: 0.00033
Query: connect
Params: []

2015-07-01T11:54:58+07:00 INFO (6): 
Elapsed Secs: 0.00032
Query: SELECT `ken`.*, `cos`.`id_cabang`, `us`.`id_user`, `cb`.`cabang` FROM `kendaraan` AS `ken`
 INNER JOIN `costumer` AS `cos` ON cos.nik_costumer=ken.nik_costumer
 INNER JOIN `user` AS `us` ON us.id_user = cos.id_user
 INNER JOIN `cabang` AS `cb` ON cos.id_cabang = cb.id_cabang WHERE (us.id_user = '16') AND (cb.id_cabang = '29')
Params: []

2015-07-01T11:55:03+07:00 INFO (6): 
Elapsed Secs: 0.0003
Query: connect
Params: []

2015-07-01T11:55:03+07:00 INFO (6): 
Elapsed Secs: 0.00117
Query: DESCRIBE `penjamin`
Params: []

2015-07-01T11:55:03+07:00 INFO (6): 
Elapsed Secs: 0.00015
Query: connect
Params: []

2015-07-01T11:55:03+07:00 INFO (6): 
Elapsed Secs: 0.00029
Query: SELECT `pe`.*, `cos`.`id_cabang`, `cos`.`id_user`, `cb`.`cabang` FROM `penjamin` AS `pe`
 INNER JOIN `costumer` AS `cos` ON pe.nik_costumer = cos.nik_costumer
 INNER JOIN `user` AS `us` ON us.id_user = cos.id_user
 INNER JOIN `cabang` AS `cb` ON cb.id_cabang = cos.id_cabang WHERE (us.id_user= '16') AND (cb.id_cabang = '29')
Params: []

