2015-07-25T16:07:42+07:00 INFO (6): 
Elapsed Secs: 0.00026
Query: connect
Params: []

2015-07-25T16:07:42+07:00 INFO (6): 
Elapsed Secs: 0.0009
Query: DESCRIBE `costumer`
Params: []

2015-07-25T16:07:42+07:00 INFO (6): 
Elapsed Secs: 0.00023
Query: connect
Params: []

2015-07-25T16:07:42+07:00 INFO (6): 
Elapsed Secs: 0.00023
Query: SELECT `pinj`.`no_kontrak` FROM `costumer` AS `cos`
 INNER JOIN `pinjaman` AS `pinj` ON pinj.nik_costumer =  cos.nik_costumer
 INNER JOIN `kendaraan` AS `kend` ON kend.no_polisi = pinj.no_polisi
Params: []

2015-07-25T16:08:09+07:00 INFO (6): 
Elapsed Secs: 0.0003
Query: connect
Params: []

2015-07-25T16:08:09+07:00 INFO (6): 
Elapsed Secs: 0.00093
Query: DESCRIBE `costumer`
Params: []

2015-07-25T16:08:09+07:00 INFO (6): 
Elapsed Secs: 0.00023
Query: connect
Params: []

2015-07-25T16:08:09+07:00 INFO (6): 
Elapsed Secs: 0.00023
Query: SELECT `pinj`.`no_kontrak` FROM `costumer` AS `cos`
 INNER JOIN `pinjaman` AS `pinj` ON pinj.nik_costumer =  cos.nik_costumer
 INNER JOIN `kendaraan` AS `kend` ON kend.no_polisi = pinj.no_polisi
Params: []

2015-07-25T16:08:24+07:00 INFO (6): 
Elapsed Secs: 0.00022
Query: connect
Params: []

2015-07-25T16:08:24+07:00 INFO (6): 
Elapsed Secs: 0.00107
Query: DESCRIBE `costumer`
Params: []

2015-07-25T16:08:24+07:00 INFO (6): 
Elapsed Secs: 0.00018
Query: connect
Params: []

2015-07-25T16:08:24+07:00 INFO (6): 
Elapsed Secs: 0.00021
Query: SELECT `pinj`.`no_kontrak` FROM `costumer` AS `cos`
 INNER JOIN `pinjaman` AS `pinj` ON pinj.nik_costumer =  cos.nik_costumer
 INNER JOIN `kendaraan` AS `kend` ON kend.no_polisi = pinj.no_polisi
Params: []

2015-07-25T16:08:48+07:00 INFO (6): 
Elapsed Secs: 0.0015
Query: connect
Params: []

2015-07-25T16:08:48+07:00 INFO (6): 
Elapsed Secs: 0.00129
Query: DESCRIBE `costumer`
Params: []

2015-07-25T16:08:48+07:00 INFO (6): 
Elapsed Secs: 0.0002
Query: connect
Params: []

2015-07-25T16:08:48+07:00 INFO (6): 
Elapsed Secs: 0.00025
Query: SELECT `pinj`.`no_kontrak` FROM `costumer` AS `cos`
 INNER JOIN `pinjaman` AS `pinj` ON pinj.nik_costumer =  cos.nik_costumer
 INNER JOIN `kendaraan` AS `kend` ON kend.no_polisi = pinj.no_polisi
Params: []

2015-07-25T16:09:05+07:00 INFO (6): 
Elapsed Secs: 0.00022
Query: connect
Params: []

2015-07-25T16:09:05+07:00 INFO (6): 
Elapsed Secs: 0.00088
Query: DESCRIBE `costumer`
Params: []

2015-07-25T16:09:05+07:00 INFO (6): 
Elapsed Secs: 0.00022
Query: connect
Params: []

2015-07-25T16:09:05+07:00 INFO (6): 
Elapsed Secs: 0.00025
Query: SELECT `pinj`.`no_kontrak` FROM `costumer` AS `cos`
 INNER JOIN `pinjaman` AS `pinj` ON pinj.nik_costumer =  cos.nik_costumer
 INNER JOIN `kendaraan` AS `kend` ON kend.no_polisi = pinj.no_polisi
Params: []

2015-07-25T16:09:20+07:00 INFO (6): 
Elapsed Secs: 0.00173
Query: connect
Params: []

2015-07-25T16:09:20+07:00 INFO (6): 
Elapsed Secs: 0.00087
Query: DESCRIBE `costumer`
Params: []

2015-07-25T16:09:20+07:00 INFO (6): 
Elapsed Secs: 0.00021
Query: connect
Params: []

2015-07-25T16:09:20+07:00 INFO (6): 
Elapsed Secs: 0.0002
Query: SELECT `pinj`.`no_kontrak` FROM `costumer` AS `cos`
 INNER JOIN `pinjaman` AS `pinj` ON pinj.nik_costumer =  cos.nik_costumer
 INNER JOIN `kendaraan` AS `kend` ON kend.no_polisi = pinj.no_polisi
Params: []

2015-07-25T16:09:39+07:00 INFO (6): 
Elapsed Secs: 0.00149
Query: connect
Params: []

2015-07-25T16:09:39+07:00 INFO (6): 
Elapsed Secs: 0.00116
Query: DESCRIBE `costumer`
Params: []

2015-07-25T16:09:39+07:00 INFO (6): 
Elapsed Secs: 0.00022
Query: connect
Params: []

2015-07-25T16:09:39+07:00 INFO (6): 
Elapsed Secs: 0.00023
Query: SELECT `pinj`.`no_kontrak` FROM `costumer` AS `cos`
 INNER JOIN `pinjaman` AS `pinj` ON pinj.nik_costumer =  cos.nik_costumer
 INNER JOIN `kendaraan` AS `kend` ON kend.no_polisi = pinj.no_polisi
Params: []

2015-07-25T16:09:51+07:00 INFO (6): 
Elapsed Secs: 0.00024
Query: connect
Params: []

2015-07-25T16:09:51+07:00 INFO (6): 
Elapsed Secs: 0.00087
Query: DESCRIBE `costumer`
Params: []

2015-07-25T16:09:51+07:00 INFO (6): 
Elapsed Secs: 0.00022
Query: connect
Params: []

2015-07-25T16:09:51+07:00 INFO (6): 
Elapsed Secs: 0.00022
Query: SELECT `pinj`.`no_kontrak` FROM `costumer` AS `cos`
 INNER JOIN `pinjaman` AS `pinj` ON pinj.nik_costumer =  cos.nik_costumer
 INNER JOIN `kendaraan` AS `kend` ON kend.no_polisi = pinj.no_polisi
Params: []

2015-07-25T16:10:05+07:00 INFO (6): 
Elapsed Secs: 0.00114
Query: connect
Params: []

2015-07-25T16:10:05+07:00 INFO (6): 
Elapsed Secs: 0.00092
Query: DESCRIBE `costumer`
Params: []

2015-07-25T16:10:05+07:00 INFO (6): 
Elapsed Secs: 0.00015
Query: connect
Params: []

2015-07-25T16:10:05+07:00 INFO (6): 
Elapsed Secs: 0.00019
Query: SELECT `pinj`.`no_kontrak` FROM `costumer` AS `cos`
 INNER JOIN `pinjaman` AS `pinj` ON pinj.nik_costumer =  cos.nik_costumer
 INNER JOIN `kendaraan` AS `kend` ON kend.no_polisi = pinj.no_polisi
Params: []

2015-07-25T16:10:23+07:00 INFO (6): 
Elapsed Secs: 0.00108
Query: connect
Params: []

2015-07-25T16:10:23+07:00 INFO (6): 
Elapsed Secs: 0.00084
Query: DESCRIBE `costumer`
Params: []

2015-07-25T16:10:23+07:00 INFO (6): 
Elapsed Secs: 0.00014
Query: connect
Params: []

2015-07-25T16:10:23+07:00 INFO (6): 
Elapsed Secs: 0.00017
Query: SELECT `pinj`.`no_kontrak` FROM `costumer` AS `cos`
 INNER JOIN `pinjaman` AS `pinj` ON pinj.nik_costumer =  cos.nik_costumer
 INNER JOIN `kendaraan` AS `kend` ON kend.no_polisi = pinj.no_polisi
Params: []

2015-07-25T16:10:32+07:00 INFO (6): 
Elapsed Secs: 0.00024
Query: connect
Params: []

2015-07-25T16:10:32+07:00 INFO (6): 
Elapsed Secs: 0.0009
Query: DESCRIBE `costumer`
Params: []

2015-07-25T16:10:32+07:00 INFO (6): 
Elapsed Secs: 0.00024
Query: connect
Params: []

2015-07-25T16:10:32+07:00 INFO (6): 
Elapsed Secs: 0.0002
Query: SELECT `pinj`.`no_kontrak` FROM `costumer` AS `cos`
 INNER JOIN `pinjaman` AS `pinj` ON pinj.nik_costumer =  cos.nik_costumer
 INNER JOIN `kendaraan` AS `kend` ON kend.no_polisi = pinj.no_polisi
Params: []

2015-07-25T16:10:36+07:00 INFO (6): 
Elapsed Secs: 0.00114
Query: connect
Params: []

2015-07-25T16:10:36+07:00 INFO (6): 
Elapsed Secs: 0.00091
Query: DESCRIBE `costumer`
Params: []

2015-07-25T16:10:36+07:00 INFO (6): 
Elapsed Secs: 0.00019
Query: connect
Params: []

2015-07-25T16:10:36+07:00 INFO (6): 
Elapsed Secs: 0.00018
Query: SELECT `pinj`.`no_kontrak` FROM `costumer` AS `cos`
 INNER JOIN `pinjaman` AS `pinj` ON pinj.nik_costumer =  cos.nik_costumer
 INNER JOIN `kendaraan` AS `kend` ON kend.no_polisi = pinj.no_polisi
Params: []

2015-07-25T16:10:47+07:00 INFO (6): 
Elapsed Secs: 0.0003
Query: connect
Params: []

2015-07-25T16:10:47+07:00 INFO (6): 
Elapsed Secs: 0.00091
Query: DESCRIBE `costumer`
Params: []

2015-07-25T16:10:47+07:00 INFO (6): 
Elapsed Secs: 0.00025
Query: connect
Params: []

2015-07-25T16:10:47+07:00 INFO (6): 
Elapsed Secs: 0.00021
Query: SELECT `pinj`.`no_kontrak` FROM `costumer` AS `cos`
 INNER JOIN `pinjaman` AS `pinj` ON pinj.nik_costumer =  cos.nik_costumer
 INNER JOIN `kendaraan` AS `kend` ON kend.no_polisi = pinj.no_polisi
Params: []

2015-07-25T16:11:16+07:00 INFO (6): 
Elapsed Secs: 0.00019
Query: connect
Params: []

2015-07-25T16:11:16+07:00 INFO (6): 
Elapsed Secs: 0.00091
Query: DESCRIBE `costumer`
Params: []

2015-07-25T16:11:16+07:00 INFO (6): 
Elapsed Secs: 0.00021
Query: connect
Params: []

2015-07-25T16:11:16+07:00 INFO (6): 
Elapsed Secs: 0.00022
Query: SELECT `pinj`.`no_kontrak` FROM `costumer` AS `cos`
 INNER JOIN `pinjaman` AS `pinj` ON pinj.nik_costumer =  cos.nik_costumer
 INNER JOIN `kendaraan` AS `kend` ON kend.no_polisi = pinj.no_polisi
Params: []

2015-07-25T16:11:30+07:00 INFO (6): 
Elapsed Secs: 0.00108
Query: connect
Params: []

2015-07-25T16:11:30+07:00 INFO (6): 
Elapsed Secs: 0.00091
Query: DESCRIBE `costumer`
Params: []

2015-07-25T16:11:30+07:00 INFO (6): 
Elapsed Secs: 0.00027
Query: connect
Params: []

2015-07-25T16:11:30+07:00 INFO (6): 
Elapsed Secs: 0.00018
Query: SELECT `pinj`.`no_kontrak` FROM `costumer` AS `cos`
 INNER JOIN `pinjaman` AS `pinj` ON pinj.nik_costumer =  cos.nik_costumer
 INNER JOIN `kendaraan` AS `kend` ON kend.no_polisi = pinj.no_polisi
Params: []

2015-07-25T16:11:38+07:00 INFO (6): 
Elapsed Secs: 0.00179
Query: connect
Params: []

2015-07-25T16:11:38+07:00 INFO (6): 
Elapsed Secs: 0.00087
Query: DESCRIBE `costumer`
Params: []

2015-07-25T16:11:38+07:00 INFO (6): 
Elapsed Secs: 0.00024
Query: connect
Params: []

2015-07-25T16:11:38+07:00 INFO (6): 
Elapsed Secs: 0.00026
Query: SELECT `pinj`.`no_kontrak` FROM `costumer` AS `cos`
 INNER JOIN `pinjaman` AS `pinj` ON pinj.nik_costumer =  cos.nik_costumer
 INNER JOIN `kendaraan` AS `kend` ON kend.no_polisi = pinj.no_polisi
Params: []

2015-07-25T16:11:59+07:00 INFO (6): 
Elapsed Secs: 0.00113
Query: connect
Params: []

2015-07-25T16:11:59+07:00 INFO (6): 
Elapsed Secs: 0.00094
Query: DESCRIBE `costumer`
Params: []

2015-07-25T16:11:59+07:00 INFO (6): 
Elapsed Secs: 0.00022
Query: connect
Params: []

2015-07-25T16:11:59+07:00 INFO (6): 
Elapsed Secs: 0.00022
Query: SELECT `pinj`.`no_kontrak` FROM `costumer` AS `cos`
 INNER JOIN `pinjaman` AS `pinj` ON pinj.nik_costumer =  cos.nik_costumer
 INNER JOIN `kendaraan` AS `kend` ON kend.no_polisi = pinj.no_polisi
Params: []

2015-07-25T16:12:11+07:00 INFO (6): 
Elapsed Secs: 0.0003
Query: connect
Params: []

2015-07-25T16:12:11+07:00 INFO (6): 
Elapsed Secs: 0.00092
Query: DESCRIBE `costumer`
Params: []

2015-07-25T16:12:11+07:00 INFO (6): 
Elapsed Secs: 0.00023
Query: connect
Params: []

2015-07-25T16:12:11+07:00 INFO (6): 
Elapsed Secs: 0.00024
Query: SELECT `pinj`.`no_kontrak` FROM `costumer` AS `cos`
 INNER JOIN `pinjaman` AS `pinj` ON pinj.nik_costumer =  cos.nik_costumer
 INNER JOIN `kendaraan` AS `kend` ON kend.no_polisi = pinj.no_polisi
Params: []

2015-07-25T16:12:27+07:00 INFO (6): 
Elapsed Secs: 0.00152
Query: connect
Params: []

2015-07-25T16:12:27+07:00 INFO (6): 
Elapsed Secs: 0.00118
Query: DESCRIBE `costumer`
Params: []

2015-07-25T16:12:27+07:00 INFO (6): 
Elapsed Secs: 0.00023
Query: connect
Params: []

2015-07-25T16:12:27+07:00 INFO (6): 
Elapsed Secs: 0.00027
Query: SELECT `pinj`.`no_kontrak` FROM `costumer` AS `cos`
 INNER JOIN `pinjaman` AS `pinj` ON pinj.nik_costumer =  cos.nik_costumer
 INNER JOIN `kendaraan` AS `kend` ON kend.no_polisi = pinj.no_polisi
Params: []

2015-07-25T16:12:45+07:00 INFO (6): 
Elapsed Secs: 0.00025
Query: connect
Params: []

2015-07-25T16:12:45+07:00 INFO (6): 
Elapsed Secs: 0.00101
Query: DESCRIBE `costumer`
Params: []

2015-07-25T16:12:45+07:00 INFO (6): 
Elapsed Secs: 0.00023
Query: connect
Params: []

2015-07-25T16:12:45+07:00 INFO (6): 
Elapsed Secs: 0.00021
Query: SELECT `pinj`.`no_kontrak` FROM `costumer` AS `cos`
 INNER JOIN `pinjaman` AS `pinj` ON pinj.nik_costumer =  cos.nik_costumer
 INNER JOIN `kendaraan` AS `kend` ON kend.no_polisi = pinj.no_polisi
Params: []

2015-07-25T16:12:45+07:00 INFO (6): 
Elapsed Secs: 0.00017
Query: SELECT `pinj`.`no_kontrak`, `cos`.`nama`, `kend`.`no_polisi`, `pinj`.`angsuran_perbulan`, `pinj`.`tanggal_jatuh_tempo` FROM `costumer` AS `cos`
 INNER JOIN `pinjaman` AS `pinj` ON pinj.nik_costumer =  cos.nik_costumer
 INNER JOIN `kendaraan` AS `kend` ON kend.no_polisi = pinj.no_polisi WHERE (pinj.no_kontrak = '29-MD-00160-15') GROUP BY `pinj`.`no_kontrak`
Params: []

2015-07-25T16:12:45+07:00 INFO (6): 
Elapsed Secs: 0.00087
Query: DESCRIBE `pembayaran`
Params: []

2015-07-25T16:12:45+07:00 INFO (6): 
Elapsed Secs: 0.00016
Query: SELECT `pemb`.`angsuran_ke` FROM `pembayaran` AS `pemb` WHERE (no_kontrak = '29-MD-00160-15' ) ORDER BY `id_pembayaran` desc
Params: []

2015-07-25T16:12:45+07:00 INFO (6): 
Elapsed Secs: 0.0002
Query: SELECT `cos`.`nama`, `cos`.`nik_costumer`, `pemb`.`angsuran_ke`, `pemb`.`tanggal_pembayaran`, `pinj`.`no_kontrak`, `pinj`.`nilai_pinjaman`, `pinj`.`angsuran_perbulan`, `pinj`.`lama_angsuran` FROM `pembayaran` AS `pemb`
 INNER JOIN `pinjaman` AS `pinj` ON pinj.no_kontrak = pemb.no_kontrak
 INNER JOIN `costumer` AS `cos` ON pinj.nik_costumer = cos.nik_costumer WHERE (pemb.no_kontrak = '29-MD-00160-15') ORDER BY `id_pembayaran` desc
Params: []

2015-07-25T16:12:45+07:00 INFO (6): 
Elapsed Secs: 0.00011
Query: SELECT `pembayaran`.`id_pembayaran` FROM `pembayaran` ORDER BY `id_pembayaran` desc
Params: []

2015-07-25T16:12:45+07:00 INFO (6): 
Elapsed Secs: 0.00066
Query: DESCRIBE `kartu_piutang`
Params: []

2015-07-25T16:12:45+07:00 INFO (6): 
Elapsed Secs: 0.00013
Query: SELECT `kartu_piutang`.`denda_terhitung` FROM `kartu_piutang` WHERE (no_kontrak = '29-MD-00160-15') ORDER BY `id_piutang` desc
Params: []

2015-07-25T16:13:30+07:00 INFO (6): 
Elapsed Secs: 0.00028
Query: connect
Params: []

2015-07-25T16:13:30+07:00 INFO (6): 
Elapsed Secs: 0.00092
Query: DESCRIBE `costumer`
Params: []

2015-07-25T16:13:30+07:00 INFO (6): 
Elapsed Secs: 0.00023
Query: connect
Params: []

2015-07-25T16:13:30+07:00 INFO (6): 
Elapsed Secs: 0.0003
Query: SELECT `pinj`.`no_kontrak` FROM `costumer` AS `cos`
 INNER JOIN `pinjaman` AS `pinj` ON pinj.nik_costumer =  cos.nik_costumer
 INNER JOIN `kendaraan` AS `kend` ON kend.no_polisi = pinj.no_polisi
Params: []

2015-07-25T16:13:30+07:00 INFO (6): 
Elapsed Secs: 0.00018
Query: SELECT `pinj`.`no_kontrak`, `cos`.`nama`, `kend`.`no_polisi`, `pinj`.`angsuran_perbulan`, `pinj`.`tanggal_jatuh_tempo` FROM `costumer` AS `cos`
 INNER JOIN `pinjaman` AS `pinj` ON pinj.nik_costumer =  cos.nik_costumer
 INNER JOIN `kendaraan` AS `kend` ON kend.no_polisi = pinj.no_polisi WHERE (pinj.no_kontrak = '29-MD-00160-15') GROUP BY `pinj`.`no_kontrak`
Params: []

2015-07-25T16:13:30+07:00 INFO (6): 
Elapsed Secs: 0.00099
Query: DESCRIBE `pembayaran`
Params: []

2015-07-25T16:13:30+07:00 INFO (6): 
Elapsed Secs: 0.00021
Query: SELECT `pemb`.`angsuran_ke` FROM `pembayaran` AS `pemb` WHERE (no_kontrak = '29-MD-00160-15' ) ORDER BY `id_pembayaran` desc
Params: []

2015-07-25T16:13:30+07:00 INFO (6): 
Elapsed Secs: 0.00025
Query: SELECT `cos`.`nama`, `cos`.`nik_costumer`, `pemb`.`angsuran_ke`, `pemb`.`tanggal_pembayaran`, `pinj`.`no_kontrak`, `pinj`.`nilai_pinjaman`, `pinj`.`angsuran_perbulan`, `pinj`.`lama_angsuran` FROM `pembayaran` AS `pemb`
 INNER JOIN `pinjaman` AS `pinj` ON pinj.no_kontrak = pemb.no_kontrak
 INNER JOIN `costumer` AS `cos` ON pinj.nik_costumer = cos.nik_costumer WHERE (pemb.no_kontrak = '29-MD-00160-15') ORDER BY `id_pembayaran` desc
Params: []

2015-07-25T16:13:30+07:00 INFO (6): 
Elapsed Secs: 0.00012
Query: SELECT `pembayaran`.`id_pembayaran` FROM `pembayaran` ORDER BY `id_pembayaran` desc
Params: []

2015-07-25T16:13:30+07:00 INFO (6): 
Elapsed Secs: 0.00088
Query: DESCRIBE `kartu_piutang`
Params: []

2015-07-25T16:13:30+07:00 INFO (6): 
Elapsed Secs: 0.00013
Query: SELECT `kartu_piutang`.`denda_terhitung` FROM `kartu_piutang` WHERE (no_kontrak = '29-MD-00160-15') ORDER BY `id_piutang` desc
Params: []

2015-07-25T16:14:08+07:00 INFO (6): 
Elapsed Secs: 0.0003
Query: connect
Params: []

2015-07-25T16:14:08+07:00 INFO (6): 
Elapsed Secs: 0.00112
Query: DESCRIBE `costumer`
Params: []

2015-07-25T16:14:08+07:00 INFO (6): 
Elapsed Secs: 0.00024
Query: connect
Params: []

2015-07-25T16:14:08+07:00 INFO (6): 
Elapsed Secs: 0.00021
Query: SELECT `pinj`.`no_kontrak` FROM `costumer` AS `cos`
 INNER JOIN `pinjaman` AS `pinj` ON pinj.nik_costumer =  cos.nik_costumer
 INNER JOIN `kendaraan` AS `kend` ON kend.no_polisi = pinj.no_polisi
Params: []

2015-07-25T16:14:08+07:00 INFO (6): 
Elapsed Secs: 0.00016
Query: SELECT `pinj`.`no_kontrak`, `cos`.`nama`, `kend`.`no_polisi`, `pinj`.`angsuran_perbulan`, `pinj`.`tanggal_jatuh_tempo` FROM `costumer` AS `cos`
 INNER JOIN `pinjaman` AS `pinj` ON pinj.nik_costumer =  cos.nik_costumer
 INNER JOIN `kendaraan` AS `kend` ON kend.no_polisi = pinj.no_polisi WHERE (pinj.no_kontrak = '29-MD-00160-15') GROUP BY `pinj`.`no_kontrak`
Params: []

2015-07-25T16:14:08+07:00 INFO (6): 
Elapsed Secs: 0.00101
Query: DESCRIBE `pembayaran`
Params: []

2015-07-25T16:14:08+07:00 INFO (6): 
Elapsed Secs: 0.00017
Query: SELECT `pemb`.`angsuran_ke` FROM `pembayaran` AS `pemb` WHERE (no_kontrak = '29-MD-00160-15' ) ORDER BY `id_pembayaran` desc
Params: []

2015-07-25T16:14:08+07:00 INFO (6): 
Elapsed Secs: 0.00018
Query: SELECT `cos`.`nama`, `cos`.`nik_costumer`, `pemb`.`angsuran_ke`, `pemb`.`tanggal_pembayaran`, `pinj`.`no_kontrak`, `pinj`.`nilai_pinjaman`, `pinj`.`angsuran_perbulan`, `pinj`.`lama_angsuran` FROM `pembayaran` AS `pemb`
 INNER JOIN `pinjaman` AS `pinj` ON pinj.no_kontrak = pemb.no_kontrak
 INNER JOIN `costumer` AS `cos` ON pinj.nik_costumer = cos.nik_costumer WHERE (pemb.no_kontrak = '29-MD-00160-15') ORDER BY `id_pembayaran` desc
Params: []

2015-07-25T16:14:08+07:00 INFO (6): 
Elapsed Secs: 0.0001
Query: SELECT `pembayaran`.`id_pembayaran` FROM `pembayaran` ORDER BY `id_pembayaran` desc
Params: []

2015-07-25T16:14:08+07:00 INFO (6): 
Elapsed Secs: 0.00079
Query: DESCRIBE `kartu_piutang`
Params: []

2015-07-25T16:14:08+07:00 INFO (6): 
Elapsed Secs: 0.00016
Query: SELECT `kartu_piutang`.`denda_terhitung` FROM `kartu_piutang` WHERE (no_kontrak = '29-MD-00160-15') ORDER BY `id_piutang` desc
Params: []

2015-07-25T16:14:11+07:00 INFO (6): 
Elapsed Secs: 0.00023
Query: connect
Params: []

2015-07-25T16:14:11+07:00 INFO (6): 
Elapsed Secs: 0.00093
Query: DESCRIBE `costumer`
Params: []

2015-07-25T16:14:11+07:00 INFO (6): 
Elapsed Secs: 0.00019
Query: connect
Params: []

2015-07-25T16:14:11+07:00 INFO (6): 
Elapsed Secs: 0.00017
Query: SELECT `pinj`.`no_kontrak` FROM `costumer` AS `cos`
 INNER JOIN `pinjaman` AS `pinj` ON pinj.nik_costumer =  cos.nik_costumer
 INNER JOIN `kendaraan` AS `kend` ON kend.no_polisi = pinj.no_polisi
Params: []

2015-07-25T16:14:11+07:00 INFO (6): 
Elapsed Secs: 0.00011
Query: SELECT `pinj`.`no_kontrak`, `cos`.`nama`, `kend`.`no_polisi`, `pinj`.`angsuran_perbulan`, `pinj`.`tanggal_jatuh_tempo` FROM `costumer` AS `cos`
 INNER JOIN `pinjaman` AS `pinj` ON pinj.nik_costumer =  cos.nik_costumer
 INNER JOIN `kendaraan` AS `kend` ON kend.no_polisi = pinj.no_polisi WHERE (pinj.no_kontrak = '29-MD-00160-15') GROUP BY `pinj`.`no_kontrak`
Params: []

2015-07-25T16:14:11+07:00 INFO (6): 
Elapsed Secs: 0.00069
Query: DESCRIBE `pembayaran`
Params: []

2015-07-25T16:14:11+07:00 INFO (6): 
Elapsed Secs: 0.00011
Query: SELECT `pemb`.`angsuran_ke` FROM `pembayaran` AS `pemb` WHERE (no_kontrak = '29-MD-00160-15' ) ORDER BY `id_pembayaran` desc
Params: []

2015-07-25T16:14:11+07:00 INFO (6): 
Elapsed Secs: 0.00015
Query: SELECT `cos`.`nama`, `cos`.`nik_costumer`, `pemb`.`angsuran_ke`, `pemb`.`tanggal_pembayaran`, `pinj`.`no_kontrak`, `pinj`.`nilai_pinjaman`, `pinj`.`angsuran_perbulan`, `pinj`.`lama_angsuran` FROM `pembayaran` AS `pemb`
 INNER JOIN `pinjaman` AS `pinj` ON pinj.no_kontrak = pemb.no_kontrak
 INNER JOIN `costumer` AS `cos` ON pinj.nik_costumer = cos.nik_costumer WHERE (pemb.no_kontrak = '29-MD-00160-15') ORDER BY `id_pembayaran` desc
Params: []

2015-07-25T16:14:11+07:00 INFO (6): 
Elapsed Secs: 9.0E-5
Query: SELECT `pembayaran`.`id_pembayaran` FROM `pembayaran` ORDER BY `id_pembayaran` desc
Params: []

2015-07-25T16:14:11+07:00 INFO (6): 
Elapsed Secs: 0.00066
Query: DESCRIBE `kartu_piutang`
Params: []

2015-07-25T16:14:11+07:00 INFO (6): 
Elapsed Secs: 7.0E-5
Query: SELECT `kartu_piutang`.`denda_terhitung` FROM `kartu_piutang` WHERE (no_kontrak = '29-MD-00160-15') ORDER BY `id_piutang` desc
Params: []

2015-07-25T16:14:20+07:00 INFO (6): 
Elapsed Secs: 0.00115
Query: connect
Params: []

2015-07-25T16:14:20+07:00 INFO (6): 
Elapsed Secs: 0.00087
Query: DESCRIBE `costumer`
Params: []

2015-07-25T16:14:20+07:00 INFO (6): 
Elapsed Secs: 0.00023
Query: connect
Params: []

2015-07-25T16:14:20+07:00 INFO (6): 
Elapsed Secs: 0.00019
Query: SELECT `pinj`.`no_kontrak` FROM `costumer` AS `cos`
 INNER JOIN `pinjaman` AS `pinj` ON pinj.nik_costumer =  cos.nik_costumer
 INNER JOIN `kendaraan` AS `kend` ON kend.no_polisi = pinj.no_polisi
Params: []

2015-07-25T16:14:20+07:00 INFO (6): 
Elapsed Secs: 0.00013
Query: SELECT `pinj`.`no_kontrak`, `cos`.`nama`, `kend`.`no_polisi`, `pinj`.`angsuran_perbulan`, `pinj`.`tanggal_jatuh_tempo` FROM `costumer` AS `cos`
 INNER JOIN `pinjaman` AS `pinj` ON pinj.nik_costumer =  cos.nik_costumer
 INNER JOIN `kendaraan` AS `kend` ON kend.no_polisi = pinj.no_polisi WHERE (pinj.no_kontrak = '29-MD-00160-15') GROUP BY `pinj`.`no_kontrak`
Params: []

2015-07-25T16:14:20+07:00 INFO (6): 
Elapsed Secs: 0.00064
Query: DESCRIBE `pembayaran`
Params: []

2015-07-25T16:14:20+07:00 INFO (6): 
Elapsed Secs: 0.00015
Query: SELECT `pemb`.`angsuran_ke` FROM `pembayaran` AS `pemb` WHERE (no_kontrak = '29-MD-00160-15' ) ORDER BY `id_pembayaran` desc
Params: []

2015-07-25T16:14:20+07:00 INFO (6): 
Elapsed Secs: 0.00022
Query: SELECT `cos`.`nama`, `cos`.`nik_costumer`, `pemb`.`angsuran_ke`, `pemb`.`tanggal_pembayaran`, `pinj`.`no_kontrak`, `pinj`.`nilai_pinjaman`, `pinj`.`angsuran_perbulan`, `pinj`.`lama_angsuran` FROM `pembayaran` AS `pemb`
 INNER JOIN `pinjaman` AS `pinj` ON pinj.no_kontrak = pemb.no_kontrak
 INNER JOIN `costumer` AS `cos` ON pinj.nik_costumer = cos.nik_costumer WHERE (pemb.no_kontrak = '29-MD-00160-15') ORDER BY `id_pembayaran` desc
Params: []

2015-07-25T16:14:20+07:00 INFO (6): 
Elapsed Secs: 0.00013
Query: SELECT `pembayaran`.`id_pembayaran` FROM `pembayaran` ORDER BY `id_pembayaran` desc
Params: []

2015-07-25T16:14:20+07:00 INFO (6): 
Elapsed Secs: 0.00092
Query: DESCRIBE `kartu_piutang`
Params: []

2015-07-25T16:14:20+07:00 INFO (6): 
Elapsed Secs: 0.00013
Query: SELECT `kartu_piutang`.`denda_terhitung` FROM `kartu_piutang` WHERE (no_kontrak = '29-MD-00160-15') ORDER BY `id_piutang` desc
Params: []

2015-07-25T16:14:24+07:00 INFO (6): 
Elapsed Secs: 0.00117
Query: connect
Params: []

2015-07-25T16:14:24+07:00 INFO (6): 
Elapsed Secs: 0.00091
Query: DESCRIBE `costumer`
Params: []

2015-07-25T16:14:24+07:00 INFO (6): 
Elapsed Secs: 0.00012
Query: connect
Params: []

2015-07-25T16:14:24+07:00 INFO (6): 
Elapsed Secs: 0.00017
Query: SELECT `pinj`.`no_kontrak` FROM `costumer` AS `cos`
 INNER JOIN `pinjaman` AS `pinj` ON pinj.nik_costumer =  cos.nik_costumer
 INNER JOIN `kendaraan` AS `kend` ON kend.no_polisi = pinj.no_polisi
Params: []

2015-07-25T16:14:24+07:00 INFO (6): 
Elapsed Secs: 0.00011
Query: SELECT `pinj`.`no_kontrak`, `cos`.`nama`, `kend`.`no_polisi`, `pinj`.`angsuran_perbulan`, `pinj`.`tanggal_jatuh_tempo` FROM `costumer` AS `cos`
 INNER JOIN `pinjaman` AS `pinj` ON pinj.nik_costumer =  cos.nik_costumer
 INNER JOIN `kendaraan` AS `kend` ON kend.no_polisi = pinj.no_polisi WHERE (pinj.no_kontrak = '29-MD-00160-15') GROUP BY `pinj`.`no_kontrak`
Params: []

2015-07-25T16:14:24+07:00 INFO (6): 
Elapsed Secs: 0.00063
Query: DESCRIBE `pembayaran`
Params: []

2015-07-25T16:14:24+07:00 INFO (6): 
Elapsed Secs: 0.00012
Query: SELECT `pemb`.`angsuran_ke` FROM `pembayaran` AS `pemb` WHERE (no_kontrak = '29-MD-00160-15' ) ORDER BY `id_pembayaran` desc
Params: []

2015-07-25T16:14:24+07:00 INFO (6): 
Elapsed Secs: 0.00012
Query: SELECT `cos`.`nama`, `cos`.`nik_costumer`, `pemb`.`angsuran_ke`, `pemb`.`tanggal_pembayaran`, `pinj`.`no_kontrak`, `pinj`.`nilai_pinjaman`, `pinj`.`angsuran_perbulan`, `pinj`.`lama_angsuran` FROM `pembayaran` AS `pemb`
 INNER JOIN `pinjaman` AS `pinj` ON pinj.no_kontrak = pemb.no_kontrak
 INNER JOIN `costumer` AS `cos` ON pinj.nik_costumer = cos.nik_costumer WHERE (pemb.no_kontrak = '29-MD-00160-15') ORDER BY `id_pembayaran` desc
Params: []

2015-07-25T16:14:24+07:00 INFO (6): 
Elapsed Secs: 7.0E-5
Query: SELECT `pembayaran`.`id_pembayaran` FROM `pembayaran` ORDER BY `id_pembayaran` desc
Params: []

2015-07-25T16:14:24+07:00 INFO (6): 
Elapsed Secs: 0.00064
Query: DESCRIBE `kartu_piutang`
Params: []

2015-07-25T16:14:24+07:00 INFO (6): 
Elapsed Secs: 0.00012
Query: SELECT `kartu_piutang`.`denda_terhitung` FROM `kartu_piutang` WHERE (no_kontrak = '29-MD-00160-15') ORDER BY `id_piutang` desc
Params: []

2015-07-25T16:14:37+07:00 INFO (6): 
Elapsed Secs: 0.0003
Query: connect
Params: []

2015-07-25T16:14:37+07:00 INFO (6): 
Elapsed Secs: 0.00104
Query: DESCRIBE `costumer`
Params: []

2015-07-25T16:14:37+07:00 INFO (6): 
Elapsed Secs: 0.00026
Query: connect
Params: []

2015-07-25T16:14:37+07:00 INFO (6): 
Elapsed Secs: 0.00023
Query: SELECT `pinj`.`no_kontrak` FROM `costumer` AS `cos`
 INNER JOIN `pinjaman` AS `pinj` ON pinj.nik_costumer =  cos.nik_costumer
 INNER JOIN `kendaraan` AS `kend` ON kend.no_polisi = pinj.no_polisi
Params: []

2015-07-25T16:14:37+07:00 INFO (6): 
Elapsed Secs: 0.00016
Query: SELECT `pinj`.`no_kontrak`, `cos`.`nama`, `kend`.`no_polisi`, `pinj`.`angsuran_perbulan`, `pinj`.`tanggal_jatuh_tempo` FROM `costumer` AS `cos`
 INNER JOIN `pinjaman` AS `pinj` ON pinj.nik_costumer =  cos.nik_costumer
 INNER JOIN `kendaraan` AS `kend` ON kend.no_polisi = pinj.no_polisi WHERE (pinj.no_kontrak = '29-MD-00160-15') GROUP BY `pinj`.`no_kontrak`
Params: []

2015-07-25T16:14:37+07:00 INFO (6): 
Elapsed Secs: 0.0007
Query: DESCRIBE `pembayaran`
Params: []

2015-07-25T16:14:37+07:00 INFO (6): 
Elapsed Secs: 0.00014
Query: SELECT `pemb`.`angsuran_ke` FROM `pembayaran` AS `pemb` WHERE (no_kontrak = '29-MD-00160-15' ) ORDER BY `id_pembayaran` desc
Params: []

2015-07-25T16:14:37+07:00 INFO (6): 
Elapsed Secs: 0.00016
Query: SELECT `cos`.`nama`, `cos`.`nik_costumer`, `pemb`.`angsuran_ke`, `pemb`.`tanggal_pembayaran`, `pinj`.`no_kontrak`, `pinj`.`nilai_pinjaman`, `pinj`.`angsuran_perbulan`, `pinj`.`lama_angsuran` FROM `pembayaran` AS `pemb`
 INNER JOIN `pinjaman` AS `pinj` ON pinj.no_kontrak = pemb.no_kontrak
 INNER JOIN `costumer` AS `cos` ON pinj.nik_costumer = cos.nik_costumer WHERE (pemb.no_kontrak = '29-MD-00160-15') ORDER BY `id_pembayaran` desc
Params: []

2015-07-25T16:14:37+07:00 INFO (6): 
Elapsed Secs: 0.00013
Query: SELECT `pembayaran`.`id_pembayaran` FROM `pembayaran` ORDER BY `id_pembayaran` desc
Params: []

2015-07-25T16:14:37+07:00 INFO (6): 
Elapsed Secs: 0.00063
Query: DESCRIBE `kartu_piutang`
Params: []

2015-07-25T16:14:37+07:00 INFO (6): 
Elapsed Secs: 0.00012
Query: SELECT `kartu_piutang`.`denda_terhitung` FROM `kartu_piutang` WHERE (no_kontrak = '29-MD-00160-15') ORDER BY `id_piutang` desc
Params: []

2015-07-25T16:15:07+07:00 INFO (6): 
Elapsed Secs: 0.00019
Query: connect
Params: []

2015-07-25T16:15:07+07:00 INFO (6): 
Elapsed Secs: 0.0009
Query: DESCRIBE `costumer`
Params: []

2015-07-25T16:15:07+07:00 INFO (6): 
Elapsed Secs: 0.00016
Query: connect
Params: []

2015-07-25T16:15:07+07:00 INFO (6): 
Elapsed Secs: 0.00015
Query: SELECT `pinj`.`no_kontrak` FROM `costumer` AS `cos`
 INNER JOIN `pinjaman` AS `pinj` ON pinj.nik_costumer =  cos.nik_costumer
 INNER JOIN `kendaraan` AS `kend` ON kend.no_polisi = pinj.no_polisi
Params: []

2015-07-25T16:15:07+07:00 INFO (6): 
Elapsed Secs: 0.00016
Query: SELECT `pinj`.`no_kontrak`, `cos`.`nama`, `kend`.`no_polisi`, `pinj`.`angsuran_perbulan`, `pinj`.`tanggal_jatuh_tempo` FROM `costumer` AS `cos`
 INNER JOIN `pinjaman` AS `pinj` ON pinj.nik_costumer =  cos.nik_costumer
 INNER JOIN `kendaraan` AS `kend` ON kend.no_polisi = pinj.no_polisi WHERE (pinj.no_kontrak = '29-MD-00160-15') GROUP BY `pinj`.`no_kontrak`
Params: []

2015-07-25T16:15:07+07:00 INFO (6): 
Elapsed Secs: 0.00067
Query: DESCRIBE `pembayaran`
Params: []

2015-07-25T16:15:07+07:00 INFO (6): 
Elapsed Secs: 0.00015
Query: SELECT `pemb`.`angsuran_ke` FROM `pembayaran` AS `pemb` WHERE (no_kontrak = '29-MD-00160-15' ) ORDER BY `id_pembayaran` desc
Params: []

2015-07-25T16:15:07+07:00 INFO (6): 
Elapsed Secs: 0.00019
Query: SELECT `cos`.`nama`, `cos`.`nik_costumer`, `pemb`.`angsuran_ke`, `pemb`.`tanggal_pembayaran`, `pinj`.`no_kontrak`, `pinj`.`nilai_pinjaman`, `pinj`.`angsuran_perbulan`, `pinj`.`lama_angsuran` FROM `pembayaran` AS `pemb`
 INNER JOIN `pinjaman` AS `pinj` ON pinj.no_kontrak = pemb.no_kontrak
 INNER JOIN `costumer` AS `cos` ON pinj.nik_costumer = cos.nik_costumer WHERE (pemb.no_kontrak = '29-MD-00160-15') ORDER BY `id_pembayaran` desc
Params: []

2015-07-25T16:15:07+07:00 INFO (6): 
Elapsed Secs: 0.00011
Query: SELECT `pembayaran`.`id_pembayaran` FROM `pembayaran` ORDER BY `id_pembayaran` desc
Params: []

2015-07-25T16:15:07+07:00 INFO (6): 
Elapsed Secs: 0.00063
Query: DESCRIBE `kartu_piutang`
Params: []

2015-07-25T16:15:07+07:00 INFO (6): 
Elapsed Secs: 9.0E-5
Query: SELECT `kartu_piutang`.`denda_terhitung` FROM `kartu_piutang` WHERE (no_kontrak = '29-MD-00160-15') ORDER BY `id_piutang` desc
Params: []

2015-07-25T16:19:27+07:00 INFO (6): 
Elapsed Secs: 0.00027
Query: connect
Params: []

2015-07-25T16:19:27+07:00 INFO (6): 
Elapsed Secs: 0.00101
Query: DESCRIBE `costumer`
Params: []

2015-07-25T16:19:27+07:00 INFO (6): 
Elapsed Secs: 0.00019
Query: connect
Params: []

2015-07-25T16:19:27+07:00 INFO (6): 
Elapsed Secs: 0.0002
Query: SELECT `pinj`.`no_kontrak` FROM `costumer` AS `cos`
 INNER JOIN `pinjaman` AS `pinj` ON pinj.nik_costumer =  cos.nik_costumer
 INNER JOIN `kendaraan` AS `kend` ON kend.no_polisi = pinj.no_polisi
Params: []

2015-07-25T16:19:27+07:00 INFO (6): 
Elapsed Secs: 0.00013
Query: SELECT `pinj`.`no_kontrak`, `cos`.`nama`, `kend`.`no_polisi`, `pinj`.`angsuran_perbulan`, `pinj`.`tanggal_jatuh_tempo` FROM `costumer` AS `cos`
 INNER JOIN `pinjaman` AS `pinj` ON pinj.nik_costumer =  cos.nik_costumer
 INNER JOIN `kendaraan` AS `kend` ON kend.no_polisi = pinj.no_polisi WHERE (pinj.no_kontrak = '29-MF-00154-15') GROUP BY `pinj`.`no_kontrak`
Params: []

2015-07-25T16:19:27+07:00 INFO (6): 
Elapsed Secs: 0.00068
Query: DESCRIBE `pembayaran`
Params: []

2015-07-25T16:19:27+07:00 INFO (6): 
Elapsed Secs: 0.00015
Query: SELECT `pemb`.`angsuran_ke` FROM `pembayaran` AS `pemb` WHERE (no_kontrak = '29-MF-00154-15' ) ORDER BY `id_pembayaran` desc
Params: []

2015-07-25T16:19:27+07:00 INFO (6): 
Elapsed Secs: 0.00016
Query: SELECT `cos`.`nama`, `cos`.`nik_costumer`, `pemb`.`angsuran_ke`, `pemb`.`tanggal_pembayaran`, `pinj`.`no_kontrak`, `pinj`.`nilai_pinjaman`, `pinj`.`angsuran_perbulan`, `pinj`.`lama_angsuran` FROM `pembayaran` AS `pemb`
 INNER JOIN `pinjaman` AS `pinj` ON pinj.no_kontrak = pemb.no_kontrak
 INNER JOIN `costumer` AS `cos` ON pinj.nik_costumer = cos.nik_costumer WHERE (pemb.no_kontrak = '29-MF-00154-15') ORDER BY `id_pembayaran` desc
Params: []

2015-07-25T16:19:27+07:00 INFO (6): 
Elapsed Secs: 7.0E-5
Query: SELECT `pembayaran`.`id_pembayaran` FROM `pembayaran` ORDER BY `id_pembayaran` desc
Params: []

2015-07-25T16:19:27+07:00 INFO (6): 
Elapsed Secs: 0.00061
Query: DESCRIBE `kartu_piutang`
Params: []

2015-07-25T16:19:27+07:00 INFO (6): 
Elapsed Secs: 9.0E-5
Query: SELECT `kartu_piutang`.`denda_terhitung` FROM `kartu_piutang` WHERE (no_kontrak = '29-MF-00154-15') ORDER BY `id_piutang` desc
Params: []

2015-07-25T16:19:51+07:00 INFO (6): 
Elapsed Secs: 0.00019
Query: connect
Params: []

2015-07-25T16:19:51+07:00 INFO (6): 
Elapsed Secs: 0.0009
Query: DESCRIBE `costumer`
Params: []

2015-07-25T16:19:51+07:00 INFO (6): 
Elapsed Secs: 0.00025
Query: connect
Params: []

2015-07-25T16:19:51+07:00 INFO (6): 
Elapsed Secs: 0.00025
Query: SELECT `pinj`.`no_kontrak` FROM `costumer` AS `cos`
 INNER JOIN `pinjaman` AS `pinj` ON pinj.nik_costumer =  cos.nik_costumer
 INNER JOIN `kendaraan` AS `kend` ON kend.no_polisi = pinj.no_polisi
Params: []

2015-07-25T16:19:51+07:00 INFO (6): 
Elapsed Secs: 0.00017
Query: SELECT `pinj`.`no_kontrak`, `cos`.`nama`, `kend`.`no_polisi`, `pinj`.`angsuran_perbulan`, `pinj`.`tanggal_jatuh_tempo` FROM `costumer` AS `cos`
 INNER JOIN `pinjaman` AS `pinj` ON pinj.nik_costumer =  cos.nik_costumer
 INNER JOIN `kendaraan` AS `kend` ON kend.no_polisi = pinj.no_polisi WHERE (pinj.no_kontrak = '29-MF-00154-15') GROUP BY `pinj`.`no_kontrak`
Params: []

2015-07-25T16:19:51+07:00 INFO (6): 
Elapsed Secs: 0.00075
Query: DESCRIBE `pembayaran`
Params: []

2015-07-25T16:19:51+07:00 INFO (6): 
Elapsed Secs: 0.00016
Query: SELECT `pemb`.`angsuran_ke` FROM `pembayaran` AS `pemb` WHERE (no_kontrak = '29-MF-00154-15' ) ORDER BY `id_pembayaran` desc
Params: []

2015-07-25T16:19:51+07:00 INFO (6): 
Elapsed Secs: 0.00018
Query: SELECT `cos`.`nama`, `cos`.`nik_costumer`, `pemb`.`angsuran_ke`, `pemb`.`tanggal_pembayaran`, `pinj`.`no_kontrak`, `pinj`.`nilai_pinjaman`, `pinj`.`angsuran_perbulan`, `pinj`.`lama_angsuran` FROM `pembayaran` AS `pemb`
 INNER JOIN `pinjaman` AS `pinj` ON pinj.no_kontrak = pemb.no_kontrak
 INNER JOIN `costumer` AS `cos` ON pinj.nik_costumer = cos.nik_costumer WHERE (pemb.no_kontrak = '29-MF-00154-15') ORDER BY `id_pembayaran` desc
Params: []

2015-07-25T16:19:51+07:00 INFO (6): 
Elapsed Secs: 0.00013
Query: SELECT `pembayaran`.`id_pembayaran` FROM `pembayaran` ORDER BY `id_pembayaran` desc
Params: []

2015-07-25T16:19:51+07:00 INFO (6): 
Elapsed Secs: 0.00074
Query: DESCRIBE `kartu_piutang`
Params: []

2015-07-25T16:19:51+07:00 INFO (6): 
Elapsed Secs: 0.00012
Query: SELECT `kartu_piutang`.`denda_terhitung` FROM `kartu_piutang` WHERE (no_kontrak = '29-MF-00154-15') ORDER BY `id_piutang` desc
Params: []

2015-07-25T16:21:29+07:00 INFO (6): 
Elapsed Secs: 0.00109
Query: connect
Params: []

2015-07-25T16:21:29+07:00 INFO (6): 
Elapsed Secs: 0.00092
Query: DESCRIBE `costumer`
Params: []

2015-07-25T16:21:29+07:00 INFO (6): 
Elapsed Secs: 0.0002
Query: connect
Params: []

2015-07-25T16:21:29+07:00 INFO (6): 
Elapsed Secs: 0.0002
Query: SELECT `pinj`.`no_kontrak` FROM `costumer` AS `cos`
 INNER JOIN `pinjaman` AS `pinj` ON pinj.nik_costumer =  cos.nik_costumer
 INNER JOIN `kendaraan` AS `kend` ON kend.no_polisi = pinj.no_polisi
Params: []

2015-07-25T16:21:29+07:00 INFO (6): 
Elapsed Secs: 0.0002
Query: SELECT `pinj`.`no_kontrak`, `cos`.`nama`, `kend`.`no_polisi`, `pinj`.`angsuran_perbulan`, `pinj`.`tanggal_jatuh_tempo` FROM `costumer` AS `cos`
 INNER JOIN `pinjaman` AS `pinj` ON pinj.nik_costumer =  cos.nik_costumer
 INNER JOIN `kendaraan` AS `kend` ON kend.no_polisi = pinj.no_polisi WHERE (pinj.no_kontrak = '29-MF-00154-15') GROUP BY `pinj`.`no_kontrak`
Params: []

2015-07-25T16:21:29+07:00 INFO (6): 
Elapsed Secs: 0.00068
Query: DESCRIBE `pembayaran`
Params: []

2015-07-25T16:21:29+07:00 INFO (6): 
Elapsed Secs: 0.00016
Query: SELECT `pemb`.`angsuran_ke` FROM `pembayaran` AS `pemb` WHERE (no_kontrak = '29-MF-00154-15' ) ORDER BY `id_pembayaran` desc
Params: []

2015-07-25T16:21:29+07:00 INFO (6): 
Elapsed Secs: 0.0002
Query: SELECT `cos`.`nama`, `cos`.`nik_costumer`, `pemb`.`angsuran_ke`, `pemb`.`tanggal_pembayaran`, `pinj`.`no_kontrak`, `pinj`.`nilai_pinjaman`, `pinj`.`angsuran_perbulan`, `pinj`.`lama_angsuran` FROM `pembayaran` AS `pemb`
 INNER JOIN `pinjaman` AS `pinj` ON pinj.no_kontrak = pemb.no_kontrak
 INNER JOIN `costumer` AS `cos` ON pinj.nik_costumer = cos.nik_costumer WHERE (pemb.no_kontrak = '29-MF-00154-15') ORDER BY `id_pembayaran` desc
Params: []

2015-07-25T16:21:29+07:00 INFO (6): 
Elapsed Secs: 0.00014
Query: SELECT `pembayaran`.`id_pembayaran` FROM `pembayaran` ORDER BY `id_pembayaran` desc
Params: []

2015-07-25T16:21:29+07:00 INFO (6): 
Elapsed Secs: 0.00067
Query: DESCRIBE `kartu_piutang`
Params: []

2015-07-25T16:21:29+07:00 INFO (6): 
Elapsed Secs: 0.00011
Query: SELECT `kartu_piutang`.`denda_terhitung` FROM `kartu_piutang` WHERE (no_kontrak = '29-MF-00154-15') ORDER BY `id_piutang` desc
Params: []

2015-07-25T16:21:58+07:00 INFO (6): 
Elapsed Secs: 0.00112
Query: connect
Params: []

2015-07-25T16:21:58+07:00 INFO (6): 
Elapsed Secs: 0.00097
Query: DESCRIBE `costumer`
Params: []

2015-07-25T16:21:58+07:00 INFO (6): 
Elapsed Secs: 0.00024
Query: connect
Params: []

2015-07-25T16:21:58+07:00 INFO (6): 
Elapsed Secs: 0.00026
Query: SELECT `pinj`.`no_kontrak` FROM `costumer` AS `cos`
 INNER JOIN `pinjaman` AS `pinj` ON pinj.nik_costumer =  cos.nik_costumer
 INNER JOIN `kendaraan` AS `kend` ON kend.no_polisi = pinj.no_polisi
Params: []

2015-07-25T16:21:58+07:00 INFO (6): 
Elapsed Secs: 0.00017
Query: SELECT `pinj`.`no_kontrak`, `cos`.`nama`, `kend`.`no_polisi`, `pinj`.`angsuran_perbulan`, `pinj`.`tanggal_jatuh_tempo` FROM `costumer` AS `cos`
 INNER JOIN `pinjaman` AS `pinj` ON pinj.nik_costumer =  cos.nik_costumer
 INNER JOIN `kendaraan` AS `kend` ON kend.no_polisi = pinj.no_polisi WHERE (pinj.no_kontrak = '29-MF-00154-15') GROUP BY `pinj`.`no_kontrak`
Params: []

2015-07-25T16:21:58+07:00 INFO (6): 
Elapsed Secs: 0.0007
Query: DESCRIBE `pembayaran`
Params: []

2015-07-25T16:21:58+07:00 INFO (6): 
Elapsed Secs: 0.00013
Query: SELECT `pemb`.`angsuran_ke` FROM `pembayaran` AS `pemb` WHERE (no_kontrak = '29-MF-00154-15' ) ORDER BY `id_pembayaran` desc
Params: []

2015-07-25T16:21:58+07:00 INFO (6): 
Elapsed Secs: 0.00018
Query: SELECT `cos`.`nama`, `cos`.`nik_costumer`, `pemb`.`angsuran_ke`, `pemb`.`tanggal_pembayaran`, `pinj`.`no_kontrak`, `pinj`.`nilai_pinjaman`, `pinj`.`angsuran_perbulan`, `pinj`.`lama_angsuran` FROM `pembayaran` AS `pemb`
 INNER JOIN `pinjaman` AS `pinj` ON pinj.no_kontrak = pemb.no_kontrak
 INNER JOIN `costumer` AS `cos` ON pinj.nik_costumer = cos.nik_costumer WHERE (pemb.no_kontrak = '29-MF-00154-15') ORDER BY `id_pembayaran` desc
Params: []

2015-07-25T16:21:58+07:00 INFO (6): 
Elapsed Secs: 0.00014
Query: SELECT `pembayaran`.`id_pembayaran` FROM `pembayaran` ORDER BY `id_pembayaran` desc
Params: []

2015-07-25T16:21:58+07:00 INFO (6): 
Elapsed Secs: 0.00068
Query: DESCRIBE `kartu_piutang`
Params: []

2015-07-25T16:21:58+07:00 INFO (6): 
Elapsed Secs: 0.0001
Query: SELECT `kartu_piutang`.`denda_terhitung` FROM `kartu_piutang` WHERE (no_kontrak = '29-MF-00154-15') ORDER BY `id_piutang` desc
Params: []

2015-07-25T16:23:45+07:00 INFO (6): 
Elapsed Secs: 0.00108
Query: connect
Params: []

2015-07-25T16:23:45+07:00 INFO (6): 
Elapsed Secs: 0.00094
Query: DESCRIBE `costumer`
Params: []

2015-07-25T16:23:45+07:00 INFO (6): 
Elapsed Secs: 0.00023
Query: connect
Params: []

2015-07-25T16:23:45+07:00 INFO (6): 
Elapsed Secs: 0.0002
Query: SELECT `pinj`.`no_kontrak` FROM `costumer` AS `cos`
 INNER JOIN `pinjaman` AS `pinj` ON pinj.nik_costumer =  cos.nik_costumer
 INNER JOIN `kendaraan` AS `kend` ON kend.no_polisi = pinj.no_polisi
Params: []

2015-07-25T16:23:45+07:00 INFO (6): 
Elapsed Secs: 0.00017
Query: SELECT `pinj`.`no_kontrak`, `cos`.`nama`, `kend`.`no_polisi`, `pinj`.`angsuran_perbulan`, `pinj`.`tanggal_jatuh_tempo` FROM `costumer` AS `cos`
 INNER JOIN `pinjaman` AS `pinj` ON pinj.nik_costumer =  cos.nik_costumer
 INNER JOIN `kendaraan` AS `kend` ON kend.no_polisi = pinj.no_polisi WHERE (pinj.no_kontrak = '29-MF-00154-15') GROUP BY `pinj`.`no_kontrak`
Params: []

2015-07-25T16:23:45+07:00 INFO (6): 
Elapsed Secs: 0.00068
Query: DESCRIBE `pembayaran`
Params: []

2015-07-25T16:23:45+07:00 INFO (6): 
Elapsed Secs: 0.00013
Query: SELECT `pemb`.`angsuran_ke` FROM `pembayaran` AS `pemb` WHERE (no_kontrak = '29-MF-00154-15' ) ORDER BY `id_pembayaran` desc
Params: []

2015-07-25T16:23:45+07:00 INFO (6): 
Elapsed Secs: 0.00016
Query: SELECT `cos`.`nama`, `cos`.`nik_costumer`, `pemb`.`angsuran_ke`, `pemb`.`tanggal_pembayaran`, `pinj`.`no_kontrak`, `pinj`.`nilai_pinjaman`, `pinj`.`angsuran_perbulan`, `pinj`.`lama_angsuran` FROM `pembayaran` AS `pemb`
 INNER JOIN `pinjaman` AS `pinj` ON pinj.no_kontrak = pemb.no_kontrak
 INNER JOIN `costumer` AS `cos` ON pinj.nik_costumer = cos.nik_costumer WHERE (pemb.no_kontrak = '29-MF-00154-15') ORDER BY `id_pembayaran` desc
Params: []

2015-07-25T16:23:45+07:00 INFO (6): 
Elapsed Secs: 0.00011
Query: SELECT `pembayaran`.`id_pembayaran` FROM `pembayaran` ORDER BY `id_pembayaran` desc
Params: []

2015-07-25T16:23:45+07:00 INFO (6): 
Elapsed Secs: 0.00068
Query: DESCRIBE `kartu_piutang`
Params: []

2015-07-25T16:23:45+07:00 INFO (6): 
Elapsed Secs: 0.00013
Query: SELECT `kartu_piutang`.`denda_terhitung` FROM `kartu_piutang` WHERE (no_kontrak = '29-MF-00154-15') ORDER BY `id_piutang` desc
Params: []

2015-07-25T16:23:51+07:00 INFO (6): 
Elapsed Secs: 0.00113
Query: connect
Params: []

2015-07-25T16:23:51+07:00 INFO (6): 
Elapsed Secs: 0.00095
Query: DESCRIBE `costumer`
Params: []

2015-07-25T16:23:51+07:00 INFO (6): 
Elapsed Secs: 0.00027
Query: connect
Params: []

2015-07-25T16:23:51+07:00 INFO (6): 
Elapsed Secs: 0.00021
Query: SELECT `pinj`.`no_kontrak` FROM `costumer` AS `cos`
 INNER JOIN `pinjaman` AS `pinj` ON pinj.nik_costumer =  cos.nik_costumer
 INNER JOIN `kendaraan` AS `kend` ON kend.no_polisi = pinj.no_polisi
Params: []

2015-07-25T16:23:51+07:00 INFO (6): 
Elapsed Secs: 0.00018
Query: SELECT `pinj`.`no_kontrak`, `cos`.`nama`, `kend`.`no_polisi`, `pinj`.`angsuran_perbulan`, `pinj`.`tanggal_jatuh_tempo` FROM `costumer` AS `cos`
 INNER JOIN `pinjaman` AS `pinj` ON pinj.nik_costumer =  cos.nik_costumer
 INNER JOIN `kendaraan` AS `kend` ON kend.no_polisi = pinj.no_polisi WHERE (pinj.no_kontrak = '29-MF-00154-15') GROUP BY `pinj`.`no_kontrak`
Params: []

2015-07-25T16:23:51+07:00 INFO (6): 
Elapsed Secs: 0.00065
Query: DESCRIBE `pembayaran`
Params: []

2015-07-25T16:23:51+07:00 INFO (6): 
Elapsed Secs: 0.00013
Query: SELECT `pemb`.`angsuran_ke` FROM `pembayaran` AS `pemb` WHERE (no_kontrak = '29-MF-00154-15' ) ORDER BY `id_pembayaran` desc
Params: []

2015-07-25T16:23:51+07:00 INFO (6): 
Elapsed Secs: 0.00014
Query: SELECT `cos`.`nama`, `cos`.`nik_costumer`, `pemb`.`angsuran_ke`, `pemb`.`tanggal_pembayaran`, `pinj`.`no_kontrak`, `pinj`.`nilai_pinjaman`, `pinj`.`angsuran_perbulan`, `pinj`.`lama_angsuran` FROM `pembayaran` AS `pemb`
 INNER JOIN `pinjaman` AS `pinj` ON pinj.no_kontrak = pemb.no_kontrak
 INNER JOIN `costumer` AS `cos` ON pinj.nik_costumer = cos.nik_costumer WHERE (pemb.no_kontrak = '29-MF-00154-15') ORDER BY `id_pembayaran` desc
Params: []

2015-07-25T16:23:51+07:00 INFO (6): 
Elapsed Secs: 0.00011
Query: SELECT `pembayaran`.`id_pembayaran` FROM `pembayaran` ORDER BY `id_pembayaran` desc
Params: []

2015-07-25T16:23:51+07:00 INFO (6): 
Elapsed Secs: 0.00062
Query: DESCRIBE `kartu_piutang`
Params: []

2015-07-25T16:23:51+07:00 INFO (6): 
Elapsed Secs: 9.0E-5
Query: SELECT `kartu_piutang`.`denda_terhitung` FROM `kartu_piutang` WHERE (no_kontrak = '29-MF-00154-15') ORDER BY `id_piutang` desc
Params: []

2015-07-25T16:24:02+07:00 INFO (6): 
Elapsed Secs: 0.00024
Query: connect
Params: []

2015-07-25T16:24:02+07:00 INFO (6): 
Elapsed Secs: 0.00106
Query: DESCRIBE `costumer`
Params: []

2015-07-25T16:24:02+07:00 INFO (6): 
Elapsed Secs: 0.00014
Query: connect
Params: []

2015-07-25T16:24:02+07:00 INFO (6): 
Elapsed Secs: 0.00018
Query: SELECT `pinj`.`no_kontrak` FROM `costumer` AS `cos`
 INNER JOIN `pinjaman` AS `pinj` ON pinj.nik_costumer =  cos.nik_costumer
 INNER JOIN `kendaraan` AS `kend` ON kend.no_polisi = pinj.no_polisi
Params: []

2015-07-25T16:24:02+07:00 INFO (6): 
Elapsed Secs: 0.00017
Query: SELECT `pinj`.`no_kontrak`, `cos`.`nama`, `kend`.`no_polisi`, `pinj`.`angsuran_perbulan`, `pinj`.`tanggal_jatuh_tempo` FROM `costumer` AS `cos`
 INNER JOIN `pinjaman` AS `pinj` ON pinj.nik_costumer =  cos.nik_costumer
 INNER JOIN `kendaraan` AS `kend` ON kend.no_polisi = pinj.no_polisi WHERE (pinj.no_kontrak = '29-MF-00154-15') GROUP BY `pinj`.`no_kontrak`
Params: []

2015-07-25T16:24:02+07:00 INFO (6): 
Elapsed Secs: 0.00069
Query: DESCRIBE `pembayaran`
Params: []

2015-07-25T16:24:02+07:00 INFO (6): 
Elapsed Secs: 0.00011
Query: SELECT `pemb`.`angsuran_ke` FROM `pembayaran` AS `pemb` WHERE (no_kontrak = '29-MF-00154-15' ) ORDER BY `id_pembayaran` desc
Params: []

2015-07-25T16:24:02+07:00 INFO (6): 
Elapsed Secs: 0.00015
Query: SELECT `cos`.`nama`, `cos`.`nik_costumer`, `pemb`.`angsuran_ke`, `pemb`.`tanggal_pembayaran`, `pinj`.`no_kontrak`, `pinj`.`nilai_pinjaman`, `pinj`.`angsuran_perbulan`, `pinj`.`lama_angsuran` FROM `pembayaran` AS `pemb`
 INNER JOIN `pinjaman` AS `pinj` ON pinj.no_kontrak = pemb.no_kontrak
 INNER JOIN `costumer` AS `cos` ON pinj.nik_costumer = cos.nik_costumer WHERE (pemb.no_kontrak = '29-MF-00154-15') ORDER BY `id_pembayaran` desc
Params: []

2015-07-25T16:24:02+07:00 INFO (6): 
Elapsed Secs: 8.0E-5
Query: SELECT `pembayaran`.`id_pembayaran` FROM `pembayaran` ORDER BY `id_pembayaran` desc
Params: []

2015-07-25T16:24:02+07:00 INFO (6): 
Elapsed Secs: 0.0006
Query: DESCRIBE `kartu_piutang`
Params: []

2015-07-25T16:24:02+07:00 INFO (6): 
Elapsed Secs: 9.0E-5
Query: SELECT `kartu_piutang`.`denda_terhitung` FROM `kartu_piutang` WHERE (no_kontrak = '29-MF-00154-15') ORDER BY `id_piutang` desc
Params: []

2015-07-25T16:24:17+07:00 INFO (6): 
Elapsed Secs: 0.00157
Query: connect
Params: []

2015-07-25T16:24:17+07:00 INFO (6): 
Elapsed Secs: 0.00089
Query: DESCRIBE `costumer`
Params: []

2015-07-25T16:24:17+07:00 INFO (6): 
Elapsed Secs: 0.00026
Query: connect
Params: []

2015-07-25T16:24:17+07:00 INFO (6): 
Elapsed Secs: 0.00018
Query: SELECT `pinj`.`no_kontrak` FROM `costumer` AS `cos`
 INNER JOIN `pinjaman` AS `pinj` ON pinj.nik_costumer =  cos.nik_costumer
 INNER JOIN `kendaraan` AS `kend` ON kend.no_polisi = pinj.no_polisi
Params: []

2015-07-25T16:24:17+07:00 INFO (6): 
Elapsed Secs: 0.00019
Query: SELECT `pinj`.`no_kontrak`, `cos`.`nama`, `kend`.`no_polisi`, `pinj`.`angsuran_perbulan`, `pinj`.`tanggal_jatuh_tempo` FROM `costumer` AS `cos`
 INNER JOIN `pinjaman` AS `pinj` ON pinj.nik_costumer =  cos.nik_costumer
 INNER JOIN `kendaraan` AS `kend` ON kend.no_polisi = pinj.no_polisi WHERE (pinj.no_kontrak = '29-MF-00154-15') GROUP BY `pinj`.`no_kontrak`
Params: []

2015-07-25T16:24:17+07:00 INFO (6): 
Elapsed Secs: 0.00069
Query: DESCRIBE `pembayaran`
Params: []

2015-07-25T16:24:17+07:00 INFO (6): 
Elapsed Secs: 0.00013
Query: SELECT `pemb`.`angsuran_ke` FROM `pembayaran` AS `pemb` WHERE (no_kontrak = '29-MF-00154-15' ) ORDER BY `id_pembayaran` desc
Params: []

2015-07-25T16:24:17+07:00 INFO (6): 
Elapsed Secs: 0.00016
Query: SELECT `cos`.`nama`, `cos`.`nik_costumer`, `pemb`.`angsuran_ke`, `pemb`.`tanggal_pembayaran`, `pinj`.`no_kontrak`, `pinj`.`nilai_pinjaman`, `pinj`.`angsuran_perbulan`, `pinj`.`lama_angsuran` FROM `pembayaran` AS `pemb`
 INNER JOIN `pinjaman` AS `pinj` ON pinj.no_kontrak = pemb.no_kontrak
 INNER JOIN `costumer` AS `cos` ON pinj.nik_costumer = cos.nik_costumer WHERE (pemb.no_kontrak = '29-MF-00154-15') ORDER BY `id_pembayaran` desc
Params: []

2015-07-25T16:24:17+07:00 INFO (6): 
Elapsed Secs: 0.0001
Query: SELECT `pembayaran`.`id_pembayaran` FROM `pembayaran` ORDER BY `id_pembayaran` desc
Params: []

2015-07-25T16:24:17+07:00 INFO (6): 
Elapsed Secs: 0.00068
Query: DESCRIBE `kartu_piutang`
Params: []

2015-07-25T16:24:17+07:00 INFO (6): 
Elapsed Secs: 0.00012
Query: SELECT `kartu_piutang`.`denda_terhitung` FROM `kartu_piutang` WHERE (no_kontrak = '29-MF-00154-15') ORDER BY `id_piutang` desc
Params: []

2015-07-25T16:24:30+07:00 INFO (6): 
Elapsed Secs: 0.00026
Query: connect
Params: []

2015-07-25T16:24:30+07:00 INFO (6): 
Elapsed Secs: 0.00094
Query: DESCRIBE `costumer`
Params: []

2015-07-25T16:24:30+07:00 INFO (6): 
Elapsed Secs: 0.00024
Query: connect
Params: []

2015-07-25T16:24:30+07:00 INFO (6): 
Elapsed Secs: 0.00023
Query: SELECT `pinj`.`no_kontrak` FROM `costumer` AS `cos`
 INNER JOIN `pinjaman` AS `pinj` ON pinj.nik_costumer =  cos.nik_costumer
 INNER JOIN `kendaraan` AS `kend` ON kend.no_polisi = pinj.no_polisi
Params: []

2015-07-25T16:24:30+07:00 INFO (6): 
Elapsed Secs: 0.00018
Query: SELECT `pinj`.`no_kontrak`, `cos`.`nama`, `kend`.`no_polisi`, `pinj`.`angsuran_perbulan`, `pinj`.`tanggal_jatuh_tempo` FROM `costumer` AS `cos`
 INNER JOIN `pinjaman` AS `pinj` ON pinj.nik_costumer =  cos.nik_costumer
 INNER JOIN `kendaraan` AS `kend` ON kend.no_polisi = pinj.no_polisi WHERE (pinj.no_kontrak = '29-MD-00160-15') GROUP BY `pinj`.`no_kontrak`
Params: []

2015-07-25T16:24:30+07:00 INFO (6): 
Elapsed Secs: 0.00092
Query: DESCRIBE `pembayaran`
Params: []

2015-07-25T16:24:30+07:00 INFO (6): 
Elapsed Secs: 0.00011
Query: SELECT `pemb`.`angsuran_ke` FROM `pembayaran` AS `pemb` WHERE (no_kontrak = '29-MD-00160-15' ) ORDER BY `id_pembayaran` desc
Params: []

2015-07-25T16:24:30+07:00 INFO (6): 
Elapsed Secs: 0.00016
Query: SELECT `cos`.`nama`, `cos`.`nik_costumer`, `pemb`.`angsuran_ke`, `pemb`.`tanggal_pembayaran`, `pinj`.`no_kontrak`, `pinj`.`nilai_pinjaman`, `pinj`.`angsuran_perbulan`, `pinj`.`lama_angsuran` FROM `pembayaran` AS `pemb`
 INNER JOIN `pinjaman` AS `pinj` ON pinj.no_kontrak = pemb.no_kontrak
 INNER JOIN `costumer` AS `cos` ON pinj.nik_costumer = cos.nik_costumer WHERE (pemb.no_kontrak = '29-MD-00160-15') ORDER BY `id_pembayaran` desc
Params: []

2015-07-25T16:24:30+07:00 INFO (6): 
Elapsed Secs: 0.00014
Query: SELECT `pembayaran`.`id_pembayaran` FROM `pembayaran` ORDER BY `id_pembayaran` desc
Params: []

2015-07-25T16:24:30+07:00 INFO (6): 
Elapsed Secs: 0.0007
Query: DESCRIBE `kartu_piutang`
Params: []

2015-07-25T16:24:30+07:00 INFO (6): 
Elapsed Secs: 0.00014
Query: SELECT `kartu_piutang`.`denda_terhitung` FROM `kartu_piutang` WHERE (no_kontrak = '29-MD-00160-15') ORDER BY `id_piutang` desc
Params: []

2015-07-25T16:24:36+07:00 INFO (6): 
Elapsed Secs: 0.00023
Query: connect
Params: []

2015-07-25T16:24:36+07:00 INFO (6): 
Elapsed Secs: 0.00086
Query: DESCRIBE `costumer`
Params: []

2015-07-25T16:24:36+07:00 INFO (6): 
Elapsed Secs: 0.00019
Query: connect
Params: []

2015-07-25T16:24:36+07:00 INFO (6): 
Elapsed Secs: 0.00021
Query: SELECT `pinj`.`no_kontrak` FROM `costumer` AS `cos`
 INNER JOIN `pinjaman` AS `pinj` ON pinj.nik_costumer =  cos.nik_costumer
 INNER JOIN `kendaraan` AS `kend` ON kend.no_polisi = pinj.no_polisi
Params: []

2015-07-25T16:24:36+07:00 INFO (6): 
Elapsed Secs: 0.00016
Query: SELECT `pinj`.`no_kontrak`, `cos`.`nama`, `kend`.`no_polisi`, `pinj`.`angsuran_perbulan`, `pinj`.`tanggal_jatuh_tempo` FROM `costumer` AS `cos`
 INNER JOIN `pinjaman` AS `pinj` ON pinj.nik_costumer =  cos.nik_costumer
 INNER JOIN `kendaraan` AS `kend` ON kend.no_polisi = pinj.no_polisi WHERE (pinj.no_kontrak = '29-MF-00001-15') GROUP BY `pinj`.`no_kontrak`
Params: []

2015-07-25T16:24:36+07:00 INFO (6): 
Elapsed Secs: 0.00085
Query: DESCRIBE `pembayaran`
Params: []

2015-07-25T16:24:36+07:00 INFO (6): 
Elapsed Secs: 9.0E-5
Query: SELECT `pemb`.`angsuran_ke` FROM `pembayaran` AS `pemb` WHERE (no_kontrak = '29-MF-00001-15' ) ORDER BY `id_pembayaran` desc
Params: []

2015-07-25T16:24:36+07:00 INFO (6): 
Elapsed Secs: 0.00013
Query: SELECT `cos`.`nama`, `cos`.`nik_costumer`, `pemb`.`angsuran_ke`, `pemb`.`tanggal_pembayaran`, `pinj`.`no_kontrak`, `pinj`.`nilai_pinjaman`, `pinj`.`angsuran_perbulan`, `pinj`.`lama_angsuran` FROM `pembayaran` AS `pemb`
 INNER JOIN `pinjaman` AS `pinj` ON pinj.no_kontrak = pemb.no_kontrak
 INNER JOIN `costumer` AS `cos` ON pinj.nik_costumer = cos.nik_costumer WHERE (pemb.no_kontrak = '29-MF-00001-15') ORDER BY `id_pembayaran` desc
Params: []

2015-07-25T16:24:36+07:00 INFO (6): 
Elapsed Secs: 7.0E-5
Query: SELECT `pembayaran`.`id_pembayaran` FROM `pembayaran` ORDER BY `id_pembayaran` desc
Params: []

2015-07-25T16:24:36+07:00 INFO (6): 
Elapsed Secs: 0.00062
Query: DESCRIBE `kartu_piutang`
Params: []

2015-07-25T16:24:36+07:00 INFO (6): 
Elapsed Secs: 0.00011
Query: SELECT `kartu_piutang`.`denda_terhitung` FROM `kartu_piutang` WHERE (no_kontrak = '29-MF-00001-15') ORDER BY `id_piutang` desc
Params: []

2015-07-25T16:24:39+07:00 INFO (6): 
Elapsed Secs: 0.0004
Query: connect
Params: []

2015-07-25T16:24:39+07:00 INFO (6): 
Elapsed Secs: 0.00165
Query: DESCRIBE `costumer`
Params: []

2015-07-25T16:24:39+07:00 INFO (6): 
Elapsed Secs: 0.00037
Query: connect
Params: []

2015-07-25T16:24:39+07:00 INFO (6): 
Elapsed Secs: 0.00034
Query: SELECT `pinj`.`no_kontrak` FROM `costumer` AS `cos`
 INNER JOIN `pinjaman` AS `pinj` ON pinj.nik_costumer =  cos.nik_costumer
 INNER JOIN `kendaraan` AS `kend` ON kend.no_polisi = pinj.no_polisi
Params: []

2015-07-25T16:24:39+07:00 INFO (6): 
Elapsed Secs: 0.00024
Query: SELECT `pinj`.`no_kontrak`, `cos`.`nama`, `kend`.`no_polisi`, `pinj`.`angsuran_perbulan`, `pinj`.`tanggal_jatuh_tempo` FROM `costumer` AS `cos`
 INNER JOIN `pinjaman` AS `pinj` ON pinj.nik_costumer =  cos.nik_costumer
 INNER JOIN `kendaraan` AS `kend` ON kend.no_polisi = pinj.no_polisi WHERE (pinj.no_kontrak = '29-MF-00154-15') GROUP BY `pinj`.`no_kontrak`
Params: []

2015-07-25T16:24:39+07:00 INFO (6): 
Elapsed Secs: 0.00148
Query: DESCRIBE `pembayaran`
Params: []

2015-07-25T16:24:39+07:00 INFO (6): 
Elapsed Secs: 0.00026
Query: SELECT `pemb`.`angsuran_ke` FROM `pembayaran` AS `pemb` WHERE (no_kontrak = '29-MF-00154-15' ) ORDER BY `id_pembayaran` desc
Params: []

2015-07-25T16:24:39+07:00 INFO (6): 
Elapsed Secs: 0.00032
Query: SELECT `cos`.`nama`, `cos`.`nik_costumer`, `pemb`.`angsuran_ke`, `pemb`.`tanggal_pembayaran`, `pinj`.`no_kontrak`, `pinj`.`nilai_pinjaman`, `pinj`.`angsuran_perbulan`, `pinj`.`lama_angsuran` FROM `pembayaran` AS `pemb`
 INNER JOIN `pinjaman` AS `pinj` ON pinj.no_kontrak = pemb.no_kontrak
 INNER JOIN `costumer` AS `cos` ON pinj.nik_costumer = cos.nik_costumer WHERE (pemb.no_kontrak = '29-MF-00154-15') ORDER BY `id_pembayaran` desc
Params: []

2015-07-25T16:24:39+07:00 INFO (6): 
Elapsed Secs: 0.00021
Query: SELECT `pembayaran`.`id_pembayaran` FROM `pembayaran` ORDER BY `id_pembayaran` desc
Params: []

2015-07-25T16:24:39+07:00 INFO (6): 
Elapsed Secs: 0.00145
Query: DESCRIBE `kartu_piutang`
Params: []

2015-07-25T16:24:39+07:00 INFO (6): 
Elapsed Secs: 0.00024
Query: SELECT `kartu_piutang`.`denda_terhitung` FROM `kartu_piutang` WHERE (no_kontrak = '29-MF-00154-15') ORDER BY `id_piutang` desc
Params: []

2015-07-25T16:26:00+07:00 INFO (6): 
Elapsed Secs: 0.00029
Query: connect
Params: []

2015-07-25T16:26:00+07:00 INFO (6): 
Elapsed Secs: 0.00149
Query: DESCRIBE `costumer`
Params: []

2015-07-25T16:26:00+07:00 INFO (6): 
Elapsed Secs: 0.00029
Query: connect
Params: []

2015-07-25T16:26:00+07:00 INFO (6): 
Elapsed Secs: 0.00027
Query: SELECT `pinj`.`no_kontrak` FROM `costumer` AS `cos`
 INNER JOIN `pinjaman` AS `pinj` ON pinj.nik_costumer =  cos.nik_costumer
 INNER JOIN `kendaraan` AS `kend` ON kend.no_polisi = pinj.no_polisi
Params: []

2015-07-25T16:26:00+07:00 INFO (6): 
Elapsed Secs: 0.00025
Query: SELECT `pinj`.`no_kontrak`, `cos`.`nama`, `kend`.`no_polisi`, `pinj`.`angsuran_perbulan`, `pinj`.`tanggal_jatuh_tempo` FROM `costumer` AS `cos`
 INNER JOIN `pinjaman` AS `pinj` ON pinj.nik_costumer =  cos.nik_costumer
 INNER JOIN `kendaraan` AS `kend` ON kend.no_polisi = pinj.no_polisi WHERE (pinj.no_kontrak = '29-MF-00154-15') GROUP BY `pinj`.`no_kontrak`
Params: []

2015-07-25T16:26:00+07:00 INFO (6): 
Elapsed Secs: 0.00113
Query: DESCRIBE `pembayaran`
Params: []

2015-07-25T16:26:00+07:00 INFO (6): 
Elapsed Secs: 0.00017
Query: SELECT `pemb`.`angsuran_ke` FROM `pembayaran` AS `pemb` WHERE (no_kontrak = '29-MF-00154-15' ) ORDER BY `id_pembayaran` desc
Params: []

2015-07-25T16:26:00+07:00 INFO (6): 
Elapsed Secs: 0.00028
Query: SELECT `cos`.`nama`, `cos`.`nik_costumer`, `pemb`.`angsuran_ke`, `pemb`.`tanggal_pembayaran`, `pinj`.`no_kontrak`, `pinj`.`nilai_pinjaman`, `pinj`.`angsuran_perbulan`, `pinj`.`lama_angsuran` FROM `pembayaran` AS `pemb`
 INNER JOIN `pinjaman` AS `pinj` ON pinj.no_kontrak = pemb.no_kontrak
 INNER JOIN `costumer` AS `cos` ON pinj.nik_costumer = cos.nik_costumer WHERE (pemb.no_kontrak = '29-MF-00154-15') ORDER BY `id_pembayaran` desc
Params: []

2015-07-25T16:26:00+07:00 INFO (6): 
Elapsed Secs: 0.00018
Query: SELECT `pembayaran`.`id_pembayaran` FROM `pembayaran` ORDER BY `id_pembayaran` desc
Params: []

2015-07-25T16:26:00+07:00 INFO (6): 
Elapsed Secs: 0.00113
Query: DESCRIBE `kartu_piutang`
Params: []

2015-07-25T16:26:00+07:00 INFO (6): 
Elapsed Secs: 0.0002
Query: SELECT `kartu_piutang`.`denda_terhitung` FROM `kartu_piutang` WHERE (no_kontrak = '29-MF-00154-15') ORDER BY `id_piutang` desc
Params: []

2015-07-25T16:28:37+07:00 INFO (6): 
Elapsed Secs: 0.00032
Query: connect
Params: []

2015-07-25T16:28:37+07:00 INFO (6): 
Elapsed Secs: 0.00123
Query: DESCRIBE `costumer`
Params: []

2015-07-25T16:28:37+07:00 INFO (6): 
Elapsed Secs: 0.00025
Query: connect
Params: []

2015-07-25T16:28:37+07:00 INFO (6): 
Elapsed Secs: 0.00025
Query: SELECT `pinj`.`no_kontrak` FROM `costumer` AS `cos`
 INNER JOIN `pinjaman` AS `pinj` ON pinj.nik_costumer =  cos.nik_costumer
 INNER JOIN `kendaraan` AS `kend` ON kend.no_polisi = pinj.no_polisi
Params: []

2015-07-25T16:28:37+07:00 INFO (6): 
Elapsed Secs: 0.00023
Query: SELECT `pinj`.`no_kontrak`, `cos`.`nama`, `kend`.`no_polisi`, `pinj`.`angsuran_perbulan`, `pinj`.`tanggal_jatuh_tempo` FROM `costumer` AS `cos`
 INNER JOIN `pinjaman` AS `pinj` ON pinj.nik_costumer =  cos.nik_costumer
 INNER JOIN `kendaraan` AS `kend` ON kend.no_polisi = pinj.no_polisi WHERE (pinj.no_kontrak = '29-MF-00154-15') GROUP BY `pinj`.`no_kontrak`
Params: []

2015-07-25T16:28:37+07:00 INFO (6): 
Elapsed Secs: 0.00116
Query: DESCRIBE `pembayaran`
Params: []

2015-07-25T16:28:37+07:00 INFO (6): 
Elapsed Secs: 0.00022
Query: SELECT `pemb`.`angsuran_ke` FROM `pembayaran` AS `pemb` WHERE (no_kontrak = '29-MF-00154-15' ) ORDER BY `id_pembayaran` desc
Params: []

2015-07-25T16:28:37+07:00 INFO (6): 
Elapsed Secs: 0.00028
Query: SELECT `cos`.`nama`, `cos`.`nik_costumer`, `pemb`.`angsuran_ke`, `pemb`.`tanggal_pembayaran`, `pinj`.`no_kontrak`, `pinj`.`nilai_pinjaman`, `pinj`.`angsuran_perbulan`, `pinj`.`lama_angsuran` FROM `pembayaran` AS `pemb`
 INNER JOIN `pinjaman` AS `pinj` ON pinj.no_kontrak = pemb.no_kontrak
 INNER JOIN `costumer` AS `cos` ON pinj.nik_costumer = cos.nik_costumer WHERE (pemb.no_kontrak = '29-MF-00154-15') ORDER BY `id_pembayaran` desc
Params: []

2015-07-25T16:28:37+07:00 INFO (6): 
Elapsed Secs: 0.00016
Query: SELECT `pembayaran`.`id_pembayaran` FROM `pembayaran` ORDER BY `id_pembayaran` desc
Params: []

2015-07-25T16:28:37+07:00 INFO (6): 
Elapsed Secs: 0.0013
Query: DESCRIBE `kartu_piutang`
Params: []

2015-07-25T16:28:37+07:00 INFO (6): 
Elapsed Secs: 0.00018
Query: SELECT `kartu_piutang`.`denda_terhitung` FROM `kartu_piutang` WHERE (no_kontrak = '29-MF-00154-15') ORDER BY `id_piutang` desc
Params: []

2015-07-25T16:29:04+07:00 INFO (6): 
Elapsed Secs: 0.00113
Query: connect
Params: []

2015-07-25T16:29:04+07:00 INFO (6): 
Elapsed Secs: 0.00089
Query: DESCRIBE `costumer`
Params: []

2015-07-25T16:29:04+07:00 INFO (6): 
Elapsed Secs: 0.00022
Query: connect
Params: []

2015-07-25T16:29:04+07:00 INFO (6): 
Elapsed Secs: 0.00018
Query: SELECT `pinj`.`no_kontrak` FROM `costumer` AS `cos`
 INNER JOIN `pinjaman` AS `pinj` ON pinj.nik_costumer =  cos.nik_costumer
 INNER JOIN `kendaraan` AS `kend` ON kend.no_polisi = pinj.no_polisi
Params: []

2015-07-25T16:29:04+07:00 INFO (6): 
Elapsed Secs: 0.00014
Query: SELECT `pinj`.`no_kontrak`, `cos`.`nama`, `kend`.`no_polisi`, `pinj`.`angsuran_perbulan`, `pinj`.`tanggal_jatuh_tempo` FROM `costumer` AS `cos`
 INNER JOIN `pinjaman` AS `pinj` ON pinj.nik_costumer =  cos.nik_costumer
 INNER JOIN `kendaraan` AS `kend` ON kend.no_polisi = pinj.no_polisi WHERE (pinj.no_kontrak = '29-MD-00160-15') GROUP BY `pinj`.`no_kontrak`
Params: []

2015-07-25T16:29:04+07:00 INFO (6): 
Elapsed Secs: 0.00063
Query: DESCRIBE `pembayaran`
Params: []

2015-07-25T16:29:04+07:00 INFO (6): 
Elapsed Secs: 0.00013
Query: SELECT `pemb`.`angsuran_ke` FROM `pembayaran` AS `pemb` WHERE (no_kontrak = '29-MD-00160-15' ) ORDER BY `id_pembayaran` desc
Params: []

2015-07-25T16:29:04+07:00 INFO (6): 
Elapsed Secs: 0.00013
Query: SELECT `cos`.`nama`, `cos`.`nik_costumer`, `pemb`.`angsuran_ke`, `pemb`.`tanggal_pembayaran`, `pinj`.`no_kontrak`, `pinj`.`nilai_pinjaman`, `pinj`.`angsuran_perbulan`, `pinj`.`lama_angsuran` FROM `pembayaran` AS `pemb`
 INNER JOIN `pinjaman` AS `pinj` ON pinj.no_kontrak = pemb.no_kontrak
 INNER JOIN `costumer` AS `cos` ON pinj.nik_costumer = cos.nik_costumer WHERE (pemb.no_kontrak = '29-MD-00160-15') ORDER BY `id_pembayaran` desc
Params: []

2015-07-25T16:29:04+07:00 INFO (6): 
Elapsed Secs: 8.0E-5
Query: SELECT `pembayaran`.`id_pembayaran` FROM `pembayaran` ORDER BY `id_pembayaran` desc
Params: []

2015-07-25T16:29:04+07:00 INFO (6): 
Elapsed Secs: 0.00061
Query: DESCRIBE `kartu_piutang`
Params: []

2015-07-25T16:29:04+07:00 INFO (6): 
Elapsed Secs: 9.0E-5
Query: SELECT `kartu_piutang`.`denda_terhitung` FROM `kartu_piutang` WHERE (no_kontrak = '29-MD-00160-15') ORDER BY `id_piutang` desc
Params: []

2015-07-25T16:29:26+07:00 INFO (6): 
Elapsed Secs: 0.00023
Query: connect
Params: []

2015-07-25T16:29:26+07:00 INFO (6): 
Elapsed Secs: 0.00102
Query: DESCRIBE `costumer`
Params: []

2015-07-25T16:29:26+07:00 INFO (6): 
Elapsed Secs: 0.00026
Query: connect
Params: []

2015-07-25T16:29:26+07:00 INFO (6): 
Elapsed Secs: 0.00027
Query: SELECT `pinj`.`no_kontrak` FROM `costumer` AS `cos`
 INNER JOIN `pinjaman` AS `pinj` ON pinj.nik_costumer =  cos.nik_costumer
 INNER JOIN `kendaraan` AS `kend` ON kend.no_polisi = pinj.no_polisi
Params: []

2015-07-25T16:29:26+07:00 INFO (6): 
Elapsed Secs: 0.0002
Query: SELECT `pinj`.`no_kontrak`, `cos`.`nama`, `kend`.`no_polisi`, `pinj`.`angsuran_perbulan`, `pinj`.`tanggal_jatuh_tempo` FROM `costumer` AS `cos`
 INNER JOIN `pinjaman` AS `pinj` ON pinj.nik_costumer =  cos.nik_costumer
 INNER JOIN `kendaraan` AS `kend` ON kend.no_polisi = pinj.no_polisi WHERE (pinj.no_kontrak = '29-MD-00160-15') GROUP BY `pinj`.`no_kontrak`
Params: []

2015-07-25T16:29:26+07:00 INFO (6): 
Elapsed Secs: 0.00076
Query: DESCRIBE `pembayaran`
Params: []

2015-07-25T16:29:26+07:00 INFO (6): 
Elapsed Secs: 0.00014
Query: SELECT `pemb`.`angsuran_ke` FROM `pembayaran` AS `pemb` WHERE (no_kontrak = '29-MD-00160-15' ) ORDER BY `id_pembayaran` desc
Params: []

2015-07-25T16:29:26+07:00 INFO (6): 
Elapsed Secs: 0.00014
Query: SELECT `cos`.`nama`, `cos`.`nik_costumer`, `pemb`.`angsuran_ke`, `pemb`.`tanggal_pembayaran`, `pinj`.`no_kontrak`, `pinj`.`nilai_pinjaman`, `pinj`.`angsuran_perbulan`, `pinj`.`lama_angsuran` FROM `pembayaran` AS `pemb`
 INNER JOIN `pinjaman` AS `pinj` ON pinj.no_kontrak = pemb.no_kontrak
 INNER JOIN `costumer` AS `cos` ON pinj.nik_costumer = cos.nik_costumer WHERE (pemb.no_kontrak = '29-MD-00160-15') ORDER BY `id_pembayaran` desc
Params: []

2015-07-25T16:29:26+07:00 INFO (6): 
Elapsed Secs: 7.0E-5
Query: SELECT `pembayaran`.`id_pembayaran` FROM `pembayaran` ORDER BY `id_pembayaran` desc
Params: []

2015-07-25T16:29:26+07:00 INFO (6): 
Elapsed Secs: 0.00066
Query: DESCRIBE `kartu_piutang`
Params: []

2015-07-25T16:29:26+07:00 INFO (6): 
Elapsed Secs: 0.00015
Query: SELECT `kartu_piutang`.`denda_terhitung` FROM `kartu_piutang` WHERE (no_kontrak = '29-MD-00160-15') ORDER BY `id_piutang` desc
Params: []

2015-07-25T16:29:58+07:00 INFO (6): 
Elapsed Secs: 0.00027
Query: connect
Params: []

2015-07-25T16:29:58+07:00 INFO (6): 
Elapsed Secs: 0.00093
Query: DESCRIBE `costumer`
Params: []

2015-07-25T16:29:58+07:00 INFO (6): 
Elapsed Secs: 0.00024
Query: connect
Params: []

2015-07-25T16:29:58+07:00 INFO (6): 
Elapsed Secs: 0.0002
Query: SELECT `pinj`.`no_kontrak` FROM `costumer` AS `cos`
 INNER JOIN `pinjaman` AS `pinj` ON pinj.nik_costumer =  cos.nik_costumer
 INNER JOIN `kendaraan` AS `kend` ON kend.no_polisi = pinj.no_polisi
Params: []

2015-07-25T16:29:58+07:00 INFO (6): 
Elapsed Secs: 0.00017
Query: SELECT `pinj`.`no_kontrak`, `cos`.`nama`, `kend`.`no_polisi`, `pinj`.`angsuran_perbulan`, `pinj`.`tanggal_jatuh_tempo` FROM `costumer` AS `cos`
 INNER JOIN `pinjaman` AS `pinj` ON pinj.nik_costumer =  cos.nik_costumer
 INNER JOIN `kendaraan` AS `kend` ON kend.no_polisi = pinj.no_polisi WHERE (pinj.no_kontrak = '29-MD-00160-15') GROUP BY `pinj`.`no_kontrak`
Params: []

2015-07-25T16:29:58+07:00 INFO (6): 
Elapsed Secs: 0.00068
Query: DESCRIBE `pembayaran`
Params: []

2015-07-25T16:29:58+07:00 INFO (6): 
Elapsed Secs: 0.00015
Query: SELECT `pemb`.`angsuran_ke` FROM `pembayaran` AS `pemb` WHERE (no_kontrak = '29-MD-00160-15' ) ORDER BY `id_pembayaran` desc
Params: []

2015-07-25T16:29:58+07:00 INFO (6): 
Elapsed Secs: 0.00015
Query: SELECT `cos`.`nama`, `cos`.`nik_costumer`, `pemb`.`angsuran_ke`, `pemb`.`tanggal_pembayaran`, `pinj`.`no_kontrak`, `pinj`.`nilai_pinjaman`, `pinj`.`angsuran_perbulan`, `pinj`.`lama_angsuran` FROM `pembayaran` AS `pemb`
 INNER JOIN `pinjaman` AS `pinj` ON pinj.no_kontrak = pemb.no_kontrak
 INNER JOIN `costumer` AS `cos` ON pinj.nik_costumer = cos.nik_costumer WHERE (pemb.no_kontrak = '29-MD-00160-15') ORDER BY `id_pembayaran` desc
Params: []

2015-07-25T16:29:58+07:00 INFO (6): 
Elapsed Secs: 0.00013
Query: SELECT `pembayaran`.`id_pembayaran` FROM `pembayaran` ORDER BY `id_pembayaran` desc
Params: []

2015-07-25T16:29:58+07:00 INFO (6): 
Elapsed Secs: 0.00065
Query: DESCRIBE `kartu_piutang`
Params: []

2015-07-25T16:29:58+07:00 INFO (6): 
Elapsed Secs: 0.00012
Query: SELECT `kartu_piutang`.`denda_terhitung` FROM `kartu_piutang` WHERE (no_kontrak = '29-MD-00160-15') ORDER BY `id_piutang` desc
Params: []

2015-07-25T16:32:09+07:00 INFO (6): 
Elapsed Secs: 0.00149
Query: connect
Params: []

2015-07-25T16:32:09+07:00 INFO (6): 
Elapsed Secs: 0.00115
Query: DESCRIBE `costumer`
Params: []

2015-07-25T16:32:09+07:00 INFO (6): 
Elapsed Secs: 0.00021
Query: connect
Params: []

2015-07-25T16:32:09+07:00 INFO (6): 
Elapsed Secs: 0.00025
Query: SELECT `pinj`.`no_kontrak` FROM `costumer` AS `cos`
 INNER JOIN `pinjaman` AS `pinj` ON pinj.nik_costumer =  cos.nik_costumer
 INNER JOIN `kendaraan` AS `kend` ON kend.no_polisi = pinj.no_polisi
Params: []

2015-07-25T16:32:09+07:00 INFO (6): 
Elapsed Secs: 0.00019
Query: SELECT `pinj`.`no_kontrak`, `cos`.`nama`, `kend`.`no_polisi`, `pinj`.`angsuran_perbulan`, `pinj`.`tanggal_jatuh_tempo` FROM `costumer` AS `cos`
 INNER JOIN `pinjaman` AS `pinj` ON pinj.nik_costumer =  cos.nik_costumer
 INNER JOIN `kendaraan` AS `kend` ON kend.no_polisi = pinj.no_polisi WHERE (pinj.no_kontrak = '29-MD-00160-15') GROUP BY `pinj`.`no_kontrak`
Params: []

2015-07-25T16:32:09+07:00 INFO (6): 
Elapsed Secs: 0.00092
Query: DESCRIBE `pembayaran`
Params: []

2015-07-25T16:32:09+07:00 INFO (6): 
Elapsed Secs: 0.00014
Query: SELECT `pemb`.`angsuran_ke` FROM `pembayaran` AS `pemb` WHERE (no_kontrak = '29-MD-00160-15' ) ORDER BY `id_pembayaran` desc
Params: []

2015-07-25T16:32:09+07:00 INFO (6): 
Elapsed Secs: 0.00019
Query: SELECT `cos`.`nama`, `cos`.`nik_costumer`, `pemb`.`angsuran_ke`, `pemb`.`tanggal_pembayaran`, `pinj`.`no_kontrak`, `pinj`.`nilai_pinjaman`, `pinj`.`angsuran_perbulan`, `pinj`.`lama_angsuran` FROM `pembayaran` AS `pemb`
 INNER JOIN `pinjaman` AS `pinj` ON pinj.no_kontrak = pemb.no_kontrak
 INNER JOIN `costumer` AS `cos` ON pinj.nik_costumer = cos.nik_costumer WHERE (pemb.no_kontrak = '29-MD-00160-15') ORDER BY `id_pembayaran` desc
Params: []

2015-07-25T16:32:09+07:00 INFO (6): 
Elapsed Secs: 0.00011
Query: SELECT `pembayaran`.`id_pembayaran` FROM `pembayaran` ORDER BY `id_pembayaran` desc
Params: []

2015-07-25T16:32:09+07:00 INFO (6): 
Elapsed Secs: 0.00092
Query: DESCRIBE `kartu_piutang`
Params: []

2015-07-25T16:32:09+07:00 INFO (6): 
Elapsed Secs: 0.00013
Query: SELECT `kartu_piutang`.`denda_terhitung` FROM `kartu_piutang` WHERE (no_kontrak = '29-MD-00160-15') ORDER BY `id_piutang` desc
Params: []

2015-07-25T16:32:12+07:00 INFO (6): 
Elapsed Secs: 0.00024
Query: connect
Params: []

2015-07-25T16:32:12+07:00 INFO (6): 
Elapsed Secs: 0.00092
Query: DESCRIBE `costumer`
Params: []

2015-07-25T16:32:12+07:00 INFO (6): 
Elapsed Secs: 0.00029
Query: connect
Params: []

2015-07-25T16:32:12+07:00 INFO (6): 
Elapsed Secs: 0.0002
Query: SELECT `pinj`.`no_kontrak` FROM `costumer` AS `cos`
 INNER JOIN `pinjaman` AS `pinj` ON pinj.nik_costumer =  cos.nik_costumer
 INNER JOIN `kendaraan` AS `kend` ON kend.no_polisi = pinj.no_polisi
Params: []

2015-07-25T16:32:12+07:00 INFO (6): 
Elapsed Secs: 0.00018
Query: SELECT `pinj`.`no_kontrak`, `cos`.`nama`, `kend`.`no_polisi`, `pinj`.`angsuran_perbulan`, `pinj`.`tanggal_jatuh_tempo` FROM `costumer` AS `cos`
 INNER JOIN `pinjaman` AS `pinj` ON pinj.nik_costumer =  cos.nik_costumer
 INNER JOIN `kendaraan` AS `kend` ON kend.no_polisi = pinj.no_polisi WHERE (pinj.no_kontrak = '29-MD-00160-15') GROUP BY `pinj`.`no_kontrak`
Params: []

2015-07-25T16:32:12+07:00 INFO (6): 
Elapsed Secs: 0.00069
Query: DESCRIBE `pembayaran`
Params: []

2015-07-25T16:32:12+07:00 INFO (6): 
Elapsed Secs: 0.00017
Query: SELECT `pemb`.`angsuran_ke` FROM `pembayaran` AS `pemb` WHERE (no_kontrak = '29-MD-00160-15' ) ORDER BY `id_pembayaran` desc
Params: []

2015-07-25T16:32:12+07:00 INFO (6): 
Elapsed Secs: 0.00017
Query: SELECT `cos`.`nama`, `cos`.`nik_costumer`, `pemb`.`angsuran_ke`, `pemb`.`tanggal_pembayaran`, `pinj`.`no_kontrak`, `pinj`.`nilai_pinjaman`, `pinj`.`angsuran_perbulan`, `pinj`.`lama_angsuran` FROM `pembayaran` AS `pemb`
 INNER JOIN `pinjaman` AS `pinj` ON pinj.no_kontrak = pemb.no_kontrak
 INNER JOIN `costumer` AS `cos` ON pinj.nik_costumer = cos.nik_costumer WHERE (pemb.no_kontrak = '29-MD-00160-15') ORDER BY `id_pembayaran` desc
Params: []

2015-07-25T16:32:12+07:00 INFO (6): 
Elapsed Secs: 0.00014
Query: SELECT `pembayaran`.`id_pembayaran` FROM `pembayaran` ORDER BY `id_pembayaran` desc
Params: []

2015-07-25T16:32:12+07:00 INFO (6): 
Elapsed Secs: 0.00067
Query: DESCRIBE `kartu_piutang`
Params: []

2015-07-25T16:32:12+07:00 INFO (6): 
Elapsed Secs: 0.0001
Query: SELECT `kartu_piutang`.`denda_terhitung` FROM `kartu_piutang` WHERE (no_kontrak = '29-MD-00160-15') ORDER BY `id_piutang` desc
Params: []

2015-07-25T16:33:26+07:00 INFO (6): 
Elapsed Secs: 0.00019
Query: connect
Params: []

2015-07-25T16:33:26+07:00 INFO (6): 
Elapsed Secs: 0.00114
Query: DESCRIBE `costumer`
Params: []

2015-07-25T16:33:26+07:00 INFO (6): 
Elapsed Secs: 0.0002
Query: connect
Params: []

2015-07-25T16:33:26+07:00 INFO (6): 
Elapsed Secs: 0.0002
Query: SELECT `pinj`.`no_kontrak` FROM `costumer` AS `cos`
 INNER JOIN `pinjaman` AS `pinj` ON pinj.nik_costumer =  cos.nik_costumer
 INNER JOIN `kendaraan` AS `kend` ON kend.no_polisi = pinj.no_polisi
Params: []

2015-07-25T16:33:26+07:00 INFO (6): 
Elapsed Secs: 0.00015
Query: SELECT `pinj`.`no_kontrak`, `cos`.`nama`, `kend`.`no_polisi`, `pinj`.`angsuran_perbulan`, `pinj`.`tanggal_jatuh_tempo` FROM `costumer` AS `cos`
 INNER JOIN `pinjaman` AS `pinj` ON pinj.nik_costumer =  cos.nik_costumer
 INNER JOIN `kendaraan` AS `kend` ON kend.no_polisi = pinj.no_polisi WHERE (pinj.no_kontrak = '29-MD-00160-15') GROUP BY `pinj`.`no_kontrak`
Params: []

2015-07-25T16:33:26+07:00 INFO (6): 
Elapsed Secs: 0.00066
Query: DESCRIBE `pembayaran`
Params: []

2015-07-25T16:33:26+07:00 INFO (6): 
Elapsed Secs: 0.00012
Query: SELECT `pemb`.`angsuran_ke` FROM `pembayaran` AS `pemb` WHERE (no_kontrak = '29-MD-00160-15' ) ORDER BY `id_pembayaran` desc
Params: []

2015-07-25T16:33:26+07:00 INFO (6): 
Elapsed Secs: 0.00015
Query: SELECT `cos`.`nama`, `cos`.`nik_costumer`, `pemb`.`angsuran_ke`, `pemb`.`tanggal_pembayaran`, `pinj`.`no_kontrak`, `pinj`.`nilai_pinjaman`, `pinj`.`angsuran_perbulan`, `pinj`.`lama_angsuran` FROM `pembayaran` AS `pemb`
 INNER JOIN `pinjaman` AS `pinj` ON pinj.no_kontrak = pemb.no_kontrak
 INNER JOIN `costumer` AS `cos` ON pinj.nik_costumer = cos.nik_costumer WHERE (pemb.no_kontrak = '29-MD-00160-15') ORDER BY `id_pembayaran` desc
Params: []

2015-07-25T16:33:26+07:00 INFO (6): 
Elapsed Secs: 9.0E-5
Query: SELECT `pembayaran`.`id_pembayaran` FROM `pembayaran` ORDER BY `id_pembayaran` desc
Params: []

2015-07-25T16:33:26+07:00 INFO (6): 
Elapsed Secs: 0.00231
Query: DESCRIBE `kartu_piutang`
Params: []

2015-07-25T16:33:26+07:00 INFO (6): 
Elapsed Secs: 0.00029
Query: SELECT `kartu_piutang`.`denda_terhitung` FROM `kartu_piutang` WHERE (no_kontrak = '29-MD-00160-15') ORDER BY `id_piutang` desc
Params: []

2015-07-25T16:33:59+07:00 INFO (6): 
Elapsed Secs: 0.00113
Query: connect
Params: []

2015-07-25T16:33:59+07:00 INFO (6): 
Elapsed Secs: 0.0011
Query: DESCRIBE `costumer`
Params: []

2015-07-25T16:33:59+07:00 INFO (6): 
Elapsed Secs: 0.00022
Query: connect
Params: []

2015-07-25T16:33:59+07:00 INFO (6): 
Elapsed Secs: 0.00018
Query: SELECT `pinj`.`no_kontrak` FROM `costumer` AS `cos`
 INNER JOIN `pinjaman` AS `pinj` ON pinj.nik_costumer =  cos.nik_costumer
 INNER JOIN `kendaraan` AS `kend` ON kend.no_polisi = pinj.no_polisi
Params: []

2015-07-25T16:33:59+07:00 INFO (6): 
Elapsed Secs: 0.00013
Query: SELECT `pinj`.`no_kontrak`, `cos`.`nama`, `kend`.`no_polisi`, `pinj`.`angsuran_perbulan`, `pinj`.`tanggal_jatuh_tempo` FROM `costumer` AS `cos`
 INNER JOIN `pinjaman` AS `pinj` ON pinj.nik_costumer =  cos.nik_costumer
 INNER JOIN `kendaraan` AS `kend` ON kend.no_polisi = pinj.no_polisi WHERE (pinj.no_kontrak = '29-MD-00160-15') GROUP BY `pinj`.`no_kontrak`
Params: []

2015-07-25T16:33:59+07:00 INFO (6): 
Elapsed Secs: 0.00066
Query: DESCRIBE `pembayaran`
Params: []

2015-07-25T16:33:59+07:00 INFO (6): 
Elapsed Secs: 0.00013
Query: SELECT `pemb`.`angsuran_ke` FROM `pembayaran` AS `pemb` WHERE (no_kontrak = '29-MD-00160-15' ) ORDER BY `id_pembayaran` desc
Params: []

2015-07-25T16:33:59+07:00 INFO (6): 
Elapsed Secs: 0.00014
Query: SELECT `cos`.`nama`, `cos`.`nik_costumer`, `pemb`.`angsuran_ke`, `pemb`.`tanggal_pembayaran`, `pinj`.`no_kontrak`, `pinj`.`nilai_pinjaman`, `pinj`.`angsuran_perbulan`, `pinj`.`lama_angsuran` FROM `pembayaran` AS `pemb`
 INNER JOIN `pinjaman` AS `pinj` ON pinj.no_kontrak = pemb.no_kontrak
 INNER JOIN `costumer` AS `cos` ON pinj.nik_costumer = cos.nik_costumer WHERE (pemb.no_kontrak = '29-MD-00160-15') ORDER BY `id_pembayaran` desc
Params: []

2015-07-25T16:33:59+07:00 INFO (6): 
Elapsed Secs: 0.00011
Query: SELECT `pembayaran`.`id_pembayaran` FROM `pembayaran` ORDER BY `id_pembayaran` desc
Params: []

2015-07-25T16:33:59+07:00 INFO (6): 
Elapsed Secs: 0.00061
Query: DESCRIBE `kartu_piutang`
Params: []

2015-07-25T16:33:59+07:00 INFO (6): 
Elapsed Secs: 9.0E-5
Query: SELECT `kartu_piutang`.`denda_terhitung` FROM `kartu_piutang` WHERE (no_kontrak = '29-MD-00160-15') ORDER BY `id_piutang` desc
Params: []

2015-07-25T16:34:14+07:00 INFO (6): 
Elapsed Secs: 0.00163
Query: connect
Params: []

2015-07-25T16:34:14+07:00 INFO (6): 
Elapsed Secs: 0.00109
Query: DESCRIBE `costumer`
Params: []

2015-07-25T16:34:14+07:00 INFO (6): 
Elapsed Secs: 0.00017
Query: connect
Params: []

2015-07-25T16:34:14+07:00 INFO (6): 
Elapsed Secs: 0.00018
Query: SELECT `pinj`.`no_kontrak` FROM `costumer` AS `cos`
 INNER JOIN `pinjaman` AS `pinj` ON pinj.nik_costumer =  cos.nik_costumer
 INNER JOIN `kendaraan` AS `kend` ON kend.no_polisi = pinj.no_polisi
Params: []

2015-07-25T16:34:14+07:00 INFO (6): 
Elapsed Secs: 0.00019
Query: SELECT `pinj`.`no_kontrak`, `cos`.`nama`, `kend`.`no_polisi`, `pinj`.`angsuran_perbulan`, `pinj`.`tanggal_jatuh_tempo` FROM `costumer` AS `cos`
 INNER JOIN `pinjaman` AS `pinj` ON pinj.nik_costumer =  cos.nik_costumer
 INNER JOIN `kendaraan` AS `kend` ON kend.no_polisi = pinj.no_polisi WHERE (pinj.no_kontrak = '29-MD-00160-15') GROUP BY `pinj`.`no_kontrak`
Params: []

2015-07-25T16:34:14+07:00 INFO (6): 
Elapsed Secs: 0.00062
Query: DESCRIBE `pembayaran`
Params: []

2015-07-25T16:34:14+07:00 INFO (6): 
Elapsed Secs: 9.0E-5
Query: SELECT `pemb`.`angsuran_ke` FROM `pembayaran` AS `pemb` WHERE (no_kontrak = '29-MD-00160-15' ) ORDER BY `id_pembayaran` desc
Params: []

2015-07-25T16:34:14+07:00 INFO (6): 
Elapsed Secs: 0.00013
Query: SELECT `cos`.`nama`, `cos`.`nik_costumer`, `pemb`.`angsuran_ke`, `pemb`.`tanggal_pembayaran`, `pinj`.`no_kontrak`, `pinj`.`nilai_pinjaman`, `pinj`.`angsuran_perbulan`, `pinj`.`lama_angsuran` FROM `pembayaran` AS `pemb`
 INNER JOIN `pinjaman` AS `pinj` ON pinj.no_kontrak = pemb.no_kontrak
 INNER JOIN `costumer` AS `cos` ON pinj.nik_costumer = cos.nik_costumer WHERE (pemb.no_kontrak = '29-MD-00160-15') ORDER BY `id_pembayaran` desc
Params: []

2015-07-25T16:34:14+07:00 INFO (6): 
Elapsed Secs: 7.0E-5
Query: SELECT `pembayaran`.`id_pembayaran` FROM `pembayaran` ORDER BY `id_pembayaran` desc
Params: []

2015-07-25T16:34:14+07:00 INFO (6): 
Elapsed Secs: 0.00066
Query: DESCRIBE `kartu_piutang`
Params: []

2015-07-25T16:34:14+07:00 INFO (6): 
Elapsed Secs: 0.00011
Query: SELECT `kartu_piutang`.`denda_terhitung` FROM `kartu_piutang` WHERE (no_kontrak = '29-MD-00160-15') ORDER BY `id_piutang` desc
Params: []

2015-07-25T16:35:32+07:00 INFO (6): 
Elapsed Secs: 0.00117
Query: connect
Params: []

2015-07-25T16:35:32+07:00 INFO (6): 
Elapsed Secs: 0.00086
Query: DESCRIBE `costumer`
Params: []

2015-07-25T16:35:32+07:00 INFO (6): 
Elapsed Secs: 0.00024
Query: connect
Params: []

2015-07-25T16:35:32+07:00 INFO (6): 
Elapsed Secs: 0.00022
Query: SELECT `pinj`.`no_kontrak` FROM `costumer` AS `cos`
 INNER JOIN `pinjaman` AS `pinj` ON pinj.nik_costumer =  cos.nik_costumer
 INNER JOIN `kendaraan` AS `kend` ON kend.no_polisi = pinj.no_polisi
Params: []

2015-07-25T16:35:32+07:00 INFO (6): 
Elapsed Secs: 0.00018
Query: SELECT `pinj`.`no_kontrak`, `cos`.`nama`, `kend`.`no_polisi`, `pinj`.`angsuran_perbulan`, `pinj`.`tanggal_jatuh_tempo` FROM `costumer` AS `cos`
 INNER JOIN `pinjaman` AS `pinj` ON pinj.nik_costumer =  cos.nik_costumer
 INNER JOIN `kendaraan` AS `kend` ON kend.no_polisi = pinj.no_polisi WHERE (pinj.no_kontrak = '29-MF-00001-15') GROUP BY `pinj`.`no_kontrak`
Params: []

2015-07-25T16:35:32+07:00 INFO (6): 
Elapsed Secs: 0.00066
Query: DESCRIBE `pembayaran`
Params: []

2015-07-25T16:35:32+07:00 INFO (6): 
Elapsed Secs: 0.00015
Query: SELECT `pemb`.`angsuran_ke` FROM `pembayaran` AS `pemb` WHERE (no_kontrak = '29-MF-00001-15' ) ORDER BY `id_pembayaran` desc
Params: []

2015-07-25T16:35:32+07:00 INFO (6): 
Elapsed Secs: 0.00014
Query: SELECT `cos`.`nama`, `cos`.`nik_costumer`, `pemb`.`angsuran_ke`, `pemb`.`tanggal_pembayaran`, `pinj`.`no_kontrak`, `pinj`.`nilai_pinjaman`, `pinj`.`angsuran_perbulan`, `pinj`.`lama_angsuran` FROM `pembayaran` AS `pemb`
 INNER JOIN `pinjaman` AS `pinj` ON pinj.no_kontrak = pemb.no_kontrak
 INNER JOIN `costumer` AS `cos` ON pinj.nik_costumer = cos.nik_costumer WHERE (pemb.no_kontrak = '29-MF-00001-15') ORDER BY `id_pembayaran` desc
Params: []

2015-07-25T16:35:32+07:00 INFO (6): 
Elapsed Secs: 0.00011
Query: SELECT `pembayaran`.`id_pembayaran` FROM `pembayaran` ORDER BY `id_pembayaran` desc
Params: []

2015-07-25T16:35:32+07:00 INFO (6): 
Elapsed Secs: 0.00061
Query: DESCRIBE `kartu_piutang`
Params: []

2015-07-25T16:35:32+07:00 INFO (6): 
Elapsed Secs: 0.00011
Query: SELECT `kartu_piutang`.`denda_terhitung` FROM `kartu_piutang` WHERE (no_kontrak = '29-MF-00001-15') ORDER BY `id_piutang` desc
Params: []

2015-07-25T16:37:47+07:00 INFO (6): 
Elapsed Secs: 0.00026
Query: connect
Params: []

2015-07-25T16:37:47+07:00 INFO (6): 
Elapsed Secs: 0.00091
Query: DESCRIBE `costumer`
Params: []

2015-07-25T16:37:47+07:00 INFO (6): 
Elapsed Secs: 0.00026
Query: connect
Params: []

2015-07-25T16:37:47+07:00 INFO (6): 
Elapsed Secs: 0.00023
Query: SELECT `pinj`.`no_kontrak` FROM `costumer` AS `cos`
 INNER JOIN `pinjaman` AS `pinj` ON pinj.nik_costumer =  cos.nik_costumer
 INNER JOIN `kendaraan` AS `kend` ON kend.no_polisi = pinj.no_polisi
Params: []

2015-07-25T16:37:47+07:00 INFO (6): 
Elapsed Secs: 0.0002
Query: SELECT `pinj`.`no_kontrak`, `cos`.`nama`, `kend`.`no_polisi`, `pinj`.`angsuran_perbulan`, `pinj`.`tanggal_jatuh_tempo` FROM `costumer` AS `cos`
 INNER JOIN `pinjaman` AS `pinj` ON pinj.nik_costumer =  cos.nik_costumer
 INNER JOIN `kendaraan` AS `kend` ON kend.no_polisi = pinj.no_polisi WHERE (pinj.no_kontrak = '29-MF-00001-15') GROUP BY `pinj`.`no_kontrak`
Params: []

2015-07-25T16:37:47+07:00 INFO (6): 
Elapsed Secs: 0.00074
Query: DESCRIBE `pembayaran`
Params: []

2015-07-25T16:37:47+07:00 INFO (6): 
Elapsed Secs: 0.00016
Query: SELECT `pemb`.`angsuran_ke` FROM `pembayaran` AS `pemb` WHERE (no_kontrak = '29-MF-00001-15' ) ORDER BY `id_pembayaran` desc
Params: []

2015-07-25T16:37:47+07:00 INFO (6): 
Elapsed Secs: 0.00021
Query: SELECT `cos`.`nama`, `cos`.`nik_costumer`, `pemb`.`angsuran_ke`, `pemb`.`tanggal_pembayaran`, `pinj`.`no_kontrak`, `pinj`.`nilai_pinjaman`, `pinj`.`angsuran_perbulan`, `pinj`.`lama_angsuran` FROM `pembayaran` AS `pemb`
 INNER JOIN `pinjaman` AS `pinj` ON pinj.no_kontrak = pemb.no_kontrak
 INNER JOIN `costumer` AS `cos` ON pinj.nik_costumer = cos.nik_costumer WHERE (pemb.no_kontrak = '29-MF-00001-15') ORDER BY `id_pembayaran` desc
Params: []

2015-07-25T16:37:47+07:00 INFO (6): 
Elapsed Secs: 0.00013
Query: SELECT `pembayaran`.`id_pembayaran` FROM `pembayaran` ORDER BY `id_pembayaran` desc
Params: []

2015-07-25T16:37:47+07:00 INFO (6): 
Elapsed Secs: 0.00072
Query: DESCRIBE `kartu_piutang`
Params: []

2015-07-25T16:37:47+07:00 INFO (6): 
Elapsed Secs: 0.00011
Query: SELECT `kartu_piutang`.`denda_terhitung` FROM `kartu_piutang` WHERE (no_kontrak = '29-MF-00001-15') ORDER BY `id_piutang` desc
Params: []

2015-07-25T16:37:55+07:00 INFO (6): 
Elapsed Secs: 0.00028
Query: connect
Params: []

2015-07-25T16:37:55+07:00 INFO (6): 
Elapsed Secs: 0.00091
Query: DESCRIBE `costumer`
Params: []

2015-07-25T16:37:55+07:00 INFO (6): 
Elapsed Secs: 0.00024
Query: connect
Params: []

2015-07-25T16:37:55+07:00 INFO (6): 
Elapsed Secs: 0.00024
Query: SELECT `pinj`.`no_kontrak` FROM `costumer` AS `cos`
 INNER JOIN `pinjaman` AS `pinj` ON pinj.nik_costumer =  cos.nik_costumer
 INNER JOIN `kendaraan` AS `kend` ON kend.no_polisi = pinj.no_polisi
Params: []

2015-07-25T16:37:55+07:00 INFO (6): 
Elapsed Secs: 0.00019
Query: SELECT `pinj`.`no_kontrak`, `cos`.`nama`, `kend`.`no_polisi`, `pinj`.`angsuran_perbulan`, `pinj`.`tanggal_jatuh_tempo` FROM `costumer` AS `cos`
 INNER JOIN `pinjaman` AS `pinj` ON pinj.nik_costumer =  cos.nik_costumer
 INNER JOIN `kendaraan` AS `kend` ON kend.no_polisi = pinj.no_polisi WHERE (pinj.no_kontrak = '29-MF-00001-15') GROUP BY `pinj`.`no_kontrak`
Params: []

2015-07-25T16:37:55+07:00 INFO (6): 
Elapsed Secs: 0.00068
Query: DESCRIBE `pembayaran`
Params: []

2015-07-25T16:37:55+07:00 INFO (6): 
Elapsed Secs: 0.00014
Query: SELECT `pemb`.`angsuran_ke` FROM `pembayaran` AS `pemb` WHERE (no_kontrak = '29-MF-00001-15' ) ORDER BY `id_pembayaran` desc
Params: []

2015-07-25T16:37:55+07:00 INFO (6): 
Elapsed Secs: 0.00018
Query: SELECT `cos`.`nama`, `cos`.`nik_costumer`, `pemb`.`angsuran_ke`, `pemb`.`tanggal_pembayaran`, `pinj`.`no_kontrak`, `pinj`.`nilai_pinjaman`, `pinj`.`angsuran_perbulan`, `pinj`.`lama_angsuran` FROM `pembayaran` AS `pemb`
 INNER JOIN `pinjaman` AS `pinj` ON pinj.no_kontrak = pemb.no_kontrak
 INNER JOIN `costumer` AS `cos` ON pinj.nik_costumer = cos.nik_costumer WHERE (pemb.no_kontrak = '29-MF-00001-15') ORDER BY `id_pembayaran` desc
Params: []

2015-07-25T16:37:55+07:00 INFO (6): 
Elapsed Secs: 0.0001
Query: SELECT `pembayaran`.`id_pembayaran` FROM `pembayaran` ORDER BY `id_pembayaran` desc
Params: []

2015-07-25T16:37:55+07:00 INFO (6): 
Elapsed Secs: 0.00067
Query: DESCRIBE `kartu_piutang`
Params: []

2015-07-25T16:37:55+07:00 INFO (6): 
Elapsed Secs: 0.00012
Query: SELECT `kartu_piutang`.`denda_terhitung` FROM `kartu_piutang` WHERE (no_kontrak = '29-MF-00001-15') ORDER BY `id_piutang` desc
Params: []

2015-07-25T16:44:27+07:00 INFO (6): 
Elapsed Secs: 0.00028
Query: connect
Params: []

2015-07-25T16:44:27+07:00 INFO (6): 
Elapsed Secs: 0.00137
Query: DESCRIBE `costumer`
Params: []

2015-07-25T16:44:27+07:00 INFO (6): 
Elapsed Secs: 0.00021
Query: connect
Params: []

2015-07-25T16:44:27+07:00 INFO (6): 
Elapsed Secs: 0.00023
Query: SELECT `pinj`.`no_kontrak` FROM `costumer` AS `cos`
 INNER JOIN `pinjaman` AS `pinj` ON pinj.nik_costumer =  cos.nik_costumer
 INNER JOIN `kendaraan` AS `kend` ON kend.no_polisi = pinj.no_polisi
Params: []

2015-07-25T16:44:27+07:00 INFO (6): 
Elapsed Secs: 0.00019
Query: SELECT `pinj`.`no_kontrak`, `cos`.`nama`, `kend`.`no_polisi`, `pinj`.`angsuran_perbulan`, `pinj`.`tanggal_jatuh_tempo` FROM `costumer` AS `cos`
 INNER JOIN `pinjaman` AS `pinj` ON pinj.nik_costumer =  cos.nik_costumer
 INNER JOIN `kendaraan` AS `kend` ON kend.no_polisi = pinj.no_polisi WHERE (pinj.no_kontrak = '29-MF-00001-15') GROUP BY `pinj`.`no_kontrak`
Params: []

2015-07-25T16:44:27+07:00 INFO (6): 
Elapsed Secs: 0.0009
Query: DESCRIBE `pembayaran`
Params: []

2015-07-25T16:44:27+07:00 INFO (6): 
Elapsed Secs: 0.00014
Query: SELECT `pemb`.`angsuran_ke` FROM `pembayaran` AS `pemb` WHERE (no_kontrak = '29-MF-00001-15' ) ORDER BY `id_pembayaran` desc
Params: []

2015-07-25T16:44:27+07:00 INFO (6): 
Elapsed Secs: 0.00018
Query: SELECT `cos`.`nama`, `cos`.`nik_costumer`, `pemb`.`angsuran_ke`, `pemb`.`tanggal_pembayaran`, `pinj`.`no_kontrak`, `pinj`.`nilai_pinjaman`, `pinj`.`angsuran_perbulan`, `pinj`.`lama_angsuran` FROM `pembayaran` AS `pemb`
 INNER JOIN `pinjaman` AS `pinj` ON pinj.no_kontrak = pemb.no_kontrak
 INNER JOIN `costumer` AS `cos` ON pinj.nik_costumer = cos.nik_costumer WHERE (pemb.no_kontrak = '29-MF-00001-15') ORDER BY `id_pembayaran` desc
Params: []

2015-07-25T16:44:27+07:00 INFO (6): 
Elapsed Secs: 0.00037
Query: SELECT `pembayaran`.`id_pembayaran` FROM `pembayaran` ORDER BY `id_pembayaran` desc
Params: []

2015-07-25T16:44:27+07:00 INFO (6): 
Elapsed Secs: 0.0009
Query: DESCRIBE `kartu_piutang`
Params: []

2015-07-25T16:44:27+07:00 INFO (6): 
Elapsed Secs: 0.00012
Query: SELECT `kartu_piutang`.`denda_terhitung` FROM `kartu_piutang` WHERE (no_kontrak = '29-MF-00001-15') ORDER BY `id_piutang` desc
Params: []

2015-07-25T16:46:22+07:00 INFO (6): 
Elapsed Secs: 0.00053
Query: connect
Params: []

2015-07-25T16:46:22+07:00 INFO (6): 
Elapsed Secs: 0.00288
Query: DESCRIBE `costumer`
Params: []

2015-07-25T16:46:22+07:00 INFO (6): 
Elapsed Secs: 0.00027
Query: connect
Params: []

2015-07-25T16:46:22+07:00 INFO (6): 
Elapsed Secs: 0.0003
Query: SELECT `pinj`.`no_kontrak` FROM `costumer` AS `cos`
 INNER JOIN `pinjaman` AS `pinj` ON pinj.nik_costumer =  cos.nik_costumer
 INNER JOIN `kendaraan` AS `kend` ON kend.no_polisi = pinj.no_polisi
Params: []

2015-07-25T16:46:22+07:00 INFO (6): 
Elapsed Secs: 0.00024
Query: SELECT `pinj`.`no_kontrak`, `cos`.`nama`, `kend`.`no_polisi`, `pinj`.`angsuran_perbulan`, `pinj`.`tanggal_jatuh_tempo` FROM `costumer` AS `cos`
 INNER JOIN `pinjaman` AS `pinj` ON pinj.nik_costumer =  cos.nik_costumer
 INNER JOIN `kendaraan` AS `kend` ON kend.no_polisi = pinj.no_polisi WHERE (pinj.no_kontrak = '29-MF-00001-15') GROUP BY `pinj`.`no_kontrak`
Params: []

2015-07-25T16:46:22+07:00 INFO (6): 
Elapsed Secs: 0.00118
Query: DESCRIBE `pembayaran`
Params: []

2015-07-25T16:46:22+07:00 INFO (6): 
Elapsed Secs: 0.0002
Query: SELECT `pemb`.`angsuran_ke` FROM `pembayaran` AS `pemb` WHERE (no_kontrak = '29-MF-00001-15' ) ORDER BY `id_pembayaran` desc
Params: []

2015-07-25T16:46:22+07:00 INFO (6): 
Elapsed Secs: 0.00024
Query: SELECT `cos`.`nama`, `cos`.`nik_costumer`, `pemb`.`angsuran_ke`, `pemb`.`tanggal_pembayaran`, `pinj`.`no_kontrak`, `pinj`.`nilai_pinjaman`, `pinj`.`angsuran_perbulan`, `pinj`.`lama_angsuran` FROM `pembayaran` AS `pemb`
 INNER JOIN `pinjaman` AS `pinj` ON pinj.no_kontrak = pemb.no_kontrak
 INNER JOIN `costumer` AS `cos` ON pinj.nik_costumer = cos.nik_costumer WHERE (pemb.no_kontrak = '29-MF-00001-15') ORDER BY `id_pembayaran` desc
Params: []

2015-07-25T16:46:22+07:00 INFO (6): 
Elapsed Secs: 0.00019
Query: SELECT `pembayaran`.`id_pembayaran` FROM `pembayaran` ORDER BY `id_pembayaran` desc
Params: []

2015-07-25T16:46:22+07:00 INFO (6): 
Elapsed Secs: 0.00129
Query: DESCRIBE `kartu_piutang`
Params: []

2015-07-25T16:46:22+07:00 INFO (6): 
Elapsed Secs: 0.00016
Query: SELECT `kartu_piutang`.`denda_terhitung` FROM `kartu_piutang` WHERE (no_kontrak = '29-MF-00001-15') ORDER BY `id_piutang` desc
Params: []

2015-07-25T16:49:26+07:00 INFO (6): 
Elapsed Secs: 0.00026
Query: connect
Params: []

2015-07-25T16:49:26+07:00 INFO (6): 
Elapsed Secs: 0.06751
Query: UPDATE `user_login` SET `status` = ?, `last_login` = ? WHERE (status = 1)
Params: {"1":0,"2":"2015-07-25 15:47:59"}

2015-07-25T16:49:26+07:00 INFO (6): 
Elapsed Secs: 0.00096
Query: DESCRIBE `costumer`
Params: []

2015-07-25T16:49:26+07:00 INFO (6): 
Elapsed Secs: 0.00027
Query: connect
Params: []

2015-07-25T16:49:26+07:00 INFO (6): 
Elapsed Secs: 0.00022
Query: SELECT `pinj`.`no_kontrak` FROM `costumer` AS `cos`
 INNER JOIN `pinjaman` AS `pinj` ON pinj.nik_costumer =  cos.nik_costumer
 INNER JOIN `kendaraan` AS `kend` ON kend.no_polisi = pinj.no_polisi
Params: []

2015-07-25T16:49:26+07:00 INFO (6): 
Elapsed Secs: 0.00016
Query: SELECT `pinj`.`no_kontrak`, `cos`.`nama`, `kend`.`no_polisi`, `pinj`.`angsuran_perbulan`, `pinj`.`tanggal_jatuh_tempo` FROM `costumer` AS `cos`
 INNER JOIN `pinjaman` AS `pinj` ON pinj.nik_costumer =  cos.nik_costumer
 INNER JOIN `kendaraan` AS `kend` ON kend.no_polisi = pinj.no_polisi WHERE (pinj.no_kontrak = '29-MF-00001-15') GROUP BY `pinj`.`no_kontrak`
Params: []

2015-07-25T16:49:26+07:00 INFO (6): 
Elapsed Secs: 0.00068
Query: DESCRIBE `pembayaran`
Params: []

2015-07-25T16:49:26+07:00 INFO (6): 
Elapsed Secs: 0.00012
Query: SELECT `pemb`.`angsuran_ke` FROM `pembayaran` AS `pemb` WHERE (no_kontrak = '29-MF-00001-15' ) ORDER BY `id_pembayaran` desc
Params: []

2015-07-25T16:49:26+07:00 INFO (6): 
Elapsed Secs: 0.00015
Query: SELECT `cos`.`nama`, `cos`.`nik_costumer`, `pemb`.`angsuran_ke`, `pemb`.`tanggal_pembayaran`, `pinj`.`no_kontrak`, `pinj`.`nilai_pinjaman`, `pinj`.`angsuran_perbulan`, `pinj`.`lama_angsuran` FROM `pembayaran` AS `pemb`
 INNER JOIN `pinjaman` AS `pinj` ON pinj.no_kontrak = pemb.no_kontrak
 INNER JOIN `costumer` AS `cos` ON pinj.nik_costumer = cos.nik_costumer WHERE (pemb.no_kontrak = '29-MF-00001-15') ORDER BY `id_pembayaran` desc
Params: []

2015-07-25T16:49:26+07:00 INFO (6): 
Elapsed Secs: 0.00013
Query: SELECT `pembayaran`.`id_pembayaran` FROM `pembayaran` ORDER BY `id_pembayaran` desc
Params: []

2015-07-25T16:49:26+07:00 INFO (6): 
Elapsed Secs: 0.00066
Query: DESCRIBE `kartu_piutang`
Params: []

2015-07-25T16:49:26+07:00 INFO (6): 
Elapsed Secs: 0.0001
Query: SELECT `kartu_piutang`.`denda_terhitung` FROM `kartu_piutang` WHERE (no_kontrak = '29-MF-00001-15') ORDER BY `id_piutang` desc
Params: []

2015-07-25T16:52:26+07:00 INFO (6): 
Elapsed Secs: 0.00025
Query: connect
Params: []

2015-07-25T16:52:26+07:00 INFO (6): 
Elapsed Secs: 0.00109
Query: DESCRIBE `user`
Params: []

2015-07-25T16:52:26+07:00 INFO (6): 
Elapsed Secs: 0.00021
Query: connect
Params: []

2015-07-25T16:52:26+07:00 INFO (6): 
Elapsed Secs: 0.00026
Query: SELECT `user`.*, `cabang`.* FROM `user`
 INNER JOIN `cabang` ON cabang.id_cabang = user.id_cabang WHERE (user.username = 'kasir') AND (user.password = 'd033e22ae348aeb5660fc2140aec35850c4da997')
Params: []

2015-07-25T16:52:26+07:00 INFO (6): 
Elapsed Secs: 0.00022
Query: SELECT `user`.*, `user_login`.*, `cabang`.* FROM `user`
 INNER JOIN `user_login` ON user_login.id_user = user.id_user
 INNER JOIN `cabang` ON cabang.id_cabang = user.id_cabang WHERE (user.id_user = '18')
Params: []

2015-07-25T16:52:26+07:00 INFO (6): 
Elapsed Secs: 0.12525
Query: UPDATE `user_login` SET `status` = ?, `login_time` = NOW(), `ip_login` = ?, `last_login` = ? WHERE (id_user = '18')
Params: {"1":1,"2":"127.0.0.1","3":"2015-07-25 15:47:59"}

2015-07-25T16:52:26+07:00 INFO (6): 
Elapsed Secs: 0.00034
Query: SELECT `user`.*, `user_login`.*, `cabang`.* FROM `user`
 INNER JOIN `user_login` ON user_login.id_user = user.id_user
 INNER JOIN `cabang` ON cabang.id_cabang = user.id_cabang WHERE (user.id_user = '18')
Params: []

2015-07-25T16:52:33+07:00 INFO (6): 
Elapsed Secs: 0.00056
Query: connect
Params: []

2015-07-25T16:52:33+07:00 INFO (6): 
Elapsed Secs: 0.00265
Query: DESCRIBE `cabang`
Params: []

2015-07-25T16:52:33+07:00 INFO (6): 
Elapsed Secs: 0.00042
Query: SELECT `cabang`.* FROM `cabang` WHERE (id_cabang = '29' ) LIMIT 1
Params: []

2015-07-25T16:52:33+07:00 INFO (6): 
Elapsed Secs: 0.00202
Query: DESCRIBE `pembayaran`
Params: []

2015-07-25T16:52:33+07:00 INFO (6): 
Elapsed Secs: 0.00041
Query: SELECT `cos`.`nama`, `cos`.`nik_costumer`, `pinj`.`id_pinjaman`, `pinj`.`no_kontrak`, `pinj`.`nilai_pinjaman`, `pinj`.`lama_angsuran`, `kend`.`no_polisi` FROM `pembayaran` AS `pemb`
 INNER JOIN `pinjaman` AS `pinj` ON pinj.no_kontrak = pemb.no_kontrak
 INNER JOIN `costumer` AS `cos` ON cos.nik_costumer =  pinj.nik_costumer
 INNER JOIN `cabang` AS `cab` ON cos.id_cabang = cab.id_cabang
 INNER JOIN `kendaraan` AS `kend` ON kend.no_polisi= pinj.no_polisi WHERE (cab.id_cabang = '29') GROUP BY `pemb`.`no_kontrak` ORDER BY `pemb`.`angsuran_ke` desc
Params: []

2015-07-25T16:52:36+07:00 INFO (6): 
Elapsed Secs: 0.00025
Query: connect
Params: []

2015-07-25T16:52:36+07:00 INFO (6): 
Elapsed Secs: 0.00081
Query: DESCRIBE `costumer`
Params: []

2015-07-25T16:52:36+07:00 INFO (6): 
Elapsed Secs: 0.00025
Query: connect
Params: []

2015-07-25T16:52:36+07:00 INFO (6): 
Elapsed Secs: 0.0002
Query: SELECT `pinj`.`no_kontrak` FROM `costumer` AS `cos`
 INNER JOIN `pinjaman` AS `pinj` ON pinj.nik_costumer =  cos.nik_costumer
 INNER JOIN `kendaraan` AS `kend` ON kend.no_polisi = pinj.no_polisi
Params: []

2015-07-25T16:52:40+07:00 INFO (6): 
Elapsed Secs: 0.00028
Query: connect
Params: []

2015-07-25T16:52:40+07:00 INFO (6): 
Elapsed Secs: 0.00106
Query: DESCRIBE `costumer`
Params: []

2015-07-25T16:52:40+07:00 INFO (6): 
Elapsed Secs: 0.00027
Query: connect
Params: []

2015-07-25T16:52:40+07:00 INFO (6): 
Elapsed Secs: 0.00019
Query: SELECT `pinj`.`no_kontrak` FROM `costumer` AS `cos`
 INNER JOIN `pinjaman` AS `pinj` ON pinj.nik_costumer =  cos.nik_costumer
 INNER JOIN `kendaraan` AS `kend` ON kend.no_polisi = pinj.no_polisi
Params: []

2015-07-25T16:52:40+07:00 INFO (6): 
Elapsed Secs: 0.00016
Query: SELECT `pinj`.`no_kontrak`, `cos`.`nama`, `kend`.`no_polisi`, `pinj`.`angsuran_perbulan`, `pinj`.`tanggal_jatuh_tempo` FROM `costumer` AS `cos`
 INNER JOIN `pinjaman` AS `pinj` ON pinj.nik_costumer =  cos.nik_costumer
 INNER JOIN `kendaraan` AS `kend` ON kend.no_polisi = pinj.no_polisi WHERE (pinj.no_kontrak = '29-MF-00001-15') GROUP BY `pinj`.`no_kontrak`
Params: []

2015-07-25T16:52:40+07:00 INFO (6): 
Elapsed Secs: 0.00066
Query: DESCRIBE `pembayaran`
Params: []

2015-07-25T16:52:40+07:00 INFO (6): 
Elapsed Secs: 0.00013
Query: SELECT `pemb`.`angsuran_ke` FROM `pembayaran` AS `pemb` WHERE (no_kontrak = '29-MF-00001-15' ) ORDER BY `id_pembayaran` desc
Params: []

2015-07-25T16:52:40+07:00 INFO (6): 
Elapsed Secs: 0.00016
Query: SELECT `cos`.`nama`, `cos`.`nik_costumer`, `pemb`.`angsuran_ke`, `pemb`.`tanggal_pembayaran`, `pinj`.`no_kontrak`, `pinj`.`nilai_pinjaman`, `pinj`.`angsuran_perbulan`, `pinj`.`lama_angsuran` FROM `pembayaran` AS `pemb`
 INNER JOIN `pinjaman` AS `pinj` ON pinj.no_kontrak = pemb.no_kontrak
 INNER JOIN `costumer` AS `cos` ON pinj.nik_costumer = cos.nik_costumer WHERE (pemb.no_kontrak = '29-MF-00001-15') ORDER BY `id_pembayaran` desc
Params: []

2015-07-25T16:52:40+07:00 INFO (6): 
Elapsed Secs: 0.0001
Query: SELECT `pembayaran`.`id_pembayaran` FROM `pembayaran` ORDER BY `id_pembayaran` desc
Params: []

2015-07-25T16:52:40+07:00 INFO (6): 
Elapsed Secs: 0.00065
Query: DESCRIBE `kartu_piutang`
Params: []

2015-07-25T16:52:40+07:00 INFO (6): 
Elapsed Secs: 0.00013
Query: SELECT `kartu_piutang`.`denda_terhitung` FROM `kartu_piutang` WHERE (no_kontrak = '29-MF-00001-15') ORDER BY `id_piutang` desc
Params: []

