2015-07-04T12:00:00+07:00 INFO (6): 
Elapsed Secs: 0.00023
Query: connect
Params: []

2015-07-04T12:00:00+07:00 INFO (6): 
Elapsed Secs: 0.00102
Query: DESCRIBE `costumer`
Params: []

2015-07-04T12:00:00+07:00 INFO (6): 
Elapsed Secs: 0.00017
Query: SELECT `costumer`.* FROM `costumer` WHERE (nik_costumer ='1234-111-23-90') LIMIT 1
Params: []

2015-07-04T12:00:03+07:00 INFO (6): 
Elapsed Secs: 0.00027
Query: connect
Params: []

2015-07-04T12:00:03+07:00 INFO (6): 
Elapsed Secs: 0.00098
Query: DESCRIBE `penjamin`
Params: []

2015-07-04T12:00:03+07:00 INFO (6): 
Elapsed Secs: 0.00027
Query: connect
Params: []

2015-07-04T12:00:03+07:00 INFO (6): 
Elapsed Secs: 0.00031
Query: SELECT `pe`.*, `cos`.`id_cabang`, `cos`.`id_user`, `cb`.`cabang` FROM `penjamin` AS `pe`
 INNER JOIN `costumer` AS `cos` ON pe.nik_costumer = cos.nik_costumer
 INNER JOIN `user` AS `us` ON us.id_user = cos.id_user
 INNER JOIN `cabang` AS `cb` ON cb.id_cabang = cos.id_cabang WHERE (us.id_user= '16') AND (cb.id_cabang = '29')
Params: []

2015-07-04T12:00:11+07:00 INFO (6): 
Elapsed Secs: 0.00026
Query: connect
Params: []

2015-07-04T12:00:11+07:00 INFO (6): 
Elapsed Secs: 0.00124
Query: DESCRIBE `costumer`
Params: []

2015-07-04T12:00:11+07:00 INFO (6): 
Elapsed Secs: 0.00026
Query: SELECT `cos`.`nik_costumer`, `cos`.`nama`, `cos`.`alamat`, `cos`.`jenis_kelamin`, `cos`.`tempat_lahir`, `cos`.`tanggal_lahir`, `cos`.`nama_ibu`, `cos`.`agama`, `cos`.`status`, `cos`.`pekerjaan`, `cos`.`alamat_tempat_kerja`, `cos`.`hp`, `cos`.`telpon`, `us`.`realname`, `cb`.`cabang` FROM `costumer` AS `cos`
 INNER JOIN `user` AS `us` ON cos.id_user=us.id_user
 INNER JOIN `cabang` AS `cb` ON us.id_cabang = cb.id_cabang WHERE (cos.id_user = '16')
Params: []

2015-07-04T12:00:13+07:00 INFO (6): 
Elapsed Secs: 0.00032
Query: connect
Params: []

2015-07-04T12:00:13+07:00 INFO (6): 
Elapsed Secs: 0.00108
Query: DESCRIBE `costumer`
Params: []

2015-07-04T12:00:13+07:00 INFO (6): 
Elapsed Secs: 0.00026
Query: SELECT `cos`.`nik_costumer`, `cos`.`nama`, `cos`.`alamat`, `cos`.`jenis_kelamin`, `cos`.`tempat_lahir`, `cos`.`tanggal_lahir`, `cos`.`nama_ibu`, `cos`.`agama`, `cos`.`status`, `cos`.`pekerjaan`, `cos`.`alamat_tempat_kerja`, `cos`.`hp`, `cos`.`telpon`, `us`.`realname`, `cb`.`cabang` FROM `costumer` AS `cos`
 INNER JOIN `user` AS `us` ON cos.id_user=us.id_user
 INNER JOIN `cabang` AS `cb` ON us.id_cabang = cb.id_cabang WHERE (cos.nik_costumer = '1234-111-23-90')
Params: []

2015-07-04T12:00:13+07:00 INFO (6): 
Elapsed Secs: 0.00026
Query: connect
Params: []

2015-07-04T12:00:13+07:00 INFO (6): 
Elapsed Secs: 0.00023
Query: SELECT `penj`.* FROM `costumer` AS `cos`
 INNER JOIN `penjamin` AS `penj` ON penj.nik_costumer = cos.nik_costumer WHERE (cos.nik_costumer = '1234-111-23-90')
Params: []

2015-07-04T12:00:14+07:00 INFO (6): 
Elapsed Secs: 0.00029
Query: connect
Params: []

2015-07-04T12:00:14+07:00 INFO (6): 
Elapsed Secs: 0.0013
Query: DESCRIBE `costumer`
Params: []

2015-07-04T12:00:14+07:00 INFO (6): 
Elapsed Secs: 0.0002
Query: SELECT `costumer`.* FROM `costumer` WHERE (nik_costumer ='1234-111-23-90') LIMIT 1
Params: []

2015-07-04T12:00:30+07:00 INFO (6): 
Elapsed Secs: 0.00035
Query: connect
Params: []

2015-07-04T12:00:30+07:00 INFO (6): 
Elapsed Secs: 0.02048
Query: DESCRIBE `costumer`
Params: []

2015-07-04T12:00:30+07:00 INFO (6): 
Elapsed Secs: 0.00026
Query: SELECT `cos`.`nik_costumer`, `cos`.`nama`, `cos`.`alamat`, `cos`.`jenis_kelamin`, `cos`.`tempat_lahir`, `cos`.`tanggal_lahir`, `cos`.`nama_ibu`, `cos`.`agama`, `cos`.`status`, `cos`.`pekerjaan`, `cos`.`alamat_tempat_kerja`, `cos`.`hp`, `cos`.`telpon`, `us`.`realname`, `cb`.`cabang` FROM `costumer` AS `cos`
 INNER JOIN `user` AS `us` ON cos.id_user=us.id_user
 INNER JOIN `cabang` AS `cb` ON us.id_cabang = cb.id_cabang WHERE (cos.id_user = '16')
Params: []

2015-07-04T12:01:27+07:00 INFO (6): 
Elapsed Secs: 0.00027
Query: connect
Params: []

2015-07-04T12:01:27+07:00 INFO (6): 
Elapsed Secs: 0.00117
Query: DESCRIBE `cabang`
Params: []

2015-07-04T12:01:27+07:00 INFO (6): 
Elapsed Secs: 0.0002
Query: SELECT `cabang`.* FROM `cabang` WHERE (id_cabang = '29' ) LIMIT 1
Params: []

2015-07-04T12:01:27+07:00 INFO (6): 
Elapsed Secs: 0.00098
Query: DESCRIBE `kendaraan`
Params: []

2015-07-04T12:01:27+07:00 INFO (6): 
Elapsed Secs: 0.00016
Query: connect
Params: []

2015-07-04T12:01:27+07:00 INFO (6): 
Elapsed Secs: 0.00029
Query: SELECT `ken`.*, `cos`.`id_cabang`, `us`.`id_user`, `cb`.`cabang` FROM `kendaraan` AS `ken`
 INNER JOIN `costumer` AS `cos` ON cos.nik_costumer=ken.nik_costumer
 INNER JOIN `user` AS `us` ON us.id_user = cos.id_user
 INNER JOIN `cabang` AS `cb` ON cos.id_cabang = cb.id_cabang WHERE (us.id_user = '16') AND (cb.id_cabang = '29')
Params: []

2015-07-04T12:01:30+07:00 INFO (6): 
Elapsed Secs: 0.00056
Query: connect
Params: []

2015-07-04T12:01:30+07:00 INFO (6): 
Elapsed Secs: 0.00209
Query: DESCRIBE `costumer`
Params: []

2015-07-04T12:01:30+07:00 INFO (6): 
Elapsed Secs: 0.00038
Query: SELECT `cos`.`nik_costumer`, `cos`.`nama`, `cos`.`alamat`, `cos`.`jenis_kelamin`, `cos`.`tempat_lahir`, `cos`.`tanggal_lahir`, `cos`.`nama_ibu`, `cos`.`agama`, `cos`.`status`, `cos`.`pekerjaan`, `cos`.`alamat_tempat_kerja`, `cos`.`hp`, `cos`.`telpon`, `us`.`realname`, `cb`.`cabang` FROM `costumer` AS `cos`
 INNER JOIN `user` AS `us` ON cos.id_user=us.id_user
 INNER JOIN `cabang` AS `cb` ON us.id_cabang = cb.id_cabang WHERE (cos.id_user = '16')
Params: []

2015-07-04T12:01:32+07:00 INFO (6): 
Elapsed Secs: 0.00058
Query: connect
Params: []

2015-07-04T12:01:32+07:00 INFO (6): 
Elapsed Secs: 0.00194
Query: DESCRIBE `costumer`
Params: []

2015-07-04T12:01:32+07:00 INFO (6): 
Elapsed Secs: 0.00031
Query: SELECT `cos`.`nik_costumer`, `cos`.`nama`, `cos`.`alamat`, `cos`.`jenis_kelamin`, `cos`.`tempat_lahir`, `cos`.`tanggal_lahir`, `cos`.`nama_ibu`, `cos`.`agama`, `cos`.`status`, `cos`.`pekerjaan`, `cos`.`alamat_tempat_kerja`, `cos`.`hp`, `cos`.`telpon`, `us`.`realname`, `cb`.`cabang` FROM `costumer` AS `cos`
 INNER JOIN `user` AS `us` ON cos.id_user=us.id_user
 INNER JOIN `cabang` AS `cb` ON us.id_cabang = cb.id_cabang WHERE (cos.id_user = '16')
Params: []

2015-07-04T12:01:33+07:00 INFO (6): 
Elapsed Secs: 0.0005
Query: connect
Params: []

2015-07-04T12:01:33+07:00 INFO (6): 
Elapsed Secs: 0.00212
Query: DESCRIBE `costumer`
Params: []

2015-07-04T12:01:33+07:00 INFO (6): 
Elapsed Secs: 0.00041
Query: SELECT `cos`.`nik_costumer`, `cos`.`nama`, `cos`.`alamat`, `cos`.`jenis_kelamin`, `cos`.`tempat_lahir`, `cos`.`tanggal_lahir`, `cos`.`nama_ibu`, `cos`.`agama`, `cos`.`status`, `cos`.`pekerjaan`, `cos`.`alamat_tempat_kerja`, `cos`.`hp`, `cos`.`telpon`, `us`.`realname`, `cb`.`cabang` FROM `costumer` AS `cos`
 INNER JOIN `user` AS `us` ON cos.id_user=us.id_user
 INNER JOIN `cabang` AS `cb` ON us.id_cabang = cb.id_cabang WHERE (cos.nik_costumer = '1234-111-23-90')
Params: []

2015-07-04T12:01:33+07:00 INFO (6): 
Elapsed Secs: 0.00037
Query: connect
Params: []

2015-07-04T12:01:33+07:00 INFO (6): 
Elapsed Secs: 0.00033
Query: SELECT `penj`.* FROM `costumer` AS `cos`
 INNER JOIN `penjamin` AS `penj` ON penj.nik_costumer = cos.nik_costumer WHERE (cos.nik_costumer = '1234-111-23-90')
Params: []

2015-07-04T12:01:39+07:00 INFO (6): 
Elapsed Secs: 0.00026
Query: connect
Params: []

2015-07-04T12:01:39+07:00 INFO (6): 
Elapsed Secs: 0.00097
Query: DESCRIBE `cabang`
Params: []

2015-07-04T12:01:39+07:00 INFO (6): 
Elapsed Secs: 0.00018
Query: SELECT `cabang`.* FROM `cabang` WHERE (id_cabang = '29' ) LIMIT 1
Params: []

2015-07-04T12:01:39+07:00 INFO (6): 
Elapsed Secs: 0.00078
Query: DESCRIBE `kendaraan`
Params: []

2015-07-04T12:01:39+07:00 INFO (6): 
Elapsed Secs: 0.00018
Query: connect
Params: []

2015-07-04T12:01:39+07:00 INFO (6): 
Elapsed Secs: 0.00025
Query: SELECT `ken`.*, `cos`.`id_cabang`, `us`.`id_user`, `cb`.`cabang` FROM `kendaraan` AS `ken`
 INNER JOIN `costumer` AS `cos` ON cos.nik_costumer=ken.nik_costumer
 INNER JOIN `user` AS `us` ON us.id_user = cos.id_user
 INNER JOIN `cabang` AS `cb` ON cos.id_cabang = cb.id_cabang WHERE (us.id_user = '16') AND (cb.id_cabang = '29')
Params: []

2015-07-04T12:01:45+07:00 INFO (6): 
Elapsed Secs: 0.00031
Query: connect
Params: []

2015-07-04T12:01:45+07:00 INFO (6): 
Elapsed Secs: 0.00117
Query: DESCRIBE `kendaraan`
Params: []

2015-07-04T12:01:45+07:00 INFO (6): 
Elapsed Secs: 0.0002
Query: connect
Params: []

2015-07-04T12:01:45+07:00 INFO (6): 
Elapsed Secs: 0.00033
Query: SELECT `ken`.*, `cos`.`id_cabang`, `us`.`id_user`, `cb`.`cabang` FROM `kendaraan` AS `ken`
 INNER JOIN `costumer` AS `cos` ON cos.nik_costumer=ken.nik_costumer
 INNER JOIN `user` AS `us` ON us.id_user = cos.id_user
 INNER JOIN `cabang` AS `cb` ON cos.id_cabang = cb.id_cabang
Params: []

2015-07-04T12:02:18+07:00 INFO (6): 
Elapsed Secs: 0.00023
Query: connect
Params: []

2015-07-04T12:02:18+07:00 INFO (6): 
Elapsed Secs: 0.00104
Query: DESCRIBE `cabang`
Params: []

2015-07-04T12:02:18+07:00 INFO (6): 
Elapsed Secs: 0.00019
Query: SELECT `cabang`.* FROM `cabang` WHERE (id_cabang = '29' ) LIMIT 1
Params: []

2015-07-04T12:02:18+07:00 INFO (6): 
Elapsed Secs: 0.00084
Query: DESCRIBE `pinjaman`
Params: []

2015-07-04T12:02:18+07:00 INFO (6): 
Elapsed Secs: 0.00029
Query: SELECT `pin`.*, `cos`.`nama` FROM `pinjaman` AS `pin`
 INNER JOIN `costumer` AS `cos` ON pin.nik_costumer = cos.nik_costumer
 INNER JOIN `user` AS `us` ON cos.id_user = us.id_user
 INNER JOIN `cabang` AS `cb` ON us.id_cabang = cb.id_cabang WHERE (us.id_user = '16') AND (cb.id_cabang = '29')
Params: []

2015-07-04T12:02:56+07:00 INFO (6): 
Elapsed Secs: 0.00027
Query: connect
Params: []

2015-07-04T12:02:56+07:00 INFO (6): 
Elapsed Secs: 0.00125
Query: DESCRIBE `cabang`
Params: []

2015-07-04T12:02:56+07:00 INFO (6): 
Elapsed Secs: 0.00021
Query: SELECT `cabang`.* FROM `cabang` WHERE (id_cabang = '29' ) LIMIT 1
Params: []

2015-07-04T12:02:56+07:00 INFO (6): 
Elapsed Secs: 0.00103
Query: DESCRIBE `pinjaman`
Params: []

2015-07-04T12:02:56+07:00 INFO (6): 
Elapsed Secs: 0.00026
Query: SELECT `pin`.*, `cos`.`nama` FROM `pinjaman` AS `pin`
 INNER JOIN `costumer` AS `cos` ON pin.nik_costumer = cos.nik_costumer
 INNER JOIN `user` AS `us` ON cos.id_user = us.id_user
 INNER JOIN `cabang` AS `cb` ON us.id_cabang = cb.id_cabang WHERE (us.id_user = '16') AND (cb.id_cabang = '29')
Params: []

2015-07-04T12:05:04+07:00 INFO (6): 
Elapsed Secs: 0.00026
Query: connect
Params: []

2015-07-04T12:05:04+07:00 INFO (6): 
Elapsed Secs: 0.00122
Query: DESCRIBE `cabang`
Params: []

2015-07-04T12:05:04+07:00 INFO (6): 
Elapsed Secs: 0.00016
Query: SELECT `cabang`.* FROM `cabang` WHERE (id_cabang = '29' ) LIMIT 1
Params: []

2015-07-04T12:05:04+07:00 INFO (6): 
Elapsed Secs: 0.00093
Query: DESCRIBE `pinjaman`
Params: []

2015-07-04T12:05:04+07:00 INFO (6): 
Elapsed Secs: 0.00026
Query: SELECT `pin`.*, `cos`.`nama` FROM `pinjaman` AS `pin`
 INNER JOIN `costumer` AS `cos` ON pin.nik_costumer = cos.nik_costumer
 INNER JOIN `user` AS `us` ON cos.id_user = us.id_user
 INNER JOIN `cabang` AS `cb` ON us.id_cabang = cb.id_cabang WHERE (us.id_user = '16') AND (cb.id_cabang = '29')
Params: []

2015-07-04T12:05:19+07:00 INFO (6): 
Elapsed Secs: 0.0005
Query: connect
Params: []

2015-07-04T12:05:19+07:00 INFO (6): 
Elapsed Secs: 0.00125
Query: DESCRIBE `cabang`
Params: []

2015-07-04T12:05:19+07:00 INFO (6): 
Elapsed Secs: 0.0002
Query: SELECT `cabang`.* FROM `cabang` WHERE (id_cabang = '29' ) LIMIT 1
Params: []

2015-07-04T12:05:19+07:00 INFO (6): 
Elapsed Secs: 0.00102
Query: DESCRIBE `pinjaman`
Params: []

2015-07-04T12:05:19+07:00 INFO (6): 
Elapsed Secs: 0.00027
Query: SELECT `pin`.*, `cos`.`nama` FROM `pinjaman` AS `pin`
 INNER JOIN `costumer` AS `cos` ON pin.nik_costumer = cos.nik_costumer
 INNER JOIN `user` AS `us` ON cos.id_user = us.id_user
 INNER JOIN `cabang` AS `cb` ON us.id_cabang = cb.id_cabang WHERE (us.id_user = '16') AND (cb.id_cabang = '29')
Params: []

2015-07-04T12:06:00+07:00 INFO (6): 
Elapsed Secs: 0.00031
Query: connect
Params: []

2015-07-04T12:06:00+07:00 INFO (6): 
Elapsed Secs: 0.00099
Query: DESCRIBE `cabang`
Params: []

2015-07-04T12:06:00+07:00 INFO (6): 
Elapsed Secs: 0.00016
Query: SELECT `cabang`.* FROM `cabang` WHERE (id_cabang = '29' ) LIMIT 1
Params: []

2015-07-04T12:06:00+07:00 INFO (6): 
Elapsed Secs: 0.00098
Query: DESCRIBE `pinjaman`
Params: []

2015-07-04T12:06:00+07:00 INFO (6): 
Elapsed Secs: 0.00029
Query: SELECT `pin`.*, `cos`.`nama` FROM `pinjaman` AS `pin`
 INNER JOIN `costumer` AS `cos` ON pin.nik_costumer = cos.nik_costumer
 INNER JOIN `user` AS `us` ON cos.id_user = us.id_user
 INNER JOIN `cabang` AS `cb` ON us.id_cabang = cb.id_cabang WHERE (us.id_user = '16') AND (cb.id_cabang = '29')
Params: []

2015-07-04T12:07:10+07:00 INFO (6): 
Elapsed Secs: 0.00028
Query: connect
Params: []

2015-07-04T12:07:10+07:00 INFO (6): 
Elapsed Secs: 0.00127
Query: DESCRIBE `cabang`
Params: []

2015-07-04T12:07:10+07:00 INFO (6): 
Elapsed Secs: 0.00023
Query: SELECT `cabang`.* FROM `cabang` WHERE (id_cabang = '29' ) LIMIT 1
Params: []

2015-07-04T12:07:10+07:00 INFO (6): 
Elapsed Secs: 0.00104
Query: DESCRIBE `pinjaman`
Params: []

2015-07-04T12:07:10+07:00 INFO (6): 
Elapsed Secs: 0.00027
Query: SELECT `pin`.*, `cos`.`nama` FROM `pinjaman` AS `pin`
 INNER JOIN `costumer` AS `cos` ON pin.nik_costumer = cos.nik_costumer
 INNER JOIN `user` AS `us` ON cos.id_user = us.id_user
 INNER JOIN `cabang` AS `cb` ON us.id_cabang = cb.id_cabang WHERE (us.id_user = '16') AND (cb.id_cabang = '29')
Params: []

2015-07-04T12:07:32+07:00 INFO (6): 
Elapsed Secs: 0.00028
Query: connect
Params: []

2015-07-04T12:07:32+07:00 INFO (6): 
Elapsed Secs: 0.00125
Query: DESCRIBE `cabang`
Params: []

2015-07-04T12:07:32+07:00 INFO (6): 
Elapsed Secs: 0.00028
Query: SELECT `cabang`.* FROM `cabang` WHERE (id_cabang = '29' ) LIMIT 1
Params: []

2015-07-04T12:07:32+07:00 INFO (6): 
Elapsed Secs: 0.00103
Query: DESCRIBE `pinjaman`
Params: []

2015-07-04T12:07:32+07:00 INFO (6): 
Elapsed Secs: 0.00028
Query: SELECT `pin`.*, `cos`.`nama` FROM `pinjaman` AS `pin`
 INNER JOIN `costumer` AS `cos` ON pin.nik_costumer = cos.nik_costumer
 INNER JOIN `user` AS `us` ON cos.id_user = us.id_user
 INNER JOIN `cabang` AS `cb` ON us.id_cabang = cb.id_cabang WHERE (us.id_user = '16') AND (cb.id_cabang = '29')
Params: []

2015-07-04T12:07:38+07:00 INFO (6): 
Elapsed Secs: 0.0003
Query: connect
Params: []

2015-07-04T12:07:38+07:00 INFO (6): 
Elapsed Secs: 0.00111
Query: DESCRIBE `cabang`
Params: []

2015-07-04T12:07:38+07:00 INFO (6): 
Elapsed Secs: 0.00021
Query: SELECT `cabang`.* FROM `cabang` WHERE (id_cabang = '29' ) LIMIT 1
Params: []

2015-07-04T12:07:38+07:00 INFO (6): 
Elapsed Secs: 0.00085
Query: DESCRIBE `pinjaman`
Params: []

2015-07-04T12:07:38+07:00 INFO (6): 
Elapsed Secs: 0.00026
Query: SELECT `pin`.*, `cos`.`nama` FROM `pinjaman` AS `pin`
 INNER JOIN `costumer` AS `cos` ON pin.nik_costumer = cos.nik_costumer
 INNER JOIN `user` AS `us` ON cos.id_user = us.id_user
 INNER JOIN `cabang` AS `cb` ON us.id_cabang = cb.id_cabang WHERE (us.id_user = '16') AND (cb.id_cabang = '29')
Params: []

2015-07-04T12:07:40+07:00 INFO (6): 
Elapsed Secs: 0.00022
Query: connect
Params: []

2015-07-04T12:07:40+07:00 INFO (6): 
Elapsed Secs: 0.00124
Query: DESCRIBE `cabang`
Params: []

2015-07-04T12:07:40+07:00 INFO (6): 
Elapsed Secs: 0.00019
Query: SELECT `cabang`.* FROM `cabang` WHERE (id_cabang = '29' ) LIMIT 1
Params: []

2015-07-04T12:07:40+07:00 INFO (6): 
Elapsed Secs: 0.00103
Query: DESCRIBE `pinjaman`
Params: []

2015-07-04T12:07:40+07:00 INFO (6): 
Elapsed Secs: 0.00027
Query: SELECT `pin`.*, `cos`.`nama` FROM `pinjaman` AS `pin`
 INNER JOIN `costumer` AS `cos` ON pin.nik_costumer = cos.nik_costumer
 INNER JOIN `user` AS `us` ON cos.id_user = us.id_user
 INNER JOIN `cabang` AS `cb` ON us.id_cabang = cb.id_cabang WHERE (us.id_user = '16') AND (cb.id_cabang = '29')
Params: []

2015-07-04T12:07:44+07:00 INFO (6): 
Elapsed Secs: 0.00023
Query: connect
Params: []

2015-07-04T12:07:44+07:00 INFO (6): 
Elapsed Secs: 0.00099
Query: DESCRIBE `cabang`
Params: []

2015-07-04T12:07:44+07:00 INFO (6): 
Elapsed Secs: 0.00019
Query: SELECT `cabang`.* FROM `cabang` WHERE (id_cabang = '29' ) LIMIT 1
Params: []

2015-07-04T12:07:44+07:00 INFO (6): 
Elapsed Secs: 0.00089
Query: DESCRIBE `pinjaman`
Params: []

2015-07-04T12:07:44+07:00 INFO (6): 
Elapsed Secs: 0.00026
Query: SELECT `pin`.*, `cos`.`nama` FROM `pinjaman` AS `pin`
 INNER JOIN `costumer` AS `cos` ON pin.nik_costumer = cos.nik_costumer
 INNER JOIN `user` AS `us` ON cos.id_user = us.id_user
 INNER JOIN `cabang` AS `cb` ON us.id_cabang = cb.id_cabang WHERE (us.id_user = '16') AND (cb.id_cabang = '29')
Params: []

2015-07-04T12:07:54+07:00 INFO (6): 
Elapsed Secs: 0.00112
Query: connect
Params: []

2015-07-04T12:07:54+07:00 INFO (6): 
Elapsed Secs: 0.00107
Query: DESCRIBE `cabang`
Params: []

2015-07-04T12:07:54+07:00 INFO (6): 
Elapsed Secs: 0.00018
Query: SELECT `cabang`.* FROM `cabang` WHERE (id_cabang = '29' ) LIMIT 1
Params: []

2015-07-04T12:07:54+07:00 INFO (6): 
Elapsed Secs: 0.00097
Query: DESCRIBE `pinjaman`
Params: []

2015-07-04T12:07:54+07:00 INFO (6): 
Elapsed Secs: 0.00026
Query: SELECT `pin`.*, `cos`.`nama` FROM `pinjaman` AS `pin`
 INNER JOIN `costumer` AS `cos` ON pin.nik_costumer = cos.nik_costumer
 INNER JOIN `user` AS `us` ON cos.id_user = us.id_user
 INNER JOIN `cabang` AS `cb` ON us.id_cabang = cb.id_cabang WHERE (us.id_user = '16') AND (cb.id_cabang = '29')
Params: []

2015-07-04T12:09:22+07:00 INFO (6): 
Elapsed Secs: 0.00016
Query: connect
Params: []

2015-07-04T12:09:22+07:00 INFO (6): 
Elapsed Secs: 0.00093
Query: DESCRIBE `cabang`
Params: []

2015-07-04T12:09:22+07:00 INFO (6): 
Elapsed Secs: 0.00012
Query: SELECT `cabang`.* FROM `cabang` WHERE (id_cabang = '29' ) LIMIT 1
Params: []

2015-07-04T12:09:22+07:00 INFO (6): 
Elapsed Secs: 0.0007
Query: DESCRIBE `pinjaman`
Params: []

2015-07-04T12:09:22+07:00 INFO (6): 
Elapsed Secs: 0.00017
Query: SELECT `pin`.*, `cos`.`nama` FROM `pinjaman` AS `pin`
 INNER JOIN `costumer` AS `cos` ON pin.nik_costumer = cos.nik_costumer
 INNER JOIN `user` AS `us` ON cos.id_user = us.id_user
 INNER JOIN `cabang` AS `cb` ON us.id_cabang = cb.id_cabang WHERE (us.id_user = '16') AND (cb.id_cabang = '29')
Params: []

2015-07-04T12:09:25+07:00 INFO (6): 
Elapsed Secs: 0.00035
Query: connect
Params: []

2015-07-04T12:09:25+07:00 INFO (6): 
Elapsed Secs: 0.00216
Query: DESCRIBE `cabang`
Params: []

2015-07-04T12:09:25+07:00 INFO (6): 
Elapsed Secs: 0.00033
Query: SELECT `cabang`.* FROM `cabang` WHERE (id_cabang = '29' ) LIMIT 1
Params: []

2015-07-04T12:09:25+07:00 INFO (6): 
Elapsed Secs: 0.00192
Query: DESCRIBE `pinjaman`
Params: []

2015-07-04T12:09:25+07:00 INFO (6): 
Elapsed Secs: 0.00049
Query: SELECT `pin`.*, `cos`.`nama` FROM `pinjaman` AS `pin`
 INNER JOIN `costumer` AS `cos` ON pin.nik_costumer = cos.nik_costumer
 INNER JOIN `user` AS `us` ON cos.id_user = us.id_user
 INNER JOIN `cabang` AS `cb` ON us.id_cabang = cb.id_cabang WHERE (us.id_user = '16') AND (cb.id_cabang = '29')
Params: []

2015-07-04T12:09:38+07:00 INFO (6): 
Elapsed Secs: 0.00037
Query: connect
Params: []

2015-07-04T12:09:38+07:00 INFO (6): 
Elapsed Secs: 0.00109
Query: DESCRIBE `cabang`
Params: []

2015-07-04T12:09:38+07:00 INFO (6): 
Elapsed Secs: 0.0002
Query: SELECT `cabang`.* FROM `cabang` WHERE (id_cabang = '29' ) LIMIT 1
Params: []

2015-07-04T12:09:38+07:00 INFO (6): 
Elapsed Secs: 0.00098
Query: DESCRIBE `pinjaman`
Params: []

2015-07-04T12:09:38+07:00 INFO (6): 
Elapsed Secs: 0.00029
Query: SELECT `pin`.*, `cos`.`nama` FROM `pinjaman` AS `pin`
 INNER JOIN `costumer` AS `cos` ON pin.nik_costumer = cos.nik_costumer
 INNER JOIN `user` AS `us` ON cos.id_user = us.id_user
 INNER JOIN `cabang` AS `cb` ON us.id_cabang = cb.id_cabang WHERE (us.id_user = '16') AND (cb.id_cabang = '29')
Params: []

2015-07-04T12:09:40+07:00 INFO (6): 
Elapsed Secs: 0.00029
Query: connect
Params: []

2015-07-04T12:09:40+07:00 INFO (6): 
Elapsed Secs: 0.00117
Query: DESCRIBE `cabang`
Params: []

2015-07-04T12:09:40+07:00 INFO (6): 
Elapsed Secs: 0.0002
Query: SELECT `cabang`.* FROM `cabang` WHERE (id_cabang = '29' ) LIMIT 1
Params: []

2015-07-04T12:09:40+07:00 INFO (6): 
Elapsed Secs: 0.00095
Query: DESCRIBE `pinjaman`
Params: []

2015-07-04T12:09:40+07:00 INFO (6): 
Elapsed Secs: 0.00027
Query: SELECT `pin`.*, `cos`.`nama` FROM `pinjaman` AS `pin`
 INNER JOIN `costumer` AS `cos` ON pin.nik_costumer = cos.nik_costumer
 INNER JOIN `user` AS `us` ON cos.id_user = us.id_user
 INNER JOIN `cabang` AS `cb` ON us.id_cabang = cb.id_cabang WHERE (us.id_user = '16') AND (cb.id_cabang = '29')
Params: []

2015-07-04T12:12:40+07:00 INFO (6): 
Elapsed Secs: 0.00031
Query: connect
Params: []

2015-07-04T12:12:40+07:00 INFO (6): 
Elapsed Secs: 0.03372
Query: UPDATE `user_login` SET `status` = ?, `last_login` = ? WHERE (status = 1)
Params: {"1":0,"2":"2015-07-04 11:10:53"}

2015-07-04T12:12:45+07:00 INFO (6): 
Elapsed Secs: 0.00021
Query: connect
Params: []

2015-07-04T12:12:45+07:00 INFO (6): 
Elapsed Secs: 0.00096
Query: DESCRIBE `user`
Params: []

2015-07-04T12:12:45+07:00 INFO (6): 
Elapsed Secs: 0.00015
Query: connect
Params: []

2015-07-04T12:12:45+07:00 INFO (6): 
Elapsed Secs: 0.0002
Query: SELECT `user`.*, `cabang`.* FROM `user`
 INNER JOIN `cabang` ON cabang.id_cabang = user.id_cabang WHERE (user.username = 'admin') AND (user.password = 'd033e22ae348aeb5660fc2140aec35850c4da997')
Params: []

2015-07-04T12:12:45+07:00 INFO (6): 
Elapsed Secs: 0.00019
Query: SELECT `user`.*, `user_login`.*, `cabang`.* FROM `user`
 INNER JOIN `user_login` ON user_login.id_user = user.id_user
 INNER JOIN `cabang` ON cabang.id_cabang = user.id_cabang WHERE (user.id_user = '16')
Params: []

2015-07-04T12:12:46+07:00 INFO (6): 
Elapsed Secs: 0.11974
Query: UPDATE `user_login` SET `status` = ?, `login_time` = NOW(), `ip_login` = ?, `last_login` = ? WHERE (id_user = '16')
Params: {"1":1,"2":"127.0.0.1","3":"2015-07-04 11:10:53"}

2015-07-04T12:12:46+07:00 INFO (6): 
Elapsed Secs: 0.0003
Query: SELECT `user`.*, `user_login`.*, `cabang`.* FROM `user`
 INNER JOIN `user_login` ON user_login.id_user = user.id_user
 INNER JOIN `cabang` ON cabang.id_cabang = user.id_cabang WHERE (user.id_user = '16')
Params: []

2015-07-04T12:13:46+07:00 INFO (6): 
Elapsed Secs: 0.00025
Query: connect
Params: []

2015-07-04T12:13:46+07:00 INFO (6): 
Elapsed Secs: 0.00101
Query: DESCRIBE `cabang`
Params: []

2015-07-04T12:13:46+07:00 INFO (6): 
Elapsed Secs: 0.00019
Query: SELECT `cabang`.* FROM `cabang` WHERE (id_cabang = '29' ) LIMIT 1
Params: []

2015-07-04T12:13:46+07:00 INFO (6): 
Elapsed Secs: 0.00078
Query: DESCRIBE `pinjaman`
Params: []

2015-07-04T12:13:46+07:00 INFO (6): 
Elapsed Secs: 0.00022
Query: SELECT `pin`.*, `cos`.`nama` FROM `pinjaman` AS `pin`
 INNER JOIN `costumer` AS `cos` ON pin.nik_costumer = cos.nik_costumer
 INNER JOIN `user` AS `us` ON cos.id_user = us.id_user
 INNER JOIN `cabang` AS `cb` ON us.id_cabang = cb.id_cabang WHERE (us.id_user = '16') AND (cb.id_cabang = '29')
Params: []

2015-07-04T12:15:05+07:00 INFO (6): 
Elapsed Secs: 0.00145
Query: connect
Params: []

2015-07-04T12:15:05+07:00 INFO (6): 
Elapsed Secs: 0.00124
Query: DESCRIBE `cabang`
Params: []

2015-07-04T12:15:05+07:00 INFO (6): 
Elapsed Secs: 0.00019
Query: SELECT `cabang`.* FROM `cabang` WHERE (id_cabang = '29' ) LIMIT 1
Params: []

2015-07-04T12:15:05+07:00 INFO (6): 
Elapsed Secs: 0.00101
Query: DESCRIBE `pinjaman`
Params: []

2015-07-04T12:15:05+07:00 INFO (6): 
Elapsed Secs: 0.00027
Query: SELECT `pin`.*, `cos`.`nama` FROM `pinjaman` AS `pin`
 INNER JOIN `costumer` AS `cos` ON pin.nik_costumer = cos.nik_costumer
 INNER JOIN `user` AS `us` ON cos.id_user = us.id_user
 INNER JOIN `cabang` AS `cb` ON us.id_cabang = cb.id_cabang WHERE (us.id_user = '16') AND (cb.id_cabang = '29')
Params: []

2015-07-04T12:15:24+07:00 INFO (6): 
Elapsed Secs: 0.00034
Query: connect
Params: []

2015-07-04T12:15:24+07:00 INFO (6): 
Elapsed Secs: 0.00191
Query: DESCRIBE `cabang`
Params: []

2015-07-04T12:15:24+07:00 INFO (6): 
Elapsed Secs: 0.00031
Query: SELECT `cabang`.* FROM `cabang` WHERE (id_cabang = '29' ) LIMIT 1
Params: []

2015-07-04T12:15:24+07:00 INFO (6): 
Elapsed Secs: 0.00204
Query: DESCRIBE `pinjaman`
Params: []

2015-07-04T12:15:24+07:00 INFO (6): 
Elapsed Secs: 0.00049
Query: SELECT `pin`.*, `cos`.`nama` FROM `pinjaman` AS `pin`
 INNER JOIN `costumer` AS `cos` ON pin.nik_costumer = cos.nik_costumer
 INNER JOIN `user` AS `us` ON cos.id_user = us.id_user
 INNER JOIN `cabang` AS `cb` ON us.id_cabang = cb.id_cabang WHERE (us.id_user = '16') AND (cb.id_cabang = '29')
Params: []

2015-07-04T12:15:33+07:00 INFO (6): 
Elapsed Secs: 0.00022
Query: connect
Params: []

2015-07-04T12:15:33+07:00 INFO (6): 
Elapsed Secs: 0.00096
Query: DESCRIBE `cabang`
Params: []

2015-07-04T12:15:33+07:00 INFO (6): 
Elapsed Secs: 0.00018
Query: SELECT `cabang`.* FROM `cabang` WHERE (id_cabang = '29' ) LIMIT 1
Params: []

2015-07-04T12:15:33+07:00 INFO (6): 
Elapsed Secs: 0.00084
Query: DESCRIBE `pinjaman`
Params: []

2015-07-04T12:15:33+07:00 INFO (6): 
Elapsed Secs: 0.00028
Query: SELECT `pin`.*, `cos`.`nama` FROM `pinjaman` AS `pin`
 INNER JOIN `costumer` AS `cos` ON pin.nik_costumer = cos.nik_costumer
 INNER JOIN `user` AS `us` ON cos.id_user = us.id_user
 INNER JOIN `cabang` AS `cb` ON us.id_cabang = cb.id_cabang WHERE (us.id_user = '16') AND (cb.id_cabang = '29')
Params: []

2015-07-04T12:16:27+07:00 INFO (6): 
Elapsed Secs: 0.00016
Query: connect
Params: []

2015-07-04T12:16:27+07:00 INFO (6): 
Elapsed Secs: 0.00097
Query: DESCRIBE `cabang`
Params: []

2015-07-04T12:16:27+07:00 INFO (6): 
Elapsed Secs: 0.00015
Query: SELECT `cabang`.* FROM `cabang` WHERE (id_cabang = '29' ) LIMIT 1
Params: []

2015-07-04T12:16:27+07:00 INFO (6): 
Elapsed Secs: 0.00094
Query: DESCRIBE `pinjaman`
Params: []

2015-07-04T12:16:27+07:00 INFO (6): 
Elapsed Secs: 0.0003
Query: SELECT `pin`.*, `cos`.`nama` FROM `pinjaman` AS `pin`
 INNER JOIN `costumer` AS `cos` ON pin.nik_costumer = cos.nik_costumer
 INNER JOIN `user` AS `us` ON cos.id_user = us.id_user
 INNER JOIN `cabang` AS `cb` ON us.id_cabang = cb.id_cabang WHERE (us.id_user = '16') AND (cb.id_cabang = '29')
Params: []

2015-07-04T12:24:06+07:00 INFO (6): 
Elapsed Secs: 0.00043
Query: connect
Params: []

2015-07-04T12:24:06+07:00 INFO (6): 
Elapsed Secs: 0.00301
Query: DESCRIBE `cabang`
Params: []

2015-07-04T12:24:06+07:00 INFO (6): 
Elapsed Secs: 0.00025
Query: SELECT `cabang`.* FROM `cabang` WHERE (id_cabang = '29' ) LIMIT 1
Params: []

2015-07-04T12:24:06+07:00 INFO (6): 
Elapsed Secs: 0.00138
Query: DESCRIBE `pinjaman`
Params: []

2015-07-04T12:24:06+07:00 INFO (6): 
Elapsed Secs: 0.00035
Query: SELECT `pin`.*, `cos`.`nama` FROM `pinjaman` AS `pin`
 INNER JOIN `costumer` AS `cos` ON pin.nik_costumer = cos.nik_costumer
 INNER JOIN `user` AS `us` ON cos.id_user = us.id_user
 INNER JOIN `cabang` AS `cb` ON us.id_cabang = cb.id_cabang WHERE (us.id_user = '16') AND (cb.id_cabang = '29')
Params: []

2015-07-04T12:26:36+07:00 INFO (6): 
Elapsed Secs: 0.00024
Query: connect
Params: []

2015-07-04T12:26:36+07:00 INFO (6): 
Elapsed Secs: 0.00136
Query: DESCRIBE `cabang`
Params: []

2015-07-04T12:26:36+07:00 INFO (6): 
Elapsed Secs: 0.00016
Query: SELECT `cabang`.* FROM `cabang` WHERE (id_cabang = '29' ) LIMIT 1
Params: []

2015-07-04T12:26:36+07:00 INFO (6): 
Elapsed Secs: 0.00108
Query: DESCRIBE `pinjaman`
Params: []

2015-07-04T12:26:36+07:00 INFO (6): 
Elapsed Secs: 0.00039
Query: SELECT `pin`.*, `cos`.`nama` FROM `pinjaman` AS `pin`
 INNER JOIN `costumer` AS `cos` ON pin.nik_costumer = cos.nik_costumer
 INNER JOIN `user` AS `us` ON cos.id_user = us.id_user
 INNER JOIN `cabang` AS `cb` ON us.id_cabang = cb.id_cabang WHERE (us.id_user = '16') AND (cb.id_cabang = '29')
Params: []

2015-07-04T12:26:52+07:00 INFO (6): 
Elapsed Secs: 0.00026
Query: connect
Params: []

2015-07-04T12:26:52+07:00 INFO (6): 
Elapsed Secs: 0.00125
Query: DESCRIBE `cabang`
Params: []

2015-07-04T12:26:52+07:00 INFO (6): 
Elapsed Secs: 0.00019
Query: SELECT `cabang`.* FROM `cabang` WHERE (id_cabang = '29' ) LIMIT 1
Params: []

2015-07-04T12:26:52+07:00 INFO (6): 
Elapsed Secs: 0.00106
Query: DESCRIBE `pinjaman`
Params: []

2015-07-04T12:26:52+07:00 INFO (6): 
Elapsed Secs: 0.0003
Query: SELECT `pin`.*, `cos`.`nama` FROM `pinjaman` AS `pin`
 INNER JOIN `costumer` AS `cos` ON pin.nik_costumer = cos.nik_costumer
 INNER JOIN `user` AS `us` ON cos.id_user = us.id_user
 INNER JOIN `cabang` AS `cb` ON us.id_cabang = cb.id_cabang WHERE (us.id_user = '16') AND (cb.id_cabang = '29')
Params: []

2015-07-04T12:27:39+07:00 INFO (6): 
Elapsed Secs: 0.00115
Query: connect
Params: []

2015-07-04T12:27:39+07:00 INFO (6): 
Elapsed Secs: 0.00095
Query: DESCRIBE `cabang`
Params: []

2015-07-04T12:27:39+07:00 INFO (6): 
Elapsed Secs: 0.00017
Query: SELECT `cabang`.* FROM `cabang` WHERE (id_cabang = '29' ) LIMIT 1
Params: []

2015-07-04T12:27:39+07:00 INFO (6): 
Elapsed Secs: 0.00084
Query: DESCRIBE `pinjaman`
Params: []

2015-07-04T12:27:39+07:00 INFO (6): 
Elapsed Secs: 0.00026
Query: SELECT `pin`.*, `cos`.`nama` FROM `pinjaman` AS `pin`
 INNER JOIN `costumer` AS `cos` ON pin.nik_costumer = cos.nik_costumer
 INNER JOIN `user` AS `us` ON cos.id_user = us.id_user
 INNER JOIN `cabang` AS `cb` ON us.id_cabang = cb.id_cabang WHERE (us.id_user = '16') AND (cb.id_cabang = '29')
Params: []

2015-07-04T12:27:55+07:00 INFO (6): 
Elapsed Secs: 0.00033
Query: connect
Params: []

2015-07-04T12:27:55+07:00 INFO (6): 
Elapsed Secs: 0.00098
Query: DESCRIBE `cabang`
Params: []

2015-07-04T12:27:55+07:00 INFO (6): 
Elapsed Secs: 0.00017
Query: SELECT `cabang`.* FROM `cabang` WHERE (id_cabang = '29' ) LIMIT 1
Params: []

2015-07-04T12:27:55+07:00 INFO (6): 
Elapsed Secs: 0.00083
Query: DESCRIBE `pinjaman`
Params: []

2015-07-04T12:27:55+07:00 INFO (6): 
Elapsed Secs: 0.00023
Query: SELECT `pin`.*, `cos`.`nama` FROM `pinjaman` AS `pin`
 INNER JOIN `costumer` AS `cos` ON pin.nik_costumer = cos.nik_costumer
 INNER JOIN `user` AS `us` ON cos.id_user = us.id_user
 INNER JOIN `cabang` AS `cb` ON us.id_cabang = cb.id_cabang WHERE (us.id_user = '16') AND (cb.id_cabang = '29')
Params: []

2015-07-04T12:29:38+07:00 INFO (6): 
Elapsed Secs: 0.00102
Query: connect
Params: []

2015-07-04T12:29:38+07:00 INFO (6): 
Elapsed Secs: 0.00093
Query: DESCRIBE `cabang`
Params: []

2015-07-04T12:29:38+07:00 INFO (6): 
Elapsed Secs: 0.00017
Query: SELECT `cabang`.* FROM `cabang` WHERE (id_cabang = '29' ) LIMIT 1
Params: []

2015-07-04T12:29:38+07:00 INFO (6): 
Elapsed Secs: 0.00085
Query: DESCRIBE `pinjaman`
Params: []

2015-07-04T12:29:38+07:00 INFO (6): 
Elapsed Secs: 0.00027
Query: SELECT `pin`.*, `cos`.`nama` FROM `pinjaman` AS `pin`
 INNER JOIN `costumer` AS `cos` ON pin.nik_costumer = cos.nik_costumer
 INNER JOIN `user` AS `us` ON cos.id_user = us.id_user
 INNER JOIN `cabang` AS `cb` ON us.id_cabang = cb.id_cabang WHERE (us.id_user = '16') AND (cb.id_cabang = '29')
Params: []

2015-07-04T12:31:47+07:00 INFO (6): 
Elapsed Secs: 0.00024
Query: connect
Params: []

2015-07-04T12:31:47+07:00 INFO (6): 
Elapsed Secs: 0.00106
Query: DESCRIBE `cabang`
Params: []

2015-07-04T12:31:47+07:00 INFO (6): 
Elapsed Secs: 0.00017
Query: SELECT `cabang`.* FROM `cabang` WHERE (id_cabang = '29' ) LIMIT 1
Params: []

2015-07-04T12:31:47+07:00 INFO (6): 
Elapsed Secs: 0.00097
Query: DESCRIBE `pinjaman`
Params: []

2015-07-04T12:31:47+07:00 INFO (6): 
Elapsed Secs: 0.00028
Query: SELECT `pin`.*, `cos`.`nama` FROM `pinjaman` AS `pin`
 INNER JOIN `costumer` AS `cos` ON pin.nik_costumer = cos.nik_costumer
 INNER JOIN `user` AS `us` ON cos.id_user = us.id_user
 INNER JOIN `cabang` AS `cb` ON us.id_cabang = cb.id_cabang WHERE (us.id_user = '16') AND (cb.id_cabang = '29')
Params: []

2015-07-04T12:31:47+07:00 INFO (6): 
Elapsed Secs: 0.001
Query: DESCRIBE `spb`
Params: []

2015-07-04T12:31:47+07:00 INFO (6): 
Elapsed Secs: 0.00014
Query: SELECT `spb`.* FROM `spb` WHERE (no_kontrak) LIMIT 1
Params: []

2015-07-04T12:31:47+07:00 INFO (6): 
Elapsed Secs: 0.0001
Query: SELECT `spb`.* FROM `spb` WHERE (no_kontrak) LIMIT 1
Params: []

2015-07-04T12:32:22+07:00 INFO (6): 
Elapsed Secs: 0.00023
Query: connect
Params: []

2015-07-04T12:32:22+07:00 INFO (6): 
Elapsed Secs: 0.00116
Query: DESCRIBE `cabang`
Params: []

2015-07-04T12:32:22+07:00 INFO (6): 
Elapsed Secs: 0.00022
Query: SELECT `cabang`.* FROM `cabang` WHERE (id_cabang = '29' ) LIMIT 1
Params: []

2015-07-04T12:32:22+07:00 INFO (6): 
Elapsed Secs: 0.00097
Query: DESCRIBE `pinjaman`
Params: []

2015-07-04T12:32:22+07:00 INFO (6): 
Elapsed Secs: 0.00029
Query: SELECT `pin`.*, `cos`.`nama` FROM `pinjaman` AS `pin`
 INNER JOIN `costumer` AS `cos` ON pin.nik_costumer = cos.nik_costumer
 INNER JOIN `user` AS `us` ON cos.id_user = us.id_user
 INNER JOIN `cabang` AS `cb` ON us.id_cabang = cb.id_cabang WHERE (us.id_user = '16') AND (cb.id_cabang = '29')
Params: []

2015-07-04T12:32:22+07:00 INFO (6): 
Elapsed Secs: 0.00097
Query: DESCRIBE `spb`
Params: []

2015-07-04T12:32:22+07:00 INFO (6): 
Elapsed Secs: 0.00011
Query: SELECT `spb`.* FROM `spb` WHERE (no_kontrak) LIMIT 1
Params: []

2015-07-04T12:32:22+07:00 INFO (6): 
Elapsed Secs: 0.0001
Query: SELECT `spb`.* FROM `spb` WHERE (no_kontrak) LIMIT 1
Params: []

2015-07-04T12:32:40+07:00 INFO (6): 
Elapsed Secs: 0.0018
Query: connect
Params: []

2015-07-04T12:32:40+07:00 INFO (6): 
Elapsed Secs: 0.00151
Query: DESCRIBE `cabang`
Params: []

2015-07-04T12:32:40+07:00 INFO (6): 
Elapsed Secs: 0.00023
Query: SELECT `cabang`.* FROM `cabang` WHERE (id_cabang = '29' ) LIMIT 1
Params: []

2015-07-04T12:32:40+07:00 INFO (6): 
Elapsed Secs: 0.0014
Query: DESCRIBE `pinjaman`
Params: []

2015-07-04T12:32:40+07:00 INFO (6): 
Elapsed Secs: 0.00039
Query: SELECT `pin`.*, `cos`.`nama` FROM `pinjaman` AS `pin`
 INNER JOIN `costumer` AS `cos` ON pin.nik_costumer = cos.nik_costumer
 INNER JOIN `user` AS `us` ON cos.id_user = us.id_user
 INNER JOIN `cabang` AS `cb` ON us.id_cabang = cb.id_cabang WHERE (us.id_user = '16') AND (cb.id_cabang = '29')
Params: []

2015-07-04T12:32:40+07:00 INFO (6): 
Elapsed Secs: 0.00166
Query: DESCRIBE `spb`
Params: []

2015-07-04T12:32:40+07:00 INFO (6): 
Elapsed Secs: 0.00023
Query: SELECT `spb`.* FROM `spb` WHERE (no_kontrak) LIMIT 1
Params: []

2015-07-04T12:32:40+07:00 INFO (6): 
Elapsed Secs: 0.00022
Query: SELECT `spb`.* FROM `spb` WHERE (no_kontrak) LIMIT 1
Params: []

2015-07-04T12:33:07+07:00 INFO (6): 
Elapsed Secs: 0.00116
Query: connect
Params: []

2015-07-04T12:33:07+07:00 INFO (6): 
Elapsed Secs: 0.00094
Query: DESCRIBE `cabang`
Params: []

2015-07-04T12:33:07+07:00 INFO (6): 
Elapsed Secs: 0.00012
Query: SELECT `cabang`.* FROM `cabang` WHERE (id_cabang = '29' ) LIMIT 1
Params: []

2015-07-04T12:33:07+07:00 INFO (6): 
Elapsed Secs: 0.00076
Query: DESCRIBE `pinjaman`
Params: []

2015-07-04T12:33:07+07:00 INFO (6): 
Elapsed Secs: 0.00022
Query: SELECT `pin`.*, `cos`.`nama` FROM `pinjaman` AS `pin`
 INNER JOIN `costumer` AS `cos` ON pin.nik_costumer = cos.nik_costumer
 INNER JOIN `user` AS `us` ON cos.id_user = us.id_user
 INNER JOIN `cabang` AS `cb` ON us.id_cabang = cb.id_cabang WHERE (us.id_user = '16') AND (cb.id_cabang = '29')
Params: []

2015-07-04T12:33:07+07:00 INFO (6): 
Elapsed Secs: 0.00088
Query: DESCRIBE `spb`
Params: []

2015-07-04T12:33:07+07:00 INFO (6): 
Elapsed Secs: 0.00015
Query: SELECT `spb`.* FROM `spb` WHERE (no_kontrak) LIMIT 1
Params: []

2015-07-04T12:33:07+07:00 INFO (6): 
Elapsed Secs: 0.00015
Query: SELECT `spb`.* FROM `spb` WHERE (no_kontrak) LIMIT 1
Params: []

2015-07-04T12:33:27+07:00 INFO (6): 
Elapsed Secs: 0.00108
Query: connect
Params: []

2015-07-04T12:33:27+07:00 INFO (6): 
Elapsed Secs: 0.00093
Query: DESCRIBE `cabang`
Params: []

2015-07-04T12:33:27+07:00 INFO (6): 
Elapsed Secs: 0.00017
Query: SELECT `cabang`.* FROM `cabang` WHERE (id_cabang = '29' ) LIMIT 1
Params: []

2015-07-04T12:33:27+07:00 INFO (6): 
Elapsed Secs: 0.00086
Query: DESCRIBE `pinjaman`
Params: []

2015-07-04T12:33:27+07:00 INFO (6): 
Elapsed Secs: 0.00023
Query: SELECT `pin`.*, `cos`.`nama` FROM `pinjaman` AS `pin`
 INNER JOIN `costumer` AS `cos` ON pin.nik_costumer = cos.nik_costumer
 INNER JOIN `user` AS `us` ON cos.id_user = us.id_user
 INNER JOIN `cabang` AS `cb` ON us.id_cabang = cb.id_cabang WHERE (us.id_user = '16') AND (cb.id_cabang = '29')
Params: []

2015-07-04T12:33:27+07:00 INFO (6): 
Elapsed Secs: 0.00098
Query: DESCRIBE `spb`
Params: []

2015-07-04T12:33:27+07:00 INFO (6): 
Elapsed Secs: 0.00016
Query: SELECT `spb`.* FROM `spb` WHERE (no_kontrak) LIMIT 1
Params: []

2015-07-04T12:33:27+07:00 INFO (6): 
Elapsed Secs: 0.00016
Query: SELECT `spb`.* FROM `spb` WHERE (no_kontrak) LIMIT 1
Params: []

2015-07-04T12:33:58+07:00 INFO (6): 
Elapsed Secs: 0.00105
Query: connect
Params: []

2015-07-04T12:33:58+07:00 INFO (6): 
Elapsed Secs: 0.00093
Query: DESCRIBE `cabang`
Params: []

2015-07-04T12:33:58+07:00 INFO (6): 
Elapsed Secs: 0.00017
Query: SELECT `cabang`.* FROM `cabang` WHERE (id_cabang = '29' ) LIMIT 1
Params: []

2015-07-04T12:33:58+07:00 INFO (6): 
Elapsed Secs: 0.00086
Query: DESCRIBE `pinjaman`
Params: []

2015-07-04T12:33:58+07:00 INFO (6): 
Elapsed Secs: 0.00026
Query: SELECT `pin`.*, `cos`.`nama` FROM `pinjaman` AS `pin`
 INNER JOIN `costumer` AS `cos` ON pin.nik_costumer = cos.nik_costumer
 INNER JOIN `user` AS `us` ON cos.id_user = us.id_user
 INNER JOIN `cabang` AS `cb` ON us.id_cabang = cb.id_cabang WHERE (us.id_user = '16') AND (cb.id_cabang = '29')
Params: []

2015-07-04T12:33:58+07:00 INFO (6): 
Elapsed Secs: 0.00098
Query: DESCRIBE `spb`
Params: []

2015-07-04T12:33:58+07:00 INFO (6): 
Elapsed Secs: 0.00016
Query: SELECT `spb`.* FROM `spb` WHERE (no_kontrak) LIMIT 1
Params: []

2015-07-04T12:33:58+07:00 INFO (6): 
Elapsed Secs: 0.00016
Query: SELECT `spb`.* FROM `spb` WHERE (no_kontrak) LIMIT 1
Params: []

2015-07-04T12:34:36+07:00 INFO (6): 
Elapsed Secs: 0.00109
Query: connect
Params: []

2015-07-04T12:34:36+07:00 INFO (6): 
Elapsed Secs: 0.00101
Query: DESCRIBE `cabang`
Params: []

2015-07-04T12:34:36+07:00 INFO (6): 
Elapsed Secs: 0.00017
Query: SELECT `cabang`.* FROM `cabang` WHERE (id_cabang = '29' ) LIMIT 1
Params: []

2015-07-04T12:34:36+07:00 INFO (6): 
Elapsed Secs: 0.00076
Query: DESCRIBE `pinjaman`
Params: []

2015-07-04T12:34:36+07:00 INFO (6): 
Elapsed Secs: 0.00022
Query: SELECT `pin`.*, `cos`.`nama` FROM `pinjaman` AS `pin`
 INNER JOIN `costumer` AS `cos` ON pin.nik_costumer = cos.nik_costumer
 INNER JOIN `user` AS `us` ON cos.id_user = us.id_user
 INNER JOIN `cabang` AS `cb` ON us.id_cabang = cb.id_cabang WHERE (us.id_user = '16') AND (cb.id_cabang = '29')
Params: []

2015-07-04T12:34:36+07:00 INFO (6): 
Elapsed Secs: 0.00073
Query: DESCRIBE `spb`
Params: []

2015-07-04T12:34:36+07:00 INFO (6): 
Elapsed Secs: 0.0001
Query: SELECT `spb`.* FROM `spb` WHERE (no_kontrak) LIMIT 1
Params: []

2015-07-04T12:34:36+07:00 INFO (6): 
Elapsed Secs: 0.00011
Query: SELECT `spb`.* FROM `spb` WHERE (no_kontrak) LIMIT 1
Params: []

2015-07-04T12:34:53+07:00 INFO (6): 
Elapsed Secs: 0.00142
Query: connect
Params: []

2015-07-04T12:34:53+07:00 INFO (6): 
Elapsed Secs: 0.00122
Query: DESCRIBE `cabang`
Params: []

2015-07-04T12:34:53+07:00 INFO (6): 
Elapsed Secs: 0.00017
Query: SELECT `cabang`.* FROM `cabang` WHERE (id_cabang = '29' ) LIMIT 1
Params: []

2015-07-04T12:34:53+07:00 INFO (6): 
Elapsed Secs: 0.00099
Query: DESCRIBE `pinjaman`
Params: []

2015-07-04T12:34:53+07:00 INFO (6): 
Elapsed Secs: 0.00024
Query: SELECT `pin`.*, `cos`.`nama` FROM `pinjaman` AS `pin`
 INNER JOIN `costumer` AS `cos` ON pin.nik_costumer = cos.nik_costumer
 INNER JOIN `user` AS `us` ON cos.id_user = us.id_user
 INNER JOIN `cabang` AS `cb` ON us.id_cabang = cb.id_cabang WHERE (us.id_user = '16') AND (cb.id_cabang = '29')
Params: []

2015-07-04T12:34:53+07:00 INFO (6): 
Elapsed Secs: 0.00099
Query: DESCRIBE `spb`
Params: []

2015-07-04T12:34:53+07:00 INFO (6): 
Elapsed Secs: 0.00012
Query: SELECT `spb`.* FROM `spb` WHERE (no_kontrak) LIMIT 1
Params: []

2015-07-04T12:34:53+07:00 INFO (6): 
Elapsed Secs: 0.00011
Query: SELECT `spb`.* FROM `spb` WHERE (no_kontrak) LIMIT 1
Params: []

2015-07-04T12:34:55+07:00 INFO (6): 
Elapsed Secs: 0.00054
Query: connect
Params: []

2015-07-04T12:34:55+07:00 INFO (6): 
Elapsed Secs: 0.00295
Query: DESCRIBE `cabang`
Params: []

2015-07-04T12:34:55+07:00 INFO (6): 
Elapsed Secs: 0.00045
Query: SELECT `cabang`.* FROM `cabang` WHERE (id_cabang = '29' ) LIMIT 1
Params: []

2015-07-04T12:34:55+07:00 INFO (6): 
Elapsed Secs: 0.00263
Query: DESCRIBE `pinjaman`
Params: []

2015-07-04T12:34:55+07:00 INFO (6): 
Elapsed Secs: 0.00043
Query: SELECT `pin`.*, `cos`.`nama` FROM `pinjaman` AS `pin`
 INNER JOIN `costumer` AS `cos` ON pin.nik_costumer = cos.nik_costumer
 INNER JOIN `user` AS `us` ON cos.id_user = us.id_user
 INNER JOIN `cabang` AS `cb` ON us.id_cabang = cb.id_cabang WHERE (us.id_user = '16') AND (cb.id_cabang = '29')
Params: []

2015-07-04T12:34:55+07:00 INFO (6): 
Elapsed Secs: 0.00168
Query: DESCRIBE `spb`
Params: []

2015-07-04T12:34:55+07:00 INFO (6): 
Elapsed Secs: 0.00026
Query: SELECT `spb`.* FROM `spb` WHERE (no_kontrak) LIMIT 1
Params: []

2015-07-04T12:34:55+07:00 INFO (6): 
Elapsed Secs: 0.0002
Query: SELECT `spb`.* FROM `spb` WHERE (no_kontrak) LIMIT 1
Params: []

2015-07-04T12:34:56+07:00 INFO (6): 
Elapsed Secs: 0.00032
Query: connect
Params: []

2015-07-04T12:34:56+07:00 INFO (6): 
Elapsed Secs: 0.00097
Query: DESCRIBE `cabang`
Params: []

2015-07-04T12:34:56+07:00 INFO (6): 
Elapsed Secs: 0.00019
Query: SELECT `cabang`.* FROM `cabang` WHERE (id_cabang = '29' ) LIMIT 1
Params: []

2015-07-04T12:34:56+07:00 INFO (6): 
Elapsed Secs: 0.00077
Query: DESCRIBE `pinjaman`
Params: []

2015-07-04T12:34:56+07:00 INFO (6): 
Elapsed Secs: 0.00025
Query: SELECT `pin`.*, `cos`.`nama` FROM `pinjaman` AS `pin`
 INNER JOIN `costumer` AS `cos` ON pin.nik_costumer = cos.nik_costumer
 INNER JOIN `user` AS `us` ON cos.id_user = us.id_user
 INNER JOIN `cabang` AS `cb` ON us.id_cabang = cb.id_cabang WHERE (us.id_user = '16') AND (cb.id_cabang = '29')
Params: []

2015-07-04T12:34:56+07:00 INFO (6): 
Elapsed Secs: 0.00073
Query: DESCRIBE `spb`
Params: []

2015-07-04T12:34:56+07:00 INFO (6): 
Elapsed Secs: 0.00015
Query: SELECT `spb`.* FROM `spb` WHERE (no_kontrak) LIMIT 1
Params: []

2015-07-04T12:34:56+07:00 INFO (6): 
Elapsed Secs: 0.00012
Query: SELECT `spb`.* FROM `spb` WHERE (no_kontrak) LIMIT 1
Params: []

2015-07-04T12:34:56+07:00 INFO (6): 
Elapsed Secs: 0.00029
Query: connect
Params: []

2015-07-04T12:34:56+07:00 INFO (6): 
Elapsed Secs: 0.00103
Query: DESCRIBE `cabang`
Params: []

2015-07-04T12:34:56+07:00 INFO (6): 
Elapsed Secs: 0.00017
Query: SELECT `cabang`.* FROM `cabang` WHERE (id_cabang = '29' ) LIMIT 1
Params: []

2015-07-04T12:34:56+07:00 INFO (6): 
Elapsed Secs: 0.00076
Query: DESCRIBE `pinjaman`
Params: []

2015-07-04T12:34:56+07:00 INFO (6): 
Elapsed Secs: 0.00024
Query: SELECT `pin`.*, `cos`.`nama` FROM `pinjaman` AS `pin`
 INNER JOIN `costumer` AS `cos` ON pin.nik_costumer = cos.nik_costumer
 INNER JOIN `user` AS `us` ON cos.id_user = us.id_user
 INNER JOIN `cabang` AS `cb` ON us.id_cabang = cb.id_cabang WHERE (us.id_user = '16') AND (cb.id_cabang = '29')
Params: []

2015-07-04T12:34:56+07:00 INFO (6): 
Elapsed Secs: 0.00116
Query: DESCRIBE `spb`
Params: []

2015-07-04T12:34:56+07:00 INFO (6): 
Elapsed Secs: 0.0002
Query: SELECT `spb`.* FROM `spb` WHERE (no_kontrak) LIMIT 1
Params: []

2015-07-04T12:34:56+07:00 INFO (6): 
Elapsed Secs: 0.00019
Query: SELECT `spb`.* FROM `spb` WHERE (no_kontrak) LIMIT 1
Params: []

2015-07-04T12:34:57+07:00 INFO (6): 
Elapsed Secs: 0.0003
Query: connect
Params: []

2015-07-04T12:34:57+07:00 INFO (6): 
Elapsed Secs: 0.00131
Query: DESCRIBE `cabang`
Params: []

2015-07-04T12:34:57+07:00 INFO (6): 
Elapsed Secs: 0.00017
Query: SELECT `cabang`.* FROM `cabang` WHERE (id_cabang = '29' ) LIMIT 1
Params: []

2015-07-04T12:34:57+07:00 INFO (6): 
Elapsed Secs: 0.00091
Query: DESCRIBE `pinjaman`
Params: []

2015-07-04T12:34:57+07:00 INFO (6): 
Elapsed Secs: 0.00024
Query: SELECT `pin`.*, `cos`.`nama` FROM `pinjaman` AS `pin`
 INNER JOIN `costumer` AS `cos` ON pin.nik_costumer = cos.nik_costumer
 INNER JOIN `user` AS `us` ON cos.id_user = us.id_user
 INNER JOIN `cabang` AS `cb` ON us.id_cabang = cb.id_cabang WHERE (us.id_user = '16') AND (cb.id_cabang = '29')
Params: []

2015-07-04T12:34:57+07:00 INFO (6): 
Elapsed Secs: 0.00093
Query: DESCRIBE `spb`
Params: []

2015-07-04T12:34:57+07:00 INFO (6): 
Elapsed Secs: 0.0001
Query: SELECT `spb`.* FROM `spb` WHERE (no_kontrak) LIMIT 1
Params: []

2015-07-04T12:34:57+07:00 INFO (6): 
Elapsed Secs: 9.0E-5
Query: SELECT `spb`.* FROM `spb` WHERE (no_kontrak) LIMIT 1
Params: []

2015-07-04T12:34:57+07:00 INFO (6): 
Elapsed Secs: 0.00028
Query: connect
Params: []

2015-07-04T12:34:57+07:00 INFO (6): 
Elapsed Secs: 0.00092
Query: DESCRIBE `cabang`
Params: []

2015-07-04T12:34:57+07:00 INFO (6): 
Elapsed Secs: 0.00016
Query: SELECT `cabang`.* FROM `cabang` WHERE (id_cabang = '29' ) LIMIT 1
Params: []

2015-07-04T12:34:57+07:00 INFO (6): 
Elapsed Secs: 0.00084
Query: DESCRIBE `pinjaman`
Params: []

2015-07-04T12:34:57+07:00 INFO (6): 
Elapsed Secs: 0.00024
Query: SELECT `pin`.*, `cos`.`nama` FROM `pinjaman` AS `pin`
 INNER JOIN `costumer` AS `cos` ON pin.nik_costumer = cos.nik_costumer
 INNER JOIN `user` AS `us` ON cos.id_user = us.id_user
 INNER JOIN `cabang` AS `cb` ON us.id_cabang = cb.id_cabang WHERE (us.id_user = '16') AND (cb.id_cabang = '29')
Params: []

2015-07-04T12:34:57+07:00 INFO (6): 
Elapsed Secs: 0.00094
Query: DESCRIBE `spb`
Params: []

2015-07-04T12:34:57+07:00 INFO (6): 
Elapsed Secs: 0.00015
Query: SELECT `spb`.* FROM `spb` WHERE (no_kontrak) LIMIT 1
Params: []

2015-07-04T12:34:57+07:00 INFO (6): 
Elapsed Secs: 0.00015
Query: SELECT `spb`.* FROM `spb` WHERE (no_kontrak) LIMIT 1
Params: []

2015-07-04T12:35:07+07:00 INFO (6): 
Elapsed Secs: 0.00022
Query: connect
Params: []

2015-07-04T12:35:07+07:00 INFO (6): 
Elapsed Secs: 0.00132
Query: DESCRIBE `cabang`
Params: []

2015-07-04T12:35:07+07:00 INFO (6): 
Elapsed Secs: 0.00018
Query: SELECT `cabang`.* FROM `cabang` WHERE (id_cabang = '29' ) LIMIT 1
Params: []

2015-07-04T12:35:07+07:00 INFO (6): 
Elapsed Secs: 0.0011
Query: DESCRIBE `pinjaman`
Params: []

2015-07-04T12:35:07+07:00 INFO (6): 
Elapsed Secs: 0.00031
Query: SELECT `pin`.*, `cos`.`nama` FROM `pinjaman` AS `pin`
 INNER JOIN `costumer` AS `cos` ON pin.nik_costumer = cos.nik_costumer
 INNER JOIN `user` AS `us` ON cos.id_user = us.id_user
 INNER JOIN `cabang` AS `cb` ON us.id_cabang = cb.id_cabang WHERE (us.id_user = '16') AND (cb.id_cabang = '29')
Params: []

2015-07-04T12:35:07+07:00 INFO (6): 
Elapsed Secs: 0.00108
Query: DESCRIBE `spb`
Params: []

2015-07-04T12:35:07+07:00 INFO (6): 
Elapsed Secs: 0.00018
Query: SELECT `spb`.* FROM `spb` WHERE (no_kontrak) LIMIT 1
Params: []

2015-07-04T12:35:07+07:00 INFO (6): 
Elapsed Secs: 0.00024
Query: SELECT `spb`.* FROM `spb` WHERE (no_kontrak) LIMIT 1
Params: []

2015-07-04T12:35:08+07:00 INFO (6): 
Elapsed Secs: 0.00029
Query: connect
Params: []

2015-07-04T12:35:08+07:00 INFO (6): 
Elapsed Secs: 0.00129
Query: DESCRIBE `cabang`
Params: []

2015-07-04T12:35:08+07:00 INFO (6): 
Elapsed Secs: 0.0002
Query: SELECT `cabang`.* FROM `cabang` WHERE (id_cabang = '29' ) LIMIT 1
Params: []

2015-07-04T12:35:08+07:00 INFO (6): 
Elapsed Secs: 0.00109
Query: DESCRIBE `pinjaman`
Params: []

2015-07-04T12:35:08+07:00 INFO (6): 
Elapsed Secs: 0.00031
Query: SELECT `pin`.*, `cos`.`nama` FROM `pinjaman` AS `pin`
 INNER JOIN `costumer` AS `cos` ON pin.nik_costumer = cos.nik_costumer
 INNER JOIN `user` AS `us` ON cos.id_user = us.id_user
 INNER JOIN `cabang` AS `cb` ON us.id_cabang = cb.id_cabang WHERE (us.id_user = '16') AND (cb.id_cabang = '29')
Params: []

2015-07-04T12:35:08+07:00 INFO (6): 
Elapsed Secs: 0.00105
Query: DESCRIBE `spb`
Params: []

2015-07-04T12:35:08+07:00 INFO (6): 
Elapsed Secs: 0.00018
Query: SELECT `spb`.* FROM `spb` WHERE (no_kontrak) LIMIT 1
Params: []

2015-07-04T12:35:08+07:00 INFO (6): 
Elapsed Secs: 0.00014
Query: SELECT `spb`.* FROM `spb` WHERE (no_kontrak) LIMIT 1
Params: []

2015-07-04T12:35:41+07:00 INFO (6): 
Elapsed Secs: 0.00023
Query: connect
Params: []

2015-07-04T12:35:41+07:00 INFO (6): 
Elapsed Secs: 0.00097
Query: DESCRIBE `cabang`
Params: []

2015-07-04T12:35:41+07:00 INFO (6): 
Elapsed Secs: 0.00016
Query: SELECT `cabang`.* FROM `cabang` WHERE (id_cabang = '29' ) LIMIT 1
Params: []

2015-07-04T12:35:41+07:00 INFO (6): 
Elapsed Secs: 0.00083
Query: DESCRIBE `pinjaman`
Params: []

2015-07-04T12:35:41+07:00 INFO (6): 
Elapsed Secs: 0.00028
Query: SELECT `pin`.*, `cos`.`nama` FROM `pinjaman` AS `pin`
 INNER JOIN `costumer` AS `cos` ON pin.nik_costumer = cos.nik_costumer
 INNER JOIN `user` AS `us` ON cos.id_user = us.id_user
 INNER JOIN `cabang` AS `cb` ON us.id_cabang = cb.id_cabang WHERE (us.id_user = '16') AND (cb.id_cabang = '29')
Params: []

2015-07-04T12:35:41+07:00 INFO (6): 
Elapsed Secs: 0.00098
Query: DESCRIBE `spb`
Params: []

2015-07-04T12:35:41+07:00 INFO (6): 
Elapsed Secs: 0.00015
Query: SELECT `spb`.* FROM `spb` WHERE (no_kontrak) LIMIT 1
Params: []

2015-07-04T12:35:41+07:00 INFO (6): 
Elapsed Secs: 0.00015
Query: SELECT `spb`.* FROM `spb` WHERE (no_kontrak) LIMIT 1
Params: []

2015-07-04T12:35:46+07:00 INFO (6): 
Elapsed Secs: 0.00112
Query: connect
Params: []

2015-07-04T12:35:46+07:00 INFO (6): 
Elapsed Secs: 0.00095
Query: DESCRIBE `cabang`
Params: []

2015-07-04T12:35:46+07:00 INFO (6): 
Elapsed Secs: 0.00018
Query: SELECT `cabang`.* FROM `cabang` WHERE (id_cabang = '29' ) LIMIT 1
Params: []

2015-07-04T12:35:46+07:00 INFO (6): 
Elapsed Secs: 0.00076
Query: DESCRIBE `pinjaman`
Params: []

2015-07-04T12:35:46+07:00 INFO (6): 
Elapsed Secs: 0.00023
Query: SELECT `pin`.*, `cos`.`nama` FROM `pinjaman` AS `pin`
 INNER JOIN `costumer` AS `cos` ON pin.nik_costumer = cos.nik_costumer
 INNER JOIN `user` AS `us` ON cos.id_user = us.id_user
 INNER JOIN `cabang` AS `cb` ON us.id_cabang = cb.id_cabang WHERE (us.id_user = '16') AND (cb.id_cabang = '29')
Params: []

2015-07-04T12:35:46+07:00 INFO (6): 
Elapsed Secs: 0.0009
Query: DESCRIBE `spb`
Params: []

2015-07-04T12:35:46+07:00 INFO (6): 
Elapsed Secs: 0.00015
Query: SELECT `spb`.* FROM `spb` WHERE (no_kontrak) LIMIT 1
Params: []

2015-07-04T12:35:46+07:00 INFO (6): 
Elapsed Secs: 0.00014
Query: SELECT `spb`.* FROM `spb` WHERE (no_kontrak) LIMIT 1
Params: []

2015-07-04T12:36:00+07:00 INFO (6): 
Elapsed Secs: 0.00032
Query: connect
Params: []

2015-07-04T12:36:00+07:00 INFO (6): 
Elapsed Secs: 0.00101
Query: DESCRIBE `cabang`
Params: []

2015-07-04T12:36:00+07:00 INFO (6): 
Elapsed Secs: 0.00012
Query: SELECT `cabang`.* FROM `cabang` WHERE (id_cabang = '29' ) LIMIT 1
Params: []

2015-07-04T12:36:00+07:00 INFO (6): 
Elapsed Secs: 0.00072
Query: DESCRIBE `pinjaman`
Params: []

2015-07-04T12:36:00+07:00 INFO (6): 
Elapsed Secs: 0.00025
Query: SELECT `pin`.*, `cos`.`nama` FROM `pinjaman` AS `pin`
 INNER JOIN `costumer` AS `cos` ON pin.nik_costumer = cos.nik_costumer
 INNER JOIN `user` AS `us` ON cos.id_user = us.id_user
 INNER JOIN `cabang` AS `cb` ON us.id_cabang = cb.id_cabang WHERE (us.id_user = '16') AND (cb.id_cabang = '29')
Params: []

2015-07-04T12:36:00+07:00 INFO (6): 
Elapsed Secs: 0.00087
Query: DESCRIBE `spb`
Params: []

2015-07-04T12:36:00+07:00 INFO (6): 
Elapsed Secs: 0.00013
Query: SELECT `spb`.* FROM `spb` WHERE (no_kontrak) LIMIT 1
Params: []

2015-07-04T12:36:00+07:00 INFO (6): 
Elapsed Secs: 0.00013
Query: SELECT `spb`.* FROM `spb` WHERE (no_kontrak) LIMIT 1
Params: []

2015-07-04T12:36:17+07:00 INFO (6): 
Elapsed Secs: 0.00112
Query: connect
Params: []

2015-07-04T12:36:17+07:00 INFO (6): 
Elapsed Secs: 0.00109
Query: DESCRIBE `kendaraan`
Params: []

2015-07-04T12:36:17+07:00 INFO (6): 
Elapsed Secs: 0.0002
Query: SELECT `kendaraan`.* FROM `kendaraan` WHERE (id_kendaraan = 'AT-LKPE9-26') LIMIT 1
Params: []

2015-07-04T12:37:02+07:00 INFO (6): 
Elapsed Secs: 0.00028
Query: connect
Params: []

2015-07-04T12:37:02+07:00 INFO (6): 
Elapsed Secs: 0.00106
Query: DESCRIBE `cabang`
Params: []

2015-07-04T12:37:02+07:00 INFO (6): 
Elapsed Secs: 0.00014
Query: SELECT `cabang`.* FROM `cabang` WHERE (id_cabang = '29' ) LIMIT 1
Params: []

2015-07-04T12:37:02+07:00 INFO (6): 
Elapsed Secs: 0.00085
Query: DESCRIBE `pinjaman`
Params: []

2015-07-04T12:37:02+07:00 INFO (6): 
Elapsed Secs: 0.00028
Query: SELECT `pin`.*, `cos`.`nama` FROM `pinjaman` AS `pin`
 INNER JOIN `costumer` AS `cos` ON pin.nik_costumer = cos.nik_costumer
 INNER JOIN `user` AS `us` ON cos.id_user = us.id_user
 INNER JOIN `cabang` AS `cb` ON us.id_cabang = cb.id_cabang WHERE (us.id_user = '16') AND (cb.id_cabang = '29')
Params: []

2015-07-04T12:37:02+07:00 INFO (6): 
Elapsed Secs: 0.00096
Query: DESCRIBE `spb`
Params: []

2015-07-04T12:37:02+07:00 INFO (6): 
Elapsed Secs: 0.00013
Query: SELECT `spb`.* FROM `spb` WHERE (no_kontrak) LIMIT 1
Params: []

2015-07-04T12:37:02+07:00 INFO (6): 
Elapsed Secs: 0.00016
Query: SELECT `spb`.* FROM `spb` WHERE (no_kontrak) LIMIT 1
Params: []

2015-07-04T12:37:04+07:00 INFO (6): 
Elapsed Secs: 0.00028
Query: connect
Params: []

2015-07-04T12:37:04+07:00 INFO (6): 
Elapsed Secs: 0.00123
Query: DESCRIBE `cabang`
Params: []

2015-07-04T12:37:04+07:00 INFO (6): 
Elapsed Secs: 0.00017
Query: SELECT `cabang`.* FROM `cabang` WHERE (id_cabang = '29' ) LIMIT 1
Params: []

2015-07-04T12:37:04+07:00 INFO (6): 
Elapsed Secs: 0.00102
Query: DESCRIBE `pinjaman`
Params: []

2015-07-04T12:37:04+07:00 INFO (6): 
Elapsed Secs: 0.00026
Query: SELECT `pin`.*, `cos`.`nama` FROM `pinjaman` AS `pin`
 INNER JOIN `costumer` AS `cos` ON pin.nik_costumer = cos.nik_costumer
 INNER JOIN `user` AS `us` ON cos.id_user = us.id_user
 INNER JOIN `cabang` AS `cb` ON us.id_cabang = cb.id_cabang WHERE (us.id_user = '16') AND (cb.id_cabang = '29')
Params: []

2015-07-04T12:37:04+07:00 INFO (6): 
Elapsed Secs: 0.00102
Query: DESCRIBE `spb`
Params: []

2015-07-04T12:37:04+07:00 INFO (6): 
Elapsed Secs: 0.00015
Query: SELECT `spb`.* FROM `spb` WHERE (no_kontrak) LIMIT 1
Params: []

2015-07-04T12:37:04+07:00 INFO (6): 
Elapsed Secs: 0.00012
Query: SELECT `spb`.* FROM `spb` WHERE (no_kontrak) LIMIT 1
Params: []

2015-07-04T12:45:53+07:00 INFO (6): 
Elapsed Secs: 0.00024
Query: connect
Params: []

2015-07-04T12:45:53+07:00 INFO (6): 
Elapsed Secs: 0.00096
Query: DESCRIBE `pinjaman`
Params: []

2015-07-04T12:45:53+07:00 INFO (6): 
Elapsed Secs: 0.00019
Query: SELECT `pinjaman`.* FROM `pinjaman` WHERE (no_kontrak) LIMIT 1
Params: []

2015-07-04T12:45:54+07:00 INFO (6): 
Elapsed Secs: 0.00043
Query: connect
Params: []

2015-07-04T12:45:54+07:00 INFO (6): 
Elapsed Secs: 0.00205
Query: DESCRIBE `pinjaman`
Params: []

2015-07-04T12:45:54+07:00 INFO (6): 
Elapsed Secs: 0.00029
Query: SELECT `pinjaman`.* FROM `pinjaman` WHERE (no_kontrak) LIMIT 1
Params: []

2015-07-04T12:46:29+07:00 INFO (6): 
Elapsed Secs: 0.00156
Query: connect
Params: []

2015-07-04T12:46:29+07:00 INFO (6): 
Elapsed Secs: 0.00129
Query: DESCRIBE `pinjaman`
Params: []

2015-07-04T12:46:29+07:00 INFO (6): 
Elapsed Secs: 0.00019
Query: SELECT `pinjaman`.* FROM `pinjaman` WHERE (no_kontrak ='AT-3R44E-26') LIMIT 1
Params: []

2015-07-04T12:47:59+07:00 INFO (6): 
Elapsed Secs: 0.00028
Query: connect
Params: []

2015-07-04T12:47:59+07:00 INFO (6): 
Elapsed Secs: 0.00121
Query: DESCRIBE `pinjaman`
Params: []

2015-07-04T12:47:59+07:00 INFO (6): 
Elapsed Secs: 0.00022
Query: SELECT `pinjaman`.* FROM `pinjaman` WHERE (no_kontrak ='AT-3R44E-26') LIMIT 1
Params: []

2015-07-04T12:48:03+07:00 INFO (6): 
Elapsed Secs: 0.00027
Query: connect
Params: []

2015-07-04T12:48:03+07:00 INFO (6): 
Elapsed Secs: 0.00123
Query: DESCRIBE `pinjaman`
Params: []

2015-07-04T12:48:03+07:00 INFO (6): 
Elapsed Secs: 0.0002
Query: SELECT `pinjaman`.* FROM `pinjaman` WHERE (no_kontrak ='AT-3R44E-26') LIMIT 1
Params: []

2015-07-04T12:48:03+07:00 INFO (6): 
Elapsed Secs: 0.00029
Query: connect
Params: []

2015-07-04T12:48:03+07:00 INFO (6): 
Elapsed Secs: 0.00119
Query: DESCRIBE `pinjaman`
Params: []

2015-07-04T12:48:03+07:00 INFO (6): 
Elapsed Secs: 0.00017
Query: SELECT `pinjaman`.* FROM `pinjaman` WHERE (no_kontrak ='AT-3R44E-26') LIMIT 1
Params: []

2015-07-04T12:48:04+07:00 INFO (6): 
Elapsed Secs: 0.00034
Query: connect
Params: []

2015-07-04T12:48:04+07:00 INFO (6): 
Elapsed Secs: 0.00186
Query: DESCRIBE `pinjaman`
Params: []

2015-07-04T12:48:04+07:00 INFO (6): 
Elapsed Secs: 0.00028
Query: SELECT `pinjaman`.* FROM `pinjaman` WHERE (no_kontrak ='AT-3R44E-26') LIMIT 1
Params: []

2015-07-04T12:48:11+07:00 INFO (6): 
Elapsed Secs: 0.00112
Query: connect
Params: []

2015-07-04T12:48:11+07:00 INFO (6): 
Elapsed Secs: 0.001
Query: DESCRIBE `pinjaman`
Params: []

2015-07-04T12:48:11+07:00 INFO (6): 
Elapsed Secs: 0.00019
Query: SELECT `pinjaman`.* FROM `pinjaman` WHERE (no_kontrak ='AT-3R44E-26') LIMIT 1
Params: []

2015-07-04T12:48:13+07:00 INFO (6): 
Elapsed Secs: 0.00035
Query: connect
Params: []

2015-07-04T12:48:13+07:00 INFO (6): 
Elapsed Secs: 0.00124
Query: DESCRIBE `pinjaman`
Params: []

2015-07-04T12:48:13+07:00 INFO (6): 
Elapsed Secs: 0.00019
Query: SELECT `pinjaman`.* FROM `pinjaman` WHERE (no_kontrak ='AT-3R44E-26') LIMIT 1
Params: []

2015-07-04T12:48:13+07:00 INFO (6): 
Elapsed Secs: 0.00029
Query: connect
Params: []

2015-07-04T12:48:13+07:00 INFO (6): 
Elapsed Secs: 0.00098
Query: DESCRIBE `pinjaman`
Params: []

2015-07-04T12:48:13+07:00 INFO (6): 
Elapsed Secs: 0.00016
Query: SELECT `pinjaman`.* FROM `pinjaman` WHERE (no_kontrak ='AT-3R44E-26') LIMIT 1
Params: []

2015-07-04T12:49:05+07:00 INFO (6): 
Elapsed Secs: 0.00165
Query: connect
Params: []

2015-07-04T12:49:05+07:00 INFO (6): 
Elapsed Secs: 0.00141
Query: DESCRIBE `cabang`
Params: []

2015-07-04T12:49:05+07:00 INFO (6): 
Elapsed Secs: 0.00022
Query: SELECT `cabang`.* FROM `cabang` WHERE (id_cabang = '29' ) LIMIT 1
Params: []

2015-07-04T12:49:05+07:00 INFO (6): 
Elapsed Secs: 0.00123
Query: DESCRIBE `pinjaman`
Params: []

2015-07-04T12:49:05+07:00 INFO (6): 
Elapsed Secs: 0.00034
Query: SELECT `pin`.*, `cos`.`nama` FROM `pinjaman` AS `pin`
 INNER JOIN `costumer` AS `cos` ON pin.nik_costumer = cos.nik_costumer
 INNER JOIN `user` AS `us` ON cos.id_user = us.id_user
 INNER JOIN `cabang` AS `cb` ON us.id_cabang = cb.id_cabang WHERE (us.id_user = '16') AND (cb.id_cabang = '29')
Params: []

2015-07-04T12:49:05+07:00 INFO (6): 
Elapsed Secs: 0.0012
Query: DESCRIBE `spb`
Params: []

2015-07-04T12:49:05+07:00 INFO (6): 
Elapsed Secs: 0.0002
Query: SELECT `spb`.* FROM `spb` WHERE (no_kontrak) LIMIT 1
Params: []

2015-07-04T12:49:05+07:00 INFO (6): 
Elapsed Secs: 0.00021
Query: SELECT `spb`.* FROM `spb` WHERE (no_kontrak) LIMIT 1
Params: []

2015-07-04T12:49:08+07:00 INFO (6): 
Elapsed Secs: 0.00045
Query: connect
Params: []

2015-07-04T12:49:08+07:00 INFO (6): 
Elapsed Secs: 0.00361
Query: DESCRIBE `cabang`
Params: []

2015-07-04T12:49:08+07:00 INFO (6): 
Elapsed Secs: 0.00043
Query: SELECT `cabang`.* FROM `cabang` WHERE (id_cabang = '29' ) LIMIT 1
Params: []

2015-07-04T12:49:08+07:00 INFO (6): 
Elapsed Secs: 0.0023
Query: DESCRIBE `pinjaman`
Params: []

2015-07-04T12:49:08+07:00 INFO (6): 
Elapsed Secs: 0.00033
Query: SELECT `pin`.*, `cos`.`nama` FROM `pinjaman` AS `pin`
 INNER JOIN `costumer` AS `cos` ON pin.nik_costumer = cos.nik_costumer
 INNER JOIN `user` AS `us` ON cos.id_user = us.id_user
 INNER JOIN `cabang` AS `cb` ON us.id_cabang = cb.id_cabang WHERE (us.id_user = '16') AND (cb.id_cabang = '29')
Params: []

2015-07-04T12:49:08+07:00 INFO (6): 
Elapsed Secs: 0.00125
Query: DESCRIBE `spb`
Params: []

2015-07-04T12:49:08+07:00 INFO (6): 
Elapsed Secs: 0.00024
Query: SELECT `spb`.* FROM `spb` WHERE (no_kontrak) LIMIT 1
Params: []

2015-07-04T12:49:08+07:00 INFO (6): 
Elapsed Secs: 0.00019
Query: SELECT `spb`.* FROM `spb` WHERE (no_kontrak) LIMIT 1
Params: []

2015-07-04T12:49:10+07:00 INFO (6): 
Elapsed Secs: 0.00025
Query: connect
Params: []

2015-07-04T12:49:10+07:00 INFO (6): 
Elapsed Secs: 0.00098
Query: DESCRIBE `pinjaman`
Params: []

2015-07-04T12:49:10+07:00 INFO (6): 
Elapsed Secs: 0.00021
Query: SELECT `pinjaman`.* FROM `pinjaman` WHERE (no_kontrak ='AT-LKPE9-26') LIMIT 1
Params: []

2015-07-04T12:49:10+07:00 INFO (6): 
Elapsed Secs: 0.00077
Query: DESCRIBE `spb`
Params: []

2015-07-04T12:51:03+07:00 INFO (6): 
Elapsed Secs: 0.00027
Query: connect
Params: []

2015-07-04T12:51:03+07:00 INFO (6): 
Elapsed Secs: 0.00021
Query: connect
Params: []

2015-07-04T12:51:03+07:00 INFO (6): 
Elapsed Secs: 0.00129
Query: DESCRIBE `pinjaman`
Params: []

2015-07-04T12:51:03+07:00 INFO (6): 
Elapsed Secs: 0.00018
Query: SELECT `pinjaman`.* FROM `pinjaman` WHERE (no_kontrak ='AT-LKPE9-26') LIMIT 1
Params: []

2015-07-04T12:51:11+07:00 INFO (6): 
Elapsed Secs: 0.00026
Query: connect
Params: []

2015-07-04T12:51:11+07:00 INFO (6): 
Elapsed Secs: 0.00026
Query: connect
Params: []

2015-07-04T12:51:11+07:00 INFO (6): 
Elapsed Secs: 0.00115
Query: DESCRIBE `pinjaman`
Params: []

2015-07-04T12:51:11+07:00 INFO (6): 
Elapsed Secs: 0.0002
Query: SELECT `pinjaman`.* FROM `pinjaman` WHERE (no_kontrak ='AT-LKPE9-26') LIMIT 1
Params: []

2015-07-04T12:51:34+07:00 INFO (6): 
Elapsed Secs: 0.00142
Query: connect
Params: []

2015-07-04T12:51:52+07:00 INFO (6): 
Elapsed Secs: 0.00026
Query: connect
Params: []

2015-07-04T12:52:03+07:00 INFO (6): 
Elapsed Secs: 0.00053
Query: connect
Params: []

2015-07-04T12:52:03+07:00 INFO (6): 
Elapsed Secs: 0.00021
Query: connect
Params: []

2015-07-04T12:52:04+07:00 INFO (6): 
Elapsed Secs: 0.00037
Query: connect
Params: []

2015-07-04T12:52:04+07:00 INFO (6): 
Elapsed Secs: 0.00024
Query: connect
Params: []

2015-07-04T12:52:04+07:00 INFO (6): 
Elapsed Secs: 0.00028
Query: connect
Params: []

2015-07-04T12:52:04+07:00 INFO (6): 
Elapsed Secs: 0.00015
Query: connect
Params: []

2015-07-04T12:52:05+07:00 INFO (6): 
Elapsed Secs: 0.00037
Query: connect
Params: []

2015-07-04T12:52:05+07:00 INFO (6): 
Elapsed Secs: 0.00023
Query: connect
Params: []

2015-07-04T12:52:36+07:00 INFO (6): 
Elapsed Secs: 0.00023
Query: connect
Params: []

2015-07-04T12:52:36+07:00 INFO (6): 
Elapsed Secs: 0.00024
Query: connect
Params: []

2015-07-04T12:52:37+07:00 INFO (6): 
Elapsed Secs: 0.00025
Query: connect
Params: []

2015-07-04T12:52:37+07:00 INFO (6): 
Elapsed Secs: 0.00021
Query: connect
Params: []

2015-07-04T12:52:37+07:00 INFO (6): 
Elapsed Secs: 0.00027
Query: connect
Params: []

2015-07-04T12:52:37+07:00 INFO (6): 
Elapsed Secs: 0.00025
Query: connect
Params: []

2015-07-04T12:52:49+07:00 INFO (6): 
Elapsed Secs: 0.00029
Query: connect
Params: []

2015-07-04T12:53:13+07:00 INFO (6): 
Elapsed Secs: 0.00064
Query: connect
Params: []

2015-07-04T12:53:13+07:00 INFO (6): 
Elapsed Secs: 0.00299
Query: DESCRIBE `cabang`
Params: []

2015-07-04T12:53:13+07:00 INFO (6): 
Elapsed Secs: 0.00045
Query: SELECT `cabang`.* FROM `cabang` WHERE (id_cabang = '29' ) LIMIT 1
Params: []

2015-07-04T12:53:13+07:00 INFO (6): 
Elapsed Secs: 0.00264
Query: DESCRIBE `pinjaman`
Params: []

2015-07-04T12:53:13+07:00 INFO (6): 
Elapsed Secs: 0.00065
Query: SELECT `pin`.*, `cos`.`nama` FROM `pinjaman` AS `pin`
 INNER JOIN `costumer` AS `cos` ON pin.nik_costumer = cos.nik_costumer
 INNER JOIN `user` AS `us` ON cos.id_user = us.id_user
 INNER JOIN `cabang` AS `cb` ON us.id_cabang = cb.id_cabang WHERE (us.id_user = '16') AND (cb.id_cabang = '29')
Params: []

2015-07-04T12:53:13+07:00 INFO (6): 
Elapsed Secs: 0.00168
Query: DESCRIBE `spb`
Params: []

2015-07-04T12:53:13+07:00 INFO (6): 
Elapsed Secs: 0.00023
Query: SELECT `spb`.* FROM `spb` WHERE (no_kontrak) LIMIT 1
Params: []

2015-07-04T12:53:13+07:00 INFO (6): 
Elapsed Secs: 0.00021
Query: SELECT `spb`.* FROM `spb` WHERE (no_kontrak) LIMIT 1
Params: []

2015-07-04T12:53:15+07:00 INFO (6): 
Elapsed Secs: 0.00046
Query: connect
Params: []

2015-07-04T12:53:15+07:00 INFO (6): 
Elapsed Secs: 0.0004
Query: connect
Params: []

2015-07-04T12:53:15+07:00 INFO (6): 
Elapsed Secs: 0.00139
Query: DESCRIBE `pinjaman`
Params: []

2015-07-04T12:53:15+07:00 INFO (6): 
Elapsed Secs: 0.0002
Query: SELECT `pinjaman`.* FROM `pinjaman` WHERE (no_kontrak ='AT-3R44E-26') LIMIT 1
Params: []

2015-07-04T12:53:27+07:00 INFO (6): 
Elapsed Secs: 0.00024
Query: connect
Params: []

2015-07-04T12:53:27+07:00 INFO (6): 
Elapsed Secs: 0.0002
Query: connect
Params: []

2015-07-04T12:53:27+07:00 INFO (6): 
Elapsed Secs: 0.00125
Query: DESCRIBE `pinjaman`
Params: []

2015-07-04T12:53:27+07:00 INFO (6): 
Elapsed Secs: 0.00019
Query: SELECT `pinjaman`.* FROM `pinjaman` WHERE (no_kontrak ='AT-3R44E-26') LIMIT 1
Params: []

