2015-06-26T10:01:56+07:00 INFO (6): 
Elapsed Secs: 0.00034
Query: connect
Params: []

2015-06-26T10:01:56+07:00 INFO (6): 
Elapsed Secs: 0.00137
Query: DESCRIBE `pinjaman`
Params: []

2015-06-26T10:01:56+07:00 INFO (6): 
Elapsed Secs: 0.0003
Query: SELECT `pin`.* FROM `pinjaman` AS `pin`
 INNER JOIN `costumer` AS `cos` ON pin.nik_costumer = cos.nik_costumer
 INNER JOIN `user` AS `us` ON cos.id_user = us.id_user
 INNER JOIN `cabang` AS `cb` ON us.id_cabang = cb.id_cabang WHERE (us.id_user = '16') AND (cb.id_cabang = '29')
Params: []

2015-06-26T10:03:27+07:00 INFO (6): 
Elapsed Secs: 0.00027
Query: connect
Params: []

2015-06-26T10:03:27+07:00 INFO (6): 
Elapsed Secs: 0.00111
Query: DESCRIBE `cabang`
Params: []

2015-06-26T10:03:27+07:00 INFO (6): 
Elapsed Secs: 0.00014
Query: SELECT `cabang`.* FROM `cabang` WHERE (id_cabang = '29' ) LIMIT 1
Params: []

2015-06-26T10:03:27+07:00 INFO (6): 
Elapsed Secs: 0.00081
Query: DESCRIBE `pinjaman`
Params: []

2015-06-26T10:03:27+07:00 INFO (6): 
Elapsed Secs: 0.00018
Query: SELECT `pin`.* FROM `pinjaman` AS `pin`
 INNER JOIN `costumer` AS `cos` ON pin.nik_costumer = cos.nik_costumer
 INNER JOIN `user` AS `us` ON cos.id_user = us.id_user
 INNER JOIN `cabang` AS `cb` ON us.id_cabang = cb.id_cabang WHERE (us.id_user = '16') AND (cb.id_cabang = '29')
Params: []

2015-06-26T10:04:31+07:00 INFO (6): 
Elapsed Secs: 0.0003
Query: connect
Params: []

2015-06-26T10:04:31+07:00 INFO (6): 
Elapsed Secs: 0.00113
Query: DESCRIBE `cabang`
Params: []

2015-06-26T10:04:31+07:00 INFO (6): 
Elapsed Secs: 0.00021
Query: SELECT `cabang`.* FROM `cabang` WHERE (id_cabang = '29' ) LIMIT 1
Params: []

2015-06-26T10:04:31+07:00 INFO (6): 
Elapsed Secs: 0.00095
Query: DESCRIBE `pinjaman`
Params: []

2015-06-26T10:04:51+07:00 INFO (6): 
Elapsed Secs: 0.00032
Query: connect
Params: []

2015-06-26T10:04:51+07:00 INFO (6): 
Elapsed Secs: 0.00119
Query: DESCRIBE `cabang`
Params: []

2015-06-26T10:04:51+07:00 INFO (6): 
Elapsed Secs: 0.00018
Query: SELECT `cabang`.* FROM `cabang` WHERE (id_cabang = '29' ) LIMIT 1
Params: []

2015-06-26T10:04:51+07:00 INFO (6): 
Elapsed Secs: 0.00088
Query: DESCRIBE `pinjaman`
Params: []

2015-06-26T10:04:51+07:00 INFO (6): 
Elapsed Secs: 0.00028
Query: SELECT `pin`.*, `cos`.`nama` FROM `pinjaman` AS `pin`
 INNER JOIN `costumer` AS `cos` ON pin.nik_costumer = cos.nik_costumer
 INNER JOIN `user` AS `us` ON cos.id_user = us.id_user
 INNER JOIN `cabang` AS `cb` ON us.id_cabang = cb.id_cabang WHERE (us.id_user = '16') AND (cb.id_cabang = '29')
Params: []

2015-06-26T10:05:36+07:00 INFO (6): 
Elapsed Secs: 0.00059
Query: connect
Params: []

2015-06-26T10:05:36+07:00 INFO (6): 
Elapsed Secs: 0.00164
Query: DESCRIBE `cabang`
Params: []

2015-06-26T10:05:36+07:00 INFO (6): 
Elapsed Secs: 0.00019
Query: SELECT `cabang`.* FROM `cabang` WHERE (id_cabang = '29' ) LIMIT 1
Params: []

2015-06-26T10:05:36+07:00 INFO (6): 
Elapsed Secs: 0.0012
Query: DESCRIBE `pinjaman`
Params: []

2015-06-26T10:05:36+07:00 INFO (6): 
Elapsed Secs: 0.00029
Query: SELECT `pin`.*, `cos`.`nama` FROM `pinjaman` AS `pin`
 INNER JOIN `costumer` AS `cos` ON pin.nik_costumer = cos.nik_costumer
 INNER JOIN `user` AS `us` ON cos.id_user = us.id_user
 INNER JOIN `cabang` AS `cb` ON us.id_cabang = cb.id_cabang WHERE (us.id_user = '16') AND (cb.id_cabang = '29')
Params: []

2015-06-26T10:06:54+07:00 INFO (6): 
Elapsed Secs: 0.00036
Query: connect
Params: []

2015-06-26T10:06:54+07:00 INFO (6): 
Elapsed Secs: 0.0018
Query: DESCRIBE `cabang`
Params: []

2015-06-26T10:06:54+07:00 INFO (6): 
Elapsed Secs: 0.00026
Query: SELECT `cabang`.* FROM `cabang` WHERE (id_cabang = '29' ) LIMIT 1
Params: []

2015-06-26T10:06:54+07:00 INFO (6): 
Elapsed Secs: 0.00154
Query: DESCRIBE `pinjaman`
Params: []

2015-06-26T10:06:54+07:00 INFO (6): 
Elapsed Secs: 0.00036
Query: SELECT `pin`.*, `cos`.`nama` FROM `pinjaman` AS `pin`
 INNER JOIN `costumer` AS `cos` ON pin.nik_costumer = cos.nik_costumer
 INNER JOIN `user` AS `us` ON cos.id_user = us.id_user
 INNER JOIN `cabang` AS `cb` ON us.id_cabang = cb.id_cabang WHERE (us.id_user = '16') AND (cb.id_cabang = '29')
Params: []

2015-06-26T10:07:06+07:00 INFO (6): 
Elapsed Secs: 0.00119
Query: connect
Params: []

2015-06-26T10:07:06+07:00 INFO (6): 
Elapsed Secs: 0.001
Query: DESCRIBE `cabang`
Params: []

2015-06-26T10:07:06+07:00 INFO (6): 
Elapsed Secs: 0.00013
Query: SELECT `cabang`.* FROM `cabang` WHERE (id_cabang = '29' ) LIMIT 1
Params: []

2015-06-26T10:07:06+07:00 INFO (6): 
Elapsed Secs: 0.00073
Query: DESCRIBE `pinjaman`
Params: []

2015-06-26T10:07:06+07:00 INFO (6): 
Elapsed Secs: 0.00017
Query: SELECT `pin`.*, `cos`.`nama` FROM `pinjaman` AS `pin`
 INNER JOIN `costumer` AS `cos` ON pin.nik_costumer = cos.nik_costumer
 INNER JOIN `user` AS `us` ON cos.id_user = us.id_user
 INNER JOIN `cabang` AS `cb` ON us.id_cabang = cb.id_cabang WHERE (us.id_user = '16') AND (cb.id_cabang = '29')
Params: []

2015-06-26T10:07:40+07:00 INFO (6): 
Elapsed Secs: 0.00028
Query: connect
Params: []

2015-06-26T10:07:40+07:00 INFO (6): 
Elapsed Secs: 0.00103
Query: DESCRIBE `cabang`
Params: []

2015-06-26T10:07:40+07:00 INFO (6): 
Elapsed Secs: 0.00017
Query: SELECT `cabang`.* FROM `cabang` WHERE (id_cabang = '29' ) LIMIT 1
Params: []

2015-06-26T10:07:40+07:00 INFO (6): 
Elapsed Secs: 0.00087
Query: DESCRIBE `pinjaman`
Params: []

2015-06-26T10:07:40+07:00 INFO (6): 
Elapsed Secs: 0.00029
Query: SELECT `pin`.*, `cos`.`nama` FROM `pinjaman` AS `pin`
 INNER JOIN `costumer` AS `cos` ON pin.nik_costumer = cos.nik_costumer
 INNER JOIN `user` AS `us` ON cos.id_user = us.id_user
 INNER JOIN `cabang` AS `cb` ON us.id_cabang = cb.id_cabang WHERE (us.id_user = '16') AND (cb.id_cabang = '29')
Params: []

2015-06-26T10:08:09+07:00 INFO (6): 
Elapsed Secs: 0.00029
Query: connect
Params: []

2015-06-26T10:08:09+07:00 INFO (6): 
Elapsed Secs: 0.00173
Query: DESCRIBE `cabang`
Params: []

2015-06-26T10:08:09+07:00 INFO (6): 
Elapsed Secs: 0.00037
Query: SELECT `cabang`.* FROM `cabang` WHERE (id_cabang = '29' ) LIMIT 1
Params: []

2015-06-26T10:08:09+07:00 INFO (6): 
Elapsed Secs: 0.00253
Query: DESCRIBE `pinjaman`
Params: []

2015-06-26T10:08:09+07:00 INFO (6): 
Elapsed Secs: 0.00056
Query: SELECT `pin`.*, `cos`.`nama` FROM `pinjaman` AS `pin`
 INNER JOIN `costumer` AS `cos` ON pin.nik_costumer = cos.nik_costumer
 INNER JOIN `user` AS `us` ON cos.id_user = us.id_user
 INNER JOIN `cabang` AS `cb` ON us.id_cabang = cb.id_cabang WHERE (us.id_user = '16') AND (cb.id_cabang = '29')
Params: []

2015-06-26T10:08:32+07:00 INFO (6): 
Elapsed Secs: 0.0003
Query: connect
Params: []

2015-06-26T10:08:32+07:00 INFO (6): 
Elapsed Secs: 0.0012
Query: DESCRIBE `cabang`
Params: []

2015-06-26T10:08:32+07:00 INFO (6): 
Elapsed Secs: 0.00019
Query: SELECT `cabang`.* FROM `cabang` WHERE (id_cabang = '29' ) LIMIT 1
Params: []

2015-06-26T10:08:32+07:00 INFO (6): 
Elapsed Secs: 0.00108
Query: DESCRIBE `pinjaman`
Params: []

2015-06-26T10:08:32+07:00 INFO (6): 
Elapsed Secs: 0.00026
Query: SELECT `pin`.*, `cos`.`nama` FROM `pinjaman` AS `pin`
 INNER JOIN `costumer` AS `cos` ON pin.nik_costumer = cos.nik_costumer
 INNER JOIN `user` AS `us` ON cos.id_user = us.id_user
 INNER JOIN `cabang` AS `cb` ON us.id_cabang = cb.id_cabang WHERE (us.id_user = '16') AND (cb.id_cabang = '29')
Params: []

2015-06-26T10:10:24+07:00 INFO (6): 
Elapsed Secs: 0.00112
Query: connect
Params: []

2015-06-26T10:10:24+07:00 INFO (6): 
Elapsed Secs: 0.00118
Query: DESCRIBE `cabang`
Params: []

2015-06-26T10:10:24+07:00 INFO (6): 
Elapsed Secs: 0.00016
Query: SELECT `cabang`.* FROM `cabang` WHERE (id_cabang = '29' ) LIMIT 1
Params: []

2015-06-26T10:10:24+07:00 INFO (6): 
Elapsed Secs: 0.00098
Query: DESCRIBE `pinjaman`
Params: []

2015-06-26T10:10:24+07:00 INFO (6): 
Elapsed Secs: 0.00026
Query: SELECT `pin`.*, `cos`.`nama` FROM `pinjaman` AS `pin`
 INNER JOIN `costumer` AS `cos` ON pin.nik_costumer = cos.nik_costumer
 INNER JOIN `user` AS `us` ON cos.id_user = us.id_user
 INNER JOIN `cabang` AS `cb` ON us.id_cabang = cb.id_cabang WHERE (us.id_user = '16') AND (cb.id_cabang = '29')
Params: []

2015-06-26T10:10:41+07:00 INFO (6): 
Elapsed Secs: 0.00025
Query: connect
Params: []

2015-06-26T10:10:41+07:00 INFO (6): 
Elapsed Secs: 0.00127
Query: DESCRIBE `cabang`
Params: []

2015-06-26T10:10:41+07:00 INFO (6): 
Elapsed Secs: 0.0002
Query: SELECT `cabang`.* FROM `cabang` WHERE (id_cabang = '29' ) LIMIT 1
Params: []

2015-06-26T10:10:41+07:00 INFO (6): 
Elapsed Secs: 0.00105
Query: DESCRIBE `pinjaman`
Params: []

2015-06-26T10:10:41+07:00 INFO (6): 
Elapsed Secs: 0.00029
Query: SELECT `pin`.*, `cos`.`nama` FROM `pinjaman` AS `pin`
 INNER JOIN `costumer` AS `cos` ON pin.nik_costumer = cos.nik_costumer
 INNER JOIN `user` AS `us` ON cos.id_user = us.id_user
 INNER JOIN `cabang` AS `cb` ON us.id_cabang = cb.id_cabang WHERE (us.id_user = '16') AND (cb.id_cabang = '29')
Params: []

2015-06-26T10:11:24+07:00 INFO (6): 
Elapsed Secs: 0.00032
Query: connect
Params: []

2015-06-26T10:11:24+07:00 INFO (6): 
Elapsed Secs: 0.00108
Query: DESCRIBE `cabang`
Params: []

2015-06-26T10:11:24+07:00 INFO (6): 
Elapsed Secs: 0.00017
Query: SELECT `cabang`.* FROM `cabang` WHERE (id_cabang = '29' ) LIMIT 1
Params: []

2015-06-26T10:11:24+07:00 INFO (6): 
Elapsed Secs: 0.00093
Query: DESCRIBE `pinjaman`
Params: []

2015-06-26T10:11:24+07:00 INFO (6): 
Elapsed Secs: 0.00021
Query: SELECT `pin`.*, `cos`.`nama` FROM `pinjaman` AS `pin`
 INNER JOIN `costumer` AS `cos` ON pin.nik_costumer = cos.nik_costumer
 INNER JOIN `user` AS `us` ON cos.id_user = us.id_user
 INNER JOIN `cabang` AS `cb` ON us.id_cabang = cb.id_cabang WHERE (us.id_user = '16') AND (cb.id_cabang = '29')
Params: []

2015-06-26T10:11:43+07:00 INFO (6): 
Elapsed Secs: 0.00033
Query: connect
Params: []

2015-06-26T10:11:43+07:00 INFO (6): 
Elapsed Secs: 0.00127
Query: DESCRIBE `cabang`
Params: []

2015-06-26T10:11:43+07:00 INFO (6): 
Elapsed Secs: 0.00022
Query: SELECT `cabang`.* FROM `cabang` WHERE (id_cabang = '29' ) LIMIT 1
Params: []

2015-06-26T10:11:43+07:00 INFO (6): 
Elapsed Secs: 0.00108
Query: DESCRIBE `pinjaman`
Params: []

2015-06-26T10:11:43+07:00 INFO (6): 
Elapsed Secs: 0.00028
Query: SELECT `pin`.*, `cos`.`nama` FROM `pinjaman` AS `pin`
 INNER JOIN `costumer` AS `cos` ON pin.nik_costumer = cos.nik_costumer
 INNER JOIN `user` AS `us` ON cos.id_user = us.id_user
 INNER JOIN `cabang` AS `cb` ON us.id_cabang = cb.id_cabang WHERE (us.id_user = '16') AND (cb.id_cabang = '29')
Params: []

2015-06-26T10:12:07+07:00 INFO (6): 
Elapsed Secs: 0.00026
Query: connect
Params: []

2015-06-26T10:12:07+07:00 INFO (6): 
Elapsed Secs: 0.0011
Query: DESCRIBE `cabang`
Params: []

2015-06-26T10:12:07+07:00 INFO (6): 
Elapsed Secs: 0.00015
Query: SELECT `cabang`.* FROM `cabang` WHERE (id_cabang = '29' ) LIMIT 1
Params: []

2015-06-26T10:12:07+07:00 INFO (6): 
Elapsed Secs: 0.00103
Query: DESCRIBE `pinjaman`
Params: []

2015-06-26T10:12:07+07:00 INFO (6): 
Elapsed Secs: 0.0002
Query: SELECT `pin`.*, `cos`.`nama` FROM `pinjaman` AS `pin`
 INNER JOIN `costumer` AS `cos` ON pin.nik_costumer = cos.nik_costumer
 INNER JOIN `user` AS `us` ON cos.id_user = us.id_user
 INNER JOIN `cabang` AS `cb` ON us.id_cabang = cb.id_cabang WHERE (us.id_user = '16') AND (cb.id_cabang = '29')
Params: []

2015-06-26T10:12:37+07:00 INFO (6): 
Elapsed Secs: 0.00031
Query: connect
Params: []

2015-06-26T10:12:37+07:00 INFO (6): 
Elapsed Secs: 0.00165
Query: DESCRIBE `cabang`
Params: []

2015-06-26T10:12:37+07:00 INFO (6): 
Elapsed Secs: 0.00021
Query: SELECT `cabang`.* FROM `cabang` WHERE (id_cabang = '29' ) LIMIT 1
Params: []

2015-06-26T10:12:37+07:00 INFO (6): 
Elapsed Secs: 0.00135
Query: DESCRIBE `pinjaman`
Params: []

2015-06-26T10:12:37+07:00 INFO (6): 
Elapsed Secs: 0.00028
Query: SELECT `pin`.*, `cos`.`nama` FROM `pinjaman` AS `pin`
 INNER JOIN `costumer` AS `cos` ON pin.nik_costumer = cos.nik_costumer
 INNER JOIN `user` AS `us` ON cos.id_user = us.id_user
 INNER JOIN `cabang` AS `cb` ON us.id_cabang = cb.id_cabang WHERE (us.id_user = '16') AND (cb.id_cabang = '29')
Params: []

2015-06-26T10:14:06+07:00 INFO (6): 
Elapsed Secs: 0.0002
Query: connect
Params: []

2015-06-26T10:14:06+07:00 INFO (6): 
Elapsed Secs: 0.00102
Query: DESCRIBE `cabang`
Params: []

2015-06-26T10:14:06+07:00 INFO (6): 
Elapsed Secs: 0.00016
Query: SELECT `cabang`.* FROM `cabang` WHERE (id_cabang = '29' ) LIMIT 1
Params: []

2015-06-26T10:14:06+07:00 INFO (6): 
Elapsed Secs: 0.00102
Query: DESCRIBE `pinjaman`
Params: []

2015-06-26T10:14:06+07:00 INFO (6): 
Elapsed Secs: 0.00023
Query: SELECT `pin`.*, `cos`.`nama` FROM `pinjaman` AS `pin`
 INNER JOIN `costumer` AS `cos` ON pin.nik_costumer = cos.nik_costumer
 INNER JOIN `user` AS `us` ON cos.id_user = us.id_user
 INNER JOIN `cabang` AS `cb` ON us.id_cabang = cb.id_cabang WHERE (us.id_user = '16') AND (cb.id_cabang = '29')
Params: []

2015-06-26T10:15:01+07:00 INFO (6): 
Elapsed Secs: 0.00023
Query: connect
Params: []

2015-06-26T10:15:01+07:00 INFO (6): 
Elapsed Secs: 0.00122
Query: DESCRIBE `cabang`
Params: []

2015-06-26T10:15:01+07:00 INFO (6): 
Elapsed Secs: 0.00021
Query: SELECT `cabang`.* FROM `cabang` WHERE (id_cabang = '29' ) LIMIT 1
Params: []

2015-06-26T10:15:01+07:00 INFO (6): 
Elapsed Secs: 0.00108
Query: DESCRIBE `pinjaman`
Params: []

2015-06-26T10:15:01+07:00 INFO (6): 
Elapsed Secs: 0.00028
Query: SELECT `pin`.*, `cos`.`nama` FROM `pinjaman` AS `pin`
 INNER JOIN `costumer` AS `cos` ON pin.nik_costumer = cos.nik_costumer
 INNER JOIN `user` AS `us` ON cos.id_user = us.id_user
 INNER JOIN `cabang` AS `cb` ON us.id_cabang = cb.id_cabang WHERE (us.id_user = '16') AND (cb.id_cabang = '29')
Params: []

2015-06-26T10:15:21+07:00 INFO (6): 
Elapsed Secs: 0.00057
Query: connect
Params: []

2015-06-26T10:15:21+07:00 INFO (6): 
Elapsed Secs: 0.00325
Query: DESCRIBE `cabang`
Params: []

2015-06-26T10:15:21+07:00 INFO (6): 
Elapsed Secs: 0.0002
Query: SELECT `cabang`.* FROM `cabang` WHERE (id_cabang = '29' ) LIMIT 1
Params: []

2015-06-26T10:15:21+07:00 INFO (6): 
Elapsed Secs: 0.00111
Query: DESCRIBE `pinjaman`
Params: []

2015-06-26T10:15:21+07:00 INFO (6): 
Elapsed Secs: 0.0003
Query: SELECT `pin`.*, `cos`.`nama` FROM `pinjaman` AS `pin`
 INNER JOIN `costumer` AS `cos` ON pin.nik_costumer = cos.nik_costumer
 INNER JOIN `user` AS `us` ON cos.id_user = us.id_user
 INNER JOIN `cabang` AS `cb` ON us.id_cabang = cb.id_cabang WHERE (us.id_user = '16') AND (cb.id_cabang = '29')
Params: []

2015-06-26T10:18:58+07:00 INFO (6): 
Elapsed Secs: 0.00136
Query: connect
Params: []

2015-06-26T10:18:58+07:00 INFO (6): 
Elapsed Secs: 0.0012
Query: DESCRIBE `cabang`
Params: []

2015-06-26T10:18:58+07:00 INFO (6): 
Elapsed Secs: 0.00016
Query: SELECT `cabang`.* FROM `cabang` WHERE (id_cabang = '29' ) LIMIT 1
Params: []

2015-06-26T10:18:58+07:00 INFO (6): 
Elapsed Secs: 0.00249
Query: DESCRIBE `pinjaman`
Params: []

2015-06-26T10:18:58+07:00 INFO (6): 
Elapsed Secs: 0.00032
Query: SELECT `pin`.*, `cos`.`nama` FROM `pinjaman` AS `pin`
 INNER JOIN `costumer` AS `cos` ON pin.nik_costumer = cos.nik_costumer
 INNER JOIN `user` AS `us` ON cos.id_user = us.id_user
 INNER JOIN `cabang` AS `cb` ON us.id_cabang = cb.id_cabang WHERE (us.id_user = '16') AND (cb.id_cabang = '29')
Params: []

2015-06-26T10:19:26+07:00 INFO (6): 
Elapsed Secs: 0.00255
Query: connect
Params: []

2015-06-26T10:19:26+07:00 INFO (6): 
Elapsed Secs: 0.00225
Query: DESCRIBE `cabang`
Params: []

2015-06-26T10:19:26+07:00 INFO (6): 
Elapsed Secs: 0.00041
Query: SELECT `cabang`.* FROM `cabang` WHERE (id_cabang = '29' ) LIMIT 1
Params: []

2015-06-26T10:19:26+07:00 INFO (6): 
Elapsed Secs: 0.00187
Query: DESCRIBE `pinjaman`
Params: []

2015-06-26T10:19:26+07:00 INFO (6): 
Elapsed Secs: 0.00046
Query: SELECT `pin`.*, `cos`.`nama` FROM `pinjaman` AS `pin`
 INNER JOIN `costumer` AS `cos` ON pin.nik_costumer = cos.nik_costumer
 INNER JOIN `user` AS `us` ON cos.id_user = us.id_user
 INNER JOIN `cabang` AS `cb` ON us.id_cabang = cb.id_cabang WHERE (us.id_user = '16') AND (cb.id_cabang = '29')
Params: []

2015-06-26T10:20:33+07:00 INFO (6): 
Elapsed Secs: 0.00204
Query: connect
Params: []

2015-06-26T10:20:33+07:00 INFO (6): 
Elapsed Secs: 0.00179
Query: DESCRIBE `cabang`
Params: []

2015-06-26T10:20:33+07:00 INFO (6): 
Elapsed Secs: 0.00024
Query: SELECT `cabang`.* FROM `cabang` WHERE (id_cabang = '29' ) LIMIT 1
Params: []

2015-06-26T10:20:33+07:00 INFO (6): 
Elapsed Secs: 0.00162
Query: DESCRIBE `pinjaman`
Params: []

2015-06-26T10:20:33+07:00 INFO (6): 
Elapsed Secs: 0.00039
Query: SELECT `pin`.*, `cos`.`nama` FROM `pinjaman` AS `pin`
 INNER JOIN `costumer` AS `cos` ON pin.nik_costumer = cos.nik_costumer
 INNER JOIN `user` AS `us` ON cos.id_user = us.id_user
 INNER JOIN `cabang` AS `cb` ON us.id_cabang = cb.id_cabang WHERE (us.id_user = '16') AND (cb.id_cabang = '29')
Params: []

2015-06-26T10:22:06+07:00 INFO (6): 
Elapsed Secs: 0.00032
Query: connect
Params: []

2015-06-26T10:22:06+07:00 INFO (6): 
Elapsed Secs: 0.00106
Query: DESCRIBE `cabang`
Params: []

2015-06-26T10:22:06+07:00 INFO (6): 
Elapsed Secs: 0.00018
Query: SELECT `cabang`.* FROM `cabang` WHERE (id_cabang = '29' ) LIMIT 1
Params: []

2015-06-26T10:22:06+07:00 INFO (6): 
Elapsed Secs: 0.00093
Query: DESCRIBE `pinjaman`
Params: []

2015-06-26T10:22:06+07:00 INFO (6): 
Elapsed Secs: 0.00024
Query: SELECT `pin`.*, `cos`.`nama` FROM `pinjaman` AS `pin`
 INNER JOIN `costumer` AS `cos` ON pin.nik_costumer = cos.nik_costumer
 INNER JOIN `user` AS `us` ON cos.id_user = us.id_user
 INNER JOIN `cabang` AS `cb` ON us.id_cabang = cb.id_cabang WHERE (us.id_user = '16') AND (cb.id_cabang = '29')
Params: []

2015-06-26T10:22:25+07:00 INFO (6): 
Elapsed Secs: 0.00112
Query: connect
Params: []

2015-06-26T10:22:25+07:00 INFO (6): 
Elapsed Secs: 0.00102
Query: DESCRIBE `cabang`
Params: []

2015-06-26T10:22:25+07:00 INFO (6): 
Elapsed Secs: 0.00014
Query: SELECT `cabang`.* FROM `cabang` WHERE (id_cabang = '29' ) LIMIT 1
Params: []

2015-06-26T10:22:25+07:00 INFO (6): 
Elapsed Secs: 0.00082
Query: DESCRIBE `pinjaman`
Params: []

2015-06-26T10:22:25+07:00 INFO (6): 
Elapsed Secs: 0.0002
Query: SELECT `pin`.*, `cos`.`nama` FROM `pinjaman` AS `pin`
 INNER JOIN `costumer` AS `cos` ON pin.nik_costumer = cos.nik_costumer
 INNER JOIN `user` AS `us` ON cos.id_user = us.id_user
 INNER JOIN `cabang` AS `cb` ON us.id_cabang = cb.id_cabang WHERE (us.id_user = '16') AND (cb.id_cabang = '29')
Params: []

2015-06-26T10:24:19+07:00 INFO (6): 
Elapsed Secs: 0.00028
Query: connect
Params: []

2015-06-26T10:24:19+07:00 INFO (6): 
Elapsed Secs: 0.0014
Query: DESCRIBE `cabang`
Params: []

2015-06-26T10:24:19+07:00 INFO (6): 
Elapsed Secs: 0.0002
Query: SELECT `cabang`.* FROM `cabang` WHERE (id_cabang = '29' ) LIMIT 1
Params: []

2015-06-26T10:24:19+07:00 INFO (6): 
Elapsed Secs: 0.00118
Query: DESCRIBE `pinjaman`
Params: []

2015-06-26T10:24:19+07:00 INFO (6): 
Elapsed Secs: 0.00025
Query: SELECT `pin`.*, `cos`.`nama` FROM `pinjaman` AS `pin`
 INNER JOIN `costumer` AS `cos` ON pin.nik_costumer = cos.nik_costumer
 INNER JOIN `user` AS `us` ON cos.id_user = us.id_user
 INNER JOIN `cabang` AS `cb` ON us.id_cabang = cb.id_cabang WHERE (us.id_user = '16') AND (cb.id_cabang = '29')
Params: []

2015-06-26T10:24:35+07:00 INFO (6): 
Elapsed Secs: 0.00022
Query: connect
Params: []

2015-06-26T10:24:35+07:00 INFO (6): 
Elapsed Secs: 0.00106
Query: DESCRIBE `cabang`
Params: []

2015-06-26T10:24:35+07:00 INFO (6): 
Elapsed Secs: 0.00019
Query: SELECT `cabang`.* FROM `cabang` WHERE (id_cabang = '29' ) LIMIT 1
Params: []

2015-06-26T10:24:35+07:00 INFO (6): 
Elapsed Secs: 0.00088
Query: DESCRIBE `pinjaman`
Params: []

2015-06-26T10:24:35+07:00 INFO (6): 
Elapsed Secs: 0.00024
Query: SELECT `pin`.*, `cos`.`nama` FROM `pinjaman` AS `pin`
 INNER JOIN `costumer` AS `cos` ON pin.nik_costumer = cos.nik_costumer
 INNER JOIN `user` AS `us` ON cos.id_user = us.id_user
 INNER JOIN `cabang` AS `cb` ON us.id_cabang = cb.id_cabang WHERE (us.id_user = '16') AND (cb.id_cabang = '29')
Params: []

2015-06-26T10:25:52+07:00 INFO (6): 
Elapsed Secs: 0.00022
Query: connect
Params: []

2015-06-26T10:25:52+07:00 INFO (6): 
Elapsed Secs: 0.001
Query: DESCRIBE `cabang`
Params: []

2015-06-26T10:25:52+07:00 INFO (6): 
Elapsed Secs: 0.00013
Query: SELECT `cabang`.* FROM `cabang` WHERE (id_cabang = '29' ) LIMIT 1
Params: []

2015-06-26T10:25:52+07:00 INFO (6): 
Elapsed Secs: 0.00073
Query: DESCRIBE `pinjaman`
Params: []

2015-06-26T10:25:52+07:00 INFO (6): 
Elapsed Secs: 0.00017
Query: SELECT `pin`.*, `cos`.`nama` FROM `pinjaman` AS `pin`
 INNER JOIN `costumer` AS `cos` ON pin.nik_costumer = cos.nik_costumer
 INNER JOIN `user` AS `us` ON cos.id_user = us.id_user
 INNER JOIN `cabang` AS `cb` ON us.id_cabang = cb.id_cabang WHERE (us.id_user = '16') AND (cb.id_cabang = '29')
Params: []

2015-06-26T10:26:17+07:00 INFO (6): 
Elapsed Secs: 0.00038
Query: connect
Params: []

2015-06-26T10:26:17+07:00 INFO (6): 
Elapsed Secs: 0.00142
Query: DESCRIBE `cabang`
Params: []

2015-06-26T10:26:17+07:00 INFO (6): 
Elapsed Secs: 0.00019
Query: SELECT `cabang`.* FROM `cabang` WHERE (id_cabang = '29' ) LIMIT 1
Params: []

2015-06-26T10:26:17+07:00 INFO (6): 
Elapsed Secs: 0.0009
Query: DESCRIBE `pinjaman`
Params: []

2015-06-26T10:26:17+07:00 INFO (6): 
Elapsed Secs: 0.00025
Query: SELECT `pin`.*, `cos`.`nama` FROM `pinjaman` AS `pin`
 INNER JOIN `costumer` AS `cos` ON pin.nik_costumer = cos.nik_costumer
 INNER JOIN `user` AS `us` ON cos.id_user = us.id_user
 INNER JOIN `cabang` AS `cb` ON us.id_cabang = cb.id_cabang WHERE (us.id_user = '16') AND (cb.id_cabang = '29')
Params: []

2015-06-26T10:26:33+07:00 INFO (6): 
Elapsed Secs: 0.00035
Query: connect
Params: []

2015-06-26T10:26:33+07:00 INFO (6): 
Elapsed Secs: 0.00187
Query: DESCRIBE `cabang`
Params: []

2015-06-26T10:26:33+07:00 INFO (6): 
Elapsed Secs: 0.00027
Query: SELECT `cabang`.* FROM `cabang` WHERE (id_cabang = '29' ) LIMIT 1
Params: []

2015-06-26T10:26:33+07:00 INFO (6): 
Elapsed Secs: 0.00149
Query: DESCRIBE `pinjaman`
Params: []

2015-06-26T10:26:33+07:00 INFO (6): 
Elapsed Secs: 0.00032
Query: SELECT `pin`.*, `cos`.`nama` FROM `pinjaman` AS `pin`
 INNER JOIN `costumer` AS `cos` ON pin.nik_costumer = cos.nik_costumer
 INNER JOIN `user` AS `us` ON cos.id_user = us.id_user
 INNER JOIN `cabang` AS `cb` ON us.id_cabang = cb.id_cabang WHERE (us.id_user = '16') AND (cb.id_cabang = '29')
Params: []

2015-06-26T10:29:10+07:00 INFO (6): 
Elapsed Secs: 0.00174
Query: connect
Params: []

2015-06-26T10:29:10+07:00 INFO (6): 
Elapsed Secs: 0.0011
Query: DESCRIBE `cabang`
Params: []

2015-06-26T10:29:10+07:00 INFO (6): 
Elapsed Secs: 0.00015
Query: SELECT `cabang`.* FROM `cabang` WHERE (id_cabang = '29' ) LIMIT 1
Params: []

2015-06-26T10:29:10+07:00 INFO (6): 
Elapsed Secs: 0.00079
Query: DESCRIBE `pinjaman`
Params: []

2015-06-26T10:29:10+07:00 INFO (6): 
Elapsed Secs: 0.0003
Query: SELECT `pin`.*, `cos`.`nama` FROM `pinjaman` AS `pin`
 INNER JOIN `costumer` AS `cos` ON pin.nik_costumer = cos.nik_costumer
 INNER JOIN `user` AS `us` ON cos.id_user = us.id_user
 INNER JOIN `cabang` AS `cb` ON us.id_cabang = cb.id_cabang WHERE (us.id_user = '16') AND (cb.id_cabang = '29')
Params: []

2015-06-26T10:29:39+07:00 INFO (6): 
Elapsed Secs: 0.00026
Query: connect
Params: []

2015-06-26T10:29:39+07:00 INFO (6): 
Elapsed Secs: 0.00136
Query: DESCRIBE `cabang`
Params: []

2015-06-26T10:29:39+07:00 INFO (6): 
Elapsed Secs: 0.00021
Query: SELECT `cabang`.* FROM `cabang` WHERE (id_cabang = '29' ) LIMIT 1
Params: []

2015-06-26T10:29:39+07:00 INFO (6): 
Elapsed Secs: 0.00112
Query: DESCRIBE `pinjaman`
Params: []

2015-06-26T10:29:39+07:00 INFO (6): 
Elapsed Secs: 0.00028
Query: SELECT `pin`.*, `cos`.`nama` FROM `pinjaman` AS `pin`
 INNER JOIN `costumer` AS `cos` ON pin.nik_costumer = cos.nik_costumer
 INNER JOIN `user` AS `us` ON cos.id_user = us.id_user
 INNER JOIN `cabang` AS `cb` ON us.id_cabang = cb.id_cabang WHERE (us.id_user = '16') AND (cb.id_cabang = '29')
Params: []

2015-06-26T10:29:48+07:00 INFO (6): 
Elapsed Secs: 0.00026
Query: connect
Params: []

2015-06-26T10:29:48+07:00 INFO (6): 
Elapsed Secs: 0.00137
Query: DESCRIBE `costumer`
Params: []

2015-06-26T10:29:48+07:00 INFO (6): 
Elapsed Secs: 0.00027
Query: SELECT `cos`.`nik_costumer`, `cos`.`nama`, `cos`.`alamat`, `cos`.`jenis_kelamin`, `cos`.`tempat_lahir`, `cos`.`tanggal_lahir`, `cos`.`nama_ibu`, `cos`.`agama`, `cos`.`status`, `cos`.`pekerjaan`, `cos`.`alamat_tempat_kerja`, `cos`.`hp`, `cos`.`telpon`, `us`.`realname`, `cb`.`cabang` FROM `costumer` AS `cos`
 INNER JOIN `user` AS `us` ON cos.id_user=us.id_user
 INNER JOIN `cabang` AS `cb` ON us.id_cabang = cb.id_cabang WHERE (cos.id_user = '16')
Params: []

2015-06-26T10:29:52+07:00 INFO (6): 
Elapsed Secs: 0.00026
Query: connect
Params: []

2015-06-26T10:29:52+07:00 INFO (6): 
Elapsed Secs: 0.00135
Query: DESCRIBE `cabang`
Params: []

2015-06-26T10:29:52+07:00 INFO (6): 
Elapsed Secs: 0.00019
Query: SELECT `cabang`.* FROM `cabang` WHERE (id_cabang = '29' ) LIMIT 1
Params: []

2015-06-26T10:29:52+07:00 INFO (6): 
Elapsed Secs: 0.00138
Query: DESCRIBE `kendaraan`
Params: []

2015-06-26T10:29:52+07:00 INFO (6): 
Elapsed Secs: 0.00026
Query: connect
Params: []

2015-06-26T10:29:52+07:00 INFO (6): 
Elapsed Secs: 0.00036
Query: SELECT `ken`.*, `cos`.`id_cabang`, `us`.`id_user`, `cb`.`cabang` FROM `kendaraan` AS `ken`
 INNER JOIN `costumer` AS `cos` ON cos.nik_costumer=ken.nik_costumer
 INNER JOIN `user` AS `us` ON us.id_user = cos.id_user
 INNER JOIN `cabang` AS `cb` ON cos.id_cabang = cb.id_cabang WHERE (us.id_user = '16') AND (cb.id_cabang = '29')
Params: []

2015-06-26T10:31:42+07:00 INFO (6): 
Elapsed Secs: 0.00115
Query: connect
Params: []

2015-06-26T10:31:42+07:00 INFO (6): 
Elapsed Secs: 0.00104
Query: DESCRIBE `cabang`
Params: []

2015-06-26T10:31:42+07:00 INFO (6): 
Elapsed Secs: 0.00014
Query: SELECT `cabang`.* FROM `cabang` WHERE (id_cabang = '29' ) LIMIT 1
Params: []

2015-06-26T10:31:42+07:00 INFO (6): 
Elapsed Secs: 0.00086
Query: DESCRIBE `kendaraan`
Params: []

2015-06-26T10:31:42+07:00 INFO (6): 
Elapsed Secs: 0.00014
Query: connect
Params: []

2015-06-26T10:31:42+07:00 INFO (6): 
Elapsed Secs: 0.00023
Query: SELECT `ken`.*, `cos`.`id_cabang`, `us`.`id_user`, `cb`.`cabang` FROM `kendaraan` AS `ken`
 INNER JOIN `costumer` AS `cos` ON cos.nik_costumer=ken.nik_costumer
 INNER JOIN `user` AS `us` ON us.id_user = cos.id_user
 INNER JOIN `cabang` AS `cb` ON cos.id_cabang = cb.id_cabang WHERE (us.id_user = '16') AND (cb.id_cabang = '29')
Params: []

2015-06-26T10:31:43+07:00 INFO (6): 
Elapsed Secs: 0.00033
Query: connect
Params: []

2015-06-26T10:31:44+07:00 INFO (6): 
Elapsed Secs: 0.00196
Query: DESCRIBE `cabang`
Params: []

2015-06-26T10:31:44+07:00 INFO (6): 
Elapsed Secs: 0.00028
Query: SELECT `cabang`.* FROM `cabang` WHERE (id_cabang = '29' ) LIMIT 1
Params: []

2015-06-26T10:31:44+07:00 INFO (6): 
Elapsed Secs: 0.00172
Query: DESCRIBE `kendaraan`
Params: []

2015-06-26T10:31:44+07:00 INFO (6): 
Elapsed Secs: 0.00032
Query: connect
Params: []

2015-06-26T10:31:44+07:00 INFO (6): 
Elapsed Secs: 0.00047
Query: SELECT `ken`.*, `cos`.`id_cabang`, `us`.`id_user`, `cb`.`cabang` FROM `kendaraan` AS `ken`
 INNER JOIN `costumer` AS `cos` ON cos.nik_costumer=ken.nik_costumer
 INNER JOIN `user` AS `us` ON us.id_user = cos.id_user
 INNER JOIN `cabang` AS `cb` ON cos.id_cabang = cb.id_cabang WHERE (us.id_user = '16') AND (cb.id_cabang = '29')
Params: []

2015-06-26T10:31:45+07:00 INFO (6): 
Elapsed Secs: 0.00021
Query: connect
Params: []

2015-06-26T10:31:45+07:00 INFO (6): 
Elapsed Secs: 0.00121
Query: DESCRIBE `cabang`
Params: []

2015-06-26T10:31:45+07:00 INFO (6): 
Elapsed Secs: 0.00021
Query: SELECT `cabang`.* FROM `cabang` WHERE (id_cabang = '29' ) LIMIT 1
Params: []

2015-06-26T10:31:45+07:00 INFO (6): 
Elapsed Secs: 0.00145
Query: DESCRIBE `pinjaman`
Params: []

2015-06-26T10:31:45+07:00 INFO (6): 
Elapsed Secs: 0.00035
Query: SELECT `pin`.*, `cos`.`nama` FROM `pinjaman` AS `pin`
 INNER JOIN `costumer` AS `cos` ON pin.nik_costumer = cos.nik_costumer
 INNER JOIN `user` AS `us` ON cos.id_user = us.id_user
 INNER JOIN `cabang` AS `cb` ON us.id_cabang = cb.id_cabang WHERE (us.id_user = '16') AND (cb.id_cabang = '29')
Params: []

2015-06-26T10:31:48+07:00 INFO (6): 
Elapsed Secs: 0.00021
Query: connect
Params: []

2015-06-26T10:31:48+07:00 INFO (6): 
Elapsed Secs: 0.00109
Query: DESCRIBE `costumer`
Params: []

2015-06-26T10:31:48+07:00 INFO (6): 
Elapsed Secs: 0.0002
Query: connect
Params: []

2015-06-26T10:31:48+07:00 INFO (6): 
Elapsed Secs: 0.00019
Query: SELECT `costumer`.`nik_costumer` FROM `costumer`
Params: []

2015-06-26T10:32:26+07:00 INFO (6): 
Elapsed Secs: 0.00051
Query: connect
Params: []

2015-06-26T10:32:26+07:00 INFO (6): 
Elapsed Secs: 0.00339
Query: DESCRIBE `costumer`
Params: []

2015-06-26T10:32:26+07:00 INFO (6): 
Elapsed Secs: 0.00069
Query: SELECT `cos`.`nik_costumer`, `cos`.`nama`, `cos`.`alamat`, `cos`.`jenis_kelamin`, `cos`.`tempat_lahir`, `cos`.`tanggal_lahir`, `cos`.`nama_ibu`, `cos`.`agama`, `cos`.`status`, `cos`.`pekerjaan`, `cos`.`alamat_tempat_kerja`, `cos`.`hp`, `cos`.`telpon`, `us`.`realname`, `cb`.`cabang` FROM `costumer` AS `cos`
 INNER JOIN `user` AS `us` ON cos.id_user=us.id_user
 INNER JOIN `cabang` AS `cb` ON us.id_cabang = cb.id_cabang WHERE (cos.id_user = '16')
Params: []

2015-06-26T10:32:51+07:00 INFO (6): 
Elapsed Secs: 0.00026
Query: connect
Params: []

2015-06-26T10:32:51+07:00 INFO (6): 
Elapsed Secs: 0.00143
Query: DESCRIBE `costumer`
Params: []

2015-06-26T10:32:51+07:00 INFO (6): 
Elapsed Secs: 0.00031
Query: SELECT `cos`.`nik_costumer`, `cos`.`nama`, `cos`.`alamat`, `cos`.`jenis_kelamin`, `cos`.`tempat_lahir`, `cos`.`tanggal_lahir`, `cos`.`nama_ibu`, `cos`.`agama`, `cos`.`status`, `cos`.`pekerjaan`, `cos`.`alamat_tempat_kerja`, `cos`.`hp`, `cos`.`telpon`, `us`.`realname`, `cb`.`cabang` FROM `costumer` AS `cos`
 INNER JOIN `user` AS `us` ON cos.id_user=us.id_user
 INNER JOIN `cabang` AS `cb` ON us.id_cabang = cb.id_cabang WHERE (cos.id_user = '16')
Params: []

2015-06-26T10:32:58+07:00 INFO (6): 
Elapsed Secs: 0.00118
Query: connect
Params: []

2015-06-26T10:32:58+07:00 INFO (6): 
Elapsed Secs: 0.00124
Query: DESCRIBE `cabang`
Params: []

2015-06-26T10:32:58+07:00 INFO (6): 
Elapsed Secs: 0.00021
Query: SELECT `cabang`.* FROM `cabang` WHERE (id_cabang = '29' ) LIMIT 1
Params: []

2015-06-26T10:32:58+07:00 INFO (6): 
Elapsed Secs: 0.00092
Query: DESCRIBE `pinjaman`
Params: []

2015-06-26T10:32:58+07:00 INFO (6): 
Elapsed Secs: 0.00028
Query: SELECT `pin`.*, `cos`.`nama` FROM `pinjaman` AS `pin`
 INNER JOIN `costumer` AS `cos` ON pin.nik_costumer = cos.nik_costumer
 INNER JOIN `user` AS `us` ON cos.id_user = us.id_user
 INNER JOIN `cabang` AS `cb` ON us.id_cabang = cb.id_cabang WHERE (us.id_user = '16') AND (cb.id_cabang = '29')
Params: []

2015-06-26T10:33:02+07:00 INFO (6): 
Elapsed Secs: 0.00024
Query: connect
Params: []

2015-06-26T10:33:02+07:00 INFO (6): 
Elapsed Secs: 0.00114
Query: DESCRIBE `costumer`
Params: []

2015-06-26T10:33:02+07:00 INFO (6): 
Elapsed Secs: 0.00028
Query: SELECT `cos`.`nik_costumer`, `cos`.`nama`, `cos`.`alamat`, `cos`.`jenis_kelamin`, `cos`.`tempat_lahir`, `cos`.`tanggal_lahir`, `cos`.`nama_ibu`, `cos`.`agama`, `cos`.`status`, `cos`.`pekerjaan`, `cos`.`alamat_tempat_kerja`, `cos`.`hp`, `cos`.`telpon`, `us`.`realname`, `cb`.`cabang` FROM `costumer` AS `cos`
 INNER JOIN `user` AS `us` ON cos.id_user=us.id_user
 INNER JOIN `cabang` AS `cb` ON us.id_cabang = cb.id_cabang WHERE (cos.id_user = '16')
Params: []

2015-06-26T10:33:03+07:00 INFO (6): 
Elapsed Secs: 0.00019
Query: connect
Params: []

2015-06-26T10:33:03+07:00 INFO (6): 
Elapsed Secs: 0.0015
Query: DESCRIBE `costumer`
Params: []

2015-06-26T10:33:03+07:00 INFO (6): 
Elapsed Secs: 0.00029
Query: SELECT `cos`.`nik_costumer`, `cos`.`nama`, `cos`.`alamat`, `cos`.`jenis_kelamin`, `cos`.`tempat_lahir`, `cos`.`tanggal_lahir`, `cos`.`nama_ibu`, `cos`.`agama`, `cos`.`status`, `cos`.`pekerjaan`, `cos`.`alamat_tempat_kerja`, `cos`.`hp`, `cos`.`telpon`, `us`.`realname`, `cb`.`cabang` FROM `costumer` AS `cos`
 INNER JOIN `user` AS `us` ON cos.id_user=us.id_user
 INNER JOIN `cabang` AS `cb` ON cb.id_cabang = cos.id_cabang
Params: []

2015-06-26T10:33:06+07:00 INFO (6): 
Elapsed Secs: 0.00032
Query: connect
Params: []

2015-06-26T10:33:06+07:00 INFO (6): 
Elapsed Secs: 0.00123
Query: DESCRIBE `costumer`
Params: []

2015-06-26T10:33:06+07:00 INFO (6): 
Elapsed Secs: 0.00025
Query: SELECT `cos`.`nik_costumer`, `cos`.`nama`, `cos`.`alamat`, `cos`.`jenis_kelamin`, `cos`.`tempat_lahir`, `cos`.`tanggal_lahir`, `cos`.`nama_ibu`, `cos`.`agama`, `cos`.`status`, `cos`.`pekerjaan`, `cos`.`alamat_tempat_kerja`, `cos`.`hp`, `cos`.`telpon`, `us`.`realname`, `cb`.`cabang` FROM `costumer` AS `cos`
 INNER JOIN `user` AS `us` ON cos.id_user=us.id_user
 INNER JOIN `cabang` AS `cb` ON us.id_cabang = cb.id_cabang WHERE (cos.id_user = '16')
Params: []

2015-06-26T10:33:10+07:00 INFO (6): 
Elapsed Secs: 0.00025
Query: connect
Params: []

2015-06-26T10:33:10+07:00 INFO (6): 
Elapsed Secs: 0.00169
Query: DESCRIBE `cabang`
Params: []

2015-06-26T10:33:10+07:00 INFO (6): 
Elapsed Secs: 0.00026
Query: SELECT `cabang`.* FROM `cabang` WHERE (id_cabang = '29' ) LIMIT 1
Params: []

2015-06-26T10:33:10+07:00 INFO (6): 
Elapsed Secs: 0.0015
Query: DESCRIBE `pinjaman`
Params: []

2015-06-26T10:33:10+07:00 INFO (6): 
Elapsed Secs: 0.0004
Query: SELECT `pin`.*, `cos`.`nama` FROM `pinjaman` AS `pin`
 INNER JOIN `costumer` AS `cos` ON pin.nik_costumer = cos.nik_costumer
 INNER JOIN `user` AS `us` ON cos.id_user = us.id_user
 INNER JOIN `cabang` AS `cb` ON us.id_cabang = cb.id_cabang WHERE (us.id_user = '16') AND (cb.id_cabang = '29')
Params: []

2015-06-26T10:33:21+07:00 INFO (6): 
Elapsed Secs: 0.0002
Query: connect
Params: []

2015-06-26T10:33:21+07:00 INFO (6): 
Elapsed Secs: 0.00114
Query: DESCRIBE `costumer`
Params: []

2015-06-26T10:33:21+07:00 INFO (6): 
Elapsed Secs: 0.00029
Query: SELECT `cos`.`nik_costumer`, `cos`.`nama`, `cos`.`alamat`, `cos`.`jenis_kelamin`, `cos`.`tempat_lahir`, `cos`.`tanggal_lahir`, `cos`.`nama_ibu`, `cos`.`agama`, `cos`.`status`, `cos`.`pekerjaan`, `cos`.`alamat_tempat_kerja`, `cos`.`hp`, `cos`.`telpon`, `us`.`realname`, `cb`.`cabang` FROM `costumer` AS `cos`
 INNER JOIN `user` AS `us` ON cos.id_user=us.id_user
 INNER JOIN `cabang` AS `cb` ON us.id_cabang = cb.id_cabang WHERE (cos.id_user = '16')
Params: []

2015-06-26T10:33:23+07:00 INFO (6): 
Elapsed Secs: 0.00026
Query: connect
Params: []

2015-06-26T10:33:23+07:00 INFO (6): 
Elapsed Secs: 0.00129
Query: DESCRIBE `costumer`
Params: []

2015-06-26T10:33:23+07:00 INFO (6): 
Elapsed Secs: 0.00028
Query: SELECT `cos`.`nik_costumer`, `cos`.`nama`, `cos`.`alamat`, `cos`.`jenis_kelamin`, `cos`.`tempat_lahir`, `cos`.`tanggal_lahir`, `cos`.`nama_ibu`, `cos`.`agama`, `cos`.`status`, `cos`.`pekerjaan`, `cos`.`alamat_tempat_kerja`, `cos`.`hp`, `cos`.`telpon`, `us`.`realname`, `cb`.`cabang` FROM `costumer` AS `cos`
 INNER JOIN `user` AS `us` ON cos.id_user=us.id_user
 INNER JOIN `cabang` AS `cb` ON us.id_cabang = cb.id_cabang WHERE (cos.nik_costumer = '11-212-31231211')
Params: []

2015-06-26T10:33:23+07:00 INFO (6): 
Elapsed Secs: 0.00024
Query: connect
Params: []

2015-06-26T10:33:23+07:00 INFO (6): 
Elapsed Secs: 0.00021
Query: SELECT `penj`.* FROM `costumer` AS `cos`
 INNER JOIN `penjamin` AS `penj` ON penj.nik_costumer = cos.nik_costumer WHERE (cos.nik_costumer = '11-212-31231211')
Params: []

2015-06-26T10:34:00+07:00 INFO (6): 
Elapsed Secs: 0.00029
Query: connect
Params: []

2015-06-26T10:34:00+07:00 INFO (6): 
Elapsed Secs: 0.00135
Query: DESCRIBE `cabang`
Params: []

2015-06-26T10:34:00+07:00 INFO (6): 
Elapsed Secs: 0.00019
Query: SELECT `cabang`.* FROM `cabang` WHERE (id_cabang = '29' ) LIMIT 1
Params: []

2015-06-26T10:34:00+07:00 INFO (6): 
Elapsed Secs: 0.00114
Query: DESCRIBE `kendaraan`
Params: []

2015-06-26T10:34:00+07:00 INFO (6): 
Elapsed Secs: 0.00023
Query: connect
Params: []

2015-06-26T10:34:00+07:00 INFO (6): 
Elapsed Secs: 0.00032
Query: SELECT `ken`.*, `cos`.`id_cabang`, `us`.`id_user`, `cb`.`cabang` FROM `kendaraan` AS `ken`
 INNER JOIN `costumer` AS `cos` ON cos.nik_costumer=ken.nik_costumer
 INNER JOIN `user` AS `us` ON us.id_user = cos.id_user
 INNER JOIN `cabang` AS `cb` ON cos.id_cabang = cb.id_cabang WHERE (us.id_user = '16') AND (cb.id_cabang = '29')
Params: []

2015-06-26T10:34:02+07:00 INFO (6): 
Elapsed Secs: 0.00031
Query: connect
Params: []

2015-06-26T10:34:02+07:00 INFO (6): 
Elapsed Secs: 0.00103
Query: DESCRIBE `cabang`
Params: []

2015-06-26T10:34:02+07:00 INFO (6): 
Elapsed Secs: 0.00021
Query: SELECT `cabang`.* FROM `cabang` WHERE (id_cabang = '29' ) LIMIT 1
Params: []

2015-06-26T10:34:02+07:00 INFO (6): 
Elapsed Secs: 0.00098
Query: DESCRIBE `pinjaman`
Params: []

2015-06-26T10:34:02+07:00 INFO (6): 
Elapsed Secs: 0.00024
Query: SELECT `pin`.*, `cos`.`nama` FROM `pinjaman` AS `pin`
 INNER JOIN `costumer` AS `cos` ON pin.nik_costumer = cos.nik_costumer
 INNER JOIN `user` AS `us` ON cos.id_user = us.id_user
 INNER JOIN `cabang` AS `cb` ON us.id_cabang = cb.id_cabang WHERE (us.id_user = '16') AND (cb.id_cabang = '29')
Params: []

2015-06-26T10:34:04+07:00 INFO (6): 
Elapsed Secs: 0.00026
Query: connect
Params: []

2015-06-26T10:34:04+07:00 INFO (6): 
Elapsed Secs: 0.0011
Query: DESCRIBE `cabang`
Params: []

2015-06-26T10:34:04+07:00 INFO (6): 
Elapsed Secs: 0.00017
Query: SELECT `cabang`.* FROM `cabang` WHERE (id_cabang = '29' ) LIMIT 1
Params: []

2015-06-26T10:34:04+07:00 INFO (6): 
Elapsed Secs: 0.00224
Query: DESCRIBE `pinjaman`
Params: []

2015-06-26T10:34:04+07:00 INFO (6): 
Elapsed Secs: 0.00047
Query: SELECT `pin`.*, `cos`.`nama` FROM `pinjaman` AS `pin`
 INNER JOIN `costumer` AS `cos` ON pin.nik_costumer = cos.nik_costumer
 INNER JOIN `user` AS `us` ON cos.id_user = us.id_user
 INNER JOIN `cabang` AS `cb` ON us.id_cabang = cb.id_cabang WHERE (us.id_user = '16') AND (cb.id_cabang = '29')
Params: []

2015-06-26T10:34:08+07:00 INFO (6): 
Elapsed Secs: 0.00027
Query: connect
Params: []

2015-06-26T10:34:08+07:00 INFO (6): 
Elapsed Secs: 0.00137
Query: DESCRIBE `cabang`
Params: []

2015-06-26T10:34:08+07:00 INFO (6): 
Elapsed Secs: 0.00023
Query: SELECT `cabang`.* FROM `cabang` WHERE (id_cabang = '29' ) LIMIT 1
Params: []

2015-06-26T10:34:08+07:00 INFO (6): 
Elapsed Secs: 0.00132
Query: DESCRIBE `pinjaman`
Params: []

2015-06-26T10:34:08+07:00 INFO (6): 
Elapsed Secs: 0.00032
Query: SELECT `pin`.*, `cos`.`nama` FROM `pinjaman` AS `pin`
 INNER JOIN `costumer` AS `cos` ON pin.nik_costumer = cos.nik_costumer
 INNER JOIN `user` AS `us` ON cos.id_user = us.id_user
 INNER JOIN `cabang` AS `cb` ON us.id_cabang = cb.id_cabang WHERE (us.id_user = '16') AND (cb.id_cabang = '29')
Params: []

2015-06-26T10:34:11+07:00 INFO (6): 
Elapsed Secs: 0.00025
Query: connect
Params: []

2015-06-26T10:34:11+07:00 INFO (6): 
Elapsed Secs: 0.00138
Query: DESCRIBE `costumer`
Params: []

2015-06-26T10:34:11+07:00 INFO (6): 
Elapsed Secs: 0.00025
Query: connect
Params: []

2015-06-26T10:34:11+07:00 INFO (6): 
Elapsed Secs: 0.00013
Query: SELECT `costumer`.`nik_costumer` FROM `costumer`
Params: []

2015-06-26T10:34:54+07:00 INFO (6): 
Elapsed Secs: 0.00248
Query: connect
Params: []

2015-06-26T10:34:54+07:00 INFO (6): 
Elapsed Secs: 0.00216
Query: DESCRIBE `cabang`
Params: []

2015-06-26T10:34:54+07:00 INFO (6): 
Elapsed Secs: 0.00026
Query: SELECT `cabang`.* FROM `cabang` WHERE (id_cabang = '29' ) LIMIT 1
Params: []

2015-06-26T10:34:54+07:00 INFO (6): 
Elapsed Secs: 0.0018
Query: DESCRIBE `pinjaman`
Params: []

2015-06-26T10:34:54+07:00 INFO (6): 
Elapsed Secs: 0.00047
Query: SELECT `pin`.*, `cos`.`nama` FROM `pinjaman` AS `pin`
 INNER JOIN `costumer` AS `cos` ON pin.nik_costumer = cos.nik_costumer
 INNER JOIN `user` AS `us` ON cos.id_user = us.id_user
 INNER JOIN `cabang` AS `cb` ON us.id_cabang = cb.id_cabang WHERE (us.id_user = '16') AND (cb.id_cabang = '29')
Params: []

2015-06-26T10:35:01+07:00 INFO (6): 
Elapsed Secs: 0.00029
Query: connect
Params: []

2015-06-26T10:35:01+07:00 INFO (6): 
Elapsed Secs: 0.00137
Query: DESCRIBE `penjamin`
Params: []

2015-06-26T10:35:01+07:00 INFO (6): 
Elapsed Secs: 0.00022
Query: connect
Params: []

2015-06-26T10:35:01+07:00 INFO (6): 
Elapsed Secs: 0.00029
Query: SELECT `pe`.*, `cos`.`id_cabang`, `cos`.`id_user`, `cb`.`cabang` FROM `penjamin` AS `pe`
 INNER JOIN `costumer` AS `cos` ON pe.nik_costumer = cos.nik_costumer
 INNER JOIN `user` AS `us` ON us.id_user = cos.id_user
 INNER JOIN `cabang` AS `cb` ON cb.id_cabang = cos.id_cabang WHERE (us.id_user= '16') AND (cb.id_cabang = '29')
Params: []

2015-06-26T10:35:04+07:00 INFO (6): 
Elapsed Secs: 0.00024
Query: connect
Params: []

2015-06-26T10:35:04+07:00 INFO (6): 
Elapsed Secs: 0.00109
Query: DESCRIBE `penjamin`
Params: []

2015-06-26T10:35:04+07:00 INFO (6): 
Elapsed Secs: 0.00016
Query: SELECT `penjamin`.* FROM `penjamin` WHERE (nik_costumer ='11-212-31231211') LIMIT 1
Params: []

2015-06-26T10:35:12+07:00 INFO (6): 
Elapsed Secs: 0.00022
Query: connect
Params: []

2015-06-26T10:35:12+07:00 INFO (6): 
Elapsed Secs: 0.00136
Query: DESCRIBE `costumer`
Params: []

2015-06-26T10:35:12+07:00 INFO (6): 
Elapsed Secs: 0.00029
Query: SELECT `cos`.`nik_costumer`, `cos`.`nama`, `cos`.`alamat`, `cos`.`jenis_kelamin`, `cos`.`tempat_lahir`, `cos`.`tanggal_lahir`, `cos`.`nama_ibu`, `cos`.`agama`, `cos`.`status`, `cos`.`pekerjaan`, `cos`.`alamat_tempat_kerja`, `cos`.`hp`, `cos`.`telpon`, `us`.`realname`, `cb`.`cabang` FROM `costumer` AS `cos`
 INNER JOIN `user` AS `us` ON cos.id_user=us.id_user
 INNER JOIN `cabang` AS `cb` ON us.id_cabang = cb.id_cabang WHERE (cos.id_user = '16')
Params: []

2015-06-26T10:35:16+07:00 INFO (6): 
Elapsed Secs: 0.00023
Query: connect
Params: []

2015-06-26T10:35:16+07:00 INFO (6): 
Elapsed Secs: 0.00103
Query: DESCRIBE `costumer`
Params: []

2015-06-26T10:35:16+07:00 INFO (6): 
Elapsed Secs: 0.00025
Query: SELECT `cos`.`nik_costumer`, `cos`.`nama`, `cos`.`alamat`, `cos`.`jenis_kelamin`, `cos`.`tempat_lahir`, `cos`.`tanggal_lahir`, `cos`.`nama_ibu`, `cos`.`agama`, `cos`.`status`, `cos`.`pekerjaan`, `cos`.`alamat_tempat_kerja`, `cos`.`hp`, `cos`.`telpon`, `us`.`realname`, `cb`.`cabang` FROM `costumer` AS `cos`
 INNER JOIN `user` AS `us` ON cos.id_user=us.id_user
 INNER JOIN `cabang` AS `cb` ON us.id_cabang = cb.id_cabang WHERE (cos.nik_costumer = '11212312312113')
Params: []

2015-06-26T10:35:16+07:00 INFO (6): 
Elapsed Secs: 0.00022
Query: connect
Params: []

2015-06-26T10:35:16+07:00 INFO (6): 
Elapsed Secs: 0.00022
Query: SELECT `penj`.* FROM `costumer` AS `cos`
 INNER JOIN `penjamin` AS `penj` ON penj.nik_costumer = cos.nik_costumer WHERE (cos.nik_costumer = '11212312312113')
Params: []

2015-06-26T10:35:44+07:00 INFO (6): 
Elapsed Secs: 0.0015
Query: connect
Params: []

2015-06-26T10:35:44+07:00 INFO (6): 
Elapsed Secs: 0.00143
Query: DESCRIBE `costumer`
Params: []

2015-06-26T10:35:44+07:00 INFO (6): 
Elapsed Secs: 0.00025
Query: SELECT `costumer`.* FROM `costumer` WHERE (nik_costumer ='11212312312113') LIMIT 1
Params: []

2015-06-26T10:43:01+07:00 INFO (6): 
Elapsed Secs: 0.00023
Query: connect
Params: []

2015-06-26T10:43:01+07:00 INFO (6): 
Elapsed Secs: 0.07848
Query: UPDATE `user_login` SET `status` = ?, `last_login` = ? WHERE (status = 1)
Params: {"1":0,"2":"2015-06-26 09:37:04"}

2015-06-26T10:43:01+07:00 INFO (6): 
Elapsed Secs: 0.00109
Query: DESCRIBE `penjamin`
Params: []

2015-06-26T10:43:01+07:00 INFO (6): 
Elapsed Secs: 0.00027
Query: connect
Params: []

2015-06-26T10:43:01+07:00 INFO (6): 
Elapsed Secs: 0.00028
Query: SELECT `pe`.*, `cos`.`id_cabang`, `cos`.`id_user`, `cb`.`cabang` FROM `penjamin` AS `pe`
 INNER JOIN `costumer` AS `cos` ON pe.nik_costumer = cos.nik_costumer
 INNER JOIN `user` AS `us` ON us.id_user = cos.id_user
 INNER JOIN `cabang` AS `cb` ON cb.id_cabang = cos.id_cabang WHERE (us.id_user= '16') AND (cb.id_cabang = '29')
Params: []

