2015-07-25T22:36:16+07:00 INFO (6): Array
(
    [id_user] => 19
    [id_cabang] => 29
    [realname] => Sri Rohayati
    [username] => akuntan
    [password] => d033e22ae348aeb5660fc2140aec35850c4da997
    [create_at] => 2015-07-25
    [level] => akuntan
    [id_login] => 11
    [last_login] => 2015-07-25 20:59:55
    [login_time] => 2015-07-25 22:36:16
    [ip_login] => 127.0.0.1
    [status] => 1
    [cabang] => Antasari
    [kepala_cabang] => SRI ROHAYATI, S.Kom, Mp.di
    [provinsi] => Lampung
    [kota] => Antasari
    [kecamatan] => Waru
    [alamat] => Jl Pangen Antasari No 20
    [kode_pos] => 12310 
)

