2015-08-10T09:57:19+07:00 INFO (6): 
Elapsed Secs: 0.04498
Query: connect
Params: []

2015-08-10T09:57:19+07:00 INFO (6): 
Elapsed Secs: 0.00166
Query: DESCRIBE `user`
Params: []

2015-08-10T09:57:19+07:00 INFO (6): 
Elapsed Secs: 0.00038
Query: connect
Params: []

2015-08-10T09:57:19+07:00 INFO (6): 
Elapsed Secs: 0.02151
Query: SELECT `user`.*, `cabang`.* FROM `user`
 INNER JOIN `cabang` ON cabang.id_cabang = user.id_cabang WHERE (user.username = 'admin') AND (user.password = 'd033e22ae348aeb5660fc2140aec35850c4da997')
Params: []

2015-08-10T09:57:19+07:00 INFO (6): 
Elapsed Secs: 0.00066
Query: SELECT `user`.*, `user_login`.*, `cabang`.* FROM `user`
 INNER JOIN `user_login` ON user_login.id_user = user.id_user
 INNER JOIN `cabang` ON cabang.id_cabang = user.id_cabang WHERE (user.id_user = '16')
Params: []

2015-08-10T09:57:19+07:00 INFO (6): 
Elapsed Secs: 0.06852
Query: UPDATE `user_login` SET `last_login` = ?, `login_time` = NOW(), `ip_login` = ?, `status` = ? WHERE (id_user = '16')
Params: {"1":"2015-08-09 22:20:39","2":"127.0.0.1","3":1}

2015-08-10T09:57:19+07:00 INFO (6): 
Elapsed Secs: 0.0003
Query: SELECT `user`.*, `user_login`.*, `cabang`.* FROM `user`
 INNER JOIN `user_login` ON user_login.id_user = user.id_user
 INNER JOIN `cabang` ON cabang.id_cabang = user.id_cabang WHERE (user.id_user = '16')
Params: []

2015-08-10T09:58:38+07:00 INFO (6): 
Elapsed Secs: 0.00107
Query: connect
Params: []

2015-08-10T09:58:38+07:00 INFO (6): 
Elapsed Secs: 0.00095
Query: DESCRIBE `costumer`
Params: []

2015-08-10T09:58:38+07:00 INFO (6): 
Elapsed Secs: 0.00029
Query: SELECT `cos`.`nik_costumer`, `cos`.`nama`, `cos`.`alamat`, `cos`.`jenis_kelamin`, `cos`.`tempat_lahir`, `cos`.`tanggal_lahir`, `cos`.`nama_ibu`, `cos`.`agama`, `cos`.`status`, `cos`.`pekerjaan`, `cos`.`alamat_tempat_kerja`, `cos`.`hp`, `cos`.`telpon`, `us`.`realname` FROM `costumer` AS `cos`
 INNER JOIN `user` AS `us` ON cos.id_user=us.id_user
 INNER JOIN `cabang` AS `cb` ON us.id_cabang = cb.id_cabang WHERE (cos.id_cabang = '001')
Params: []

2015-08-10T09:59:50+07:00 INFO (6): 
Elapsed Secs: 0.00164
Query: connect
Params: []

2015-08-10T09:59:50+07:00 INFO (6): 
Elapsed Secs: 0.00135
Query: DESCRIBE `costumer`
Params: []

2015-08-10T09:59:50+07:00 INFO (6): 
Elapsed Secs: 0.00039
Query: SELECT `cos`.`id_costumer`, `cos`.`nik_costumer`, `cos`.`nama`, `cos`.`alamat`, `cos`.`jenis_kelamin`, `cos`.`tempat_lahir`, `cos`.`tanggal_lahir`, `cos`.`nama_ibu`, `cos`.`agama`, `cos`.`status`, `cos`.`pekerjaan`, `cos`.`alamat_tempat_kerja`, `cos`.`hp`, `cos`.`telpon`, `us`.`realname`, `cb`.`cabang` FROM `costumer` AS `cos`
 INNER JOIN `user` AS `us` ON cos.id_user=us.id_user
 INNER JOIN `cabang` AS `cb` ON cb.id_cabang = cos.id_cabang
Params: []

2015-08-10T09:59:52+07:00 INFO (6): 
Elapsed Secs: 0.00024
Query: connect
Params: []

2015-08-10T09:59:52+07:00 INFO (6): 
Elapsed Secs: 0.00119
Query: DESCRIBE `costumer`
Params: []

2015-08-10T09:59:52+07:00 INFO (6): 
Elapsed Secs: 0.00033
Query: SELECT `cos`.`nik_costumer`, `cos`.`nama`, `cos`.`alamat`, `cos`.`jenis_kelamin`, `cos`.`tempat_lahir`, `cos`.`tanggal_lahir`, `cos`.`nama_ibu`, `cos`.`agama`, `cos`.`status`, `cos`.`pekerjaan`, `cos`.`alamat_tempat_kerja`, `cos`.`hp`, `cos`.`telpon`, `cos`.`npwp`, `cos`.`kota`, `cos`.`provinsi`, `cos`.`kode_pos`, `cos`.`penghasilan_perbulan`, `cos`.`jumlah_tanggungan`, `us`.`realname`, `cb`.`cabang` FROM `costumer` AS `cos`
 INNER JOIN `user` AS `us` ON cos.id_user=us.id_user
 INNER JOIN `cabang` AS `cb` ON us.id_cabang = cb.id_cabang WHERE (cos.nik_costumer = '1234-111-23-90')
Params: []

2015-08-10T09:59:52+07:00 INFO (6): 
Elapsed Secs: 0.00021
Query: connect
Params: []

2015-08-10T09:59:52+07:00 INFO (6): 
Elapsed Secs: 0.0002
Query: SELECT `penj`.* FROM `costumer` AS `cos`
 INNER JOIN `penjamin` AS `penj` ON penj.nik_costumer = cos.nik_costumer WHERE (cos.nik_costumer = '1234-111-23-90')
Params: []

2015-08-10T09:59:52+07:00 INFO (6): 
Elapsed Secs: 0.00099
Query: DESCRIBE `kendaraan`
Params: []

2015-08-10T09:59:52+07:00 INFO (6): 
Elapsed Secs: 0.00018
Query: SELECT `kendaraan`.* FROM `kendaraan` WHERE (nik_costumer = '1234-111-23-90') LIMIT 1
Params: []

2015-08-10T09:59:52+07:00 INFO (6): 
Elapsed Secs: 0.00099
Query: DESCRIBE `pinjaman`
Params: []

2015-08-10T09:59:52+07:00 INFO (6): 
Elapsed Secs: 0.00022
Query: SELECT `pinjaman`.* FROM `pinjaman` WHERE (nik_costumer = '1234-111-23-90') LIMIT 1
Params: []

2015-08-10T09:59:55+07:00 INFO (6): 
Elapsed Secs: 0.00024
Query: connect
Params: []

2015-08-10T09:59:55+07:00 INFO (6): 
Elapsed Secs: 0.00088
Query: DESCRIBE `pinjaman`
Params: []

2015-08-10T09:59:55+07:00 INFO (6): 
Elapsed Secs: 0.00015
Query: SELECT `pinjaman`.* FROM `pinjaman` WHERE (nik_costumer = '1234-111-23-90') LIMIT 1
Params: []

2015-08-10T09:59:55+07:00 INFO (6): 
Elapsed Secs: 0.00071
Query: DESCRIBE `kendaraan`
Params: []

2015-08-10T09:59:55+07:00 INFO (6): 
Elapsed Secs: 0.00021
Query: connect
Params: []

2015-08-10T09:59:55+07:00 INFO (6): 
Elapsed Secs: 0.00018
Query: SELECT `ken`.*, `cos`.`nama` FROM `kendaraan` AS `ken`
 INNER JOIN `costumer` AS `cos` ON cos.nik_costumer=ken.nik_costumer WHERE (ken.nik_costumer = '1234-111-23-90')
Params: []

2015-08-10T09:59:55+07:00 INFO (6): 
Elapsed Secs: 0.00083
Query: DESCRIBE `costumer`
Params: []

2015-08-10T09:59:55+07:00 INFO (6): 
Elapsed Secs: 0.00019
Query: SELECT `penj`.* FROM `costumer` AS `cos`
 INNER JOIN `penjamin` AS `penj` ON penj.nik_costumer = cos.nik_costumer WHERE (cos.nik_costumer = '1234-111-23-90')
Params: []

