2015-08-26T10:48:32+07:00 INFO (6): 
Elapsed Secs: 0.0404
Query: connect
Params: []

2015-08-26T10:48:32+07:00 INFO (6): 
Elapsed Secs: 0.00047
Query: DESCRIBE `user`
Params: []

2015-08-26T10:48:32+07:00 INFO (6): 
Elapsed Secs: 0.00027
Query: connect
Params: []

2015-08-26T10:48:32+07:00 INFO (6): 
Elapsed Secs: 0.04453
Query: SELECT `user`.*, `cabang`.* FROM `user`
 INNER JOIN `cabang` ON cabang.id_cabang = user.id_cabang WHERE (user.username = 'admin') AND (user.password = 'd033e22ae348aeb5660fc2140aec35850c4da997')
Params: []

2015-08-26T10:48:32+07:00 INFO (6): 
Elapsed Secs: 0.00032
Query: SELECT `user`.*, `user_login`.*, `cabang`.* FROM `user`
 INNER JOIN `user_login` ON user_login.id_user = user.id_user
 INNER JOIN `cabang` ON cabang.id_cabang = user.id_cabang WHERE (user.id_user = '16')
Params: []

2015-08-26T10:48:32+07:00 INFO (6): 
Elapsed Secs: 0.07639
Query: UPDATE `user_login` SET `last_login` = ?, `login_time` = NOW(), `ip_login` = ?, `status` = ? WHERE (id_user = '16')
Params: {"1":"2015-08-22 08:48:24","2":"127.0.0.1","3":1}

2015-08-26T10:48:32+07:00 INFO (6): 
Elapsed Secs: 0.00033
Query: SELECT `user`.*, `user_login`.*, `cabang`.* FROM `user`
 INNER JOIN `user_login` ON user_login.id_user = user.id_user
 INNER JOIN `cabang` ON cabang.id_cabang = user.id_cabang WHERE (user.id_user = '16')
Params: []

2015-08-26T10:49:07+07:00 INFO (6): 
Elapsed Secs: 0.00026
Query: connect
Params: []

2015-08-26T10:49:07+07:00 INFO (6): 
Elapsed Secs: 0.00056
Query: DESCRIBE `costumer`
Params: []

2015-08-26T10:49:07+07:00 INFO (6): 
Elapsed Secs: 0.00024
Query: SELECT `cos`.`nik_costumer`, `cos`.`nama`, `cos`.`alamat`, `cos`.`jenis_kelamin`, `cos`.`tempat_lahir`, `cos`.`tanggal_lahir`, `cos`.`nama_ibu`, `cos`.`agama`, `cos`.`status`, `cos`.`pekerjaan`, `cos`.`alamat_tempat_kerja`, `cos`.`hp`, `cos`.`telpon`, `us`.`realname` FROM `costumer` AS `cos`
 INNER JOIN `user` AS `us` ON cos.id_user=us.id_user
 INNER JOIN `cabang` AS `cb` ON us.id_cabang = cb.id_cabang WHERE (cos.id_cabang = '001')
Params: []

