2015-08-06T23:15:40+07:00 INFO (6): 
Elapsed Secs: 0.00026
Query: connect
Params: []

2015-08-06T23:15:40+07:00 INFO (6): 
Elapsed Secs: 0.00149
Query: DESCRIBE `user`
Params: []

2015-08-06T23:15:40+07:00 INFO (6): 
Elapsed Secs: 0.00044
Query: connect
Params: []

2015-08-06T23:15:40+07:00 INFO (6): 
Elapsed Secs: 0.00067
Query: SELECT `user`.*, `cabang`.* FROM `user`
 INNER JOIN `cabang` ON cabang.id_cabang = user.id_cabang WHERE (user.username = 'akuntansi') AND (user.password = '81f66b30d3445399cdf8cd10072467c94351abb2')
Params: []

2015-08-06T23:15:40+07:00 INFO (6): 
Elapsed Secs: 0.00059
Query: SELECT `user`.*, `user_login`.*, `cabang`.* FROM `user`
 INNER JOIN `user_login` ON user_login.id_user = user.id_user
 INNER JOIN `cabang` ON cabang.id_cabang = user.id_cabang WHERE (user.id_user = '28')
Params: []

2015-08-06T23:26:10+07:00 INFO (6): 
Elapsed Secs: 0.0013
Query: connect
Params: []

2015-08-06T23:26:10+07:00 INFO (6): 
Elapsed Secs: 0.00073
Query: DESCRIBE `user`
Params: []

2015-08-06T23:26:10+07:00 INFO (6): 
Elapsed Secs: 0.00023
Query: connect
Params: []

2015-08-06T23:26:10+07:00 INFO (6): 
Elapsed Secs: 0.00026
Query: SELECT `user`.*, `cabang`.* FROM `user`
 INNER JOIN `cabang` ON cabang.id_cabang = user.id_cabang WHERE (user.username = 'admin') AND (user.password = 'd033e22ae348aeb5660fc2140aec35850c4da997')
Params: []

2015-08-06T23:26:10+07:00 INFO (6): 
Elapsed Secs: 0.00019
Query: SELECT `user`.*, `user_login`.*, `cabang`.* FROM `user`
 INNER JOIN `user_login` ON user_login.id_user = user.id_user
 INNER JOIN `cabang` ON cabang.id_cabang = user.id_cabang WHERE (user.id_user = '16')
Params: []

2015-08-06T23:26:10+07:00 INFO (6): 
Elapsed Secs: 0.07561
Query: UPDATE `user_login` SET `status` = ?, `login_time` = NOW(), `ip_login` = ?, `last_login` = ? WHERE (id_user = '16')
Params: {"1":1,"2":"127.0.0.1","3":"2015-08-06 20:32:56"}

2015-08-06T23:26:10+07:00 INFO (6): 
Elapsed Secs: 0.00037
Query: SELECT `user`.*, `user_login`.*, `cabang`.* FROM `user`
 INNER JOIN `user_login` ON user_login.id_user = user.id_user
 INNER JOIN `cabang` ON cabang.id_cabang = user.id_cabang WHERE (user.id_user = '16')
Params: []

2015-08-06T23:26:13+07:00 INFO (6): 
Elapsed Secs: 0.00022
Query: connect
Params: []

2015-08-06T23:26:13+07:00 INFO (6): 
Elapsed Secs: 0.00074
Query: DESCRIBE `costumer`
Params: []

2015-08-06T23:26:13+07:00 INFO (6): 
Elapsed Secs: 0.00028
Query: SELECT `cos`.`nik_costumer`, `cos`.`nama`, `cos`.`alamat`, `cos`.`jenis_kelamin`, `cos`.`tempat_lahir`, `cos`.`tanggal_lahir`, `cos`.`nama_ibu`, `cos`.`agama`, `cos`.`status`, `cos`.`pekerjaan`, `cos`.`alamat_tempat_kerja`, `cos`.`hp`, `cos`.`telpon`, `us`.`realname` FROM `costumer` AS `cos`
 INNER JOIN `user` AS `us` ON cos.id_user=us.id_user
 INNER JOIN `cabang` AS `cb` ON us.id_cabang = cb.id_cabang WHERE (cos.id_cabang = '001')
Params: []

2015-08-06T23:26:16+07:00 INFO (6): 
Elapsed Secs: 0.00025
Query: connect
Params: []

2015-08-06T23:26:16+07:00 INFO (6): 
Elapsed Secs: 0.00082
Query: DESCRIBE `costumer`
Params: []

2015-08-06T23:26:16+07:00 INFO (6): 
Elapsed Secs: 0.00026
Query: SELECT `cos`.`nik_costumer`, `cos`.`nama`, `cos`.`alamat`, `cos`.`jenis_kelamin`, `cos`.`tempat_lahir`, `cos`.`tanggal_lahir`, `cos`.`nama_ibu`, `cos`.`agama`, `cos`.`status`, `cos`.`pekerjaan`, `cos`.`alamat_tempat_kerja`, `cos`.`hp`, `cos`.`telpon`, `us`.`realname`, `cb`.`cabang` FROM `costumer` AS `cos`
 INNER JOIN `user` AS `us` ON cos.id_user=us.id_user
 INNER JOIN `cabang` AS `cb` ON us.id_cabang = cb.id_cabang WHERE (cos.nik_costumer = '1234-111-23-90')
Params: []

2015-08-06T23:26:16+07:00 INFO (6): 
Elapsed Secs: 0.00015
Query: connect
Params: []

2015-08-06T23:26:16+07:00 INFO (6): 
Elapsed Secs: 0.00021
Query: SELECT `penj`.* FROM `costumer` AS `cos`
 INNER JOIN `penjamin` AS `penj` ON penj.nik_costumer = cos.nik_costumer WHERE (cos.nik_costumer = '1234-111-23-90')
Params: []

2015-08-06T23:26:16+07:00 INFO (6): 
Elapsed Secs: 0.00047
Query: DESCRIBE `kendaraan`
Params: []

2015-08-06T23:26:16+07:00 INFO (6): 
Elapsed Secs: 0.00011
Query: SELECT `kendaraan`.* FROM `kendaraan` WHERE (nik_costumer = '1234-111-23-90') LIMIT 1
Params: []

2015-08-06T23:26:24+07:00 INFO (6): 
Elapsed Secs: 0.003
Query: connect
Params: []

2015-08-06T23:26:24+07:00 INFO (6): 
Elapsed Secs: 0.00142
Query: DESCRIBE `costumer`
Params: []

2015-08-06T23:26:24+07:00 INFO (6): 
Elapsed Secs: 0.0006
Query: SELECT `cos`.`nik_costumer`, `cos`.`nama`, `cos`.`alamat`, `cos`.`jenis_kelamin`, `cos`.`tempat_lahir`, `cos`.`tanggal_lahir`, `cos`.`nama_ibu`, `cos`.`agama`, `cos`.`status`, `cos`.`pekerjaan`, `cos`.`alamat_tempat_kerja`, `cos`.`hp`, `cos`.`telpon`, `us`.`realname` FROM `costumer` AS `cos`
 INNER JOIN `user` AS `us` ON cos.id_user=us.id_user
 INNER JOIN `cabang` AS `cb` ON us.id_cabang = cb.id_cabang WHERE (cos.id_cabang = '001')
Params: []

2015-08-06T23:26:26+07:00 INFO (6): 
Elapsed Secs: 0.00021
Query: connect
Params: []

2015-08-06T23:26:26+07:00 INFO (6): 
Elapsed Secs: 0.00064
Query: DESCRIBE `costumer`
Params: []

2015-08-06T23:26:26+07:00 INFO (6): 
Elapsed Secs: 0.00028
Query: SELECT `cos`.`nik_costumer`, `cos`.`nama`, `cos`.`alamat`, `cos`.`jenis_kelamin`, `cos`.`tempat_lahir`, `cos`.`tanggal_lahir`, `cos`.`nama_ibu`, `cos`.`agama`, `cos`.`status`, `cos`.`pekerjaan`, `cos`.`alamat_tempat_kerja`, `cos`.`hp`, `cos`.`telpon`, `us`.`realname` FROM `costumer` AS `cos`
 INNER JOIN `user` AS `us` ON cos.id_user=us.id_user
 INNER JOIN `cabang` AS `cb` ON us.id_cabang = cb.id_cabang WHERE (cos.id_cabang = '001')
Params: []

2015-08-06T23:27:25+07:00 INFO (6): 
Elapsed Secs: 0.00029
Query: connect
Params: []

2015-08-06T23:27:25+07:00 INFO (6): 
Elapsed Secs: 0.00072
Query: DESCRIBE `cabang`
Params: []

2015-08-06T23:27:25+07:00 INFO (6): 
Elapsed Secs: 0.00021
Query: SELECT `cabang`.* FROM `cabang` WHERE (id_cabang = '001' ) LIMIT 1
Params: []

2015-08-06T23:27:25+07:00 INFO (6): 
Elapsed Secs: 0.00063
Query: DESCRIBE `kendaraan`
Params: []

2015-08-06T23:27:25+07:00 INFO (6): 
Elapsed Secs: 0.00031
Query: connect
Params: []

2015-08-06T23:27:25+07:00 INFO (6): 
Elapsed Secs: 0.00037
Query: SELECT `ken`.*, `cos`.`id_cabang`, `us`.`id_user`, `cb`.`cabang` FROM `kendaraan` AS `ken`
 INNER JOIN `costumer` AS `cos` ON cos.nik_costumer=ken.nik_costumer
 INNER JOIN `user` AS `us` ON us.id_user = cos.id_user
 INNER JOIN `cabang` AS `cb` ON cos.id_cabang = cb.id_cabang WHERE (cb.id_cabang = '001')
Params: []

2015-08-06T23:27:27+07:00 INFO (6): 
Elapsed Secs: 0.00028
Query: connect
Params: []

2015-08-06T23:27:27+07:00 INFO (6): 
Elapsed Secs: 0.0007
Query: DESCRIBE `cabang`
Params: []

2015-08-06T23:27:27+07:00 INFO (6): 
Elapsed Secs: 0.0002
Query: SELECT `cabang`.* FROM `cabang` WHERE (id_cabang = '001' ) LIMIT 1
Params: []

2015-08-06T23:27:27+07:00 INFO (6): 
Elapsed Secs: 0.00057
Query: DESCRIBE `pinjaman`
Params: []

2015-08-06T23:27:27+07:00 INFO (6): 
Elapsed Secs: 0.00033
Query: SELECT `pin`.*, `cos`.`nama` FROM `pinjaman` AS `pin`
 INNER JOIN `costumer` AS `cos` ON pin.nik_costumer = cos.nik_costumer
 INNER JOIN `user` AS `us` ON cos.id_user = us.id_user
 INNER JOIN `cabang` AS `cb` ON us.id_cabang = cb.id_cabang WHERE (us.id_user = '16') OR (cb.id_cabang = '001')
Params: []

2015-08-06T23:27:27+07:00 INFO (6): 
Elapsed Secs: 0.00055
Query: DESCRIBE `spb`
Params: []

2015-08-06T23:27:27+07:00 INFO (6): 
Elapsed Secs: 0.00016
Query: SELECT `spb`.* FROM `spb` WHERE (no_kontrak = '001-MD-00167-15') LIMIT 1
Params: []

2015-08-06T23:27:27+07:00 INFO (6): 
Elapsed Secs: 0.00021
Query: SELECT `spb`.* FROM `spb` WHERE (no_kontrak = '001-MF-00164-15') LIMIT 1
Params: []

2015-08-06T23:27:27+07:00 INFO (6): 
Elapsed Secs: 0.0002
Query: SELECT `spb`.* FROM `spb` WHERE (no_kontrak = '001-MF-00166-15') LIMIT 1
Params: []

2015-08-06T23:27:27+07:00 INFO (6): 
Elapsed Secs: 0.00017
Query: SELECT `spb`.* FROM `spb` WHERE (no_kontrak = '001-MF-00168-15') LIMIT 1
Params: []

2015-08-06T23:27:29+07:00 INFO (6): 
Elapsed Secs: 0.00027
Query: connect
Params: []

2015-08-06T23:27:29+07:00 INFO (6): 
Elapsed Secs: 0.00069
Query: DESCRIBE `kendaraan`
Params: []

2015-08-06T23:27:29+07:00 INFO (6): 
Elapsed Secs: 0.00024
Query: connect
Params: []

2015-08-06T23:27:29+07:00 INFO (6): 
Elapsed Secs: 0.00029
Query: SELECT `ken`.`no_polisi`, `ken`.`nik_costumer` FROM `kendaraan` AS `ken`
 INNER JOIN `costumer` AS `cos` ON cos.nik_costumer = ken.nik_costumer
 INNER JOIN `penjamin` AS `pen` ON cos.nik_costumer = pen.nik_costumer WHERE (ken.status != 'kredit')
Params: []

2015-08-06T23:27:35+07:00 INFO (6): 
Elapsed Secs: 0.00106
Query: connect
Params: []

2015-08-06T23:27:35+07:00 INFO (6): 
Elapsed Secs: 0.00051
Query: DESCRIBE `cabang`
Params: []

2015-08-06T23:27:35+07:00 INFO (6): 
Elapsed Secs: 0.0002
Query: SELECT `cabang`.* FROM `cabang` WHERE (id_cabang = '001' ) LIMIT 1
Params: []

2015-08-06T23:27:35+07:00 INFO (6): 
Elapsed Secs: 0.00049
Query: DESCRIBE `pinjaman`
Params: []

2015-08-06T23:27:35+07:00 INFO (6): 
Elapsed Secs: 0.0004
Query: SELECT `pin`.*, `cos`.`nama` FROM `pinjaman` AS `pin`
 INNER JOIN `costumer` AS `cos` ON pin.nik_costumer = cos.nik_costumer
 INNER JOIN `user` AS `us` ON cos.id_user = us.id_user
 INNER JOIN `cabang` AS `cb` ON us.id_cabang = cb.id_cabang WHERE (us.id_user = '16') OR (cb.id_cabang = '001')
Params: []

2015-08-06T23:27:35+07:00 INFO (6): 
Elapsed Secs: 0.0006
Query: DESCRIBE `spb`
Params: []

2015-08-06T23:27:35+07:00 INFO (6): 
Elapsed Secs: 0.00017
Query: SELECT `spb`.* FROM `spb` WHERE (no_kontrak = '001-MD-00167-15') LIMIT 1
Params: []

2015-08-06T23:27:35+07:00 INFO (6): 
Elapsed Secs: 0.00017
Query: SELECT `spb`.* FROM `spb` WHERE (no_kontrak = '001-MF-00164-15') LIMIT 1
Params: []

2015-08-06T23:27:35+07:00 INFO (6): 
Elapsed Secs: 0.00013
Query: SELECT `spb`.* FROM `spb` WHERE (no_kontrak = '001-MF-00166-15') LIMIT 1
Params: []

2015-08-06T23:27:35+07:00 INFO (6): 
Elapsed Secs: 0.00015
Query: SELECT `spb`.* FROM `spb` WHERE (no_kontrak = '001-MF-00168-15') LIMIT 1
Params: []

2015-08-06T23:27:51+07:00 INFO (6): 
Elapsed Secs: 0.00037
Query: connect
Params: []

2015-08-06T23:27:51+07:00 INFO (6): 
Elapsed Secs: 0.0006
Query: DESCRIBE `cabang`
Params: []

2015-08-06T23:27:51+07:00 INFO (6): 
Elapsed Secs: 0.00014
Query: SELECT `cabang`.* FROM `cabang` WHERE (id_cabang = '001' ) LIMIT 1
Params: []

2015-08-06T23:27:51+07:00 INFO (6): 
Elapsed Secs: 0.00043
Query: DESCRIBE `kendaraan`
Params: []

2015-08-06T23:27:51+07:00 INFO (6): 
Elapsed Secs: 0.00026
Query: connect
Params: []

2015-08-06T23:27:51+07:00 INFO (6): 
Elapsed Secs: 0.00031
Query: SELECT `ken`.*, `cos`.`id_cabang`, `us`.`id_user`, `cb`.`cabang` FROM `kendaraan` AS `ken`
 INNER JOIN `costumer` AS `cos` ON cos.nik_costumer=ken.nik_costumer
 INNER JOIN `user` AS `us` ON us.id_user = cos.id_user
 INNER JOIN `cabang` AS `cb` ON cos.id_cabang = cb.id_cabang WHERE (cb.id_cabang = '001')
Params: []

2015-08-06T23:37:04+07:00 INFO (6): 
Elapsed Secs: 0.00026
Query: connect
Params: []

2015-08-06T23:37:04+07:00 INFO (6): 
Elapsed Secs: 0.00061
Query: DESCRIBE `cabang`
Params: []

2015-08-06T23:37:04+07:00 INFO (6): 
Elapsed Secs: 0.00018
Query: SELECT `cabang`.* FROM `cabang` WHERE (id_cabang = '001' ) LIMIT 1
Params: []

2015-08-06T23:37:04+07:00 INFO (6): 
Elapsed Secs: 0.00044
Query: DESCRIBE `kendaraan`
Params: []

2015-08-06T23:37:04+07:00 INFO (6): 
Elapsed Secs: 0.0002
Query: connect
Params: []

2015-08-06T23:37:04+07:00 INFO (6): 
Elapsed Secs: 0.00022
Query: SELECT `ken`.*, `cos`.`id_cabang`, `us`.`id_user`, `cb`.`cabang` FROM `kendaraan` AS `ken`
 INNER JOIN `costumer` AS `cos` ON cos.nik_costumer=ken.nik_costumer
 INNER JOIN `user` AS `us` ON us.id_user = cos.id_user
 INNER JOIN `cabang` AS `cb` ON cos.id_cabang = cb.id_cabang WHERE (cb.id_cabang = '001')
Params: []

2015-08-06T23:37:05+07:00 INFO (6): 
Elapsed Secs: 0.00028
Query: connect
Params: []

2015-08-06T23:37:05+07:00 INFO (6): 
Elapsed Secs: 0.00064
Query: DESCRIBE `kendaraan`
Params: []

2015-08-06T23:37:05+07:00 INFO (6): 
Elapsed Secs: 0.00018
Query: connect
Params: []

2015-08-06T23:37:05+07:00 INFO (6): 
Elapsed Secs: 0.00027
Query: SELECT `ken`.*, `cos`.`id_cabang`, `us`.`id_user`, `cb`.`cabang` FROM `kendaraan` AS `ken`
 INNER JOIN `costumer` AS `cos` ON cos.nik_costumer=ken.nik_costumer
 INNER JOIN `user` AS `us` ON us.id_user = cos.id_user
 INNER JOIN `cabang` AS `cb` ON cos.id_cabang = cb.id_cabang
Params: []

2015-08-06T23:37:07+07:00 INFO (6): 
Elapsed Secs: 0.00027
Query: connect
Params: []

2015-08-06T23:37:07+07:00 INFO (6): 
Elapsed Secs: 0.00061
Query: DESCRIBE `cabang`
Params: []

2015-08-06T23:37:07+07:00 INFO (6): 
Elapsed Secs: 0.00017
Query: SELECT `cabang`.* FROM `cabang` WHERE (id_cabang = '001' ) LIMIT 1
Params: []

2015-08-06T23:37:07+07:00 INFO (6): 
Elapsed Secs: 0.00046
Query: DESCRIBE `kendaraan`
Params: []

2015-08-06T23:37:07+07:00 INFO (6): 
Elapsed Secs: 0.00026
Query: connect
Params: []

2015-08-06T23:37:07+07:00 INFO (6): 
Elapsed Secs: 0.00027
Query: SELECT `ken`.*, `cos`.`id_cabang`, `us`.`id_user`, `cb`.`cabang` FROM `kendaraan` AS `ken`
 INNER JOIN `costumer` AS `cos` ON cos.nik_costumer=ken.nik_costumer
 INNER JOIN `user` AS `us` ON us.id_user = cos.id_user
 INNER JOIN `cabang` AS `cb` ON cos.id_cabang = cb.id_cabang WHERE (cb.id_cabang = '001')
Params: []

2015-08-06T23:37:12+07:00 INFO (6): 
Elapsed Secs: 0.00023
Query: connect
Params: []

2015-08-06T23:37:12+07:00 INFO (6): 
Elapsed Secs: 0.00069
Query: DESCRIBE `costumer`
Params: []

2015-08-06T23:37:12+07:00 INFO (6): 
Elapsed Secs: 0.00028
Query: SELECT `cos`.`nik_costumer`, `cos`.`nama`, `cos`.`alamat`, `cos`.`jenis_kelamin`, `cos`.`tempat_lahir`, `cos`.`tanggal_lahir`, `cos`.`nama_ibu`, `cos`.`agama`, `cos`.`status`, `cos`.`pekerjaan`, `cos`.`alamat_tempat_kerja`, `cos`.`hp`, `cos`.`telpon`, `us`.`realname` FROM `costumer` AS `cos`
 INNER JOIN `user` AS `us` ON cos.id_user=us.id_user
 INNER JOIN `cabang` AS `cb` ON us.id_cabang = cb.id_cabang WHERE (cos.id_cabang = '001')
Params: []

2015-08-06T23:37:14+07:00 INFO (6): 
Elapsed Secs: 0.00028
Query: connect
Params: []

2015-08-06T23:37:14+07:00 INFO (6): 
Elapsed Secs: 0.0006
Query: DESCRIBE `costumer`
Params: []

2015-08-06T23:37:14+07:00 INFO (6): 
Elapsed Secs: 0.00025
Query: SELECT `cos`.`nik_costumer`, `cos`.`nama`, `cos`.`alamat`, `cos`.`jenis_kelamin`, `cos`.`tempat_lahir`, `cos`.`tanggal_lahir`, `cos`.`nama_ibu`, `cos`.`agama`, `cos`.`status`, `cos`.`pekerjaan`, `cos`.`alamat_tempat_kerja`, `cos`.`hp`, `cos`.`telpon`, `us`.`realname`, `cb`.`cabang` FROM `costumer` AS `cos`
 INNER JOIN `user` AS `us` ON cos.id_user=us.id_user
 INNER JOIN `cabang` AS `cb` ON us.id_cabang = cb.id_cabang WHERE (cos.nik_costumer = '1234-111-23-90')
Params: []

2015-08-06T23:37:14+07:00 INFO (6): 
Elapsed Secs: 0.00023
Query: connect
Params: []

2015-08-06T23:37:14+07:00 INFO (6): 
Elapsed Secs: 0.00016
Query: SELECT `penj`.* FROM `costumer` AS `cos`
 INNER JOIN `penjamin` AS `penj` ON penj.nik_costumer = cos.nik_costumer WHERE (cos.nik_costumer = '1234-111-23-90')
Params: []

2015-08-06T23:37:14+07:00 INFO (6): 
Elapsed Secs: 0.00046
Query: DESCRIBE `kendaraan`
Params: []

2015-08-06T23:37:14+07:00 INFO (6): 
Elapsed Secs: 0.00016
Query: SELECT `kendaraan`.* FROM `kendaraan` WHERE (nik_costumer = '1234-111-23-90') LIMIT 1
Params: []

2015-08-06T23:37:16+07:00 INFO (6): 
Elapsed Secs: 0.00028
Query: connect
Params: []

2015-08-06T23:37:16+07:00 INFO (6): 
Elapsed Secs: 0.00063
Query: DESCRIBE `costumer`
Params: []

2015-08-06T23:37:16+07:00 INFO (6): 
Elapsed Secs: 0.00025
Query: SELECT `costumer`.* FROM `costumer` WHERE (nik_costumer ='1234-111-23-90') LIMIT 1
Params: []

2015-08-06T23:51:26+07:00 INFO (6): 
Elapsed Secs: 0.00117
Query: connect
Params: []

2015-08-06T23:51:26+07:00 INFO (6): 
Elapsed Secs: 0.06618
Query: UPDATE `user_login` SET `status` = ? WHERE (id_user ='16')
Params: {"1":0}

2015-08-06T23:51:38+07:00 INFO (6): 
Elapsed Secs: 0.00031
Query: connect
Params: []

2015-08-06T23:51:38+07:00 INFO (6): 
Elapsed Secs: 0.00079
Query: DESCRIBE `user`
Params: []

2015-08-06T23:51:38+07:00 INFO (6): 
Elapsed Secs: 0.00032
Query: connect
Params: []

2015-08-06T23:51:38+07:00 INFO (6): 
Elapsed Secs: 0.00035
Query: SELECT `user`.*, `cabang`.* FROM `user`
 INNER JOIN `cabang` ON cabang.id_cabang = user.id_cabang WHERE (user.username = 'akuntansi') AND (user.password = '81f66b30d3445399cdf8cd10072467c94351abb2')
Params: []

2015-08-06T23:51:38+07:00 INFO (6): 
Elapsed Secs: 0.00028
Query: SELECT `user`.*, `user_login`.*, `cabang`.* FROM `user`
 INNER JOIN `user_login` ON user_login.id_user = user.id_user
 INNER JOIN `cabang` ON cabang.id_cabang = user.id_cabang WHERE (user.id_user = '28')
Params: []

2015-08-06T23:51:39+07:00 INFO (6): 
Elapsed Secs: 0.07739
Query: UPDATE `user_login` SET `last_login` = ?, `login_time` = NOW(), `ip_login` = ?, `status` = ? WHERE (id_user = '28')
Params: {"1":"2015-08-06 22:25:26","2":"127.0.0.1","3":1}

2015-08-06T23:51:39+07:00 INFO (6): 
Elapsed Secs: 0.0007
Query: SELECT `user`.*, `user_login`.*, `cabang`.* FROM `user`
 INNER JOIN `user_login` ON user_login.id_user = user.id_user
 INNER JOIN `cabang` ON cabang.id_cabang = user.id_cabang WHERE (user.id_user = '28')
Params: []

2015-08-06T23:51:49+07:00 INFO (6): 
Elapsed Secs: 0.0003
Query: connect
Params: []

2015-08-06T23:51:49+07:00 INFO (6): 
Elapsed Secs: 0.0006
Query: DESCRIBE `bb_penerimaan_kas`
Params: []

2015-08-06T23:51:49+07:00 INFO (6): 
Elapsed Secs: 0.0002
Query: connect
Params: []

2015-08-06T23:51:49+07:00 INFO (6): 
Elapsed Secs: 0.00028
Query: SELECT `bbpk`.*, `cos`.`nama` FROM `bb_penerimaan_kas` AS `bbpk`
 INNER JOIN `pinjaman` AS `pin` ON pin.no_kontrak = bbpk.no_kontrak 
 INNER JOIN `costumer` AS `cos` ON cos.nik_costumer= pin.nik_costumer  WHERE (bbpk.tgl_bayar >= '2015-08-01') AND (bbpk.tgl_bayar <= '2015-08-27')
Params: []

2015-08-06T23:52:02+07:00 INFO (6): 
Elapsed Secs: 0.00024
Query: connect
Params: []

2015-08-06T23:52:02+07:00 INFO (6): 
Elapsed Secs: 0.00053
Query: DESCRIBE `bb_penerimaan_kas`
Params: []

2015-08-06T23:52:02+07:00 INFO (6): 
Elapsed Secs: 0.00022
Query: connect
Params: []

2015-08-06T23:52:02+07:00 INFO (6): 
Elapsed Secs: 0.0003
Query: SELECT `bbpk`.*, `cos`.`nama` FROM `bb_penerimaan_kas` AS `bbpk`
 INNER JOIN `pinjaman` AS `pin` ON pin.no_kontrak = bbpk.no_kontrak 
 INNER JOIN `costumer` AS `cos` ON cos.nik_costumer= pin.nik_costumer  WHERE (bbpk.tgl_bayar >= '2015-08-01') AND (bbpk.tgl_bayar <= '2015-08-27')
Params: []

2015-08-06T23:52:58+07:00 INFO (6): 
Elapsed Secs: 0.0003
Query: connect
Params: []

2015-08-06T23:52:58+07:00 INFO (6): 
Elapsed Secs: 0.03479
Query: UPDATE `user_login` SET `status` = ? WHERE (id_user ='28')
Params: {"1":0}

2015-08-06T23:53:00+07:00 INFO (6): 
Elapsed Secs: 0.0002
Query: connect
Params: []

2015-08-06T23:53:00+07:00 INFO (6): 
Elapsed Secs: 0.00065
Query: DESCRIBE `user`
Params: []

2015-08-06T23:53:00+07:00 INFO (6): 
Elapsed Secs: 0.00024
Query: connect
Params: []

2015-08-06T23:53:00+07:00 INFO (6): 
Elapsed Secs: 0.0002
Query: SELECT `user`.*, `cabang`.* FROM `user`
 INNER JOIN `cabang` ON cabang.id_cabang = user.id_cabang WHERE (user.username = 'admin') AND (user.password = 'd033e22ae348aeb5660fc2140aec35850c4da997')
Params: []

2015-08-06T23:53:00+07:00 INFO (6): 
Elapsed Secs: 0.00017
Query: SELECT `user`.*, `user_login`.*, `cabang`.* FROM `user`
 INNER JOIN `user_login` ON user_login.id_user = user.id_user
 INNER JOIN `cabang` ON cabang.id_cabang = user.id_cabang WHERE (user.id_user = '16')
Params: []

2015-08-06T23:53:00+07:00 INFO (6): 
Elapsed Secs: 0.12303
Query: UPDATE `user_login` SET `status` = ?, `login_time` = NOW(), `ip_login` = ?, `last_login` = ? WHERE (id_user = '16')
Params: {"1":1,"2":"127.0.0.1","3":"2015-08-06 23:26:10"}

2015-08-06T23:53:00+07:00 INFO (6): 
Elapsed Secs: 0.0003
Query: SELECT `user`.*, `user_login`.*, `cabang`.* FROM `user`
 INNER JOIN `user_login` ON user_login.id_user = user.id_user
 INNER JOIN `cabang` ON cabang.id_cabang = user.id_cabang WHERE (user.id_user = '16')
Params: []

2015-08-06T23:53:02+07:00 INFO (6): 
Elapsed Secs: 0.00028
Query: connect
Params: []

2015-08-06T23:53:02+07:00 INFO (6): 
Elapsed Secs: 0.00065
Query: DESCRIBE `costumer`
Params: []

2015-08-06T23:53:02+07:00 INFO (6): 
Elapsed Secs: 0.00024
Query: SELECT `cos`.`nik_costumer`, `cos`.`nama`, `cos`.`alamat`, `cos`.`jenis_kelamin`, `cos`.`tempat_lahir`, `cos`.`tanggal_lahir`, `cos`.`nama_ibu`, `cos`.`agama`, `cos`.`status`, `cos`.`pekerjaan`, `cos`.`alamat_tempat_kerja`, `cos`.`hp`, `cos`.`telpon`, `us`.`realname` FROM `costumer` AS `cos`
 INNER JOIN `user` AS `us` ON cos.id_user=us.id_user
 INNER JOIN `cabang` AS `cb` ON us.id_cabang = cb.id_cabang WHERE (cos.id_cabang = '001')
Params: []

2015-08-06T23:53:05+07:00 INFO (6): 
Elapsed Secs: 0.00029
Query: connect
Params: []

2015-08-06T23:53:05+07:00 INFO (6): 
Elapsed Secs: 0.00176
Query: DESCRIBE `costumer`
Params: []

2015-08-06T23:53:05+07:00 INFO (6): 
Elapsed Secs: 0.00059
Query: SELECT `cos`.`nik_costumer`, `cos`.`nama`, `cos`.`alamat`, `cos`.`jenis_kelamin`, `cos`.`tempat_lahir`, `cos`.`tanggal_lahir`, `cos`.`nama_ibu`, `cos`.`agama`, `cos`.`status`, `cos`.`pekerjaan`, `cos`.`alamat_tempat_kerja`, `cos`.`hp`, `cos`.`telpon`, `us`.`realname`, `cb`.`cabang` FROM `costumer` AS `cos`
 INNER JOIN `user` AS `us` ON cos.id_user=us.id_user
 INNER JOIN `cabang` AS `cb` ON us.id_cabang = cb.id_cabang WHERE (cos.nik_costumer = '1234-111-23-90')
Params: []

2015-08-06T23:53:05+07:00 INFO (6): 
Elapsed Secs: 0.00051
Query: connect
Params: []

2015-08-06T23:53:05+07:00 INFO (6): 
Elapsed Secs: 0.0005
Query: SELECT `penj`.* FROM `costumer` AS `cos`
 INNER JOIN `penjamin` AS `penj` ON penj.nik_costumer = cos.nik_costumer WHERE (cos.nik_costumer = '1234-111-23-90')
Params: []

2015-08-06T23:53:05+07:00 INFO (6): 
Elapsed Secs: 0.00086
Query: DESCRIBE `kendaraan`
Params: []

2015-08-06T23:53:05+07:00 INFO (6): 
Elapsed Secs: 0.00023
Query: SELECT `kendaraan`.* FROM `kendaraan` WHERE (nik_costumer = '1234-111-23-90') LIMIT 1
Params: []

2015-08-06T23:55:55+07:00 INFO (6): 
Elapsed Secs: 0.00029
Query: connect
Params: []

2015-08-06T23:55:55+07:00 INFO (6): 
Elapsed Secs: 0.0006
Query: DESCRIBE `kendaraan`
Params: []

2015-08-06T23:55:55+07:00 INFO (6): 
Elapsed Secs: 0.0002
Query: connect
Params: []

2015-08-06T23:55:55+07:00 INFO (6): 
Elapsed Secs: 0.00021
Query: SELECT `ken`.*, `cos`.`nama` FROM `kendaraan` AS `ken`
 INNER JOIN `costumer` AS `cos` ON cos.nik_costumer=ken.nik_costumer WHERE (ken.nik_costumer = '1234-111-23-90')
Params: []

2015-08-06T23:55:55+07:00 INFO (6): 
Elapsed Secs: 0.00055
Query: DESCRIBE `costumer`
Params: []

2015-08-06T23:55:55+07:00 INFO (6): 
Elapsed Secs: 0.00017
Query: SELECT `penj`.* FROM `costumer` AS `cos`
 INNER JOIN `penjamin` AS `penj` ON penj.nik_costumer = cos.nik_costumer WHERE (cos.nik_costumer = '1234-111-23-90')
Params: []

2015-08-06T23:55:57+07:00 INFO (6): 
Elapsed Secs: 0.00027
Query: connect
Params: []

2015-08-06T23:55:57+07:00 INFO (6): 
Elapsed Secs: 0.00073
Query: DESCRIBE `costumer`
Params: []

2015-08-06T23:55:57+07:00 INFO (6): 
Elapsed Secs: 0.00028
Query: SELECT `cos`.`nik_costumer`, `cos`.`nama`, `cos`.`alamat`, `cos`.`jenis_kelamin`, `cos`.`tempat_lahir`, `cos`.`tanggal_lahir`, `cos`.`nama_ibu`, `cos`.`agama`, `cos`.`status`, `cos`.`pekerjaan`, `cos`.`alamat_tempat_kerja`, `cos`.`hp`, `cos`.`telpon`, `us`.`realname`, `cb`.`cabang` FROM `costumer` AS `cos`
 INNER JOIN `user` AS `us` ON cos.id_user=us.id_user
 INNER JOIN `cabang` AS `cb` ON us.id_cabang = cb.id_cabang WHERE (cos.nik_costumer = '1234-111-23-90')
Params: []

2015-08-06T23:55:57+07:00 INFO (6): 
Elapsed Secs: 0.00027
Query: connect
Params: []

2015-08-06T23:55:57+07:00 INFO (6): 
Elapsed Secs: 0.00024
Query: SELECT `penj`.* FROM `costumer` AS `cos`
 INNER JOIN `penjamin` AS `penj` ON penj.nik_costumer = cos.nik_costumer WHERE (cos.nik_costumer = '1234-111-23-90')
Params: []

2015-08-06T23:55:57+07:00 INFO (6): 
Elapsed Secs: 0.00057
Query: DESCRIBE `kendaraan`
Params: []

2015-08-06T23:55:57+07:00 INFO (6): 
Elapsed Secs: 0.00019
Query: SELECT `kendaraan`.* FROM `kendaraan` WHERE (nik_costumer = '1234-111-23-90') LIMIT 1
Params: []

2015-08-06T23:55:57+07:00 INFO (6): 
Elapsed Secs: 0.00049
Query: DESCRIBE `pinjaman`
Params: []

2015-08-06T23:55:57+07:00 INFO (6): 
Elapsed Secs: 0.00019
Query: SELECT `pinjaman`.* FROM `pinjaman` WHERE (nik_costumer = '1234-111-23-90') LIMIT 1
Params: []

2015-08-06T23:56:54+07:00 INFO (6): 
Elapsed Secs: 0.00035
Query: connect
Params: []

2015-08-06T23:56:54+07:00 INFO (6): 
Elapsed Secs: 0.00108
Query: DESCRIBE `costumer`
Params: []

2015-08-06T23:56:54+07:00 INFO (6): 
Elapsed Secs: 0.00041
Query: SELECT `cos`.`nik_costumer`, `cos`.`nama`, `cos`.`alamat`, `cos`.`jenis_kelamin`, `cos`.`tempat_lahir`, `cos`.`tanggal_lahir`, `cos`.`nama_ibu`, `cos`.`agama`, `cos`.`status`, `cos`.`pekerjaan`, `cos`.`alamat_tempat_kerja`, `cos`.`hp`, `cos`.`telpon`, `us`.`realname` FROM `costumer` AS `cos`
 INNER JOIN `user` AS `us` ON cos.id_user=us.id_user
 INNER JOIN `cabang` AS `cb` ON us.id_cabang = cb.id_cabang WHERE (cos.id_cabang = '001')
Params: []

2015-08-06T23:56:58+07:00 INFO (6): 
Elapsed Secs: 0.00029
Query: connect
Params: []

2015-08-06T23:56:58+07:00 INFO (6): 
Elapsed Secs: 0.00064
Query: DESCRIBE `costumer`
Params: []

2015-08-06T23:56:58+07:00 INFO (6): 
Elapsed Secs: 0.00026
Query: SELECT `cos`.`nik_costumer`, `cos`.`nama`, `cos`.`alamat`, `cos`.`jenis_kelamin`, `cos`.`tempat_lahir`, `cos`.`tanggal_lahir`, `cos`.`nama_ibu`, `cos`.`agama`, `cos`.`status`, `cos`.`pekerjaan`, `cos`.`alamat_tempat_kerja`, `cos`.`hp`, `cos`.`telpon`, `us`.`realname`, `cb`.`cabang` FROM `costumer` AS `cos`
 INNER JOIN `user` AS `us` ON cos.id_user=us.id_user
 INNER JOIN `cabang` AS `cb` ON us.id_cabang = cb.id_cabang WHERE (cos.nik_costumer = '1234-111-23-90')
Params: []

2015-08-06T23:56:58+07:00 INFO (6): 
Elapsed Secs: 0.00023
Query: connect
Params: []

2015-08-06T23:56:58+07:00 INFO (6): 
Elapsed Secs: 0.0002
Query: SELECT `penj`.* FROM `costumer` AS `cos`
 INNER JOIN `penjamin` AS `penj` ON penj.nik_costumer = cos.nik_costumer WHERE (cos.nik_costumer = '1234-111-23-90')
Params: []

2015-08-06T23:56:58+07:00 INFO (6): 
Elapsed Secs: 0.00051
Query: DESCRIBE `kendaraan`
Params: []

2015-08-06T23:56:58+07:00 INFO (6): 
Elapsed Secs: 0.00018
Query: SELECT `kendaraan`.* FROM `kendaraan` WHERE (nik_costumer = '1234-111-23-90') LIMIT 1
Params: []

2015-08-06T23:56:58+07:00 INFO (6): 
Elapsed Secs: 0.0005
Query: DESCRIBE `pinjaman`
Params: []

2015-08-06T23:56:58+07:00 INFO (6): 
Elapsed Secs: 0.00019
Query: SELECT `pinjaman`.* FROM `pinjaman` WHERE (nik_costumer = '1234-111-23-90') LIMIT 1
Params: []

2015-08-06T23:57:12+07:00 INFO (6): 
Elapsed Secs: 0.00029
Query: connect
Params: []

2015-08-06T23:57:12+07:00 INFO (6): 
Elapsed Secs: 0.00057
Query: DESCRIBE `costumer`
Params: []

2015-08-06T23:57:12+07:00 INFO (6): 
Elapsed Secs: 0.00024
Query: SELECT `cos`.`nik_costumer`, `cos`.`nama`, `cos`.`alamat`, `cos`.`jenis_kelamin`, `cos`.`tempat_lahir`, `cos`.`tanggal_lahir`, `cos`.`nama_ibu`, `cos`.`agama`, `cos`.`status`, `cos`.`pekerjaan`, `cos`.`alamat_tempat_kerja`, `cos`.`hp`, `cos`.`telpon`, `us`.`realname`, `cb`.`cabang` FROM `costumer` AS `cos`
 INNER JOIN `user` AS `us` ON cos.id_user=us.id_user
 INNER JOIN `cabang` AS `cb` ON us.id_cabang = cb.id_cabang WHERE (cos.nik_costumer = '1234-111-23-90')
Params: []

2015-08-06T23:57:12+07:00 INFO (6): 
Elapsed Secs: 0.00019
Query: connect
Params: []

2015-08-06T23:57:12+07:00 INFO (6): 
Elapsed Secs: 0.00017
Query: SELECT `penj`.* FROM `costumer` AS `cos`
 INNER JOIN `penjamin` AS `penj` ON penj.nik_costumer = cos.nik_costumer WHERE (cos.nik_costumer = '1234-111-23-90')
Params: []

2015-08-06T23:57:12+07:00 INFO (6): 
Elapsed Secs: 0.0004
Query: DESCRIBE `kendaraan`
Params: []

2015-08-06T23:57:12+07:00 INFO (6): 
Elapsed Secs: 0.00018
Query: SELECT `kendaraan`.* FROM `kendaraan` WHERE (nik_costumer = '1234-111-23-90') LIMIT 1
Params: []

2015-08-06T23:57:12+07:00 INFO (6): 
Elapsed Secs: 0.00051
Query: DESCRIBE `pinjaman`
Params: []

2015-08-06T23:57:12+07:00 INFO (6): 
Elapsed Secs: 0.00017
Query: SELECT `pinjaman`.* FROM `pinjaman` WHERE (nik_costumer = '1234-111-23-90') LIMIT 1
Params: []

2015-08-06T23:57:42+07:00 INFO (6): 
Elapsed Secs: 0.0005
Query: connect
Params: []

2015-08-06T23:57:42+07:00 INFO (6): 
Elapsed Secs: 0.0018
Query: DESCRIBE `costumer`
Params: []

2015-08-06T23:57:42+07:00 INFO (6): 
Elapsed Secs: 0.00064
Query: SELECT `cos`.`nik_costumer`, `cos`.`nama`, `cos`.`alamat`, `cos`.`jenis_kelamin`, `cos`.`tempat_lahir`, `cos`.`tanggal_lahir`, `cos`.`nama_ibu`, `cos`.`agama`, `cos`.`status`, `cos`.`pekerjaan`, `cos`.`alamat_tempat_kerja`, `cos`.`hp`, `cos`.`telpon`, `us`.`realname`, `cb`.`cabang` FROM `costumer` AS `cos`
 INNER JOIN `user` AS `us` ON cos.id_user=us.id_user
 INNER JOIN `cabang` AS `cb` ON us.id_cabang = cb.id_cabang WHERE (cos.nik_costumer = '1234-111-23-90')
Params: []

2015-08-06T23:57:42+07:00 INFO (6): 
Elapsed Secs: 0.00043
Query: connect
Params: []

2015-08-06T23:57:42+07:00 INFO (6): 
Elapsed Secs: 0.00045
Query: SELECT `penj`.* FROM `costumer` AS `cos`
 INNER JOIN `penjamin` AS `penj` ON penj.nik_costumer = cos.nik_costumer WHERE (cos.nik_costumer = '1234-111-23-90')
Params: []

2015-08-06T23:57:42+07:00 INFO (6): 
Elapsed Secs: 0.00114
Query: DESCRIBE `kendaraan`
Params: []

2015-08-06T23:57:42+07:00 INFO (6): 
Elapsed Secs: 0.00025
Query: SELECT `kendaraan`.* FROM `kendaraan` WHERE (nik_costumer = '1234-111-23-90') LIMIT 1
Params: []

2015-08-06T23:57:42+07:00 INFO (6): 
Elapsed Secs: 0.00075
Query: DESCRIBE `pinjaman`
Params: []

2015-08-06T23:57:42+07:00 INFO (6): 
Elapsed Secs: 0.00024
Query: SELECT `pinjaman`.* FROM `pinjaman` WHERE (nik_costumer = '1234-111-23-90') LIMIT 1
Params: []

2015-08-06T23:57:48+07:00 INFO (6): 
Elapsed Secs: 0.00027
Query: connect
Params: []

2015-08-06T23:57:48+07:00 INFO (6): 
Elapsed Secs: 0.00052
Query: DESCRIBE `kendaraan`
Params: []

2015-08-06T23:57:48+07:00 INFO (6): 
Elapsed Secs: 0.00028
Query: connect
Params: []

2015-08-06T23:57:48+07:00 INFO (6): 
Elapsed Secs: 0.00023
Query: SELECT `ken`.`no_polisi`, `ken`.`nik_costumer` FROM `kendaraan` AS `ken`
 INNER JOIN `costumer` AS `cos` ON cos.nik_costumer = ken.nik_costumer
 INNER JOIN `penjamin` AS `pen` ON cos.nik_costumer = pen.nik_costumer WHERE (ken.status != 'kredit')
Params: []

2015-08-06T23:57:49+07:00 INFO (6): 
Elapsed Secs: 0.00028
Query: connect
Params: []

2015-08-06T23:57:49+07:00 INFO (6): 
Elapsed Secs: 0.00057
Query: DESCRIBE `kendaraan`
Params: []

2015-08-06T23:57:49+07:00 INFO (6): 
Elapsed Secs: 0.00024
Query: connect
Params: []

2015-08-06T23:57:49+07:00 INFO (6): 
Elapsed Secs: 0.00026
Query: SELECT `ken`.`no_polisi`, `ken`.`nik_costumer` FROM `kendaraan` AS `ken`
 INNER JOIN `costumer` AS `cos` ON cos.nik_costumer = ken.nik_costumer
 INNER JOIN `penjamin` AS `pen` ON cos.nik_costumer = pen.nik_costumer WHERE (ken.status != 'kredit')
Params: []

2015-08-06T23:57:49+07:00 INFO (6): 
Elapsed Secs: 0.00015
Query: SELECT `cos`.`nik_costumer`, `cos`.`nama` FROM `kendaraan` AS `ken`
 INNER JOIN `costumer` AS `cos` ON cos.nik_costumer = ken.nik_costumer WHERE (ken.no_polisi = '123')
Params: []

2015-08-06T23:57:49+07:00 INFO (6): 
Elapsed Secs: 0.00045
Query: DESCRIBE `pinjaman`
Params: []

2015-08-06T23:57:49+07:00 INFO (6): 
Elapsed Secs: 0.00017
Query: SELECT `pinjaman`.* FROM `pinjaman` WHERE (nik_costumer ='1234-111-23-90') LIMIT 1
Params: []

2015-08-06T23:57:49+07:00 INFO (6): 
Elapsed Secs: 0.00015
Query: SELECT `pinjaman`.`id_pinjaman` FROM `pinjaman` ORDER BY `id_pinjaman` desc
Params: []

2015-08-06T23:58:45+07:00 INFO (6): 
Elapsed Secs: 0.0011
Query: connect
Params: []

2015-08-06T23:58:45+07:00 INFO (6): 
Elapsed Secs: 0.00054
Query: DESCRIBE `kendaraan`
Params: []

2015-08-06T23:58:45+07:00 INFO (6): 
Elapsed Secs: 0.00026
Query: connect
Params: []

2015-08-06T23:58:45+07:00 INFO (6): 
Elapsed Secs: 0.00031
Query: SELECT `ken`.`no_polisi`, `ken`.`nik_costumer` FROM `kendaraan` AS `ken`
 INNER JOIN `costumer` AS `cos` ON cos.nik_costumer = ken.nik_costumer
 INNER JOIN `penjamin` AS `pen` ON cos.nik_costumer = pen.nik_costumer WHERE (ken.status != 'kredit')
Params: []

2015-08-06T23:58:45+07:00 INFO (6): 
Elapsed Secs: 0.0002
Query: SELECT `cos`.`nik_costumer`, `cos`.`nama` FROM `kendaraan` AS `ken`
 INNER JOIN `costumer` AS `cos` ON cos.nik_costumer = ken.nik_costumer WHERE (ken.no_polisi = '123')
Params: []

2015-08-06T23:58:45+07:00 INFO (6): 
Elapsed Secs: 0.00058
Query: DESCRIBE `pinjaman`
Params: []

2015-08-06T23:58:45+07:00 INFO (6): 
Elapsed Secs: 0.00017
Query: SELECT `pinjaman`.* FROM `pinjaman` WHERE (nik_costumer ='1234-111-23-90') LIMIT 1
Params: []

2015-08-06T23:58:45+07:00 INFO (6): 
Elapsed Secs: 0.00011
Query: SELECT `pinjaman`.`id_pinjaman` FROM `pinjaman` ORDER BY `id_pinjaman` desc
Params: []

2015-08-06T23:58:47+07:00 INFO (6): 
Elapsed Secs: 0.0003
Query: connect
Params: []

2015-08-06T23:58:47+07:00 INFO (6): 
Elapsed Secs: 0.00092
Query: DESCRIBE `kendaraan`
Params: []

2015-08-06T23:58:47+07:00 INFO (6): 
Elapsed Secs: 0.0003
Query: connect
Params: []

2015-08-06T23:58:47+07:00 INFO (6): 
Elapsed Secs: 0.00033
Query: SELECT `ken`.`no_polisi`, `ken`.`nik_costumer` FROM `kendaraan` AS `ken`
 INNER JOIN `costumer` AS `cos` ON cos.nik_costumer = ken.nik_costumer
 INNER JOIN `penjamin` AS `pen` ON cos.nik_costumer = pen.nik_costumer WHERE (ken.status != 'kredit')
Params: []

2015-08-06T23:58:54+07:00 INFO (6): 
Elapsed Secs: 0.00029
Query: connect
Params: []

2015-08-06T23:58:54+07:00 INFO (6): 
Elapsed Secs: 0.00063
Query: DESCRIBE `costumer`
Params: []

2015-08-06T23:58:54+07:00 INFO (6): 
Elapsed Secs: 0.0003
Query: SELECT `cos`.`nik_costumer`, `cos`.`nama`, `cos`.`alamat`, `cos`.`jenis_kelamin`, `cos`.`tempat_lahir`, `cos`.`tanggal_lahir`, `cos`.`nama_ibu`, `cos`.`agama`, `cos`.`status`, `cos`.`pekerjaan`, `cos`.`alamat_tempat_kerja`, `cos`.`hp`, `cos`.`telpon`, `us`.`realname` FROM `costumer` AS `cos`
 INNER JOIN `user` AS `us` ON cos.id_user=us.id_user
 INNER JOIN `cabang` AS `cb` ON us.id_cabang = cb.id_cabang WHERE (cos.id_cabang = '001')
Params: []

2015-08-06T23:58:55+07:00 INFO (6): 
Elapsed Secs: 0.00027
Query: connect
Params: []

2015-08-06T23:58:55+07:00 INFO (6): 
Elapsed Secs: 0.00082
Query: DESCRIBE `costumer`
Params: []

2015-08-06T23:58:55+07:00 INFO (6): 
Elapsed Secs: 0.00026
Query: SELECT `cos`.`nik_costumer`, `cos`.`nama`, `cos`.`alamat`, `cos`.`jenis_kelamin`, `cos`.`tempat_lahir`, `cos`.`tanggal_lahir`, `cos`.`nama_ibu`, `cos`.`agama`, `cos`.`status`, `cos`.`pekerjaan`, `cos`.`alamat_tempat_kerja`, `cos`.`hp`, `cos`.`telpon`, `us`.`realname`, `cb`.`cabang` FROM `costumer` AS `cos`
 INNER JOIN `user` AS `us` ON cos.id_user=us.id_user
 INNER JOIN `cabang` AS `cb` ON us.id_cabang = cb.id_cabang WHERE (cos.nik_costumer = '1234-111-23-90')
Params: []

2015-08-06T23:58:55+07:00 INFO (6): 
Elapsed Secs: 0.00025
Query: connect
Params: []

2015-08-06T23:58:55+07:00 INFO (6): 
Elapsed Secs: 0.00023
Query: SELECT `penj`.* FROM `costumer` AS `cos`
 INNER JOIN `penjamin` AS `penj` ON penj.nik_costumer = cos.nik_costumer WHERE (cos.nik_costumer = '1234-111-23-90')
Params: []

2015-08-06T23:58:55+07:00 INFO (6): 
Elapsed Secs: 0.00058
Query: DESCRIBE `kendaraan`
Params: []

2015-08-06T23:58:55+07:00 INFO (6): 
Elapsed Secs: 0.00017
Query: SELECT `kendaraan`.* FROM `kendaraan` WHERE (nik_costumer = '1234-111-23-90') LIMIT 1
Params: []

2015-08-06T23:58:55+07:00 INFO (6): 
Elapsed Secs: 0.00053
Query: DESCRIBE `pinjaman`
Params: []

2015-08-06T23:58:55+07:00 INFO (6): 
Elapsed Secs: 0.00018
Query: SELECT `pinjaman`.* FROM `pinjaman` WHERE (nik_costumer = '1234-111-23-90') LIMIT 1
Params: []

2015-08-06T23:59:03+07:00 INFO (6): 
Elapsed Secs: 0.00155
Query: connect
Params: []

2015-08-06T23:59:03+07:00 INFO (6): 
Elapsed Secs: 0.00066
Query: DESCRIBE `cabang`
Params: []

2015-08-06T23:59:03+07:00 INFO (6): 
Elapsed Secs: 0.0002
Query: SELECT `cabang`.* FROM `cabang` WHERE (id_cabang = '001' ) LIMIT 1
Params: []

2015-08-06T23:59:03+07:00 INFO (6): 
Elapsed Secs: 0.00059
Query: DESCRIBE `pinjaman`
Params: []

2015-08-06T23:59:03+07:00 INFO (6): 
Elapsed Secs: 0.00034
Query: SELECT `pin`.*, `cos`.`nama` FROM `pinjaman` AS `pin`
 INNER JOIN `costumer` AS `cos` ON pin.nik_costumer = cos.nik_costumer
 INNER JOIN `user` AS `us` ON cos.id_user = us.id_user
 INNER JOIN `cabang` AS `cb` ON us.id_cabang = cb.id_cabang WHERE (us.id_user = '16') OR (cb.id_cabang = '001')
Params: []

2015-08-06T23:59:03+07:00 INFO (6): 
Elapsed Secs: 0.00054
Query: DESCRIBE `spb`
Params: []

2015-08-06T23:59:03+07:00 INFO (6): 
Elapsed Secs: 0.00018
Query: SELECT `spb`.* FROM `spb` WHERE (no_kontrak = '001-MD-00167-15') LIMIT 1
Params: []

2015-08-06T23:59:03+07:00 INFO (6): 
Elapsed Secs: 0.00019
Query: SELECT `spb`.* FROM `spb` WHERE (no_kontrak = '001-MF-00164-15') LIMIT 1
Params: []

2015-08-06T23:59:03+07:00 INFO (6): 
Elapsed Secs: 0.00013
Query: SELECT `spb`.* FROM `spb` WHERE (no_kontrak = '001-MF-00166-15') LIMIT 1
Params: []

2015-08-06T23:59:03+07:00 INFO (6): 
Elapsed Secs: 0.00012
Query: SELECT `spb`.* FROM `spb` WHERE (no_kontrak = '001-MF-00168-15') LIMIT 1
Params: []

2015-08-06T23:59:31+07:00 INFO (6): 
Elapsed Secs: 0.00023
Query: connect
Params: []

2015-08-06T23:59:31+07:00 INFO (6): 
Elapsed Secs: 0.00052
Query: DESCRIBE `cabang`
Params: []

2015-08-06T23:59:31+07:00 INFO (6): 
Elapsed Secs: 0.00015
Query: SELECT `cabang`.* FROM `cabang` WHERE (id_cabang = '001' ) LIMIT 1
Params: []

2015-08-06T23:59:31+07:00 INFO (6): 
Elapsed Secs: 0.00042
Query: DESCRIBE `pinjaman`
Params: []

2015-08-06T23:59:31+07:00 INFO (6): 
Elapsed Secs: 0.00028
Query: SELECT `pin`.*, `cos`.`nama` FROM `pinjaman` AS `pin`
 INNER JOIN `costumer` AS `cos` ON pin.nik_costumer = cos.nik_costumer
 INNER JOIN `user` AS `us` ON cos.id_user = us.id_user
 INNER JOIN `cabang` AS `cb` ON us.id_cabang = cb.id_cabang WHERE (us.id_user = '16') OR (cb.id_cabang = '001')
Params: []

2015-08-06T23:59:31+07:00 INFO (6): 
Elapsed Secs: 0.00037
Query: DESCRIBE `spb`
Params: []

2015-08-06T23:59:31+07:00 INFO (6): 
Elapsed Secs: 0.00015
Query: SELECT `spb`.* FROM `spb` WHERE (no_kontrak = '001-MD-00167-15') LIMIT 1
Params: []

2015-08-06T23:59:31+07:00 INFO (6): 
Elapsed Secs: 0.00015
Query: SELECT `spb`.* FROM `spb` WHERE (no_kontrak = '001-MF-00164-15') LIMIT 1
Params: []

2015-08-06T23:59:31+07:00 INFO (6): 
Elapsed Secs: 9.0E-5
Query: SELECT `spb`.* FROM `spb` WHERE (no_kontrak = '001-MF-00166-15') LIMIT 1
Params: []

2015-08-06T23:59:31+07:00 INFO (6): 
Elapsed Secs: 7.0E-5
Query: SELECT `spb`.* FROM `spb` WHERE (no_kontrak = '001-MF-00168-15') LIMIT 1
Params: []

