2015-08-09T22:20:39+07:00 INFO (6): 
Elapsed Secs: 0.09571
Query: connect
Params: []

2015-08-09T22:20:39+07:00 INFO (6): 
Elapsed Secs: 0.00076
Query: DESCRIBE `user`
Params: []

2015-08-09T22:20:39+07:00 INFO (6): 
Elapsed Secs: 0.00023
Query: connect
Params: []

2015-08-09T22:20:39+07:00 INFO (6): 
Elapsed Secs: 0.02334
Query: SELECT `user`.*, `cabang`.* FROM `user`
 INNER JOIN `cabang` ON cabang.id_cabang = user.id_cabang WHERE (user.username = 'admin') AND (user.password = 'd033e22ae348aeb5660fc2140aec35850c4da997')
Params: []

2015-08-09T22:20:39+07:00 INFO (6): 
Elapsed Secs: 0.00025
Query: SELECT `user`.*, `user_login`.*, `cabang`.* FROM `user`
 INNER JOIN `user_login` ON user_login.id_user = user.id_user
 INNER JOIN `cabang` ON cabang.id_cabang = user.id_cabang WHERE (user.id_user = '16')
Params: []

2015-08-09T22:20:39+07:00 INFO (6): 
Elapsed Secs: 0.0871
Query: UPDATE `user_login` SET `last_login` = ?, `login_time` = NOW(), `ip_login` = ?, `status` = ? WHERE (id_user = '16')
Params: {"1":"2015-08-07 10:13:14","2":"127.0.0.1","3":1}

2015-08-09T22:20:39+07:00 INFO (6): 
Elapsed Secs: 0.00034
Query: SELECT `user`.*, `user_login`.*, `cabang`.* FROM `user`
 INNER JOIN `user_login` ON user_login.id_user = user.id_user
 INNER JOIN `cabang` ON cabang.id_cabang = user.id_cabang WHERE (user.id_user = '16')
Params: []

2015-08-09T22:22:32+07:00 INFO (6): 
Elapsed Secs: 0.00107
Query: connect
Params: []

2015-08-09T22:22:32+07:00 INFO (6): 
Elapsed Secs: 0.00088
Query: DESCRIBE `penjamin`
Params: []

2015-08-09T22:22:32+07:00 INFO (6): 
Elapsed Secs: 0.00019
Query: connect
Params: []

2015-08-09T22:22:32+07:00 INFO (6): 
Elapsed Secs: 0.00034
Query: SELECT `pe`.*, `cos`.`id_cabang`, `cos`.`id_user`, `cb`.`cabang` FROM `penjamin` AS `pe`
 INNER JOIN `costumer` AS `cos` ON pe.nik_costumer = cos.nik_costumer
 INNER JOIN `user` AS `us` ON us.id_user = cos.id_user
 INNER JOIN `cabang` AS `cb` ON cb.id_cabang = cos.id_cabang WHERE (cb.id_cabang = '001')
Params: []

2015-08-09T22:22:35+07:00 INFO (6): 
Elapsed Secs: 0.0003
Query: connect
Params: []

2015-08-09T22:22:35+07:00 INFO (6): 
Elapsed Secs: 0.0012
Query: DESCRIBE `costumer`
Params: []

2015-08-09T22:22:35+07:00 INFO (6): 
Elapsed Secs: 0.00034
Query: SELECT `cos`.`nik_costumer`, `cos`.`nama`, `cos`.`alamat`, `cos`.`jenis_kelamin`, `cos`.`tempat_lahir`, `cos`.`tanggal_lahir`, `cos`.`nama_ibu`, `cos`.`agama`, `cos`.`status`, `cos`.`pekerjaan`, `cos`.`alamat_tempat_kerja`, `cos`.`hp`, `cos`.`telpon`, `us`.`realname` FROM `costumer` AS `cos`
 INNER JOIN `user` AS `us` ON cos.id_user=us.id_user
 INNER JOIN `cabang` AS `cb` ON us.id_cabang = cb.id_cabang WHERE (cos.id_cabang = '001')
Params: []

2015-08-09T22:33:30+07:00 INFO (6): 
Elapsed Secs: 0.00108
Query: connect
Params: []

2015-08-09T22:33:30+07:00 INFO (6): 
Elapsed Secs: 0.0009
Query: DESCRIBE `costumer`
Params: []

2015-08-09T22:33:30+07:00 INFO (6): 
Elapsed Secs: 0.00025
Query: SELECT `cos`.`nik_costumer`, `cos`.`nama`, `cos`.`alamat`, `cos`.`jenis_kelamin`, `cos`.`tempat_lahir`, `cos`.`tanggal_lahir`, `cos`.`nama_ibu`, `cos`.`agama`, `cos`.`status`, `cos`.`pekerjaan`, `cos`.`alamat_tempat_kerja`, `cos`.`hp`, `cos`.`telpon`, `us`.`realname` FROM `costumer` AS `cos`
 INNER JOIN `user` AS `us` ON cos.id_user=us.id_user
 INNER JOIN `cabang` AS `cb` ON us.id_cabang = cb.id_cabang WHERE (cos.id_cabang = '001')
Params: []

2015-08-09T22:33:43+07:00 INFO (6): 
Elapsed Secs: 0.00145
Query: connect
Params: []

2015-08-09T22:33:43+07:00 INFO (6): 
Elapsed Secs: 0.0012
Query: DESCRIBE `costumer`
Params: []

2015-08-09T22:33:43+07:00 INFO (6): 
Elapsed Secs: 0.00031
Query: SELECT `cos`.`nik_costumer`, `cos`.`nama`, `cos`.`alamat`, `cos`.`jenis_kelamin`, `cos`.`tempat_lahir`, `cos`.`tanggal_lahir`, `cos`.`nama_ibu`, `cos`.`agama`, `cos`.`status`, `cos`.`pekerjaan`, `cos`.`alamat_tempat_kerja`, `cos`.`hp`, `cos`.`telpon`, `us`.`realname` FROM `costumer` AS `cos`
 INNER JOIN `user` AS `us` ON cos.id_user=us.id_user
 INNER JOIN `cabang` AS `cb` ON us.id_cabang = cb.id_cabang WHERE (cos.id_cabang = '001')
Params: []

2015-08-09T22:42:31+07:00 INFO (6): 
Elapsed Secs: 0.00109
Query: connect
Params: []

2015-08-09T22:42:31+07:00 INFO (6): 
Elapsed Secs: 0.0009
Query: DESCRIBE `costumer`
Params: []

2015-08-09T22:42:31+07:00 INFO (6): 
Elapsed Secs: 0.00025
Query: SELECT `cos`.`nik_costumer`, `cos`.`nama`, `cos`.`alamat`, `cos`.`jenis_kelamin`, `cos`.`tempat_lahir`, `cos`.`tanggal_lahir`, `cos`.`nama_ibu`, `cos`.`agama`, `cos`.`status`, `cos`.`pekerjaan`, `cos`.`alamat_tempat_kerja`, `cos`.`hp`, `cos`.`telpon`, `us`.`realname` FROM `costumer` AS `cos`
 INNER JOIN `user` AS `us` ON cos.id_user=us.id_user
 INNER JOIN `cabang` AS `cb` ON us.id_cabang = cb.id_cabang WHERE (cos.id_cabang = '001')
Params: []

2015-08-09T22:42:59+07:00 INFO (6): 
Elapsed Secs: 0.00142
Query: connect
Params: []

2015-08-09T22:42:59+07:00 INFO (6): 
Elapsed Secs: 0.00119
Query: DESCRIBE `costumer`
Params: []

2015-08-09T22:42:59+07:00 INFO (6): 
Elapsed Secs: 0.0003
Query: SELECT `cos`.`nik_costumer`, `cos`.`nama`, `cos`.`alamat`, `cos`.`jenis_kelamin`, `cos`.`tempat_lahir`, `cos`.`tanggal_lahir`, `cos`.`nama_ibu`, `cos`.`agama`, `cos`.`status`, `cos`.`pekerjaan`, `cos`.`alamat_tempat_kerja`, `cos`.`hp`, `cos`.`telpon`, `us`.`realname` FROM `costumer` AS `cos`
 INNER JOIN `user` AS `us` ON cos.id_user=us.id_user
 INNER JOIN `cabang` AS `cb` ON us.id_cabang = cb.id_cabang WHERE (cos.id_cabang = '001')
Params: []

2015-08-09T22:43:27+07:00 INFO (6): 
Elapsed Secs: 0.0013
Query: connect
Params: []

2015-08-09T22:43:27+07:00 INFO (6): 
Elapsed Secs: 0.00094
Query: DESCRIBE `costumer`
Params: []

2015-08-09T22:43:27+07:00 INFO (6): 
Elapsed Secs: 0.00023
Query: SELECT `cos`.`nik_costumer`, `cos`.`nama`, `cos`.`alamat`, `cos`.`jenis_kelamin`, `cos`.`tempat_lahir`, `cos`.`tanggal_lahir`, `cos`.`nama_ibu`, `cos`.`agama`, `cos`.`status`, `cos`.`pekerjaan`, `cos`.`alamat_tempat_kerja`, `cos`.`hp`, `cos`.`telpon`, `us`.`realname` FROM `costumer` AS `cos`
 INNER JOIN `user` AS `us` ON cos.id_user=us.id_user
 INNER JOIN `cabang` AS `cb` ON us.id_cabang = cb.id_cabang WHERE (cos.id_cabang = '001')
Params: []

2015-08-09T22:53:52+07:00 INFO (6): 
Elapsed Secs: 0.00033
Query: connect
Params: []

2015-08-09T22:53:52+07:00 INFO (6): 
Elapsed Secs: 0.0015
Query: DESCRIBE `costumer`
Params: []

2015-08-09T22:53:52+07:00 INFO (6): 
Elapsed Secs: 0.00039
Query: SELECT `cos`.`nik_costumer`, `cos`.`nama`, `cos`.`alamat`, `cos`.`jenis_kelamin`, `cos`.`tempat_lahir`, `cos`.`tanggal_lahir`, `cos`.`nama_ibu`, `cos`.`agama`, `cos`.`status`, `cos`.`pekerjaan`, `cos`.`alamat_tempat_kerja`, `cos`.`hp`, `cos`.`telpon`, `us`.`realname` FROM `costumer` AS `cos`
 INNER JOIN `user` AS `us` ON cos.id_user=us.id_user
 INNER JOIN `cabang` AS `cb` ON us.id_cabang = cb.id_cabang WHERE (cos.id_cabang = '001')
Params: []

2015-08-09T22:53:55+07:00 INFO (6): 
Elapsed Secs: 0.00029
Query: connect
Params: []

2015-08-09T22:53:55+07:00 INFO (6): 
Elapsed Secs: 0.0009
Query: DESCRIBE `costumer`
Params: []

2015-08-09T22:53:55+07:00 INFO (6): 
Elapsed Secs: 0.00028
Query: SELECT `cos`.`nik_costumer`, `cos`.`nama`, `cos`.`alamat`, `cos`.`jenis_kelamin`, `cos`.`tempat_lahir`, `cos`.`tanggal_lahir`, `cos`.`nama_ibu`, `cos`.`agama`, `cos`.`status`, `cos`.`pekerjaan`, `cos`.`alamat_tempat_kerja`, `cos`.`hp`, `cos`.`telpon`, `us`.`realname`, `cb`.`cabang` FROM `costumer` AS `cos`
 INNER JOIN `user` AS `us` ON cos.id_user=us.id_user
 INNER JOIN `cabang` AS `cb` ON us.id_cabang = cb.id_cabang WHERE (cos.nik_costumer = '1234-111-23-90')
Params: []

2015-08-09T22:53:55+07:00 INFO (6): 
Elapsed Secs: 0.00025
Query: connect
Params: []

2015-08-09T22:53:55+07:00 INFO (6): 
Elapsed Secs: 0.00019
Query: SELECT `penj`.* FROM `costumer` AS `cos`
 INNER JOIN `penjamin` AS `penj` ON penj.nik_costumer = cos.nik_costumer WHERE (cos.nik_costumer = '1234-111-23-90')
Params: []

2015-08-09T22:53:55+07:00 INFO (6): 
Elapsed Secs: 0.00071
Query: DESCRIBE `kendaraan`
Params: []

2015-08-09T22:53:55+07:00 INFO (6): 
Elapsed Secs: 0.00014
Query: SELECT `kendaraan`.* FROM `kendaraan` WHERE (nik_costumer = '1234-111-23-90') LIMIT 1
Params: []

2015-08-09T22:53:55+07:00 INFO (6): 
Elapsed Secs: 0.00069
Query: DESCRIBE `pinjaman`
Params: []

2015-08-09T22:53:55+07:00 INFO (6): 
Elapsed Secs: 0.00017
Query: SELECT `pinjaman`.* FROM `pinjaman` WHERE (nik_costumer = '1234-111-23-90') LIMIT 1
Params: []

2015-08-09T22:59:51+07:00 INFO (6): 
Elapsed Secs: 0.00142
Query: connect
Params: []

2015-08-09T22:59:51+07:00 INFO (6): 
Elapsed Secs: 0.00118
Query: DESCRIBE `costumer`
Params: []

2015-08-09T22:59:51+07:00 INFO (6): 
Elapsed Secs: 0.00031
Query: SELECT `cos`.`nik_costumer`, `cos`.`nama`, `cos`.`alamat`, `cos`.`jenis_kelamin`, `cos`.`tempat_lahir`, `cos`.`tanggal_lahir`, `cos`.`nama_ibu`, `cos`.`agama`, `cos`.`status`, `cos`.`pekerjaan`, `cos`.`alamat_tempat_kerja`, `cos`.`hp`, `cos`.`telpon`, `us`.`realname` FROM `costumer` AS `cos`
 INNER JOIN `user` AS `us` ON cos.id_user=us.id_user
 INNER JOIN `cabang` AS `cb` ON us.id_cabang = cb.id_cabang WHERE (cos.id_cabang = '001')
Params: []

