2015-07-11T18:46:26+07:00 INFO (6): 
Elapsed Secs: 0.04572
Query: connect
Params: []

2015-07-11T18:46:26+07:00 INFO (6): 
Elapsed Secs: 0.00129
Query: DESCRIBE `user`
Params: []

2015-07-11T18:46:26+07:00 INFO (6): 
Elapsed Secs: 0.00028
Query: connect
Params: []

2015-07-11T18:46:26+07:00 INFO (6): 
Elapsed Secs: 0.00034
Query: SELECT `user`.*, `cabang`.* FROM `user`
 INNER JOIN `cabang` ON cabang.id_cabang = user.id_cabang WHERE (user.username = 'admin') AND (user.password = 'd033e22ae348aeb5660fc2140aec35850c4da997')
Params: []

2015-07-11T18:46:26+07:00 INFO (6): 
Elapsed Secs: 0.0003
Query: SELECT `user`.*, `user_login`.*, `cabang`.* FROM `user`
 INNER JOIN `user_login` ON user_login.id_user = user.id_user
 INNER JOIN `cabang` ON cabang.id_cabang = user.id_cabang WHERE (user.id_user = '16')
Params: []

2015-07-11T18:46:26+07:00 INFO (6): 
Elapsed Secs: 0.09215
Query: UPDATE `user_login` SET `status` = ?, `login_time` = NOW(), `ip_login` = ?, `last_login` = ? WHERE (id_user = '16')
Params: {"1":1,"2":"127.0.0.1","3":"2015-07-06 09:27:41"}

2015-07-11T18:46:26+07:00 INFO (6): 
Elapsed Secs: 0.00032
Query: SELECT `user`.*, `user_login`.*, `cabang`.* FROM `user`
 INNER JOIN `user_login` ON user_login.id_user = user.id_user
 INNER JOIN `cabang` ON cabang.id_cabang = user.id_cabang WHERE (user.id_user = '16')
Params: []

2015-07-11T18:46:35+07:00 INFO (6): 
Elapsed Secs: 0.00103
Query: connect
Params: []

2015-07-11T18:46:35+07:00 INFO (6): 
Elapsed Secs: 0.00086
Query: DESCRIBE `cabang`
Params: []

2015-07-11T18:46:35+07:00 INFO (6): 
Elapsed Secs: 0.00021
Query: connect
Params: []

2015-07-11T18:46:35+07:00 INFO (6): 
Elapsed Secs: 0.00013
Query: SELECT `cabang`.* FROM `cabang` ORDER BY `id_cabang` desc
Params: []

2015-07-11T18:46:45+07:00 INFO (6): 
Elapsed Secs: 0.00104
Query: connect
Params: []

2015-07-11T18:46:45+07:00 INFO (6): 
Elapsed Secs: 0.00091
Query: DESCRIBE `cabang`
Params: []

2015-07-11T18:46:45+07:00 INFO (6): 
Elapsed Secs: 0.00014
Query: SELECT `cabang`.* FROM `cabang` WHERE (id_cabang = '29' ) LIMIT 1
Params: []

2015-07-11T18:46:45+07:00 INFO (6): 
Elapsed Secs: 0.00061
Query: DESCRIBE `kendaraan`
Params: []

2015-07-11T18:46:45+07:00 INFO (6): 
Elapsed Secs: 0.00017
Query: connect
Params: []

2015-07-11T18:46:45+07:00 INFO (6): 
Elapsed Secs: 0.00024
Query: SELECT `ken`.*, `cos`.`id_cabang`, `us`.`id_user`, `cb`.`cabang` FROM `kendaraan` AS `ken`
 INNER JOIN `costumer` AS `cos` ON cos.nik_costumer=ken.nik_costumer
 INNER JOIN `user` AS `us` ON us.id_user = cos.id_user
 INNER JOIN `cabang` AS `cb` ON cos.id_cabang = cb.id_cabang WHERE (us.id_user = '16') AND (cb.id_cabang = '29')
Params: []

2015-07-11T18:46:49+07:00 INFO (6): 
Elapsed Secs: 0.00023
Query: connect
Params: []

2015-07-11T18:46:49+07:00 INFO (6): 
Elapsed Secs: 0.00089
Query: DESCRIBE `costumer`
Params: []

2015-07-11T18:46:49+07:00 INFO (6): 
Elapsed Secs: 0.0002
Query: SELECT `cos`.`nik_costumer`, `cos`.`nama`, `cos`.`alamat`, `cos`.`jenis_kelamin`, `cos`.`tempat_lahir`, `cos`.`tanggal_lahir`, `cos`.`nama_ibu`, `cos`.`agama`, `cos`.`status`, `cos`.`pekerjaan`, `cos`.`alamat_tempat_kerja`, `cos`.`hp`, `cos`.`telpon`, `us`.`realname` FROM `costumer` AS `cos`
 INNER JOIN `user` AS `us` ON cos.id_user=us.id_user
 INNER JOIN `cabang` AS `cb` ON us.id_cabang = cb.id_cabang WHERE (cos.id_user = '16')
Params: []

2015-07-11T18:47:05+07:00 INFO (6): 
Elapsed Secs: 0.0011
Query: connect
Params: []

2015-07-11T18:47:05+07:00 INFO (6): 
Elapsed Secs: 0.00093
Query: DESCRIBE `costumer`
Params: []

2015-07-11T18:47:05+07:00 INFO (6): 
Elapsed Secs: 0.00026
Query: SELECT `cos`.`nik_costumer`, `cos`.`nama`, `cos`.`alamat`, `cos`.`jenis_kelamin`, `cos`.`tempat_lahir`, `cos`.`tanggal_lahir`, `cos`.`nama_ibu`, `cos`.`agama`, `cos`.`status`, `cos`.`pekerjaan`, `cos`.`alamat_tempat_kerja`, `cos`.`hp`, `cos`.`telpon`, `us`.`realname`, `cb`.`cabang` FROM `costumer` AS `cos`
 INNER JOIN `user` AS `us` ON cos.id_user=us.id_user
 INNER JOIN `cabang` AS `cb` ON us.id_cabang = cb.id_cabang WHERE (cos.nik_costumer = '1234-111-23-90')
Params: []

2015-07-11T18:47:05+07:00 INFO (6): 
Elapsed Secs: 0.00025
Query: connect
Params: []

2015-07-11T18:47:05+07:00 INFO (6): 
Elapsed Secs: 0.00019
Query: SELECT `penj`.* FROM `costumer` AS `cos`
 INNER JOIN `penjamin` AS `penj` ON penj.nik_costumer = cos.nik_costumer WHERE (cos.nik_costumer = '1234-111-23-90')
Params: []

2015-07-11T18:47:22+07:00 INFO (6): 
Elapsed Secs: 0.00026
Query: connect
Params: []

2015-07-11T18:47:22+07:00 INFO (6): 
Elapsed Secs: 0.00107
Query: DESCRIBE `costumer`
Params: []

2015-07-11T18:47:22+07:00 INFO (6): 
Elapsed Secs: 0.00021
Query: SELECT `cos`.`nik_costumer`, `cos`.`nama`, `cos`.`alamat`, `cos`.`jenis_kelamin`, `cos`.`tempat_lahir`, `cos`.`tanggal_lahir`, `cos`.`nama_ibu`, `cos`.`agama`, `cos`.`status`, `cos`.`pekerjaan`, `cos`.`alamat_tempat_kerja`, `cos`.`hp`, `cos`.`telpon`, `us`.`realname` FROM `costumer` AS `cos`
 INNER JOIN `user` AS `us` ON cos.id_user=us.id_user
 INNER JOIN `cabang` AS `cb` ON us.id_cabang = cb.id_cabang WHERE (cos.id_user = '16')
Params: []

2015-07-11T18:47:28+07:00 INFO (6): 
Elapsed Secs: 0.00104
Query: connect
Params: []

2015-07-11T18:47:28+07:00 INFO (6): 
Elapsed Secs: 0.00113
Query: DESCRIBE `costumer`
Params: []

2015-07-11T18:47:28+07:00 INFO (6): 
Elapsed Secs: 0.00024
Query: SELECT `cos`.`id_costumer`, `cos`.`nik_costumer`, `cos`.`nama`, `cos`.`alamat`, `cos`.`jenis_kelamin`, `cos`.`tempat_lahir`, `cos`.`tanggal_lahir`, `cos`.`nama_ibu`, `cos`.`agama`, `cos`.`status`, `cos`.`pekerjaan`, `cos`.`alamat_tempat_kerja`, `cos`.`hp`, `cos`.`telpon`, `us`.`realname`, `cb`.`cabang` FROM `costumer` AS `cos`
 INNER JOIN `user` AS `us` ON cos.id_user=us.id_user
 INNER JOIN `cabang` AS `cb` ON cb.id_cabang = cos.id_cabang
Params: []

2015-07-11T18:47:35+07:00 INFO (6): 
Elapsed Secs: 0.00112
Query: connect
Params: []

2015-07-11T18:47:35+07:00 INFO (6): 
Elapsed Secs: 0.06608
Query: UPDATE `user_login` SET `status` = ? WHERE (id_user ='16')
Params: {"1":0}

2015-07-11T18:47:38+07:00 INFO (6): 
Elapsed Secs: 0.00032
Query: connect
Params: []

2015-07-11T18:47:38+07:00 INFO (6): 
Elapsed Secs: 0.00141
Query: DESCRIBE `user`
Params: []

2015-07-11T18:47:38+07:00 INFO (6): 
Elapsed Secs: 0.00028
Query: connect
Params: []

2015-07-11T18:47:38+07:00 INFO (6): 
Elapsed Secs: 0.00036
Query: SELECT `user`.*, `cabang`.* FROM `user`
 INNER JOIN `cabang` ON cabang.id_cabang = user.id_cabang WHERE (user.username = 'rendi') AND (user.password = 'd033e22ae348aeb5660fc2140aec35850c4da997')
Params: []

2015-07-11T18:47:38+07:00 INFO (6): 
Elapsed Secs: 0.00019
Query: SELECT `user`.*, `user_login`.*, `cabang`.* FROM `user`
 INNER JOIN `user_login` ON user_login.id_user = user.id_user
 INNER JOIN `cabang` ON cabang.id_cabang = user.id_cabang WHERE (user.id_user = '17')
Params: []

2015-07-11T18:47:38+07:00 INFO (6): 
Elapsed Secs: 0.11831
Query: UPDATE `user_login` SET `status` = ?, `login_time` = NOW(), `ip_login` = ?, `last_login` = ? WHERE (id_user = '17')
Params: {"1":1,"2":"127.0.0.1","3":"2015-07-06 01:21:09"}

2015-07-11T18:47:38+07:00 INFO (6): 
Elapsed Secs: 0.00028
Query: SELECT `user`.*, `user_login`.*, `cabang`.* FROM `user`
 INNER JOIN `user_login` ON user_login.id_user = user.id_user
 INNER JOIN `cabang` ON cabang.id_cabang = user.id_cabang WHERE (user.id_user = '17')
Params: []

2015-07-11T18:47:44+07:00 INFO (6): 
Elapsed Secs: 0.00049
Query: connect
Params: []

2015-07-11T18:47:44+07:00 INFO (6): 
Elapsed Secs: 0.00174
Query: DESCRIBE `costumer`
Params: []

2015-07-11T18:47:44+07:00 INFO (6): 
Elapsed Secs: 0.00036
Query: SELECT `cos`.`nik_costumer`, `cos`.`nama`, `cos`.`alamat`, `cos`.`jenis_kelamin`, `cos`.`tempat_lahir`, `cos`.`tanggal_lahir`, `cos`.`nama_ibu`, `cos`.`agama`, `cos`.`status`, `cos`.`pekerjaan`, `cos`.`alamat_tempat_kerja`, `cos`.`hp`, `cos`.`telpon`, `us`.`realname` FROM `costumer` AS `cos`
 INNER JOIN `user` AS `us` ON cos.id_user=us.id_user
 INNER JOIN `cabang` AS `cb` ON us.id_cabang = cb.id_cabang WHERE (cos.id_user = '17')
Params: []

2015-07-11T18:48:13+07:00 INFO (6): 
Elapsed Secs: 0.00034
Query: connect
Params: []

2015-07-11T18:48:13+07:00 INFO (6): 
Elapsed Secs: 0.0015
Query: DESCRIBE `costumer`
Params: []

2015-07-11T18:48:13+07:00 INFO (6): 
Elapsed Secs: 0.00033
Query: SELECT `cos`.`nik_costumer`, `cos`.`nama`, `cos`.`alamat`, `cos`.`jenis_kelamin`, `cos`.`tempat_lahir`, `cos`.`tanggal_lahir`, `cos`.`nama_ibu`, `cos`.`agama`, `cos`.`status`, `cos`.`pekerjaan`, `cos`.`alamat_tempat_kerja`, `cos`.`hp`, `cos`.`telpon`, `us`.`realname`, `cb`.`cabang` FROM `costumer` AS `cos`
 INNER JOIN `user` AS `us` ON cos.id_user=us.id_user
 INNER JOIN `cabang` AS `cb` ON us.id_cabang = cb.id_cabang WHERE (cos.nik_costumer = '18129310112231')
Params: []

2015-07-11T18:48:13+07:00 INFO (6): 
Elapsed Secs: 0.00028
Query: connect
Params: []

2015-07-11T18:48:13+07:00 INFO (6): 
Elapsed Secs: 0.00027
Query: SELECT `penj`.* FROM `costumer` AS `cos`
 INNER JOIN `penjamin` AS `penj` ON penj.nik_costumer = cos.nik_costumer WHERE (cos.nik_costumer = '18129310112231')
Params: []

2015-07-11T18:48:18+07:00 INFO (6): 
Elapsed Secs: 0.00051
Query: connect
Params: []

2015-07-11T18:48:18+07:00 INFO (6): 
Elapsed Secs: 0.00261
Query: DESCRIBE `cabang`
Params: []

2015-07-11T18:48:18+07:00 INFO (6): 
Elapsed Secs: 0.00042
Query: SELECT `cabang`.* FROM `cabang` WHERE (id_cabang = '30' ) LIMIT 1
Params: []

2015-07-11T18:48:18+07:00 INFO (6): 
Elapsed Secs: 0.00236
Query: DESCRIBE `pinjaman`
Params: []

2015-07-11T18:48:18+07:00 INFO (6): 
Elapsed Secs: 0.00097
Query: SELECT `pin`.*, `cos`.`nama` FROM `pinjaman` AS `pin`
 INNER JOIN `costumer` AS `cos` ON pin.nik_costumer = cos.nik_costumer
 INNER JOIN `user` AS `us` ON cos.id_user = us.id_user
 INNER JOIN `cabang` AS `cb` ON us.id_cabang = cb.id_cabang WHERE (us.id_user = '17') OR (cb.id_cabang = '30')
Params: []

2015-07-11T18:48:18+07:00 INFO (6): 
Elapsed Secs: 0.00136
Query: DESCRIBE `spb`
Params: []

2015-07-11T18:48:18+07:00 INFO (6): 
Elapsed Secs: 0.00029
Query: SELECT `spb`.* FROM `spb` WHERE (no_kontrak = '30/MD/00156/15') LIMIT 1
Params: []

2015-07-11T18:48:18+07:00 INFO (6): 
Elapsed Secs: 0.00021
Query: SELECT `spb`.* FROM `spb` WHERE (no_kontrak = '30/MF/00155/15') LIMIT 1
Params: []

2015-07-11T18:49:01+07:00 INFO (6): 
Elapsed Secs: 0.00026
Query: connect
Params: []

2015-07-11T18:49:01+07:00 INFO (6): 
Elapsed Secs: 0.00022
Query: connect
Params: []

2015-07-11T18:49:01+07:00 INFO (6): 
Elapsed Secs: 0.00094
Query: DESCRIBE `pinjaman`
Params: []

2015-07-11T18:49:01+07:00 INFO (6): 
Elapsed Secs: 0.00016
Query: SELECT `pinjaman`.* FROM `pinjaman` WHERE (id_pinjaman ='157') LIMIT 1
Params: []

2015-07-11T18:49:01+07:00 INFO (6): 
Elapsed Secs: 0.00068
Query: DESCRIBE `spb`
Params: []

2015-07-11T18:49:01+07:00 INFO (6): 
Elapsed Secs: 0.07675
Query: INSERT INTO `spb` (`nik_costumer`, `no_kontrak`, `no_polisi`) VALUES (?, ?, ?)
Params: {"1":"18129310112231","2":"30\/MD\/00156\/15","3":"AD-5064-JI"}

2015-07-11T18:49:01+07:00 INFO (6): 
Elapsed Secs: 0.00095
Query: DESCRIBE `user`
Params: []

2015-07-11T18:49:01+07:00 INFO (6): 
Elapsed Secs: 0.00013
Query: SELECT `user`.`realname` FROM `user` WHERE (level = 'kasir') AND (user.id_cabang = '30')
Params: []

2015-07-11T18:49:01+07:00 INFO (6): 
Elapsed Secs: 0.00017
Query: SELECT `pin`.*, `pin`.`no_kontrak`, `cos`.`nama`, `ken`.`no_polisi`, `ken`.`merk`, `ken`.`tahun_pembuatan`, `ken`.`warna`, `ken`.`nama_bpkb`, `pin`.`nilai_pinjaman`, `pin`.`angsuran_perbulan`, `pin`.`lama_angsuran`, `pin`.`tanggal_jatuh_tempo` FROM `pinjaman` AS `pin`
 INNER JOIN `costumer` AS `cos` ON pin.nik_costumer = cos.nik_costumer
 INNER JOIN `user` AS `us` ON cos.id_user = us.id_user
 INNER JOIN `kendaraan` AS `ken` ON ken.no_polisi = pin.no_polisi WHERE (pin.id_pinjaman = '157')
Params: []

2015-07-11T18:49:18+07:00 INFO (6): 
Elapsed Secs: 0.00034
Query: connect
Params: []

2015-07-11T18:49:18+07:00 INFO (6): 
Elapsed Secs: 0.11238
Query: UPDATE `user_login` SET `status` = ? WHERE (id_user ='17')
Params: {"1":0}

2015-07-11T18:49:24+07:00 INFO (6): 
Elapsed Secs: 0.00036
Query: connect
Params: []

2015-07-11T18:49:24+07:00 INFO (6): 
Elapsed Secs: 0.0009
Query: DESCRIBE `user`
Params: []

2015-07-11T18:49:24+07:00 INFO (6): 
Elapsed Secs: 0.00036
Query: connect
Params: []

2015-07-11T18:49:24+07:00 INFO (6): 
Elapsed Secs: 0.00023
Query: SELECT `user`.*, `cabang`.* FROM `user`
 INNER JOIN `cabang` ON cabang.id_cabang = user.id_cabang WHERE (user.username = 'admin') AND (user.password = 'd033e22ae348aeb5660fc2140aec35850c4da997')
Params: []

2015-07-11T18:49:24+07:00 INFO (6): 
Elapsed Secs: 0.00015
Query: SELECT `user`.*, `user_login`.*, `cabang`.* FROM `user`
 INNER JOIN `user_login` ON user_login.id_user = user.id_user
 INNER JOIN `cabang` ON cabang.id_cabang = user.id_cabang WHERE (user.id_user = '16')
Params: []

2015-07-11T18:49:24+07:00 INFO (6): 
Elapsed Secs: 0.09193
Query: UPDATE `user_login` SET `status` = ?, `login_time` = NOW(), `ip_login` = ?, `last_login` = ? WHERE (id_user = '16')
Params: {"1":1,"2":"127.0.0.1","3":"2015-07-11 18:46:26"}

2015-07-11T18:49:24+07:00 INFO (6): 
Elapsed Secs: 0.00076
Query: SELECT `user`.*, `user_login`.*, `cabang`.* FROM `user`
 INNER JOIN `user_login` ON user_login.id_user = user.id_user
 INNER JOIN `cabang` ON cabang.id_cabang = user.id_cabang WHERE (user.id_user = '16')
Params: []

2015-07-11T18:49:29+07:00 INFO (6): 
Elapsed Secs: 0.00026
Query: connect
Params: []

2015-07-11T18:49:29+07:00 INFO (6): 
Elapsed Secs: 0.00112
Query: DESCRIBE `cabang`
Params: []

2015-07-11T18:49:29+07:00 INFO (6): 
Elapsed Secs: 0.00028
Query: connect
Params: []

2015-07-11T18:49:29+07:00 INFO (6): 
Elapsed Secs: 0.0002
Query: SELECT `cabang`.* FROM `cabang` ORDER BY `id_cabang` desc
Params: []

2015-07-11T18:49:34+07:00 INFO (6): 
Elapsed Secs: 0.00024
Query: connect
Params: []

2015-07-11T18:49:34+07:00 INFO (6): 
Elapsed Secs: 0.00087
Query: DESCRIBE `cabang`
Params: []

2015-07-11T18:49:34+07:00 INFO (6): 
Elapsed Secs: 0.00013
Query: SELECT `cabang`.* FROM `cabang` WHERE (id_cabang ='30') LIMIT 1
Params: []

2015-07-11T18:49:56+07:00 INFO (6): 
Elapsed Secs: 0.00113
Query: connect
Params: []

2015-07-11T18:49:56+07:00 INFO (6): 
Elapsed Secs: 0.13176
Query: UPDATE `cabang` SET `cabang` = ?, `kepala_cabang` = ?, `provinsi` = ?, `kota` = ?, `kecamatan` = ?, `alamat` = ?, `kode_pos` = ? WHERE (id_cabang = '30')
Params: {"1":"Natar","2":"Raka","3":"Lampung","4":"Lampung Selatan","5":"Natar","6":"Jl Panjang Lampung km 21 ","7":"23112  "}

2015-07-11T18:49:56+07:00 INFO (6): 
Elapsed Secs: 0.00021
Query: connect
Params: []

2015-07-11T18:49:56+07:00 INFO (6): 
Elapsed Secs: 0.00083
Query: DESCRIBE `cabang`
Params: []

2015-07-11T18:49:56+07:00 INFO (6): 
Elapsed Secs: 0.0002
Query: connect
Params: []

2015-07-11T18:49:56+07:00 INFO (6): 
Elapsed Secs: 0.00012
Query: SELECT `cabang`.* FROM `cabang` ORDER BY `id_cabang` desc
Params: []

2015-07-11T18:50:01+07:00 INFO (6): 
Elapsed Secs: 0.00027
Query: connect
Params: []

2015-07-11T18:50:01+07:00 INFO (6): 
Elapsed Secs: 0.07135
Query: UPDATE `user_login` SET `status` = ? WHERE (id_user ='16')
Params: {"1":0}

2015-07-11T18:50:05+07:00 INFO (6): 
Elapsed Secs: 0.00024
Query: connect
Params: []

2015-07-11T18:50:05+07:00 INFO (6): 
Elapsed Secs: 0.00094
Query: DESCRIBE `user`
Params: []

2015-07-11T18:50:05+07:00 INFO (6): 
Elapsed Secs: 0.00017
Query: connect
Params: []

2015-07-11T18:50:05+07:00 INFO (6): 
Elapsed Secs: 0.00022
Query: SELECT `user`.*, `cabang`.* FROM `user`
 INNER JOIN `cabang` ON cabang.id_cabang = user.id_cabang WHERE (user.username = 'rendi') AND (user.password = 'd033e22ae348aeb5660fc2140aec35850c4da997')
Params: []

2015-07-11T18:50:05+07:00 INFO (6): 
Elapsed Secs: 0.0002
Query: SELECT `user`.*, `user_login`.*, `cabang`.* FROM `user`
 INNER JOIN `user_login` ON user_login.id_user = user.id_user
 INNER JOIN `cabang` ON cabang.id_cabang = user.id_cabang WHERE (user.id_user = '17')
Params: []

2015-07-11T18:50:05+07:00 INFO (6): 
Elapsed Secs: 0.11813
Query: UPDATE `user_login` SET `status` = ?, `login_time` = NOW(), `ip_login` = ?, `last_login` = ? WHERE (id_user = '17')
Params: {"1":1,"2":"127.0.0.1","3":"2015-07-11 18:47:38"}

2015-07-11T18:50:05+07:00 INFO (6): 
Elapsed Secs: 0.00028
Query: SELECT `user`.*, `user_login`.*, `cabang`.* FROM `user`
 INNER JOIN `user_login` ON user_login.id_user = user.id_user
 INNER JOIN `cabang` ON cabang.id_cabang = user.id_cabang WHERE (user.id_user = '17')
Params: []

2015-07-11T18:50:08+07:00 INFO (6): 
Elapsed Secs: 0.00047
Query: connect
Params: []

2015-07-11T18:50:08+07:00 INFO (6): 
Elapsed Secs: 0.00232
Query: DESCRIBE `cabang`
Params: []

2015-07-11T18:50:08+07:00 INFO (6): 
Elapsed Secs: 0.00021
Query: SELECT `cabang`.* FROM `cabang` WHERE (id_cabang = '30' ) LIMIT 1
Params: []

2015-07-11T18:50:08+07:00 INFO (6): 
Elapsed Secs: 0.00109
Query: DESCRIBE `pinjaman`
Params: []

2015-07-11T18:50:08+07:00 INFO (6): 
Elapsed Secs: 0.00037
Query: SELECT `pin`.*, `cos`.`nama` FROM `pinjaman` AS `pin`
 INNER JOIN `costumer` AS `cos` ON pin.nik_costumer = cos.nik_costumer
 INNER JOIN `user` AS `us` ON cos.id_user = us.id_user
 INNER JOIN `cabang` AS `cb` ON us.id_cabang = cb.id_cabang WHERE (us.id_user = '17') OR (cb.id_cabang = '30')
Params: []

2015-07-11T18:50:08+07:00 INFO (6): 
Elapsed Secs: 0.00101
Query: DESCRIBE `spb`
Params: []

2015-07-11T18:50:08+07:00 INFO (6): 
Elapsed Secs: 0.00019
Query: SELECT `spb`.* FROM `spb` WHERE (no_kontrak = '30/MD/00156/15') LIMIT 1
Params: []

2015-07-11T18:50:08+07:00 INFO (6): 
Elapsed Secs: 0.00017
Query: SELECT `spb`.* FROM `spb` WHERE (no_kontrak = '30/MF/00155/15') LIMIT 1
Params: []

2015-07-11T18:50:10+07:00 INFO (6): 
Elapsed Secs: 0.00025
Query: connect
Params: []

2015-07-11T18:50:10+07:00 INFO (6): 
Elapsed Secs: 0.00016
Query: connect
Params: []

2015-07-11T18:50:10+07:00 INFO (6): 
Elapsed Secs: 0.0009
Query: DESCRIBE `pinjaman`
Params: []

2015-07-11T18:50:10+07:00 INFO (6): 
Elapsed Secs: 0.0002
Query: SELECT `pinjaman`.* FROM `pinjaman` WHERE (id_pinjaman ='157') LIMIT 1
Params: []

2015-07-11T18:50:10+07:00 INFO (6): 
Elapsed Secs: 0.00083
Query: DESCRIBE `spb`
Params: []

2015-07-11T18:50:10+07:00 INFO (6): 
Elapsed Secs: 0.00095
Query: DESCRIBE `user`
Params: []

2015-07-11T18:50:10+07:00 INFO (6): 
Elapsed Secs: 0.00019
Query: SELECT `user`.`realname` FROM `user` WHERE (level = 'kasir') AND (user.id_cabang = '30')
Params: []

2015-07-11T18:50:10+07:00 INFO (6): 
Elapsed Secs: 0.00021
Query: SELECT `pin`.*, `pin`.`no_kontrak`, `cos`.`nama`, `ken`.`no_polisi`, `ken`.`merk`, `ken`.`tahun_pembuatan`, `ken`.`warna`, `ken`.`nama_bpkb`, `pin`.`nilai_pinjaman`, `pin`.`angsuran_perbulan`, `pin`.`lama_angsuran`, `pin`.`tanggal_jatuh_tempo` FROM `pinjaman` AS `pin`
 INNER JOIN `costumer` AS `cos` ON pin.nik_costumer = cos.nik_costumer
 INNER JOIN `user` AS `us` ON cos.id_user = us.id_user
 INNER JOIN `kendaraan` AS `ken` ON ken.no_polisi = pin.no_polisi WHERE (pin.id_pinjaman = '157')
Params: []

2015-07-11T18:50:31+07:00 INFO (6): 
Elapsed Secs: 0.00026
Query: connect
Params: []

2015-07-11T18:50:31+07:00 INFO (6): 
Elapsed Secs: 0.02914
Query: UPDATE `user_login` SET `status` = ? WHERE (id_user ='17')
Params: {"1":0}

2015-07-11T18:50:35+07:00 INFO (6): 
Elapsed Secs: 0.00062
Query: connect
Params: []

2015-07-11T18:50:35+07:00 INFO (6): 
Elapsed Secs: 0.00115
Query: DESCRIBE `user`
Params: []

2015-07-11T18:50:35+07:00 INFO (6): 
Elapsed Secs: 0.00032
Query: connect
Params: []

2015-07-11T18:50:35+07:00 INFO (6): 
Elapsed Secs: 0.00028
Query: SELECT `user`.*, `cabang`.* FROM `user`
 INNER JOIN `cabang` ON cabang.id_cabang = user.id_cabang WHERE (user.username = 'admin') AND (user.password = 'd033e22ae348aeb5660fc2140aec35850c4da997')
Params: []

2015-07-11T18:50:35+07:00 INFO (6): 
Elapsed Secs: 0.00026
Query: SELECT `user`.*, `user_login`.*, `cabang`.* FROM `user`
 INNER JOIN `user_login` ON user_login.id_user = user.id_user
 INNER JOIN `cabang` ON cabang.id_cabang = user.id_cabang WHERE (user.id_user = '16')
Params: []

2015-07-11T18:50:35+07:00 INFO (6): 
Elapsed Secs: 0.13661
Query: UPDATE `user_login` SET `status` = ?, `login_time` = NOW(), `ip_login` = ?, `last_login` = ? WHERE (id_user = '16')
Params: {"1":1,"2":"127.0.0.1","3":"2015-07-11 18:49:24"}

2015-07-11T18:50:35+07:00 INFO (6): 
Elapsed Secs: 0.00034
Query: SELECT `user`.*, `user_login`.*, `cabang`.* FROM `user`
 INNER JOIN `user_login` ON user_login.id_user = user.id_user
 INNER JOIN `cabang` ON cabang.id_cabang = user.id_cabang WHERE (user.id_user = '16')
Params: []

2015-07-11T18:50:40+07:00 INFO (6): 
Elapsed Secs: 0.00061
Query: connect
Params: []

2015-07-11T18:50:40+07:00 INFO (6): 
Elapsed Secs: 0.00272
Query: DESCRIBE `cabang`
Params: []

2015-07-11T18:50:40+07:00 INFO (6): 
Elapsed Secs: 0.0006
Query: connect
Params: []

2015-07-11T18:50:40+07:00 INFO (6): 
Elapsed Secs: 0.00029
Query: SELECT `cabang`.* FROM `cabang` ORDER BY `id_cabang` desc
Params: []

2015-07-11T18:50:44+07:00 INFO (6): 
Elapsed Secs: 0.00031
Query: connect
Params: []

2015-07-11T18:50:44+07:00 INFO (6): 
Elapsed Secs: 0.00089
Query: DESCRIBE `user`
Params: []

2015-07-11T18:50:44+07:00 INFO (6): 
Elapsed Secs: 0.00017
Query: connect
Params: []

2015-07-11T18:50:44+07:00 INFO (6): 
Elapsed Secs: 0.00083
Query: SELECT `user`.*, `cb`.*, `cb`.`cabang` FROM `user`
 INNER JOIN `cabang` AS `cb` ON cb.id_cabang =user.id_cabang  WHERE (level != 'superadmin') ORDER BY `id_user` desc
Params: []

2015-07-11T18:50:53+07:00 INFO (6): 
Elapsed Secs: 0.00023
Query: connect
Params: []

2015-07-11T18:50:53+07:00 INFO (6): 
Elapsed Secs: 0.00015
Query: connect
Params: []

2015-07-11T18:50:53+07:00 INFO (6): 
Elapsed Secs: 0.00086
Query: DESCRIBE `user`
Params: []

2015-07-11T18:50:53+07:00 INFO (6): 
Elapsed Secs: 0.00014
Query: SELECT `user`.* FROM `user` WHERE (id_user = '18') LIMIT 1
Params: []

2015-07-11T18:50:58+07:00 INFO (6): 
Elapsed Secs: 0.00038
Query: connect
Params: []

2015-07-11T18:50:58+07:00 INFO (6): 
Elapsed Secs: 0.00163
Query: DESCRIBE `user`
Params: []

2015-07-11T18:50:58+07:00 INFO (6): 
Elapsed Secs: 0.00028
Query: connect
Params: []

2015-07-11T18:50:58+07:00 INFO (6): 
Elapsed Secs: 0.00147
Query: SELECT `user`.*, `cb`.*, `cb`.`cabang` FROM `user`
 INNER JOIN `cabang` AS `cb` ON cb.id_cabang =user.id_cabang  WHERE (level != 'superadmin') ORDER BY `id_user` desc
Params: []

2015-07-11T18:53:15+07:00 INFO (6): 
Elapsed Secs: 0.00034
Query: connect
Params: []

2015-07-11T18:53:15+07:00 INFO (6): 
Elapsed Secs: 0.0015
Query: DESCRIBE `cabang`
Params: []

2015-07-11T18:53:15+07:00 INFO (6): 
Elapsed Secs: 0.00024
Query: SELECT `cabang`.* FROM `cabang` WHERE (id_cabang = '29' ) LIMIT 1
Params: []

2015-07-11T18:53:15+07:00 INFO (6): 
Elapsed Secs: 0.00121
Query: DESCRIBE `pinjaman`
Params: []

2015-07-11T18:53:15+07:00 INFO (6): 
Elapsed Secs: 0.00042
Query: SELECT `pin`.*, `cos`.`nama` FROM `pinjaman` AS `pin`
 INNER JOIN `costumer` AS `cos` ON pin.nik_costumer = cos.nik_costumer
 INNER JOIN `user` AS `us` ON cos.id_user = us.id_user
 INNER JOIN `cabang` AS `cb` ON us.id_cabang = cb.id_cabang WHERE (us.id_user = '16') OR (cb.id_cabang = '29')
Params: []

2015-07-11T18:53:15+07:00 INFO (6): 
Elapsed Secs: 0.00121
Query: DESCRIBE `spb`
Params: []

2015-07-11T18:53:15+07:00 INFO (6): 
Elapsed Secs: 0.00022
Query: SELECT `spb`.* FROM `spb` WHERE (no_kontrak = '29/MF/00001/15') LIMIT 1
Params: []

2015-07-11T18:53:15+07:00 INFO (6): 
Elapsed Secs: 0.00023
Query: SELECT `spb`.* FROM `spb` WHERE (no_kontrak = '29/MF/00154/15') LIMIT 1
Params: []

2015-07-11T18:53:20+07:00 INFO (6): 
Elapsed Secs: 0.00026
Query: connect
Params: []

2015-07-11T18:53:20+07:00 INFO (6): 
Elapsed Secs: 0.00019
Query: connect
Params: []

2015-07-11T18:53:20+07:00 INFO (6): 
Elapsed Secs: 0.00087
Query: DESCRIBE `pinjaman`
Params: []

2015-07-11T18:53:20+07:00 INFO (6): 
Elapsed Secs: 0.00017
Query: SELECT `pinjaman`.* FROM `pinjaman` WHERE (id_pinjaman ='155') LIMIT 1
Params: []

2015-07-11T18:53:20+07:00 INFO (6): 
Elapsed Secs: 0.00066
Query: DESCRIBE `spb`
Params: []

2015-07-11T18:53:20+07:00 INFO (6): 
Elapsed Secs: 0.00203
Query: DESCRIBE `user`
Params: []

2015-07-11T18:53:20+07:00 INFO (6): 
Elapsed Secs: 0.00024
Query: SELECT `user`.`realname` FROM `user` WHERE (level = 'kasir') AND (user.id_cabang = '29')
Params: []

2015-07-11T18:53:20+07:00 INFO (6): 
Elapsed Secs: 0.00026
Query: SELECT `pin`.*, `pin`.`no_kontrak`, `cos`.`nama`, `ken`.`no_polisi`, `ken`.`merk`, `ken`.`tahun_pembuatan`, `ken`.`warna`, `ken`.`nama_bpkb`, `pin`.`nilai_pinjaman`, `pin`.`angsuran_perbulan`, `pin`.`lama_angsuran`, `pin`.`tanggal_jatuh_tempo` FROM `pinjaman` AS `pin`
 INNER JOIN `costumer` AS `cos` ON pin.nik_costumer = cos.nik_costumer
 INNER JOIN `user` AS `us` ON cos.id_user = us.id_user
 INNER JOIN `kendaraan` AS `ken` ON ken.no_polisi = pin.no_polisi WHERE (pin.id_pinjaman = '155')
Params: []

2015-07-11T18:53:24+07:00 INFO (6): 
Elapsed Secs: 0.00026
Query: connect
Params: []

2015-07-11T18:53:24+07:00 INFO (6): 
Elapsed Secs: 0.00105
Query: DESCRIBE `pinjaman`
Params: []

2015-07-11T18:53:24+07:00 INFO (6): 
Elapsed Secs: 0.00028
Query: SELECT `pin`.*, `pin`.`no_kontrak`, `cos`.`nama`, `ken`.`no_polisi`, `ken`.`merk`, `ken`.`tahun_pembuatan`, `ken`.`warna`, `ken`.`nama_bpkb`, `pin`.`nilai_pinjaman`, `pin`.`angsuran_perbulan`, `pin`.`lama_angsuran`, `pin`.`tanggal_jatuh_tempo` FROM `pinjaman` AS `pin`
 INNER JOIN `costumer` AS `cos` ON pin.nik_costumer = cos.nik_costumer
 INNER JOIN `user` AS `us` ON cos.id_user = us.id_user
 INNER JOIN `kendaraan` AS `ken` ON ken.no_polisi = pin.no_polisi WHERE (pin.id_pinjaman = '155')
Params: []

2015-07-11T18:53:24+07:00 INFO (6): 
Elapsed Secs: 0.00087
Query: DESCRIBE `user`
Params: []

2015-07-11T18:53:24+07:00 INFO (6): 
Elapsed Secs: 0.00015
Query: SELECT `user`.`realname` FROM `user` WHERE (level = 'kasir') AND (user.id_cabang = '29')
Params: []

2015-07-11T18:54:49+07:00 INFO (6): 
Elapsed Secs: 0.00021
Query: connect
Params: []

2015-07-11T18:54:49+07:00 INFO (6): 
Elapsed Secs: 0.00092
Query: DESCRIBE `pinjaman`
Params: []

2015-07-11T18:54:49+07:00 INFO (6): 
Elapsed Secs: 0.00025
Query: SELECT `pin`.*, `pin`.`no_kontrak`, `cos`.`nama`, `ken`.`no_polisi`, `ken`.`merk`, `ken`.`tahun_pembuatan`, `ken`.`warna`, `ken`.`nama_bpkb`, `pin`.`nilai_pinjaman`, `pin`.`angsuran_perbulan`, `pin`.`lama_angsuran`, `pin`.`tanggal_jatuh_tempo` FROM `pinjaman` AS `pin`
 INNER JOIN `costumer` AS `cos` ON pin.nik_costumer = cos.nik_costumer
 INNER JOIN `user` AS `us` ON cos.id_user = us.id_user
 INNER JOIN `kendaraan` AS `ken` ON ken.no_polisi = pin.no_polisi WHERE (pin.id_pinjaman = '155')
Params: []

2015-07-11T18:54:49+07:00 INFO (6): 
Elapsed Secs: 0.00083
Query: DESCRIBE `user`
Params: []

2015-07-11T18:54:49+07:00 INFO (6): 
Elapsed Secs: 0.00022
Query: SELECT `user`.`realname` FROM `user` WHERE (level = 'kasir') AND (user.id_cabang = '29')
Params: []

