2015-07-26T17:43:49+07:00 INFO (6): 
Elapsed Secs: 0.00034
Query: connect
Params: []

2015-07-26T17:43:49+07:00 INFO (6): 
Elapsed Secs: 0.00075
Query: DESCRIBE `user`
Params: []

2015-07-26T17:43:49+07:00 INFO (6): 
Elapsed Secs: 0.00021
Query: connect
Params: []

2015-07-26T17:43:49+07:00 INFO (6): 
Elapsed Secs: 0.00025
Query: SELECT `user`.*, `cabang`.* FROM `user`
 INNER JOIN `cabang` ON cabang.id_cabang = user.id_cabang WHERE (user.username = 'admin') AND (user.password = 'd033e22ae348aeb5660fc2140aec35850c4da997')
Params: []

2015-07-26T17:43:49+07:00 INFO (6): 
Elapsed Secs: 0.00017
Query: SELECT `user`.*, `user_login`.*, `cabang`.* FROM `user`
 INNER JOIN `user_login` ON user_login.id_user = user.id_user
 INNER JOIN `cabang` ON cabang.id_cabang = user.id_cabang WHERE (user.id_user = '16')
Params: []

2015-07-26T17:43:49+07:00 INFO (6): 
Elapsed Secs: 0.10456
Query: UPDATE `user_login` SET `status` = ?, `login_time` = NOW(), `ip_login` = ?, `last_login` = ? WHERE (id_user = '16')
Params: {"1":1,"2":"127.0.0.1","3":"2015-07-26 15:12:29"}

2015-07-26T17:43:49+07:00 INFO (6): 
Elapsed Secs: 0.00029
Query: SELECT `user`.*, `user_login`.*, `cabang`.* FROM `user`
 INNER JOIN `user_login` ON user_login.id_user = user.id_user
 INNER JOIN `cabang` ON cabang.id_cabang = user.id_cabang WHERE (user.id_user = '16')
Params: []

2015-07-26T17:43:55+07:00 INFO (6): 
Elapsed Secs: 0.00027
Query: connect
Params: []

2015-07-26T17:43:55+07:00 INFO (6): 
Elapsed Secs: 0.0005
Query: DESCRIBE `user`
Params: []

2015-07-26T17:43:55+07:00 INFO (6): 
Elapsed Secs: 0.00023
Query: connect
Params: []

2015-07-26T17:43:55+07:00 INFO (6): 
Elapsed Secs: 0.00069
Query: SELECT `user`.*, `cb`.*, `cb`.`cabang` FROM `user`
 INNER JOIN `cabang` AS `cb` ON cb.id_cabang =user.id_cabang  WHERE (level != 'superadmin') ORDER BY `id_user` desc
Params: []

2015-07-26T17:43:56+07:00 INFO (6): 
Elapsed Secs: 0.00028
Query: connect
Params: []

2015-07-26T17:43:56+07:00 INFO (6): 
Elapsed Secs: 0.00017
Query: connect
Params: []

2015-07-26T17:43:56+07:00 INFO (6): 
Elapsed Secs: 0.0005
Query: DESCRIBE `user`
Params: []

2015-07-26T17:43:56+07:00 INFO (6): 
Elapsed Secs: 0.00013
Query: SELECT `user`.* FROM `user` WHERE (id_user = '19') LIMIT 1
Params: []

2015-07-26T17:43:56+07:00 INFO (6): 
Elapsed Secs: 0.00038
Query: DESCRIBE `cabang`
Params: []

2015-07-26T17:43:56+07:00 INFO (6): 
Elapsed Secs: 0.00017
Query: SELECT `cabang`.* FROM `cabang` ORDER BY `id_cabang` desc
Params: []

2015-07-26T17:44:01+07:00 INFO (6): 
Elapsed Secs: 0.00029
Query: connect
Params: []

2015-07-26T17:44:01+07:00 INFO (6): 
Elapsed Secs: 0.00061
Query: DESCRIBE `cabang`
Params: []

2015-07-26T17:44:01+07:00 INFO (6): 
Elapsed Secs: 0.00018
Query: SELECT `cabang`.* FROM `cabang` WHERE (id_cabang = '29' ) LIMIT 1
Params: []

2015-07-26T17:44:01+07:00 INFO (6): 
Elapsed Secs: 0.00057
Query: DESCRIBE `pinjaman`
Params: []

2015-07-26T17:44:01+07:00 INFO (6): 
Elapsed Secs: 0.0003
Query: SELECT `pin`.*, `cos`.`nama` FROM `pinjaman` AS `pin`
 INNER JOIN `costumer` AS `cos` ON pin.nik_costumer = cos.nik_costumer
 INNER JOIN `user` AS `us` ON cos.id_user = us.id_user
 INNER JOIN `cabang` AS `cb` ON us.id_cabang = cb.id_cabang WHERE (us.id_user = '16') OR (cb.id_cabang = '29')
Params: []

2015-07-26T17:44:05+07:00 INFO (6): 
Elapsed Secs: 0.00025
Query: connect
Params: []

2015-07-26T17:44:05+07:00 INFO (6): 
Elapsed Secs: 0.00119
Query: DESCRIBE `cabang`
Params: []

2015-07-26T17:44:05+07:00 INFO (6): 
Elapsed Secs: 0.00029
Query: SELECT `cabang`.* FROM `cabang` WHERE (id_cabang = '29' ) LIMIT 1
Params: []

2015-07-26T17:44:05+07:00 INFO (6): 
Elapsed Secs: 0.00097
Query: DESCRIBE `pinjaman`
Params: []

2015-07-26T17:44:05+07:00 INFO (6): 
Elapsed Secs: 0.0005
Query: SELECT `pin`.*, `cos`.`nama`, `cb`.`cabang` FROM `pinjaman` AS `pin`
 INNER JOIN `costumer` AS `cos` ON pin.nik_costumer = cos.nik_costumer
 INNER JOIN `user` AS `us` ON cos.id_user = us.id_user
 INNER JOIN `cabang` AS `cb` ON us.id_cabang = cb.id_cabang
Params: []

2015-07-26T17:44:05+07:00 INFO (6): 
Elapsed Secs: 0.00083
Query: DESCRIBE `spb`
Params: []

2015-07-26T17:44:05+07:00 INFO (6): 
Elapsed Secs: 0.00023
Query: SELECT `spb`.* FROM `spb` WHERE (no_kontrak = '29-MD-00162-15') LIMIT 1
Params: []

2015-07-26T17:44:13+07:00 INFO (6): 
Elapsed Secs: 0.00026
Query: connect
Params: []

2015-07-26T17:44:13+07:00 INFO (6): 
Elapsed Secs: 0.00057
Query: DESCRIBE `pinjaman`
Params: []

2015-07-26T17:44:13+07:00 INFO (6): 
Elapsed Secs: 0.00019
Query: SELECT `pinjaman`.* FROM `pinjaman` WHERE (id_pinjaman ='163') LIMIT 1
Params: []

2015-07-26T17:44:13+07:00 INFO (6): 
Elapsed Secs: 0.00064
Query: DESCRIBE `kendaraan`
Params: []

2015-07-26T17:44:13+07:00 INFO (6): 
Elapsed Secs: 0.00027
Query: connect
Params: []

2015-07-26T17:44:13+07:00 INFO (6): 
Elapsed Secs: 0.00022
Query: SELECT `cos`.`nik_costumer`, `cos`.`nama` FROM `kendaraan` AS `ken`
 INNER JOIN `costumer` AS `cos` ON cos.nik_costumer = ken.nik_costumer WHERE (ken.no_polisi = 'AD-5064-JI')
Params: []

2015-07-26T17:44:15+07:00 INFO (6): 
Elapsed Secs: 0.00036
Query: connect
Params: []

2015-07-26T17:44:15+07:00 INFO (6): 
Elapsed Secs: 0.00109
Query: DESCRIBE `cabang`
Params: []

2015-07-26T17:44:15+07:00 INFO (6): 
Elapsed Secs: 0.00023
Query: SELECT `cabang`.* FROM `cabang` WHERE (id_cabang = '29' ) LIMIT 1
Params: []

2015-07-26T17:44:15+07:00 INFO (6): 
Elapsed Secs: 0.00073
Query: DESCRIBE `pinjaman`
Params: []

2015-07-26T17:44:15+07:00 INFO (6): 
Elapsed Secs: 0.00024
Query: SELECT `pin`.*, `cos`.`nama` FROM `pinjaman` AS `pin`
 INNER JOIN `costumer` AS `cos` ON pin.nik_costumer = cos.nik_costumer
 INNER JOIN `user` AS `us` ON cos.id_user = us.id_user
 INNER JOIN `cabang` AS `cb` ON us.id_cabang = cb.id_cabang WHERE (us.id_user = '16') OR (cb.id_cabang = '29')
Params: []

