2015-07-05T23:00:00+07:00 INFO (6): 
Elapsed Secs: 0.00106
Query: connect
Params: []

2015-07-05T23:00:00+07:00 INFO (6): 
Elapsed Secs: 0.00037
Query: DESCRIBE `penjamin`
Params: []

2015-07-05T23:00:00+07:00 INFO (6): 
Elapsed Secs: 0.00017
Query: connect
Params: []

2015-07-05T23:00:00+07:00 INFO (6): 
Elapsed Secs: 0.00022
Query: SELECT `pe`.*, `cos`.`id_cabang`, `cos`.`id_user`, `cb`.`cabang` FROM `penjamin` AS `pe`
 INNER JOIN `costumer` AS `cos` ON pe.nik_costumer = cos.nik_costumer
 INNER JOIN `user` AS `us` ON us.id_user = cos.id_user
 INNER JOIN `cabang` AS `cb` ON cb.id_cabang = cos.id_cabang WHERE (us.id_user= '16') AND (cb.id_cabang = '29')
Params: []

2015-07-05T23:00:09+07:00 INFO (6): 
Elapsed Secs: 0.0003
Query: connect
Params: []

2015-07-05T23:00:09+07:00 INFO (6): 
Elapsed Secs: 0.00043
Query: DESCRIBE `penjamin`
Params: []

2015-07-05T23:00:09+07:00 INFO (6): 
Elapsed Secs: 0.00021
Query: connect
Params: []

2015-07-05T23:00:09+07:00 INFO (6): 
Elapsed Secs: 0.00027
Query: SELECT `pe`.*, `cos`.`id_cabang`, `cos`.`id_user`, `cb`.`cabang` FROM `penjamin` AS `pe`
 INNER JOIN `costumer` AS `cos` ON pe.nik_costumer = cos.nik_costumer
 INNER JOIN `user` AS `us` ON us.id_user = cos.id_user
 INNER JOIN `cabang` AS `cb` ON cb.id_cabang = cos.id_cabang
Params: []

2015-07-05T23:00:25+07:00 INFO (6): 
Elapsed Secs: 0.00027
Query: connect
Params: []

2015-07-05T23:00:25+07:00 INFO (6): 
Elapsed Secs: 0.00051
Query: DESCRIBE `penjamin`
Params: []

2015-07-05T23:00:25+07:00 INFO (6): 
Elapsed Secs: 0.00047
Query: SELECT `penjamin`.* FROM `penjamin` WHERE (nik_costumer ='11-212-31231211') LIMIT 1
Params: []

2015-07-05T23:00:28+07:00 INFO (6): 
Elapsed Secs: 0.00026
Query: connect
Params: []

2015-07-05T23:00:28+07:00 INFO (6): 
Elapsed Secs: 0.00045
Query: DESCRIBE `penjamin`
Params: []

2015-07-05T23:00:28+07:00 INFO (6): 
Elapsed Secs: 0.00018
Query: connect
Params: []

2015-07-05T23:00:28+07:00 INFO (6): 
Elapsed Secs: 0.00022
Query: SELECT `pe`.*, `cos`.`id_cabang`, `cos`.`id_user`, `cb`.`cabang` FROM `penjamin` AS `pe`
 INNER JOIN `costumer` AS `cos` ON pe.nik_costumer = cos.nik_costumer
 INNER JOIN `user` AS `us` ON us.id_user = cos.id_user
 INNER JOIN `cabang` AS `cb` ON cb.id_cabang = cos.id_cabang
Params: []

2015-07-05T23:00:39+07:00 INFO (6): 
Elapsed Secs: 0.0002
Query: connect
Params: []

2015-07-05T23:00:39+07:00 INFO (6): 
Elapsed Secs: 0.00043
Query: DESCRIBE `penjamin`
Params: []

2015-07-05T23:00:39+07:00 INFO (6): 
Elapsed Secs: 0.00014
Query: connect
Params: []

2015-07-05T23:00:39+07:00 INFO (6): 
Elapsed Secs: 0.00023
Query: SELECT `pe`.*, `cos`.`id_cabang`, `cos`.`id_user`, `cb`.`cabang` FROM `penjamin` AS `pe`
 INNER JOIN `costumer` AS `cos` ON pe.nik_costumer = cos.nik_costumer
 INNER JOIN `user` AS `us` ON us.id_user = cos.id_user
 INNER JOIN `cabang` AS `cb` ON cb.id_cabang = cos.id_cabang WHERE (us.id_user= '16') AND (cb.id_cabang = '29')
Params: []

2015-07-05T23:00:42+07:00 INFO (6): 
Elapsed Secs: 0.00025
Query: connect
Params: []

2015-07-05T23:00:42+07:00 INFO (6): 
Elapsed Secs: 0.00042
Query: DESCRIBE `penjamin`
Params: []

2015-07-05T23:00:42+07:00 INFO (6): 
Elapsed Secs: 0.0002
Query: connect
Params: []

2015-07-05T23:00:42+07:00 INFO (6): 
Elapsed Secs: 0.00025
Query: SELECT `pe`.*, `cos`.`id_cabang`, `cos`.`id_user`, `cb`.`cabang` FROM `penjamin` AS `pe`
 INNER JOIN `costumer` AS `cos` ON pe.nik_costumer = cos.nik_costumer
 INNER JOIN `user` AS `us` ON us.id_user = cos.id_user
 INNER JOIN `cabang` AS `cb` ON cb.id_cabang = cos.id_cabang
Params: []

2015-07-05T23:00:43+07:00 INFO (6): 
Elapsed Secs: 0.00021
Query: connect
Params: []

2015-07-05T23:00:43+07:00 INFO (6): 
Elapsed Secs: 0.00058
Query: DESCRIBE `penjamin`
Params: []

2015-07-05T23:00:43+07:00 INFO (6): 
Elapsed Secs: 0.00026
Query: SELECT `pe`.* FROM `penjamin` AS `pe`
 INNER JOIN `costumer` AS `cos` ON pe.nik_costumer = cos.nik_costumer WHERE (pe.id_penjamin = '5')
Params: []

2015-07-05T23:01:07+07:00 INFO (6): 
Elapsed Secs: 0.00038
Query: connect
Params: []

2015-07-05T23:01:07+07:00 INFO (6): 
Elapsed Secs: 0.00042
Query: DESCRIBE `penjamin`
Params: []

2015-07-05T23:01:07+07:00 INFO (6): 
Elapsed Secs: 0.00018
Query: SELECT `pe`.* FROM `penjamin` AS `pe`
 INNER JOIN `costumer` AS `cos` ON pe.nik_costumer = cos.nik_costumer WHERE (pe.id_penjamin = '5')
Params: []

2015-07-05T23:01:15+07:00 INFO (6): 
Elapsed Secs: 0.0003
Query: connect
Params: []

2015-07-05T23:01:15+07:00 INFO (6): 
Elapsed Secs: 0.00045
Query: DESCRIBE `penjamin`
Params: []

2015-07-05T23:01:15+07:00 INFO (6): 
Elapsed Secs: 0.0002
Query: connect
Params: []

2015-07-05T23:01:15+07:00 INFO (6): 
Elapsed Secs: 0.00032
Query: SELECT `pe`.*, `cos`.`id_cabang`, `cos`.`id_user`, `cb`.`cabang` FROM `penjamin` AS `pe`
 INNER JOIN `costumer` AS `cos` ON pe.nik_costumer = cos.nik_costumer
 INNER JOIN `user` AS `us` ON us.id_user = cos.id_user
 INNER JOIN `cabang` AS `cb` ON cb.id_cabang = cos.id_cabang WHERE (us.id_user= '16') AND (cb.id_cabang = '29')
Params: []

2015-07-05T23:02:18+07:00 INFO (6): 
Elapsed Secs: 0.00113
Query: connect
Params: []

2015-07-05T23:02:18+07:00 INFO (6): 
Elapsed Secs: 0.00042
Query: DESCRIBE `penjamin`
Params: []

2015-07-05T23:02:18+07:00 INFO (6): 
Elapsed Secs: 0.00025
Query: connect
Params: []

2015-07-05T23:02:18+07:00 INFO (6): 
Elapsed Secs: 0.00029
Query: SELECT `pe`.*, `cos`.`id_cabang`, `cos`.`id_user`, `cb`.`cabang` FROM `penjamin` AS `pe`
 INNER JOIN `costumer` AS `cos` ON pe.nik_costumer = cos.nik_costumer
 INNER JOIN `user` AS `us` ON us.id_user = cos.id_user
 INNER JOIN `cabang` AS `cb` ON cb.id_cabang = cos.id_cabang WHERE (us.id_user= '16') AND (cb.id_cabang = '29')
Params: []

2015-07-05T23:02:22+07:00 INFO (6): 
Elapsed Secs: 0.00056
Query: connect
Params: []

2015-07-05T23:02:22+07:00 INFO (6): 
Elapsed Secs: 0.00109
Query: DESCRIBE `penjamin`
Params: []

2015-07-05T23:02:22+07:00 INFO (6): 
Elapsed Secs: 0.00027
Query: connect
Params: []

2015-07-05T23:02:22+07:00 INFO (6): 
Elapsed Secs: 0.00037
Query: SELECT `pe`.*, `cos`.`id_cabang`, `cos`.`id_user`, `cb`.`cabang` FROM `penjamin` AS `pe`
 INNER JOIN `costumer` AS `cos` ON pe.nik_costumer = cos.nik_costumer
 INNER JOIN `user` AS `us` ON us.id_user = cos.id_user
 INNER JOIN `cabang` AS `cb` ON cb.id_cabang = cos.id_cabang WHERE (us.id_user= '16') AND (cb.id_cabang = '29')
Params: []

2015-07-05T23:02:31+07:00 INFO (6): 
Elapsed Secs: 0.00022
Query: connect
Params: []

2015-07-05T23:02:31+07:00 INFO (6): 
Elapsed Secs: 0.00043
Query: DESCRIBE `penjamin`
Params: []

2015-07-05T23:02:31+07:00 INFO (6): 
Elapsed Secs: 0.00023
Query: connect
Params: []

2015-07-05T23:02:31+07:00 INFO (6): 
Elapsed Secs: 0.00025
Query: SELECT `pe`.*, `cos`.`id_cabang`, `cos`.`id_user`, `cb`.`cabang` FROM `penjamin` AS `pe`
 INNER JOIN `costumer` AS `cos` ON pe.nik_costumer = cos.nik_costumer
 INNER JOIN `user` AS `us` ON us.id_user = cos.id_user
 INNER JOIN `cabang` AS `cb` ON cb.id_cabang = cos.id_cabang
Params: []

2015-07-05T23:02:45+07:00 INFO (6): 
Elapsed Secs: 0.0003
Query: connect
Params: []

2015-07-05T23:02:45+07:00 INFO (6): 
Elapsed Secs: 0.00078
Query: DESCRIBE `penjamin`
Params: []

2015-07-05T23:02:45+07:00 INFO (6): 
Elapsed Secs: 0.00025
Query: connect
Params: []

2015-07-05T23:02:45+07:00 INFO (6): 
Elapsed Secs: 0.00031
Query: SELECT `pe`.*, `cos`.`id_cabang`, `cos`.`id_user`, `cb`.`cabang` FROM `penjamin` AS `pe`
 INNER JOIN `costumer` AS `cos` ON pe.nik_costumer = cos.nik_costumer
 INNER JOIN `user` AS `us` ON us.id_user = cos.id_user
 INNER JOIN `cabang` AS `cb` ON cb.id_cabang = cos.id_cabang
Params: []

2015-07-05T23:02:48+07:00 INFO (6): 
Elapsed Secs: 0.00022
Query: connect
Params: []

2015-07-05T23:02:48+07:00 INFO (6): 
Elapsed Secs: 0.00038
Query: DESCRIBE `penjamin`
Params: []

2015-07-05T23:02:48+07:00 INFO (6): 
Elapsed Secs: 0.00015
Query: connect
Params: []

2015-07-05T23:02:48+07:00 INFO (6): 
Elapsed Secs: 0.00022
Query: SELECT `pe`.*, `cos`.`id_cabang`, `cos`.`id_user`, `cb`.`cabang` FROM `penjamin` AS `pe`
 INNER JOIN `costumer` AS `cos` ON pe.nik_costumer = cos.nik_costumer
 INNER JOIN `user` AS `us` ON us.id_user = cos.id_user
 INNER JOIN `cabang` AS `cb` ON cb.id_cabang = cos.id_cabang
Params: []

2015-07-05T23:04:20+07:00 INFO (6): 
Elapsed Secs: 0.0003
Query: connect
Params: []

2015-07-05T23:04:20+07:00 INFO (6): 
Elapsed Secs: 0.00077
Query: DESCRIBE `penjamin`
Params: []

2015-07-05T23:04:20+07:00 INFO (6): 
Elapsed Secs: 0.00014
Query: connect
Params: []

2015-07-05T23:04:20+07:00 INFO (6): 
Elapsed Secs: 0.00022
Query: SELECT `pe`.*, `cos`.`id_cabang`, `cos`.`id_user`, `cb`.`cabang` FROM `penjamin` AS `pe`
 INNER JOIN `costumer` AS `cos` ON pe.nik_costumer = cos.nik_costumer
 INNER JOIN `user` AS `us` ON us.id_user = cos.id_user
 INNER JOIN `cabang` AS `cb` ON cb.id_cabang = cos.id_cabang
Params: []

2015-07-05T23:04:23+07:00 INFO (6): 
Elapsed Secs: 0.00028
Query: connect
Params: []

2015-07-05T23:04:23+07:00 INFO (6): 
Elapsed Secs: 0.02842
Query: DELETE FROM `penjamin` WHERE (id_penjamin = '6')
Params: []

2015-07-05T23:04:23+07:00 INFO (6): 
Elapsed Secs: 0.00028
Query: connect
Params: []

2015-07-05T23:04:23+07:00 INFO (6): 
Elapsed Secs: 0.00044
Query: DESCRIBE `penjamin`
Params: []

2015-07-05T23:04:23+07:00 INFO (6): 
Elapsed Secs: 0.00025
Query: connect
Params: []

2015-07-05T23:04:23+07:00 INFO (6): 
Elapsed Secs: 0.00028
Query: SELECT `pe`.*, `cos`.`id_cabang`, `cos`.`id_user`, `cb`.`cabang` FROM `penjamin` AS `pe`
 INNER JOIN `costumer` AS `cos` ON pe.nik_costumer = cos.nik_costumer
 INNER JOIN `user` AS `us` ON us.id_user = cos.id_user
 INNER JOIN `cabang` AS `cb` ON cb.id_cabang = cos.id_cabang WHERE (us.id_user= '16') AND (cb.id_cabang = '29')
Params: []

2015-07-05T23:04:44+07:00 INFO (6): 
Elapsed Secs: 0.00045
Query: connect
Params: []

2015-07-05T23:04:44+07:00 INFO (6): 
Elapsed Secs: 0.00066
Query: DESCRIBE `penjamin`
Params: []

2015-07-05T23:04:44+07:00 INFO (6): 
Elapsed Secs: 0.00026
Query: connect
Params: []

2015-07-05T23:04:44+07:00 INFO (6): 
Elapsed Secs: 0.00034
Query: SELECT `pe`.*, `cos`.`id_cabang`, `cos`.`id_user`, `cb`.`cabang` FROM `penjamin` AS `pe`
 INNER JOIN `costumer` AS `cos` ON pe.nik_costumer = cos.nik_costumer
 INNER JOIN `user` AS `us` ON us.id_user = cos.id_user
 INNER JOIN `cabang` AS `cb` ON cb.id_cabang = cos.id_cabang
Params: []

2015-07-05T23:04:45+07:00 INFO (6): 
Elapsed Secs: 0.00042
Query: connect
Params: []

2015-07-05T23:04:45+07:00 INFO (6): 
Elapsed Secs: 0.0008
Query: DESCRIBE `penjamin`
Params: []

2015-07-05T23:04:45+07:00 INFO (6): 
Elapsed Secs: 0.00036
Query: connect
Params: []

2015-07-05T23:04:45+07:00 INFO (6): 
Elapsed Secs: 0.00053
Query: SELECT `pe`.*, `cos`.`id_cabang`, `cos`.`id_user`, `cb`.`cabang` FROM `penjamin` AS `pe`
 INNER JOIN `costumer` AS `cos` ON pe.nik_costumer = cos.nik_costumer
 INNER JOIN `user` AS `us` ON us.id_user = cos.id_user
 INNER JOIN `cabang` AS `cb` ON cb.id_cabang = cos.id_cabang WHERE (us.id_user= '16') AND (cb.id_cabang = '29')
Params: []

2015-07-05T23:04:46+07:00 INFO (6): 
Elapsed Secs: 0.00024
Query: connect
Params: []

2015-07-05T23:04:46+07:00 INFO (6): 
Elapsed Secs: 0.00043
Query: DESCRIBE `penjamin`
Params: []

2015-07-05T23:04:46+07:00 INFO (6): 
Elapsed Secs: 0.0002
Query: connect
Params: []

2015-07-05T23:04:46+07:00 INFO (6): 
Elapsed Secs: 0.00024
Query: SELECT `pe`.*, `cos`.`id_cabang`, `cos`.`id_user`, `cb`.`cabang` FROM `penjamin` AS `pe`
 INNER JOIN `costumer` AS `cos` ON pe.nik_costumer = cos.nik_costumer
 INNER JOIN `user` AS `us` ON us.id_user = cos.id_user
 INNER JOIN `cabang` AS `cb` ON cb.id_cabang = cos.id_cabang
Params: []

2015-07-05T23:04:47+07:00 INFO (6): 
Elapsed Secs: 0.00023
Query: connect
Params: []

2015-07-05T23:04:47+07:00 INFO (6): 
Elapsed Secs: 0.00041
Query: DESCRIBE `penjamin`
Params: []

2015-07-05T23:04:47+07:00 INFO (6): 
Elapsed Secs: 0.00024
Query: connect
Params: []

2015-07-05T23:04:47+07:00 INFO (6): 
Elapsed Secs: 0.00027
Query: SELECT `pe`.*, `cos`.`id_cabang`, `cos`.`id_user`, `cb`.`cabang` FROM `penjamin` AS `pe`
 INNER JOIN `costumer` AS `cos` ON pe.nik_costumer = cos.nik_costumer
 INNER JOIN `user` AS `us` ON us.id_user = cos.id_user
 INNER JOIN `cabang` AS `cb` ON cb.id_cabang = cos.id_cabang WHERE (us.id_user= '16') AND (cb.id_cabang = '29')
Params: []

2015-07-05T23:04:49+07:00 INFO (6): 
Elapsed Secs: 0.00036
Query: connect
Params: []

2015-07-05T23:04:49+07:00 INFO (6): 
Elapsed Secs: 0.00087
Query: DESCRIBE `penjamin`
Params: []

2015-07-05T23:04:49+07:00 INFO (6): 
Elapsed Secs: 0.00034
Query: connect
Params: []

2015-07-05T23:04:49+07:00 INFO (6): 
Elapsed Secs: 0.00041
Query: SELECT `pe`.*, `cos`.`id_cabang`, `cos`.`id_user`, `cb`.`cabang` FROM `penjamin` AS `pe`
 INNER JOIN `costumer` AS `cos` ON pe.nik_costumer = cos.nik_costumer
 INNER JOIN `user` AS `us` ON us.id_user = cos.id_user
 INNER JOIN `cabang` AS `cb` ON cb.id_cabang = cos.id_cabang
Params: []

2015-07-05T23:04:50+07:00 INFO (6): 
Elapsed Secs: 0.0003
Query: connect
Params: []

2015-07-05T23:04:50+07:00 INFO (6): 
Elapsed Secs: 0.00049
Query: DESCRIBE `penjamin`
Params: []

2015-07-05T23:04:50+07:00 INFO (6): 
Elapsed Secs: 0.0003
Query: SELECT `penjamin`.* FROM `penjamin` WHERE (nik_costumer ='11-212-31231211') LIMIT 1
Params: []

2015-07-05T23:04:53+07:00 INFO (6): 
Elapsed Secs: 0.0003
Query: connect
Params: []

2015-07-05T23:04:53+07:00 INFO (6): 
Elapsed Secs: 0.00051
Query: DESCRIBE `penjamin`
Params: []

2015-07-05T23:04:53+07:00 INFO (6): 
Elapsed Secs: 0.00023
Query: SELECT `pe`.* FROM `penjamin` AS `pe`
 INNER JOIN `costumer` AS `cos` ON pe.nik_costumer = cos.nik_costumer WHERE (pe.id_penjamin = '5')
Params: []

2015-07-05T23:04:55+07:00 INFO (6): 
Elapsed Secs: 0.00027
Query: connect
Params: []

2015-07-05T23:04:55+07:00 INFO (6): 
Elapsed Secs: 0.00044
Query: DESCRIBE `penjamin`
Params: []

2015-07-05T23:04:55+07:00 INFO (6): 
Elapsed Secs: 0.00024
Query: connect
Params: []

2015-07-05T23:04:55+07:00 INFO (6): 
Elapsed Secs: 0.00034
Query: SELECT `pe`.*, `cos`.`id_cabang`, `cos`.`id_user`, `cb`.`cabang` FROM `penjamin` AS `pe`
 INNER JOIN `costumer` AS `cos` ON pe.nik_costumer = cos.nik_costumer
 INNER JOIN `user` AS `us` ON us.id_user = cos.id_user
 INNER JOIN `cabang` AS `cb` ON cb.id_cabang = cos.id_cabang WHERE (us.id_user= '16') AND (cb.id_cabang = '29')
Params: []

2015-07-05T23:04:59+07:00 INFO (6): 
Elapsed Secs: 0.00021
Query: connect
Params: []

2015-07-05T23:04:59+07:00 INFO (6): 
Elapsed Secs: 0.07211
Query: UPDATE `user_login` SET `status` = ? WHERE (id_user ='16')
Params: {"1":0}

2015-07-05T23:05:05+07:00 INFO (6): 
Elapsed Secs: 0.0003
Query: connect
Params: []

2015-07-05T23:05:05+07:00 INFO (6): 
Elapsed Secs: 0.00069
Query: DESCRIBE `user`
Params: []

2015-07-05T23:05:05+07:00 INFO (6): 
Elapsed Secs: 0.00052
Query: connect
Params: []

2015-07-05T23:05:05+07:00 INFO (6): 
Elapsed Secs: 0.00069
Query: SELECT `user`.*, `cabang`.* FROM `user`
 INNER JOIN `cabang` ON cabang.id_cabang = user.id_cabang WHERE (user.username = 'rendi') AND (user.password = 'd033e22ae348aeb5660fc2140aec35850c4da997')
Params: []

2015-07-05T23:05:05+07:00 INFO (6): 
Elapsed Secs: 0.00027
Query: SELECT `user`.*, `user_login`.*, `cabang`.* FROM `user`
 INNER JOIN `user_login` ON user_login.id_user = user.id_user
 INNER JOIN `cabang` ON cabang.id_cabang = user.id_cabang WHERE (user.id_user = '17')
Params: []

2015-07-05T23:05:05+07:00 INFO (6): 
Elapsed Secs: 0.09942
Query: UPDATE `user_login` SET `status` = ?, `login_time` = NOW(), `ip_login` = ?, `last_login` = ? WHERE (id_user = '17')
Params: {"1":1,"2":"127.0.0.1","3":"2015-07-03 23:00:23"}

2015-07-05T23:05:05+07:00 INFO (6): 
Elapsed Secs: 0.00027
Query: SELECT `user`.*, `user_login`.*, `cabang`.* FROM `user`
 INNER JOIN `user_login` ON user_login.id_user = user.id_user
 INNER JOIN `cabang` ON cabang.id_cabang = user.id_cabang WHERE (user.id_user = '17')
Params: []

2015-07-05T23:05:08+07:00 INFO (6): 
Elapsed Secs: 0.00059
Query: connect
Params: []

2015-07-05T23:05:08+07:00 INFO (6): 
Elapsed Secs: 0.00129
Query: DESCRIBE `costumer`
Params: []

2015-07-05T23:05:08+07:00 INFO (6): 
Elapsed Secs: 0.0003
Query: SELECT `cos`.`nik_costumer`, `cos`.`nama`, `cos`.`alamat`, `cos`.`jenis_kelamin`, `cos`.`tempat_lahir`, `cos`.`tanggal_lahir`, `cos`.`nama_ibu`, `cos`.`agama`, `cos`.`status`, `cos`.`pekerjaan`, `cos`.`alamat_tempat_kerja`, `cos`.`hp`, `cos`.`telpon`, `us`.`realname`, `cb`.`cabang` FROM `costumer` AS `cos`
 INNER JOIN `user` AS `us` ON cos.id_user=us.id_user
 INNER JOIN `cabang` AS `cb` ON us.id_cabang = cb.id_cabang WHERE (cos.id_user = '17')
Params: []

2015-07-05T23:06:12+07:00 INFO (6): 
Elapsed Secs: 0.00043
Query: connect
Params: []

2015-07-05T23:06:12+07:00 INFO (6): 
Elapsed Secs: 0.00051
Query: DESCRIBE `costumer`
Params: []

2015-07-05T23:06:12+07:00 INFO (6): 
Elapsed Secs: 0.00026
Query: SELECT `cos`.`nik_costumer`, `cos`.`nama`, `cos`.`alamat`, `cos`.`jenis_kelamin`, `cos`.`tempat_lahir`, `cos`.`tanggal_lahir`, `cos`.`nama_ibu`, `cos`.`agama`, `cos`.`status`, `cos`.`pekerjaan`, `cos`.`alamat_tempat_kerja`, `cos`.`hp`, `cos`.`telpon`, `us`.`realname`, `cb`.`cabang` FROM `costumer` AS `cos`
 INNER JOIN `user` AS `us` ON cos.id_user=us.id_user
 INNER JOIN `cabang` AS `cb` ON us.id_cabang = cb.id_cabang WHERE (cos.id_user = '17')
Params: []

2015-07-05T23:06:18+07:00 INFO (6): 
Elapsed Secs: 0.00045
Query: connect
Params: []

2015-07-05T23:06:18+07:00 INFO (6): 
Elapsed Secs: 0.00102
Query: DESCRIBE `costumer`
Params: []

2015-07-05T23:06:18+07:00 INFO (6): 
Elapsed Secs: 0.00066
Query: SELECT `cos`.`nik_costumer`, `cos`.`nama`, `cos`.`alamat`, `cos`.`jenis_kelamin`, `cos`.`tempat_lahir`, `cos`.`tanggal_lahir`, `cos`.`nama_ibu`, `cos`.`agama`, `cos`.`status`, `cos`.`pekerjaan`, `cos`.`alamat_tempat_kerja`, `cos`.`hp`, `cos`.`telpon`, `us`.`realname`, `cb`.`cabang` FROM `costumer` AS `cos`
 INNER JOIN `user` AS `us` ON cos.id_user=us.id_user
 INNER JOIN `cabang` AS `cb` ON us.id_cabang = cb.id_cabang WHERE (cos.id_user = '17')
Params: []

2015-07-05T23:06:43+07:00 INFO (6): 
Elapsed Secs: 0.00024
Query: connect
Params: []

2015-07-05T23:06:43+07:00 INFO (6): 
Elapsed Secs: 0.00046
Query: DESCRIBE `costumer`
Params: []

2015-07-05T23:06:43+07:00 INFO (6): 
Elapsed Secs: 0.00039
Query: SELECT `cos`.`nik_costumer`, `cos`.`nama`, `cos`.`alamat`, `cos`.`jenis_kelamin`, `cos`.`tempat_lahir`, `cos`.`tanggal_lahir`, `cos`.`nama_ibu`, `cos`.`agama`, `cos`.`status`, `cos`.`pekerjaan`, `cos`.`alamat_tempat_kerja`, `cos`.`hp`, `cos`.`telpon`, `us`.`realname`, `cb`.`cabang` FROM `costumer` AS `cos`
 INNER JOIN `user` AS `us` ON cos.id_user=us.id_user
 INNER JOIN `cabang` AS `cb` ON us.id_cabang = cb.id_cabang WHERE (cos.id_user = '17')
Params: []

2015-07-05T23:07:38+07:00 INFO (6): 
Elapsed Secs: 0.00023
Query: connect
Params: []

2015-07-05T23:07:38+07:00 INFO (6): 
Elapsed Secs: 0.0005
Query: DESCRIBE `costumer`
Params: []

2015-07-05T23:07:38+07:00 INFO (6): 
Elapsed Secs: 0.00024
Query: SELECT `cos`.`nik_costumer`, `cos`.`nama`, `cos`.`alamat`, `cos`.`jenis_kelamin`, `cos`.`tempat_lahir`, `cos`.`tanggal_lahir`, `cos`.`nama_ibu`, `cos`.`agama`, `cos`.`status`, `cos`.`pekerjaan`, `cos`.`alamat_tempat_kerja`, `cos`.`hp`, `cos`.`telpon`, `us`.`realname`, `cb`.`cabang` FROM `costumer` AS `cos`
 INNER JOIN `user` AS `us` ON cos.id_user=us.id_user
 INNER JOIN `cabang` AS `cb` ON us.id_cabang = cb.id_cabang WHERE (cos.id_user = '17')
Params: []

2015-07-05T23:07:58+07:00 INFO (6): 
Elapsed Secs: 0.00026
Query: connect
Params: []

2015-07-05T23:07:58+07:00 INFO (6): 
Elapsed Secs: 0.00041
Query: DESCRIBE `costumer`
Params: []

2015-07-05T23:07:58+07:00 INFO (6): 
Elapsed Secs: 0.00023
Query: SELECT `cos`.`nik_costumer`, `cos`.`nama`, `cos`.`alamat`, `cos`.`jenis_kelamin`, `cos`.`tempat_lahir`, `cos`.`tanggal_lahir`, `cos`.`nama_ibu`, `cos`.`agama`, `cos`.`status`, `cos`.`pekerjaan`, `cos`.`alamat_tempat_kerja`, `cos`.`hp`, `cos`.`telpon`, `us`.`realname`, `cb`.`cabang` FROM `costumer` AS `cos`
 INNER JOIN `user` AS `us` ON cos.id_user=us.id_user
 INNER JOIN `cabang` AS `cb` ON us.id_cabang = cb.id_cabang WHERE (cos.id_user = '17')
Params: []

2015-07-05T23:11:43+07:00 INFO (6): 
Elapsed Secs: 0.00029
Query: connect
Params: []

2015-07-05T23:11:43+07:00 INFO (6): 
Elapsed Secs: 0.00065
Query: DESCRIBE `costumer`
Params: []

2015-07-05T23:11:43+07:00 INFO (6): 
Elapsed Secs: 0.12534
Query: INSERT INTO `costumer` (`nik_costumer`, `nama`, `alamat`, `tempat_lahir`, `tanggal_lahir`, `jenis_kelamin`, `nama_ibu`, `agama`, `status`, `pekerjaan`, `alamat_tempat_kerja`, `hp`, `telpon`, `id_user`, `id_cabang`) VALUES (?, ?, ?, ?, ?, ?, ?, ?, ?, ?, ?, ?, ?, ?, ?)
Params: {"1":"18129310112231","2":"Iskandar Parta Dinata","3":"Lampung","4":"Lampung","5":"2015-07-22","6":"pria","7":"Lampung","8":"islam","9":"menikah","10":"Lampung","11":"Lampung","12":"1234555","13":"22121212","14":"17","15":"30"}

2015-07-05T23:11:43+07:00 INFO (6): 
Elapsed Secs: 0.0003
Query: connect
Params: []

2015-07-05T23:11:43+07:00 INFO (6): 
Elapsed Secs: 0.00043
Query: DESCRIBE `costumer`
Params: []

2015-07-05T23:11:43+07:00 INFO (6): 
Elapsed Secs: 0.00022
Query: SELECT `cos`.`nik_costumer`, `cos`.`nama`, `cos`.`alamat`, `cos`.`jenis_kelamin`, `cos`.`tempat_lahir`, `cos`.`tanggal_lahir`, `cos`.`nama_ibu`, `cos`.`agama`, `cos`.`status`, `cos`.`pekerjaan`, `cos`.`alamat_tempat_kerja`, `cos`.`hp`, `cos`.`telpon`, `us`.`realname`, `cb`.`cabang` FROM `costumer` AS `cos`
 INNER JOIN `user` AS `us` ON cos.id_user=us.id_user
 INNER JOIN `cabang` AS `cb` ON us.id_cabang = cb.id_cabang WHERE (cos.id_user = '17')
Params: []

2015-07-05T23:12:30+07:00 INFO (6): 
Elapsed Secs: 0.00362
Query: connect
Params: []

2015-07-05T23:12:30+07:00 INFO (6): 
Elapsed Secs: 0.00134
Query: DESCRIBE `costumer`
Params: []

2015-07-05T23:12:30+07:00 INFO (6): 
Elapsed Secs: 0.00035
Query: SELECT `cos`.`nik_costumer`, `cos`.`nama`, `cos`.`alamat`, `cos`.`jenis_kelamin`, `cos`.`tempat_lahir`, `cos`.`tanggal_lahir`, `cos`.`nama_ibu`, `cos`.`agama`, `cos`.`status`, `cos`.`pekerjaan`, `cos`.`alamat_tempat_kerja`, `cos`.`hp`, `cos`.`telpon`, `us`.`realname`, `cb`.`cabang` FROM `costumer` AS `cos`
 INNER JOIN `user` AS `us` ON cos.id_user=us.id_user
 INNER JOIN `cabang` AS `cb` ON us.id_cabang = cb.id_cabang WHERE (cos.id_user = '17')
Params: []

2015-07-05T23:12:33+07:00 INFO (6): 
Elapsed Secs: 0.00023
Query: connect
Params: []

2015-07-05T23:12:33+07:00 INFO (6): 
Elapsed Secs: 0.00043
Query: DESCRIBE `costumer`
Params: []

2015-07-05T23:12:33+07:00 INFO (6): 
Elapsed Secs: 0.00021
Query: SELECT `cos`.`nik_costumer`, `cos`.`nama`, `cos`.`alamat`, `cos`.`jenis_kelamin`, `cos`.`tempat_lahir`, `cos`.`tanggal_lahir`, `cos`.`nama_ibu`, `cos`.`agama`, `cos`.`status`, `cos`.`pekerjaan`, `cos`.`alamat_tempat_kerja`, `cos`.`hp`, `cos`.`telpon`, `us`.`realname`, `cb`.`cabang` FROM `costumer` AS `cos`
 INNER JOIN `user` AS `us` ON cos.id_user=us.id_user
 INNER JOIN `cabang` AS `cb` ON us.id_cabang = cb.id_cabang WHERE (cos.id_user = '17')
Params: []

2015-07-05T23:12:45+07:00 INFO (6): 
Elapsed Secs: 0.00027
Query: connect
Params: []

2015-07-05T23:12:45+07:00 INFO (6): 
Elapsed Secs: 0.00042
Query: DESCRIBE `costumer`
Params: []

2015-07-05T23:12:45+07:00 INFO (6): 
Elapsed Secs: 0.00019
Query: SELECT `cos`.`nik_costumer`, `cos`.`nama`, `cos`.`alamat`, `cos`.`jenis_kelamin`, `cos`.`tempat_lahir`, `cos`.`tanggal_lahir`, `cos`.`nama_ibu`, `cos`.`agama`, `cos`.`status`, `cos`.`pekerjaan`, `cos`.`alamat_tempat_kerja`, `cos`.`hp`, `cos`.`telpon`, `us`.`realname`, `cb`.`cabang` FROM `costumer` AS `cos`
 INNER JOIN `user` AS `us` ON cos.id_user=us.id_user
 INNER JOIN `cabang` AS `cb` ON us.id_cabang = cb.id_cabang WHERE (cos.id_user = '17')
Params: []

2015-07-05T23:13:23+07:00 INFO (6): 
Elapsed Secs: 0.00115
Query: connect
Params: []

2015-07-05T23:13:23+07:00 INFO (6): 
Elapsed Secs: 0.00046
Query: DESCRIBE `costumer`
Params: []

2015-07-05T23:13:23+07:00 INFO (6): 
Elapsed Secs: 0.00023
Query: SELECT `cos`.`nik_costumer`, `cos`.`nama`, `cos`.`alamat`, `cos`.`jenis_kelamin`, `cos`.`tempat_lahir`, `cos`.`tanggal_lahir`, `cos`.`nama_ibu`, `cos`.`agama`, `cos`.`status`, `cos`.`pekerjaan`, `cos`.`alamat_tempat_kerja`, `cos`.`hp`, `cos`.`telpon`, `us`.`realname`, `cb`.`cabang` FROM `costumer` AS `cos`
 INNER JOIN `user` AS `us` ON cos.id_user=us.id_user
 INNER JOIN `cabang` AS `cb` ON us.id_cabang = cb.id_cabang WHERE (cos.id_user = '17')
Params: []

2015-07-05T23:13:55+07:00 INFO (6): 
Elapsed Secs: 0.00028
Query: connect
Params: []

2015-07-05T23:13:55+07:00 INFO (6): 
Elapsed Secs: 0.00063
Query: DESCRIBE `costumer`
Params: []

2015-07-05T23:13:55+07:00 INFO (6): 
Elapsed Secs: 0.00034
Query: SELECT `cos`.`nik_costumer`, `cos`.`nama`, `cos`.`alamat`, `cos`.`jenis_kelamin`, `cos`.`tempat_lahir`, `cos`.`tanggal_lahir`, `cos`.`nama_ibu`, `cos`.`agama`, `cos`.`status`, `cos`.`pekerjaan`, `cos`.`alamat_tempat_kerja`, `cos`.`hp`, `cos`.`telpon`, `us`.`realname`, `cb`.`cabang` FROM `costumer` AS `cos`
 INNER JOIN `user` AS `us` ON cos.id_user=us.id_user
 INNER JOIN `cabang` AS `cb` ON us.id_cabang = cb.id_cabang WHERE (cos.id_user = '17')
Params: []

2015-07-05T23:14:09+07:00 INFO (6): 
Elapsed Secs: 0.00028
Query: connect
Params: []

2015-07-05T23:14:09+07:00 INFO (6): 
Elapsed Secs: 0.00044
Query: DESCRIBE `costumer`
Params: []

2015-07-05T23:14:09+07:00 INFO (6): 
Elapsed Secs: 0.00027
Query: SELECT `cos`.`nik_costumer`, `cos`.`nama`, `cos`.`alamat`, `cos`.`jenis_kelamin`, `cos`.`tempat_lahir`, `cos`.`tanggal_lahir`, `cos`.`nama_ibu`, `cos`.`agama`, `cos`.`status`, `cos`.`pekerjaan`, `cos`.`alamat_tempat_kerja`, `cos`.`hp`, `cos`.`telpon`, `us`.`realname`, `cb`.`cabang` FROM `costumer` AS `cos`
 INNER JOIN `user` AS `us` ON cos.id_user=us.id_user
 INNER JOIN `cabang` AS `cb` ON us.id_cabang = cb.id_cabang WHERE (cos.id_user = '17')
Params: []

2015-07-05T23:14:25+07:00 INFO (6): 
Elapsed Secs: 0.00109
Query: connect
Params: []

2015-07-05T23:14:25+07:00 INFO (6): 
Elapsed Secs: 0.00043
Query: DESCRIBE `costumer`
Params: []

2015-07-05T23:14:25+07:00 INFO (6): 
Elapsed Secs: 0.0002
Query: SELECT `cos`.`nik_costumer`, `cos`.`nama`, `cos`.`alamat`, `cos`.`jenis_kelamin`, `cos`.`tempat_lahir`, `cos`.`tanggal_lahir`, `cos`.`nama_ibu`, `cos`.`agama`, `cos`.`status`, `cos`.`pekerjaan`, `cos`.`alamat_tempat_kerja`, `cos`.`hp`, `cos`.`telpon`, `us`.`realname` FROM `costumer` AS `cos`
 INNER JOIN `user` AS `us` ON cos.id_user=us.id_user
 INNER JOIN `cabang` AS `cb` ON us.id_cabang = cb.id_cabang WHERE (cos.id_user = '17')
Params: []

2015-07-05T23:14:33+07:00 INFO (6): 
Elapsed Secs: 0.00244
Query: connect
Params: []

2015-07-05T23:14:33+07:00 INFO (6): 
Elapsed Secs: 0.05753
Query: UPDATE `user_login` SET `status` = ? WHERE (id_user ='17')
Params: {"1":0}

2015-07-05T23:14:36+07:00 INFO (6): 
Elapsed Secs: 0.0004
Query: connect
Params: []

2015-07-05T23:14:36+07:00 INFO (6): 
Elapsed Secs: 0.00095
Query: DESCRIBE `user`
Params: []

2015-07-05T23:14:36+07:00 INFO (6): 
Elapsed Secs: 0.00041
Query: connect
Params: []

2015-07-05T23:14:36+07:00 INFO (6): 
Elapsed Secs: 0.00052
Query: SELECT `user`.*, `cabang`.* FROM `user`
 INNER JOIN `cabang` ON cabang.id_cabang = user.id_cabang WHERE (user.username = 'admin') AND (user.password = 'd033e22ae348aeb5660fc2140aec35850c4da997')
Params: []

2015-07-05T23:14:36+07:00 INFO (6): 
Elapsed Secs: 0.00045
Query: SELECT `user`.*, `user_login`.*, `cabang`.* FROM `user`
 INNER JOIN `user_login` ON user_login.id_user = user.id_user
 INNER JOIN `cabang` ON cabang.id_cabang = user.id_cabang WHERE (user.id_user = '16')
Params: []

2015-07-05T23:14:36+07:00 INFO (6): 
Elapsed Secs: 0.0966
Query: UPDATE `user_login` SET `status` = ?, `login_time` = NOW(), `ip_login` = ?, `last_login` = ? WHERE (id_user = '16')
Params: {"1":1,"2":"127.0.0.1","3":"2015-07-05 22:40:57"}

2015-07-05T23:14:36+07:00 INFO (6): 
Elapsed Secs: 0.00022
Query: SELECT `user`.*, `user_login`.*, `cabang`.* FROM `user`
 INNER JOIN `user_login` ON user_login.id_user = user.id_user
 INNER JOIN `cabang` ON cabang.id_cabang = user.id_cabang WHERE (user.id_user = '16')
Params: []

2015-07-05T23:14:39+07:00 INFO (6): 
Elapsed Secs: 0.00024
Query: connect
Params: []

2015-07-05T23:14:39+07:00 INFO (6): 
Elapsed Secs: 0.00052
Query: DESCRIBE `penjamin`
Params: []

2015-07-05T23:14:39+07:00 INFO (6): 
Elapsed Secs: 0.00023
Query: connect
Params: []

2015-07-05T23:14:39+07:00 INFO (6): 
Elapsed Secs: 0.00033
Query: SELECT `pe`.*, `cos`.`id_cabang`, `cos`.`id_user`, `cb`.`cabang` FROM `penjamin` AS `pe`
 INNER JOIN `costumer` AS `cos` ON pe.nik_costumer = cos.nik_costumer
 INNER JOIN `user` AS `us` ON us.id_user = cos.id_user
 INNER JOIN `cabang` AS `cb` ON cb.id_cabang = cos.id_cabang WHERE (us.id_user= '16') AND (cb.id_cabang = '29')
Params: []

2015-07-05T23:14:41+07:00 INFO (6): 
Elapsed Secs: 0.00028
Query: connect
Params: []

2015-07-05T23:14:41+07:00 INFO (6): 
Elapsed Secs: 0.00043
Query: DESCRIBE `penjamin`
Params: []

2015-07-05T23:14:41+07:00 INFO (6): 
Elapsed Secs: 0.0002
Query: connect
Params: []

2015-07-05T23:14:41+07:00 INFO (6): 
Elapsed Secs: 0.00024
Query: SELECT `pe`.*, `cos`.`id_cabang`, `cos`.`id_user`, `cb`.`cabang` FROM `penjamin` AS `pe`
 INNER JOIN `costumer` AS `cos` ON pe.nik_costumer = cos.nik_costumer
 INNER JOIN `user` AS `us` ON us.id_user = cos.id_user
 INNER JOIN `cabang` AS `cb` ON cb.id_cabang = cos.id_cabang
Params: []

2015-07-05T23:14:45+07:00 INFO (6): 
Elapsed Secs: 0.00054
Query: connect
Params: []

2015-07-05T23:14:45+07:00 INFO (6): 
Elapsed Secs: 0.00111
Query: DESCRIBE `costumer`
Params: []

2015-07-05T23:14:45+07:00 INFO (6): 
Elapsed Secs: 0.00033
Query: SELECT `cos`.`nik_costumer`, `cos`.`nama`, `cos`.`alamat`, `cos`.`jenis_kelamin`, `cos`.`tempat_lahir`, `cos`.`tanggal_lahir`, `cos`.`nama_ibu`, `cos`.`agama`, `cos`.`status`, `cos`.`pekerjaan`, `cos`.`alamat_tempat_kerja`, `cos`.`hp`, `cos`.`telpon`, `us`.`realname` FROM `costumer` AS `cos`
 INNER JOIN `user` AS `us` ON cos.id_user=us.id_user
 INNER JOIN `cabang` AS `cb` ON us.id_cabang = cb.id_cabang WHERE (cos.id_user = '16')
Params: []

2015-07-05T23:14:46+07:00 INFO (6): 
Elapsed Secs: 0.00026
Query: connect
Params: []

2015-07-05T23:14:46+07:00 INFO (6): 
Elapsed Secs: 0.00064
Query: DESCRIBE `costumer`
Params: []

2015-07-05T23:14:46+07:00 INFO (6): 
Elapsed Secs: 0.00081
Query: SELECT `cos`.`id_costumer`, `cos`.`nik_costumer`, `cos`.`nama`, `cos`.`alamat`, `cos`.`jenis_kelamin`, `cos`.`tempat_lahir`, `cos`.`tanggal_lahir`, `cos`.`nama_ibu`, `cos`.`agama`, `cos`.`status`, `cos`.`pekerjaan`, `cos`.`alamat_tempat_kerja`, `cos`.`hp`, `cos`.`telpon`, `us`.`realname`, `cb`.`cabang` FROM `costumer` AS `cos`
 INNER JOIN `user` AS `us` ON cos.id_user=us.id_user
 INNER JOIN `cabang` AS `cb` ON cb.id_cabang = cos.id_cabang
Params: []

2015-07-05T23:14:54+07:00 INFO (6): 
Elapsed Secs: 0.00022
Query: connect
Params: []

2015-07-05T23:14:54+07:00 INFO (6): 
Elapsed Secs: 0.00047
Query: DESCRIBE `costumer`
Params: []

2015-07-05T23:14:54+07:00 INFO (6): 
Elapsed Secs: 0.00027
Query: SELECT `cos`.`nik_costumer`, `cos`.`nama`, `cos`.`alamat`, `cos`.`jenis_kelamin`, `cos`.`tempat_lahir`, `cos`.`tanggal_lahir`, `cos`.`nama_ibu`, `cos`.`agama`, `cos`.`status`, `cos`.`pekerjaan`, `cos`.`alamat_tempat_kerja`, `cos`.`hp`, `cos`.`telpon`, `us`.`realname` FROM `costumer` AS `cos`
 INNER JOIN `user` AS `us` ON cos.id_user=us.id_user
 INNER JOIN `cabang` AS `cb` ON us.id_cabang = cb.id_cabang WHERE (cos.id_user = '16')
Params: []

2015-07-05T23:14:55+07:00 INFO (6): 
Elapsed Secs: 0.00019
Query: connect
Params: []

2015-07-05T23:14:55+07:00 INFO (6): 
Elapsed Secs: 0.00044
Query: DESCRIBE `costumer`
Params: []

2015-07-05T23:14:55+07:00 INFO (6): 
Elapsed Secs: 0.00025
Query: SELECT `cos`.`id_costumer`, `cos`.`nik_costumer`, `cos`.`nama`, `cos`.`alamat`, `cos`.`jenis_kelamin`, `cos`.`tempat_lahir`, `cos`.`tanggal_lahir`, `cos`.`nama_ibu`, `cos`.`agama`, `cos`.`status`, `cos`.`pekerjaan`, `cos`.`alamat_tempat_kerja`, `cos`.`hp`, `cos`.`telpon`, `us`.`realname`, `cb`.`cabang` FROM `costumer` AS `cos`
 INNER JOIN `user` AS `us` ON cos.id_user=us.id_user
 INNER JOIN `cabang` AS `cb` ON cb.id_cabang = cos.id_cabang
Params: []

2015-07-05T23:15:09+07:00 INFO (6): 
Elapsed Secs: 0.00027
Query: connect
Params: []

2015-07-05T23:15:09+07:00 INFO (6): 
Elapsed Secs: 0.00057
Query: DESCRIBE `costumer`
Params: []

2015-07-05T23:15:09+07:00 INFO (6): 
Elapsed Secs: 0.00032
Query: SELECT `cos`.`nik_costumer`, `cos`.`nama`, `cos`.`alamat`, `cos`.`jenis_kelamin`, `cos`.`tempat_lahir`, `cos`.`tanggal_lahir`, `cos`.`nama_ibu`, `cos`.`agama`, `cos`.`status`, `cos`.`pekerjaan`, `cos`.`alamat_tempat_kerja`, `cos`.`hp`, `cos`.`telpon`, `us`.`realname` FROM `costumer` AS `cos`
 INNER JOIN `user` AS `us` ON cos.id_user=us.id_user
 INNER JOIN `cabang` AS `cb` ON us.id_cabang = cb.id_cabang WHERE (cos.id_user = '16')
Params: []

2015-07-05T23:15:14+07:00 INFO (6): 
Elapsed Secs: 0.00029
Query: connect
Params: []

2015-07-05T23:15:14+07:00 INFO (6): 
Elapsed Secs: 0.00045
Query: DESCRIBE `costumer`
Params: []

2015-07-05T23:15:14+07:00 INFO (6): 
Elapsed Secs: 0.0003
Query: SELECT `cos`.`id_costumer`, `cos`.`nik_costumer`, `cos`.`nama`, `cos`.`alamat`, `cos`.`jenis_kelamin`, `cos`.`tempat_lahir`, `cos`.`tanggal_lahir`, `cos`.`nama_ibu`, `cos`.`agama`, `cos`.`status`, `cos`.`pekerjaan`, `cos`.`alamat_tempat_kerja`, `cos`.`hp`, `cos`.`telpon`, `us`.`realname`, `cb`.`cabang` FROM `costumer` AS `cos`
 INNER JOIN `user` AS `us` ON cos.id_user=us.id_user
 INNER JOIN `cabang` AS `cb` ON cb.id_cabang = cos.id_cabang
Params: []

2015-07-05T23:15:22+07:00 INFO (6): 
Elapsed Secs: 0.00061
Query: connect
Params: []

2015-07-05T23:15:22+07:00 INFO (6): 
Elapsed Secs: 0.0013
Query: DESCRIBE `costumer`
Params: []

2015-07-05T23:15:22+07:00 INFO (6): 
Elapsed Secs: 0.00032
Query: SELECT `cos`.`nik_costumer`, `cos`.`nama`, `cos`.`alamat`, `cos`.`jenis_kelamin`, `cos`.`tempat_lahir`, `cos`.`tanggal_lahir`, `cos`.`nama_ibu`, `cos`.`agama`, `cos`.`status`, `cos`.`pekerjaan`, `cos`.`alamat_tempat_kerja`, `cos`.`hp`, `cos`.`telpon`, `us`.`realname`, `cb`.`cabang` FROM `costumer` AS `cos`
 INNER JOIN `user` AS `us` ON cos.id_user=us.id_user
 INNER JOIN `cabang` AS `cb` ON us.id_cabang = cb.id_cabang WHERE (cos.nik_costumer = '18129310112231')
Params: []

2015-07-05T23:15:22+07:00 INFO (6): 
Elapsed Secs: 0.00025
Query: connect
Params: []

2015-07-05T23:15:22+07:00 INFO (6): 
Elapsed Secs: 0.00025
Query: SELECT `penj`.* FROM `costumer` AS `cos`
 INNER JOIN `penjamin` AS `penj` ON penj.nik_costumer = cos.nik_costumer WHERE (cos.nik_costumer = '18129310112231')
Params: []

2015-07-05T23:15:30+07:00 INFO (6): 
Elapsed Secs: 0.0003
Query: connect
Params: []

2015-07-05T23:15:30+07:00 INFO (6): 
Elapsed Secs: 0.00044
Query: DESCRIBE `costumer`
Params: []

2015-07-05T23:15:30+07:00 INFO (6): 
Elapsed Secs: 0.00016
Query: SELECT `costumer`.* FROM `costumer` WHERE (nik_costumer ='18129310112231') LIMIT 1
Params: []

2015-07-05T23:15:36+07:00 INFO (6): 
Elapsed Secs: 0.00042
Query: connect
Params: []

2015-07-05T23:15:36+07:00 INFO (6): 
Elapsed Secs: 0.00057
Query: DESCRIBE `costumer`
Params: []

2015-07-05T23:15:36+07:00 INFO (6): 
Elapsed Secs: 0.00028
Query: SELECT `cos`.`nik_costumer`, `cos`.`nama`, `cos`.`alamat`, `cos`.`jenis_kelamin`, `cos`.`tempat_lahir`, `cos`.`tanggal_lahir`, `cos`.`nama_ibu`, `cos`.`agama`, `cos`.`status`, `cos`.`pekerjaan`, `cos`.`alamat_tempat_kerja`, `cos`.`hp`, `cos`.`telpon`, `us`.`realname`, `cb`.`cabang` FROM `costumer` AS `cos`
 INNER JOIN `user` AS `us` ON cos.id_user=us.id_user
 INNER JOIN `cabang` AS `cb` ON us.id_cabang = cb.id_cabang WHERE (cos.nik_costumer = '18129310112231')
Params: []

2015-07-05T23:15:36+07:00 INFO (6): 
Elapsed Secs: 0.00022
Query: connect
Params: []

2015-07-05T23:15:36+07:00 INFO (6): 
Elapsed Secs: 0.0002
Query: SELECT `penj`.* FROM `costumer` AS `cos`
 INNER JOIN `penjamin` AS `penj` ON penj.nik_costumer = cos.nik_costumer WHERE (cos.nik_costumer = '18129310112231')
Params: []

2015-07-05T23:15:38+07:00 INFO (6): 
Elapsed Secs: 0.00023
Query: connect
Params: []

2015-07-05T23:15:38+07:00 INFO (6): 
Elapsed Secs: 0.00045
Query: DESCRIBE `costumer`
Params: []

2015-07-05T23:15:38+07:00 INFO (6): 
Elapsed Secs: 0.00021
Query: SELECT `costumer`.* FROM `costumer` WHERE (nik_costumer ='18129310112231') LIMIT 1
Params: []

2015-07-05T23:15:52+07:00 INFO (6): 
Elapsed Secs: 0.00128
Query: connect
Params: []

2015-07-05T23:15:52+07:00 INFO (6): 
Elapsed Secs: 0.00046
Query: DESCRIBE `costumer`
Params: []

2015-07-05T23:15:52+07:00 INFO (6): 
Elapsed Secs: 0.00022
Query: SELECT `cos`.`nik_costumer`, `cos`.`nama`, `cos`.`alamat`, `cos`.`jenis_kelamin`, `cos`.`tempat_lahir`, `cos`.`tanggal_lahir`, `cos`.`nama_ibu`, `cos`.`agama`, `cos`.`status`, `cos`.`pekerjaan`, `cos`.`alamat_tempat_kerja`, `cos`.`hp`, `cos`.`telpon`, `us`.`realname`, `cb`.`cabang` FROM `costumer` AS `cos`
 INNER JOIN `user` AS `us` ON cos.id_user=us.id_user
 INNER JOIN `cabang` AS `cb` ON us.id_cabang = cb.id_cabang WHERE (cos.nik_costumer = '18129310112231')
Params: []

2015-07-05T23:15:52+07:00 INFO (6): 
Elapsed Secs: 0.00026
Query: connect
Params: []

2015-07-05T23:15:52+07:00 INFO (6): 
Elapsed Secs: 0.0002
Query: SELECT `penj`.* FROM `costumer` AS `cos`
 INNER JOIN `penjamin` AS `penj` ON penj.nik_costumer = cos.nik_costumer WHERE (cos.nik_costumer = '18129310112231')
Params: []

2015-07-05T23:15:55+07:00 INFO (6): 
Elapsed Secs: 0.00029
Query: connect
Params: []

2015-07-05T23:15:55+07:00 INFO (6): 
Elapsed Secs: 0.00042
Query: DESCRIBE `cabang`
Params: []

2015-07-05T23:15:55+07:00 INFO (6): 
Elapsed Secs: 0.00045
Query: SELECT `cabang`.* FROM `cabang` WHERE (id_cabang = '29' ) LIMIT 1
Params: []

2015-07-05T23:15:55+07:00 INFO (6): 
Elapsed Secs: 0.00114
Query: DESCRIBE `kendaraan`
Params: []

2015-07-05T23:15:55+07:00 INFO (6): 
Elapsed Secs: 0.00056
Query: connect
Params: []

2015-07-05T23:15:55+07:00 INFO (6): 
Elapsed Secs: 0.00072
Query: SELECT `ken`.*, `cos`.`id_cabang`, `us`.`id_user`, `cb`.`cabang` FROM `kendaraan` AS `ken`
 INNER JOIN `costumer` AS `cos` ON cos.nik_costumer=ken.nik_costumer
 INNER JOIN `user` AS `us` ON us.id_user = cos.id_user
 INNER JOIN `cabang` AS `cb` ON cos.id_cabang = cb.id_cabang WHERE (us.id_user = '16') AND (cb.id_cabang = '29')
Params: []

2015-07-05T23:15:59+07:00 INFO (6): 
Elapsed Secs: 0.00023
Query: connect
Params: []

2015-07-05T23:15:59+07:00 INFO (6): 
Elapsed Secs: 0.00041
Query: DESCRIBE `costumer`
Params: []

2015-07-05T23:15:59+07:00 INFO (6): 
Elapsed Secs: 0.00021
Query: SELECT `cos`.`nik_costumer`, `cos`.`nama`, `cos`.`alamat`, `cos`.`jenis_kelamin`, `cos`.`tempat_lahir`, `cos`.`tanggal_lahir`, `cos`.`nama_ibu`, `cos`.`agama`, `cos`.`status`, `cos`.`pekerjaan`, `cos`.`alamat_tempat_kerja`, `cos`.`hp`, `cos`.`telpon`, `us`.`realname`, `cb`.`cabang` FROM `costumer` AS `cos`
 INNER JOIN `user` AS `us` ON cos.id_user=us.id_user
 INNER JOIN `cabang` AS `cb` ON us.id_cabang = cb.id_cabang WHERE (cos.nik_costumer = '18129310112231')
Params: []

2015-07-05T23:15:59+07:00 INFO (6): 
Elapsed Secs: 0.00025
Query: connect
Params: []

2015-07-05T23:15:59+07:00 INFO (6): 
Elapsed Secs: 0.00018
Query: SELECT `penj`.* FROM `costumer` AS `cos`
 INNER JOIN `penjamin` AS `penj` ON penj.nik_costumer = cos.nik_costumer WHERE (cos.nik_costumer = '18129310112231')
Params: []

2015-07-05T23:16:02+07:00 INFO (6): 
Elapsed Secs: 0.00027
Query: connect
Params: []

2015-07-05T23:16:02+07:00 INFO (6): 
Elapsed Secs: 0.00053
Query: DESCRIBE `costumer`
Params: []

2015-07-05T23:16:02+07:00 INFO (6): 
Elapsed Secs: 0.00024
Query: SELECT `costumer`.* FROM `costumer` WHERE (nik_costumer ='18129310112231') LIMIT 1
Params: []

2015-07-05T23:16:48+07:00 INFO (6): 
Elapsed Secs: 0.00034
Query: connect
Params: []

2015-07-05T23:16:48+07:00 INFO (6): 
Elapsed Secs: 0.00068
Query: DESCRIBE `costumer`
Params: []

2015-07-05T23:16:48+07:00 INFO (6): 
Elapsed Secs: 0.00027
Query: SELECT `costumer`.* FROM `costumer` WHERE (nik_costumer ='18129310112231') LIMIT 1
Params: []

2015-07-05T23:17:27+07:00 INFO (6): 
Elapsed Secs: 0.00115
Query: connect
Params: []

2015-07-05T23:17:27+07:00 INFO (6): 
Elapsed Secs: 0.00045
Query: DESCRIBE `costumer`
Params: []

2015-07-05T23:17:27+07:00 INFO (6): 
Elapsed Secs: 0.00021
Query: SELECT `costumer`.* FROM `costumer` WHERE (nik_costumer ='18129310112231') LIMIT 1
Params: []

2015-07-05T23:17:51+07:00 INFO (6): 
Elapsed Secs: 0.00023
Query: connect
Params: []

2015-07-05T23:17:51+07:00 INFO (6): 
Elapsed Secs: 0.00045
Query: DESCRIBE `costumer`
Params: []

2015-07-05T23:17:51+07:00 INFO (6): 
Elapsed Secs: 0.00022
Query: SELECT `costumer`.* FROM `costumer` WHERE (nik_costumer ='18129310112231') LIMIT 1
Params: []

2015-07-05T23:19:14+07:00 INFO (6): 
Elapsed Secs: 0.00028
Query: connect
Params: []

2015-07-05T23:19:14+07:00 INFO (6): 
Elapsed Secs: 0.00051
Query: DESCRIBE `costumer`
Params: []

2015-07-05T23:19:14+07:00 INFO (6): 
Elapsed Secs: 0.0002
Query: SELECT `costumer`.* FROM `costumer` WHERE (nik_costumer ='18129310112231') LIMIT 1
Params: []

2015-07-05T23:19:14+07:00 INFO (6): 
Elapsed Secs: 0.00038
Query: DESCRIBE `kendaraan`
Params: []

2015-07-05T23:19:14+07:00 INFO (6): 
Elapsed Secs: 0.13624
Query: INSERT INTO `kendaraan` (`nik_costumer`, `no_polisi`, `no_bpkb`, `nama_bpkb`, `alamat`, `merk`, `no_mesin`, `no_rangka`, `warna`, `tahun_pembuatan`, `isi_silinder`, `tgl_stnk`, `status`) VALUES (?, ?, ?, ?, ?, ?, ?, ?, ?, ?, ?, ?, ?)
Params: {"1":"18129310112231","2":"AD-5064-JI","3":"123451111111","4":"Iskandar Parta","5":"Jl Jauh gang semping","6":"Honda","7":"01231111","8":"122212221222122212221222","9":"Hitam Metal","10":"2015-02-11","11":"250 cc","12":"2015-07-22","13":"new"}

2015-07-05T23:19:14+07:00 INFO (6): 
Elapsed Secs: 0.00029
Query: connect
Params: []

2015-07-05T23:19:14+07:00 INFO (6): 
Elapsed Secs: 0.00042
Query: DESCRIBE `cabang`
Params: []

2015-07-05T23:19:14+07:00 INFO (6): 
Elapsed Secs: 0.00015
Query: SELECT `cabang`.* FROM `cabang` WHERE (id_cabang = '29' ) LIMIT 1
Params: []

2015-07-05T23:19:14+07:00 INFO (6): 
Elapsed Secs: 0.00035
Query: DESCRIBE `kendaraan`
Params: []

2015-07-05T23:19:14+07:00 INFO (6): 
Elapsed Secs: 0.00027
Query: connect
Params: []

2015-07-05T23:19:14+07:00 INFO (6): 
Elapsed Secs: 0.00027
Query: SELECT `ken`.*, `cos`.`id_cabang`, `us`.`id_user`, `cb`.`cabang` FROM `kendaraan` AS `ken`
 INNER JOIN `costumer` AS `cos` ON cos.nik_costumer=ken.nik_costumer
 INNER JOIN `user` AS `us` ON us.id_user = cos.id_user
 INNER JOIN `cabang` AS `cb` ON cos.id_cabang = cb.id_cabang WHERE (us.id_user = '16') AND (cb.id_cabang = '29')
Params: []

2015-07-05T23:19:20+07:00 INFO (6): 
Elapsed Secs: 0.00123
Query: connect
Params: []

2015-07-05T23:19:20+07:00 INFO (6): 
Elapsed Secs: 0.00044
Query: DESCRIBE `costumer`
Params: []

2015-07-05T23:19:20+07:00 INFO (6): 
Elapsed Secs: 0.00025
Query: connect
Params: []

2015-07-05T23:19:20+07:00 INFO (6): 
Elapsed Secs: 0.00014
Query: SELECT `costumer`.`nik_costumer` FROM `costumer`
Params: []

2015-07-05T23:19:20+07:00 INFO (6): 
Elapsed Secs: 0.00031
Query: DESCRIBE `kendaraan`
Params: []

2015-07-05T23:19:20+07:00 INFO (6): 
Elapsed Secs: 0.00029
Query: SELECT `ken`.`no_polisi`, `ken`.`nik_costumer`, `cb`.* FROM `kendaraan` AS `ken`
 INNER JOIN `costumer` AS `cos` ON cos.nik_costumer = ken.nik_costumer
 INNER JOIN `penjamin` AS `pen` ON cos.nik_costumer = pen.nik_costumer
 INNER JOIN `user` AS `us` ON cos.id_user = us.id_user
 INNER JOIN `cabang` AS `cb` ON cb.id_cabang = us.id_cabang WHERE (us.id_user = '16') AND (ken.status != 'kredit')
Params: []

2015-07-05T23:19:29+07:00 INFO (6): 
Elapsed Secs: 0.00061
Query: connect
Params: []

2015-07-05T23:19:29+07:00 INFO (6): 
Elapsed Secs: 0.00132
Query: DESCRIBE `costumer`
Params: []

2015-07-05T23:19:29+07:00 INFO (6): 
Elapsed Secs: 0.00038
Query: SELECT `cos`.`nik_costumer`, `cos`.`nama`, `cos`.`alamat`, `cos`.`jenis_kelamin`, `cos`.`tempat_lahir`, `cos`.`tanggal_lahir`, `cos`.`nama_ibu`, `cos`.`agama`, `cos`.`status`, `cos`.`pekerjaan`, `cos`.`alamat_tempat_kerja`, `cos`.`hp`, `cos`.`telpon`, `us`.`realname` FROM `costumer` AS `cos`
 INNER JOIN `user` AS `us` ON cos.id_user=us.id_user
 INNER JOIN `cabang` AS `cb` ON us.id_cabang = cb.id_cabang WHERE (cos.id_user = '16')
Params: []

2015-07-05T23:19:34+07:00 INFO (6): 
Elapsed Secs: 0.00032
Query: connect
Params: []

2015-07-05T23:19:34+07:00 INFO (6): 
Elapsed Secs: 0.00069
Query: DESCRIBE `costumer`
Params: []

2015-07-05T23:19:34+07:00 INFO (6): 
Elapsed Secs: 0.00038
Query: SELECT `cos`.`id_costumer`, `cos`.`nik_costumer`, `cos`.`nama`, `cos`.`alamat`, `cos`.`jenis_kelamin`, `cos`.`tempat_lahir`, `cos`.`tanggal_lahir`, `cos`.`nama_ibu`, `cos`.`agama`, `cos`.`status`, `cos`.`pekerjaan`, `cos`.`alamat_tempat_kerja`, `cos`.`hp`, `cos`.`telpon`, `us`.`realname`, `cb`.`cabang` FROM `costumer` AS `cos`
 INNER JOIN `user` AS `us` ON cos.id_user=us.id_user
 INNER JOIN `cabang` AS `cb` ON cb.id_cabang = cos.id_cabang
Params: []

2015-07-05T23:19:36+07:00 INFO (6): 
Elapsed Secs: 0.00054
Query: connect
Params: []

2015-07-05T23:19:36+07:00 INFO (6): 
Elapsed Secs: 0.00124
Query: DESCRIBE `costumer`
Params: []

2015-07-05T23:19:36+07:00 INFO (6): 
Elapsed Secs: 0.00059
Query: SELECT `cos`.`nik_costumer`, `cos`.`nama`, `cos`.`alamat`, `cos`.`jenis_kelamin`, `cos`.`tempat_lahir`, `cos`.`tanggal_lahir`, `cos`.`nama_ibu`, `cos`.`agama`, `cos`.`status`, `cos`.`pekerjaan`, `cos`.`alamat_tempat_kerja`, `cos`.`hp`, `cos`.`telpon`, `us`.`realname`, `cb`.`cabang` FROM `costumer` AS `cos`
 INNER JOIN `user` AS `us` ON cos.id_user=us.id_user
 INNER JOIN `cabang` AS `cb` ON us.id_cabang = cb.id_cabang WHERE (cos.nik_costumer = '18129310112231')
Params: []

2015-07-05T23:19:36+07:00 INFO (6): 
Elapsed Secs: 0.00054
Query: connect
Params: []

2015-07-05T23:19:36+07:00 INFO (6): 
Elapsed Secs: 0.00054
Query: SELECT `penj`.* FROM `costumer` AS `cos`
 INNER JOIN `penjamin` AS `penj` ON penj.nik_costumer = cos.nik_costumer WHERE (cos.nik_costumer = '18129310112231')
Params: []

2015-07-05T23:19:39+07:00 INFO (6): 
Elapsed Secs: 0.00029
Query: connect
Params: []

2015-07-05T23:19:39+07:00 INFO (6): 
Elapsed Secs: 0.00063
Query: DESCRIBE `costumer`
Params: []

2015-07-05T23:19:39+07:00 INFO (6): 
Elapsed Secs: 0.00022
Query: SELECT `costumer`.* FROM `costumer` WHERE (nik_costumer ='18129310112231') LIMIT 1
Params: []

2015-07-05T23:20:27+07:00 INFO (6): 
Elapsed Secs: 0.00032
Query: connect
Params: []

2015-07-05T23:20:27+07:00 INFO (6): 
Elapsed Secs: 0.00044
Query: DESCRIBE `costumer`
Params: []

2015-07-05T23:20:27+07:00 INFO (6): 
Elapsed Secs: 0.00021
Query: SELECT `costumer`.* FROM `costumer` WHERE (nik_costumer ='18129310112231') LIMIT 1
Params: []

2015-07-05T23:20:42+07:00 INFO (6): 
Elapsed Secs: 0.00158
Query: connect
Params: []

2015-07-05T23:20:42+07:00 INFO (6): 
Elapsed Secs: 0.00061
Query: DESCRIBE `penjamin`
Params: []

2015-07-05T23:20:42+07:00 INFO (6): 
Elapsed Secs: 0.20482
Query: INSERT INTO `penjamin` (`nik_costumer`, `nik_penjamin`, `nama`, `alamat`, `tempat_lahir`, `tanggal_lahir`, `jenis_kelamin`, `nama_ibu`, `agama`, `status`, `pekerjaan`, `alamat_tempat_kerja`, `hp`, `telpon`) VALUES (?, ?, ?, ?, ?, ?, ?, ?, ?, ?, ?, ?, ?, ?)
Params: {"1":"18129310112231","2":"Mahendra","3":"Mahendra","4":"Mahendra","5":"Mahendra","6":"2015-07-28","7":"Laki-Laki","8":"Mahendra","9":"islam","10":"Menikah","11":"Mahendra","12":"Mahendra","13":"Mahendra","14":"Mahendra"}

2015-07-05T23:20:42+07:00 INFO (6): 
Elapsed Secs: 0.00028
Query: connect
Params: []

2015-07-05T23:20:42+07:00 INFO (6): 
Elapsed Secs: 0.0004
Query: DESCRIBE `costumer`
Params: []

2015-07-05T23:20:42+07:00 INFO (6): 
Elapsed Secs: 0.00024
Query: SELECT `cos`.`nik_costumer`, `cos`.`nama`, `cos`.`alamat`, `cos`.`jenis_kelamin`, `cos`.`tempat_lahir`, `cos`.`tanggal_lahir`, `cos`.`nama_ibu`, `cos`.`agama`, `cos`.`status`, `cos`.`pekerjaan`, `cos`.`alamat_tempat_kerja`, `cos`.`hp`, `cos`.`telpon`, `us`.`realname`, `cb`.`cabang` FROM `costumer` AS `cos`
 INNER JOIN `user` AS `us` ON cos.id_user=us.id_user
 INNER JOIN `cabang` AS `cb` ON us.id_cabang = cb.id_cabang WHERE (cos.nik_costumer = '18129310112231')
Params: []

2015-07-05T23:20:42+07:00 INFO (6): 
Elapsed Secs: 0.00028
Query: connect
Params: []

2015-07-05T23:20:42+07:00 INFO (6): 
Elapsed Secs: 0.00017
Query: SELECT `penj`.* FROM `costumer` AS `cos`
 INNER JOIN `penjamin` AS `penj` ON penj.nik_costumer = cos.nik_costumer WHERE (cos.nik_costumer = '18129310112231')
Params: []

2015-07-05T23:20:45+07:00 INFO (6): 
Elapsed Secs: 0.00025
Query: connect
Params: []

2015-07-05T23:20:45+07:00 INFO (6): 
Elapsed Secs: 0.0005
Query: DESCRIBE `penjamin`
Params: []

2015-07-05T23:20:45+07:00 INFO (6): 
Elapsed Secs: 0.00018
Query: SELECT `penjamin`.* FROM `penjamin` WHERE (nik_costumer ='18129310112231') LIMIT 1
Params: []

2015-07-05T23:20:51+07:00 INFO (6): 
Elapsed Secs: 0.00031
Query: connect
Params: []

2015-07-05T23:20:51+07:00 INFO (6): 
Elapsed Secs: 0.00062
Query: DESCRIBE `costumer`
Params: []

2015-07-05T23:20:51+07:00 INFO (6): 
Elapsed Secs: 0.00041
Query: SELECT `cos`.`nik_costumer`, `cos`.`nama`, `cos`.`alamat`, `cos`.`jenis_kelamin`, `cos`.`tempat_lahir`, `cos`.`tanggal_lahir`, `cos`.`nama_ibu`, `cos`.`agama`, `cos`.`status`, `cos`.`pekerjaan`, `cos`.`alamat_tempat_kerja`, `cos`.`hp`, `cos`.`telpon`, `us`.`realname` FROM `costumer` AS `cos`
 INNER JOIN `user` AS `us` ON cos.id_user=us.id_user
 INNER JOIN `cabang` AS `cb` ON us.id_cabang = cb.id_cabang WHERE (cos.id_user = '16')
Params: []

2015-07-05T23:20:54+07:00 INFO (6): 
Elapsed Secs: 0.00028
Query: connect
Params: []

2015-07-05T23:20:54+07:00 INFO (6): 
Elapsed Secs: 0.00054
Query: DESCRIBE `cabang`
Params: []

2015-07-05T23:20:54+07:00 INFO (6): 
Elapsed Secs: 0.0002
Query: SELECT `cabang`.* FROM `cabang` WHERE (id_cabang = '29' ) LIMIT 1
Params: []

2015-07-05T23:20:54+07:00 INFO (6): 
Elapsed Secs: 0.00041
Query: DESCRIBE `pinjaman`
Params: []

2015-07-05T23:20:54+07:00 INFO (6): 
Elapsed Secs: 0.00027
Query: SELECT `pin`.*, `cos`.`nama` FROM `pinjaman` AS `pin`
 INNER JOIN `costumer` AS `cos` ON pin.nik_costumer = cos.nik_costumer
 INNER JOIN `user` AS `us` ON cos.id_user = us.id_user
 INNER JOIN `cabang` AS `cb` ON us.id_cabang = cb.id_cabang WHERE (us.id_user = '16') AND (cb.id_cabang = '29')
Params: []

2015-07-05T23:20:54+07:00 INFO (6): 
Elapsed Secs: 0.00036
Query: DESCRIBE `spb`
Params: []

2015-07-05T23:20:54+07:00 INFO (6): 
Elapsed Secs: 0.00019
Query: SELECT `spb`.* FROM `spb` WHERE (no_kontrak = '29/MF/00001/15') LIMIT 1
Params: []

2015-07-05T23:20:54+07:00 INFO (6): 
Elapsed Secs: 0.00016
Query: SELECT `spb`.* FROM `spb` WHERE (no_kontrak = '29/MF/00154/15') LIMIT 1
Params: []

2015-07-05T23:20:57+07:00 INFO (6): 
Elapsed Secs: 0.00023
Query: connect
Params: []

2015-07-05T23:20:57+07:00 INFO (6): 
Elapsed Secs: 0.00046
Query: DESCRIBE `cabang`
Params: []

2015-07-05T23:20:57+07:00 INFO (6): 
Elapsed Secs: 0.00016
Query: SELECT `cabang`.* FROM `cabang` WHERE (id_cabang = '29' ) LIMIT 1
Params: []

2015-07-05T23:20:57+07:00 INFO (6): 
Elapsed Secs: 0.00029
Query: DESCRIBE `pinjaman`
Params: []

2015-07-05T23:20:57+07:00 INFO (6): 
Elapsed Secs: 0.00019
Query: SELECT `pin`.*, `cos`.`nama` FROM `pinjaman` AS `pin`
 INNER JOIN `costumer` AS `cos` ON pin.nik_costumer = cos.nik_costumer
 INNER JOIN `user` AS `us` ON cos.id_user = us.id_user
 INNER JOIN `cabang` AS `cb` ON us.id_cabang = cb.id_cabang WHERE (us.id_user = '16') AND (cb.id_cabang = '29')
Params: []

2015-07-05T23:20:57+07:00 INFO (6): 
Elapsed Secs: 0.00031
Query: DESCRIBE `spb`
Params: []

2015-07-05T23:20:57+07:00 INFO (6): 
Elapsed Secs: 0.00012
Query: SELECT `spb`.* FROM `spb` WHERE (no_kontrak = '29/MF/00001/15') LIMIT 1
Params: []

2015-07-05T23:20:57+07:00 INFO (6): 
Elapsed Secs: 0.00012
Query: SELECT `spb`.* FROM `spb` WHERE (no_kontrak = '29/MF/00154/15') LIMIT 1
Params: []

2015-07-05T23:20:59+07:00 INFO (6): 
Elapsed Secs: 0.00025
Query: connect
Params: []

2015-07-05T23:20:59+07:00 INFO (6): 
Elapsed Secs: 0.00058
Query: DESCRIBE `costumer`
Params: []

2015-07-05T23:20:59+07:00 INFO (6): 
Elapsed Secs: 0.00023
Query: connect
Params: []

2015-07-05T23:20:59+07:00 INFO (6): 
Elapsed Secs: 0.00015
Query: SELECT `costumer`.`nik_costumer` FROM `costumer`
Params: []

2015-07-05T23:20:59+07:00 INFO (6): 
Elapsed Secs: 0.00048
Query: DESCRIBE `kendaraan`
Params: []

2015-07-05T23:20:59+07:00 INFO (6): 
Elapsed Secs: 0.0003
Query: SELECT `ken`.`no_polisi`, `ken`.`nik_costumer`, `cb`.* FROM `kendaraan` AS `ken`
 INNER JOIN `costumer` AS `cos` ON cos.nik_costumer = ken.nik_costumer
 INNER JOIN `penjamin` AS `pen` ON cos.nik_costumer = pen.nik_costumer
 INNER JOIN `user` AS `us` ON cos.id_user = us.id_user
 INNER JOIN `cabang` AS `cb` ON cb.id_cabang = us.id_cabang WHERE (us.id_user = '16') AND (ken.status != 'kredit')
Params: []

2015-07-05T23:21:11+07:00 INFO (6): 
Elapsed Secs: 0.00029
Query: connect
Params: []

2015-07-05T23:21:11+07:00 INFO (6): 
Elapsed Secs: 0.00054
Query: DESCRIBE `costumer`
Params: []

2015-07-05T23:21:11+07:00 INFO (6): 
Elapsed Secs: 0.00028
Query: connect
Params: []

2015-07-05T23:21:11+07:00 INFO (6): 
Elapsed Secs: 0.00014
Query: SELECT `costumer`.`nik_costumer` FROM `costumer`
Params: []

2015-07-05T23:21:11+07:00 INFO (6): 
Elapsed Secs: 0.00047
Query: DESCRIBE `kendaraan`
Params: []

2015-07-05T23:21:11+07:00 INFO (6): 
Elapsed Secs: 0.00032
Query: SELECT `ken`.`no_polisi`, `ken`.`nik_costumer`, `cb`.* FROM `kendaraan` AS `ken`
 INNER JOIN `costumer` AS `cos` ON cos.nik_costumer = ken.nik_costumer
 INNER JOIN `penjamin` AS `pen` ON cos.nik_costumer = pen.nik_costumer
 INNER JOIN `user` AS `us` ON cos.id_user = us.id_user
 INNER JOIN `cabang` AS `cb` ON cb.id_cabang = us.id_cabang WHERE (us.id_user = '16') AND (ken.status != 'kredit')
Params: []

2015-07-05T23:21:23+07:00 INFO (6): 
Elapsed Secs: 0.00024
Query: connect
Params: []

2015-07-05T23:21:23+07:00 INFO (6): 
Elapsed Secs: 0.06365
Query: UPDATE `user_login` SET `status` = ? WHERE (id_user ='16')
Params: {"1":0}

2015-07-05T23:21:25+07:00 INFO (6): 
Elapsed Secs: 0.00025
Query: connect
Params: []

2015-07-05T23:21:25+07:00 INFO (6): 
Elapsed Secs: 0.00046
Query: DESCRIBE `user`
Params: []

2015-07-05T23:21:25+07:00 INFO (6): 
Elapsed Secs: 0.00024
Query: connect
Params: []

2015-07-05T23:21:25+07:00 INFO (6): 
Elapsed Secs: 0.00027
Query: SELECT `user`.*, `cabang`.* FROM `user`
 INNER JOIN `cabang` ON cabang.id_cabang = user.id_cabang WHERE (user.username = 'rendi') AND (user.password = 'd033e22ae348aeb5660fc2140aec35850c4da997')
Params: []

2015-07-05T23:21:25+07:00 INFO (6): 
Elapsed Secs: 0.0002
Query: SELECT `user`.*, `user_login`.*, `cabang`.* FROM `user`
 INNER JOIN `user_login` ON user_login.id_user = user.id_user
 INNER JOIN `cabang` ON cabang.id_cabang = user.id_cabang WHERE (user.id_user = '17')
Params: []

2015-07-05T23:21:25+07:00 INFO (6): 
Elapsed Secs: 0.22928
Query: UPDATE `user_login` SET `status` = ?, `login_time` = NOW(), `ip_login` = ?, `last_login` = ? WHERE (id_user = '17')
Params: {"1":1,"2":"127.0.0.1","3":"2015-07-05 23:05:05"}

2015-07-05T23:21:25+07:00 INFO (6): 
Elapsed Secs: 0.00033
Query: SELECT `user`.*, `user_login`.*, `cabang`.* FROM `user`
 INNER JOIN `user_login` ON user_login.id_user = user.id_user
 INNER JOIN `cabang` ON cabang.id_cabang = user.id_cabang WHERE (user.id_user = '17')
Params: []

2015-07-05T23:21:29+07:00 INFO (6): 
Elapsed Secs: 0.00032
Query: connect
Params: []

2015-07-05T23:21:29+07:00 INFO (6): 
Elapsed Secs: 0.00057
Query: DESCRIBE `costumer`
Params: []

2015-07-05T23:21:29+07:00 INFO (6): 
Elapsed Secs: 0.00026
Query: connect
Params: []

2015-07-05T23:21:29+07:00 INFO (6): 
Elapsed Secs: 0.00017
Query: SELECT `costumer`.`nik_costumer` FROM `costumer`
Params: []

2015-07-05T23:21:29+07:00 INFO (6): 
Elapsed Secs: 0.00035
Query: DESCRIBE `kendaraan`
Params: []

2015-07-05T23:21:29+07:00 INFO (6): 
Elapsed Secs: 0.00026
Query: SELECT `ken`.`no_polisi`, `ken`.`nik_costumer`, `cb`.* FROM `kendaraan` AS `ken`
 INNER JOIN `costumer` AS `cos` ON cos.nik_costumer = ken.nik_costumer
 INNER JOIN `penjamin` AS `pen` ON cos.nik_costumer = pen.nik_costumer
 INNER JOIN `user` AS `us` ON cos.id_user = us.id_user
 INNER JOIN `cabang` AS `cb` ON cb.id_cabang = us.id_cabang WHERE (us.id_user = '17') AND (ken.status != 'kredit')
Params: []

2015-07-05T23:21:31+07:00 INFO (6): 
Elapsed Secs: 0.00027
Query: connect
Params: []

2015-07-05T23:21:31+07:00 INFO (6): 
Elapsed Secs: 0.00049
Query: DESCRIBE `costumer`
Params: []

2015-07-05T23:21:31+07:00 INFO (6): 
Elapsed Secs: 0.00026
Query: connect
Params: []

2015-07-05T23:21:31+07:00 INFO (6): 
Elapsed Secs: 0.00015
Query: SELECT `costumer`.`nik_costumer` FROM `costumer`
Params: []

2015-07-05T23:21:31+07:00 INFO (6): 
Elapsed Secs: 0.00036
Query: DESCRIBE `kendaraan`
Params: []

2015-07-05T23:21:31+07:00 INFO (6): 
Elapsed Secs: 0.00051
Query: SELECT `ken`.`no_polisi`, `ken`.`nik_costumer`, `cb`.* FROM `kendaraan` AS `ken`
 INNER JOIN `costumer` AS `cos` ON cos.nik_costumer = ken.nik_costumer
 INNER JOIN `penjamin` AS `pen` ON cos.nik_costumer = pen.nik_costumer
 INNER JOIN `user` AS `us` ON cos.id_user = us.id_user
 INNER JOIN `cabang` AS `cb` ON cb.id_cabang = us.id_cabang WHERE (us.id_user = '17') AND (ken.status != 'kredit')
Params: []

2015-07-05T23:21:31+07:00 INFO (6): 
Elapsed Secs: 0.00029
Query: SELECT `cos`.`nik_costumer`, `cos`.`nama` FROM `kendaraan` AS `ken`
 INNER JOIN `costumer` AS `cos` ON cos.nik_costumer = ken.nik_costumer WHERE (ken.no_polisi = 'AD-5064-JI')
Params: []

2015-07-05T23:21:31+07:00 INFO (6): 
Elapsed Secs: 0.00095
Query: DESCRIBE `pinjaman`
Params: []

2015-07-05T23:21:31+07:00 INFO (6): 
Elapsed Secs: 0.00026
Query: SELECT `pinjaman`.* FROM `pinjaman` WHERE (nik_costumer ='18129310112231') LIMIT 1
Params: []

2015-07-05T23:21:31+07:00 INFO (6): 
Elapsed Secs: 0.00022
Query: SELECT `pinjaman`.`id_pinjaman` FROM `pinjaman` ORDER BY `id_pinjaman` desc
Params: []

2015-07-05T23:21:48+07:00 INFO (6): 
Elapsed Secs: 0.00111
Query: connect
Params: []

2015-07-05T23:21:48+07:00 INFO (6): 
Elapsed Secs: 0.00038
Query: DESCRIBE `pinjaman`
Params: []

2015-07-05T23:21:49+07:00 INFO (6): 
Elapsed Secs: 0.57778
Query: INSERT INTO `pinjaman` (`no_polisi`, `no_kontrak`, `nik_costumer`, `nilai_pinjaman`, `angsuran_perbulan`, `lama_angsuran`, `tanggal_jatuh_tempo`) VALUES (?, ?, ?, ?, ?, ?, ?)
Params: {"1":"AD-5064-JI","2":"30\/MF\/00155\/15","3":"18129310112231","4":"300000000","5":"3000000","6":"12","7":"07"}

2015-07-05T23:21:49+07:00 INFO (6): 
Elapsed Secs: 0.12219
Query: UPDATE `kendaraan` SET `status` = ? WHERE (no_polisi = 'AD-5064-JI')
Params: {"1":"kredit"}

2015-07-05T23:21:51+07:00 INFO (6): 
Elapsed Secs: 0.00025
Query: connect
Params: []

2015-07-05T23:21:51+07:00 INFO (6): 
Elapsed Secs: 0.00048
Query: DESCRIBE `costumer`
Params: []

2015-07-05T23:21:51+07:00 INFO (6): 
Elapsed Secs: 0.00027
Query: connect
Params: []

2015-07-05T23:21:51+07:00 INFO (6): 
Elapsed Secs: 0.00017
Query: SELECT `costumer`.`nik_costumer` FROM `costumer`
Params: []

2015-07-05T23:21:51+07:00 INFO (6): 
Elapsed Secs: 0.00039
Query: DESCRIBE `kendaraan`
Params: []

2015-07-05T23:21:51+07:00 INFO (6): 
Elapsed Secs: 0.00026
Query: SELECT `ken`.`no_polisi`, `ken`.`nik_costumer`, `cb`.* FROM `kendaraan` AS `ken`
 INNER JOIN `costumer` AS `cos` ON cos.nik_costumer = ken.nik_costumer
 INNER JOIN `penjamin` AS `pen` ON cos.nik_costumer = pen.nik_costumer
 INNER JOIN `user` AS `us` ON cos.id_user = us.id_user
 INNER JOIN `cabang` AS `cb` ON cb.id_cabang = us.id_cabang WHERE (us.id_user = '17') AND (ken.status != 'kredit')
Params: []

2015-07-05T23:21:51+07:00 INFO (6): 
Elapsed Secs: 0.00045
Query: SELECT `cos`.`nik_costumer`, `cos`.`nama` FROM `kendaraan` AS `ken`
 INNER JOIN `costumer` AS `cos` ON cos.nik_costumer = ken.nik_costumer WHERE (ken.no_polisi = 'AD-5064-JI')
Params: []

2015-07-05T23:21:51+07:00 INFO (6): 
Elapsed Secs: 0.00105
Query: DESCRIBE `pinjaman`
Params: []

2015-07-05T23:21:52+07:00 INFO (6): 
Elapsed Secs: 0.0004
Query: SELECT `pinjaman`.* FROM `pinjaman` WHERE (nik_costumer ='18129310112231') LIMIT 1
Params: []

2015-07-05T23:21:52+07:00 INFO (6): 
Elapsed Secs: 0.00036
Query: SELECT `pinjaman`.`id_pinjaman` FROM `pinjaman` ORDER BY `id_pinjaman` desc
Params: []

2015-07-05T23:21:54+07:00 INFO (6): 
Elapsed Secs: 0.0002
Query: connect
Params: []

2015-07-05T23:21:54+07:00 INFO (6): 
Elapsed Secs: 0.00047
Query: DESCRIBE `cabang`
Params: []

2015-07-05T23:21:54+07:00 INFO (6): 
Elapsed Secs: 0.00017
Query: SELECT `cabang`.* FROM `cabang` WHERE (id_cabang = '30' ) LIMIT 1
Params: []

2015-07-05T23:21:54+07:00 INFO (6): 
Elapsed Secs: 0.00035
Query: DESCRIBE `pinjaman`
Params: []

2015-07-05T23:21:54+07:00 INFO (6): 
Elapsed Secs: 0.00024
Query: SELECT `pin`.*, `cos`.`nama` FROM `pinjaman` AS `pin`
 INNER JOIN `costumer` AS `cos` ON pin.nik_costumer = cos.nik_costumer
 INNER JOIN `user` AS `us` ON cos.id_user = us.id_user
 INNER JOIN `cabang` AS `cb` ON us.id_cabang = cb.id_cabang WHERE (us.id_user = '17') AND (cb.id_cabang = '30')
Params: []

2015-07-05T23:21:54+07:00 INFO (6): 
Elapsed Secs: 0.00029
Query: DESCRIBE `spb`
Params: []

2015-07-05T23:21:54+07:00 INFO (6): 
Elapsed Secs: 0.00014
Query: SELECT `spb`.* FROM `spb` WHERE (no_kontrak = '30/MF/00155/15') LIMIT 1
Params: []

2015-07-05T23:23:42+07:00 INFO (6): 
Elapsed Secs: 0.00117
Query: connect
Params: []

2015-07-05T23:23:42+07:00 INFO (6): 
Elapsed Secs: 0.00042
Query: DESCRIBE `cabang`
Params: []

2015-07-05T23:23:42+07:00 INFO (6): 
Elapsed Secs: 0.00016
Query: SELECT `cabang`.* FROM `cabang` WHERE (id_cabang = '30' ) LIMIT 1
Params: []

2015-07-05T23:23:42+07:00 INFO (6): 
Elapsed Secs: 0.0003
Query: DESCRIBE `pinjaman`
Params: []

2015-07-05T23:23:42+07:00 INFO (6): 
Elapsed Secs: 0.00023
Query: SELECT `pin`.*, `cos`.`nama` FROM `pinjaman` AS `pin`
 INNER JOIN `costumer` AS `cos` ON pin.nik_costumer = cos.nik_costumer
 INNER JOIN `user` AS `us` ON cos.id_user = us.id_user
 INNER JOIN `cabang` AS `cb` ON us.id_cabang = cb.id_cabang WHERE (us.id_user = '17') AND (cb.id_cabang = '30')
Params: []

2015-07-05T23:23:42+07:00 INFO (6): 
Elapsed Secs: 0.00032
Query: DESCRIBE `spb`
Params: []

2015-07-05T23:23:42+07:00 INFO (6): 
Elapsed Secs: 0.0002
Query: SELECT `spb`.* FROM `spb` WHERE (no_kontrak = '30/MF/00155/15') LIMIT 1
Params: []

2015-07-05T23:24:13+07:00 INFO (6): 
Elapsed Secs: 0.00029
Query: connect
Params: []

2015-07-05T23:24:13+07:00 INFO (6): 
Elapsed Secs: 0.00052
Query: DESCRIBE `cabang`
Params: []

2015-07-05T23:24:13+07:00 INFO (6): 
Elapsed Secs: 0.00014
Query: SELECT `cabang`.* FROM `cabang` WHERE (id_cabang = '30' ) LIMIT 1
Params: []

2015-07-05T23:24:13+07:00 INFO (6): 
Elapsed Secs: 0.00029
Query: DESCRIBE `pinjaman`
Params: []

2015-07-05T23:24:13+07:00 INFO (6): 
Elapsed Secs: 0.00022
Query: SELECT `pin`.*, `cos`.`nama` FROM `pinjaman` AS `pin`
 INNER JOIN `costumer` AS `cos` ON pin.nik_costumer = cos.nik_costumer
 INNER JOIN `user` AS `us` ON cos.id_user = us.id_user
 INNER JOIN `cabang` AS `cb` ON us.id_cabang = cb.id_cabang WHERE (us.id_user = '17') AND (cb.id_cabang = '30')
Params: []

2015-07-05T23:24:13+07:00 INFO (6): 
Elapsed Secs: 0.0003
Query: DESCRIBE `spb`
Params: []

2015-07-05T23:24:13+07:00 INFO (6): 
Elapsed Secs: 0.00015
Query: SELECT `spb`.* FROM `spb` WHERE (no_kontrak = '30/MF/00155/15') LIMIT 1
Params: []

2015-07-05T23:24:21+07:00 INFO (6): 
Elapsed Secs: 0.0003
Query: connect
Params: []

2015-07-05T23:24:21+07:00 INFO (6): 
Elapsed Secs: 0.00026
Query: connect
Params: []

2015-07-05T23:24:21+07:00 INFO (6): 
Elapsed Secs: 0.00044
Query: DESCRIBE `pinjaman`
Params: []

2015-07-05T23:24:21+07:00 INFO (6): 
Elapsed Secs: 0.00018
Query: SELECT `pinjaman`.* FROM `pinjaman` WHERE (id_pinjaman ='156') LIMIT 1
Params: []

2015-07-05T23:24:21+07:00 INFO (6): 
Elapsed Secs: 0.00027
Query: DESCRIBE `spb`
Params: []

2015-07-05T23:24:21+07:00 INFO (6): 
Elapsed Secs: 0.03472
Query: INSERT INTO `spb` (`nik_costumer`, `no_kontrak`, `no_polisi`) VALUES (?, ?, ?)
Params: {"1":"18129310112231","2":"30\/MF\/00155\/15","3":"AD-5064-JI"}

2015-07-05T23:24:21+07:00 INFO (6): 
Elapsed Secs: 0.00023
Query: SELECT `pin`.*, `pin`.`no_kontrak`, `cos`.`nama`, `ken`.`no_polisi`, `ken`.`merk`, `ken`.`tahun_pembuatan`, `ken`.`warna`, `ken`.`nama_bpkb`, `pin`.`nilai_pinjaman`, `pin`.`angsuran_perbulan`, `pin`.`lama_angsuran`, `pin`.`tanggal_jatuh_tempo` FROM `pinjaman` AS `pin`
 INNER JOIN `costumer` AS `cos` ON pin.nik_costumer = cos.nik_costumer
 INNER JOIN `user` AS `us` ON cos.id_user = us.id_user
 INNER JOIN `kendaraan` AS `ken` ON ken.no_polisi = pin.no_polisi WHERE (pin.id_pinjaman = '156')
Params: []

2015-07-05T23:25:09+07:00 INFO (6): 
Elapsed Secs: 0.00023
Query: connect
Params: []

2015-07-05T23:25:09+07:00 INFO (6): 
Elapsed Secs: 0.00044
Query: DESCRIBE `pinjaman`
Params: []

2015-07-05T23:25:09+07:00 INFO (6): 
Elapsed Secs: 0.00028
Query: SELECT `pin`.*, `pin`.`no_kontrak`, `cos`.`nama`, `ken`.`no_polisi`, `ken`.`merk`, `ken`.`tahun_pembuatan`, `ken`.`warna`, `ken`.`nama_bpkb`, `pin`.`nilai_pinjaman`, `pin`.`angsuran_perbulan`, `pin`.`lama_angsuran`, `pin`.`tanggal_jatuh_tempo` FROM `pinjaman` AS `pin`
 INNER JOIN `costumer` AS `cos` ON pin.nik_costumer = cos.nik_costumer
 INNER JOIN `user` AS `us` ON cos.id_user = us.id_user
 INNER JOIN `kendaraan` AS `ken` ON ken.no_polisi = pin.no_polisi WHERE (pin.id_pinjaman = '156')
Params: []

2015-07-05T23:25:14+07:00 INFO (6): 
Elapsed Secs: 0.00112
Query: connect
Params: []

2015-07-05T23:25:15+07:00 INFO (6): 
Elapsed Secs: 0.06304
Query: UPDATE `user_login` SET `status` = ? WHERE (id_user ='17')
Params: {"1":0}

2015-07-05T23:25:44+07:00 INFO (6): 
Elapsed Secs: 0.00029
Query: connect
Params: []

2015-07-05T23:25:44+07:00 INFO (6): 
Elapsed Secs: 0.00043
Query: DESCRIBE `user`
Params: []

2015-07-05T23:25:44+07:00 INFO (6): 
Elapsed Secs: 0.00021
Query: connect
Params: []

2015-07-05T23:25:44+07:00 INFO (6): 
Elapsed Secs: 0.00024
Query: SELECT `user`.*, `cabang`.* FROM `user`
 INNER JOIN `cabang` ON cabang.id_cabang = user.id_cabang WHERE (user.username = 'rendi') AND (user.password = 'd033e22ae348aeb5660fc2140aec35850c4da997')
Params: []

2015-07-05T23:25:44+07:00 INFO (6): 
Elapsed Secs: 0.00019
Query: SELECT `user`.*, `user_login`.*, `cabang`.* FROM `user`
 INNER JOIN `user_login` ON user_login.id_user = user.id_user
 INNER JOIN `cabang` ON cabang.id_cabang = user.id_cabang WHERE (user.id_user = '17')
Params: []

2015-07-05T23:25:44+07:00 INFO (6): 
Elapsed Secs: 0.3074
Query: UPDATE `user_login` SET `status` = ?, `login_time` = NOW(), `ip_login` = ?, `last_login` = ? WHERE (id_user = '17')
Params: {"1":1,"2":"127.0.0.1","3":"2015-07-05 23:21:25"}

2015-07-05T23:25:44+07:00 INFO (6): 
Elapsed Secs: 0.00027
Query: SELECT `user`.*, `user_login`.*, `cabang`.* FROM `user`
 INNER JOIN `user_login` ON user_login.id_user = user.id_user
 INNER JOIN `cabang` ON cabang.id_cabang = user.id_cabang WHERE (user.id_user = '17')
Params: []

2015-07-05T23:25:47+07:00 INFO (6): 
Elapsed Secs: 0.00021
Query: connect
Params: []

2015-07-05T23:25:47+07:00 INFO (6): 
Elapsed Secs: 0.00039
Query: DESCRIBE `cabang`
Params: []

2015-07-05T23:25:47+07:00 INFO (6): 
Elapsed Secs: 0.00016
Query: SELECT `cabang`.* FROM `cabang` WHERE (id_cabang = '30' ) LIMIT 1
Params: []

2015-07-05T23:25:47+07:00 INFO (6): 
Elapsed Secs: 0.00033
Query: DESCRIBE `pinjaman`
Params: []

2015-07-05T23:25:47+07:00 INFO (6): 
Elapsed Secs: 0.00023
Query: SELECT `pin`.*, `cos`.`nama` FROM `pinjaman` AS `pin`
 INNER JOIN `costumer` AS `cos` ON pin.nik_costumer = cos.nik_costumer
 INNER JOIN `user` AS `us` ON cos.id_user = us.id_user
 INNER JOIN `cabang` AS `cb` ON us.id_cabang = cb.id_cabang WHERE (us.id_user = '17') AND (cb.id_cabang = '30')
Params: []

2015-07-05T23:25:47+07:00 INFO (6): 
Elapsed Secs: 0.00029
Query: DESCRIBE `spb`
Params: []

2015-07-05T23:25:47+07:00 INFO (6): 
Elapsed Secs: 0.00017
Query: SELECT `spb`.* FROM `spb` WHERE (no_kontrak = '30/MF/00155/15') LIMIT 1
Params: []

2015-07-05T23:49:32+07:00 INFO (6): 
Elapsed Secs: 0.00025
Query: connect
Params: []

2015-07-05T23:49:32+07:00 INFO (6): 
Elapsed Secs: 0.00044
Query: DESCRIBE `user`
Params: []

2015-07-05T23:49:32+07:00 INFO (6): 
Elapsed Secs: 0.00019
Query: connect
Params: []

2015-07-05T23:49:32+07:00 INFO (6): 
Elapsed Secs: 0.0002
Query: SELECT `user`.*, `cabang`.* FROM `user`
 INNER JOIN `cabang` ON cabang.id_cabang = user.id_cabang WHERE (user.username = 'admin') AND (user.password = 'd033e22ae348aeb5660fc2140aec35850c4da997')
Params: []

2015-07-05T23:49:32+07:00 INFO (6): 
Elapsed Secs: 0.00016
Query: SELECT `user`.*, `user_login`.*, `cabang`.* FROM `user`
 INNER JOIN `user_login` ON user_login.id_user = user.id_user
 INNER JOIN `cabang` ON cabang.id_cabang = user.id_cabang WHERE (user.id_user = '16')
Params: []

2015-07-05T23:49:32+07:00 INFO (6): 
Elapsed Secs: 0.09611
Query: UPDATE `user_login` SET `status` = ?, `login_time` = NOW(), `ip_login` = ?, `last_login` = ? WHERE (id_user = '16')
Params: {"1":1,"2":"127.0.0.1","3":"2015-07-05 23:14:36"}

2015-07-05T23:49:32+07:00 INFO (6): 
Elapsed Secs: 0.00022
Query: SELECT `user`.*, `user_login`.*, `cabang`.* FROM `user`
 INNER JOIN `user_login` ON user_login.id_user = user.id_user
 INNER JOIN `cabang` ON cabang.id_cabang = user.id_cabang WHERE (user.id_user = '16')
Params: []

2015-07-05T23:49:35+07:00 INFO (6): 
Elapsed Secs: 0.00025
Query: connect
Params: []

2015-07-05T23:49:35+07:00 INFO (6): 
Elapsed Secs: 0.00049
Query: DESCRIBE `user`
Params: []

2015-07-05T23:49:35+07:00 INFO (6): 
Elapsed Secs: 0.00022
Query: connect
Params: []

2015-07-05T23:49:35+07:00 INFO (6): 
Elapsed Secs: 0.04484
Query: SELECT `user`.*, `cb`.*, `cb`.`cabang` FROM `user`
 INNER JOIN `cabang` AS `cb` ON cb.id_cabang =user.id_cabang  WHERE (level != 'superadmin') ORDER BY `id_user` desc
Params: []

2015-07-05T23:51:58+07:00 INFO (6): 
Elapsed Secs: 0.00025
Query: connect
Params: []

2015-07-05T23:51:58+07:00 INFO (6): 
Elapsed Secs: 0.00048
Query: DESCRIBE `user`
Params: []

2015-07-05T23:51:58+07:00 INFO (6): 
Elapsed Secs: 0.00018
Query: connect
Params: []

2015-07-05T23:51:58+07:00 INFO (6): 
Elapsed Secs: 0.0004
Query: SELECT `user`.*, `cb`.*, `cb`.`cabang` FROM `user`
 INNER JOIN `cabang` AS `cb` ON cb.id_cabang =user.id_cabang  WHERE (level != 'superadmin') ORDER BY `id_user` desc
Params: []

2015-07-05T23:52:08+07:00 INFO (6): 
Elapsed Secs: 0.00019
Query: connect
Params: []

2015-07-05T23:52:08+07:00 INFO (6): 
Elapsed Secs: 0.00049
Query: DESCRIBE `cabang`
Params: []

2015-07-05T23:52:08+07:00 INFO (6): 
Elapsed Secs: 0.00016
Query: SELECT `cabang`.* FROM `cabang` WHERE (id_cabang = '29' ) LIMIT 1
Params: []

2015-07-05T23:52:08+07:00 INFO (6): 
Elapsed Secs: 0.00041
Query: DESCRIBE `pinjaman`
Params: []

2015-07-05T23:52:08+07:00 INFO (6): 
Elapsed Secs: 0.00026
Query: SELECT `pin`.*, `cos`.`nama` FROM `pinjaman` AS `pin`
 INNER JOIN `costumer` AS `cos` ON pin.nik_costumer = cos.nik_costumer
 INNER JOIN `user` AS `us` ON cos.id_user = us.id_user
 INNER JOIN `cabang` AS `cb` ON us.id_cabang = cb.id_cabang WHERE (us.id_user = '16') AND (cb.id_cabang = '29')
Params: []

2015-07-05T23:52:08+07:00 INFO (6): 
Elapsed Secs: 0.00037
Query: DESCRIBE `spb`
Params: []

2015-07-05T23:52:08+07:00 INFO (6): 
Elapsed Secs: 0.00016
Query: SELECT `spb`.* FROM `spb` WHERE (no_kontrak = '29/MF/00001/15') LIMIT 1
Params: []

2015-07-05T23:52:08+07:00 INFO (6): 
Elapsed Secs: 0.00012
Query: SELECT `spb`.* FROM `spb` WHERE (no_kontrak = '29/MF/00154/15') LIMIT 1
Params: []

2015-07-05T23:52:09+07:00 INFO (6): 
Elapsed Secs: 0.00021
Query: connect
Params: []

2015-07-05T23:52:09+07:00 INFO (6): 
Elapsed Secs: 0.00017
Query: connect
Params: []

2015-07-05T23:52:09+07:00 INFO (6): 
Elapsed Secs: 0.00059
Query: DESCRIBE `pinjaman`
Params: []

2015-07-05T23:52:09+07:00 INFO (6): 
Elapsed Secs: 0.00016
Query: SELECT `pinjaman`.* FROM `pinjaman` WHERE (id_pinjaman ='155') LIMIT 1
Params: []

2015-07-05T23:52:09+07:00 INFO (6): 
Elapsed Secs: 0.0005
Query: DESCRIBE `spb`
Params: []

2015-07-05T23:52:10+07:00 INFO (6): 
Elapsed Secs: 0.08853
Query: INSERT INTO `spb` (`nik_costumer`, `no_kontrak`, `no_polisi`) VALUES (?, ?, ?)
Params: {"1":"41112121111","2":"29\/MF\/00154\/15","3":"BE85"}

2015-07-05T23:52:10+07:00 INFO (6): 
Elapsed Secs: 0.00027
Query: SELECT `pin`.*, `pin`.`no_kontrak`, `cos`.`nama`, `ken`.`no_polisi`, `ken`.`merk`, `ken`.`tahun_pembuatan`, `ken`.`warna`, `ken`.`nama_bpkb`, `pin`.`nilai_pinjaman`, `pin`.`angsuran_perbulan`, `pin`.`lama_angsuran`, `pin`.`tanggal_jatuh_tempo` FROM `pinjaman` AS `pin`
 INNER JOIN `costumer` AS `cos` ON pin.nik_costumer = cos.nik_costumer
 INNER JOIN `user` AS `us` ON cos.id_user = us.id_user
 INNER JOIN `kendaraan` AS `ken` ON ken.no_polisi = pin.no_polisi WHERE (pin.id_pinjaman = '155')
Params: []

2015-07-05T23:56:29+07:00 INFO (6): 
Elapsed Secs: 0.00034
Query: connect
Params: []

2015-07-05T23:56:29+07:00 INFO (6): 
Elapsed Secs: 0.00026
Query: connect
Params: []

2015-07-05T23:56:29+07:00 INFO (6): 
Elapsed Secs: 0.00082
Query: DESCRIBE `pinjaman`
Params: []

2015-07-05T23:56:29+07:00 INFO (6): 
Elapsed Secs: 0.00021
Query: SELECT `pinjaman`.* FROM `pinjaman` WHERE (id_pinjaman ='155') LIMIT 1
Params: []

2015-07-05T23:56:29+07:00 INFO (6): 
Elapsed Secs: 0.00051
Query: DESCRIBE `spb`
Params: []

2015-07-05T23:56:29+07:00 INFO (6): 
Elapsed Secs: 0.05528
Query: INSERT INTO `spb` (`nik_costumer`, `no_kontrak`, `no_polisi`) VALUES (?, ?, ?)
Params: {"1":"41112121111","2":"29\/MF\/00154\/15","3":"BE85"}

2015-07-05T23:56:29+07:00 INFO (6): 
Elapsed Secs: 0.00062
Query: DESCRIBE `user`
Params: []

2015-07-05T23:56:29+07:00 INFO (6): 
Elapsed Secs: 0.00025
Query: SELECT `user`.`realname` FROM `user` WHERE (level = 'kasir') AND (user.id_cabang = '29')
Params: []

2015-07-05T23:56:29+07:00 INFO (6): 
Elapsed Secs: 0.00065
Query: SELECT `pin`.*, `pin`.`no_kontrak`, `cos`.`nama`, `ken`.`no_polisi`, `ken`.`merk`, `ken`.`tahun_pembuatan`, `ken`.`warna`, `ken`.`nama_bpkb`, `pin`.`nilai_pinjaman`, `pin`.`angsuran_perbulan`, `pin`.`lama_angsuran`, `pin`.`tanggal_jatuh_tempo` FROM `pinjaman` AS `pin`
 INNER JOIN `costumer` AS `cos` ON pin.nik_costumer = cos.nik_costumer
 INNER JOIN `user` AS `us` ON cos.id_user = us.id_user
 INNER JOIN `kendaraan` AS `ken` ON ken.no_polisi = pin.no_polisi WHERE (pin.id_pinjaman = '155')
Params: []

2015-07-05T23:57:06+07:00 INFO (6): 
Elapsed Secs: 0.00106
Query: connect
Params: []

2015-07-05T23:57:06+07:00 INFO (6): 
Elapsed Secs: 0.00012
Query: connect
Params: []

2015-07-05T23:57:06+07:00 INFO (6): 
Elapsed Secs: 0.00039
Query: DESCRIBE `pinjaman`
Params: []

2015-07-05T23:57:06+07:00 INFO (6): 
Elapsed Secs: 0.00016
Query: SELECT `pinjaman`.* FROM `pinjaman` WHERE (id_pinjaman ='155') LIMIT 1
Params: []

2015-07-05T23:57:06+07:00 INFO (6): 
Elapsed Secs: 0.00029
Query: DESCRIBE `spb`
Params: []

2015-07-05T23:57:07+07:00 INFO (6): 
Elapsed Secs: 0.07316
Query: INSERT INTO `spb` (`nik_costumer`, `no_kontrak`, `no_polisi`) VALUES (?, ?, ?)
Params: {"1":"41112121111","2":"29\/MF\/00154\/15","3":"BE85"}

2015-07-05T23:57:07+07:00 INFO (6): 
Elapsed Secs: 0.00047
Query: DESCRIBE `user`
Params: []

2015-07-05T23:57:07+07:00 INFO (6): 
Elapsed Secs: 0.00014
Query: SELECT `user`.`realname` FROM `user` WHERE (level = 'kasir') AND (user.id_cabang = '29')
Params: []

2015-07-05T23:57:07+07:00 INFO (6): 
Elapsed Secs: 0.00025
Query: SELECT `pin`.*, `pin`.`no_kontrak`, `cos`.`nama`, `ken`.`no_polisi`, `ken`.`merk`, `ken`.`tahun_pembuatan`, `ken`.`warna`, `ken`.`nama_bpkb`, `pin`.`nilai_pinjaman`, `pin`.`angsuran_perbulan`, `pin`.`lama_angsuran`, `pin`.`tanggal_jatuh_tempo` FROM `pinjaman` AS `pin`
 INNER JOIN `costumer` AS `cos` ON pin.nik_costumer = cos.nik_costumer
 INNER JOIN `user` AS `us` ON cos.id_user = us.id_user
 INNER JOIN `kendaraan` AS `ken` ON ken.no_polisi = pin.no_polisi WHERE (pin.id_pinjaman = '155')
Params: []

2015-07-05T23:57:09+07:00 INFO (6): 
Elapsed Secs: 0.00025
Query: connect
Params: []

2015-07-05T23:57:09+07:00 INFO (6): 
Elapsed Secs: 0.00039
Query: DESCRIBE `pinjaman`
Params: []

2015-07-05T23:57:09+07:00 INFO (6): 
Elapsed Secs: 0.00025
Query: SELECT `pin`.*, `pin`.`no_kontrak`, `cos`.`nama`, `ken`.`no_polisi`, `ken`.`merk`, `ken`.`tahun_pembuatan`, `ken`.`warna`, `ken`.`nama_bpkb`, `pin`.`nilai_pinjaman`, `pin`.`angsuran_perbulan`, `pin`.`lama_angsuran`, `pin`.`tanggal_jatuh_tempo` FROM `pinjaman` AS `pin`
 INNER JOIN `costumer` AS `cos` ON pin.nik_costumer = cos.nik_costumer
 INNER JOIN `user` AS `us` ON cos.id_user = us.id_user
 INNER JOIN `kendaraan` AS `ken` ON ken.no_polisi = pin.no_polisi WHERE (pin.id_pinjaman = '155')
Params: []

2015-07-05T23:57:09+07:00 INFO (6): 
Elapsed Secs: 0.00031
Query: DESCRIBE `user`
Params: []

2015-07-05T23:57:09+07:00 INFO (6): 
Elapsed Secs: 0.00017
Query: SELECT `user`.`realname` FROM `user` WHERE (level = 'kasir') AND (user.id_cabang = '29')
Params: []

