2015-08-22T08:48:24+07:00 INFO (6): 
Elapsed Secs: 0.12689
Query: connect
Params: []

2015-08-22T08:48:24+07:00 INFO (6): 
Elapsed Secs: 0.00112
Query: DESCRIBE `user`
Params: []

2015-08-22T08:48:24+07:00 INFO (6): 
Elapsed Secs: 0.00031
Query: connect
Params: []

2015-08-22T08:48:24+07:00 INFO (6): 
Elapsed Secs: 0.02514
Query: SELECT `user`.*, `cabang`.* FROM `user`
 INNER JOIN `cabang` ON cabang.id_cabang = user.id_cabang WHERE (user.username = 'admin') AND (user.password = 'd033e22ae348aeb5660fc2140aec35850c4da997')
Params: []

2015-08-22T08:48:24+07:00 INFO (6): 
Elapsed Secs: 0.00034
Query: SELECT `user`.*, `user_login`.*, `cabang`.* FROM `user`
 INNER JOIN `user_login` ON user_login.id_user = user.id_user
 INNER JOIN `cabang` ON cabang.id_cabang = user.id_cabang WHERE (user.id_user = '16')
Params: []

2015-08-22T08:48:24+07:00 INFO (6): 
Elapsed Secs: 0.07857
Query: UPDATE `user_login` SET `last_login` = ?, `login_time` = NOW(), `ip_login` = ?, `status` = ? WHERE (id_user = '16')
Params: {"1":"2015-08-19 20:36:19","2":"127.0.0.1","3":1}

2015-08-22T08:48:24+07:00 INFO (6): 
Elapsed Secs: 0.00031
Query: SELECT `user`.*, `user_login`.*, `cabang`.* FROM `user`
 INNER JOIN `user_login` ON user_login.id_user = user.id_user
 INNER JOIN `cabang` ON cabang.id_cabang = user.id_cabang WHERE (user.id_user = '16')
Params: []

