2015-06-22T10:32:29+07:00 INFO (6): 
Elapsed Secs: 0.0011
Query: connect
Params: []

2015-06-22T10:32:29+07:00 INFO (6): 
Elapsed Secs: 0.00074
Query: DESCRIBE `user`
Params: []

2015-06-22T10:32:29+07:00 INFO (6): 
Elapsed Secs: 0.0002
Query: connect
Params: []

2015-06-22T10:32:29+07:00 INFO (6): 
Elapsed Secs: 0.00027
Query: SELECT `user`.*, `cabang`.* FROM `user`
 INNER JOIN `cabang` ON cabang.id_cabang = user.id_cabang WHERE (user.username = 'admin') AND (user.password = 'd033e22ae348aeb5660fc2140aec35850c4da997')
Params: []

2015-06-22T10:32:29+07:00 INFO (6): 
Elapsed Secs: 0.00021
Query: SELECT `user`.*, `user_login`.*, `cabang`.* FROM `user`
 INNER JOIN `user_login` ON user_login.id_user = user.id_user
 INNER JOIN `cabang` ON cabang.id_cabang = user.id_cabang WHERE (user.id_user = '16')
Params: []

2015-06-22T10:32:29+07:00 INFO (6): 
Elapsed Secs: 0.0759
Query: UPDATE `user_login` SET `last_login` = ?, `login_time` = NOW(), `ip_login` = ?, `status` = ? WHERE (id_user = '16')
Params: {"1":"2015-06-22 00:02:31","2":"172.17.3.234","3":1}

2015-06-22T10:32:29+07:00 INFO (6): 
Elapsed Secs: 0.00024
Query: SELECT `user`.*, `user_login`.*, `cabang`.* FROM `user`
 INNER JOIN `user_login` ON user_login.id_user = user.id_user
 INNER JOIN `cabang` ON cabang.id_cabang = user.id_cabang WHERE (user.id_user = '16')
Params: []

2015-06-22T10:39:08+07:00 INFO (6): 
Elapsed Secs: 0.00022
Query: connect
Params: []

2015-06-22T10:39:08+07:00 INFO (6): 
Elapsed Secs: 0.00075
Query: DESCRIBE `costumer`
Params: []

2015-06-22T10:39:08+07:00 INFO (6): 
Elapsed Secs: 0.00022
Query: SELECT `cos`.`nik_costumer`, `cos`.`nama`, `cos`.`alamat`, `cos`.`jenis_kelamin`, `cos`.`tempat_lahir`, `cos`.`tanggal_lahir`, `cos`.`nama_ibu`, `cos`.`agama`, `cos`.`status`, `cos`.`pekerjaan`, `cos`.`alamat_tempat_kerja`, `cos`.`hp`, `cos`.`telpon`, `us`.`realname`, `cb`.`cabang` FROM `costumer` AS `cos`
 INNER JOIN `user` AS `us` ON cos.id_user=us.id_user
 INNER JOIN `cabang` AS `cb` ON us.id_cabang = cb.id_cabang WHERE (cos.id_user = '16')
Params: []

2015-06-22T10:39:10+07:00 INFO (6): 
Elapsed Secs: 0.00018
Query: connect
Params: []

2015-06-22T10:39:10+07:00 INFO (6): 
Elapsed Secs: 0.00071
Query: DESCRIBE `costumer`
Params: []

2015-06-22T10:39:10+07:00 INFO (6): 
Elapsed Secs: 0.00017
Query: SELECT `costumer`.* FROM `costumer` WHERE (nik_costumer = '1121231231211') LIMIT 1
Params: []

2015-06-22T10:39:16+07:00 INFO (6): 
Elapsed Secs: 0.00018
Query: connect
Params: []

2015-06-22T10:39:16+07:00 INFO (6): 
Elapsed Secs: 0.09436
Query: UPDATE `costumer` SET `id_costumer` = ?, `nik_costumer` = ?, `nama` = ?, `alamat` = ?, `tempat_lahir` = ?, `tanggal_lahir` = ?, `jenis_kelamin` = ?, `nama_ibu` = ?, `agama` = ?, `status` = ?, `pekerjaan` = ?, `alamat_tempat_kerja` = ?, `hp` = ?, `telpon` = ? WHERE (id_costumer = '1')
Params: {"1":"1","2":"1121231231211","3":"Riza Masta Saputra","4":"Jl Waru No 21 Antasari Bandar Lampung","5":"Tanjung Raja","6":"2015-06-17","7":"perempuan","8":"Masjuita","9":"ISLAM","10":"menikah","11":"PNS","12":"Jl Waru No 21 Antasari Bandar Lampung","13":"8123123123","14":"123123"}

2015-06-22T10:39:16+07:00 INFO (6): 
Elapsed Secs: 0.00025
Query: connect
Params: []

2015-06-22T10:39:16+07:00 INFO (6): 
Elapsed Secs: 0.00071
Query: DESCRIBE `costumer`
Params: []

2015-06-22T10:39:16+07:00 INFO (6): 
Elapsed Secs: 0.00021
Query: SELECT `cos`.`nik_costumer`, `cos`.`nama`, `cos`.`alamat`, `cos`.`jenis_kelamin`, `cos`.`tempat_lahir`, `cos`.`tanggal_lahir`, `cos`.`nama_ibu`, `cos`.`agama`, `cos`.`status`, `cos`.`pekerjaan`, `cos`.`alamat_tempat_kerja`, `cos`.`hp`, `cos`.`telpon`, `us`.`realname`, `cb`.`cabang` FROM `costumer` AS `cos`
 INNER JOIN `user` AS `us` ON cos.id_user=us.id_user
 INNER JOIN `cabang` AS `cb` ON us.id_cabang = cb.id_cabang WHERE (cos.id_user = '16')
Params: []

2015-06-22T10:39:20+07:00 INFO (6): 
Elapsed Secs: 0.00031
Query: connect
Params: []

2015-06-22T10:39:20+07:00 INFO (6): 
Elapsed Secs: 0.00101
Query: DESCRIBE `costumer`
Params: []

2015-06-22T10:39:20+07:00 INFO (6): 
Elapsed Secs: 0.0002
Query: SELECT `costumer`.* FROM `costumer` WHERE (nik_costumer = '2147483647') LIMIT 1
Params: []

2015-06-22T10:39:24+07:00 INFO (6): 
Elapsed Secs: 0.00024
Query: connect
Params: []

2015-06-22T10:39:48+07:00 INFO (6): 
Elapsed Secs: 0.00021
Query: connect
Params: []

2015-06-22T10:41:20+07:00 INFO (6): 
Elapsed Secs: 0.00024
Query: connect
Params: []

2015-06-22T10:41:20+07:00 INFO (6): 
Elapsed Secs: 0.00071
Query: DESCRIBE `user`
Params: []

2015-06-22T10:41:20+07:00 INFO (6): 
Elapsed Secs: 0.00022
Query: connect
Params: []

2015-06-22T10:41:20+07:00 INFO (6): 
Elapsed Secs: 0.04231
Query: SELECT `user`.*, `cb`.*, `cb`.`cabang` FROM `user`
 INNER JOIN `cabang` AS `cb` ON cb.id_cabang =user.id_cabang  WHERE (level != 'superadmin') ORDER BY `id_user` desc
Params: []

2015-06-22T10:41:30+07:00 INFO (6): 
Elapsed Secs: 0.00055
Query: connect
Params: []

2015-06-22T10:41:30+07:00 INFO (6): 
Elapsed Secs: 0.00219
Query: DESCRIBE `costumer`
Params: []

2015-06-22T10:41:30+07:00 INFO (6): 
Elapsed Secs: 0.00023
Query: SELECT `cos`.`nik_costumer`, `cos`.`nama`, `cos`.`alamat`, `cos`.`jenis_kelamin`, `cos`.`tempat_lahir`, `cos`.`tanggal_lahir`, `cos`.`nama_ibu`, `cos`.`agama`, `cos`.`status`, `cos`.`pekerjaan`, `cos`.`alamat_tempat_kerja`, `cos`.`hp`, `cos`.`telpon`, `us`.`realname`, `cb`.`cabang` FROM `costumer` AS `cos`
 INNER JOIN `user` AS `us` ON cos.id_user=us.id_user
 INNER JOIN `cabang` AS `cb` ON us.id_cabang = cb.id_cabang WHERE (cos.id_user = '16')
Params: []

2015-06-22T10:41:33+07:00 INFO (6): 
Elapsed Secs: 0.00025
Query: connect
Params: []

2015-06-22T10:41:33+07:00 INFO (6): 
Elapsed Secs: 0.00215
Query: DESCRIBE `costumer`
Params: []

2015-06-22T10:41:33+07:00 INFO (6): 
Elapsed Secs: 0.00051
Query: SELECT `costumer`.* FROM `costumer` WHERE (nik_costumer = '1121231231211') LIMIT 1
Params: []

2015-06-22T10:41:54+07:00 INFO (6): 
Elapsed Secs: 0.00029
Query: connect
Params: []

2015-06-22T10:41:54+07:00 INFO (6): 
Elapsed Secs: 0.00076
Query: DESCRIBE `costumer`
Params: []

2015-06-22T10:41:54+07:00 INFO (6): 
Elapsed Secs: 0.00018
Query: SELECT `costumer`.* FROM `costumer` WHERE (nik_costumer = '1121231231211') LIMIT 1
Params: []

2015-06-22T10:43:04+07:00 INFO (6): 
Elapsed Secs: 0.00105
Query: connect
Params: []

2015-06-22T10:43:04+07:00 INFO (6): 
Elapsed Secs: 0.00075
Query: DESCRIBE `costumer`
Params: []

2015-06-22T10:43:04+07:00 INFO (6): 
Elapsed Secs: 0.00018
Query: SELECT `costumer`.* FROM `costumer` WHERE (nik_costumer = '1121231231211') LIMIT 1
Params: []

2015-06-22T10:43:08+07:00 INFO (6): 
Elapsed Secs: 0.0002
Query: connect
Params: []

2015-06-22T10:43:08+07:00 INFO (6): 
Elapsed Secs: 0.00068
Query: DESCRIBE `costumer`
Params: []

2015-06-22T10:43:08+07:00 INFO (6): 
Elapsed Secs: 0.00021
Query: SELECT `cos`.`nik_costumer`, `cos`.`nama`, `cos`.`alamat`, `cos`.`jenis_kelamin`, `cos`.`tempat_lahir`, `cos`.`tanggal_lahir`, `cos`.`nama_ibu`, `cos`.`agama`, `cos`.`status`, `cos`.`pekerjaan`, `cos`.`alamat_tempat_kerja`, `cos`.`hp`, `cos`.`telpon`, `us`.`realname`, `cb`.`cabang` FROM `costumer` AS `cos`
 INNER JOIN `user` AS `us` ON cos.id_user=us.id_user
 INNER JOIN `cabang` AS `cb` ON us.id_cabang = cb.id_cabang WHERE (cos.id_user = '16')
Params: []

2015-06-22T10:43:10+07:00 INFO (6): 
Elapsed Secs: 0.00021
Query: connect
Params: []

2015-06-22T10:43:10+07:00 INFO (6): 
Elapsed Secs: 0.00067
Query: DESCRIBE `costumer`
Params: []

2015-06-22T10:43:10+07:00 INFO (6): 
Elapsed Secs: 0.00014
Query: SELECT `costumer`.* FROM `costumer` WHERE (nik_costumer = '1121231231211') LIMIT 1
Params: []

2015-06-22T10:43:13+07:00 INFO (6): 
Elapsed Secs: 0.00021
Query: connect
Params: []

2015-06-22T10:43:13+07:00 INFO (6): 
Elapsed Secs: 0.00067
Query: DESCRIBE `costumer`
Params: []

2015-06-22T10:43:13+07:00 INFO (6): 
Elapsed Secs: 0.0002
Query: SELECT `cos`.`nik_costumer`, `cos`.`nama`, `cos`.`alamat`, `cos`.`jenis_kelamin`, `cos`.`tempat_lahir`, `cos`.`tanggal_lahir`, `cos`.`nama_ibu`, `cos`.`agama`, `cos`.`status`, `cos`.`pekerjaan`, `cos`.`alamat_tempat_kerja`, `cos`.`hp`, `cos`.`telpon`, `us`.`realname`, `cb`.`cabang` FROM `costumer` AS `cos`
 INNER JOIN `user` AS `us` ON cos.id_user=us.id_user
 INNER JOIN `cabang` AS `cb` ON us.id_cabang = cb.id_cabang WHERE (cos.id_user = '16')
Params: []

2015-06-22T10:43:16+07:00 INFO (6): 
Elapsed Secs: 0.00023
Query: connect
Params: []

2015-06-22T10:43:16+07:00 INFO (6): 
Elapsed Secs: 0.00074
Query: DESCRIBE `costumer`
Params: []

2015-06-22T10:43:16+07:00 INFO (6): 
Elapsed Secs: 0.00018
Query: SELECT `costumer`.* FROM `costumer` WHERE (nik_costumer = '2147483647') LIMIT 1
Params: []

2015-06-22T10:43:21+07:00 INFO (6): 
Elapsed Secs: 0.0002
Query: connect
Params: []

2015-06-22T10:44:34+07:00 INFO (6): 
Elapsed Secs: 0.00022
Query: connect
Params: []

2015-06-22T10:44:56+07:00 INFO (6): 
Elapsed Secs: 0.00022
Query: connect
Params: []

2015-06-22T10:44:56+07:00 INFO (6): 
Elapsed Secs: 0.00068
Query: DESCRIBE `costumer`
Params: []

2015-06-22T10:44:56+07:00 INFO (6): 
Elapsed Secs: 0.00022
Query: SELECT `cos`.`nik_costumer`, `cos`.`nama`, `cos`.`alamat`, `cos`.`jenis_kelamin`, `cos`.`tempat_lahir`, `cos`.`tanggal_lahir`, `cos`.`nama_ibu`, `cos`.`agama`, `cos`.`status`, `cos`.`pekerjaan`, `cos`.`alamat_tempat_kerja`, `cos`.`hp`, `cos`.`telpon`, `us`.`realname`, `cb`.`cabang` FROM `costumer` AS `cos`
 INNER JOIN `user` AS `us` ON cos.id_user=us.id_user
 INNER JOIN `cabang` AS `cb` ON us.id_cabang = cb.id_cabang WHERE (cos.id_user = '16')
Params: []

2015-06-22T10:44:59+07:00 INFO (6): 
Elapsed Secs: 0.00024
Query: connect
Params: []

2015-06-22T10:44:59+07:00 INFO (6): 
Elapsed Secs: 0.00095
Query: DESCRIBE `costumer`
Params: []

2015-06-22T10:44:59+07:00 INFO (6): 
Elapsed Secs: 0.0002
Query: SELECT `costumer`.* FROM `costumer` WHERE (nik_costumer = '2147483647') LIMIT 1
Params: []

2015-06-22T10:45:03+07:00 INFO (6): 
Elapsed Secs: 0.00056
Query: connect
Params: []

2015-06-22T10:45:16+07:00 INFO (6): 
Elapsed Secs: 0.00019
Query: connect
Params: []

2015-06-22T10:45:45+07:00 INFO (6): 
Elapsed Secs: 0.00024
Query: connect
Params: []

2015-06-22T10:45:45+07:00 INFO (6): 
Elapsed Secs: 0.00096
Query: DESCRIBE `costumer`
Params: []

2015-06-22T10:45:45+07:00 INFO (6): 
Elapsed Secs: 0.0002
Query: SELECT `costumer`.* FROM `costumer` WHERE (nik_costumer = '2147483647') LIMIT 1
Params: []

2015-06-22T10:46:12+07:00 INFO (6): 
Elapsed Secs: 0.00033
Query: connect
Params: []

2015-06-22T10:46:12+07:00 INFO (6): 
Elapsed Secs: 0.00072
Query: DESCRIBE `costumer`
Params: []

2015-06-22T10:46:12+07:00 INFO (6): 
Elapsed Secs: 0.00017
Query: SELECT `costumer`.* FROM `costumer` WHERE (nik_costumer = '2147483647') LIMIT 1
Params: []

2015-06-22T10:46:33+07:00 INFO (6): 
Elapsed Secs: 0.00035
Query: connect
Params: []

2015-06-22T10:46:33+07:00 INFO (6): 
Elapsed Secs: 0.00069
Query: DESCRIBE `costumer`
Params: []

2015-06-22T10:46:33+07:00 INFO (6): 
Elapsed Secs: 0.00017
Query: SELECT `costumer`.* FROM `costumer` WHERE (nik_costumer = '2147483647') LIMIT 1
Params: []

2015-06-22T10:46:47+07:00 INFO (6): 
Elapsed Secs: 0.00025
Query: connect
Params: []

2015-06-22T10:46:47+07:00 INFO (6): 
Elapsed Secs: 0.00071
Query: DESCRIBE `costumer`
Params: []

2015-06-22T10:46:47+07:00 INFO (6): 
Elapsed Secs: 0.00019
Query: SELECT `costumer`.* FROM `costumer` WHERE (nik_costumer = '2147483647') LIMIT 1
Params: []

2015-06-22T10:47:15+07:00 INFO (6): 
Elapsed Secs: 0.00138
Query: connect
Params: []

2015-06-22T10:47:15+07:00 INFO (6): 
Elapsed Secs: 0.00128
Query: DESCRIBE `costumer`
Params: []

2015-06-22T10:47:15+07:00 INFO (6): 
Elapsed Secs: 0.00048
Query: SELECT `cos`.`nik_costumer`, `cos`.`nama`, `cos`.`alamat`, `cos`.`jenis_kelamin`, `cos`.`tempat_lahir`, `cos`.`tanggal_lahir`, `cos`.`nama_ibu`, `cos`.`agama`, `cos`.`status`, `cos`.`pekerjaan`, `cos`.`alamat_tempat_kerja`, `cos`.`hp`, `cos`.`telpon`, `us`.`realname`, `cb`.`cabang` FROM `costumer` AS `cos`
 INNER JOIN `user` AS `us` ON cos.id_user=us.id_user
 INNER JOIN `cabang` AS `cb` ON us.id_cabang = cb.id_cabang WHERE (cos.id_user = '16')
Params: []

2015-06-22T10:47:17+07:00 INFO (6): 
Elapsed Secs: 0.00024
Query: connect
Params: []

2015-06-22T10:47:17+07:00 INFO (6): 
Elapsed Secs: 0.0007
Query: DESCRIBE `costumer`
Params: []

2015-06-22T10:47:17+07:00 INFO (6): 
Elapsed Secs: 0.00017
Query: SELECT `costumer`.* FROM `costumer` WHERE (nik_costumer = '2147483647') LIMIT 1
Params: []

2015-06-22T10:47:53+07:00 INFO (6): 
Elapsed Secs: 0.00099
Query: connect
Params: []

2015-06-22T10:47:53+07:00 INFO (6): 
Elapsed Secs: 0.00069
Query: DESCRIBE `costumer`
Params: []

2015-06-22T10:47:53+07:00 INFO (6): 
Elapsed Secs: 0.00014
Query: SELECT `costumer`.* FROM `costumer` WHERE (nik_costumer = '2147483647') LIMIT 1
Params: []

2015-06-22T10:48:08+07:00 INFO (6): 
Elapsed Secs: 0.00163
Query: connect
Params: []

2015-06-22T10:48:08+07:00 INFO (6): 
Elapsed Secs: 0.00071
Query: DESCRIBE `costumer`
Params: []

2015-06-22T10:48:08+07:00 INFO (6): 
Elapsed Secs: 0.00014
Query: SELECT `costumer`.* FROM `costumer` WHERE (nik_costumer = '2147483647') LIMIT 1
Params: []

2015-06-22T10:48:11+07:00 INFO (6): 
Elapsed Secs: 0.00105
Query: connect
Params: []

2015-06-22T10:48:11+07:00 INFO (6): 
Elapsed Secs: 0.00077
Query: DESCRIBE `costumer`
Params: []

2015-06-22T10:48:11+07:00 INFO (6): 
Elapsed Secs: 0.00025
Query: SELECT `cos`.`nik_costumer`, `cos`.`nama`, `cos`.`alamat`, `cos`.`jenis_kelamin`, `cos`.`tempat_lahir`, `cos`.`tanggal_lahir`, `cos`.`nama_ibu`, `cos`.`agama`, `cos`.`status`, `cos`.`pekerjaan`, `cos`.`alamat_tempat_kerja`, `cos`.`hp`, `cos`.`telpon`, `us`.`realname`, `cb`.`cabang` FROM `costumer` AS `cos`
 INNER JOIN `user` AS `us` ON cos.id_user=us.id_user
 INNER JOIN `cabang` AS `cb` ON us.id_cabang = cb.id_cabang WHERE (cos.id_user = '16')
Params: []

2015-06-22T10:48:12+07:00 INFO (6): 
Elapsed Secs: 0.00024
Query: connect
Params: []

2015-06-22T10:48:12+07:00 INFO (6): 
Elapsed Secs: 0.0009
Query: DESCRIBE `costumer`
Params: []

2015-06-22T10:48:12+07:00 INFO (6): 
Elapsed Secs: 0.00021
Query: SELECT `costumer`.* FROM `costumer` WHERE (nik_costumer = '2147483647') LIMIT 1
Params: []

2015-06-22T10:48:25+07:00 INFO (6): 
Elapsed Secs: 0.0003
Query: connect
Params: []

2015-06-22T10:48:25+07:00 INFO (6): 
Elapsed Secs: 0.00069
Query: DESCRIBE `costumer`
Params: []

2015-06-22T10:48:25+07:00 INFO (6): 
Elapsed Secs: 0.00018
Query: SELECT `costumer`.* FROM `costumer` WHERE (nik_costumer = '2147483647') LIMIT 1
Params: []

2015-06-22T10:49:05+07:00 INFO (6): 
Elapsed Secs: 0.00022
Query: connect
Params: []

2015-06-22T10:49:05+07:00 INFO (6): 
Elapsed Secs: 0.00073
Query: DESCRIBE `costumer`
Params: []

2015-06-22T10:49:05+07:00 INFO (6): 
Elapsed Secs: 0.00016
Query: SELECT `costumer`.* FROM `costumer` WHERE (nik_costumer = '2147483647') LIMIT 1
Params: []

2015-06-22T10:49:48+07:00 INFO (6): 
Elapsed Secs: 0.00024
Query: connect
Params: []

2015-06-22T10:49:48+07:00 INFO (6): 
Elapsed Secs: 0.00071
Query: DESCRIBE `costumer`
Params: []

2015-06-22T10:49:48+07:00 INFO (6): 
Elapsed Secs: 0.00015
Query: SELECT `costumer`.* FROM `costumer` WHERE (nik_costumer = '2147483647') LIMIT 1
Params: []

2015-06-22T10:49:56+07:00 INFO (6): 
Elapsed Secs: 0.00096
Query: connect
Params: []

2015-06-22T10:49:56+07:00 INFO (6): 
Elapsed Secs: 0.00067
Query: DESCRIBE `costumer`
Params: []

2015-06-22T10:49:56+07:00 INFO (6): 
Elapsed Secs: 0.00014
Query: SELECT `costumer`.* FROM `costumer` WHERE (nik_costumer = '2147483647') LIMIT 1
Params: []

2015-06-22T10:50:16+07:00 INFO (6): 
Elapsed Secs: 0.00017
Query: connect
Params: []

2015-06-22T10:50:41+07:00 INFO (6): 
Elapsed Secs: 0.00024
Query: connect
Params: []

2015-06-22T10:51:28+07:00 INFO (6): 
Elapsed Secs: 0.00023
Query: connect
Params: []

2015-06-22T10:51:30+07:00 INFO (6): 
Elapsed Secs: 0.00017
Query: connect
Params: []

2015-06-22T10:51:30+07:00 INFO (6): 
Elapsed Secs: 0.00068
Query: DESCRIBE `costumer`
Params: []

2015-06-22T10:51:30+07:00 INFO (6): 
Elapsed Secs: 0.00015
Query: SELECT `costumer`.* FROM `costumer` WHERE (nik_costumer = '2147483647') LIMIT 1
Params: []

2015-06-22T10:51:34+07:00 INFO (6): 
Elapsed Secs: 0.00019
Query: connect
Params: []

2015-06-22T10:51:34+07:00 INFO (6): 
Elapsed Secs: 0.05499
Query: UPDATE `costumer` SET `id_costumer` = ?, `nik_costumer` = ?, `nama` = ?, `alamat` = ?, `tempat_lahir` = ?, `tanggal_lahir` = ?, `jenis_kelamin` = ?, `nama_ibu` = ?, `agama` = ?, `status` = ?, `pekerjaan` = ?, `alamat_tempat_kerja` = ?, `hp` = ?, `telpon` = ? WHERE (id_costumer = '2')
Params: {"1":"2","2":"2147483647","3":"Leo Masta Kusuma","4":"Jl Radio 1 No 21 Kebayoran Baru Jakarta Selatan","5":"Tanjung Raja","6":"1990-06-23","7":"perempuan","8":"Majuita","9":"ISLAM","10":"belumenikah","11":"Swasta","12":"Jl Radio 1 No 21 Kebayoran Baru Jakarta Selatan","13":"0812311111","14":""}

2015-06-22T10:51:34+07:00 INFO (6): 
Elapsed Secs: 0.00016
Query: connect
Params: []

2015-06-22T10:51:34+07:00 INFO (6): 
Elapsed Secs: 0.0007
Query: DESCRIBE `costumer`
Params: []

2015-06-22T10:51:34+07:00 INFO (6): 
Elapsed Secs: 0.00019
Query: SELECT `cos`.`nik_costumer`, `cos`.`nama`, `cos`.`alamat`, `cos`.`jenis_kelamin`, `cos`.`tempat_lahir`, `cos`.`tanggal_lahir`, `cos`.`nama_ibu`, `cos`.`agama`, `cos`.`status`, `cos`.`pekerjaan`, `cos`.`alamat_tempat_kerja`, `cos`.`hp`, `cos`.`telpon`, `us`.`realname`, `cb`.`cabang` FROM `costumer` AS `cos`
 INNER JOIN `user` AS `us` ON cos.id_user=us.id_user
 INNER JOIN `cabang` AS `cb` ON us.id_cabang = cb.id_cabang WHERE (cos.id_user = '16')
Params: []

2015-06-22T10:51:36+07:00 INFO (6): 
Elapsed Secs: 0.00022
Query: connect
Params: []

2015-06-22T10:51:36+07:00 INFO (6): 
Elapsed Secs: 0.00071
Query: DESCRIBE `costumer`
Params: []

2015-06-22T10:51:36+07:00 INFO (6): 
Elapsed Secs: 0.00014
Query: SELECT `costumer`.* FROM `costumer` WHERE (nik_costumer = '2147483647') LIMIT 1
Params: []

2015-06-22T10:51:41+07:00 INFO (6): 
Elapsed Secs: 0.00023
Query: connect
Params: []

2015-06-22T10:52:15+07:00 INFO (6): 
Elapsed Secs: 0.00029
Query: connect
Params: []

2015-06-22T10:52:22+07:00 INFO (6): 
Elapsed Secs: 0.00021
Query: connect
Params: []

2015-06-22T10:52:22+07:00 INFO (6): 
Elapsed Secs: 0.00073
Query: DESCRIBE `costumer`
Params: []

2015-06-22T10:52:22+07:00 INFO (6): 
Elapsed Secs: 0.00024
Query: SELECT `cos`.`nik_costumer`, `cos`.`nama`, `cos`.`alamat`, `cos`.`jenis_kelamin`, `cos`.`tempat_lahir`, `cos`.`tanggal_lahir`, `cos`.`nama_ibu`, `cos`.`agama`, `cos`.`status`, `cos`.`pekerjaan`, `cos`.`alamat_tempat_kerja`, `cos`.`hp`, `cos`.`telpon`, `us`.`realname`, `cb`.`cabang` FROM `costumer` AS `cos`
 INNER JOIN `user` AS `us` ON cos.id_user=us.id_user
 INNER JOIN `cabang` AS `cb` ON us.id_cabang = cb.id_cabang WHERE (cos.id_user = '16')
Params: []

2015-06-22T10:52:24+07:00 INFO (6): 
Elapsed Secs: 0.00022
Query: connect
Params: []

2015-06-22T10:52:24+07:00 INFO (6): 
Elapsed Secs: 0.00069
Query: DESCRIBE `costumer`
Params: []

2015-06-22T10:52:24+07:00 INFO (6): 
Elapsed Secs: 0.00015
Query: SELECT `costumer`.* FROM `costumer` WHERE (nik_costumer = '2147483647') LIMIT 1
Params: []

2015-06-22T10:52:57+07:00 INFO (6): 
Elapsed Secs: 0.00035
Query: connect
Params: []

2015-06-22T10:52:57+07:00 INFO (6): 
Elapsed Secs: 0.00132
Query: DESCRIBE `costumer`
Params: []

2015-06-22T10:52:57+07:00 INFO (6): 
Elapsed Secs: 0.00026
Query: SELECT `costumer`.* FROM `costumer` WHERE (nik_costumer = '2147483647') LIMIT 1
Params: []

2015-06-22T10:53:06+07:00 INFO (6): 
Elapsed Secs: 0.00021
Query: connect
Params: []

2015-06-22T10:54:39+07:00 INFO (6): 
Elapsed Secs: 0.00051
Query: connect
Params: []

2015-06-22T10:55:19+07:00 INFO (6): 
Elapsed Secs: 0.00019
Query: connect
Params: []

2015-06-22T10:56:02+07:00 INFO (6): 
Elapsed Secs: 0.00023
Query: connect
Params: []

2015-06-22T10:56:37+07:00 INFO (6): 
Elapsed Secs: 0.00021
Query: connect
Params: []

2015-06-22T10:56:41+07:00 INFO (6): 
Elapsed Secs: 0.00024
Query: connect
Params: []

2015-06-22T10:56:55+07:00 INFO (6): 
Elapsed Secs: 0.00025
Query: connect
Params: []

2015-06-22T10:57:28+07:00 INFO (6): 
Elapsed Secs: 0.00022
Query: connect
Params: []

2015-06-22T10:57:42+07:00 INFO (6): 
Elapsed Secs: 0.00024
Query: connect
Params: []

2015-06-22T10:57:56+07:00 INFO (6): 
Elapsed Secs: 0.00104
Query: connect
Params: []

2015-06-22T10:57:56+07:00 INFO (6): 
Elapsed Secs: 0.08787
Query: UPDATE `costumer` SET `id_costumer` = ?, `nik_costumer` = ?, `nama` = ?, `alamat` = ?, `tempat_lahir` = ?, `tanggal_lahir` = ?, `jenis_kelamin` = ?, `nama_ibu` = ?, `agama` = ?, `status` = ?, `pekerjaan` = ?, `alamat_tempat_kerja` = ?, `hp` = ?, `telpon` = ? WHERE (id_costumer = '2')
Params: {"1":"2","2":"11212312312113","3":"Leo Masta Kusuma","4":"Jl Radio 1 No 21 Kebayoran Baru Jakarta Selatan","5":"Tanjung Raja","6":"1990-06-23","7":"perempuan","8":"Majuita","9":"ISLAM","10":"menikah","11":"Swasta","12":"Jl Radio 1 No 21 Kebayoran Baru Jakarta Selatan","13":"0812311111","14":"123"}

2015-06-22T10:57:56+07:00 INFO (6): 
Elapsed Secs: 0.00026
Query: connect
Params: []

2015-06-22T10:57:56+07:00 INFO (6): 
Elapsed Secs: 0.00076
Query: DESCRIBE `costumer`
Params: []

2015-06-22T10:57:56+07:00 INFO (6): 
Elapsed Secs: 0.00022
Query: SELECT `cos`.`nik_costumer`, `cos`.`nama`, `cos`.`alamat`, `cos`.`jenis_kelamin`, `cos`.`tempat_lahir`, `cos`.`tanggal_lahir`, `cos`.`nama_ibu`, `cos`.`agama`, `cos`.`status`, `cos`.`pekerjaan`, `cos`.`alamat_tempat_kerja`, `cos`.`hp`, `cos`.`telpon`, `us`.`realname`, `cb`.`cabang` FROM `costumer` AS `cos`
 INNER JOIN `user` AS `us` ON cos.id_user=us.id_user
 INNER JOIN `cabang` AS `cb` ON us.id_cabang = cb.id_cabang WHERE (cos.id_user = '16')
Params: []

2015-06-22T10:57:59+07:00 INFO (6): 
Elapsed Secs: 0.00019
Query: connect
Params: []

2015-06-22T10:57:59+07:00 INFO (6): 
Elapsed Secs: 0.00102
Query: DESCRIBE `costumer`
Params: []

2015-06-22T10:57:59+07:00 INFO (6): 
Elapsed Secs: 0.00024
Query: SELECT `costumer`.* FROM `costumer` WHERE (nik_costumer = '11212312312113') LIMIT 1
Params: []

2015-06-22T10:58:01+07:00 INFO (6): 
Elapsed Secs: 0.00022
Query: connect
Params: []

2015-06-22T10:58:01+07:00 INFO (6): 
Elapsed Secs: 0.00073
Query: DESCRIBE `costumer`
Params: []

2015-06-22T10:58:01+07:00 INFO (6): 
Elapsed Secs: 0.00026
Query: SELECT `cos`.`nik_costumer`, `cos`.`nama`, `cos`.`alamat`, `cos`.`jenis_kelamin`, `cos`.`tempat_lahir`, `cos`.`tanggal_lahir`, `cos`.`nama_ibu`, `cos`.`agama`, `cos`.`status`, `cos`.`pekerjaan`, `cos`.`alamat_tempat_kerja`, `cos`.`hp`, `cos`.`telpon`, `us`.`realname`, `cb`.`cabang` FROM `costumer` AS `cos`
 INNER JOIN `user` AS `us` ON cos.id_user=us.id_user
 INNER JOIN `cabang` AS `cb` ON us.id_cabang = cb.id_cabang WHERE (cos.id_user = '16')
Params: []

