2015-07-26T01:00:36+07:00 INFO (6): 
Elapsed Secs: 0.00028
Query: connect
Params: []

2015-07-26T01:00:36+07:00 INFO (6): 
Elapsed Secs: 0.00086
Query: DESCRIBE `costumer`
Params: []

2015-07-26T01:00:36+07:00 INFO (6): 
Elapsed Secs: 0.00022
Query: connect
Params: []

2015-07-26T01:00:36+07:00 INFO (6): 
Elapsed Secs: 0.00034
Query: SELECT `pinj`.`no_kontrak` FROM `costumer` AS `cos`
 INNER JOIN `pinjaman` AS `pinj` ON pinj.nik_costumer =  cos.nik_costumer
 INNER JOIN `kendaraan` AS `kend` ON kend.no_polisi = pinj.no_polisi
Params: []

2015-07-26T01:00:39+07:00 INFO (6): 
Elapsed Secs: 0.00022
Query: connect
Params: []

2015-07-26T01:00:39+07:00 INFO (6): 
Elapsed Secs: 0.00055
Query: DESCRIBE `costumer`
Params: []

2015-07-26T01:00:39+07:00 INFO (6): 
Elapsed Secs: 0.00019
Query: connect
Params: []

2015-07-26T01:00:39+07:00 INFO (6): 
Elapsed Secs: 0.00021
Query: SELECT `pinj`.`no_kontrak` FROM `costumer` AS `cos`
 INNER JOIN `pinjaman` AS `pinj` ON pinj.nik_costumer =  cos.nik_costumer
 INNER JOIN `kendaraan` AS `kend` ON kend.no_polisi = pinj.no_polisi
Params: []

2015-07-26T01:00:39+07:00 INFO (6): 
Elapsed Secs: 0.00016
Query: SELECT `pinj`.`no_kontrak`, `cos`.`nama`, `kend`.`no_polisi`, `pinj`.`angsuran_perbulan`, `pinj`.`tanggal_jatuh_tempo` FROM `costumer` AS `cos`
 INNER JOIN `pinjaman` AS `pinj` ON pinj.nik_costumer =  cos.nik_costumer
 INNER JOIN `kendaraan` AS `kend` ON kend.no_polisi = pinj.no_polisi WHERE (pinj.no_kontrak = '29-MD-00160-15') GROUP BY `pinj`.`no_kontrak`
Params: []

2015-07-26T01:00:39+07:00 INFO (6): 
Elapsed Secs: 0.00044
Query: DESCRIBE `pembayaran`
Params: []

2015-07-26T01:00:39+07:00 INFO (6): 
Elapsed Secs: 0.00014
Query: SELECT `pemb`.`angsuran_ke` FROM `pembayaran` AS `pemb` WHERE (no_kontrak = '29-MD-00160-15' ) ORDER BY `id_pembayaran` desc
Params: []

2015-07-26T01:00:39+07:00 INFO (6): 
Elapsed Secs: 0.00018
Query: SELECT `cos`.`nama`, `cos`.`nik_costumer`, `pemb`.`angsuran_ke`, `pemb`.`tanggal_pembayaran`, `pinj`.`no_kontrak`, `pinj`.`nilai_pinjaman`, `pinj`.`angsuran_perbulan`, `pinj`.`lama_angsuran` FROM `pembayaran` AS `pemb`
 INNER JOIN `pinjaman` AS `pinj` ON pinj.no_kontrak = pemb.no_kontrak
 INNER JOIN `costumer` AS `cos` ON pinj.nik_costumer = cos.nik_costumer WHERE (pemb.no_kontrak = '29-MD-00160-15') ORDER BY `id_pembayaran` desc
Params: []

2015-07-26T01:00:39+07:00 INFO (6): 
Elapsed Secs: 0.0001
Query: SELECT `pembayaran`.`id_pembayaran` FROM `pembayaran` ORDER BY `id_pembayaran` desc
Params: []

2015-07-26T01:00:39+07:00 INFO (6): 
Elapsed Secs: 0.00048
Query: DESCRIBE `kartu_piutang`
Params: []

2015-07-26T01:00:39+07:00 INFO (6): 
Elapsed Secs: 0.00018
Query: SELECT `kartu_piutang`.`sisa_denda` FROM `kartu_piutang` WHERE (no_kontrak = '29-MD-00160-15') ORDER BY `id_piutang` desc
Params: []

2015-07-26T01:00:41+07:00 INFO (6): 
Elapsed Secs: 0.00022
Query: connect
Params: []

2015-07-26T01:00:41+07:00 INFO (6): 
Elapsed Secs: 0.00053
Query: DESCRIBE `kartu_piutang`
Params: []

2015-07-26T01:00:41+07:00 INFO (6): 
Elapsed Secs: 0.0002
Query: connect
Params: []

2015-07-26T01:01:30+07:00 INFO (6): 
Elapsed Secs: 0.00023
Query: connect
Params: []

2015-07-26T01:01:30+07:00 INFO (6): 
Elapsed Secs: 0.00054
Query: DESCRIBE `kartu_piutang`
Params: []

2015-07-26T01:01:30+07:00 INFO (6): 
Elapsed Secs: 0.00019
Query: connect
Params: []

2015-07-26T01:01:43+07:00 INFO (6): 
Elapsed Secs: 0.00021
Query: connect
Params: []

2015-07-26T01:01:43+07:00 INFO (6): 
Elapsed Secs: 0.00067
Query: DESCRIBE `kartu_piutang`
Params: []

2015-07-26T01:01:43+07:00 INFO (6): 
Elapsed Secs: 0.00014
Query: connect
Params: []

2015-07-26T01:02:11+07:00 INFO (6): 
Elapsed Secs: 0.00019
Query: connect
Params: []

2015-07-26T01:02:11+07:00 INFO (6): 
Elapsed Secs: 0.00057
Query: DESCRIBE `kartu_piutang`
Params: []

2015-07-26T01:02:11+07:00 INFO (6): 
Elapsed Secs: 0.00016
Query: connect
Params: []

2015-07-26T01:04:36+07:00 INFO (6): 
Elapsed Secs: 0.00019
Query: connect
Params: []

2015-07-26T01:04:36+07:00 INFO (6): 
Elapsed Secs: 0.00051
Query: DESCRIBE `kartu_piutang`
Params: []

2015-07-26T01:04:36+07:00 INFO (6): 
Elapsed Secs: 0.00017
Query: connect
Params: []

2015-07-26T01:06:19+07:00 INFO (6): 
Elapsed Secs: 0.00019
Query: connect
Params: []

2015-07-26T01:06:19+07:00 INFO (6): 
Elapsed Secs: 0.00051
Query: DESCRIBE `kartu_piutang`
Params: []

2015-07-26T01:06:19+07:00 INFO (6): 
Elapsed Secs: 0.00017
Query: connect
Params: []

2015-07-26T01:06:54+07:00 INFO (6): 
Elapsed Secs: 0.0002
Query: connect
Params: []

2015-07-26T01:06:54+07:00 INFO (6): 
Elapsed Secs: 0.00069
Query: DESCRIBE `kartu_piutang`
Params: []

2015-07-26T01:06:54+07:00 INFO (6): 
Elapsed Secs: 0.00016
Query: connect
Params: []

2015-07-26T01:06:54+07:00 INFO (6): 
Elapsed Secs: 0.00017
Query: SELECT `kp`.* FROM `kartu_piutang` AS `kp` WHERE (kp.no_kontrak = '29-MD-00160-15')
Params: []

2015-07-26T01:07:18+07:00 INFO (6): 
Elapsed Secs: 0.00026
Query: connect
Params: []

2015-07-26T01:07:18+07:00 INFO (6): 
Elapsed Secs: 0.00081
Query: DESCRIBE `kartu_piutang`
Params: []

2015-07-26T01:07:18+07:00 INFO (6): 
Elapsed Secs: 0.00028
Query: connect
Params: []

2015-07-26T01:07:18+07:00 INFO (6): 
Elapsed Secs: 0.00032
Query: SELECT `kp`.* FROM `kartu_piutang` AS `kp` WHERE (kp.no_kontrak = '29-MD-00160-15')
Params: []

2015-07-26T01:08:06+07:00 INFO (6): 
Elapsed Secs: 0.00023
Query: connect
Params: []

2015-07-26T01:08:06+07:00 INFO (6): 
Elapsed Secs: 0.00071
Query: DESCRIBE `kartu_piutang`
Params: []

2015-07-26T01:08:06+07:00 INFO (6): 
Elapsed Secs: 0.00033
Query: connect
Params: []

2015-07-26T01:08:06+07:00 INFO (6): 
Elapsed Secs: 0.01623
Query: SELECT SUM(kp.pembayaran) FROM `kartu_piutang` AS `kp` WHERE (kp.no_kontrak = '29-MD-00160-15')
Params: []

2015-07-26T01:09:45+07:00 INFO (6): 
Elapsed Secs: 0.00023
Query: connect
Params: []

2015-07-26T01:09:45+07:00 INFO (6): 
Elapsed Secs: 0.0007
Query: DESCRIBE `costumer`
Params: []

2015-07-26T01:09:45+07:00 INFO (6): 
Elapsed Secs: 0.00016
Query: connect
Params: []

2015-07-26T01:09:45+07:00 INFO (6): 
Elapsed Secs: 0.00024
Query: SELECT `pinj`.`no_kontrak` FROM `costumer` AS `cos`
 INNER JOIN `pinjaman` AS `pinj` ON pinj.nik_costumer =  cos.nik_costumer
 INNER JOIN `kendaraan` AS `kend` ON kend.no_polisi = pinj.no_polisi
Params: []

2015-07-26T01:09:45+07:00 INFO (6): 
Elapsed Secs: 0.00021
Query: SELECT `pinj`.`no_kontrak`, `cos`.`nama`, `kend`.`no_polisi`, `pinj`.`angsuran_perbulan`, `pinj`.`tanggal_jatuh_tempo` FROM `costumer` AS `cos`
 INNER JOIN `pinjaman` AS `pinj` ON pinj.nik_costumer =  cos.nik_costumer
 INNER JOIN `kendaraan` AS `kend` ON kend.no_polisi = pinj.no_polisi WHERE (pinj.no_kontrak = '29-MD-00160-15') GROUP BY `pinj`.`no_kontrak`
Params: []

2015-07-26T01:09:45+07:00 INFO (6): 
Elapsed Secs: 0.0006
Query: DESCRIBE `pembayaran`
Params: []

2015-07-26T01:09:45+07:00 INFO (6): 
Elapsed Secs: 0.0001
Query: SELECT `pemb`.`angsuran_ke` FROM `pembayaran` AS `pemb` WHERE (no_kontrak = '29-MD-00160-15' ) ORDER BY `id_pembayaran` desc
Params: []

2015-07-26T01:09:45+07:00 INFO (6): 
Elapsed Secs: 0.00017
Query: SELECT `cos`.`nama`, `cos`.`nik_costumer`, `pemb`.`angsuran_ke`, `pemb`.`tanggal_pembayaran`, `pinj`.`no_kontrak`, `pinj`.`nilai_pinjaman`, `pinj`.`angsuran_perbulan`, `pinj`.`lama_angsuran` FROM `pembayaran` AS `pemb`
 INNER JOIN `pinjaman` AS `pinj` ON pinj.no_kontrak = pemb.no_kontrak
 INNER JOIN `costumer` AS `cos` ON pinj.nik_costumer = cos.nik_costumer WHERE (pemb.no_kontrak = '29-MD-00160-15') ORDER BY `id_pembayaran` desc
Params: []

2015-07-26T01:09:45+07:00 INFO (6): 
Elapsed Secs: 0.0001
Query: SELECT `pembayaran`.`id_pembayaran` FROM `pembayaran` ORDER BY `id_pembayaran` desc
Params: []

2015-07-26T01:09:45+07:00 INFO (6): 
Elapsed Secs: 0.00046
Query: DESCRIBE `kartu_piutang`
Params: []

2015-07-26T01:09:45+07:00 INFO (6): 
Elapsed Secs: 0.00015
Query: SELECT `kartu_piutang`.`sisa_denda` FROM `kartu_piutang` WHERE (no_kontrak = '29-MD-00160-15') ORDER BY `id_piutang` desc
Params: []

2015-07-26T01:09:53+07:00 INFO (6): 
Elapsed Secs: 0.00034
Query: connect
Params: []

2015-07-26T01:09:53+07:00 INFO (6): 
Elapsed Secs: 0.00057
Query: DESCRIBE `costumer`
Params: []

2015-07-26T01:09:53+07:00 INFO (6): 
Elapsed Secs: 0.00025
Query: connect
Params: []

2015-07-26T01:09:53+07:00 INFO (6): 
Elapsed Secs: 0.00024
Query: SELECT `pinj`.`no_kontrak` FROM `costumer` AS `cos`
 INNER JOIN `pinjaman` AS `pinj` ON pinj.nik_costumer =  cos.nik_costumer
 INNER JOIN `kendaraan` AS `kend` ON kend.no_polisi = pinj.no_polisi
Params: []

2015-07-26T01:09:53+07:00 INFO (6): 
Elapsed Secs: 0.00018
Query: SELECT `pinj`.`no_kontrak`, `cos`.`nama`, `kend`.`no_polisi`, `pinj`.`angsuran_perbulan`, `pinj`.`tanggal_jatuh_tempo` FROM `costumer` AS `cos`
 INNER JOIN `pinjaman` AS `pinj` ON pinj.nik_costumer =  cos.nik_costumer
 INNER JOIN `kendaraan` AS `kend` ON kend.no_polisi = pinj.no_polisi WHERE (pinj.no_kontrak = '29-MF-00001-15') GROUP BY `pinj`.`no_kontrak`
Params: []

2015-07-26T01:09:53+07:00 INFO (6): 
Elapsed Secs: 0.00048
Query: DESCRIBE `pembayaran`
Params: []

2015-07-26T01:09:53+07:00 INFO (6): 
Elapsed Secs: 0.00018
Query: SELECT `pemb`.`angsuran_ke` FROM `pembayaran` AS `pemb` WHERE (no_kontrak = '29-MF-00001-15' ) ORDER BY `id_pembayaran` desc
Params: []

2015-07-26T01:09:53+07:00 INFO (6): 
Elapsed Secs: 0.00019
Query: SELECT `cos`.`nama`, `cos`.`nik_costumer`, `pemb`.`angsuran_ke`, `pemb`.`tanggal_pembayaran`, `pinj`.`no_kontrak`, `pinj`.`nilai_pinjaman`, `pinj`.`angsuran_perbulan`, `pinj`.`lama_angsuran` FROM `pembayaran` AS `pemb`
 INNER JOIN `pinjaman` AS `pinj` ON pinj.no_kontrak = pemb.no_kontrak
 INNER JOIN `costumer` AS `cos` ON pinj.nik_costumer = cos.nik_costumer WHERE (pemb.no_kontrak = '29-MF-00001-15') ORDER BY `id_pembayaran` desc
Params: []

2015-07-26T01:09:53+07:00 INFO (6): 
Elapsed Secs: 0.00014
Query: SELECT `pembayaran`.`id_pembayaran` FROM `pembayaran` ORDER BY `id_pembayaran` desc
Params: []

2015-07-26T01:09:53+07:00 INFO (6): 
Elapsed Secs: 0.00047
Query: DESCRIBE `kartu_piutang`
Params: []

2015-07-26T01:09:53+07:00 INFO (6): 
Elapsed Secs: 0.00018
Query: SELECT `kartu_piutang`.`sisa_denda` FROM `kartu_piutang` WHERE (no_kontrak = '29-MF-00001-15') ORDER BY `id_piutang` desc
Params: []

2015-07-26T01:09:55+07:00 INFO (6): 
Elapsed Secs: 0.00019
Query: connect
Params: []

2015-07-26T01:09:55+07:00 INFO (6): 
Elapsed Secs: 0.00054
Query: DESCRIBE `kartu_piutang`
Params: []

2015-07-26T01:09:55+07:00 INFO (6): 
Elapsed Secs: 0.0002
Query: connect
Params: []

2015-07-26T01:09:55+07:00 INFO (6): 
Elapsed Secs: 0.00016
Query: SELECT SUM(kp.pembayaran) FROM `kartu_piutang` AS `kp` WHERE (kp.no_kontrak = '29-MF-00001-15')
Params: []

2015-07-26T01:10:26+07:00 INFO (6): 
Elapsed Secs: 0.00025
Query: connect
Params: []

2015-07-26T01:10:26+07:00 INFO (6): 
Elapsed Secs: 0.0006
Query: DESCRIBE `costumer`
Params: []

2015-07-26T01:10:26+07:00 INFO (6): 
Elapsed Secs: 0.00016
Query: connect
Params: []

2015-07-26T01:10:26+07:00 INFO (6): 
Elapsed Secs: 0.00019
Query: SELECT `pinj`.`no_kontrak` FROM `costumer` AS `cos`
 INNER JOIN `pinjaman` AS `pinj` ON pinj.nik_costumer =  cos.nik_costumer
 INNER JOIN `kendaraan` AS `kend` ON kend.no_polisi = pinj.no_polisi
Params: []

2015-07-26T01:10:26+07:00 INFO (6): 
Elapsed Secs: 0.00014
Query: SELECT `pinj`.`no_kontrak`, `cos`.`nama`, `kend`.`no_polisi`, `pinj`.`angsuran_perbulan`, `pinj`.`tanggal_jatuh_tempo` FROM `costumer` AS `cos`
 INNER JOIN `pinjaman` AS `pinj` ON pinj.nik_costumer =  cos.nik_costumer
 INNER JOIN `kendaraan` AS `kend` ON kend.no_polisi = pinj.no_polisi WHERE (pinj.no_kontrak = '29-MF-00001-15') GROUP BY `pinj`.`no_kontrak`
Params: []

2015-07-26T01:10:26+07:00 INFO (6): 
Elapsed Secs: 0.0004
Query: DESCRIBE `pembayaran`
Params: []

2015-07-26T01:10:26+07:00 INFO (6): 
Elapsed Secs: 0.00012
Query: SELECT `pemb`.`angsuran_ke` FROM `pembayaran` AS `pemb` WHERE (no_kontrak = '29-MF-00001-15' ) ORDER BY `id_pembayaran` desc
Params: []

2015-07-26T01:10:26+07:00 INFO (6): 
Elapsed Secs: 0.00016
Query: SELECT `cos`.`nama`, `cos`.`nik_costumer`, `pemb`.`angsuran_ke`, `pemb`.`tanggal_pembayaran`, `pinj`.`no_kontrak`, `pinj`.`nilai_pinjaman`, `pinj`.`angsuran_perbulan`, `pinj`.`lama_angsuran` FROM `pembayaran` AS `pemb`
 INNER JOIN `pinjaman` AS `pinj` ON pinj.no_kontrak = pemb.no_kontrak
 INNER JOIN `costumer` AS `cos` ON pinj.nik_costumer = cos.nik_costumer WHERE (pemb.no_kontrak = '29-MF-00001-15') ORDER BY `id_pembayaran` desc
Params: []

2015-07-26T01:10:26+07:00 INFO (6): 
Elapsed Secs: 9.0E-5
Query: SELECT `pembayaran`.`id_pembayaran` FROM `pembayaran` ORDER BY `id_pembayaran` desc
Params: []

2015-07-26T01:10:26+07:00 INFO (6): 
Elapsed Secs: 0.00045
Query: DESCRIBE `kartu_piutang`
Params: []

2015-07-26T01:10:26+07:00 INFO (6): 
Elapsed Secs: 0.00016
Query: SELECT `kartu_piutang`.`sisa_denda` FROM `kartu_piutang` WHERE (no_kontrak = '29-MF-00001-15') ORDER BY `id_piutang` desc
Params: []

2015-07-26T01:10:31+07:00 INFO (6): 
Elapsed Secs: 0.00029
Query: connect
Params: []

2015-07-26T01:10:31+07:00 INFO (6): 
Elapsed Secs: 0.00059
Query: DESCRIBE `kartu_piutang`
Params: []

2015-07-26T01:10:31+07:00 INFO (6): 
Elapsed Secs: 0.00019
Query: connect
Params: []

2015-07-26T01:10:31+07:00 INFO (6): 
Elapsed Secs: 0.00018
Query: SELECT SUM(kp.pembayaran) FROM `kartu_piutang` AS `kp` WHERE (kp.no_kontrak = '29-MF-00001-15')
Params: []

2015-07-26T01:10:32+07:00 INFO (6): 
Elapsed Secs: 0.00039
Query: connect
Params: []

2015-07-26T01:10:32+07:00 INFO (6): 
Elapsed Secs: 0.00087
Query: DESCRIBE `costumer`
Params: []

2015-07-26T01:10:32+07:00 INFO (6): 
Elapsed Secs: 0.00015
Query: connect
Params: []

2015-07-26T01:10:32+07:00 INFO (6): 
Elapsed Secs: 0.00021
Query: SELECT `pinj`.`no_kontrak` FROM `costumer` AS `cos`
 INNER JOIN `pinjaman` AS `pinj` ON pinj.nik_costumer =  cos.nik_costumer
 INNER JOIN `kendaraan` AS `kend` ON kend.no_polisi = pinj.no_polisi
Params: []

2015-07-26T01:10:32+07:00 INFO (6): 
Elapsed Secs: 0.00017
Query: SELECT `pinj`.`no_kontrak`, `cos`.`nama`, `kend`.`no_polisi`, `pinj`.`angsuran_perbulan`, `pinj`.`tanggal_jatuh_tempo` FROM `costumer` AS `cos`
 INNER JOIN `pinjaman` AS `pinj` ON pinj.nik_costumer =  cos.nik_costumer
 INNER JOIN `kendaraan` AS `kend` ON kend.no_polisi = pinj.no_polisi WHERE (pinj.no_kontrak = '29-MF-00001-15') GROUP BY `pinj`.`no_kontrak`
Params: []

2015-07-26T01:10:32+07:00 INFO (6): 
Elapsed Secs: 0.00046
Query: DESCRIBE `pembayaran`
Params: []

2015-07-26T01:10:32+07:00 INFO (6): 
Elapsed Secs: 0.00013
Query: SELECT `pemb`.`angsuran_ke` FROM `pembayaran` AS `pemb` WHERE (no_kontrak = '29-MF-00001-15' ) ORDER BY `id_pembayaran` desc
Params: []

2015-07-26T01:10:32+07:00 INFO (6): 
Elapsed Secs: 0.00015
Query: SELECT `cos`.`nama`, `cos`.`nik_costumer`, `pemb`.`angsuran_ke`, `pemb`.`tanggal_pembayaran`, `pinj`.`no_kontrak`, `pinj`.`nilai_pinjaman`, `pinj`.`angsuran_perbulan`, `pinj`.`lama_angsuran` FROM `pembayaran` AS `pemb`
 INNER JOIN `pinjaman` AS `pinj` ON pinj.no_kontrak = pemb.no_kontrak
 INNER JOIN `costumer` AS `cos` ON pinj.nik_costumer = cos.nik_costumer WHERE (pemb.no_kontrak = '29-MF-00001-15') ORDER BY `id_pembayaran` desc
Params: []

2015-07-26T01:10:32+07:00 INFO (6): 
Elapsed Secs: 8.0E-5
Query: SELECT `pembayaran`.`id_pembayaran` FROM `pembayaran` ORDER BY `id_pembayaran` desc
Params: []

2015-07-26T01:10:32+07:00 INFO (6): 
Elapsed Secs: 0.00044
Query: DESCRIBE `kartu_piutang`
Params: []

2015-07-26T01:10:32+07:00 INFO (6): 
Elapsed Secs: 0.00011
Query: SELECT `kartu_piutang`.`sisa_denda` FROM `kartu_piutang` WHERE (no_kontrak = '29-MF-00001-15') ORDER BY `id_piutang` desc
Params: []

2015-07-26T01:10:35+07:00 INFO (6): 
Elapsed Secs: 0.00023
Query: connect
Params: []

2015-07-26T01:10:35+07:00 INFO (6): 
Elapsed Secs: 0.00052
Query: DESCRIBE `costumer`
Params: []

2015-07-26T01:10:35+07:00 INFO (6): 
Elapsed Secs: 0.00021
Query: connect
Params: []

2015-07-26T01:10:35+07:00 INFO (6): 
Elapsed Secs: 0.00021
Query: SELECT `pinj`.`no_kontrak` FROM `costumer` AS `cos`
 INNER JOIN `pinjaman` AS `pinj` ON pinj.nik_costumer =  cos.nik_costumer
 INNER JOIN `kendaraan` AS `kend` ON kend.no_polisi = pinj.no_polisi
Params: []

2015-07-26T01:10:35+07:00 INFO (6): 
Elapsed Secs: 0.00017
Query: SELECT `pinj`.`no_kontrak`, `cos`.`nama`, `kend`.`no_polisi`, `pinj`.`angsuran_perbulan`, `pinj`.`tanggal_jatuh_tempo` FROM `costumer` AS `cos`
 INNER JOIN `pinjaman` AS `pinj` ON pinj.nik_costumer =  cos.nik_costumer
 INNER JOIN `kendaraan` AS `kend` ON kend.no_polisi = pinj.no_polisi WHERE (pinj.no_kontrak = '29-MD-00160-15') GROUP BY `pinj`.`no_kontrak`
Params: []

2015-07-26T01:10:35+07:00 INFO (6): 
Elapsed Secs: 0.00042
Query: DESCRIBE `pembayaran`
Params: []

2015-07-26T01:10:35+07:00 INFO (6): 
Elapsed Secs: 0.00014
Query: SELECT `pemb`.`angsuran_ke` FROM `pembayaran` AS `pemb` WHERE (no_kontrak = '29-MD-00160-15' ) ORDER BY `id_pembayaran` desc
Params: []

2015-07-26T01:10:35+07:00 INFO (6): 
Elapsed Secs: 0.00016
Query: SELECT `cos`.`nama`, `cos`.`nik_costumer`, `pemb`.`angsuran_ke`, `pemb`.`tanggal_pembayaran`, `pinj`.`no_kontrak`, `pinj`.`nilai_pinjaman`, `pinj`.`angsuran_perbulan`, `pinj`.`lama_angsuran` FROM `pembayaran` AS `pemb`
 INNER JOIN `pinjaman` AS `pinj` ON pinj.no_kontrak = pemb.no_kontrak
 INNER JOIN `costumer` AS `cos` ON pinj.nik_costumer = cos.nik_costumer WHERE (pemb.no_kontrak = '29-MD-00160-15') ORDER BY `id_pembayaran` desc
Params: []

2015-07-26T01:10:35+07:00 INFO (6): 
Elapsed Secs: 9.0E-5
Query: SELECT `pembayaran`.`id_pembayaran` FROM `pembayaran` ORDER BY `id_pembayaran` desc
Params: []

2015-07-26T01:10:35+07:00 INFO (6): 
Elapsed Secs: 0.00052
Query: DESCRIBE `kartu_piutang`
Params: []

2015-07-26T01:10:35+07:00 INFO (6): 
Elapsed Secs: 0.00012
Query: SELECT `kartu_piutang`.`sisa_denda` FROM `kartu_piutang` WHERE (no_kontrak = '29-MD-00160-15') ORDER BY `id_piutang` desc
Params: []

2015-07-26T01:10:37+07:00 INFO (6): 
Elapsed Secs: 0.00018
Query: connect
Params: []

2015-07-26T01:10:37+07:00 INFO (6): 
Elapsed Secs: 0.00052
Query: DESCRIBE `kartu_piutang`
Params: []

2015-07-26T01:10:37+07:00 INFO (6): 
Elapsed Secs: 0.00017
Query: connect
Params: []

2015-07-26T01:10:37+07:00 INFO (6): 
Elapsed Secs: 0.00014
Query: SELECT SUM(kp.pembayaran) FROM `kartu_piutang` AS `kp` WHERE (kp.no_kontrak = '29-MD-00160-15')
Params: []

2015-07-26T01:15:01+07:00 INFO (6): 
Elapsed Secs: 0.00024
Query: connect
Params: []

2015-07-26T01:15:01+07:00 INFO (6): 
Elapsed Secs: 0.00065
Query: DESCRIBE `kartu_piutang`
Params: []

2015-07-26T01:15:01+07:00 INFO (6): 
Elapsed Secs: 0.00019
Query: connect
Params: []

2015-07-26T01:15:01+07:00 INFO (6): 
Elapsed Secs: 0.01697
Query: SELECT REPLACE(REPLACE(REPLACE(FORMAT('pembayaran', 2), '.', '@'), ',', '.'), '@', ',') FROM `kartu_piutang` AS `kp` WHERE (kp.no_kontrak = '29-MD-00160-15')
Params: []

2015-07-26T01:15:50+07:00 INFO (6): 
Elapsed Secs: 0.00023
Query: connect
Params: []

2015-07-26T01:15:50+07:00 INFO (6): 
Elapsed Secs: 0.00055
Query: DESCRIBE `kartu_piutang`
Params: []

2015-07-26T01:15:50+07:00 INFO (6): 
Elapsed Secs: 0.00015
Query: connect
Params: []

2015-07-26T01:15:53+07:00 INFO (6): 
Elapsed Secs: 0.00028
Query: connect
Params: []

2015-07-26T01:15:53+07:00 INFO (6): 
Elapsed Secs: 0.0007
Query: DESCRIBE `costumer`
Params: []

2015-07-26T01:15:53+07:00 INFO (6): 
Elapsed Secs: 0.0002
Query: connect
Params: []

2015-07-26T01:15:53+07:00 INFO (6): 
Elapsed Secs: 0.00023
Query: SELECT `pinj`.`no_kontrak` FROM `costumer` AS `cos`
 INNER JOIN `pinjaman` AS `pinj` ON pinj.nik_costumer =  cos.nik_costumer
 INNER JOIN `kendaraan` AS `kend` ON kend.no_polisi = pinj.no_polisi
Params: []

2015-07-26T01:15:53+07:00 INFO (6): 
Elapsed Secs: 0.00021
Query: SELECT `pinj`.`no_kontrak`, `cos`.`nama`, `kend`.`no_polisi`, `pinj`.`angsuran_perbulan`, `pinj`.`tanggal_jatuh_tempo` FROM `costumer` AS `cos`
 INNER JOIN `pinjaman` AS `pinj` ON pinj.nik_costumer =  cos.nik_costumer
 INNER JOIN `kendaraan` AS `kend` ON kend.no_polisi = pinj.no_polisi WHERE (pinj.no_kontrak = '29-MD-00160-15') GROUP BY `pinj`.`no_kontrak`
Params: []

2015-07-26T01:15:53+07:00 INFO (6): 
Elapsed Secs: 0.00056
Query: DESCRIBE `pembayaran`
Params: []

2015-07-26T01:15:53+07:00 INFO (6): 
Elapsed Secs: 0.00019
Query: SELECT `pemb`.`angsuran_ke` FROM `pembayaran` AS `pemb` WHERE (no_kontrak = '29-MD-00160-15' ) ORDER BY `id_pembayaran` desc
Params: []

2015-07-26T01:15:53+07:00 INFO (6): 
Elapsed Secs: 0.00026
Query: SELECT `cos`.`nama`, `cos`.`nik_costumer`, `pemb`.`angsuran_ke`, `pemb`.`tanggal_pembayaran`, `pinj`.`no_kontrak`, `pinj`.`nilai_pinjaman`, `pinj`.`angsuran_perbulan`, `pinj`.`lama_angsuran` FROM `pembayaran` AS `pemb`
 INNER JOIN `pinjaman` AS `pinj` ON pinj.no_kontrak = pemb.no_kontrak
 INNER JOIN `costumer` AS `cos` ON pinj.nik_costumer = cos.nik_costumer WHERE (pemb.no_kontrak = '29-MD-00160-15') ORDER BY `id_pembayaran` desc
Params: []

2015-07-26T01:15:53+07:00 INFO (6): 
Elapsed Secs: 0.00016
Query: SELECT `pembayaran`.`id_pembayaran` FROM `pembayaran` ORDER BY `id_pembayaran` desc
Params: []

2015-07-26T01:15:53+07:00 INFO (6): 
Elapsed Secs: 0.00061
Query: DESCRIBE `kartu_piutang`
Params: []

2015-07-26T01:15:53+07:00 INFO (6): 
Elapsed Secs: 0.00014
Query: SELECT `kartu_piutang`.`sisa_denda` FROM `kartu_piutang` WHERE (no_kontrak = '29-MD-00160-15') ORDER BY `id_piutang` desc
Params: []

2015-07-26T01:15:55+07:00 INFO (6): 
Elapsed Secs: 0.00016
Query: connect
Params: []

2015-07-26T01:15:55+07:00 INFO (6): 
Elapsed Secs: 0.00049
Query: DESCRIBE `kartu_piutang`
Params: []

2015-07-26T01:15:55+07:00 INFO (6): 
Elapsed Secs: 0.00015
Query: connect
Params: []

2015-07-26T01:15:55+07:00 INFO (6): 
Elapsed Secs: 0.00016
Query: SELECT REPLACE(REPLACE(REPLACE(FORMAT(pembayaran, 2), '.', '@'), ',', '.'), '@', ',') FROM `kartu_piutang` AS `kp` WHERE (kp.no_kontrak = '29-MD-00160-15')
Params: []

2015-07-26T01:16:18+07:00 INFO (6): 
Elapsed Secs: 0.00019
Query: connect
Params: []

2015-07-26T01:16:18+07:00 INFO (6): 
Elapsed Secs: 0.00055
Query: DESCRIBE `kartu_piutang`
Params: []

2015-07-26T01:16:18+07:00 INFO (6): 
Elapsed Secs: 0.00017
Query: connect
Params: []

2015-07-26T01:16:18+07:00 INFO (6): 
Elapsed Secs: 0.00018
Query: SELECT REPLACE(REPLACE(REPLACE(FORMAT(pembayaran, 0), '.', '@'), ',', '.'), '@', ',') FROM `kartu_piutang` AS `kp` WHERE (kp.no_kontrak = '29-MD-00160-15')
Params: []

2015-07-26T01:16:32+07:00 INFO (6): 
Elapsed Secs: 0.00017
Query: connect
Params: []

2015-07-26T01:16:32+07:00 INFO (6): 
Elapsed Secs: 0.00051
Query: DESCRIBE `kartu_piutang`
Params: []

2015-07-26T01:16:33+07:00 INFO (6): 
Elapsed Secs: 0.00015
Query: connect
Params: []

2015-07-26T01:16:33+07:00 INFO (6): 
Elapsed Secs: 0.00018
Query: SELECT REPLACE(REPLACE(REPLACE(FORMAT(pembayaran,3 ), '.', '@'), ',', '.'), '@', ',') FROM `kartu_piutang` AS `kp` WHERE (kp.no_kontrak = '29-MD-00160-15')
Params: []

2015-07-26T01:16:38+07:00 INFO (6): 
Elapsed Secs: 0.00017
Query: connect
Params: []

2015-07-26T01:16:38+07:00 INFO (6): 
Elapsed Secs: 0.00053
Query: DESCRIBE `costumer`
Params: []

2015-07-26T01:16:38+07:00 INFO (6): 
Elapsed Secs: 0.00017
Query: connect
Params: []

2015-07-26T01:16:38+07:00 INFO (6): 
Elapsed Secs: 0.00017
Query: SELECT `pinj`.`no_kontrak` FROM `costumer` AS `cos`
 INNER JOIN `pinjaman` AS `pinj` ON pinj.nik_costumer =  cos.nik_costumer
 INNER JOIN `kendaraan` AS `kend` ON kend.no_polisi = pinj.no_polisi
Params: []

2015-07-26T01:16:38+07:00 INFO (6): 
Elapsed Secs: 0.00015
Query: SELECT `pinj`.`no_kontrak`, `cos`.`nama`, `kend`.`no_polisi`, `pinj`.`angsuran_perbulan`, `pinj`.`tanggal_jatuh_tempo` FROM `costumer` AS `cos`
 INNER JOIN `pinjaman` AS `pinj` ON pinj.nik_costumer =  cos.nik_costumer
 INNER JOIN `kendaraan` AS `kend` ON kend.no_polisi = pinj.no_polisi WHERE (pinj.no_kontrak = '29-MD-00160-15') GROUP BY `pinj`.`no_kontrak`
Params: []

2015-07-26T01:16:38+07:00 INFO (6): 
Elapsed Secs: 0.00042
Query: DESCRIBE `pembayaran`
Params: []

2015-07-26T01:16:38+07:00 INFO (6): 
Elapsed Secs: 0.00011
Query: SELECT `pemb`.`angsuran_ke` FROM `pembayaran` AS `pemb` WHERE (no_kontrak = '29-MD-00160-15' ) ORDER BY `id_pembayaran` desc
Params: []

2015-07-26T01:16:38+07:00 INFO (6): 
Elapsed Secs: 0.00015
Query: SELECT `cos`.`nama`, `cos`.`nik_costumer`, `pemb`.`angsuran_ke`, `pemb`.`tanggal_pembayaran`, `pinj`.`no_kontrak`, `pinj`.`nilai_pinjaman`, `pinj`.`angsuran_perbulan`, `pinj`.`lama_angsuran` FROM `pembayaran` AS `pemb`
 INNER JOIN `pinjaman` AS `pinj` ON pinj.no_kontrak = pemb.no_kontrak
 INNER JOIN `costumer` AS `cos` ON pinj.nik_costumer = cos.nik_costumer WHERE (pemb.no_kontrak = '29-MD-00160-15') ORDER BY `id_pembayaran` desc
Params: []

2015-07-26T01:16:38+07:00 INFO (6): 
Elapsed Secs: 8.0E-5
Query: SELECT `pembayaran`.`id_pembayaran` FROM `pembayaran` ORDER BY `id_pembayaran` desc
Params: []

2015-07-26T01:16:38+07:00 INFO (6): 
Elapsed Secs: 0.00039
Query: DESCRIBE `kartu_piutang`
Params: []

2015-07-26T01:16:38+07:00 INFO (6): 
Elapsed Secs: 0.00011
Query: SELECT `kartu_piutang`.`sisa_denda` FROM `kartu_piutang` WHERE (no_kontrak = '29-MD-00160-15') ORDER BY `id_piutang` desc
Params: []

2015-07-26T01:16:41+07:00 INFO (6): 
Elapsed Secs: 0.00024
Query: connect
Params: []

2015-07-26T01:16:41+07:00 INFO (6): 
Elapsed Secs: 0.00051
Query: DESCRIBE `costumer`
Params: []

2015-07-26T01:16:41+07:00 INFO (6): 
Elapsed Secs: 0.00016
Query: connect
Params: []

2015-07-26T01:16:41+07:00 INFO (6): 
Elapsed Secs: 0.0002
Query: SELECT `pinj`.`no_kontrak` FROM `costumer` AS `cos`
 INNER JOIN `pinjaman` AS `pinj` ON pinj.nik_costumer =  cos.nik_costumer
 INNER JOIN `kendaraan` AS `kend` ON kend.no_polisi = pinj.no_polisi
Params: []

2015-07-26T01:16:41+07:00 INFO (6): 
Elapsed Secs: 0.00015
Query: SELECT `pinj`.`no_kontrak`, `cos`.`nama`, `kend`.`no_polisi`, `pinj`.`angsuran_perbulan`, `pinj`.`tanggal_jatuh_tempo` FROM `costumer` AS `cos`
 INNER JOIN `pinjaman` AS `pinj` ON pinj.nik_costumer =  cos.nik_costumer
 INNER JOIN `kendaraan` AS `kend` ON kend.no_polisi = pinj.no_polisi WHERE (pinj.no_kontrak = '29-MF-00157-15') GROUP BY `pinj`.`no_kontrak`
Params: []

2015-07-26T01:16:41+07:00 INFO (6): 
Elapsed Secs: 0.00044
Query: DESCRIBE `pembayaran`
Params: []

2015-07-26T01:16:41+07:00 INFO (6): 
Elapsed Secs: 0.00017
Query: SELECT `pemb`.`angsuran_ke` FROM `pembayaran` AS `pemb` WHERE (no_kontrak = '29-MF-00157-15' ) ORDER BY `id_pembayaran` desc
Params: []

2015-07-26T01:16:41+07:00 INFO (6): 
Elapsed Secs: 0.00023
Query: SELECT `cos`.`nama`, `cos`.`nik_costumer`, `pemb`.`angsuran_ke`, `pemb`.`tanggal_pembayaran`, `pinj`.`no_kontrak`, `pinj`.`nilai_pinjaman`, `pinj`.`angsuran_perbulan`, `pinj`.`lama_angsuran` FROM `pembayaran` AS `pemb`
 INNER JOIN `pinjaman` AS `pinj` ON pinj.no_kontrak = pemb.no_kontrak
 INNER JOIN `costumer` AS `cos` ON pinj.nik_costumer = cos.nik_costumer WHERE (pemb.no_kontrak = '29-MF-00157-15') ORDER BY `id_pembayaran` desc
Params: []

2015-07-26T01:16:41+07:00 INFO (6): 
Elapsed Secs: 0.0001
Query: SELECT `pembayaran`.`id_pembayaran` FROM `pembayaran` ORDER BY `id_pembayaran` desc
Params: []

2015-07-26T01:16:41+07:00 INFO (6): 
Elapsed Secs: 0.00047
Query: DESCRIBE `kartu_piutang`
Params: []

2015-07-26T01:16:41+07:00 INFO (6): 
Elapsed Secs: 0.00014
Query: SELECT `kartu_piutang`.`sisa_denda` FROM `kartu_piutang` WHERE (no_kontrak = '29-MF-00157-15') ORDER BY `id_piutang` desc
Params: []

2015-07-26T01:16:43+07:00 INFO (6): 
Elapsed Secs: 0.00026
Query: connect
Params: []

2015-07-26T01:16:43+07:00 INFO (6): 
Elapsed Secs: 0.00092
Query: DESCRIBE `kartu_piutang`
Params: []

2015-07-26T01:16:43+07:00 INFO (6): 
Elapsed Secs: 0.00024
Query: connect
Params: []

2015-07-26T01:16:43+07:00 INFO (6): 
Elapsed Secs: 0.00022
Query: SELECT REPLACE(REPLACE(REPLACE(FORMAT(pembayaran,3 ), '.', '@'), ',', '.'), '@', ',') FROM `kartu_piutang` AS `kp` WHERE (kp.no_kontrak = '29-MF-00157-15')
Params: []

2015-07-26T01:17:05+07:00 INFO (6): 
Elapsed Secs: 0.00019
Query: connect
Params: []

2015-07-26T01:17:05+07:00 INFO (6): 
Elapsed Secs: 0.00053
Query: DESCRIBE `kartu_piutang`
Params: []

2015-07-26T01:17:05+07:00 INFO (6): 
Elapsed Secs: 0.0002
Query: connect
Params: []

2015-07-26T01:17:05+07:00 INFO (6): 
Elapsed Secs: 0.00017
Query: SELECT REPLACE(REPLACE(REPLACE(FORMAT(pembayaran,2 ), '.', '@'), '.', '.'), '@', ',') FROM `kartu_piutang` AS `kp` WHERE (kp.no_kontrak = '29-MF-00157-15')
Params: []

2015-07-26T01:17:06+07:00 INFO (6): 
Elapsed Secs: 0.0003
Query: connect
Params: []

2015-07-26T01:17:06+07:00 INFO (6): 
Elapsed Secs: 0.00079
Query: DESCRIBE `costumer`
Params: []

2015-07-26T01:17:06+07:00 INFO (6): 
Elapsed Secs: 0.00027
Query: connect
Params: []

2015-07-26T01:17:06+07:00 INFO (6): 
Elapsed Secs: 0.00026
Query: SELECT `pinj`.`no_kontrak` FROM `costumer` AS `cos`
 INNER JOIN `pinjaman` AS `pinj` ON pinj.nik_costumer =  cos.nik_costumer
 INNER JOIN `kendaraan` AS `kend` ON kend.no_polisi = pinj.no_polisi
Params: []

2015-07-26T01:17:06+07:00 INFO (6): 
Elapsed Secs: 0.00022
Query: SELECT `pinj`.`no_kontrak`, `cos`.`nama`, `kend`.`no_polisi`, `pinj`.`angsuran_perbulan`, `pinj`.`tanggal_jatuh_tempo` FROM `costumer` AS `cos`
 INNER JOIN `pinjaman` AS `pinj` ON pinj.nik_costumer =  cos.nik_costumer
 INNER JOIN `kendaraan` AS `kend` ON kend.no_polisi = pinj.no_polisi WHERE (pinj.no_kontrak = '29-MF-00157-15') GROUP BY `pinj`.`no_kontrak`
Params: []

2015-07-26T01:17:06+07:00 INFO (6): 
Elapsed Secs: 0.00071
Query: DESCRIBE `pembayaran`
Params: []

2015-07-26T01:17:06+07:00 INFO (6): 
Elapsed Secs: 0.00021
Query: SELECT `pemb`.`angsuran_ke` FROM `pembayaran` AS `pemb` WHERE (no_kontrak = '29-MF-00157-15' ) ORDER BY `id_pembayaran` desc
Params: []

2015-07-26T01:17:06+07:00 INFO (6): 
Elapsed Secs: 0.00029
Query: SELECT `cos`.`nama`, `cos`.`nik_costumer`, `pemb`.`angsuran_ke`, `pemb`.`tanggal_pembayaran`, `pinj`.`no_kontrak`, `pinj`.`nilai_pinjaman`, `pinj`.`angsuran_perbulan`, `pinj`.`lama_angsuran` FROM `pembayaran` AS `pemb`
 INNER JOIN `pinjaman` AS `pinj` ON pinj.no_kontrak = pemb.no_kontrak
 INNER JOIN `costumer` AS `cos` ON pinj.nik_costumer = cos.nik_costumer WHERE (pemb.no_kontrak = '29-MF-00157-15') ORDER BY `id_pembayaran` desc
Params: []

2015-07-26T01:17:06+07:00 INFO (6): 
Elapsed Secs: 0.00015
Query: SELECT `pembayaran`.`id_pembayaran` FROM `pembayaran` ORDER BY `id_pembayaran` desc
Params: []

2015-07-26T01:17:06+07:00 INFO (6): 
Elapsed Secs: 0.00057
Query: DESCRIBE `kartu_piutang`
Params: []

2015-07-26T01:17:06+07:00 INFO (6): 
Elapsed Secs: 0.00015
Query: SELECT `kartu_piutang`.`sisa_denda` FROM `kartu_piutang` WHERE (no_kontrak = '29-MF-00157-15') ORDER BY `id_piutang` desc
Params: []

2015-07-26T01:17:10+07:00 INFO (6): 
Elapsed Secs: 0.00029
Query: connect
Params: []

2015-07-26T01:17:10+07:00 INFO (6): 
Elapsed Secs: 0.00057
Query: DESCRIBE `costumer`
Params: []

2015-07-26T01:17:10+07:00 INFO (6): 
Elapsed Secs: 0.00019
Query: connect
Params: []

2015-07-26T01:17:10+07:00 INFO (6): 
Elapsed Secs: 0.00017
Query: SELECT `pinj`.`no_kontrak` FROM `costumer` AS `cos`
 INNER JOIN `pinjaman` AS `pinj` ON pinj.nik_costumer =  cos.nik_costumer
 INNER JOIN `kendaraan` AS `kend` ON kend.no_polisi = pinj.no_polisi
Params: []

2015-07-26T01:17:10+07:00 INFO (6): 
Elapsed Secs: 0.00014
Query: SELECT `pinj`.`no_kontrak`, `cos`.`nama`, `kend`.`no_polisi`, `pinj`.`angsuran_perbulan`, `pinj`.`tanggal_jatuh_tempo` FROM `costumer` AS `cos`
 INNER JOIN `pinjaman` AS `pinj` ON pinj.nik_costumer =  cos.nik_costumer
 INNER JOIN `kendaraan` AS `kend` ON kend.no_polisi = pinj.no_polisi WHERE (pinj.no_kontrak = '29-MD-00160-15') GROUP BY `pinj`.`no_kontrak`
Params: []

2015-07-26T01:17:10+07:00 INFO (6): 
Elapsed Secs: 0.00045
Query: DESCRIBE `pembayaran`
Params: []

2015-07-26T01:17:10+07:00 INFO (6): 
Elapsed Secs: 0.00017
Query: SELECT `pemb`.`angsuran_ke` FROM `pembayaran` AS `pemb` WHERE (no_kontrak = '29-MD-00160-15' ) ORDER BY `id_pembayaran` desc
Params: []

2015-07-26T01:17:10+07:00 INFO (6): 
Elapsed Secs: 0.00018
Query: SELECT `cos`.`nama`, `cos`.`nik_costumer`, `pemb`.`angsuran_ke`, `pemb`.`tanggal_pembayaran`, `pinj`.`no_kontrak`, `pinj`.`nilai_pinjaman`, `pinj`.`angsuran_perbulan`, `pinj`.`lama_angsuran` FROM `pembayaran` AS `pemb`
 INNER JOIN `pinjaman` AS `pinj` ON pinj.no_kontrak = pemb.no_kontrak
 INNER JOIN `costumer` AS `cos` ON pinj.nik_costumer = cos.nik_costumer WHERE (pemb.no_kontrak = '29-MD-00160-15') ORDER BY `id_pembayaran` desc
Params: []

2015-07-26T01:17:10+07:00 INFO (6): 
Elapsed Secs: 0.00014
Query: SELECT `pembayaran`.`id_pembayaran` FROM `pembayaran` ORDER BY `id_pembayaran` desc
Params: []

2015-07-26T01:17:10+07:00 INFO (6): 
Elapsed Secs: 0.00048
Query: DESCRIBE `kartu_piutang`
Params: []

2015-07-26T01:17:10+07:00 INFO (6): 
Elapsed Secs: 0.00011
Query: SELECT `kartu_piutang`.`sisa_denda` FROM `kartu_piutang` WHERE (no_kontrak = '29-MD-00160-15') ORDER BY `id_piutang` desc
Params: []

2015-07-26T01:17:12+07:00 INFO (6): 
Elapsed Secs: 0.00023
Query: connect
Params: []

2015-07-26T01:17:12+07:00 INFO (6): 
Elapsed Secs: 0.00049
Query: DESCRIBE `kartu_piutang`
Params: []

2015-07-26T01:17:12+07:00 INFO (6): 
Elapsed Secs: 0.00017
Query: connect
Params: []

2015-07-26T01:17:12+07:00 INFO (6): 
Elapsed Secs: 0.00018
Query: SELECT REPLACE(REPLACE(REPLACE(FORMAT(pembayaran,2 ), '.', '@'), '.', '.'), '@', ',') FROM `kartu_piutang` AS `kp` WHERE (kp.no_kontrak = '29-MD-00160-15')
Params: []

2015-07-26T01:18:32+07:00 INFO (6): 
Elapsed Secs: 0.00023
Query: connect
Params: []

2015-07-26T01:18:32+07:00 INFO (6): 
Elapsed Secs: 0.00052
Query: DESCRIBE `kartu_piutang`
Params: []

2015-07-26T01:18:32+07:00 INFO (6): 
Elapsed Secs: 0.00016
Query: connect
Params: []

2015-07-26T01:18:32+07:00 INFO (6): 
Elapsed Secs: 0.00882
Query: SELECT CONCAT(REPLACE(FORMAT(pembayaran,0),',','.'),',',SUBSTRING_INDEX(FORMAT(pembayaran,2),'.',-1)) FROM `kartu_piutang` AS `kp` WHERE (kp.no_kontrak = '29-MD-00160-15')
Params: []

2015-07-26T01:19:04+07:00 INFO (6): 
Elapsed Secs: 0.00018
Query: connect
Params: []

2015-07-26T01:19:04+07:00 INFO (6): 
Elapsed Secs: 0.00067
Query: DESCRIBE `kartu_piutang`
Params: []

2015-07-26T01:19:04+07:00 INFO (6): 
Elapsed Secs: 0.00014
Query: connect
Params: []

2015-07-26T01:19:04+07:00 INFO (6): 
Elapsed Secs: 0.00017
Query: SELECT CONCAT(REPLACE(FORMAT(pembayaran,0),'.',','),',',SUBSTRING_INDEX(FORMAT(pembayaran,2),'.',-1)) FROM `kartu_piutang` AS `kp` WHERE (kp.no_kontrak = '29-MD-00160-15')
Params: []

2015-07-26T01:21:06+07:00 INFO (6): 
Elapsed Secs: 0.00023
Query: connect
Params: []

2015-07-26T01:21:06+07:00 INFO (6): 
Elapsed Secs: 0.00072
Query: DESCRIBE `kartu_piutang`
Params: []

2015-07-26T01:21:06+07:00 INFO (6): 
Elapsed Secs: 0.0002
Query: connect
Params: []

2015-07-26T01:21:06+07:00 INFO (6): 
Elapsed Secs: 0.00021
Query: SELECT CONCAT('Rp', FORMAT(pembayaran, 2)) FROM `kartu_piutang` AS `kp` WHERE (kp.no_kontrak = '29-MD-00160-15')
Params: []

2015-07-26T01:21:57+07:00 INFO (6): 
Elapsed Secs: 0.00031
Query: connect
Params: []

2015-07-26T01:21:57+07:00 INFO (6): 
Elapsed Secs: 0.0008
Query: DESCRIBE `kartu_piutang`
Params: []

2015-07-26T01:21:57+07:00 INFO (6): 
Elapsed Secs: 0.00028
Query: connect
Params: []

2015-07-26T01:21:57+07:00 INFO (6): 
Elapsed Secs: 0.00024
Query: SELECT `kp`.`pembayaran` FROM `kartu_piutang` AS `kp` WHERE (kp.no_kontrak = '29-MD-00160-15')
Params: []

2015-07-26T01:22:43+07:00 INFO (6): 
Elapsed Secs: 0.00025
Query: connect
Params: []

2015-07-26T01:22:43+07:00 INFO (6): 
Elapsed Secs: 0.00069
Query: DESCRIBE `kartu_piutang`
Params: []

2015-07-26T01:22:56+07:00 INFO (6): 
Elapsed Secs: 0.00025
Query: connect
Params: []

2015-07-26T01:22:56+07:00 INFO (6): 
Elapsed Secs: 0.00067
Query: DESCRIBE `kartu_piutang`
Params: []

2015-07-26T01:22:56+07:00 INFO (6): 
Elapsed Secs: 0.00019
Query: connect
Params: []

2015-07-26T01:23:19+07:00 INFO (6): 
Elapsed Secs: 0.0002
Query: connect
Params: []

2015-07-26T01:23:19+07:00 INFO (6): 
Elapsed Secs: 0.00057
Query: DESCRIBE `kartu_piutang`
Params: []

2015-07-26T01:23:19+07:00 INFO (6): 
Elapsed Secs: 0.00018
Query: connect
Params: []

2015-07-26T01:24:08+07:00 INFO (6): 
Elapsed Secs: 0.00018
Query: connect
Params: []

2015-07-26T01:24:08+07:00 INFO (6): 
Elapsed Secs: 0.00052
Query: DESCRIBE `kartu_piutang`
Params: []

2015-07-26T01:24:08+07:00 INFO (6): 
Elapsed Secs: 0.00015
Query: connect
Params: []

2015-07-26T01:24:08+07:00 INFO (6): 
Elapsed Secs: 0.00013
Query: SELECT `kp`.`pembayaran`, `kp`.`pembayaran` FROM `kartu_piutang` AS `kp` WHERE (kp.no_kontrak = '29-MD-00160-15')
Params: []

2015-07-26T01:24:42+07:00 INFO (6): 
Elapsed Secs: 0.00018
Query: connect
Params: []

2015-07-26T01:24:42+07:00 INFO (6): 
Elapsed Secs: 0.00053
Query: DESCRIBE `kartu_piutang`
Params: []

2015-07-26T01:24:42+07:00 INFO (6): 
Elapsed Secs: 0.00017
Query: connect
Params: []

2015-07-26T01:24:57+07:00 INFO (6): 
Elapsed Secs: 0.00018
Query: connect
Params: []

2015-07-26T01:24:57+07:00 INFO (6): 
Elapsed Secs: 0.00052
Query: DESCRIBE `kartu_piutang`
Params: []

2015-07-26T01:24:57+07:00 INFO (6): 
Elapsed Secs: 0.00015
Query: connect
Params: []

2015-07-26T01:25:07+07:00 INFO (6): 
Elapsed Secs: 0.00019
Query: connect
Params: []

2015-07-26T01:25:07+07:00 INFO (6): 
Elapsed Secs: 0.00051
Query: DESCRIBE `kartu_piutang`
Params: []

2015-07-26T01:25:07+07:00 INFO (6): 
Elapsed Secs: 0.00017
Query: connect
Params: []

2015-07-26T01:25:44+07:00 INFO (6): 
Elapsed Secs: 0.00019
Query: connect
Params: []

2015-07-26T01:25:44+07:00 INFO (6): 
Elapsed Secs: 0.00052
Query: DESCRIBE `kartu_piutang`
Params: []

2015-07-26T01:25:44+07:00 INFO (6): 
Elapsed Secs: 0.00014
Query: connect
Params: []

2015-07-26T01:25:58+07:00 INFO (6): 
Elapsed Secs: 0.00024
Query: connect
Params: []

2015-07-26T01:25:58+07:00 INFO (6): 
Elapsed Secs: 0.00056
Query: DESCRIBE `kartu_piutang`
Params: []

2015-07-26T01:25:58+07:00 INFO (6): 
Elapsed Secs: 0.00016
Query: connect
Params: []

2015-07-26T01:27:05+07:00 INFO (6): 
Elapsed Secs: 0.00017
Query: connect
Params: []

2015-07-26T01:27:05+07:00 INFO (6): 
Elapsed Secs: 0.00052
Query: DESCRIBE `kartu_piutang`
Params: []

2015-07-26T01:27:05+07:00 INFO (6): 
Elapsed Secs: 0.00014
Query: connect
Params: []

2015-07-26T01:27:05+07:00 INFO (6): 
Elapsed Secs: 0.00015
Query: SELECT SUM(kp.pembayaran) FROM `kartu_piutang` AS `kp` WHERE (kp.no_kontrak = '29-MD-00160-15')
Params: []

2015-07-26T01:28:22+07:00 INFO (6): 
Elapsed Secs: 0.00016
Query: connect
Params: []

2015-07-26T01:28:22+07:00 INFO (6): 
Elapsed Secs: 0.00054
Query: DESCRIBE `kartu_piutang`
Params: []

2015-07-26T01:28:22+07:00 INFO (6): 
Elapsed Secs: 0.00014
Query: connect
Params: []

2015-07-26T01:28:22+07:00 INFO (6): 
Elapsed Secs: 0.00014
Query: SELECT `kp`.`pembayaran` FROM `kartu_piutang` AS `kp` WHERE (kp.no_kontrak = '29-MD-00160-15')
Params: []

2015-07-26T01:28:32+07:00 INFO (6): 
Elapsed Secs: 0.00023
Query: connect
Params: []

2015-07-26T01:28:32+07:00 INFO (6): 
Elapsed Secs: 0.00054
Query: DESCRIBE `kartu_piutang`
Params: []

2015-07-26T01:28:32+07:00 INFO (6): 
Elapsed Secs: 0.00016
Query: connect
Params: []

2015-07-26T01:28:32+07:00 INFO (6): 
Elapsed Secs: 0.00013
Query: SELECT `kp`.`pembayaran` FROM `kartu_piutang` AS `kp` WHERE (kp.no_kontrak = '29-MD-00160-15')
Params: []

2015-07-26T01:28:53+07:00 INFO (6): 
Elapsed Secs: 0.00018
Query: connect
Params: []

2015-07-26T01:28:53+07:00 INFO (6): 
Elapsed Secs: 0.00055
Query: DESCRIBE `kartu_piutang`
Params: []

2015-07-26T01:28:53+07:00 INFO (6): 
Elapsed Secs: 0.00014
Query: connect
Params: []

2015-07-26T01:28:53+07:00 INFO (6): 
Elapsed Secs: 0.00013
Query: SELECT `kp`.`pembayaran` FROM `kartu_piutang` AS `kp` WHERE (kp.no_kontrak = '29-MD-00160-15')
Params: []

2015-07-26T01:33:15+07:00 INFO (6): 
Elapsed Secs: 0.0002
Query: connect
Params: []

2015-07-26T01:33:15+07:00 INFO (6): 
Elapsed Secs: 0.00054
Query: DESCRIBE `kartu_piutang`
Params: []

2015-07-26T01:33:15+07:00 INFO (6): 
Elapsed Secs: 0.00015
Query: connect
Params: []

2015-07-26T01:33:15+07:00 INFO (6): 
Elapsed Secs: 0.00013
Query: SELECT `kp`.`pembayaran` FROM `kartu_piutang` AS `kp` WHERE (kp.no_kontrak = '29-MD-00160-15')
Params: []

2015-07-26T01:33:38+07:00 INFO (6): 
Elapsed Secs: 0.0002
Query: connect
Params: []

2015-07-26T01:33:38+07:00 INFO (6): 
Elapsed Secs: 0.00052
Query: DESCRIBE `kartu_piutang`
Params: []

2015-07-26T01:33:38+07:00 INFO (6): 
Elapsed Secs: 0.00014
Query: connect
Params: []

2015-07-26T01:33:38+07:00 INFO (6): 
Elapsed Secs: 0.00016
Query: SELECT `kp`.`pembayaran` FROM `kartu_piutang` AS `kp` WHERE (kp.no_kontrak = '29-MD-00160-15')
Params: []

2015-07-26T01:33:54+07:00 INFO (6): 
Elapsed Secs: 0.00018
Query: connect
Params: []

2015-07-26T01:33:54+07:00 INFO (6): 
Elapsed Secs: 0.00054
Query: DESCRIBE `kartu_piutang`
Params: []

2015-07-26T01:33:54+07:00 INFO (6): 
Elapsed Secs: 0.00017
Query: connect
Params: []

2015-07-26T01:33:54+07:00 INFO (6): 
Elapsed Secs: 0.00016
Query: SELECT `kp`.`pembayaran` FROM `kartu_piutang` AS `kp` WHERE (kp.no_kontrak = '29-MD-00160-15')
Params: []

2015-07-26T01:34:23+07:00 INFO (6): 
Elapsed Secs: 0.00019
Query: connect
Params: []

2015-07-26T01:34:23+07:00 INFO (6): 
Elapsed Secs: 0.00054
Query: DESCRIBE `kartu_piutang`
Params: []

2015-07-26T01:34:23+07:00 INFO (6): 
Elapsed Secs: 0.00015
Query: connect
Params: []

2015-07-26T01:34:23+07:00 INFO (6): 
Elapsed Secs: 0.00013
Query: SELECT `kp`.`pembayaran` FROM `kartu_piutang` AS `kp` WHERE (kp.no_kontrak = '29-MD-00160-15')
Params: []

2015-07-26T01:34:39+07:00 INFO (6): 
Elapsed Secs: 0.0002
Query: connect
Params: []

2015-07-26T01:34:39+07:00 INFO (6): 
Elapsed Secs: 0.00055
Query: DESCRIBE `kartu_piutang`
Params: []

2015-07-26T01:34:39+07:00 INFO (6): 
Elapsed Secs: 0.00016
Query: connect
Params: []

2015-07-26T01:34:39+07:00 INFO (6): 
Elapsed Secs: 0.00013
Query: SELECT `kp`.`pembayaran` FROM `kartu_piutang` AS `kp` WHERE (kp.no_kontrak = '29-MD-00160-15')
Params: []

2015-07-26T01:34:53+07:00 INFO (6): 
Elapsed Secs: 0.00023
Query: connect
Params: []

2015-07-26T01:34:53+07:00 INFO (6): 
Elapsed Secs: 0.00087
Query: DESCRIBE `kartu_piutang`
Params: []

2015-07-26T01:34:53+07:00 INFO (6): 
Elapsed Secs: 0.0002
Query: connect
Params: []

2015-07-26T01:34:53+07:00 INFO (6): 
Elapsed Secs: 0.00022
Query: SELECT `kp`.`pembayaran` FROM `kartu_piutang` AS `kp` WHERE (kp.no_kontrak = '29-MD-00160-15')
Params: []

2015-07-26T01:35:06+07:00 INFO (6): 
Elapsed Secs: 0.00019
Query: connect
Params: []

2015-07-26T01:35:06+07:00 INFO (6): 
Elapsed Secs: 0.00051
Query: DESCRIBE `kartu_piutang`
Params: []

2015-07-26T01:35:06+07:00 INFO (6): 
Elapsed Secs: 0.00013
Query: connect
Params: []

2015-07-26T01:35:06+07:00 INFO (6): 
Elapsed Secs: 0.00013
Query: SELECT `kp`.`pembayaran` FROM `kartu_piutang` AS `kp` WHERE (kp.no_kontrak = '29-MD-00160-15')
Params: []

2015-07-26T01:35:14+07:00 INFO (6): 
Elapsed Secs: 0.00023
Query: connect
Params: []

2015-07-26T01:35:14+07:00 INFO (6): 
Elapsed Secs: 0.00057
Query: DESCRIBE `kartu_piutang`
Params: []

2015-07-26T01:35:14+07:00 INFO (6): 
Elapsed Secs: 0.00013
Query: connect
Params: []

2015-07-26T01:35:14+07:00 INFO (6): 
Elapsed Secs: 0.00015
Query: SELECT `kp`.`pembayaran` FROM `kartu_piutang` AS `kp` WHERE (kp.no_kontrak = '29-MD-00160-15')
Params: []

2015-07-26T01:35:20+07:00 INFO (6): 
Elapsed Secs: 0.00016
Query: connect
Params: []

2015-07-26T01:35:20+07:00 INFO (6): 
Elapsed Secs: 0.0005
Query: DESCRIBE `kartu_piutang`
Params: []

2015-07-26T01:35:20+07:00 INFO (6): 
Elapsed Secs: 0.00013
Query: connect
Params: []

2015-07-26T01:35:20+07:00 INFO (6): 
Elapsed Secs: 0.00015
Query: SELECT `kp`.`pembayaran` FROM `kartu_piutang` AS `kp` WHERE (kp.no_kontrak = '29-MD-00160-15')
Params: []

2015-07-26T01:35:38+07:00 INFO (6): 
Elapsed Secs: 0.00018
Query: connect
Params: []

2015-07-26T01:35:38+07:00 INFO (6): 
Elapsed Secs: 0.00051
Query: DESCRIBE `kartu_piutang`
Params: []

2015-07-26T01:35:38+07:00 INFO (6): 
Elapsed Secs: 0.00014
Query: connect
Params: []

2015-07-26T01:35:38+07:00 INFO (6): 
Elapsed Secs: 0.00012
Query: SELECT `kp`.`pembayaran` FROM `kartu_piutang` AS `kp` WHERE (kp.no_kontrak = '29-MD-00160-15')
Params: []

2015-07-26T01:35:53+07:00 INFO (6): 
Elapsed Secs: 0.00021
Query: connect
Params: []

2015-07-26T01:35:53+07:00 INFO (6): 
Elapsed Secs: 0.00054
Query: DESCRIBE `costumer`
Params: []

2015-07-26T01:35:53+07:00 INFO (6): 
Elapsed Secs: 0.00021
Query: connect
Params: []

2015-07-26T01:35:53+07:00 INFO (6): 
Elapsed Secs: 0.00022
Query: SELECT `pinj`.`no_kontrak` FROM `costumer` AS `cos`
 INNER JOIN `pinjaman` AS `pinj` ON pinj.nik_costumer =  cos.nik_costumer
 INNER JOIN `kendaraan` AS `kend` ON kend.no_polisi = pinj.no_polisi
Params: []

2015-07-26T01:35:53+07:00 INFO (6): 
Elapsed Secs: 0.00019
Query: SELECT `pinj`.`no_kontrak`, `cos`.`nama`, `kend`.`no_polisi`, `pinj`.`angsuran_perbulan`, `pinj`.`tanggal_jatuh_tempo` FROM `costumer` AS `cos`
 INNER JOIN `pinjaman` AS `pinj` ON pinj.nik_costumer =  cos.nik_costumer
 INNER JOIN `kendaraan` AS `kend` ON kend.no_polisi = pinj.no_polisi WHERE (pinj.no_kontrak = '29-MD-00160-15') GROUP BY `pinj`.`no_kontrak`
Params: []

2015-07-26T01:35:53+07:00 INFO (6): 
Elapsed Secs: 0.00045
Query: DESCRIBE `pembayaran`
Params: []

2015-07-26T01:35:53+07:00 INFO (6): 
Elapsed Secs: 0.00017
Query: SELECT `pemb`.`angsuran_ke` FROM `pembayaran` AS `pemb` WHERE (no_kontrak = '29-MD-00160-15' ) ORDER BY `id_pembayaran` desc
Params: []

2015-07-26T01:35:53+07:00 INFO (6): 
Elapsed Secs: 0.00023
Query: SELECT `cos`.`nama`, `cos`.`nik_costumer`, `pemb`.`angsuran_ke`, `pemb`.`tanggal_pembayaran`, `pinj`.`no_kontrak`, `pinj`.`nilai_pinjaman`, `pinj`.`angsuran_perbulan`, `pinj`.`lama_angsuran` FROM `pembayaran` AS `pemb`
 INNER JOIN `pinjaman` AS `pinj` ON pinj.no_kontrak = pemb.no_kontrak
 INNER JOIN `costumer` AS `cos` ON pinj.nik_costumer = cos.nik_costumer WHERE (pemb.no_kontrak = '29-MD-00160-15') ORDER BY `id_pembayaran` desc
Params: []

2015-07-26T01:35:53+07:00 INFO (6): 
Elapsed Secs: 0.00014
Query: SELECT `pembayaran`.`id_pembayaran` FROM `pembayaran` ORDER BY `id_pembayaran` desc
Params: []

2015-07-26T01:35:53+07:00 INFO (6): 
Elapsed Secs: 0.00054
Query: DESCRIBE `kartu_piutang`
Params: []

2015-07-26T01:35:53+07:00 INFO (6): 
Elapsed Secs: 0.00013
Query: SELECT `kartu_piutang`.`sisa_denda` FROM `kartu_piutang` WHERE (no_kontrak = '29-MD-00160-15') ORDER BY `id_piutang` desc
Params: []

2015-07-26T01:35:56+07:00 INFO (6): 
Elapsed Secs: 0.00026
Query: connect
Params: []

2015-07-26T01:35:56+07:00 INFO (6): 
Elapsed Secs: 0.00058
Query: DESCRIBE `costumer`
Params: []

2015-07-26T01:35:56+07:00 INFO (6): 
Elapsed Secs: 0.00023
Query: connect
Params: []

2015-07-26T01:35:56+07:00 INFO (6): 
Elapsed Secs: 0.00019
Query: SELECT `pinj`.`no_kontrak` FROM `costumer` AS `cos`
 INNER JOIN `pinjaman` AS `pinj` ON pinj.nik_costumer =  cos.nik_costumer
 INNER JOIN `kendaraan` AS `kend` ON kend.no_polisi = pinj.no_polisi
Params: []

2015-07-26T01:35:56+07:00 INFO (6): 
Elapsed Secs: 0.00016
Query: SELECT `pinj`.`no_kontrak`, `cos`.`nama`, `kend`.`no_polisi`, `pinj`.`angsuran_perbulan`, `pinj`.`tanggal_jatuh_tempo` FROM `costumer` AS `cos`
 INNER JOIN `pinjaman` AS `pinj` ON pinj.nik_costumer =  cos.nik_costumer
 INNER JOIN `kendaraan` AS `kend` ON kend.no_polisi = pinj.no_polisi WHERE (pinj.no_kontrak = '29-MF-00157-15') GROUP BY `pinj`.`no_kontrak`
Params: []

2015-07-26T01:35:56+07:00 INFO (6): 
Elapsed Secs: 0.00048
Query: DESCRIBE `pembayaran`
Params: []

2015-07-26T01:35:56+07:00 INFO (6): 
Elapsed Secs: 0.00013
Query: SELECT `pemb`.`angsuran_ke` FROM `pembayaran` AS `pemb` WHERE (no_kontrak = '29-MF-00157-15' ) ORDER BY `id_pembayaran` desc
Params: []

2015-07-26T01:35:56+07:00 INFO (6): 
Elapsed Secs: 0.00022
Query: SELECT `cos`.`nama`, `cos`.`nik_costumer`, `pemb`.`angsuran_ke`, `pemb`.`tanggal_pembayaran`, `pinj`.`no_kontrak`, `pinj`.`nilai_pinjaman`, `pinj`.`angsuran_perbulan`, `pinj`.`lama_angsuran` FROM `pembayaran` AS `pemb`
 INNER JOIN `pinjaman` AS `pinj` ON pinj.no_kontrak = pemb.no_kontrak
 INNER JOIN `costumer` AS `cos` ON pinj.nik_costumer = cos.nik_costumer WHERE (pemb.no_kontrak = '29-MF-00157-15') ORDER BY `id_pembayaran` desc
Params: []

2015-07-26T01:35:56+07:00 INFO (6): 
Elapsed Secs: 0.00012
Query: SELECT `pembayaran`.`id_pembayaran` FROM `pembayaran` ORDER BY `id_pembayaran` desc
Params: []

2015-07-26T01:35:56+07:00 INFO (6): 
Elapsed Secs: 0.00052
Query: DESCRIBE `kartu_piutang`
Params: []

2015-07-26T01:35:56+07:00 INFO (6): 
Elapsed Secs: 0.00015
Query: SELECT `kartu_piutang`.`sisa_denda` FROM `kartu_piutang` WHERE (no_kontrak = '29-MF-00157-15') ORDER BY `id_piutang` desc
Params: []

2015-07-26T01:35:58+07:00 INFO (6): 
Elapsed Secs: 0.00017
Query: connect
Params: []

2015-07-26T01:35:58+07:00 INFO (6): 
Elapsed Secs: 0.0005
Query: DESCRIBE `kartu_piutang`
Params: []

2015-07-26T01:35:58+07:00 INFO (6): 
Elapsed Secs: 0.00016
Query: connect
Params: []

2015-07-26T01:35:58+07:00 INFO (6): 
Elapsed Secs: 0.00015
Query: SELECT `kp`.`pembayaran` FROM `kartu_piutang` AS `kp` WHERE (kp.no_kontrak = '29-MF-00157-15')
Params: []

2015-07-26T01:36:50+07:00 INFO (6): 
Elapsed Secs: 0.00021
Query: connect
Params: []

2015-07-26T01:36:50+07:00 INFO (6): 
Elapsed Secs: 0.00055
Query: DESCRIBE `costumer`
Params: []

2015-07-26T01:36:50+07:00 INFO (6): 
Elapsed Secs: 0.00017
Query: connect
Params: []

2015-07-26T01:36:50+07:00 INFO (6): 
Elapsed Secs: 0.0002
Query: SELECT `pinj`.`no_kontrak` FROM `costumer` AS `cos`
 INNER JOIN `pinjaman` AS `pinj` ON pinj.nik_costumer =  cos.nik_costumer
 INNER JOIN `kendaraan` AS `kend` ON kend.no_polisi = pinj.no_polisi
Params: []

2015-07-26T01:36:50+07:00 INFO (6): 
Elapsed Secs: 0.00017
Query: SELECT `pinj`.`no_kontrak`, `cos`.`nama`, `kend`.`no_polisi`, `pinj`.`angsuran_perbulan`, `pinj`.`tanggal_jatuh_tempo` FROM `costumer` AS `cos`
 INNER JOIN `pinjaman` AS `pinj` ON pinj.nik_costumer =  cos.nik_costumer
 INNER JOIN `kendaraan` AS `kend` ON kend.no_polisi = pinj.no_polisi WHERE (pinj.no_kontrak = '29-MF-00157-15') GROUP BY `pinj`.`no_kontrak`
Params: []

2015-07-26T01:36:50+07:00 INFO (6): 
Elapsed Secs: 0.00052
Query: DESCRIBE `pembayaran`
Params: []

2015-07-26T01:36:50+07:00 INFO (6): 
Elapsed Secs: 0.00015
Query: SELECT `pemb`.`angsuran_ke` FROM `pembayaran` AS `pemb` WHERE (no_kontrak = '29-MF-00157-15' ) ORDER BY `id_pembayaran` desc
Params: []

2015-07-26T01:36:50+07:00 INFO (6): 
Elapsed Secs: 0.0002
Query: SELECT `cos`.`nama`, `cos`.`nik_costumer`, `pemb`.`angsuran_ke`, `pemb`.`tanggal_pembayaran`, `pinj`.`no_kontrak`, `pinj`.`nilai_pinjaman`, `pinj`.`angsuran_perbulan`, `pinj`.`lama_angsuran` FROM `pembayaran` AS `pemb`
 INNER JOIN `pinjaman` AS `pinj` ON pinj.no_kontrak = pemb.no_kontrak
 INNER JOIN `costumer` AS `cos` ON pinj.nik_costumer = cos.nik_costumer WHERE (pemb.no_kontrak = '29-MF-00157-15') ORDER BY `id_pembayaran` desc
Params: []

2015-07-26T01:36:50+07:00 INFO (6): 
Elapsed Secs: 0.0001
Query: SELECT `pembayaran`.`id_pembayaran` FROM `pembayaran` ORDER BY `id_pembayaran` desc
Params: []

2015-07-26T01:36:50+07:00 INFO (6): 
Elapsed Secs: 0.00049
Query: DESCRIBE `kartu_piutang`
Params: []

2015-07-26T01:36:50+07:00 INFO (6): 
Elapsed Secs: 0.00013
Query: SELECT `kartu_piutang`.`sisa_denda` FROM `kartu_piutang` WHERE (no_kontrak = '29-MF-00157-15') ORDER BY `id_piutang` desc
Params: []

2015-07-26T01:39:26+07:00 INFO (6): 
Elapsed Secs: 0.00051
Query: connect
Params: []

2015-07-26T01:39:26+07:00 INFO (6): 
Elapsed Secs: 0.00175
Query: DESCRIBE `costumer`
Params: []

2015-07-26T01:39:26+07:00 INFO (6): 
Elapsed Secs: 0.00032
Query: connect
Params: []

2015-07-26T01:39:26+07:00 INFO (6): 
Elapsed Secs: 0.00033
Query: SELECT `pinj`.`no_kontrak` FROM `costumer` AS `cos`
 INNER JOIN `pinjaman` AS `pinj` ON pinj.nik_costumer =  cos.nik_costumer
 INNER JOIN `kendaraan` AS `kend` ON kend.no_polisi = pinj.no_polisi
Params: []

2015-07-26T01:39:26+07:00 INFO (6): 
Elapsed Secs: 0.00028
Query: SELECT `pinj`.`no_kontrak`, `cos`.`nama`, `kend`.`no_polisi`, `pinj`.`angsuran_perbulan`, `pinj`.`tanggal_jatuh_tempo` FROM `costumer` AS `cos`
 INNER JOIN `pinjaman` AS `pinj` ON pinj.nik_costumer =  cos.nik_costumer
 INNER JOIN `kendaraan` AS `kend` ON kend.no_polisi = pinj.no_polisi WHERE (pinj.no_kontrak = '29-MD-00160-15') GROUP BY `pinj`.`no_kontrak`
Params: []

2015-07-26T01:39:26+07:00 INFO (6): 
Elapsed Secs: 0.00063
Query: DESCRIBE `pembayaran`
Params: []

2015-07-26T01:39:26+07:00 INFO (6): 
Elapsed Secs: 0.00019
Query: SELECT `pemb`.`angsuran_ke` FROM `pembayaran` AS `pemb` WHERE (no_kontrak = '29-MD-00160-15' ) ORDER BY `id_pembayaran` desc
Params: []

2015-07-26T01:39:26+07:00 INFO (6): 
Elapsed Secs: 0.00024
Query: SELECT `cos`.`nama`, `cos`.`nik_costumer`, `pemb`.`angsuran_ke`, `pemb`.`tanggal_pembayaran`, `pinj`.`no_kontrak`, `pinj`.`nilai_pinjaman`, `pinj`.`angsuran_perbulan`, `pinj`.`lama_angsuran` FROM `pembayaran` AS `pemb`
 INNER JOIN `pinjaman` AS `pinj` ON pinj.no_kontrak = pemb.no_kontrak
 INNER JOIN `costumer` AS `cos` ON pinj.nik_costumer = cos.nik_costumer WHERE (pemb.no_kontrak = '29-MD-00160-15') ORDER BY `id_pembayaran` desc
Params: []

2015-07-26T01:39:26+07:00 INFO (6): 
Elapsed Secs: 0.00013
Query: SELECT `pembayaran`.`id_pembayaran` FROM `pembayaran` ORDER BY `id_pembayaran` desc
Params: []

2015-07-26T01:39:26+07:00 INFO (6): 
Elapsed Secs: 0.00059
Query: DESCRIBE `kartu_piutang`
Params: []

2015-07-26T01:39:26+07:00 INFO (6): 
Elapsed Secs: 0.00016
Query: SELECT `kartu_piutang`.`sisa_denda` FROM `kartu_piutang` WHERE (no_kontrak = '29-MD-00160-15') ORDER BY `id_piutang` desc
Params: []

2015-07-26T01:39:28+07:00 INFO (6): 
Elapsed Secs: 0.00024
Query: connect
Params: []

2015-07-26T01:39:28+07:00 INFO (6): 
Elapsed Secs: 0.00053
Query: DESCRIBE `kartu_piutang`
Params: []

2015-07-26T01:39:28+07:00 INFO (6): 
Elapsed Secs: 0.00014
Query: connect
Params: []

2015-07-26T01:39:28+07:00 INFO (6): 
Elapsed Secs: 0.00016
Query: SELECT REPLACE(FORMAT(kp.pembayaran, 2), ',', '') FROM `kartu_piutang` AS `kp` WHERE (kp.no_kontrak = '29-MD-00160-15')
Params: []

2015-07-26T01:41:05+07:00 INFO (6): 
Elapsed Secs: 0.00018
Query: connect
Params: []

2015-07-26T01:41:05+07:00 INFO (6): 
Elapsed Secs: 0.00055
Query: DESCRIBE `kartu_piutang`
Params: []

2015-07-26T01:41:05+07:00 INFO (6): 
Elapsed Secs: 0.00021
Query: connect
Params: []

2015-07-26T01:41:19+07:00 INFO (6): 
Elapsed Secs: 0.00022
Query: connect
Params: []

2015-07-26T01:41:19+07:00 INFO (6): 
Elapsed Secs: 0.00057
Query: DESCRIBE `kartu_piutang`
Params: []

2015-07-26T01:41:19+07:00 INFO (6): 
Elapsed Secs: 0.00015
Query: connect
Params: []

2015-07-26T01:41:19+07:00 INFO (6): 
Elapsed Secs: 0.00023
Query: SELECT ROUND(kp.pembayaran, 3) FROM `kartu_piutang` AS `kp` WHERE (kp.no_kontrak = '29-MD-00160-15')
Params: []

2015-07-26T01:41:39+07:00 INFO (6): 
Elapsed Secs: 0.00017
Query: connect
Params: []

2015-07-26T01:41:39+07:00 INFO (6): 
Elapsed Secs: 0.00052
Query: DESCRIBE `kartu_piutang`
Params: []

2015-07-26T01:41:39+07:00 INFO (6): 
Elapsed Secs: 0.00017
Query: connect
Params: []

2015-07-26T01:41:39+07:00 INFO (6): 
Elapsed Secs: 0.00016
Query: SELECT SUM(ROUND(kp.pembayaran, 3)) FROM `kartu_piutang` AS `kp` WHERE (kp.no_kontrak = '29-MD-00160-15')
Params: []

2015-07-26T01:41:58+07:00 INFO (6): 
Elapsed Secs: 0.00023
Query: connect
Params: []

2015-07-26T01:41:58+07:00 INFO (6): 
Elapsed Secs: 0.00058
Query: DESCRIBE `kartu_piutang`
Params: []

2015-07-26T01:41:58+07:00 INFO (6): 
Elapsed Secs: 0.00016
Query: connect
Params: []

2015-07-26T01:41:58+07:00 INFO (6): 
Elapsed Secs: 0.00014
Query: SELECT SUM(ROUND(kp.pembayaran, 1)) FROM `kartu_piutang` AS `kp` WHERE (kp.no_kontrak = '29-MD-00160-15')
Params: []

2015-07-26T01:42:27+07:00 INFO (6): 
Elapsed Secs: 0.00021
Query: connect
Params: []

2015-07-26T01:42:27+07:00 INFO (6): 
Elapsed Secs: 0.03475
Query: UPDATE `user_login` SET `status` = ?, `last_login` = ? WHERE (status = 1)
Params: {"1":0,"2":"2015-07-26 00:42:25"}

2015-07-26T01:42:27+07:00 INFO (6): 
Elapsed Secs: 0.00055
Query: DESCRIBE `kartu_piutang`
Params: []

2015-07-26T01:42:27+07:00 INFO (6): 
Elapsed Secs: 0.00028
Query: connect
Params: []

2015-07-26T01:42:40+07:00 INFO (6): 
Elapsed Secs: 0.00023
Query: connect
Params: []

2015-07-26T01:42:40+07:00 INFO (6): 
Elapsed Secs: 0.00051
Query: DESCRIBE `user`
Params: []

2015-07-26T01:42:40+07:00 INFO (6): 
Elapsed Secs: 0.00021
Query: connect
Params: []

2015-07-26T01:42:40+07:00 INFO (6): 
Elapsed Secs: 0.00021
Query: SELECT `user`.*, `cabang`.* FROM `user`
 INNER JOIN `cabang` ON cabang.id_cabang = user.id_cabang WHERE (user.username = 'kasir') AND (user.password = 'd033e22ae348aeb5660fc2140aec35850c4da997')
Params: []

2015-07-26T01:42:40+07:00 INFO (6): 
Elapsed Secs: 0.00021
Query: SELECT `user`.*, `user_login`.*, `cabang`.* FROM `user`
 INNER JOIN `user_login` ON user_login.id_user = user.id_user
 INNER JOIN `cabang` ON cabang.id_cabang = user.id_cabang WHERE (user.id_user = '18')
Params: []

2015-07-26T01:42:40+07:00 INFO (6): 
Elapsed Secs: 0.06081
Query: UPDATE `user_login` SET `status` = ?, `login_time` = NOW(), `ip_login` = ?, `last_login` = ? WHERE (id_user = '18')
Params: {"1":1,"2":"127.0.0.1","3":"2015-07-26 00:42:25"}

2015-07-26T01:42:40+07:00 INFO (6): 
Elapsed Secs: 0.0007
Query: SELECT `user`.*, `user_login`.*, `cabang`.* FROM `user`
 INNER JOIN `user_login` ON user_login.id_user = user.id_user
 INNER JOIN `cabang` ON cabang.id_cabang = user.id_cabang WHERE (user.id_user = '18')
Params: []

2015-07-26T01:42:42+07:00 INFO (6): 
Elapsed Secs: 0.00021
Query: connect
Params: []

2015-07-26T01:42:42+07:00 INFO (6): 
Elapsed Secs: 0.00052
Query: DESCRIBE `costumer`
Params: []

2015-07-26T01:42:42+07:00 INFO (6): 
Elapsed Secs: 0.0002
Query: connect
Params: []

2015-07-26T01:42:42+07:00 INFO (6): 
Elapsed Secs: 0.00018
Query: SELECT `pinj`.`no_kontrak` FROM `costumer` AS `cos`
 INNER JOIN `pinjaman` AS `pinj` ON pinj.nik_costumer =  cos.nik_costumer
 INNER JOIN `kendaraan` AS `kend` ON kend.no_polisi = pinj.no_polisi
Params: []

2015-07-26T01:42:44+07:00 INFO (6): 
Elapsed Secs: 0.0003
Query: connect
Params: []

2015-07-26T01:42:44+07:00 INFO (6): 
Elapsed Secs: 0.00057
Query: DESCRIBE `costumer`
Params: []

2015-07-26T01:42:44+07:00 INFO (6): 
Elapsed Secs: 0.00017
Query: connect
Params: []

2015-07-26T01:42:44+07:00 INFO (6): 
Elapsed Secs: 0.0002
Query: SELECT `pinj`.`no_kontrak` FROM `costumer` AS `cos`
 INNER JOIN `pinjaman` AS `pinj` ON pinj.nik_costumer =  cos.nik_costumer
 INNER JOIN `kendaraan` AS `kend` ON kend.no_polisi = pinj.no_polisi
Params: []

2015-07-26T01:42:44+07:00 INFO (6): 
Elapsed Secs: 0.00015
Query: SELECT `pinj`.`no_kontrak`, `cos`.`nama`, `kend`.`no_polisi`, `pinj`.`angsuran_perbulan`, `pinj`.`tanggal_jatuh_tempo` FROM `costumer` AS `cos`
 INNER JOIN `pinjaman` AS `pinj` ON pinj.nik_costumer =  cos.nik_costumer
 INNER JOIN `kendaraan` AS `kend` ON kend.no_polisi = pinj.no_polisi WHERE (pinj.no_kontrak = '29-MD-00160-15') GROUP BY `pinj`.`no_kontrak`
Params: []

2015-07-26T01:42:44+07:00 INFO (6): 
Elapsed Secs: 0.00046
Query: DESCRIBE `pembayaran`
Params: []

2015-07-26T01:42:44+07:00 INFO (6): 
Elapsed Secs: 0.00017
Query: SELECT `pemb`.`angsuran_ke` FROM `pembayaran` AS `pemb` WHERE (no_kontrak = '29-MD-00160-15' ) ORDER BY `id_pembayaran` desc
Params: []

2015-07-26T01:42:44+07:00 INFO (6): 
Elapsed Secs: 0.00021
Query: SELECT `cos`.`nama`, `cos`.`nik_costumer`, `pemb`.`angsuran_ke`, `pemb`.`tanggal_pembayaran`, `pinj`.`no_kontrak`, `pinj`.`nilai_pinjaman`, `pinj`.`angsuran_perbulan`, `pinj`.`lama_angsuran` FROM `pembayaran` AS `pemb`
 INNER JOIN `pinjaman` AS `pinj` ON pinj.no_kontrak = pemb.no_kontrak
 INNER JOIN `costumer` AS `cos` ON pinj.nik_costumer = cos.nik_costumer WHERE (pemb.no_kontrak = '29-MD-00160-15') ORDER BY `id_pembayaran` desc
Params: []

2015-07-26T01:42:44+07:00 INFO (6): 
Elapsed Secs: 0.00014
Query: SELECT `pembayaran`.`id_pembayaran` FROM `pembayaran` ORDER BY `id_pembayaran` desc
Params: []

2015-07-26T01:42:44+07:00 INFO (6): 
Elapsed Secs: 0.00044
Query: DESCRIBE `kartu_piutang`
Params: []

2015-07-26T01:42:44+07:00 INFO (6): 
Elapsed Secs: 0.00013
Query: SELECT `kartu_piutang`.`sisa_denda` FROM `kartu_piutang` WHERE (no_kontrak = '29-MD-00160-15') ORDER BY `id_piutang` desc
Params: []

2015-07-26T01:42:47+07:00 INFO (6): 
Elapsed Secs: 0.00022
Query: connect
Params: []

2015-07-26T01:42:47+07:00 INFO (6): 
Elapsed Secs: 0.00055
Query: DESCRIBE `kartu_piutang`
Params: []

2015-07-26T01:42:47+07:00 INFO (6): 
Elapsed Secs: 0.00016
Query: connect
Params: []

2015-07-26T01:42:47+07:00 INFO (6): 
Elapsed Secs: 0.00018
Query: SELECT ROUND(kp.pembayaran, 1) FROM `kartu_piutang` AS `kp` WHERE (kp.no_kontrak = '29-MD-00160-15')
Params: []

2015-07-26T01:43:43+07:00 INFO (6): 
Elapsed Secs: 0.00018
Query: connect
Params: []

2015-07-26T01:43:43+07:00 INFO (6): 
Elapsed Secs: 0.00052
Query: DESCRIBE `kartu_piutang`
Params: []

2015-07-26T01:43:43+07:00 INFO (6): 
Elapsed Secs: 0.00015
Query: connect
Params: []

2015-07-26T01:43:43+07:00 INFO (6): 
Elapsed Secs: 0.00017
Query: SELECT ROUND(REPLACE(kp.pembayaran,',',''),3) FROM `kartu_piutang` AS `kp` WHERE (kp.no_kontrak = '29-MD-00160-15')
Params: []

2015-07-26T01:43:54+07:00 INFO (6): 
Elapsed Secs: 0.00026
Query: connect
Params: []

2015-07-26T01:43:54+07:00 INFO (6): 
Elapsed Secs: 0.00093
Query: DESCRIBE `kartu_piutang`
Params: []

2015-07-26T01:43:54+07:00 INFO (6): 
Elapsed Secs: 0.00021
Query: connect
Params: []

2015-07-26T01:43:54+07:00 INFO (6): 
Elapsed Secs: 0.00021
Query: SELECT ROUND(REPLACE(kp.pembayaran,',',''),2) FROM `kartu_piutang` AS `kp` WHERE (kp.no_kontrak = '29-MD-00160-15')
Params: []

2015-07-26T01:44:01+07:00 INFO (6): 
Elapsed Secs: 0.00028
Query: connect
Params: []

2015-07-26T01:44:01+07:00 INFO (6): 
Elapsed Secs: 0.00062
Query: DESCRIBE `kartu_piutang`
Params: []

2015-07-26T01:44:01+07:00 INFO (6): 
Elapsed Secs: 0.00014
Query: connect
Params: []

2015-07-26T01:44:01+07:00 INFO (6): 
Elapsed Secs: 0.00016
Query: SELECT ROUND(REPLACE(kp.pembayaran,',','')) FROM `kartu_piutang` AS `kp` WHERE (kp.no_kontrak = '29-MD-00160-15')
Params: []

2015-07-26T01:47:01+07:00 INFO (6): 
Elapsed Secs: 0.00018
Query: connect
Params: []

2015-07-26T01:47:01+07:00 INFO (6): 
Elapsed Secs: 0.00053
Query: DESCRIBE `kartu_piutang`
Params: []

2015-07-26T01:47:01+07:00 INFO (6): 
Elapsed Secs: 0.00014
Query: connect
Params: []

2015-07-26T01:47:01+07:00 INFO (6): 
Elapsed Secs: 0.00014
Query: SELECT `kp`.`pembayaran` FROM `kartu_piutang` AS `kp` WHERE (kp.no_kontrak = '29-MD-00160-15')
Params: []

2015-07-26T01:48:58+07:00 INFO (6): 
Elapsed Secs: 0.00019
Query: connect
Params: []

2015-07-26T01:48:58+07:00 INFO (6): 
Elapsed Secs: 0.00051
Query: DESCRIBE `kartu_piutang`
Params: []

2015-07-26T01:48:58+07:00 INFO (6): 
Elapsed Secs: 0.00016
Query: connect
Params: []

2015-07-26T01:48:58+07:00 INFO (6): 
Elapsed Secs: 0.00014
Query: SELECT `kp`.`pembayaran` FROM `kartu_piutang` AS `kp` WHERE (kp.no_kontrak = '29-MD-00160-15')
Params: []

2015-07-26T01:48:58+07:00 INFO (6): 
Elapsed Secs: 0.00041
Query: DESCRIBE `pembayaran`
Params: []

2015-07-26T01:48:58+07:00 INFO (6): 
Elapsed Secs: 0.04812
Query: INSERT INTO `pembayaran` (`no_kontrak`, `no_kwitansi`, `angsuran_ke`, `angsuran_perbulan`, `potongan`, `total_bayar`, `denda`, `tanggal_pembayaran`) VALUES (?, ?, ?, ?, ?, ?, ?, ?)
Params: {"1":"29-MD-00160-15","2":"KW-00007-07-15","3":"6","4":"350.000","5":"20.000","6":"330.000","7":"0,00","8":"2015-07-26"}

2015-07-26T01:49:08+07:00 INFO (6): 
Elapsed Secs: 0.00026
Query: connect
Params: []

2015-07-26T01:49:08+07:00 INFO (6): 
Elapsed Secs: 0.00069
Query: DESCRIBE `kartu_piutang`
Params: []

2015-07-26T01:49:08+07:00 INFO (6): 
Elapsed Secs: 0.00019
Query: connect
Params: []

2015-07-26T01:49:08+07:00 INFO (6): 
Elapsed Secs: 0.00019
Query: SELECT `kp`.`pembayaran` FROM `kartu_piutang` AS `kp` WHERE (kp.no_kontrak = '29-MD-00160-15')
Params: []

2015-07-26T01:49:10+07:00 INFO (6): 
Elapsed Secs: 0.00027
Query: connect
Params: []

2015-07-26T01:49:10+07:00 INFO (6): 
Elapsed Secs: 0.00059
Query: DESCRIBE `costumer`
Params: []

2015-07-26T01:49:10+07:00 INFO (6): 
Elapsed Secs: 0.00016
Query: connect
Params: []

2015-07-26T01:49:10+07:00 INFO (6): 
Elapsed Secs: 0.00019
Query: SELECT `pinj`.`no_kontrak` FROM `costumer` AS `cos`
 INNER JOIN `pinjaman` AS `pinj` ON pinj.nik_costumer =  cos.nik_costumer
 INNER JOIN `kendaraan` AS `kend` ON kend.no_polisi = pinj.no_polisi
Params: []

2015-07-26T01:49:10+07:00 INFO (6): 
Elapsed Secs: 0.00016
Query: SELECT `pinj`.`no_kontrak`, `cos`.`nama`, `kend`.`no_polisi`, `pinj`.`angsuran_perbulan`, `pinj`.`tanggal_jatuh_tempo` FROM `costumer` AS `cos`
 INNER JOIN `pinjaman` AS `pinj` ON pinj.nik_costumer =  cos.nik_costumer
 INNER JOIN `kendaraan` AS `kend` ON kend.no_polisi = pinj.no_polisi WHERE (pinj.no_kontrak = '29-MD-00160-15') GROUP BY `pinj`.`no_kontrak`
Params: []

2015-07-26T01:49:10+07:00 INFO (6): 
Elapsed Secs: 0.00049
Query: DESCRIBE `pembayaran`
Params: []

2015-07-26T01:49:10+07:00 INFO (6): 
Elapsed Secs: 0.00016
Query: SELECT `pemb`.`angsuran_ke` FROM `pembayaran` AS `pemb` WHERE (no_kontrak = '29-MD-00160-15' ) ORDER BY `id_pembayaran` desc
Params: []

2015-07-26T01:49:10+07:00 INFO (6): 
Elapsed Secs: 0.00022
Query: SELECT `cos`.`nama`, `cos`.`nik_costumer`, `pemb`.`angsuran_ke`, `pemb`.`tanggal_pembayaran`, `pinj`.`no_kontrak`, `pinj`.`nilai_pinjaman`, `pinj`.`angsuran_perbulan`, `pinj`.`lama_angsuran` FROM `pembayaran` AS `pemb`
 INNER JOIN `pinjaman` AS `pinj` ON pinj.no_kontrak = pemb.no_kontrak
 INNER JOIN `costumer` AS `cos` ON pinj.nik_costumer = cos.nik_costumer WHERE (pemb.no_kontrak = '29-MD-00160-15') ORDER BY `id_pembayaran` desc
Params: []

2015-07-26T01:49:10+07:00 INFO (6): 
Elapsed Secs: 0.00011
Query: SELECT `pembayaran`.`id_pembayaran` FROM `pembayaran` ORDER BY `id_pembayaran` desc
Params: []

2015-07-26T01:49:10+07:00 INFO (6): 
Elapsed Secs: 0.00048
Query: DESCRIBE `kartu_piutang`
Params: []

2015-07-26T01:49:10+07:00 INFO (6): 
Elapsed Secs: 0.00012
Query: SELECT `kartu_piutang`.`sisa_denda` FROM `kartu_piutang` WHERE (no_kontrak = '29-MD-00160-15') ORDER BY `id_piutang` desc
Params: []

2015-07-26T01:49:15+07:00 INFO (6): 
Elapsed Secs: 0.00021
Query: connect
Params: []

2015-07-26T01:49:15+07:00 INFO (6): 
Elapsed Secs: 0.00051
Query: DESCRIBE `kartu_piutang`
Params: []

2015-07-26T01:49:15+07:00 INFO (6): 
Elapsed Secs: 0.00017
Query: connect
Params: []

2015-07-26T01:49:15+07:00 INFO (6): 
Elapsed Secs: 0.00019
Query: SELECT `kp`.`pembayaran` FROM `kartu_piutang` AS `kp` WHERE (kp.no_kontrak = '29-MD-00160-15')
Params: []

2015-07-26T01:49:30+07:00 INFO (6): 
Elapsed Secs: 0.0002
Query: connect
Params: []

2015-07-26T01:49:30+07:00 INFO (6): 
Elapsed Secs: 0.00069
Query: DESCRIBE `kartu_piutang`
Params: []

2015-07-26T01:49:30+07:00 INFO (6): 
Elapsed Secs: 0.00017
Query: connect
Params: []

2015-07-26T01:49:30+07:00 INFO (6): 
Elapsed Secs: 0.00015
Query: SELECT `kp`.`pembayaran` FROM `kartu_piutang` AS `kp` WHERE (kp.no_kontrak = '29-MD-00160-15')
Params: []

2015-07-26T01:49:53+07:00 INFO (6): 
Elapsed Secs: 0.00017
Query: connect
Params: []

2015-07-26T01:49:53+07:00 INFO (6): 
Elapsed Secs: 0.00052
Query: DESCRIBE `kartu_piutang`
Params: []

2015-07-26T01:49:53+07:00 INFO (6): 
Elapsed Secs: 0.00014
Query: connect
Params: []

2015-07-26T01:49:53+07:00 INFO (6): 
Elapsed Secs: 0.00014
Query: SELECT `kp`.`pembayaran` FROM `kartu_piutang` AS `kp` WHERE (kp.no_kontrak = '29-MD-00160-15')
Params: []

2015-07-26T01:50:42+07:00 INFO (6): 
Elapsed Secs: 0.00021
Query: connect
Params: []

2015-07-26T01:50:42+07:00 INFO (6): 
Elapsed Secs: 0.00072
Query: DESCRIBE `kartu_piutang`
Params: []

2015-07-26T01:50:42+07:00 INFO (6): 
Elapsed Secs: 0.00016
Query: connect
Params: []

2015-07-26T01:50:42+07:00 INFO (6): 
Elapsed Secs: 0.00016
Query: SELECT `kp`.`pembayaran` FROM `kartu_piutang` AS `kp` WHERE (kp.no_kontrak = '29-MD-00160-15')
Params: []

2015-07-26T01:51:22+07:00 INFO (6): 
Elapsed Secs: 0.00022
Query: connect
Params: []

2015-07-26T01:51:22+07:00 INFO (6): 
Elapsed Secs: 0.00072
Query: DESCRIBE `kartu_piutang`
Params: []

2015-07-26T01:51:22+07:00 INFO (6): 
Elapsed Secs: 0.00016
Query: connect
Params: []

2015-07-26T01:51:22+07:00 INFO (6): 
Elapsed Secs: 0.00012
Query: SELECT `kp`.`pembayaran` FROM `kartu_piutang` AS `kp` WHERE (kp.no_kontrak = '29-MD-00160-15')
Params: []

2015-07-26T01:51:37+07:00 INFO (6): 
Elapsed Secs: 0.00018
Query: connect
Params: []

2015-07-26T01:51:37+07:00 INFO (6): 
Elapsed Secs: 0.00053
Query: DESCRIBE `kartu_piutang`
Params: []

2015-07-26T01:51:37+07:00 INFO (6): 
Elapsed Secs: 0.00014
Query: connect
Params: []

2015-07-26T01:51:37+07:00 INFO (6): 
Elapsed Secs: 0.00012
Query: SELECT `kp`.`pembayaran` FROM `kartu_piutang` AS `kp` WHERE (kp.no_kontrak = '29-MD-00160-15')
Params: []

2015-07-26T01:55:16+07:00 INFO (6): 
Elapsed Secs: 0.00019
Query: connect
Params: []

2015-07-26T01:55:16+07:00 INFO (6): 
Elapsed Secs: 0.00052
Query: DESCRIBE `kartu_piutang`
Params: []

2015-07-26T01:55:16+07:00 INFO (6): 
Elapsed Secs: 0.00016
Query: connect
Params: []

2015-07-26T01:55:16+07:00 INFO (6): 
Elapsed Secs: 0.00013
Query: SELECT `kp`.`pembayaran` FROM `kartu_piutang` AS `kp` WHERE (kp.no_kontrak = '29-MD-00160-15')
Params: []

