2015-06-19T23:00:04+07:00 INFO (6): 
Elapsed Secs: 0.00112
Query: connect
Params: []

2015-06-19T23:00:04+07:00 INFO (6): 
Elapsed Secs: 0.00107
Query: DESCRIBE `kendaraan`
Params: []

2015-06-19T23:00:04+07:00 INFO (6): 
Elapsed Secs: 0.00028
Query: connect
Params: []

2015-06-19T23:00:04+07:00 INFO (6): 
Elapsed Secs: 0.00036
Query: SELECT `ken`.*, `cos`.`id_cabang`, `cb`.`cabang` FROM `kendaraan` AS `ken`
 INNER JOIN `costumer` AS `cos` ON cos.nik_costumer=ken.nik_costumer
 INNER JOIN `user` AS `us` ON us.id_user = cos.id_user
 INNER JOIN `cabang` AS `cb` ON cos.id_cabang = cb.id_cabang WHERE (us.id_user = '16')
Params: []

2015-06-19T23:01:06+07:00 INFO (6): 
Elapsed Secs: 0.00031
Query: connect
Params: []

2015-06-19T23:01:06+07:00 INFO (6): 
Elapsed Secs: 0.00107
Query: DESCRIBE `kendaraan`
Params: []

2015-06-19T23:01:06+07:00 INFO (6): 
Elapsed Secs: 0.00032
Query: connect
Params: []

2015-06-19T23:01:06+07:00 INFO (6): 
Elapsed Secs: 0.00077
Query: SELECT `ken`.*, `cos`.`id_cabang`, `us`.`id_user`, `cb`.`cabang` FROM `kendaraan` AS `ken`
 INNER JOIN `costumer` AS `cos` ON cos.nik_costumer=ken.nik_costumer
 INNER JOIN `user` AS `us` ON us.id_user = cos.id_user
 INNER JOIN `cabang` AS `cb` ON cos.id_cabang = cb.id_cabang WHERE (us.id_user = '16')
Params: []

2015-06-19T23:01:23+07:00 INFO (6): 
Elapsed Secs: 0.00026
Query: connect
Params: []

2015-06-19T23:01:23+07:00 INFO (6): 
Elapsed Secs: 0.00132
Query: DESCRIBE `costumer`
Params: []

2015-06-19T23:01:23+07:00 INFO (6): 
Elapsed Secs: 0.00026
Query: SELECT `cos`.`nik_costumer`, `cos`.`nama`, `cos`.`alamat`, `cos`.`jenis_kelamin`, `cos`.`tempat_lahir`, `cos`.`tanggal_lahir`, `cos`.`nama_ibu`, `cos`.`agama`, `cos`.`status`, `cos`.`pekerjaan`, `cos`.`alamat_tempat_kerja`, `cos`.`hp`, `cos`.`telpon`, `us`.`realname`, `cb`.`cabang` FROM `costumer` AS `cos`
 INNER JOIN `user` AS `us` ON cos.id_user=us.id_user
 INNER JOIN `cabang` AS `cb` ON us.id_cabang = cb.id_cabang WHERE (cos.id_user = '16')
Params: []

2015-06-19T23:01:26+07:00 INFO (6): 
Elapsed Secs: 0.00036
Query: connect
Params: []

2015-06-19T23:01:26+07:00 INFO (6): 
Elapsed Secs: 0.00179
Query: DESCRIBE `costumer`
Params: []

2015-06-19T23:01:26+07:00 INFO (6): 
Elapsed Secs: 0.00031
Query: SELECT `cos`.`nik_costumer`, `cos`.`nama`, `cos`.`alamat`, `cos`.`jenis_kelamin`, `cos`.`tempat_lahir`, `cos`.`tanggal_lahir`, `cos`.`nama_ibu`, `cos`.`agama`, `cos`.`status`, `cos`.`pekerjaan`, `cos`.`alamat_tempat_kerja`, `cos`.`hp`, `cos`.`telpon`, `us`.`realname`, `cb`.`cabang` FROM `costumer` AS `cos`
 INNER JOIN `user` AS `us` ON cos.id_user=us.id_user
 INNER JOIN `cabang` AS `cb` ON us.id_cabang = cb.id_cabang WHERE (cos.nik_costumer = '1121231231211')
Params: []

2015-06-19T23:01:26+07:00 INFO (6): 
Elapsed Secs: 0.00026
Query: connect
Params: []

2015-06-19T23:01:26+07:00 INFO (6): 
Elapsed Secs: 0.00028
Query: SELECT `penj`.* FROM `costumer` AS `cos`
 INNER JOIN `penjamin` AS `penj` ON penj.nik_costumer = cos.nik_costumer WHERE (cos.nik_costumer = '1121231231211')
Params: []

2015-06-19T23:01:28+07:00 INFO (6): 
Elapsed Secs: 0.0002
Query: connect
Params: []

2015-06-19T23:01:28+07:00 INFO (6): 
Elapsed Secs: 0.00141
Query: DESCRIBE `costumer`
Params: []

2015-06-19T23:01:28+07:00 INFO (6): 
Elapsed Secs: 0.00022
Query: SELECT `costumer`.* FROM `costumer` WHERE (nik_costumer ='1121231231211') LIMIT 1
Params: []

2015-06-19T23:01:41+07:00 INFO (6): 
Elapsed Secs: 0.00026
Query: connect
Params: []

2015-06-19T23:01:41+07:00 INFO (6): 
Elapsed Secs: 0.00097
Query: DESCRIBE `costumer`
Params: []

2015-06-19T23:01:41+07:00 INFO (6): 
Elapsed Secs: 0.00017
Query: SELECT `costumer`.* FROM `costumer` WHERE (nik_costumer ='1121231231211') LIMIT 1
Params: []

2015-06-19T23:01:41+07:00 INFO (6): 
Elapsed Secs: 0.00076
Query: DESCRIBE `kendaraan`
Params: []

2015-06-19T23:01:42+07:00 INFO (6): 
Elapsed Secs: 0.1336
Query: INSERT INTO `kendaraan` (`nik_costumer`, `no_polisi`, `no_bpkb`, `nama_bpkb`, `alamat`, `merk/type`, `no_mesin`, `no_rangka`, `warna`, `tahun_pembuatan`, `isi_silinder`, `tgl_stnk`) VALUES (?, ?, ?, ?, ?, ?, ?, ?, ?, ?, ?, ?)
Params: {"1":"1121231231211","2":"qweq","3":"qweq","4":"qweq","5":"qweq","6":"qweq","7":"qweq","8":"qweq","9":"qweq","10":"2015-06-29","11":"qweq","12":"2015-06-29"}

2015-06-19T23:01:42+07:00 INFO (6): 
Elapsed Secs: 0.00017
Query: connect
Params: []

2015-06-19T23:01:42+07:00 INFO (6): 
Elapsed Secs: 0.00104
Query: DESCRIBE `costumer`
Params: []

2015-06-19T23:01:42+07:00 INFO (6): 
Elapsed Secs: 0.00023
Query: SELECT `cos`.`nik_costumer`, `cos`.`nama`, `cos`.`alamat`, `cos`.`jenis_kelamin`, `cos`.`tempat_lahir`, `cos`.`tanggal_lahir`, `cos`.`nama_ibu`, `cos`.`agama`, `cos`.`status`, `cos`.`pekerjaan`, `cos`.`alamat_tempat_kerja`, `cos`.`hp`, `cos`.`telpon`, `us`.`realname`, `cb`.`cabang` FROM `costumer` AS `cos`
 INNER JOIN `user` AS `us` ON cos.id_user=us.id_user
 INNER JOIN `cabang` AS `cb` ON us.id_cabang = cb.id_cabang WHERE (cos.nik_costumer = '1121231231211')
Params: []

2015-06-19T23:01:42+07:00 INFO (6): 
Elapsed Secs: 0.00019
Query: connect
Params: []

2015-06-19T23:01:42+07:00 INFO (6): 
Elapsed Secs: 0.00019
Query: SELECT `penj`.* FROM `costumer` AS `cos`
 INNER JOIN `penjamin` AS `penj` ON penj.nik_costumer = cos.nik_costumer WHERE (cos.nik_costumer = '1121231231211')
Params: []

2015-06-19T23:01:44+07:00 INFO (6): 
Elapsed Secs: 0.0003
Query: connect
Params: []

2015-06-19T23:01:44+07:00 INFO (6): 
Elapsed Secs: 0.001
Query: DESCRIBE `kendaraan`
Params: []

2015-06-19T23:01:44+07:00 INFO (6): 
Elapsed Secs: 0.00029
Query: connect
Params: []

2015-06-19T23:01:44+07:00 INFO (6): 
Elapsed Secs: 0.00029
Query: SELECT `ken`.*, `cos`.`id_cabang`, `us`.`id_user`, `cb`.`cabang` FROM `kendaraan` AS `ken`
 INNER JOIN `costumer` AS `cos` ON cos.nik_costumer=ken.nik_costumer
 INNER JOIN `user` AS `us` ON us.id_user = cos.id_user
 INNER JOIN `cabang` AS `cb` ON cos.id_cabang = cb.id_cabang WHERE (us.id_user = '16')
Params: []

2015-06-19T23:02:26+07:00 INFO (6): 
Elapsed Secs: 0.00147
Query: connect
Params: []

2015-06-19T23:02:26+07:00 INFO (6): 
Elapsed Secs: 0.00102
Query: DESCRIBE `kendaraan`
Params: []

2015-06-19T23:02:26+07:00 INFO (6): 
Elapsed Secs: 0.00016
Query: connect
Params: []

2015-06-19T23:02:26+07:00 INFO (6): 
Elapsed Secs: 0.00041
Query: SELECT `ken`.*, `cos`.`id_cabang`, `us`.`id_user`, `cb`.`cabang` FROM `kendaraan` AS `ken`
 INNER JOIN `costumer` AS `cos` ON cos.nik_costumer=ken.nik_costumer
 INNER JOIN `user` AS `us` ON us.id_user = cos.id_user
 INNER JOIN `cabang` AS `cb` ON cos.id_cabang = cb.id_cabang
Params: []

2015-06-19T23:02:37+07:00 INFO (6): 
Elapsed Secs: 0.00029
Query: connect
Params: []

2015-06-19T23:02:37+07:00 INFO (6): 
Elapsed Secs: 0.0011
Query: DESCRIBE `kendaraan`
Params: []

2015-06-19T23:02:37+07:00 INFO (6): 
Elapsed Secs: 0.00021
Query: connect
Params: []

2015-06-19T23:02:37+07:00 INFO (6): 
Elapsed Secs: 0.00026
Query: SELECT `ken`.*, `cos`.`id_cabang`, `us`.`id_user`, `cb`.`cabang` FROM `kendaraan` AS `ken`
 INNER JOIN `costumer` AS `cos` ON cos.nik_costumer=ken.nik_costumer
 INNER JOIN `user` AS `us` ON us.id_user = cos.id_user
 INNER JOIN `cabang` AS `cb` ON cos.id_cabang = cb.id_cabang WHERE (us.id_user = '16')
Params: []

2015-06-19T23:07:35+07:00 INFO (6): 
Elapsed Secs: 0.00019
Query: connect
Params: []

2015-06-19T23:07:35+07:00 INFO (6): 
Elapsed Secs: 0.00103
Query: DESCRIBE `kendaraan`
Params: []

2015-06-19T23:07:35+07:00 INFO (6): 
Elapsed Secs: 0.00019
Query: connect
Params: []

2015-06-19T23:07:35+07:00 INFO (6): 
Elapsed Secs: 0.00026
Query: SELECT `ken`.*, `cos`.`id_cabang`, `us`.`id_user`, `cb`.`cabang` FROM `kendaraan` AS `ken`
 INNER JOIN `costumer` AS `cos` ON cos.nik_costumer=ken.nik_costumer
 INNER JOIN `user` AS `us` ON us.id_user = cos.id_user
 INNER JOIN `cabang` AS `cb` ON cos.id_cabang = cb.id_cabang WHERE (us.id_user = '16')
Params: []

2015-06-19T23:08:03+07:00 INFO (6): 
Elapsed Secs: 0.00368
Query: connect
Params: []

2015-06-19T23:08:03+07:00 INFO (6): 
Elapsed Secs: 0.00305
Query: DESCRIBE `kendaraan`
Params: []

2015-06-19T23:08:03+07:00 INFO (6): 
Elapsed Secs: 0.00049
Query: connect
Params: []

2015-06-19T23:08:03+07:00 INFO (6): 
Elapsed Secs: 0.00079
Query: SELECT `ken`.*, `cos`.`id_cabang`, `us`.`id_user`, `cb`.`cabang` FROM `kendaraan` AS `ken`
 INNER JOIN `costumer` AS `cos` ON cos.nik_costumer=ken.nik_costumer
 INNER JOIN `user` AS `us` ON us.id_user = cos.id_user
 INNER JOIN `cabang` AS `cb` ON cos.id_cabang = cb.id_cabang WHERE (us.id_user = '16')
Params: []

2015-06-19T23:08:48+07:00 INFO (6): 
Elapsed Secs: 0.00031
Query: connect
Params: []

2015-06-19T23:08:48+07:00 INFO (6): 
Elapsed Secs: 0.02527
Query: DESCRIBE `kendaraan`
Params: []

2015-06-19T23:08:48+07:00 INFO (6): 
Elapsed Secs: 0.00025
Query: connect
Params: []

2015-06-19T23:08:48+07:00 INFO (6): 
Elapsed Secs: 0.00035
Query: SELECT `ken`.*, `cos`.`id_cabang`, `us`.`id_user`, `cb`.`cabang` FROM `kendaraan` AS `ken`
 INNER JOIN `costumer` AS `cos` ON cos.nik_costumer=ken.nik_costumer
 INNER JOIN `user` AS `us` ON us.id_user = cos.id_user
 INNER JOIN `cabang` AS `cb` ON cos.id_cabang = cb.id_cabang
Params: []

2015-06-19T23:10:11+07:00 INFO (6): 
Elapsed Secs: 0.00058
Query: connect
Params: []

2015-06-19T23:10:11+07:00 INFO (6): 
Elapsed Secs: 0.0023
Query: DESCRIBE `kendaraan`
Params: []

2015-06-19T23:10:11+07:00 INFO (6): 
Elapsed Secs: 0.00021
Query: connect
Params: []

2015-06-19T23:10:11+07:00 INFO (6): 
Elapsed Secs: 0.00042
Query: SELECT `ken`.*, `cos`.`id_cabang`, `us`.`id_user`, `cb`.`cabang` FROM `kendaraan` AS `ken`
 INNER JOIN `costumer` AS `cos` ON cos.nik_costumer=ken.nik_costumer
 INNER JOIN `user` AS `us` ON us.id_user = cos.id_user
 INNER JOIN `cabang` AS `cb` ON cos.id_cabang = cb.id_cabang
Params: []

2015-06-19T23:11:51+07:00 INFO (6): 
Elapsed Secs: 0.00024
Query: connect
Params: []

2015-06-19T23:11:51+07:00 INFO (6): 
Elapsed Secs: 0.00112
Query: DESCRIBE `costumer`
Params: []

2015-06-19T23:11:51+07:00 INFO (6): 
Elapsed Secs: 0.00023
Query: SELECT `cos`.`nik_costumer`, `cos`.`nama`, `cos`.`alamat`, `cos`.`jenis_kelamin`, `cos`.`tempat_lahir`, `cos`.`tanggal_lahir`, `cos`.`nama_ibu`, `cos`.`agama`, `cos`.`status`, `cos`.`pekerjaan`, `cos`.`alamat_tempat_kerja`, `cos`.`hp`, `cos`.`telpon`, `us`.`realname`, `cb`.`cabang` FROM `costumer` AS `cos`
 INNER JOIN `user` AS `us` ON cos.id_user=us.id_user
 INNER JOIN `cabang` AS `cb` ON cb.id_cabang = cos.id_cabang
Params: []

2015-06-19T23:12:15+07:00 INFO (6): 
Elapsed Secs: 0.00024
Query: connect
Params: []

2015-06-19T23:12:15+07:00 INFO (6): 
Elapsed Secs: 0.00093
Query: DESCRIBE `kendaraan`
Params: []

2015-06-19T23:12:15+07:00 INFO (6): 
Elapsed Secs: 0.00024
Query: connect
Params: []

2015-06-19T23:12:15+07:00 INFO (6): 
Elapsed Secs: 0.00028
Query: SELECT `ken`.*, `cos`.`id_cabang`, `us`.`id_user`, `cb`.`cabang` FROM `kendaraan` AS `ken`
 INNER JOIN `costumer` AS `cos` ON cos.nik_costumer=ken.nik_costumer
 INNER JOIN `user` AS `us` ON us.id_user = cos.id_user
 INNER JOIN `cabang` AS `cb` ON cos.id_cabang = cb.id_cabang
Params: []

2015-06-19T23:12:15+07:00 INFO (6): 
Elapsed Secs: 0.00022
Query: SELECT `ken`.*, `cos`.`id_cabang`, `us`.`id_user`, `cb`.`cabang` FROM `kendaraan` AS `ken`
 INNER JOIN `costumer` AS `cos` ON cos.nik_costumer=ken.nik_costumer
 INNER JOIN `user` AS `us` ON us.id_user = cos.id_user
 INNER JOIN `cabang` AS `cb` ON cos.id_cabang = cb.id_cabang
Params: []

2015-06-19T23:12:25+07:00 INFO (6): 
Elapsed Secs: 0.00026
Query: connect
Params: []

2015-06-19T23:12:25+07:00 INFO (6): 
Elapsed Secs: 0.00128
Query: DESCRIBE `kendaraan`
Params: []

2015-06-19T23:12:25+07:00 INFO (6): 
Elapsed Secs: 0.00023
Query: connect
Params: []

2015-06-19T23:12:25+07:00 INFO (6): 
Elapsed Secs: 0.00042
Query: SELECT `ken`.*, `cos`.`id_cabang`, `us`.`id_user`, `cb`.`cabang` FROM `kendaraan` AS `ken`
 INNER JOIN `costumer` AS `cos` ON cos.nik_costumer=ken.nik_costumer
 INNER JOIN `user` AS `us` ON us.id_user = cos.id_user
 INNER JOIN `cabang` AS `cb` ON cos.id_cabang = cb.id_cabang
Params: []

2015-06-19T23:12:25+07:00 INFO (6): 
Elapsed Secs: 0.00033
Query: SELECT `ken`.*, `cos`.`id_cabang`, `us`.`id_user`, `cb`.`cabang` FROM `kendaraan` AS `ken`
 INNER JOIN `costumer` AS `cos` ON cos.nik_costumer=ken.nik_costumer
 INNER JOIN `user` AS `us` ON us.id_user = cos.id_user
 INNER JOIN `cabang` AS `cb` ON cos.id_cabang = cb.id_cabang
Params: []

2015-06-19T23:12:47+07:00 INFO (6): 
Elapsed Secs: 0.00114
Query: connect
Params: []

2015-06-19T23:12:47+07:00 INFO (6): 
Elapsed Secs: 0.00106
Query: DESCRIBE `kendaraan`
Params: []

2015-06-19T23:12:47+07:00 INFO (6): 
Elapsed Secs: 0.00023
Query: connect
Params: []

2015-06-19T23:12:47+07:00 INFO (6): 
Elapsed Secs: 0.00027
Query: SELECT `ken`.*, `cos`.`id_cabang`, `us`.`id_user`, `cb`.`cabang` FROM `kendaraan` AS `ken`
 INNER JOIN `costumer` AS `cos` ON cos.nik_costumer=ken.nik_costumer
 INNER JOIN `user` AS `us` ON us.id_user = cos.id_user
 INNER JOIN `cabang` AS `cb` ON cos.id_cabang = cb.id_cabang
Params: []

2015-06-19T23:12:56+07:00 INFO (6): 
Elapsed Secs: 0.00021
Query: connect
Params: []

2015-06-19T23:12:56+07:00 INFO (6): 
Elapsed Secs: 0.00102
Query: DESCRIBE `kendaraan`
Params: []

2015-06-19T23:12:56+07:00 INFO (6): 
Elapsed Secs: 0.00019
Query: connect
Params: []

2015-06-19T23:12:56+07:00 INFO (6): 
Elapsed Secs: 0.00026
Query: SELECT `ken`.*, `cos`.`id_cabang`, `us`.`id_user`, `cb`.`cabang` FROM `kendaraan` AS `ken`
 INNER JOIN `costumer` AS `cos` ON cos.nik_costumer=ken.nik_costumer
 INNER JOIN `user` AS `us` ON us.id_user = cos.id_user
 INNER JOIN `cabang` AS `cb` ON cos.id_cabang = cb.id_cabang
Params: []

2015-06-19T23:13:04+07:00 INFO (6): 
Elapsed Secs: 0.00112
Query: connect
Params: []

2015-06-19T23:13:04+07:00 INFO (6): 
Elapsed Secs: 0.00103
Query: DESCRIBE `kendaraan`
Params: []

2015-06-19T23:13:04+07:00 INFO (6): 
Elapsed Secs: 0.00019
Query: connect
Params: []

2015-06-19T23:13:04+07:00 INFO (6): 
Elapsed Secs: 0.00029
Query: SELECT `ken`.*, `cos`.`id_cabang`, `us`.`id_user`, `cb`.`cabang` FROM `kendaraan` AS `ken`
 INNER JOIN `costumer` AS `cos` ON cos.nik_costumer=ken.nik_costumer
 INNER JOIN `user` AS `us` ON us.id_user = cos.id_user
 INNER JOIN `cabang` AS `cb` ON cos.id_cabang = cb.id_cabang
Params: []

2015-06-19T23:14:12+07:00 INFO (6): 
Elapsed Secs: 0.0003
Query: connect
Params: []

2015-06-19T23:14:12+07:00 INFO (6): 
Elapsed Secs: 0.00127
Query: DESCRIBE `kendaraan`
Params: []

2015-06-19T23:14:12+07:00 INFO (6): 
Elapsed Secs: 0.00023
Query: connect
Params: []

2015-06-19T23:14:12+07:00 INFO (6): 
Elapsed Secs: 0.00032
Query: SELECT `ken`.*, `cos`.`id_cabang`, `us`.`id_user`, `cb`.`cabang` FROM `kendaraan` AS `ken`
 INNER JOIN `costumer` AS `cos` ON cos.nik_costumer=ken.nik_costumer
 INNER JOIN `user` AS `us` ON us.id_user = cos.id_user
 INNER JOIN `cabang` AS `cb` ON cos.id_cabang = cb.id_cabang
Params: []

2015-06-19T23:14:27+07:00 INFO (6): 
Elapsed Secs: 0.00028
Query: connect
Params: []

2015-06-19T23:14:27+07:00 INFO (6): 
Elapsed Secs: 0.001
Query: DESCRIBE `kendaraan`
Params: []

2015-06-19T23:14:27+07:00 INFO (6): 
Elapsed Secs: 0.00015
Query: connect
Params: []

2015-06-19T23:14:27+07:00 INFO (6): 
Elapsed Secs: 0.0003
Query: SELECT `ken`.*, `cos`.`id_cabang`, `us`.`id_user`, `cb`.`cabang` FROM `kendaraan` AS `ken`
 INNER JOIN `costumer` AS `cos` ON cos.nik_costumer=ken.nik_costumer
 INNER JOIN `user` AS `us` ON us.id_user = cos.id_user
 INNER JOIN `cabang` AS `cb` ON cos.id_cabang = cb.id_cabang
Params: []

2015-06-19T23:14:41+07:00 INFO (6): 
Elapsed Secs: 0.0003
Query: connect
Params: []

2015-06-19T23:14:41+07:00 INFO (6): 
Elapsed Secs: 0.00134
Query: DESCRIBE `kendaraan`
Params: []

2015-06-19T23:14:41+07:00 INFO (6): 
Elapsed Secs: 0.00024
Query: connect
Params: []

2015-06-19T23:14:41+07:00 INFO (6): 
Elapsed Secs: 0.00035
Query: SELECT `ken`.*, `cos`.`id_cabang`, `us`.`id_user`, `cb`.`cabang` FROM `kendaraan` AS `ken`
 INNER JOIN `costumer` AS `cos` ON cos.nik_costumer=ken.nik_costumer
 INNER JOIN `user` AS `us` ON us.id_user = cos.id_user
 INNER JOIN `cabang` AS `cb` ON cos.id_cabang = cb.id_cabang
Params: []

2015-06-19T23:14:57+07:00 INFO (6): 
Elapsed Secs: 0.00024
Query: connect
Params: []

2015-06-19T23:14:57+07:00 INFO (6): 
Elapsed Secs: 0.00108
Query: DESCRIBE `kendaraan`
Params: []

2015-06-19T23:14:57+07:00 INFO (6): 
Elapsed Secs: 0.00027
Query: connect
Params: []

2015-06-19T23:14:57+07:00 INFO (6): 
Elapsed Secs: 0.00035
Query: SELECT `ken`.*, `cos`.`id_cabang`, `us`.`id_user`, `cb`.`cabang` FROM `kendaraan` AS `ken`
 INNER JOIN `costumer` AS `cos` ON cos.nik_costumer=ken.nik_costumer
 INNER JOIN `user` AS `us` ON us.id_user = cos.id_user
 INNER JOIN `cabang` AS `cb` ON cos.id_cabang = cb.id_cabang
Params: []

2015-06-19T23:15:13+07:00 INFO (6): 
Elapsed Secs: 0.00117
Query: connect
Params: []

2015-06-19T23:15:13+07:00 INFO (6): 
Elapsed Secs: 0.00326
Query: DESCRIBE `kendaraan`
Params: []

2015-06-19T23:15:13+07:00 INFO (6): 
Elapsed Secs: 0.0005
Query: connect
Params: []

2015-06-19T23:15:13+07:00 INFO (6): 
Elapsed Secs: 0.00095
Query: SELECT `ken`.*, `cos`.`id_cabang`, `us`.`id_user`, `cb`.`cabang` FROM `kendaraan` AS `ken`
 INNER JOIN `costumer` AS `cos` ON cos.nik_costumer=ken.nik_costumer
 INNER JOIN `user` AS `us` ON us.id_user = cos.id_user
 INNER JOIN `cabang` AS `cb` ON cos.id_cabang = cb.id_cabang
Params: []

2015-06-19T23:15:23+07:00 INFO (6): 
Elapsed Secs: 0.00028
Query: connect
Params: []

2015-06-19T23:15:23+07:00 INFO (6): 
Elapsed Secs: 0.00148
Query: DESCRIBE `kendaraan`
Params: []

2015-06-19T23:15:23+07:00 INFO (6): 
Elapsed Secs: 0.00022
Query: connect
Params: []

2015-06-19T23:15:23+07:00 INFO (6): 
Elapsed Secs: 0.00033
Query: SELECT `ken`.*, `cos`.`id_cabang`, `us`.`id_user`, `cb`.`cabang` FROM `kendaraan` AS `ken`
 INNER JOIN `costumer` AS `cos` ON cos.nik_costumer=ken.nik_costumer
 INNER JOIN `user` AS `us` ON us.id_user = cos.id_user
 INNER JOIN `cabang` AS `cb` ON cos.id_cabang = cb.id_cabang
Params: []

2015-06-19T23:16:10+07:00 INFO (6): 
Elapsed Secs: 0.00028
Query: connect
Params: []

2015-06-19T23:16:10+07:00 INFO (6): 
Elapsed Secs: 0.00128
Query: DESCRIBE `kendaraan`
Params: []

2015-06-19T23:16:10+07:00 INFO (6): 
Elapsed Secs: 0.00024
Query: connect
Params: []

2015-06-19T23:16:10+07:00 INFO (6): 
Elapsed Secs: 0.00035
Query: SELECT `ken`.*, `cos`.`id_cabang`, `us`.`id_user`, `cb`.`cabang` FROM `kendaraan` AS `ken`
 INNER JOIN `costumer` AS `cos` ON cos.nik_costumer=ken.nik_costumer
 INNER JOIN `user` AS `us` ON us.id_user = cos.id_user
 INNER JOIN `cabang` AS `cb` ON cos.id_cabang = cb.id_cabang
Params: []

2015-06-19T23:16:28+07:00 INFO (6): 
Elapsed Secs: 0.00145
Query: connect
Params: []

2015-06-19T23:16:28+07:00 INFO (6): 
Elapsed Secs: 0.00147
Query: DESCRIBE `kendaraan`
Params: []

2015-06-19T23:16:28+07:00 INFO (6): 
Elapsed Secs: 0.00024
Query: connect
Params: []

2015-06-19T23:16:28+07:00 INFO (6): 
Elapsed Secs: 0.00034
Query: SELECT `ken`.*, `cos`.`id_cabang`, `us`.`id_user`, `cb`.`cabang` FROM `kendaraan` AS `ken`
 INNER JOIN `costumer` AS `cos` ON cos.nik_costumer=ken.nik_costumer
 INNER JOIN `user` AS `us` ON us.id_user = cos.id_user
 INNER JOIN `cabang` AS `cb` ON cos.id_cabang = cb.id_cabang
Params: []

2015-06-19T23:16:46+07:00 INFO (6): 
Elapsed Secs: 0.00124
Query: connect
Params: []

2015-06-19T23:16:46+07:00 INFO (6): 
Elapsed Secs: 0.00102
Query: DESCRIBE `kendaraan`
Params: []

2015-06-19T23:16:46+07:00 INFO (6): 
Elapsed Secs: 0.00018
Query: connect
Params: []

2015-06-19T23:16:46+07:00 INFO (6): 
Elapsed Secs: 0.00026
Query: SELECT `ken`.*, `cos`.`id_cabang`, `us`.`id_user`, `cb`.`cabang` FROM `kendaraan` AS `ken`
 INNER JOIN `costumer` AS `cos` ON cos.nik_costumer=ken.nik_costumer
 INNER JOIN `user` AS `us` ON us.id_user = cos.id_user
 INNER JOIN `cabang` AS `cb` ON cos.id_cabang = cb.id_cabang
Params: []

2015-06-19T23:17:15+07:00 INFO (6): 
Elapsed Secs: 0.00021
Query: connect
Params: []

2015-06-19T23:17:15+07:00 INFO (6): 
Elapsed Secs: 0.00135
Query: DESCRIBE `kendaraan`
Params: []

2015-06-19T23:17:15+07:00 INFO (6): 
Elapsed Secs: 0.0003
Query: connect
Params: []

2015-06-19T23:17:15+07:00 INFO (6): 
Elapsed Secs: 0.00043
Query: SELECT `ken`.*, `cos`.`id_cabang`, `us`.`id_user`, `cb`.`cabang` FROM `kendaraan` AS `ken`
 INNER JOIN `costumer` AS `cos` ON cos.nik_costumer=ken.nik_costumer
 INNER JOIN `user` AS `us` ON us.id_user = cos.id_user
 INNER JOIN `cabang` AS `cb` ON cos.id_cabang = cb.id_cabang
Params: []

2015-06-19T23:17:39+07:00 INFO (6): 
Elapsed Secs: 0.0003
Query: connect
Params: []

2015-06-19T23:17:39+07:00 INFO (6): 
Elapsed Secs: 0.00102
Query: DESCRIBE `kendaraan`
Params: []

2015-06-19T23:17:39+07:00 INFO (6): 
Elapsed Secs: 0.00018
Query: connect
Params: []

2015-06-19T23:17:39+07:00 INFO (6): 
Elapsed Secs: 0.0003
Query: SELECT `ken`.*, `cos`.`id_cabang`, `us`.`id_user`, `cb`.`cabang` FROM `kendaraan` AS `ken`
 INNER JOIN `costumer` AS `cos` ON cos.nik_costumer=ken.nik_costumer
 INNER JOIN `user` AS `us` ON us.id_user = cos.id_user
 INNER JOIN `cabang` AS `cb` ON cos.id_cabang = cb.id_cabang
Params: []

2015-06-19T23:18:03+07:00 INFO (6): 
Elapsed Secs: 0.00053
Query: connect
Params: []

2015-06-19T23:18:03+07:00 INFO (6): 
Elapsed Secs: 0.00309
Query: DESCRIBE `kendaraan`
Params: []

2015-06-19T23:18:03+07:00 INFO (6): 
Elapsed Secs: 0.00061
Query: connect
Params: []

2015-06-19T23:18:03+07:00 INFO (6): 
Elapsed Secs: 0.00078
Query: SELECT `ken`.*, `cos`.`id_cabang`, `us`.`id_user`, `cb`.`cabang` FROM `kendaraan` AS `ken`
 INNER JOIN `costumer` AS `cos` ON cos.nik_costumer=ken.nik_costumer
 INNER JOIN `user` AS `us` ON us.id_user = cos.id_user
 INNER JOIN `cabang` AS `cb` ON cos.id_cabang = cb.id_cabang
Params: []

2015-06-19T23:18:54+07:00 INFO (6): 
Elapsed Secs: 0.00025
Query: connect
Params: []

2015-06-19T23:18:54+07:00 INFO (6): 
Elapsed Secs: 0.001
Query: DESCRIBE `kendaraan`
Params: []

2015-06-19T23:18:54+07:00 INFO (6): 
Elapsed Secs: 0.00053
Query: connect
Params: []

2015-06-19T23:18:54+07:00 INFO (6): 
Elapsed Secs: 0.00095
Query: SELECT `ken`.*, `cos`.`id_cabang`, `us`.`id_user`, `cb`.`cabang` FROM `kendaraan` AS `ken`
 INNER JOIN `costumer` AS `cos` ON cos.nik_costumer=ken.nik_costumer
 INNER JOIN `user` AS `us` ON us.id_user = cos.id_user
 INNER JOIN `cabang` AS `cb` ON cos.id_cabang = cb.id_cabang
Params: []

2015-06-19T23:19:47+07:00 INFO (6): 
Elapsed Secs: 0.00031
Query: connect
Params: []

2015-06-19T23:19:47+07:00 INFO (6): 
Elapsed Secs: 0.03848
Query: UPDATE `user_login` SET `status` = ?, `last_login` = ? WHERE (status = 1)
Params: {"1":0,"2":"2015-06-19 22:18:59"}

2015-06-19T23:19:47+07:00 INFO (6): 
Elapsed Secs: 0.00124
Query: DESCRIBE `kendaraan`
Params: []

2015-06-19T23:19:47+07:00 INFO (6): 
Elapsed Secs: 0.00024
Query: connect
Params: []

2015-06-19T23:19:47+07:00 INFO (6): 
Elapsed Secs: 0.0003
Query: SELECT `ken`.*, `cos`.`id_cabang`, `us`.`id_user`, `cb`.`cabang` FROM `kendaraan` AS `ken`
 INNER JOIN `costumer` AS `cos` ON cos.nik_costumer=ken.nik_costumer
 INNER JOIN `user` AS `us` ON us.id_user = cos.id_user
 INNER JOIN `cabang` AS `cb` ON cos.id_cabang = cb.id_cabang
Params: []

2015-06-19T23:20:53+07:00 INFO (6): 
Elapsed Secs: 0.00114
Query: connect
Params: []

2015-06-19T23:20:53+07:00 INFO (6): 
Elapsed Secs: 0.00113
Query: DESCRIBE `user`
Params: []

2015-06-19T23:20:53+07:00 INFO (6): 
Elapsed Secs: 0.00023
Query: connect
Params: []

2015-06-19T23:20:53+07:00 INFO (6): 
Elapsed Secs: 0.00031
Query: SELECT `user`.*, `cabang`.* FROM `user`
 INNER JOIN `cabang` ON cabang.id_cabang = user.id_cabang WHERE (user.username = 'admin') AND (user.password = 'd033e22ae348aeb5660fc2140aec35850c4da997')
Params: []

2015-06-19T23:20:53+07:00 INFO (6): 
Elapsed Secs: 0.00023
Query: SELECT `user`.*, `user_login`.*, `cabang`.* FROM `user`
 INNER JOIN `user_login` ON user_login.id_user = user.id_user
 INNER JOIN `cabang` ON cabang.id_cabang = user.id_cabang WHERE (user.id_user = '16')
Params: []

2015-06-19T23:20:53+07:00 INFO (6): 
Elapsed Secs: 0.05664
Query: UPDATE `user_login` SET `status` = ?, `login_time` = NOW(), `ip_login` = ?, `last_login` = ? WHERE (id_user = '16')
Params: {"1":1,"2":"172.17.3.234","3":"2015-06-19 22:18:59"}

2015-06-19T23:20:53+07:00 INFO (6): 
Elapsed Secs: 0.00045
Query: SELECT `user`.*, `user_login`.*, `cabang`.* FROM `user`
 INNER JOIN `user_login` ON user_login.id_user = user.id_user
 INNER JOIN `cabang` ON cabang.id_cabang = user.id_cabang WHERE (user.id_user = '16')
Params: []

2015-06-19T23:21:43+07:00 INFO (6): 
Elapsed Secs: 0.00027
Query: connect
Params: []

2015-06-19T23:21:43+07:00 INFO (6): 
Elapsed Secs: 0.00101
Query: DESCRIBE `costumer`
Params: []

2015-06-19T23:21:43+07:00 INFO (6): 
Elapsed Secs: 0.00028
Query: SELECT `cos`.`nik_costumer`, `cos`.`nama`, `cos`.`alamat`, `cos`.`jenis_kelamin`, `cos`.`tempat_lahir`, `cos`.`tanggal_lahir`, `cos`.`nama_ibu`, `cos`.`agama`, `cos`.`status`, `cos`.`pekerjaan`, `cos`.`alamat_tempat_kerja`, `cos`.`hp`, `cos`.`telpon`, `us`.`realname`, `cb`.`cabang` FROM `costumer` AS `cos`
 INNER JOIN `user` AS `us` ON cos.id_user=us.id_user
 INNER JOIN `cabang` AS `cb` ON us.id_cabang = cb.id_cabang WHERE (cos.id_user = '16')
Params: []

2015-06-19T23:21:46+07:00 INFO (6): 
Elapsed Secs: 0.00025
Query: connect
Params: []

2015-06-19T23:21:46+07:00 INFO (6): 
Elapsed Secs: 0.00221
Query: DESCRIBE `kendaraan`
Params: []

2015-06-19T23:21:46+07:00 INFO (6): 
Elapsed Secs: 0.00038
Query: connect
Params: []

2015-06-19T23:21:46+07:00 INFO (6): 
Elapsed Secs: 0.00052
Query: SELECT `ken`.*, `cos`.`id_cabang`, `us`.`id_user`, `cb`.`cabang` FROM `kendaraan` AS `ken`
 INNER JOIN `costumer` AS `cos` ON cos.nik_costumer=ken.nik_costumer
 INNER JOIN `user` AS `us` ON us.id_user = cos.id_user
 INNER JOIN `cabang` AS `cb` ON cos.id_cabang = cb.id_cabang
Params: []

2015-06-19T23:22:21+07:00 INFO (6): 
Elapsed Secs: 0.00111
Query: connect
Params: []

2015-06-19T23:22:21+07:00 INFO (6): 
Elapsed Secs: 0.00105
Query: DESCRIBE `kendaraan`
Params: []

2015-06-19T23:22:21+07:00 INFO (6): 
Elapsed Secs: 0.0003
Query: connect
Params: []

2015-06-19T23:22:21+07:00 INFO (6): 
Elapsed Secs: 0.00028
Query: SELECT `ken`.*, `cos`.`id_cabang`, `us`.`id_user`, `cb`.`cabang` FROM `kendaraan` AS `ken`
 INNER JOIN `costumer` AS `cos` ON cos.nik_costumer=ken.nik_costumer
 INNER JOIN `user` AS `us` ON us.id_user = cos.id_user
 INNER JOIN `cabang` AS `cb` ON cos.id_cabang = cb.id_cabang
Params: []

2015-06-19T23:23:24+07:00 INFO (6): 
Elapsed Secs: 0.00025
Query: connect
Params: []

2015-06-19T23:23:24+07:00 INFO (6): 
Elapsed Secs: 0.00102
Query: DESCRIBE `kendaraan`
Params: []

2015-06-19T23:23:24+07:00 INFO (6): 
Elapsed Secs: 0.00019
Query: connect
Params: []

2015-06-19T23:23:24+07:00 INFO (6): 
Elapsed Secs: 0.00031
Query: SELECT `ken`.*, `cos`.`id_cabang`, `us`.`id_user`, `cb`.`cabang` FROM `kendaraan` AS `ken`
 INNER JOIN `costumer` AS `cos` ON cos.nik_costumer=ken.nik_costumer
 INNER JOIN `user` AS `us` ON us.id_user = cos.id_user
 INNER JOIN `cabang` AS `cb` ON cos.id_cabang = cb.id_cabang
Params: []

2015-06-19T23:38:29+07:00 INFO (6): 
Elapsed Secs: 0.0018
Query: connect
Params: []

2015-06-19T23:38:29+07:00 INFO (6): 
Elapsed Secs: 0.00107
Query: DESCRIBE `kendaraan`
Params: []

2015-06-19T23:38:29+07:00 INFO (6): 
Elapsed Secs: 0.00025
Query: connect
Params: []

2015-06-19T23:38:29+07:00 INFO (6): 
Elapsed Secs: 0.00025
Query: SELECT `ken`.*, `cos`.`id_cabang`, `us`.`id_user`, `cb`.`cabang` FROM `kendaraan` AS `ken`
 INNER JOIN `costumer` AS `cos` ON cos.nik_costumer=ken.nik_costumer
 INNER JOIN `user` AS `us` ON us.id_user = cos.id_user
 INNER JOIN `cabang` AS `cb` ON cos.id_cabang = cb.id_cabang
Params: []

2015-06-19T23:38:44+07:00 INFO (6): 
Elapsed Secs: 0.00025
Query: connect
Params: []

2015-06-19T23:38:44+07:00 INFO (6): 
Elapsed Secs: 0.0011
Query: DESCRIBE `kendaraan`
Params: []

2015-06-19T23:38:44+07:00 INFO (6): 
Elapsed Secs: 0.00021
Query: connect
Params: []

2015-06-19T23:38:44+07:00 INFO (6): 
Elapsed Secs: 0.00027
Query: SELECT `ken`.*, `cos`.`id_cabang`, `us`.`id_user`, `cb`.`cabang` FROM `kendaraan` AS `ken`
 INNER JOIN `costumer` AS `cos` ON cos.nik_costumer=ken.nik_costumer
 INNER JOIN `user` AS `us` ON us.id_user = cos.id_user
 INNER JOIN `cabang` AS `cb` ON cos.id_cabang = cb.id_cabang
Params: []

2015-06-19T23:38:58+07:00 INFO (6): 
Elapsed Secs: 0.00026
Query: connect
Params: []

2015-06-19T23:38:58+07:00 INFO (6): 
Elapsed Secs: 0.00114
Query: DESCRIBE `kendaraan`
Params: []

2015-06-19T23:38:58+07:00 INFO (6): 
Elapsed Secs: 0.00017
Query: connect
Params: []

2015-06-19T23:38:58+07:00 INFO (6): 
Elapsed Secs: 0.00036
Query: SELECT `ken`.*, `cos`.`id_cabang`, `us`.`id_user`, `cb`.`cabang` FROM `kendaraan` AS `ken`
 INNER JOIN `costumer` AS `cos` ON cos.nik_costumer=ken.nik_costumer
 INNER JOIN `user` AS `us` ON us.id_user = cos.id_user
 INNER JOIN `cabang` AS `cb` ON cos.id_cabang = cb.id_cabang
Params: []

2015-06-19T23:39:21+07:00 INFO (6): 
Elapsed Secs: 0.00111
Query: connect
Params: []

2015-06-19T23:39:21+07:00 INFO (6): 
Elapsed Secs: 0.00096
Query: DESCRIBE `kendaraan`
Params: []

2015-06-19T23:39:21+07:00 INFO (6): 
Elapsed Secs: 0.00018
Query: connect
Params: []

2015-06-19T23:39:21+07:00 INFO (6): 
Elapsed Secs: 0.00029
Query: SELECT `ken`.*, `cos`.`id_cabang`, `us`.`id_user`, `cb`.`cabang` FROM `kendaraan` AS `ken`
 INNER JOIN `costumer` AS `cos` ON cos.nik_costumer=ken.nik_costumer
 INNER JOIN `user` AS `us` ON us.id_user = cos.id_user
 INNER JOIN `cabang` AS `cb` ON cos.id_cabang = cb.id_cabang
Params: []

