2015-08-02T22:00:48+07:00 INFO (6): 
Elapsed Secs: 0.00026
Query: connect
Params: []

2015-08-02T22:00:48+07:00 INFO (6): 
Elapsed Secs: 0.00113
Query: DESCRIBE `bb_penerimaan_kas`
Params: []

2015-08-02T22:00:48+07:00 INFO (6): 
Elapsed Secs: 0.00017
Query: connect
Params: []

2015-08-02T22:00:48+07:00 INFO (6): 
Elapsed Secs: 0.00024
Query: SELECT `bbpk`.*, `cos`.`nama` FROM `bb_penerimaan_kas` AS `bbpk`
 INNER JOIN `pinjaman` AS `pin` ON pin.no_kontrak = bbpk.no_kontrak 
 INNER JOIN `costumer` AS `cos` ON cos.nik_costumer= pin.nik_costumer  WHERE (bbpk.tgl_bayar > '2015-07-30') AND (bbpk.tgl_bayar < '2015-09-05')
Params: []

2015-08-02T22:01:01+07:00 INFO (6): 
Elapsed Secs: 0.00024
Query: connect
Params: []

2015-08-02T22:01:01+07:00 INFO (6): 
Elapsed Secs: 0.0009
Query: DESCRIBE `bb_penerimaan_kas`
Params: []

2015-08-02T22:01:01+07:00 INFO (6): 
Elapsed Secs: 0.00017
Query: connect
Params: []

2015-08-02T22:01:01+07:00 INFO (6): 
Elapsed Secs: 0.00026
Query: SELECT `bbpk`.*, `cos`.`nama` FROM `bb_penerimaan_kas` AS `bbpk`
 INNER JOIN `pinjaman` AS `pin` ON pin.no_kontrak = bbpk.no_kontrak 
 INNER JOIN `costumer` AS `cos` ON cos.nik_costumer= pin.nik_costumer  WHERE (bbpk.tgl_bayar > '2015-07-30') AND (bbpk.tgl_bayar < '2015-09-05')
Params: []

2015-08-02T22:01:25+07:00 INFO (6): 
Elapsed Secs: 0.00107
Query: connect
Params: []

2015-08-02T22:01:25+07:00 INFO (6): 
Elapsed Secs: 0.00073
Query: DESCRIBE `bb_penerimaan_kas`
Params: []

2015-08-02T22:01:25+07:00 INFO (6): 
Elapsed Secs: 0.00021
Query: connect
Params: []

2015-08-02T22:01:25+07:00 INFO (6): 
Elapsed Secs: 0.00023
Query: SELECT `bbpk`.*, `cos`.`nama` FROM `bb_penerimaan_kas` AS `bbpk`
 INNER JOIN `pinjaman` AS `pin` ON pin.no_kontrak = bbpk.no_kontrak 
 INNER JOIN `costumer` AS `cos` ON cos.nik_costumer= pin.nik_costumer  WHERE (bbpk.tgl_bayar > '2015-07-30') AND (bbpk.tgl_bayar < '2015-09-05')
Params: []

2015-08-02T22:01:57+07:00 INFO (6): 
Elapsed Secs: 0.00026
Query: connect
Params: []

2015-08-02T22:01:57+07:00 INFO (6): 
Elapsed Secs: 0.00108
Query: DESCRIBE `bb_penerimaan_kas`
Params: []

2015-08-02T22:01:57+07:00 INFO (6): 
Elapsed Secs: 0.00019
Query: connect
Params: []

2015-08-02T22:01:57+07:00 INFO (6): 
Elapsed Secs: 0.00032
Query: SELECT `bbpk`.*, `cos`.`nama` FROM `bb_penerimaan_kas` AS `bbpk`
 INNER JOIN `pinjaman` AS `pin` ON pin.no_kontrak = bbpk.no_kontrak 
 INNER JOIN `costumer` AS `cos` ON cos.nik_costumer= pin.nik_costumer  WHERE (bbpk.tgl_bayar > '2015-07-30') AND (bbpk.tgl_bayar < '2015-09-05')
Params: []

2015-08-02T22:02:31+07:00 INFO (6): 
Elapsed Secs: 0.0016
Query: connect
Params: []

2015-08-02T22:02:31+07:00 INFO (6): 
Elapsed Secs: 0.0009
Query: DESCRIBE `bb_penerimaan_kas`
Params: []

2015-08-02T22:02:31+07:00 INFO (6): 
Elapsed Secs: 0.00019
Query: connect
Params: []

2015-08-02T22:02:31+07:00 INFO (6): 
Elapsed Secs: 0.00033
Query: SELECT `bbpk`.*, `cos`.`nama` FROM `bb_penerimaan_kas` AS `bbpk`
 INNER JOIN `pinjaman` AS `pin` ON pin.no_kontrak = bbpk.no_kontrak 
 INNER JOIN `costumer` AS `cos` ON cos.nik_costumer= pin.nik_costumer  WHERE (bbpk.tgl_bayar > '2015-07-30') AND (bbpk.tgl_bayar < '2015-09-05')
Params: []

2015-08-02T22:02:33+07:00 INFO (6): 
Elapsed Secs: 0.00024
Query: connect
Params: []

2015-08-02T22:02:33+07:00 INFO (6): 
Elapsed Secs: 0.00092
Query: DESCRIBE `bb_penerimaan_kas`
Params: []

2015-08-02T22:02:33+07:00 INFO (6): 
Elapsed Secs: 0.0002
Query: connect
Params: []

2015-08-02T22:02:33+07:00 INFO (6): 
Elapsed Secs: 0.00028
Query: SELECT `bbpk`.*, `cos`.`nama` FROM `bb_penerimaan_kas` AS `bbpk`
 INNER JOIN `pinjaman` AS `pin` ON pin.no_kontrak = bbpk.no_kontrak 
 INNER JOIN `costumer` AS `cos` ON cos.nik_costumer= pin.nik_costumer  WHERE (bbpk.tgl_bayar > '2015-07-30') AND (bbpk.tgl_bayar < '2015-09-05')
Params: []

2015-08-02T22:14:51+07:00 INFO (6): 
Elapsed Secs: 0.00286
Query: connect
Params: []

2015-08-02T22:14:51+07:00 INFO (6): 
Elapsed Secs: 0.04439
Query: UPDATE `user_login` SET `status` = ?, `last_login` = ? WHERE (status = 1)
Params: {"1":0,"2":"2015-08-02 21:05:08"}

2015-08-02T22:15:43+07:00 INFO (6): 
Elapsed Secs: 0.0011
Query: connect
Params: []

2015-08-02T22:15:43+07:00 INFO (6): 
Elapsed Secs: 0.00071
Query: DESCRIBE `user`
Params: []

2015-08-02T22:15:43+07:00 INFO (6): 
Elapsed Secs: 0.00022
Query: connect
Params: []

2015-08-02T22:15:43+07:00 INFO (6): 
Elapsed Secs: 0.00025
Query: SELECT `user`.*, `cabang`.* FROM `user`
 INNER JOIN `cabang` ON cabang.id_cabang = user.id_cabang WHERE (user.username = 'akuntan') AND (user.password = 'd033e22ae348aeb5660fc2140aec35850c4da997')
Params: []

2015-08-02T22:15:43+07:00 INFO (6): 
Elapsed Secs: 0.00021
Query: SELECT `user`.*, `user_login`.*, `cabang`.* FROM `user`
 INNER JOIN `user_login` ON user_login.id_user = user.id_user
 INNER JOIN `cabang` ON cabang.id_cabang = user.id_cabang WHERE (user.id_user = '19')
Params: []

2015-08-02T22:15:43+07:00 INFO (6): 
Elapsed Secs: 0.04642
Query: UPDATE `user_login` SET `status` = ?, `login_time` = NOW(), `ip_login` = ?, `last_login` = ? WHERE (id_user = '19')
Params: {"1":1,"2":"127.0.0.1","3":"2015-08-02 21:05:08"}

2015-08-02T22:15:43+07:00 INFO (6): 
Elapsed Secs: 0.00053
Query: SELECT `user`.*, `user_login`.*, `cabang`.* FROM `user`
 INNER JOIN `user_login` ON user_login.id_user = user.id_user
 INNER JOIN `cabang` ON cabang.id_cabang = user.id_cabang WHERE (user.id_user = '19')
Params: []

2015-08-02T22:19:58+07:00 INFO (6): 
Elapsed Secs: 0.00023
Query: connect
Params: []

2015-08-02T22:19:58+07:00 INFO (6): 
Elapsed Secs: 0.00092
Query: DESCRIBE `bb_penerimaan_kas`
Params: []

2015-08-02T22:19:58+07:00 INFO (6): 
Elapsed Secs: 0.00027
Query: connect
Params: []

2015-08-02T22:19:58+07:00 INFO (6): 
Elapsed Secs: 0.00038
Query: SELECT `bbpk`.*, `cos`.`nama` FROM `bb_penerimaan_kas` AS `bbpk`
 INNER JOIN `pinjaman` AS `pin` ON pin.no_kontrak = bbpk.no_kontrak 
 INNER JOIN `costumer` AS `cos` ON cos.nik_costumer= pin.nik_costumer  WHERE (bbpk.tgl_bayar > '2015-08-07') AND (bbpk.tgl_bayar < '2015-08-27')
Params: []

2015-08-02T22:20:20+07:00 INFO (6): 
Elapsed Secs: 0.00018
Query: connect
Params: []

2015-08-02T22:20:20+07:00 INFO (6): 
Elapsed Secs: 0.00068
Query: DESCRIBE `bb_piutang`
Params: []

2015-08-02T22:20:20+07:00 INFO (6): 
Elapsed Secs: 0.00017
Query: connect
Params: []

2015-08-02T22:20:45+07:00 INFO (6): 
Elapsed Secs: 0.00025
Query: connect
Params: []

2015-08-02T22:20:45+07:00 INFO (6): 
Elapsed Secs: 0.00075
Query: DESCRIBE `bb_piutang`
Params: []

2015-08-02T22:20:45+07:00 INFO (6): 
Elapsed Secs: 0.0002
Query: connect
Params: []

2015-08-02T22:20:45+07:00 INFO (6): 
Elapsed Secs: 0.00018
Query: SELECT `bbp`.* FROM `bb_piutang` AS `bbp` WHERE (bbp.tanggal > '2015-07-29') AND (bbp.tanggal < '2015-08-28')
Params: []

2015-08-02T22:22:58+07:00 INFO (6): 
Elapsed Secs: 0.00132
Query: connect
Params: []

2015-08-02T22:22:58+07:00 INFO (6): 
Elapsed Secs: 0.00069
Query: DESCRIBE `bb_piutang`
Params: []

2015-08-02T22:22:58+07:00 INFO (6): 
Elapsed Secs: 0.00015
Query: connect
Params: []

2015-08-02T22:22:58+07:00 INFO (6): 
Elapsed Secs: 0.00024
Query: SELECT `bbp`.* FROM `bb_piutang` AS `bbp` WHERE (bbp.tanggal > '2015-07-29') AND (bbp.tanggal < '2015-08-28')
Params: []

2015-08-02T22:23:01+07:00 INFO (6): 
Elapsed Secs: 0.00139
Query: connect
Params: []

2015-08-02T22:23:01+07:00 INFO (6): 
Elapsed Secs: 0.00086
Query: DESCRIBE `bb_piutang`
Params: []

2015-08-02T22:23:01+07:00 INFO (6): 
Elapsed Secs: 0.00021
Query: connect
Params: []

2015-08-02T22:23:09+07:00 INFO (6): 
Elapsed Secs: 0.00027
Query: connect
Params: []

2015-08-02T22:23:09+07:00 INFO (6): 
Elapsed Secs: 0.00073
Query: DESCRIBE `bb_piutang`
Params: []

2015-08-02T22:23:09+07:00 INFO (6): 
Elapsed Secs: 0.00015
Query: connect
Params: []

2015-08-02T22:23:09+07:00 INFO (6): 
Elapsed Secs: 0.00014
Query: SELECT `bbp`.* FROM `bb_piutang` AS `bbp` WHERE (bbp.tanggal > '2015-07-03') AND (bbp.tanggal < '2015-08-28')
Params: []

2015-08-02T22:23:35+07:00 INFO (6): 
Elapsed Secs: 0.00022
Query: connect
Params: []

2015-08-02T22:23:35+07:00 INFO (6): 
Elapsed Secs: 0.00069
Query: DESCRIBE `bb_piutang`
Params: []

2015-08-02T22:23:35+07:00 INFO (6): 
Elapsed Secs: 0.00014
Query: connect
Params: []

2015-08-02T22:23:35+07:00 INFO (6): 
Elapsed Secs: 0.00017
Query: SELECT `bbp`.* FROM `bb_piutang` AS `bbp` WHERE (bbp.tanggal > '2015-07-03') AND (bbp.tanggal < '2015-08-28')
Params: []

2015-08-02T22:23:55+07:00 INFO (6): 
Elapsed Secs: 0.00023
Query: connect
Params: []

2015-08-02T22:23:55+07:00 INFO (6): 
Elapsed Secs: 0.00093
Query: DESCRIBE `bb_piutang`
Params: []

2015-08-02T22:23:55+07:00 INFO (6): 
Elapsed Secs: 0.00023
Query: connect
Params: []

2015-08-02T22:23:55+07:00 INFO (6): 
Elapsed Secs: 0.00023
Query: SELECT `bbp`.* FROM `bb_piutang` AS `bbp` WHERE (bbp.tanggal > '2015-07-03') AND (bbp.tanggal < '2015-08-28')
Params: []

2015-08-02T22:24:03+07:00 INFO (6): 
Elapsed Secs: 0.00018
Query: connect
Params: []

2015-08-02T22:24:03+07:00 INFO (6): 
Elapsed Secs: 0.00072
Query: DESCRIBE `bb_piutang`
Params: []

2015-08-02T22:24:03+07:00 INFO (6): 
Elapsed Secs: 0.00014
Query: connect
Params: []

2015-08-02T22:24:03+07:00 INFO (6): 
Elapsed Secs: 0.00016
Query: SELECT `bbp`.* FROM `bb_piutang` AS `bbp` WHERE (bbp.tanggal > '2015-07-03') AND (bbp.tanggal < '2015-08-28')
Params: []

2015-08-02T22:24:51+07:00 INFO (6): 
Elapsed Secs: 0.00021
Query: connect
Params: []

2015-08-02T22:24:51+07:00 INFO (6): 
Elapsed Secs: 0.00071
Query: DESCRIBE `bb_piutang`
Params: []

2015-08-02T22:24:51+07:00 INFO (6): 
Elapsed Secs: 0.00021
Query: connect
Params: []

2015-08-02T22:24:51+07:00 INFO (6): 
Elapsed Secs: 0.00017
Query: SELECT `bbp`.* FROM `bb_piutang` AS `bbp` WHERE (bbp.tanggal > '2015-07-03') AND (bbp.tanggal < '2015-08-28')
Params: []

2015-08-02T22:25:08+07:00 INFO (6): 
Elapsed Secs: 0.00026
Query: connect
Params: []

2015-08-02T22:25:08+07:00 INFO (6): 
Elapsed Secs: 0.00096
Query: DESCRIBE `bb_piutang`
Params: []

2015-08-02T22:25:08+07:00 INFO (6): 
Elapsed Secs: 0.00022
Query: connect
Params: []

2015-08-02T22:25:08+07:00 INFO (6): 
Elapsed Secs: 0.00017
Query: SELECT `bbp`.* FROM `bb_piutang` AS `bbp` WHERE (bbp.tanggal > '2015-07-03') AND (bbp.tanggal < '2015-08-28')
Params: []

2015-08-02T22:25:35+07:00 INFO (6): 
Elapsed Secs: 0.00144
Query: connect
Params: []

2015-08-02T22:25:35+07:00 INFO (6): 
Elapsed Secs: 0.0009
Query: DESCRIBE `bb_piutang`
Params: []

2015-08-02T22:25:35+07:00 INFO (6): 
Elapsed Secs: 0.0002
Query: connect
Params: []

2015-08-02T22:25:35+07:00 INFO (6): 
Elapsed Secs: 0.00023
Query: SELECT `bbp`.* FROM `bb_piutang` AS `bbp` WHERE (bbp.tanggal > '2015-07-03') AND (bbp.tanggal < '2015-08-28')
Params: []

2015-08-02T22:26:02+07:00 INFO (6): 
Elapsed Secs: 0.00102
Query: connect
Params: []

2015-08-02T22:26:02+07:00 INFO (6): 
Elapsed Secs: 0.0007
Query: DESCRIBE `bb_piutang`
Params: []

2015-08-02T22:26:02+07:00 INFO (6): 
Elapsed Secs: 0.00027
Query: connect
Params: []

2015-08-02T22:26:02+07:00 INFO (6): 
Elapsed Secs: 0.0002
Query: SELECT `bbp`.* FROM `bb_piutang` AS `bbp` WHERE (bbp.tanggal > '2015-07-03') AND (bbp.tanggal < '2015-08-28')
Params: []

2015-08-02T22:26:09+07:00 INFO (6): 
Elapsed Secs: 0.00026
Query: connect
Params: []

2015-08-02T22:26:09+07:00 INFO (6): 
Elapsed Secs: 0.00111
Query: DESCRIBE `bb_piutang`
Params: []

2015-08-02T22:26:09+07:00 INFO (6): 
Elapsed Secs: 0.0002
Query: connect
Params: []

2015-08-02T22:26:09+07:00 INFO (6): 
Elapsed Secs: 0.00021
Query: SELECT `bbp`.* FROM `bb_piutang` AS `bbp` WHERE (bbp.tanggal > '2015-07-03') AND (bbp.tanggal < '2015-08-28')
Params: []

2015-08-02T22:26:17+07:00 INFO (6): 
Elapsed Secs: 0.00023
Query: connect
Params: []

2015-08-02T22:26:17+07:00 INFO (6): 
Elapsed Secs: 0.00075
Query: DESCRIBE `bb_piutang`
Params: []

2015-08-02T22:26:17+07:00 INFO (6): 
Elapsed Secs: 0.00015
Query: connect
Params: []

2015-08-02T22:26:17+07:00 INFO (6): 
Elapsed Secs: 0.00018
Query: SELECT `bbp`.* FROM `bb_piutang` AS `bbp` WHERE (bbp.tanggal > '2015-07-03') AND (bbp.tanggal < '2015-08-28')
Params: []

2015-08-02T22:26:36+07:00 INFO (6): 
Elapsed Secs: 0.0002
Query: connect
Params: []

2015-08-02T22:26:36+07:00 INFO (6): 
Elapsed Secs: 0.00081
Query: DESCRIBE `bb_piutang`
Params: []

2015-08-02T22:26:36+07:00 INFO (6): 
Elapsed Secs: 0.00017
Query: connect
Params: []

2015-08-02T22:26:36+07:00 INFO (6): 
Elapsed Secs: 0.00014
Query: SELECT `bbp`.* FROM `bb_piutang` AS `bbp` WHERE (bbp.tanggal > '2015-07-03') AND (bbp.tanggal < '2015-08-28')
Params: []

2015-08-02T22:26:52+07:00 INFO (6): 
Elapsed Secs: 0.00023
Query: connect
Params: []

2015-08-02T22:26:52+07:00 INFO (6): 
Elapsed Secs: 0.00078
Query: DESCRIBE `bb_piutang`
Params: []

2015-08-02T22:26:52+07:00 INFO (6): 
Elapsed Secs: 0.00013
Query: connect
Params: []

2015-08-02T22:26:52+07:00 INFO (6): 
Elapsed Secs: 0.00015
Query: SELECT `bbp`.* FROM `bb_piutang` AS `bbp` WHERE (bbp.tanggal > '2015-07-03') AND (bbp.tanggal < '2015-08-28')
Params: []

2015-08-02T22:27:08+07:00 INFO (6): 
Elapsed Secs: 0.00106
Query: connect
Params: []

2015-08-02T22:27:08+07:00 INFO (6): 
Elapsed Secs: 0.00067
Query: DESCRIBE `bb_piutang`
Params: []

2015-08-02T22:27:08+07:00 INFO (6): 
Elapsed Secs: 0.00019
Query: connect
Params: []

2015-08-02T22:27:08+07:00 INFO (6): 
Elapsed Secs: 0.00017
Query: SELECT `bbp`.* FROM `bb_piutang` AS `bbp` WHERE (bbp.tanggal > '2015-07-03') AND (bbp.tanggal < '2015-08-28')
Params: []

2015-08-02T22:27:24+07:00 INFO (6): 
Elapsed Secs: 0.00145
Query: connect
Params: []

2015-08-02T22:27:24+07:00 INFO (6): 
Elapsed Secs: 0.00075
Query: DESCRIBE `bb_piutang`
Params: []

2015-08-02T22:27:24+07:00 INFO (6): 
Elapsed Secs: 0.00017
Query: connect
Params: []

2015-08-02T22:27:24+07:00 INFO (6): 
Elapsed Secs: 0.00017
Query: SELECT `bbp`.* FROM `bb_piutang` AS `bbp` WHERE (bbp.tanggal > '2015-07-03') AND (bbp.tanggal < '2015-08-28')
Params: []

2015-08-02T22:27:53+07:00 INFO (6): 
Elapsed Secs: 0.0011
Query: connect
Params: []

2015-08-02T22:27:53+07:00 INFO (6): 
Elapsed Secs: 0.00069
Query: DESCRIBE `bb_piutang`
Params: []

2015-08-02T22:27:53+07:00 INFO (6): 
Elapsed Secs: 0.00013
Query: connect
Params: []

2015-08-02T22:27:53+07:00 INFO (6): 
Elapsed Secs: 0.00014
Query: SELECT `bbp`.* FROM `bb_piutang` AS `bbp` WHERE (bbp.tanggal > '2015-07-03') AND (bbp.tanggal < '2015-08-28')
Params: []

2015-08-02T22:28:09+07:00 INFO (6): 
Elapsed Secs: 0.00023
Query: connect
Params: []

2015-08-02T22:28:09+07:00 INFO (6): 
Elapsed Secs: 0.00073
Query: DESCRIBE `bb_piutang`
Params: []

2015-08-02T22:28:09+07:00 INFO (6): 
Elapsed Secs: 0.00017
Query: connect
Params: []

2015-08-02T22:28:09+07:00 INFO (6): 
Elapsed Secs: 0.00023
Query: SELECT `bbp`.* FROM `bb_piutang` AS `bbp` WHERE (bbp.tanggal > '2015-08-01') AND (bbp.tanggal < '2015-08-29')
Params: []

2015-08-02T22:29:05+07:00 INFO (6): 
Elapsed Secs: 0.00109
Query: connect
Params: []

2015-08-02T22:29:05+07:00 INFO (6): 
Elapsed Secs: 0.00074
Query: DESCRIBE `bb_penerimaan_kas`
Params: []

2015-08-02T22:29:05+07:00 INFO (6): 
Elapsed Secs: 0.00026
Query: connect
Params: []

2015-08-02T22:29:05+07:00 INFO (6): 
Elapsed Secs: 0.0003
Query: SELECT `bbpk`.*, `cos`.`nama` FROM `bb_penerimaan_kas` AS `bbpk`
 INNER JOIN `pinjaman` AS `pin` ON pin.no_kontrak = bbpk.no_kontrak 
 INNER JOIN `costumer` AS `cos` ON cos.nik_costumer= pin.nik_costumer  WHERE (bbpk.tgl_bayar > '2015-08-01') AND (bbpk.tgl_bayar < '2015-08-29')
Params: []

2015-08-02T22:29:49+07:00 INFO (6): 
Elapsed Secs: 0.00023
Query: connect
Params: []

2015-08-02T22:29:49+07:00 INFO (6): 
Elapsed Secs: 0.00073
Query: DESCRIBE `bb_piutang`
Params: []

2015-08-02T22:29:49+07:00 INFO (6): 
Elapsed Secs: 0.00016
Query: connect
Params: []

2015-08-02T22:29:49+07:00 INFO (6): 
Elapsed Secs: 0.00016
Query: SELECT `bbp`.* FROM `bb_piutang` AS `bbp` WHERE (bbp.tanggal > '2015-08-01') AND (bbp.tanggal < '2015-08-29')
Params: []

2015-08-02T22:29:56+07:00 INFO (6): 
Elapsed Secs: 0.00105
Query: connect
Params: []

2015-08-02T22:29:56+07:00 INFO (6): 
Elapsed Secs: 0.00068
Query: DESCRIBE `bb_piutang`
Params: []

2015-08-02T22:29:56+07:00 INFO (6): 
Elapsed Secs: 0.00016
Query: connect
Params: []

2015-08-02T22:29:56+07:00 INFO (6): 
Elapsed Secs: 0.00016
Query: SELECT `bbp`.* FROM `bb_piutang` AS `bbp` WHERE (bbp.tanggal > '2015-07-30') AND (bbp.tanggal < '2015-08-29')
Params: []

2015-08-02T22:30:05+07:00 INFO (6): 
Elapsed Secs: 0.0002
Query: connect
Params: []

2015-08-02T22:30:05+07:00 INFO (6): 
Elapsed Secs: 0.00068
Query: DESCRIBE `bb_piutang`
Params: []

2015-08-02T22:30:05+07:00 INFO (6): 
Elapsed Secs: 0.00016
Query: connect
Params: []

2015-08-02T22:30:05+07:00 INFO (6): 
Elapsed Secs: 0.00016
Query: SELECT `bbp`.* FROM `bb_piutang` AS `bbp` WHERE (bbp.tanggal > '2015-08-01') AND (bbp.tanggal < '2015-08-28')
Params: []

2015-08-02T22:30:38+07:00 INFO (6): 
Elapsed Secs: 0.00028
Query: connect
Params: []

2015-08-02T22:30:38+07:00 INFO (6): 
Elapsed Secs: 0.0007
Query: DESCRIBE `bb_piutang`
Params: []

2015-08-02T22:30:38+07:00 INFO (6): 
Elapsed Secs: 0.0002
Query: connect
Params: []

2015-08-02T22:30:38+07:00 INFO (6): 
Elapsed Secs: 0.00018
Query: SELECT `bbp`.* FROM `bb_piutang` AS `bbp` WHERE (bbp.tanggal > '2015-07-31') AND (bbp.tanggal < '2015-08-29')
Params: []

2015-08-02T22:31:24+07:00 INFO (6): 
Elapsed Secs: 0.00112
Query: connect
Params: []

2015-08-02T22:31:24+07:00 INFO (6): 
Elapsed Secs: 0.00092
Query: DESCRIBE `bb_penerimaan_kas`
Params: []

2015-08-02T22:31:24+07:00 INFO (6): 
Elapsed Secs: 0.00023
Query: connect
Params: []

2015-08-02T22:31:24+07:00 INFO (6): 
Elapsed Secs: 0.00032
Query: SELECT `bbpk`.*, `cos`.`nama` FROM `bb_penerimaan_kas` AS `bbpk`
 INNER JOIN `pinjaman` AS `pin` ON pin.no_kontrak = bbpk.no_kontrak 
 INNER JOIN `costumer` AS `cos` ON cos.nik_costumer= pin.nik_costumer  WHERE (bbpk.tgl_bayar > '2015-07-31') AND (bbpk.tgl_bayar < '2015-08-28')
Params: []

2015-08-02T22:32:30+07:00 INFO (6): 
Elapsed Secs: 0.00027
Query: connect
Params: []

2015-08-02T22:32:30+07:00 INFO (6): 
Elapsed Secs: 0.0007
Query: DESCRIBE `bb_piutang`
Params: []

2015-08-02T22:32:30+07:00 INFO (6): 
Elapsed Secs: 0.00018
Query: connect
Params: []

2015-08-02T22:32:30+07:00 INFO (6): 
Elapsed Secs: 0.00015
Query: SELECT `bbp`.* FROM `bb_piutang` AS `bbp` WHERE (bbp.tanggal > '2015-08-01') AND (bbp.tanggal < '2015-08-22')
Params: []

2015-08-02T22:33:15+07:00 INFO (6): 
Elapsed Secs: 0.00022
Query: connect
Params: []

2015-08-02T22:33:15+07:00 INFO (6): 
Elapsed Secs: 0.00086
Query: DESCRIBE `bb_piutang`
Params: []

2015-08-02T22:33:15+07:00 INFO (6): 
Elapsed Secs: 0.00019
Query: connect
Params: []

2015-08-02T22:33:15+07:00 INFO (6): 
Elapsed Secs: 0.00019
Query: SELECT `bbp`.* FROM `bb_piutang` AS `bbp` WHERE (bbp.tanggal > '2015-08-01') AND (bbp.tanggal < '2015-08-22')
Params: []

2015-08-02T22:33:37+07:00 INFO (6): 
Elapsed Secs: 0.00024
Query: connect
Params: []

2015-08-02T22:33:37+07:00 INFO (6): 
Elapsed Secs: 0.00089
Query: DESCRIBE `bb_piutang`
Params: []

2015-08-02T22:33:37+07:00 INFO (6): 
Elapsed Secs: 0.00017
Query: connect
Params: []

2015-08-02T22:33:37+07:00 INFO (6): 
Elapsed Secs: 0.0002
Query: SELECT `bbp`.* FROM `bb_piutang` AS `bbp` WHERE (bbp.tanggal > '2015-08-01') AND (bbp.tanggal < '2015-08-22')
Params: []

2015-08-02T22:35:21+07:00 INFO (6): 
Elapsed Secs: 0.00337
Query: connect
Params: []

2015-08-02T22:35:21+07:00 INFO (6): 
Elapsed Secs: 0.00201
Query: DESCRIBE `bb_piutang`
Params: []

2015-08-02T22:35:21+07:00 INFO (6): 
Elapsed Secs: 0.00053
Query: connect
Params: []

2015-08-02T22:35:21+07:00 INFO (6): 
Elapsed Secs: 0.00022
Query: SELECT `bbp`.* FROM `bb_piutang` AS `bbp` WHERE (bbp.tanggal > '2015-08-01') AND (bbp.tanggal < '2015-08-22')
Params: []

2015-08-02T22:35:38+07:00 INFO (6): 
Elapsed Secs: 0.00025
Query: connect
Params: []

2015-08-02T22:35:38+07:00 INFO (6): 
Elapsed Secs: 0.00088
Query: DESCRIBE `bb_piutang`
Params: []

2015-08-02T22:35:38+07:00 INFO (6): 
Elapsed Secs: 0.00025
Query: connect
Params: []

2015-08-02T22:35:38+07:00 INFO (6): 
Elapsed Secs: 0.00032
Query: SELECT `bbp`.* FROM `bb_piutang` AS `bbp` WHERE (bbp.tanggal > '2015-08-01') AND (bbp.tanggal < '2015-08-22')
Params: []

2015-08-02T22:35:42+07:00 INFO (6): 
Elapsed Secs: 0.00101
Query: connect
Params: []

2015-08-02T22:35:42+07:00 INFO (6): 
Elapsed Secs: 0.00063
Query: DESCRIBE `bb_piutang`
Params: []

2015-08-02T22:35:42+07:00 INFO (6): 
Elapsed Secs: 0.00025
Query: connect
Params: []

2015-08-02T22:35:42+07:00 INFO (6): 
Elapsed Secs: 0.00021
Query: SELECT `bbp`.* FROM `bb_piutang` AS `bbp` WHERE (bbp.tanggal > '2015-08-01') AND (bbp.tanggal < '2015-08-22')
Params: []

2015-08-02T22:35:55+07:00 INFO (6): 
Elapsed Secs: 0.00151
Query: connect
Params: []

2015-08-02T22:35:55+07:00 INFO (6): 
Elapsed Secs: 0.00117
Query: DESCRIBE `bb_piutang`
Params: []

2015-08-02T22:35:55+07:00 INFO (6): 
Elapsed Secs: 0.00023
Query: connect
Params: []

2015-08-02T22:35:55+07:00 INFO (6): 
Elapsed Secs: 0.00023
Query: SELECT `bbp`.* FROM `bb_piutang` AS `bbp` WHERE (bbp.tanggal > '2015-08-01') AND (bbp.tanggal < '2015-08-22')
Params: []

2015-08-02T22:35:58+07:00 INFO (6): 
Elapsed Secs: 0.00109
Query: connect
Params: []

2015-08-02T22:35:58+07:00 INFO (6): 
Elapsed Secs: 0.00072
Query: DESCRIBE `bb_piutang`
Params: []

2015-08-02T22:35:58+07:00 INFO (6): 
Elapsed Secs: 0.00021
Query: connect
Params: []

2015-08-02T22:35:58+07:00 INFO (6): 
Elapsed Secs: 0.00018
Query: SELECT `bbp`.* FROM `bb_piutang` AS `bbp` WHERE (bbp.tanggal > '2015-08-01') AND (bbp.tanggal < '2015-08-22')
Params: []

2015-08-02T22:36:06+07:00 INFO (6): 
Elapsed Secs: 0.00024
Query: connect
Params: []

2015-08-02T22:36:06+07:00 INFO (6): 
Elapsed Secs: 0.00071
Query: DESCRIBE `costumer`
Params: []

2015-08-02T22:36:06+07:00 INFO (6): 
Elapsed Secs: 0.00017
Query: connect
Params: []

2015-08-02T22:36:06+07:00 INFO (6): 
Elapsed Secs: 0.00022
Query: SELECT `pinj`.`no_kontrak`, `pinj`.`lama_angsuran` FROM `costumer` AS `cos`
 INNER JOIN `pinjaman` AS `pinj` ON pinj.nik_costumer =  cos.nik_costumer
 INNER JOIN `kendaraan` AS `kend` ON kend.no_polisi = pinj.no_polisi
Params: []

2015-08-02T22:36:08+07:00 INFO (6): 
Elapsed Secs: 0.00027
Query: connect
Params: []

2015-08-02T22:36:08+07:00 INFO (6): 
Elapsed Secs: 0.00075
Query: DESCRIBE `costumer`
Params: []

2015-08-02T22:36:08+07:00 INFO (6): 
Elapsed Secs: 0.00024
Query: connect
Params: []

2015-08-02T22:36:08+07:00 INFO (6): 
Elapsed Secs: 0.00023
Query: SELECT `pinj`.`no_kontrak`, `pinj`.`lama_angsuran` FROM `costumer` AS `cos`
 INNER JOIN `pinjaman` AS `pinj` ON pinj.nik_costumer =  cos.nik_costumer
 INNER JOIN `kendaraan` AS `kend` ON kend.no_polisi = pinj.no_polisi
Params: []

2015-08-02T22:36:08+07:00 INFO (6): 
Elapsed Secs: 0.00022
Query: SELECT `cab`.`cabang`, `pinj`.`no_kontrak`, `cos`.`nama`, `kend`.`no_polisi`, `pinj`.`angsuran_perbulan`, `pinj`.`tanggal_jatuh_tempo` FROM `costumer` AS `cos`
 INNER JOIN `pinjaman` AS `pinj` ON pinj.nik_costumer =  cos.nik_costumer
 INNER JOIN `kendaraan` AS `kend` ON kend.no_polisi = pinj.no_polisi
 INNER JOIN `cabang` AS `cab` ON cab.id_cabang = cos.id_cabang WHERE (pinj.no_kontrak = '29-MD-00162-15') GROUP BY `pinj`.`no_kontrak`
Params: []

2015-08-02T22:36:08+07:00 INFO (6): 
Elapsed Secs: 0.00066
Query: DESCRIBE `pembayaran`
Params: []

2015-08-02T22:36:08+07:00 INFO (6): 
Elapsed Secs: 0.00018
Query: SELECT `pemb`.`angsuran_ke` FROM `pembayaran` AS `pemb` WHERE (no_kontrak = '29-MD-00162-15' ) ORDER BY `id_pembayaran` desc
Params: []

2015-08-02T22:36:08+07:00 INFO (6): 
Elapsed Secs: 0.00022
Query: SELECT `cos`.`nama`, `cos`.`nik_costumer`, `pemb`.`angsuran_ke`, `pemb`.`tanggal_pembayaran`, `pinj`.`no_kontrak`, `pinj`.`nilai_pinjaman`, `pinj`.`angsuran_perbulan`, `pinj`.`lama_angsuran` FROM `pembayaran` AS `pemb`
 INNER JOIN `pinjaman` AS `pinj` ON pinj.no_kontrak = pemb.no_kontrak
 INNER JOIN `costumer` AS `cos` ON pinj.nik_costumer = cos.nik_costumer WHERE (pemb.no_kontrak = '29-MD-00162-15') ORDER BY `id_pembayaran` desc
Params: []

2015-08-02T22:36:08+07:00 INFO (6): 
Elapsed Secs: 0.00015
Query: SELECT `pembayaran`.`id_pembayaran` FROM `pembayaran` ORDER BY `id_pembayaran` desc
Params: []

2015-08-02T22:36:16+07:00 INFO (6): 
Elapsed Secs: 0.00154
Query: connect
Params: []

2015-08-02T22:36:16+07:00 INFO (6): 
Elapsed Secs: 0.00072
Query: DESCRIBE `bb_piutang`
Params: []

2015-08-02T22:36:16+07:00 INFO (6): 
Elapsed Secs: 0.00014
Query: connect
Params: []

2015-08-02T22:36:16+07:00 INFO (6): 
Elapsed Secs: 0.00014
Query: SELECT `bbp`.* FROM `bb_piutang` AS `bbp` WHERE (bbp.tanggal > '2015-08-04') AND (bbp.tanggal < '2015-08-29')
Params: []

2015-08-02T22:36:20+07:00 INFO (6): 
Elapsed Secs: 0.00029
Query: connect
Params: []

2015-08-02T22:36:20+07:00 INFO (6): 
Elapsed Secs: 0.00115
Query: DESCRIBE `costumer`
Params: []

2015-08-02T22:36:20+07:00 INFO (6): 
Elapsed Secs: 0.00022
Query: connect
Params: []

2015-08-02T22:36:20+07:00 INFO (6): 
Elapsed Secs: 0.00027
Query: SELECT `pinj`.`no_kontrak`, `pinj`.`lama_angsuran` FROM `costumer` AS `cos`
 INNER JOIN `pinjaman` AS `pinj` ON pinj.nik_costumer =  cos.nik_costumer
 INNER JOIN `kendaraan` AS `kend` ON kend.no_polisi = pinj.no_polisi
Params: []

2015-08-02T22:36:27+07:00 INFO (6): 
Elapsed Secs: 0.00022
Query: connect
Params: []

2015-08-02T22:36:27+07:00 INFO (6): 
Elapsed Secs: 0.00068
Query: DESCRIBE `bb_penerimaan_kas`
Params: []

2015-08-02T22:36:27+07:00 INFO (6): 
Elapsed Secs: 0.00016
Query: connect
Params: []

2015-08-02T22:36:27+07:00 INFO (6): 
Elapsed Secs: 0.00025
Query: SELECT `bbpk`.*, `cos`.`nama` FROM `bb_penerimaan_kas` AS `bbpk`
 INNER JOIN `pinjaman` AS `pin` ON pin.no_kontrak = bbpk.no_kontrak 
 INNER JOIN `costumer` AS `cos` ON cos.nik_costumer= pin.nik_costumer  WHERE (bbpk.tgl_bayar > '2015-08-01') AND (bbpk.tgl_bayar < '2015-08-29')
Params: []

2015-08-02T22:36:31+07:00 INFO (6): 
Elapsed Secs: 0.00026
Query: connect
Params: []

2015-08-02T22:36:31+07:00 INFO (6): 
Elapsed Secs: 0.00073
Query: DESCRIBE `bb_penerimaan_kas`
Params: []

2015-08-02T22:36:31+07:00 INFO (6): 
Elapsed Secs: 0.00019
Query: connect
Params: []

2015-08-02T22:36:31+07:00 INFO (6): 
Elapsed Secs: 0.00022
Query: SELECT `bbpk`.*, `cos`.`nama` FROM `bb_penerimaan_kas` AS `bbpk`
 INNER JOIN `pinjaman` AS `pin` ON pin.no_kontrak = bbpk.no_kontrak 
 INNER JOIN `costumer` AS `cos` ON cos.nik_costumer= pin.nik_costumer  WHERE (bbpk.tgl_bayar > '2015-08-01') AND (bbpk.tgl_bayar < '2015-08-29')
Params: []

2015-08-02T22:39:10+07:00 INFO (6): 
Elapsed Secs: 0.00023
Query: connect
Params: []

2015-08-02T22:39:10+07:00 INFO (6): 
Elapsed Secs: 0.04184
Query: UPDATE `user_login` SET `status` = ? WHERE (id_user ='19')
Params: {"1":0}

2015-08-02T22:39:15+07:00 INFO (6): 
Elapsed Secs: 0.00027
Query: connect
Params: []

2015-08-02T22:39:15+07:00 INFO (6): 
Elapsed Secs: 0.00074
Query: DESCRIBE `user`
Params: []

2015-08-02T22:39:15+07:00 INFO (6): 
Elapsed Secs: 0.00018
Query: connect
Params: []

2015-08-02T22:39:15+07:00 INFO (6): 
Elapsed Secs: 0.00022
Query: SELECT `user`.*, `cabang`.* FROM `user`
 INNER JOIN `cabang` ON cabang.id_cabang = user.id_cabang WHERE (user.username = 'admin') AND (user.password = 'd033e22ae348aeb5660fc2140aec35850c4da997')
Params: []

2015-08-02T22:39:15+07:00 INFO (6): 
Elapsed Secs: 0.00016
Query: SELECT `user`.*, `user_login`.*, `cabang`.* FROM `user`
 INNER JOIN `user_login` ON user_login.id_user = user.id_user
 INNER JOIN `cabang` ON cabang.id_cabang = user.id_cabang WHERE (user.id_user = '16')
Params: []

2015-08-02T22:39:15+07:00 INFO (6): 
Elapsed Secs: 0.0931
Query: UPDATE `user_login` SET `status` = ?, `login_time` = NOW(), `ip_login` = ?, `last_login` = ? WHERE (id_user = '16')
Params: {"1":1,"2":"127.0.0.1","3":"2015-08-02 20:24:46"}

2015-08-02T22:39:15+07:00 INFO (6): 
Elapsed Secs: 0.0003
Query: SELECT `user`.*, `user_login`.*, `cabang`.* FROM `user`
 INNER JOIN `user_login` ON user_login.id_user = user.id_user
 INNER JOIN `cabang` ON cabang.id_cabang = user.id_cabang WHERE (user.id_user = '16')
Params: []

2015-08-02T22:39:21+07:00 INFO (6): 
Elapsed Secs: 0.00032
Query: connect
Params: []

2015-08-02T22:39:21+07:00 INFO (6): 
Elapsed Secs: 0.00108
Query: DESCRIBE `cabang`
Params: []

2015-08-02T22:39:21+07:00 INFO (6): 
Elapsed Secs: 0.00029
Query: connect
Params: []

2015-08-02T22:39:21+07:00 INFO (6): 
Elapsed Secs: 0.00024
Query: SELECT `cabang`.* FROM `cabang` ORDER BY `id_cabang` desc
Params: []

2015-08-02T22:44:14+07:00 INFO (6): 
Elapsed Secs: 0.00116
Query: connect
Params: []

2015-08-02T22:44:14+07:00 INFO (6): 
Elapsed Secs: 0.00072
Query: DESCRIBE `cabang`
Params: []

2015-08-02T22:44:14+07:00 INFO (6): 
Elapsed Secs: 0.00016
Query: connect
Params: []

2015-08-02T22:44:14+07:00 INFO (6): 
Elapsed Secs: 0.00015
Query: SELECT `cabang`.* FROM `cabang` ORDER BY `id_cabang` desc
Params: []

2015-08-02T22:45:32+07:00 INFO (6): 
Elapsed Secs: 0.00029
Query: connect
Params: []

2015-08-02T22:45:32+07:00 INFO (6): 
Elapsed Secs: 0.00089
Query: DESCRIBE `cabang`
Params: []

2015-08-02T22:45:32+07:00 INFO (6): 
Elapsed Secs: 0.00029
Query: connect
Params: []

2015-08-02T22:45:32+07:00 INFO (6): 
Elapsed Secs: 0.00018
Query: SELECT `cabang`.`id_cabang` FROM `cabang` ORDER BY `id_cabang` desc
Params: []

2015-08-02T22:46:28+07:00 INFO (6): 
Elapsed Secs: 0.00121
Query: connect
Params: []

2015-08-02T22:46:28+07:00 INFO (6): 
Elapsed Secs: 0.00071
Query: DESCRIBE `cabang`
Params: []

2015-08-02T22:46:28+07:00 INFO (6): 
Elapsed Secs: 0.00021
Query: connect
Params: []

2015-08-02T22:46:28+07:00 INFO (6): 
Elapsed Secs: 0.00014
Query: SELECT `cabang`.`id_cabang` FROM `cabang` ORDER BY `id_cabang` desc
Params: []

2015-08-02T22:46:56+07:00 INFO (6): 
Elapsed Secs: 0.00104
Query: connect
Params: []

2015-08-02T22:46:56+07:00 INFO (6): 
Elapsed Secs: 0.00081
Query: DESCRIBE `cabang`
Params: []

2015-08-02T22:46:56+07:00 INFO (6): 
Elapsed Secs: 0.00025
Query: connect
Params: []

2015-08-02T22:46:56+07:00 INFO (6): 
Elapsed Secs: 0.00017
Query: SELECT `cabang`.`id_cabang` FROM `cabang` ORDER BY `id_cabang` desc
Params: []

2015-08-02T22:47:56+07:00 INFO (6): 
Elapsed Secs: 0.00023
Query: connect
Params: []

2015-08-02T22:47:56+07:00 INFO (6): 
Elapsed Secs: 0.00089
Query: DESCRIBE `cabang`
Params: []

2015-08-02T22:47:56+07:00 INFO (6): 
Elapsed Secs: 0.00019
Query: connect
Params: []

2015-08-02T22:47:56+07:00 INFO (6): 
Elapsed Secs: 0.00015
Query: SELECT `cabang`.`id_cabang` FROM `cabang` ORDER BY `id_cabang` desc
Params: []

2015-08-02T22:48:10+07:00 INFO (6): 
Elapsed Secs: 0.00111
Query: connect
Params: []

2015-08-02T22:48:10+07:00 INFO (6): 
Elapsed Secs: 0.00067
Query: DESCRIBE `cabang`
Params: []

2015-08-02T22:48:10+07:00 INFO (6): 
Elapsed Secs: 0.00024
Query: connect
Params: []

2015-08-02T22:48:10+07:00 INFO (6): 
Elapsed Secs: 0.00013
Query: SELECT `cabang`.`id_cabang` FROM `cabang` ORDER BY `id_cabang` desc
Params: []

2015-08-02T22:48:13+07:00 INFO (6): 
Elapsed Secs: 0.00029
Query: connect
Params: []

2015-08-02T22:48:13+07:00 INFO (6): 
Elapsed Secs: 0.0008
Query: DESCRIBE `cabang`
Params: []

2015-08-02T22:48:13+07:00 INFO (6): 
Elapsed Secs: 0.0002
Query: connect
Params: []

2015-08-02T22:48:13+07:00 INFO (6): 
Elapsed Secs: 0.00014
Query: SELECT `cabang`.`id_cabang` FROM `cabang` ORDER BY `id_cabang` desc
Params: []

2015-08-02T22:48:34+07:00 INFO (6): 
Elapsed Secs: 0.00107
Query: connect
Params: []

2015-08-02T22:48:34+07:00 INFO (6): 
Elapsed Secs: 0.00075
Query: DESCRIBE `cabang`
Params: []

2015-08-02T22:48:34+07:00 INFO (6): 
Elapsed Secs: 0.00035
Query: connect
Params: []

2015-08-02T22:48:34+07:00 INFO (6): 
Elapsed Secs: 0.00036
Query: SELECT `cabang`.`id_cabang` FROM `cabang` ORDER BY `id_cabang` desc
Params: []

2015-08-02T22:48:52+07:00 INFO (6): 
Elapsed Secs: 0.00023
Query: connect
Params: []

2015-08-02T22:48:52+07:00 INFO (6): 
Elapsed Secs: 0.0007
Query: DESCRIBE `cabang`
Params: []

2015-08-02T22:49:53+07:00 INFO (6): 
Elapsed Secs: 0.00026
Query: connect
Params: []

2015-08-02T22:49:53+07:00 INFO (6): 
Elapsed Secs: 0.00083
Query: DESCRIBE `cabang`
Params: []

2015-08-02T22:49:53+07:00 INFO (6): 
Elapsed Secs: 0.00021
Query: connect
Params: []

2015-08-02T22:49:53+07:00 INFO (6): 
Elapsed Secs: 0.00014
Query: SELECT `cabang`.`id_cabang` FROM `cabang` ORDER BY `id_cabang` desc
Params: []

2015-08-02T22:50:37+07:00 INFO (6): 
Elapsed Secs: 0.00028
Query: connect
Params: []

2015-08-02T22:50:37+07:00 INFO (6): 
Elapsed Secs: 0.00114
Query: DESCRIBE `cabang`
Params: []

2015-08-02T22:50:38+07:00 INFO (6): 
Elapsed Secs: 0.08909
Query: INSERT INTO `cabang` (`id_cabang`, `cabang`, `kepala_cabang`, `provinsi`, `kota`, `kecamatan`, `alamat`, `kode_pos`) VALUES (?, ?, ?, ?, ?, ?, ?, ?)
Params: {"1":"030","2":"Kota Bumi","3":"Kota Bumi","4":"Kota Bumi","5":"Kota Bumi","6":"Kota Bumi","7":"Kota Bumi","8":"1234"}

2015-08-02T22:50:38+07:00 INFO (6): 
Elapsed Secs: 0.00044
Query: connect
Params: []

2015-08-02T22:50:38+07:00 INFO (6): 
Elapsed Secs: 0.0017
Query: DESCRIBE `cabang`
Params: []

2015-08-02T22:50:38+07:00 INFO (6): 
Elapsed Secs: 0.00035
Query: connect
Params: []

2015-08-02T22:50:38+07:00 INFO (6): 
Elapsed Secs: 0.0003
Query: SELECT `cabang`.* FROM `cabang` ORDER BY `id_cabang` desc
Params: []

2015-08-02T22:51:15+07:00 INFO (6): 
Elapsed Secs: 0.00174
Query: connect
Params: []

2015-08-02T22:51:15+07:00 INFO (6): 
Elapsed Secs: 0.00106
Query: DESCRIBE `user`
Params: []

2015-08-02T22:51:15+07:00 INFO (6): 
Elapsed Secs: 0.00029
Query: connect
Params: []

2015-08-02T22:51:15+07:00 INFO (6): 
Elapsed Secs: 0.00109
Query: SELECT `user`.*, `cb`.*, `cb`.`cabang` FROM `user`
 INNER JOIN `cabang` AS `cb` ON cb.id_cabang =user.id_cabang  WHERE (level != 'superadmin') ORDER BY `id_user` desc
Params: []

2015-08-02T22:51:18+07:00 INFO (6): 
Elapsed Secs: 0.00021
Query: connect
Params: []

2015-08-02T22:51:18+07:00 INFO (6): 
Elapsed Secs: 0.00068
Query: DESCRIBE `cabang`
Params: []

2015-08-02T22:51:18+07:00 INFO (6): 
Elapsed Secs: 0.00015
Query: connect
Params: []

2015-08-02T22:51:18+07:00 INFO (6): 
Elapsed Secs: 0.00014
Query: SELECT `cabang`.* FROM `cabang` ORDER BY `id_cabang` desc
Params: []

2015-08-02T22:51:57+07:00 INFO (6): 
Elapsed Secs: 0.00027
Query: connect
Params: []

2015-08-02T22:51:57+07:00 INFO (6): 
Elapsed Secs: 0.00071
Query: DESCRIBE `user`
Params: []

2015-08-02T22:51:57+07:00 INFO (6): 
Elapsed Secs: 0.08236
Query: INSERT INTO `user` (`realname`, `Username`, `Password`, `level`, `id_cabang`, `create_at`) VALUES (?, ?, ?, ?, ?, ?)
Params: {"1":"Sri Rohayati","2":"kotabumi","3":"d033e22ae348aeb5660fc2140aec35850c4da997","4":"admin","5":"030","6":"2015-08-02"}

2015-08-02T22:51:57+07:00 INFO (6): 
Elapsed Secs: 0.00033
Query: connect
Params: []

2015-08-02T22:51:57+07:00 INFO (6): 
Elapsed Secs: 0.00096
Query: DESCRIBE `user`
Params: []

2015-08-02T22:51:57+07:00 INFO (6): 
Elapsed Secs: 0.00023
Query: connect
Params: []

2015-08-02T22:51:57+07:00 INFO (6): 
Elapsed Secs: 0.00097
Query: SELECT `user`.*, `cb`.*, `cb`.`cabang` FROM `user`
 INNER JOIN `cabang` AS `cb` ON cb.id_cabang =user.id_cabang  WHERE (level != 'superadmin') ORDER BY `id_user` desc
Params: []

2015-08-02T22:52:00+07:00 INFO (6): 
Elapsed Secs: 0.00031
Query: connect
Params: []

2015-08-02T22:52:00+07:00 INFO (6): 
Elapsed Secs: 0.02966
Query: UPDATE `user_login` SET `status` = ? WHERE (id_user ='16')
Params: {"1":0}

2015-08-02T22:52:04+07:00 INFO (6): 
Elapsed Secs: 0.00029
Query: connect
Params: []

2015-08-02T22:52:04+07:00 INFO (6): 
Elapsed Secs: 0.00062
Query: DESCRIBE `user`
Params: []

2015-08-02T22:52:04+07:00 INFO (6): 
Elapsed Secs: 0.00016
Query: connect
Params: []

2015-08-02T22:52:04+07:00 INFO (6): 
Elapsed Secs: 0.00025
Query: SELECT `user`.*, `cabang`.* FROM `user`
 INNER JOIN `cabang` ON cabang.id_cabang = user.id_cabang WHERE (user.username = 'kotabumi') AND (user.password = 'd033e22ae348aeb5660fc2140aec35850c4da997')
Params: []

2015-08-02T22:52:04+07:00 INFO (6): 
Elapsed Secs: 0.00023
Query: SELECT `user`.*, `user_login`.*, `cabang`.* FROM `user`
 INNER JOIN `user_login` ON user_login.id_user = user.id_user
 INNER JOIN `cabang` ON cabang.id_cabang = user.id_cabang WHERE (user.id_user = '20')
Params: []

2015-08-02T22:52:04+07:00 INFO (6): 
Elapsed Secs: 0.00051
Query: DESCRIBE `user_login`
Params: []

2015-08-02T22:52:04+07:00 INFO (6): 
Elapsed Secs: 0.07569
Query: INSERT INTO `user_login` (`id_user`, `last_login`, `login_time`, `ip_login`, `status`) VALUES (?, NOW(), NOW(), ?, ?)
Params: {"1":"20","2":"127.0.0.1","3":1}

2015-08-02T22:52:04+07:00 INFO (6): 
Elapsed Secs: 0.00033
Query: SELECT `user`.*, `user_login`.*, `cabang`.* FROM `user`
 INNER JOIN `user_login` ON user_login.id_user = user.id_user
 INNER JOIN `cabang` ON cabang.id_cabang = user.id_cabang WHERE (user.id_user = '20')
Params: []

2015-08-02T22:52:07+07:00 INFO (6): 
Elapsed Secs: 0.00027
Query: connect
Params: []

2015-08-02T22:52:07+07:00 INFO (6): 
Elapsed Secs: 0.00093
Query: DESCRIBE `costumer`
Params: []

2015-08-02T22:52:07+07:00 INFO (6): 
Elapsed Secs: 0.00032
Query: SELECT `cos`.`nik_costumer`, `cos`.`nama`, `cos`.`alamat`, `cos`.`jenis_kelamin`, `cos`.`tempat_lahir`, `cos`.`tanggal_lahir`, `cos`.`nama_ibu`, `cos`.`agama`, `cos`.`status`, `cos`.`pekerjaan`, `cos`.`alamat_tempat_kerja`, `cos`.`hp`, `cos`.`telpon`, `us`.`realname` FROM `costumer` AS `cos`
 INNER JOIN `user` AS `us` ON cos.id_user=us.id_user
 INNER JOIN `cabang` AS `cb` ON us.id_cabang = cb.id_cabang WHERE (cos.id_user = '20')
Params: []

2015-08-02T22:52:17+07:00 INFO (6): 
Elapsed Secs: 0.00021
Query: connect
Params: []

2015-08-02T22:52:17+07:00 INFO (6): 
Elapsed Secs: 0.00069
Query: DESCRIBE `costumer`
Params: []

2015-08-02T22:52:17+07:00 INFO (6): 
Elapsed Secs: 0.00024
Query: SELECT `cos`.`nik_costumer`, `cos`.`nama`, `cos`.`alamat`, `cos`.`jenis_kelamin`, `cos`.`tempat_lahir`, `cos`.`tanggal_lahir`, `cos`.`nama_ibu`, `cos`.`agama`, `cos`.`status`, `cos`.`pekerjaan`, `cos`.`alamat_tempat_kerja`, `cos`.`hp`, `cos`.`telpon`, `us`.`realname` FROM `costumer` AS `cos`
 INNER JOIN `user` AS `us` ON cos.id_user=us.id_user
 INNER JOIN `cabang` AS `cb` ON us.id_cabang = cb.id_cabang WHERE (cos.id_user = '20')
Params: []

2015-08-02T22:52:32+07:00 INFO (6): 
Elapsed Secs: 0.00026
Query: connect
Params: []

2015-08-02T22:52:32+07:00 INFO (6): 
Elapsed Secs: 0.00078
Query: DESCRIBE `costumer`
Params: []

2015-08-02T22:52:32+07:00 INFO (6): 
Elapsed Secs: 0.00068
Query: SELECT `cos`.`nik_costumer`, `cos`.`nama`, `cos`.`alamat`, `cos`.`jenis_kelamin`, `cos`.`tempat_lahir`, `cos`.`tanggal_lahir`, `cos`.`nama_ibu`, `cos`.`agama`, `cos`.`status`, `cos`.`pekerjaan`, `cos`.`alamat_tempat_kerja`, `cos`.`hp`, `cos`.`telpon`, `us`.`realname` FROM `costumer` AS `cos`
 INNER JOIN `user` AS `us` ON cos.id_user=us.id_user
 INNER JOIN `cabang` AS `cb` ON us.id_cabang = cb.id_cabang WHERE (cos.id_user = '20')
Params: []

2015-08-02T22:52:43+07:00 INFO (6): 
Elapsed Secs: 0.00052
Query: connect
Params: []

2015-08-02T22:52:43+07:00 INFO (6): 
Elapsed Secs: 0.00139
Query: DESCRIBE `costumer`
Params: []

2015-08-02T22:52:43+07:00 INFO (6): 
Elapsed Secs: 0.00032
Query: SELECT `cos`.`nik_costumer`, `cos`.`nama`, `cos`.`alamat`, `cos`.`jenis_kelamin`, `cos`.`tempat_lahir`, `cos`.`tanggal_lahir`, `cos`.`nama_ibu`, `cos`.`agama`, `cos`.`status`, `cos`.`pekerjaan`, `cos`.`alamat_tempat_kerja`, `cos`.`hp`, `cos`.`telpon`, `us`.`realname` FROM `costumer` AS `cos`
 INNER JOIN `user` AS `us` ON cos.id_user=us.id_user
 INNER JOIN `cabang` AS `cb` ON us.id_cabang = cb.id_cabang WHERE (cos.id_user = '20')
Params: []

2015-08-02T22:52:56+07:00 INFO (6): 
Elapsed Secs: 0.00022
Query: connect
Params: []

2015-08-02T22:52:56+07:00 INFO (6): 
Elapsed Secs: 0.00074
Query: DESCRIBE `costumer`
Params: []

2015-08-02T22:52:56+07:00 INFO (6): 
Elapsed Secs: 0.00021
Query: SELECT `cos`.`nik_costumer`, `cos`.`nama`, `cos`.`alamat`, `cos`.`jenis_kelamin`, `cos`.`tempat_lahir`, `cos`.`tanggal_lahir`, `cos`.`nama_ibu`, `cos`.`agama`, `cos`.`status`, `cos`.`pekerjaan`, `cos`.`alamat_tempat_kerja`, `cos`.`hp`, `cos`.`telpon`, `us`.`realname` FROM `costumer` AS `cos`
 INNER JOIN `user` AS `us` ON cos.id_user=us.id_user
 INNER JOIN `cabang` AS `cb` ON us.id_cabang = cb.id_cabang WHERE (cos.id_user = '20')
Params: []

2015-08-02T22:52:59+07:00 INFO (6): 
Elapsed Secs: 0.00027
Query: connect
Params: []

2015-08-02T22:52:59+07:00 INFO (6): 
Elapsed Secs: 0.00077
Query: DESCRIBE `costumer`
Params: []

2015-08-02T22:52:59+07:00 INFO (6): 
Elapsed Secs: 0.00027
Query: SELECT `cos`.`nik_costumer`, `cos`.`nama`, `cos`.`alamat`, `cos`.`jenis_kelamin`, `cos`.`tempat_lahir`, `cos`.`tanggal_lahir`, `cos`.`nama_ibu`, `cos`.`agama`, `cos`.`status`, `cos`.`pekerjaan`, `cos`.`alamat_tempat_kerja`, `cos`.`hp`, `cos`.`telpon`, `us`.`realname` FROM `costumer` AS `cos`
 INNER JOIN `user` AS `us` ON cos.id_user=us.id_user
 INNER JOIN `cabang` AS `cb` ON us.id_cabang = cb.id_cabang WHERE (cos.id_user = '20')
Params: []

2015-08-02T22:53:03+07:00 INFO (6): 
Elapsed Secs: 0.00024
Query: connect
Params: []

2015-08-02T22:53:03+07:00 INFO (6): 
Elapsed Secs: 0.0009
Query: DESCRIBE `costumer`
Params: []

2015-08-02T22:53:03+07:00 INFO (6): 
Elapsed Secs: 0.00028
Query: SELECT `cos`.`nik_costumer`, `cos`.`nama`, `cos`.`alamat`, `cos`.`jenis_kelamin`, `cos`.`tempat_lahir`, `cos`.`tanggal_lahir`, `cos`.`nama_ibu`, `cos`.`agama`, `cos`.`status`, `cos`.`pekerjaan`, `cos`.`alamat_tempat_kerja`, `cos`.`hp`, `cos`.`telpon`, `us`.`realname` FROM `costumer` AS `cos`
 INNER JOIN `user` AS `us` ON cos.id_user=us.id_user
 INNER JOIN `cabang` AS `cb` ON us.id_cabang = cb.id_cabang WHERE (cos.id_user = '20')
Params: []

2015-08-02T22:53:30+07:00 INFO (6): 
Elapsed Secs: 0.00022
Query: connect
Params: []

2015-08-02T22:53:30+07:00 INFO (6): 
Elapsed Secs: 0.00078
Query: DESCRIBE `costumer`
Params: []

2015-08-02T22:53:30+07:00 INFO (6): 
Elapsed Secs: 0.00021
Query: SELECT `cos`.`nik_costumer`, `cos`.`nama`, `cos`.`alamat`, `cos`.`jenis_kelamin`, `cos`.`tempat_lahir`, `cos`.`tanggal_lahir`, `cos`.`nama_ibu`, `cos`.`agama`, `cos`.`status`, `cos`.`pekerjaan`, `cos`.`alamat_tempat_kerja`, `cos`.`hp`, `cos`.`telpon`, `us`.`realname` FROM `costumer` AS `cos`
 INNER JOIN `user` AS `us` ON cos.id_user=us.id_user
 INNER JOIN `cabang` AS `cb` ON us.id_cabang = cb.id_cabang WHERE (cos.id_user = '20')
Params: []

2015-08-02T22:54:29+07:00 INFO (6): 
Elapsed Secs: 0.00115
Query: connect
Params: []

2015-08-02T22:54:29+07:00 INFO (6): 
Elapsed Secs: 0.00085
Query: DESCRIBE `costumer`
Params: []

2015-08-02T22:54:29+07:00 INFO (6): 
Elapsed Secs: 0.00027
Query: SELECT `cos`.`nik_costumer`, `cos`.`nama`, `cos`.`alamat`, `cos`.`jenis_kelamin`, `cos`.`tempat_lahir`, `cos`.`tanggal_lahir`, `cos`.`nama_ibu`, `cos`.`agama`, `cos`.`status`, `cos`.`pekerjaan`, `cos`.`alamat_tempat_kerja`, `cos`.`hp`, `cos`.`telpon`, `us`.`realname` FROM `costumer` AS `cos`
 INNER JOIN `user` AS `us` ON cos.id_user=us.id_user
 INNER JOIN `cabang` AS `cb` ON us.id_cabang = cb.id_cabang WHERE (cos.id_user = '20')
Params: []

2015-08-02T22:54:44+07:00 INFO (6): 
Elapsed Secs: 0.00196
Query: connect
Params: []

2015-08-02T22:54:44+07:00 INFO (6): 
Elapsed Secs: 0.00129
Query: DESCRIBE `costumer`
Params: []

2015-08-02T22:54:44+07:00 INFO (6): 
Elapsed Secs: 0.00041
Query: SELECT `cos`.`nik_costumer`, `cos`.`nama`, `cos`.`alamat`, `cos`.`jenis_kelamin`, `cos`.`tempat_lahir`, `cos`.`tanggal_lahir`, `cos`.`nama_ibu`, `cos`.`agama`, `cos`.`status`, `cos`.`pekerjaan`, `cos`.`alamat_tempat_kerja`, `cos`.`hp`, `cos`.`telpon`, `us`.`realname` FROM `costumer` AS `cos`
 INNER JOIN `user` AS `us` ON cos.id_user=us.id_user
 INNER JOIN `cabang` AS `cb` ON us.id_cabang = cb.id_cabang WHERE (cos.id_user = '20')
Params: []

2015-08-02T22:55:34+07:00 INFO (6): 
Elapsed Secs: 0.00106
Query: connect
Params: []

2015-08-02T22:55:34+07:00 INFO (6): 
Elapsed Secs: 0.00073
Query: DESCRIBE `costumer`
Params: []

2015-08-02T22:55:34+07:00 INFO (6): 
Elapsed Secs: 0.00028
Query: SELECT `cos`.`nik_costumer`, `cos`.`nama`, `cos`.`alamat`, `cos`.`jenis_kelamin`, `cos`.`tempat_lahir`, `cos`.`tanggal_lahir`, `cos`.`nama_ibu`, `cos`.`agama`, `cos`.`status`, `cos`.`pekerjaan`, `cos`.`alamat_tempat_kerja`, `cos`.`hp`, `cos`.`telpon`, `us`.`realname` FROM `costumer` AS `cos`
 INNER JOIN `user` AS `us` ON cos.id_user=us.id_user
 INNER JOIN `cabang` AS `cb` ON us.id_cabang = cb.id_cabang WHERE (cos.id_user = '20')
Params: []

2015-08-02T22:55:52+07:00 INFO (6): 
Elapsed Secs: 0.00024
Query: connect
Params: []

2015-08-02T22:55:52+07:00 INFO (6): 
Elapsed Secs: 0.0008
Query: DESCRIBE `costumer`
Params: []

2015-08-02T22:55:52+07:00 INFO (6): 
Elapsed Secs: 0.0003
Query: SELECT `cos`.`nik_costumer`, `cos`.`nama`, `cos`.`alamat`, `cos`.`jenis_kelamin`, `cos`.`tempat_lahir`, `cos`.`tanggal_lahir`, `cos`.`nama_ibu`, `cos`.`agama`, `cos`.`status`, `cos`.`pekerjaan`, `cos`.`alamat_tempat_kerja`, `cos`.`hp`, `cos`.`telpon`, `us`.`realname` FROM `costumer` AS `cos`
 INNER JOIN `user` AS `us` ON cos.id_user=us.id_user
 INNER JOIN `cabang` AS `cb` ON us.id_cabang = cb.id_cabang WHERE (cos.id_user = '20')
Params: []

2015-08-02T22:57:22+07:00 INFO (6): 
Elapsed Secs: 0.00019
Query: connect
Params: []

2015-08-02T22:57:22+07:00 INFO (6): 
Elapsed Secs: 0.00069
Query: DESCRIBE `costumer`
Params: []

2015-08-02T22:57:22+07:00 INFO (6): 
Elapsed Secs: 0.00027
Query: SELECT `cos`.`nik_costumer`, `cos`.`nama`, `cos`.`alamat`, `cos`.`jenis_kelamin`, `cos`.`tempat_lahir`, `cos`.`tanggal_lahir`, `cos`.`nama_ibu`, `cos`.`agama`, `cos`.`status`, `cos`.`pekerjaan`, `cos`.`alamat_tempat_kerja`, `cos`.`hp`, `cos`.`telpon`, `us`.`realname` FROM `costumer` AS `cos`
 INNER JOIN `user` AS `us` ON cos.id_user=us.id_user
 INNER JOIN `cabang` AS `cb` ON us.id_cabang = cb.id_cabang WHERE (cos.id_user = '20')
Params: []

2015-08-02T22:58:07+07:00 INFO (6): 
Elapsed Secs: 0.00021
Query: connect
Params: []

2015-08-02T22:58:07+07:00 INFO (6): 
Elapsed Secs: 0.00068
Query: DESCRIBE `costumer`
Params: []

2015-08-02T22:58:07+07:00 INFO (6): 
Elapsed Secs: 0.00028
Query: SELECT `cos`.`nik_costumer`, `cos`.`nama`, `cos`.`alamat`, `cos`.`jenis_kelamin`, `cos`.`tempat_lahir`, `cos`.`tanggal_lahir`, `cos`.`nama_ibu`, `cos`.`agama`, `cos`.`status`, `cos`.`pekerjaan`, `cos`.`alamat_tempat_kerja`, `cos`.`hp`, `cos`.`telpon`, `us`.`realname` FROM `costumer` AS `cos`
 INNER JOIN `user` AS `us` ON cos.id_user=us.id_user
 INNER JOIN `cabang` AS `cb` ON us.id_cabang = cb.id_cabang WHERE (cos.id_user = '20')
Params: []

2015-08-02T22:58:31+07:00 INFO (6): 
Elapsed Secs: 0.0002
Query: connect
Params: []

2015-08-02T22:58:31+07:00 INFO (6): 
Elapsed Secs: 0.00081
Query: DESCRIBE `costumer`
Params: []

2015-08-02T22:58:31+07:00 INFO (6): 
Elapsed Secs: 0.00029
Query: SELECT `cos`.`nik_costumer`, `cos`.`nama`, `cos`.`alamat`, `cos`.`jenis_kelamin`, `cos`.`tempat_lahir`, `cos`.`tanggal_lahir`, `cos`.`nama_ibu`, `cos`.`agama`, `cos`.`status`, `cos`.`pekerjaan`, `cos`.`alamat_tempat_kerja`, `cos`.`hp`, `cos`.`telpon`, `us`.`realname` FROM `costumer` AS `cos`
 INNER JOIN `user` AS `us` ON cos.id_user=us.id_user
 INNER JOIN `cabang` AS `cb` ON us.id_cabang = cb.id_cabang WHERE (cos.id_user = '20')
Params: []

2015-08-02T22:58:36+07:00 INFO (6): 
Elapsed Secs: 0.00045
Query: connect
Params: []

2015-08-02T22:58:36+07:00 INFO (6): 
Elapsed Secs: 0.00181
Query: DESCRIBE `costumer`
Params: []

2015-08-02T22:58:36+07:00 INFO (6): 
Elapsed Secs: 0.00061
Query: SELECT `cos`.`nik_costumer`, `cos`.`nama`, `cos`.`alamat`, `cos`.`jenis_kelamin`, `cos`.`tempat_lahir`, `cos`.`tanggal_lahir`, `cos`.`nama_ibu`, `cos`.`agama`, `cos`.`status`, `cos`.`pekerjaan`, `cos`.`alamat_tempat_kerja`, `cos`.`hp`, `cos`.`telpon`, `us`.`realname` FROM `costumer` AS `cos`
 INNER JOIN `user` AS `us` ON cos.id_user=us.id_user
 INNER JOIN `cabang` AS `cb` ON us.id_cabang = cb.id_cabang WHERE (cos.id_user = '20')
Params: []

2015-08-02T22:58:45+07:00 INFO (6): 
Elapsed Secs: 0.00023
Query: connect
Params: []

2015-08-02T22:58:45+07:00 INFO (6): 
Elapsed Secs: 0.00069
Query: DESCRIBE `costumer`
Params: []

2015-08-02T22:58:45+07:00 INFO (6): 
Elapsed Secs: 0.00022
Query: SELECT `cos`.`nik_costumer`, `cos`.`nama`, `cos`.`alamat`, `cos`.`jenis_kelamin`, `cos`.`tempat_lahir`, `cos`.`tanggal_lahir`, `cos`.`nama_ibu`, `cos`.`agama`, `cos`.`status`, `cos`.`pekerjaan`, `cos`.`alamat_tempat_kerja`, `cos`.`hp`, `cos`.`telpon`, `us`.`realname` FROM `costumer` AS `cos`
 INNER JOIN `user` AS `us` ON cos.id_user=us.id_user
 INNER JOIN `cabang` AS `cb` ON us.id_cabang = cb.id_cabang WHERE (cos.id_user = '20')
Params: []

2015-08-02T22:58:47+07:00 INFO (6): 
Elapsed Secs: 0.00022
Query: connect
Params: []

2015-08-02T22:58:47+07:00 INFO (6): 
Elapsed Secs: 0.0009
Query: DESCRIBE `penjamin`
Params: []

2015-08-02T22:58:47+07:00 INFO (6): 
Elapsed Secs: 0.00028
Query: connect
Params: []

2015-08-02T22:58:47+07:00 INFO (6): 
Elapsed Secs: 0.00035
Query: SELECT `pe`.*, `cos`.`id_cabang`, `cos`.`id_user`, `cb`.`cabang` FROM `penjamin` AS `pe`
 INNER JOIN `costumer` AS `cos` ON pe.nik_costumer = cos.nik_costumer
 INNER JOIN `user` AS `us` ON us.id_user = cos.id_user
 INNER JOIN `cabang` AS `cb` ON cb.id_cabang = cos.id_cabang WHERE (us.id_user= '20') AND (cb.id_cabang = '030')
Params: []

