2015-07-15T14:17:05+07:00 INFO (6): 
Elapsed Secs: 0.00185
Query: connect
Params: []

2015-07-15T14:17:05+07:00 INFO (6): 
Elapsed Secs: 0.00069
Query: DESCRIBE `user`
Params: []

2015-07-15T14:17:05+07:00 INFO (6): 
Elapsed Secs: 0.00021
Query: connect
Params: []

2015-07-15T14:17:05+07:00 INFO (6): 
Elapsed Secs: 0.00026
Query: SELECT `user`.*, `cabang`.* FROM `user`
 INNER JOIN `cabang` ON cabang.id_cabang = user.id_cabang WHERE (user.username = 'rendi') AND (user.password = 'd033e22ae348aeb5660fc2140aec35850c4da997')
Params: []

2015-07-15T14:17:05+07:00 INFO (6): 
Elapsed Secs: 0.00022
Query: SELECT `user`.*, `user_login`.*, `cabang`.* FROM `user`
 INNER JOIN `user_login` ON user_login.id_user = user.id_user
 INNER JOIN `cabang` ON cabang.id_cabang = user.id_cabang WHERE (user.id_user = '17')
Params: []

2015-07-15T14:17:05+07:00 INFO (6): 
Elapsed Secs: 0.1015
Query: UPDATE `user_login` SET `status` = ?, `login_time` = NOW(), `ip_login` = ?, `last_login` = ? WHERE (id_user = '17')
Params: {"1":1,"2":"127.0.0.1","3":"2015-07-15 13:21:58"}

2015-07-15T14:17:05+07:00 INFO (6): 
Elapsed Secs: 0.00029
Query: SELECT `user`.*, `user_login`.*, `cabang`.* FROM `user`
 INNER JOIN `user_login` ON user_login.id_user = user.id_user
 INNER JOIN `cabang` ON cabang.id_cabang = user.id_cabang WHERE (user.id_user = '17')
Params: []

2015-07-15T14:17:09+07:00 INFO (6): 
Elapsed Secs: 0.00027
Query: connect
Params: []

2015-07-15T14:17:09+07:00 INFO (6): 
Elapsed Secs: 0.02691
Query: UPDATE `user_login` SET `status` = ? WHERE (id_user ='17')
Params: {"1":0}

2015-07-15T14:17:15+07:00 INFO (6): 
Elapsed Secs: 0.0003
Query: connect
Params: []

2015-07-15T14:17:15+07:00 INFO (6): 
Elapsed Secs: 0.00064
Query: DESCRIBE `user`
Params: []

2015-07-15T14:17:15+07:00 INFO (6): 
Elapsed Secs: 0.00021
Query: connect
Params: []

2015-07-15T14:17:15+07:00 INFO (6): 
Elapsed Secs: 0.0003
Query: SELECT `user`.*, `cabang`.* FROM `user`
 INNER JOIN `cabang` ON cabang.id_cabang = user.id_cabang WHERE (user.username = 'ommasta') AND (user.password = 'd033e22ae348aeb5660fc2140aec35850c4da997')
Params: []

2015-07-15T14:17:15+07:00 INFO (6): 
Elapsed Secs: 0.0002
Query: SELECT `user`.*, `user_login`.*, `cabang`.* FROM `user`
 INNER JOIN `user_login` ON user_login.id_user = user.id_user
 INNER JOIN `cabang` ON cabang.id_cabang = user.id_cabang WHERE (user.id_user = '15')
Params: []

2015-07-15T14:17:27+07:00 INFO (6): 
Elapsed Secs: 0.00053
Query: connect
Params: []

2015-07-15T14:17:27+07:00 INFO (6): 
Elapsed Secs: 0.00171
Query: DESCRIBE `user`
Params: []

2015-07-15T14:17:27+07:00 INFO (6): 
Elapsed Secs: 0.00059
Query: connect
Params: []

2015-07-15T14:17:27+07:00 INFO (6): 
Elapsed Secs: 0.00063
Query: SELECT `user`.*, `cabang`.* FROM `user`
 INNER JOIN `cabang` ON cabang.id_cabang = user.id_cabang WHERE (user.username = 'rendi') AND (user.password = 'd033e22ae348aeb5660fc2140aec35850c4da997')
Params: []

2015-07-15T14:17:27+07:00 INFO (6): 
Elapsed Secs: 0.00058
Query: SELECT `user`.*, `user_login`.*, `cabang`.* FROM `user`
 INNER JOIN `user_login` ON user_login.id_user = user.id_user
 INNER JOIN `cabang` ON cabang.id_cabang = user.id_cabang WHERE (user.id_user = '17')
Params: []

2015-07-15T14:17:27+07:00 INFO (6): 
Elapsed Secs: 0.12456
Query: UPDATE `user_login` SET `status` = ?, `login_time` = NOW(), `ip_login` = ?, `last_login` = ? WHERE (id_user = '17')
Params: {"1":1,"2":"127.0.0.1","3":"2015-07-15 14:17:05"}

2015-07-15T14:17:27+07:00 INFO (6): 
Elapsed Secs: 0.0005
Query: SELECT `user`.*, `user_login`.*, `cabang`.* FROM `user`
 INNER JOIN `user_login` ON user_login.id_user = user.id_user
 INNER JOIN `cabang` ON cabang.id_cabang = user.id_cabang WHERE (user.id_user = '17')
Params: []

2015-07-15T14:17:31+07:00 INFO (6): 
Elapsed Secs: 0.00027
Query: connect
Params: []

2015-07-15T14:17:31+07:00 INFO (6): 
Elapsed Secs: 0.04224
Query: UPDATE `user_login` SET `status` = ? WHERE (id_user ='17')
Params: {"1":0}

2015-07-15T14:17:36+07:00 INFO (6): 
Elapsed Secs: 0.00034
Query: connect
Params: []

2015-07-15T14:17:36+07:00 INFO (6): 
Elapsed Secs: 0.00059
Query: DESCRIBE `user`
Params: []

2015-07-15T14:17:36+07:00 INFO (6): 
Elapsed Secs: 0.00021
Query: connect
Params: []

2015-07-15T14:17:36+07:00 INFO (6): 
Elapsed Secs: 0.0002
Query: SELECT `user`.*, `cabang`.* FROM `user`
 INNER JOIN `cabang` ON cabang.id_cabang = user.id_cabang WHERE (user.username = 'ommasta') AND (user.password = 'd033e22ae348aeb5660fc2140aec35850c4da997')
Params: []

2015-07-15T14:17:36+07:00 INFO (6): 
Elapsed Secs: 0.00022
Query: SELECT `user`.*, `user_login`.*, `cabang`.* FROM `user`
 INNER JOIN `user_login` ON user_login.id_user = user.id_user
 INNER JOIN `cabang` ON cabang.id_cabang = user.id_cabang WHERE (user.id_user = '15')
Params: []

2015-07-15T14:17:45+07:00 INFO (6): 
Elapsed Secs: 0.00026
Query: connect
Params: []

2015-07-15T14:17:45+07:00 INFO (6): 
Elapsed Secs: 0.0006
Query: DESCRIBE `user`
Params: []

2015-07-15T14:17:45+07:00 INFO (6): 
Elapsed Secs: 0.00018
Query: connect
Params: []

2015-07-15T14:17:45+07:00 INFO (6): 
Elapsed Secs: 0.00047
Query: SELECT `user`.*, `cabang`.* FROM `user`
 INNER JOIN `cabang` ON cabang.id_cabang = user.id_cabang WHERE (user.username = 'kasir') AND (user.password = 'd033e22ae348aeb5660fc2140aec35850c4da997')
Params: []

2015-07-15T14:17:45+07:00 INFO (6): 
Elapsed Secs: 0.00019
Query: SELECT `user`.*, `user_login`.*, `cabang`.* FROM `user`
 INNER JOIN `user_login` ON user_login.id_user = user.id_user
 INNER JOIN `cabang` ON cabang.id_cabang = user.id_cabang WHERE (user.id_user = '18')
Params: []

2015-07-15T14:17:45+07:00 INFO (6): 
Elapsed Secs: 0.08307
Query: UPDATE `user_login` SET `status` = ?, `login_time` = NOW(), `ip_login` = ?, `last_login` = ? WHERE (id_user = '18')
Params: {"1":1,"2":"127.0.0.1","3":"2015-07-15 11:30:51"}

2015-07-15T14:17:45+07:00 INFO (6): 
Elapsed Secs: 0.00035
Query: SELECT `user`.*, `user_login`.*, `cabang`.* FROM `user`
 INNER JOIN `user_login` ON user_login.id_user = user.id_user
 INNER JOIN `cabang` ON cabang.id_cabang = user.id_cabang WHERE (user.id_user = '18')
Params: []

2015-07-15T14:17:49+07:00 INFO (6): 
Elapsed Secs: 0.00033
Query: connect
Params: []

2015-07-15T14:17:49+07:00 INFO (6): 
Elapsed Secs: 0.00082
Query: DESCRIBE `cabang`
Params: []

2015-07-15T14:17:49+07:00 INFO (6): 
Elapsed Secs: 0.00022
Query: SELECT `cabang`.* FROM `cabang` WHERE (id_cabang = '30' ) LIMIT 1
Params: []

2015-07-15T14:17:49+07:00 INFO (6): 
Elapsed Secs: 0.0007
Query: DESCRIBE `pinjaman`
Params: []

2015-07-15T14:17:49+07:00 INFO (6): 
Elapsed Secs: 0.00036
Query: SELECT `pin`.*, `cos`.`nama` FROM `pinjaman` AS `pin`
 INNER JOIN `costumer` AS `cos` ON pin.nik_costumer = cos.nik_costumer
 INNER JOIN `user` AS `us` ON cos.id_user = us.id_user
 INNER JOIN `cabang` AS `cb` ON us.id_cabang = cb.id_cabang WHERE (us.id_user = '18') OR (cb.id_cabang = '30')
Params: []

2015-07-15T14:17:49+07:00 INFO (6): 
Elapsed Secs: 0.00065
Query: DESCRIBE `spb`
Params: []

2015-07-15T14:17:49+07:00 INFO (6): 
Elapsed Secs: 0.00019
Query: SELECT `spb`.* FROM `spb` WHERE (no_kontrak = '30/MD/00156/15') LIMIT 1
Params: []

2015-07-15T14:17:49+07:00 INFO (6): 
Elapsed Secs: 0.00015
Query: SELECT `spb`.* FROM `spb` WHERE (no_kontrak = '30/MF/00155/15') LIMIT 1
Params: []

2015-07-15T14:17:51+07:00 INFO (6): 
Elapsed Secs: 0.00027
Query: connect
Params: []

2015-07-15T14:17:51+07:00 INFO (6): 
Elapsed Secs: 0.00064
Query: DESCRIBE `costumer`
Params: []

2015-07-15T14:17:51+07:00 INFO (6): 
Elapsed Secs: 0.00023
Query: connect
Params: []

2015-07-15T14:17:51+07:00 INFO (6): 
Elapsed Secs: 0.00031
Query: SELECT `pinj`.`no_kontrak` FROM `costumer` AS `cos`
 INNER JOIN `pinjaman` AS `pinj` ON pinj.nik_costumer =  cos.nik_costumer
 INNER JOIN `kendaraan` AS `kend` ON kend.no_polisi = pinj.no_polisi
Params: []

2015-07-15T14:17:53+07:00 INFO (6): 
Elapsed Secs: 0.00021
Query: connect
Params: []

2015-07-15T14:17:53+07:00 INFO (6): 
Elapsed Secs: 0.00074
Query: DESCRIBE `costumer`
Params: []

2015-07-15T14:17:53+07:00 INFO (6): 
Elapsed Secs: 0.00015
Query: connect
Params: []

2015-07-15T14:17:53+07:00 INFO (6): 
Elapsed Secs: 0.0002
Query: SELECT `pinj`.`no_kontrak` FROM `costumer` AS `cos`
 INNER JOIN `pinjaman` AS `pinj` ON pinj.nik_costumer =  cos.nik_costumer
 INNER JOIN `kendaraan` AS `kend` ON kend.no_polisi = pinj.no_polisi
Params: []

2015-07-15T14:17:53+07:00 INFO (6): 
Elapsed Secs: 0.00018
Query: SELECT `pinj`.`no_kontrak`, `cos`.`nama`, `kend`.`no_polisi`, `pinj`.`angsuran_perbulan`, `pinj`.`tanggal_jatuh_tempo` FROM `costumer` AS `cos`
 INNER JOIN `pinjaman` AS `pinj` ON pinj.nik_costumer =  cos.nik_costumer
 INNER JOIN `kendaraan` AS `kend` ON kend.no_polisi = pinj.no_polisi WHERE (pinj.no_kontrak = '29-MF-00157-15') GROUP BY `pinj`.`no_kontrak`
Params: []

2015-07-15T14:17:53+07:00 INFO (6): 
Elapsed Secs: 0.00048
Query: DESCRIBE `pembayaran`
Params: []

2015-07-15T14:17:53+07:00 INFO (6): 
Elapsed Secs: 0.00015
Query: SELECT `pemb`.`angsuran_ke` FROM `pembayaran` AS `pemb` WHERE (no_kontrak = '29-MF-00157-15' ) ORDER BY `id_pembayaran` desc
Params: []

2015-07-15T14:18:20+07:00 INFO (6): 
Elapsed Secs: 0.00034
Query: connect
Params: []

2015-07-15T14:18:20+07:00 INFO (6): 
Elapsed Secs: 0.0007
Query: DESCRIBE `costumer`
Params: []

2015-07-15T14:18:20+07:00 INFO (6): 
Elapsed Secs: 0.00026
Query: connect
Params: []

2015-07-15T14:18:20+07:00 INFO (6): 
Elapsed Secs: 0.00026
Query: SELECT `pinj`.`no_kontrak` FROM `costumer` AS `cos`
 INNER JOIN `pinjaman` AS `pinj` ON pinj.nik_costumer =  cos.nik_costumer
 INNER JOIN `kendaraan` AS `kend` ON kend.no_polisi = pinj.no_polisi
Params: []

2015-07-15T14:18:20+07:00 INFO (6): 
Elapsed Secs: 0.00022
Query: SELECT `pinj`.`no_kontrak`, `cos`.`nama`, `kend`.`no_polisi`, `pinj`.`angsuran_perbulan`, `pinj`.`tanggal_jatuh_tempo` FROM `costumer` AS `cos`
 INNER JOIN `pinjaman` AS `pinj` ON pinj.nik_costumer =  cos.nik_costumer
 INNER JOIN `kendaraan` AS `kend` ON kend.no_polisi = pinj.no_polisi WHERE (pinj.no_kontrak = '29-MF-00157-15') GROUP BY `pinj`.`no_kontrak`
Params: []

2015-07-15T14:18:20+07:00 INFO (6): 
Elapsed Secs: 0.00058
Query: DESCRIBE `pembayaran`
Params: []

2015-07-15T14:18:20+07:00 INFO (6): 
Elapsed Secs: 0.00017
Query: SELECT `pemb`.`angsuran_ke` FROM `pembayaran` AS `pemb` WHERE (no_kontrak = '29-MF-00157-15' ) ORDER BY `id_pembayaran` desc
Params: []

2015-07-15T14:18:29+07:00 INFO (6): 
Elapsed Secs: 0.00026
Query: connect
Params: []

2015-07-15T14:18:29+07:00 INFO (6): 
Elapsed Secs: 0.00066
Query: DESCRIBE `costumer`
Params: []

2015-07-15T14:18:29+07:00 INFO (6): 
Elapsed Secs: 0.0002
Query: connect
Params: []

2015-07-15T14:18:29+07:00 INFO (6): 
Elapsed Secs: 0.00021
Query: SELECT `pinj`.`no_kontrak` FROM `costumer` AS `cos`
 INNER JOIN `pinjaman` AS `pinj` ON pinj.nik_costumer =  cos.nik_costumer
 INNER JOIN `kendaraan` AS `kend` ON kend.no_polisi = pinj.no_polisi
Params: []

2015-07-15T14:18:29+07:00 INFO (6): 
Elapsed Secs: 0.00019
Query: SELECT `pinj`.`no_kontrak`, `cos`.`nama`, `kend`.`no_polisi`, `pinj`.`angsuran_perbulan`, `pinj`.`tanggal_jatuh_tempo` FROM `costumer` AS `cos`
 INNER JOIN `pinjaman` AS `pinj` ON pinj.nik_costumer =  cos.nik_costumer
 INNER JOIN `kendaraan` AS `kend` ON kend.no_polisi = pinj.no_polisi WHERE (pinj.no_kontrak = '29-MF-00157-15') GROUP BY `pinj`.`no_kontrak`
Params: []

2015-07-15T14:18:29+07:00 INFO (6): 
Elapsed Secs: 0.00058
Query: DESCRIBE `pembayaran`
Params: []

2015-07-15T14:18:29+07:00 INFO (6): 
Elapsed Secs: 0.00018
Query: SELECT `pemb`.`angsuran_ke` FROM `pembayaran` AS `pemb` WHERE (no_kontrak = '29-MF-00157-15' ) ORDER BY `id_pembayaran` desc
Params: []

2015-07-15T14:19:33+07:00 INFO (6): 
Elapsed Secs: 0.00026
Query: connect
Params: []

2015-07-15T14:19:33+07:00 INFO (6): 
Elapsed Secs: 0.00089
Query: DESCRIBE `costumer`
Params: []

2015-07-15T14:19:33+07:00 INFO (6): 
Elapsed Secs: 0.00027
Query: connect
Params: []

2015-07-15T14:19:33+07:00 INFO (6): 
Elapsed Secs: 0.00023
Query: SELECT `pinj`.`no_kontrak` FROM `costumer` AS `cos`
 INNER JOIN `pinjaman` AS `pinj` ON pinj.nik_costumer =  cos.nik_costumer
 INNER JOIN `kendaraan` AS `kend` ON kend.no_polisi = pinj.no_polisi
Params: []

2015-07-15T14:19:33+07:00 INFO (6): 
Elapsed Secs: 0.00025
Query: SELECT `pinj`.`no_kontrak`, `cos`.`nama`, `kend`.`no_polisi`, `pinj`.`angsuran_perbulan`, `pinj`.`tanggal_jatuh_tempo` FROM `costumer` AS `cos`
 INNER JOIN `pinjaman` AS `pinj` ON pinj.nik_costumer =  cos.nik_costumer
 INNER JOIN `kendaraan` AS `kend` ON kend.no_polisi = pinj.no_polisi WHERE (pinj.no_kontrak = '29-MF-00157-15') GROUP BY `pinj`.`no_kontrak`
Params: []

2015-07-15T14:19:33+07:00 INFO (6): 
Elapsed Secs: 0.00058
Query: DESCRIBE `pembayaran`
Params: []

2015-07-15T14:19:33+07:00 INFO (6): 
Elapsed Secs: 0.00016
Query: SELECT `pemb`.`angsuran_ke` FROM `pembayaran` AS `pemb` WHERE (no_kontrak = '29-MF-00157-15' ) ORDER BY `id_pembayaran` desc
Params: []

2015-07-15T14:20:03+07:00 INFO (6): 
Elapsed Secs: 0.00061
Query: connect
Params: []

2015-07-15T14:20:03+07:00 INFO (6): 
Elapsed Secs: 0.00188
Query: DESCRIBE `costumer`
Params: []

2015-07-15T14:20:03+07:00 INFO (6): 
Elapsed Secs: 0.00052
Query: connect
Params: []

2015-07-15T14:20:03+07:00 INFO (6): 
Elapsed Secs: 0.00055
Query: SELECT `pinj`.`no_kontrak` FROM `costumer` AS `cos`
 INNER JOIN `pinjaman` AS `pinj` ON pinj.nik_costumer =  cos.nik_costumer
 INNER JOIN `kendaraan` AS `kend` ON kend.no_polisi = pinj.no_polisi
Params: []

2015-07-15T14:20:03+07:00 INFO (6): 
Elapsed Secs: 0.00033
Query: SELECT `pinj`.`no_kontrak`, `cos`.`nama`, `kend`.`no_polisi`, `pinj`.`angsuran_perbulan`, `pinj`.`tanggal_jatuh_tempo` FROM `costumer` AS `cos`
 INNER JOIN `pinjaman` AS `pinj` ON pinj.nik_costumer =  cos.nik_costumer
 INNER JOIN `kendaraan` AS `kend` ON kend.no_polisi = pinj.no_polisi WHERE (pinj.no_kontrak = '29-MF-00157-15') GROUP BY `pinj`.`no_kontrak`
Params: []

2015-07-15T14:20:03+07:00 INFO (6): 
Elapsed Secs: 0.00085
Query: DESCRIBE `pembayaran`
Params: []

2015-07-15T14:20:03+07:00 INFO (6): 
Elapsed Secs: 0.00024
Query: SELECT `pemb`.`angsuran_ke` FROM `pembayaran` AS `pemb` WHERE (no_kontrak = '29-MF-00157-15' ) ORDER BY `id_pembayaran` desc
Params: []

2015-07-15T14:20:47+07:00 INFO (6): 
Elapsed Secs: 0.00169
Query: connect
Params: []

2015-07-15T14:20:47+07:00 INFO (6): 
Elapsed Secs: 0.00085
Query: DESCRIBE `costumer`
Params: []

2015-07-15T14:20:47+07:00 INFO (6): 
Elapsed Secs: 0.00026
Query: connect
Params: []

2015-07-15T14:20:47+07:00 INFO (6): 
Elapsed Secs: 0.00028
Query: SELECT `pinj`.`no_kontrak` FROM `costumer` AS `cos`
 INNER JOIN `pinjaman` AS `pinj` ON pinj.nik_costumer =  cos.nik_costumer
 INNER JOIN `kendaraan` AS `kend` ON kend.no_polisi = pinj.no_polisi
Params: []

2015-07-15T14:20:47+07:00 INFO (6): 
Elapsed Secs: 0.00025
Query: SELECT `pinj`.`no_kontrak`, `cos`.`nama`, `kend`.`no_polisi`, `pinj`.`angsuran_perbulan`, `pinj`.`tanggal_jatuh_tempo` FROM `costumer` AS `cos`
 INNER JOIN `pinjaman` AS `pinj` ON pinj.nik_costumer =  cos.nik_costumer
 INNER JOIN `kendaraan` AS `kend` ON kend.no_polisi = pinj.no_polisi WHERE (pinj.no_kontrak = '29-MF-00157-15') GROUP BY `pinj`.`no_kontrak`
Params: []

2015-07-15T14:20:47+07:00 INFO (6): 
Elapsed Secs: 0.00061
Query: DESCRIBE `pembayaran`
Params: []

2015-07-15T14:20:47+07:00 INFO (6): 
Elapsed Secs: 0.00019
Query: SELECT `pemb`.`angsuran_ke` FROM `pembayaran` AS `pemb` WHERE (no_kontrak = '29-MF-00157-15' ) ORDER BY `id_pembayaran` desc
Params: []

2015-07-15T14:21:02+07:00 INFO (6): 
Elapsed Secs: 0.00027
Query: connect
Params: []

2015-07-15T14:21:02+07:00 INFO (6): 
Elapsed Secs: 0.00061
Query: DESCRIBE `costumer`
Params: []

2015-07-15T14:21:02+07:00 INFO (6): 
Elapsed Secs: 0.00022
Query: connect
Params: []

2015-07-15T14:21:02+07:00 INFO (6): 
Elapsed Secs: 0.00022
Query: SELECT `pinj`.`no_kontrak` FROM `costumer` AS `cos`
 INNER JOIN `pinjaman` AS `pinj` ON pinj.nik_costumer =  cos.nik_costumer
 INNER JOIN `kendaraan` AS `kend` ON kend.no_polisi = pinj.no_polisi
Params: []

2015-07-15T14:21:02+07:00 INFO (6): 
Elapsed Secs: 0.00023
Query: SELECT `pinj`.`no_kontrak`, `cos`.`nama`, `kend`.`no_polisi`, `pinj`.`angsuran_perbulan`, `pinj`.`tanggal_jatuh_tempo` FROM `costumer` AS `cos`
 INNER JOIN `pinjaman` AS `pinj` ON pinj.nik_costumer =  cos.nik_costumer
 INNER JOIN `kendaraan` AS `kend` ON kend.no_polisi = pinj.no_polisi WHERE (pinj.no_kontrak = '29-MF-00157-15') GROUP BY `pinj`.`no_kontrak`
Params: []

2015-07-15T14:21:02+07:00 INFO (6): 
Elapsed Secs: 0.00056
Query: DESCRIBE `pembayaran`
Params: []

2015-07-15T14:21:02+07:00 INFO (6): 
Elapsed Secs: 0.00017
Query: SELECT `pemb`.`angsuran_ke` FROM `pembayaran` AS `pemb` WHERE (no_kontrak = '29-MF-00157-15' ) ORDER BY `id_pembayaran` desc
Params: []

2015-07-15T14:21:07+07:00 INFO (6): 
Elapsed Secs: 0.00214
Query: connect
Params: []

2015-07-15T14:21:07+07:00 INFO (6): 
Elapsed Secs: 0.00129
Query: DESCRIBE `costumer`
Params: []

2015-07-15T14:21:07+07:00 INFO (6): 
Elapsed Secs: 0.00033
Query: connect
Params: []

2015-07-15T14:21:07+07:00 INFO (6): 
Elapsed Secs: 0.00033
Query: SELECT `pinj`.`no_kontrak` FROM `costumer` AS `cos`
 INNER JOIN `pinjaman` AS `pinj` ON pinj.nik_costumer =  cos.nik_costumer
 INNER JOIN `kendaraan` AS `kend` ON kend.no_polisi = pinj.no_polisi
Params: []

2015-07-15T14:21:07+07:00 INFO (6): 
Elapsed Secs: 0.00029
Query: SELECT `pinj`.`no_kontrak`, `cos`.`nama`, `kend`.`no_polisi`, `pinj`.`angsuran_perbulan`, `pinj`.`tanggal_jatuh_tempo` FROM `costumer` AS `cos`
 INNER JOIN `pinjaman` AS `pinj` ON pinj.nik_costumer =  cos.nik_costumer
 INNER JOIN `kendaraan` AS `kend` ON kend.no_polisi = pinj.no_polisi WHERE (pinj.no_kontrak = '29-MF-00001-15') GROUP BY `pinj`.`no_kontrak`
Params: []

2015-07-15T14:21:07+07:00 INFO (6): 
Elapsed Secs: 0.00081
Query: DESCRIBE `pembayaran`
Params: []

2015-07-15T14:21:07+07:00 INFO (6): 
Elapsed Secs: 0.00018
Query: SELECT `pemb`.`angsuran_ke` FROM `pembayaran` AS `pemb` WHERE (no_kontrak = '29-MF-00001-15' ) ORDER BY `id_pembayaran` desc
Params: []

2015-07-15T14:21:22+07:00 INFO (6): 
Elapsed Secs: 0.00028
Query: connect
Params: []

2015-07-15T14:21:22+07:00 INFO (6): 
Elapsed Secs: 0.00078
Query: DESCRIBE `costumer`
Params: []

2015-07-15T14:21:22+07:00 INFO (6): 
Elapsed Secs: 0.00026
Query: connect
Params: []

2015-07-15T14:21:22+07:00 INFO (6): 
Elapsed Secs: 0.00027
Query: SELECT `pinj`.`no_kontrak` FROM `costumer` AS `cos`
 INNER JOIN `pinjaman` AS `pinj` ON pinj.nik_costumer =  cos.nik_costumer
 INNER JOIN `kendaraan` AS `kend` ON kend.no_polisi = pinj.no_polisi
Params: []

2015-07-15T14:21:22+07:00 INFO (6): 
Elapsed Secs: 0.00022
Query: SELECT `pinj`.`no_kontrak`, `cos`.`nama`, `kend`.`no_polisi`, `pinj`.`angsuran_perbulan`, `pinj`.`tanggal_jatuh_tempo` FROM `costumer` AS `cos`
 INNER JOIN `pinjaman` AS `pinj` ON pinj.nik_costumer =  cos.nik_costumer
 INNER JOIN `kendaraan` AS `kend` ON kend.no_polisi = pinj.no_polisi WHERE (pinj.no_kontrak = '29-MF-00001-15') GROUP BY `pinj`.`no_kontrak`
Params: []

2015-07-15T14:21:22+07:00 INFO (6): 
Elapsed Secs: 0.00061
Query: DESCRIBE `pembayaran`
Params: []

2015-07-15T14:21:22+07:00 INFO (6): 
Elapsed Secs: 0.00014
Query: SELECT `pemb`.`angsuran_ke` FROM `pembayaran` AS `pemb` WHERE (no_kontrak = '29-MF-00001-15' ) ORDER BY `id_pembayaran` desc
Params: []

2015-07-15T14:21:22+07:00 INFO (6): 
Elapsed Secs: 0.00027
Query: connect
Params: []

2015-07-15T14:21:22+07:00 INFO (6): 
Elapsed Secs: 0.00065
Query: DESCRIBE `costumer`
Params: []

2015-07-15T14:21:22+07:00 INFO (6): 
Elapsed Secs: 0.00019
Query: connect
Params: []

2015-07-15T14:21:22+07:00 INFO (6): 
Elapsed Secs: 0.00019
Query: SELECT `pinj`.`no_kontrak` FROM `costumer` AS `cos`
 INNER JOIN `pinjaman` AS `pinj` ON pinj.nik_costumer =  cos.nik_costumer
 INNER JOIN `kendaraan` AS `kend` ON kend.no_polisi = pinj.no_polisi
Params: []

2015-07-15T14:21:22+07:00 INFO (6): 
Elapsed Secs: 0.00013
Query: SELECT `pinj`.`no_kontrak`, `cos`.`nama`, `kend`.`no_polisi`, `pinj`.`angsuran_perbulan`, `pinj`.`tanggal_jatuh_tempo` FROM `costumer` AS `cos`
 INNER JOIN `pinjaman` AS `pinj` ON pinj.nik_costumer =  cos.nik_costumer
 INNER JOIN `kendaraan` AS `kend` ON kend.no_polisi = pinj.no_polisi WHERE (pinj.no_kontrak = '29-MF-00001-15') GROUP BY `pinj`.`no_kontrak`
Params: []

2015-07-15T14:21:22+07:00 INFO (6): 
Elapsed Secs: 0.0004
Query: DESCRIBE `pembayaran`
Params: []

2015-07-15T14:21:22+07:00 INFO (6): 
Elapsed Secs: 0.00014
Query: SELECT `pemb`.`angsuran_ke` FROM `pembayaran` AS `pemb` WHERE (no_kontrak = '29-MF-00001-15' ) ORDER BY `id_pembayaran` desc
Params: []

2015-07-15T14:21:23+07:00 INFO (6): 
Elapsed Secs: 0.00026
Query: connect
Params: []

2015-07-15T14:21:23+07:00 INFO (6): 
Elapsed Secs: 0.00073
Query: DESCRIBE `costumer`
Params: []

2015-07-15T14:21:23+07:00 INFO (6): 
Elapsed Secs: 0.00021
Query: connect
Params: []

2015-07-15T14:21:23+07:00 INFO (6): 
Elapsed Secs: 0.00026
Query: SELECT `pinj`.`no_kontrak` FROM `costumer` AS `cos`
 INNER JOIN `pinjaman` AS `pinj` ON pinj.nik_costumer =  cos.nik_costumer
 INNER JOIN `kendaraan` AS `kend` ON kend.no_polisi = pinj.no_polisi
Params: []

2015-07-15T14:21:23+07:00 INFO (6): 
Elapsed Secs: 0.00021
Query: SELECT `pinj`.`no_kontrak`, `cos`.`nama`, `kend`.`no_polisi`, `pinj`.`angsuran_perbulan`, `pinj`.`tanggal_jatuh_tempo` FROM `costumer` AS `cos`
 INNER JOIN `pinjaman` AS `pinj` ON pinj.nik_costumer =  cos.nik_costumer
 INNER JOIN `kendaraan` AS `kend` ON kend.no_polisi = pinj.no_polisi WHERE (pinj.no_kontrak = '29-MF-00157-15') GROUP BY `pinj`.`no_kontrak`
Params: []

2015-07-15T14:21:23+07:00 INFO (6): 
Elapsed Secs: 0.00058
Query: DESCRIBE `pembayaran`
Params: []

2015-07-15T14:21:23+07:00 INFO (6): 
Elapsed Secs: 0.00013
Query: SELECT `pemb`.`angsuran_ke` FROM `pembayaran` AS `pemb` WHERE (no_kontrak = '29-MF-00157-15' ) ORDER BY `id_pembayaran` desc
Params: []

2015-07-15T14:21:27+07:00 INFO (6): 
Elapsed Secs: 0.00027
Query: connect
Params: []

2015-07-15T14:21:27+07:00 INFO (6): 
Elapsed Secs: 0.00084
Query: DESCRIBE `costumer`
Params: []

2015-07-15T14:21:27+07:00 INFO (6): 
Elapsed Secs: 0.00024
Query: connect
Params: []

2015-07-15T14:21:27+07:00 INFO (6): 
Elapsed Secs: 0.00027
Query: SELECT `pinj`.`no_kontrak` FROM `costumer` AS `cos`
 INNER JOIN `pinjaman` AS `pinj` ON pinj.nik_costumer =  cos.nik_costumer
 INNER JOIN `kendaraan` AS `kend` ON kend.no_polisi = pinj.no_polisi
Params: []

2015-07-15T14:21:27+07:00 INFO (6): 
Elapsed Secs: 0.00024
Query: SELECT `pinj`.`no_kontrak`, `cos`.`nama`, `kend`.`no_polisi`, `pinj`.`angsuran_perbulan`, `pinj`.`tanggal_jatuh_tempo` FROM `costumer` AS `cos`
 INNER JOIN `pinjaman` AS `pinj` ON pinj.nik_costumer =  cos.nik_costumer
 INNER JOIN `kendaraan` AS `kend` ON kend.no_polisi = pinj.no_polisi WHERE (pinj.no_kontrak = '29-MF-00157-15') GROUP BY `pinj`.`no_kontrak`
Params: []

2015-07-15T14:21:27+07:00 INFO (6): 
Elapsed Secs: 0.00069
Query: DESCRIBE `pembayaran`
Params: []

2015-07-15T14:21:27+07:00 INFO (6): 
Elapsed Secs: 0.00016
Query: SELECT `pemb`.`angsuran_ke` FROM `pembayaran` AS `pemb` WHERE (no_kontrak = '29-MF-00157-15' ) ORDER BY `id_pembayaran` desc
Params: []

2015-07-15T14:21:29+07:00 INFO (6): 
Elapsed Secs: 0.00018
Query: connect
Params: []

2015-07-15T14:21:29+07:00 INFO (6): 
Elapsed Secs: 0.00058
Query: DESCRIBE `costumer`
Params: []

2015-07-15T14:21:29+07:00 INFO (6): 
Elapsed Secs: 0.00017
Query: connect
Params: []

2015-07-15T14:21:29+07:00 INFO (6): 
Elapsed Secs: 0.00023
Query: SELECT `pinj`.`no_kontrak` FROM `costumer` AS `cos`
 INNER JOIN `pinjaman` AS `pinj` ON pinj.nik_costumer =  cos.nik_costumer
 INNER JOIN `kendaraan` AS `kend` ON kend.no_polisi = pinj.no_polisi
Params: []

2015-07-15T14:21:29+07:00 INFO (6): 
Elapsed Secs: 0.00017
Query: SELECT `pinj`.`no_kontrak`, `cos`.`nama`, `kend`.`no_polisi`, `pinj`.`angsuran_perbulan`, `pinj`.`tanggal_jatuh_tempo` FROM `costumer` AS `cos`
 INNER JOIN `pinjaman` AS `pinj` ON pinj.nik_costumer =  cos.nik_costumer
 INNER JOIN `kendaraan` AS `kend` ON kend.no_polisi = pinj.no_polisi WHERE (pinj.no_kontrak = '29-MF-00001-15') GROUP BY `pinj`.`no_kontrak`
Params: []

2015-07-15T14:21:29+07:00 INFO (6): 
Elapsed Secs: 0.00045
Query: DESCRIBE `pembayaran`
Params: []

2015-07-15T14:21:29+07:00 INFO (6): 
Elapsed Secs: 0.00032
Query: SELECT `pemb`.`angsuran_ke` FROM `pembayaran` AS `pemb` WHERE (no_kontrak = '29-MF-00001-15' ) ORDER BY `id_pembayaran` desc
Params: []

2015-07-15T14:21:54+07:00 INFO (6): 
Elapsed Secs: 0.00021
Query: connect
Params: []

2015-07-15T14:21:54+07:00 INFO (6): 
Elapsed Secs: 0.00057
Query: DESCRIBE `costumer`
Params: []

2015-07-15T14:21:54+07:00 INFO (6): 
Elapsed Secs: 0.00024
Query: connect
Params: []

2015-07-15T14:21:54+07:00 INFO (6): 
Elapsed Secs: 0.0002
Query: SELECT `pinj`.`no_kontrak` FROM `costumer` AS `cos`
 INNER JOIN `pinjaman` AS `pinj` ON pinj.nik_costumer =  cos.nik_costumer
 INNER JOIN `kendaraan` AS `kend` ON kend.no_polisi = pinj.no_polisi
Params: []

2015-07-15T14:21:54+07:00 INFO (6): 
Elapsed Secs: 0.00021
Query: SELECT `pinj`.`no_kontrak`, `cos`.`nama`, `kend`.`no_polisi`, `pinj`.`angsuran_perbulan`, `pinj`.`tanggal_jatuh_tempo` FROM `costumer` AS `cos`
 INNER JOIN `pinjaman` AS `pinj` ON pinj.nik_costumer =  cos.nik_costumer
 INNER JOIN `kendaraan` AS `kend` ON kend.no_polisi = pinj.no_polisi WHERE (pinj.no_kontrak = '29-MF-00001-15') GROUP BY `pinj`.`no_kontrak`
Params: []

2015-07-15T14:21:54+07:00 INFO (6): 
Elapsed Secs: 0.0005
Query: DESCRIBE `pembayaran`
Params: []

2015-07-15T14:21:54+07:00 INFO (6): 
Elapsed Secs: 0.00011
Query: SELECT `pemb`.`angsuran_ke` FROM `pembayaran` AS `pemb` WHERE (no_kontrak = '29-MF-00001-15' ) ORDER BY `id_pembayaran` desc
Params: []

2015-07-15T14:22:12+07:00 INFO (6): 
Elapsed Secs: 0.00036
Query: connect
Params: []

2015-07-15T14:22:12+07:00 INFO (6): 
Elapsed Secs: 0.00103
Query: DESCRIBE `costumer`
Params: []

2015-07-15T14:22:12+07:00 INFO (6): 
Elapsed Secs: 0.00031
Query: connect
Params: []

2015-07-15T14:22:12+07:00 INFO (6): 
Elapsed Secs: 0.00033
Query: SELECT `pinj`.`no_kontrak` FROM `costumer` AS `cos`
 INNER JOIN `pinjaman` AS `pinj` ON pinj.nik_costumer =  cos.nik_costumer
 INNER JOIN `kendaraan` AS `kend` ON kend.no_polisi = pinj.no_polisi
Params: []

2015-07-15T14:22:12+07:00 INFO (6): 
Elapsed Secs: 0.0003
Query: SELECT `pinj`.`no_kontrak`, `cos`.`nama`, `kend`.`no_polisi`, `pinj`.`angsuran_perbulan`, `pinj`.`tanggal_jatuh_tempo` FROM `costumer` AS `cos`
 INNER JOIN `pinjaman` AS `pinj` ON pinj.nik_costumer =  cos.nik_costumer
 INNER JOIN `kendaraan` AS `kend` ON kend.no_polisi = pinj.no_polisi WHERE (pinj.no_kontrak = '29-MF-00001-15') GROUP BY `pinj`.`no_kontrak`
Params: []

2015-07-15T14:22:12+07:00 INFO (6): 
Elapsed Secs: 0.00086
Query: DESCRIBE `pembayaran`
Params: []

2015-07-15T14:22:12+07:00 INFO (6): 
Elapsed Secs: 0.00021
Query: SELECT `pemb`.`angsuran_ke` FROM `pembayaran` AS `pemb` WHERE (no_kontrak = '29-MF-00001-15' ) ORDER BY `id_pembayaran` desc
Params: []

2015-07-15T14:22:20+07:00 INFO (6): 
Elapsed Secs: 0.00115
Query: connect
Params: []

2015-07-15T14:22:20+07:00 INFO (6): 
Elapsed Secs: 0.00058
Query: DESCRIBE `costumer`
Params: []

2015-07-15T14:22:20+07:00 INFO (6): 
Elapsed Secs: 0.00021
Query: connect
Params: []

2015-07-15T14:22:20+07:00 INFO (6): 
Elapsed Secs: 0.00022
Query: SELECT `pinj`.`no_kontrak` FROM `costumer` AS `cos`
 INNER JOIN `pinjaman` AS `pinj` ON pinj.nik_costumer =  cos.nik_costumer
 INNER JOIN `kendaraan` AS `kend` ON kend.no_polisi = pinj.no_polisi
Params: []

2015-07-15T14:22:20+07:00 INFO (6): 
Elapsed Secs: 0.00015
Query: SELECT `pinj`.`no_kontrak`, `cos`.`nama`, `kend`.`no_polisi`, `pinj`.`angsuran_perbulan`, `pinj`.`tanggal_jatuh_tempo` FROM `costumer` AS `cos`
 INNER JOIN `pinjaman` AS `pinj` ON pinj.nik_costumer =  cos.nik_costumer
 INNER JOIN `kendaraan` AS `kend` ON kend.no_polisi = pinj.no_polisi WHERE (pinj.no_kontrak = '29-MF-00001-15') GROUP BY `pinj`.`no_kontrak`
Params: []

2015-07-15T14:22:20+07:00 INFO (6): 
Elapsed Secs: 0.00051
Query: DESCRIBE `pembayaran`
Params: []

2015-07-15T14:22:20+07:00 INFO (6): 
Elapsed Secs: 0.00014
Query: SELECT `pemb`.`angsuran_ke` FROM `pembayaran` AS `pemb` WHERE (no_kontrak = '29-MF-00001-15' ) ORDER BY `id_pembayaran` desc
Params: []

