2015-07-04T11:10:53+07:00 INFO (6): Array
(
    [id_user] => 16
    [id_cabang] => 29
    [realname] => Leo Masta Kusuma
    [username] => admin
    [password] => d033e22ae348aeb5660fc2140aec35850c4da997
    [create_at] => 2015-06-19
    [level] => superadmin
    [id_login] => 5
    [last_login] => 2015-07-03 23:01:46
    [login_time] => 2015-07-04 11:10:53
    [ip_login] => 127.0.0.1
    [status] => 1
    [cabang] => Antasari
    [kepala_cabang] => SRI ROHAYATI, S.Kom, Mp.di
    [provinsi] => Lampung
    [kota] => Antasari
    [kecamatan] => Waru
    [alamat] => Jl Pangen Antasari No 20
    [kode_pos] => 12310 
)

