2015-06-24T14:00:46+07:00 INFO (6): 
Elapsed Secs: 0.00028
Query: connect
Params: []

2015-06-24T14:00:46+07:00 INFO (6): 
Elapsed Secs: 0.03906
Query: UPDATE `user_login` SET `status` = ? WHERE (id_user ='16')
Params: {"1":0}

2015-06-24T14:00:56+07:00 INFO (6): 
Elapsed Secs: 0.00021
Query: connect
Params: []

2015-06-24T14:00:56+07:00 INFO (6): 
Elapsed Secs: 0.00094
Query: DESCRIBE `user`
Params: []

2015-06-24T14:00:56+07:00 INFO (6): 
Elapsed Secs: 0.00018
Query: connect
Params: []

2015-06-24T14:00:56+07:00 INFO (6): 
Elapsed Secs: 0.00022
Query: SELECT `user`.*, `cabang`.* FROM `user`
 INNER JOIN `cabang` ON cabang.id_cabang = user.id_cabang WHERE (user.username = 'admin') AND (user.password = '38f078a81a2b033d197497af5b77f95b50bfcfb8')
Params: []

2015-06-24T14:00:56+07:00 INFO (6): 
Elapsed Secs: 0.00016
Query: SELECT `user`.*, `user_login`.*, `cabang`.* FROM `user`
 INNER JOIN `user_login` ON user_login.id_user = user.id_user
 INNER JOIN `cabang` ON cabang.id_cabang = user.id_cabang WHERE (user.id_user = '16')
Params: []

2015-06-24T14:00:56+07:00 INFO (6): 
Elapsed Secs: 0.05394
Query: UPDATE `user_login` SET `status` = ?, `login_time` = NOW(), `ip_login` = ?, `last_login` = ? WHERE (id_user = '16')
Params: {"1":1,"2":"172.17.3.234","3":"2015-06-24 13:59:01"}

2015-06-24T14:00:56+07:00 INFO (6): 
Elapsed Secs: 0.00044
Query: SELECT `user`.*, `user_login`.*, `cabang`.* FROM `user`
 INNER JOIN `user_login` ON user_login.id_user = user.id_user
 INNER JOIN `cabang` ON cabang.id_cabang = user.id_cabang WHERE (user.id_user = '16')
Params: []

2015-06-24T14:00:59+07:00 INFO (6): 
Elapsed Secs: 0.00027
Query: connect
Params: []

2015-06-24T14:00:59+07:00 INFO (6): 
Elapsed Secs: 0.00095
Query: DESCRIBE `user`
Params: []

2015-06-24T14:00:59+07:00 INFO (6): 
Elapsed Secs: 0.00016
Query: SELECT `user`.* FROM `user` WHERE (id_user = '16') LIMIT 1
Params: []

2015-06-24T14:00:59+07:00 INFO (6): 
Elapsed Secs: 0.0002
Query: connect
Params: []

2015-06-24T14:00:59+07:00 INFO (6): 
Elapsed Secs: 0.00016
Query: SELECT `user`.*, `cabang`.* FROM `user`
 INNER JOIN `cabang` ON cabang.id_cabang = user.id_cabang WHERE (user.id_user = '16')
Params: []

2015-06-24T14:26:57+07:00 INFO (6): 
Elapsed Secs: 0.00029
Query: connect
Params: []

2015-06-24T14:26:57+07:00 INFO (6): 
Elapsed Secs: 0.00096
Query: DESCRIBE `user`
Params: []

2015-06-24T14:26:57+07:00 INFO (6): 
Elapsed Secs: 0.00019
Query: SELECT `user`.* FROM `user` WHERE (id_user = '16') LIMIT 1
Params: []

2015-06-24T14:26:57+07:00 INFO (6): 
Elapsed Secs: 0.00021
Query: connect
Params: []

2015-06-24T14:26:57+07:00 INFO (6): 
Elapsed Secs: 0.00015
Query: SELECT `user`.*, `cabang`.* FROM `user`
 INNER JOIN `cabang` ON cabang.id_cabang = user.id_cabang WHERE (user.id_user = '16')
Params: []

2015-06-24T14:27:16+07:00 INFO (6): 
Elapsed Secs: 0.00025
Query: connect
Params: []

2015-06-24T14:27:16+07:00 INFO (6): 
Elapsed Secs: 0.00014
Query: connect
Params: []

2015-06-24T14:27:16+07:00 INFO (6): 
Elapsed Secs: 0.00104
Query: DESCRIBE `user`
Params: []

2015-06-24T14:27:16+07:00 INFO (6): 
Elapsed Secs: 0.00016
Query: SELECT `user`.* FROM `user` WHERE (id_user = '16') LIMIT 1
Params: []

