2015-08-10T22:19:49+07:00 INFO (6): 
Elapsed Secs: 0.01862
Query: connect
Params: []

2015-08-10T22:19:49+07:00 INFO (6): 
Elapsed Secs: 0.0113
Query: DESCRIBE `user`
Params: []

2015-08-10T22:19:49+07:00 INFO (6): 
Elapsed Secs: 0.00022
Query: connect
Params: []

2015-08-10T22:19:49+07:00 INFO (6): 
Elapsed Secs: 0.00031
Query: SELECT `user`.*, `cabang`.* FROM `user`
 INNER JOIN `cabang` ON cabang.id_cabang = user.id_cabang WHERE (user.username = 'admin') AND (user.password = 'd033e22ae348aeb5660fc2140aec35850c4da997')
Params: []

2015-08-10T22:19:49+07:00 INFO (6): 
Elapsed Secs: 0.00024
Query: SELECT `user`.*, `user_login`.*, `cabang`.* FROM `user`
 INNER JOIN `user_login` ON user_login.id_user = user.id_user
 INNER JOIN `cabang` ON cabang.id_cabang = user.id_cabang WHERE (user.id_user = '16')
Params: []

2015-08-10T22:19:49+07:00 INFO (6): 
Elapsed Secs: 0.03758
Query: UPDATE `user_login` SET `status` = ?, `login_time` = NOW(), `ip_login` = ?, `last_login` = ? WHERE (id_user = '16')
Params: {"1":1,"2":"127.0.0.1","3":"2015-08-10 09:57:19"}

2015-08-10T22:19:49+07:00 INFO (6): 
Elapsed Secs: 0.00028
Query: SELECT `user`.*, `user_login`.*, `cabang`.* FROM `user`
 INNER JOIN `user_login` ON user_login.id_user = user.id_user
 INNER JOIN `cabang` ON cabang.id_cabang = user.id_cabang WHERE (user.id_user = '16')
Params: []

2015-08-10T22:20:08+07:00 INFO (6): 
Elapsed Secs: 0.00028
Query: connect
Params: []

2015-08-10T22:20:08+07:00 INFO (6): 
Elapsed Secs: 0.0016
Query: DESCRIBE `penjamin`
Params: []

2015-08-10T22:20:08+07:00 INFO (6): 
Elapsed Secs: 0.00018
Query: connect
Params: []

2015-08-10T22:20:08+07:00 INFO (6): 
Elapsed Secs: 0.0003
Query: SELECT `pe`.*, `cos`.`id_cabang`, `cos`.`id_user`, `cb`.`cabang` FROM `penjamin` AS `pe`
 INNER JOIN `costumer` AS `cos` ON pe.nik_costumer = cos.nik_costumer
 INNER JOIN `user` AS `us` ON us.id_user = cos.id_user
 INNER JOIN `cabang` AS `cb` ON cb.id_cabang = cos.id_cabang WHERE (cb.id_cabang = '001')
Params: []

2015-08-10T22:20:12+07:00 INFO (6): 
Elapsed Secs: 0.00021
Query: connect
Params: []

2015-08-10T22:20:12+07:00 INFO (6): 
Elapsed Secs: 0.00119
Query: DESCRIBE `cabang`
Params: []

2015-08-10T22:20:12+07:00 INFO (6): 
Elapsed Secs: 0.00024
Query: connect
Params: []

2015-08-10T22:20:12+07:00 INFO (6): 
Elapsed Secs: 0.00019
Query: SELECT `cabang`.`id_cabang` FROM `cabang` ORDER BY `id_cabang` desc
Params: []

2015-08-10T22:20:29+07:00 INFO (6): 
Elapsed Secs: 0.00024
Query: connect
Params: []

2015-08-10T22:20:29+07:00 INFO (6): 
Elapsed Secs: 0.00086
Query: DESCRIBE `costumer`
Params: []

2015-08-10T22:20:29+07:00 INFO (6): 
Elapsed Secs: 0.00025
Query: SELECT `cos`.`nik_costumer`, `cos`.`nama`, `cos`.`alamat`, `cos`.`jenis_kelamin`, `cos`.`tempat_lahir`, `cos`.`tanggal_lahir`, `cos`.`nama_ibu`, `cos`.`agama`, `cos`.`status`, `cos`.`pekerjaan`, `cos`.`alamat_tempat_kerja`, `cos`.`hp`, `cos`.`telpon`, `us`.`realname` FROM `costumer` AS `cos`
 INNER JOIN `user` AS `us` ON cos.id_user=us.id_user
 INNER JOIN `cabang` AS `cb` ON us.id_cabang = cb.id_cabang WHERE (cos.id_cabang = '001')
Params: []

2015-08-10T22:23:13+07:00 INFO (6): 
Elapsed Secs: 0.00022
Query: connect
Params: []

2015-08-10T22:23:13+07:00 INFO (6): 
Elapsed Secs: 0.00085
Query: DESCRIBE `costumer`
Params: []

2015-08-10T22:23:13+07:00 INFO (6): 
Elapsed Secs: 0.00021
Query: SELECT `cos`.`nik_costumer`, `cos`.`nama`, `cos`.`alamat`, `cos`.`jenis_kelamin`, `cos`.`tempat_lahir`, `cos`.`tanggal_lahir`, `cos`.`nama_ibu`, `cos`.`agama`, `cos`.`status`, `cos`.`pekerjaan`, `cos`.`alamat_tempat_kerja`, `cos`.`hp`, `cos`.`telpon`, `us`.`realname` FROM `costumer` AS `cos`
 INNER JOIN `user` AS `us` ON cos.id_user=us.id_user
 INNER JOIN `cabang` AS `cb` ON us.id_cabang = cb.id_cabang WHERE (cos.id_cabang = '001')
Params: []

2015-08-10T22:23:26+07:00 INFO (6): 
Elapsed Secs: 0.02156
Query: connect
Params: []

2015-08-10T22:23:26+07:00 INFO (6): 
Elapsed Secs: 0.00129
Query: DESCRIBE `costumer`
Params: []

2015-08-10T22:23:26+07:00 INFO (6): 
Elapsed Secs: 0.00031
Query: SELECT `cos`.`nik_costumer`, `cos`.`nama`, `cos`.`alamat`, `cos`.`jenis_kelamin`, `cos`.`tempat_lahir`, `cos`.`tanggal_lahir`, `cos`.`nama_ibu`, `cos`.`agama`, `cos`.`status`, `cos`.`pekerjaan`, `cos`.`alamat_tempat_kerja`, `cos`.`hp`, `cos`.`telpon`, `us`.`realname` FROM `costumer` AS `cos`
 INNER JOIN `user` AS `us` ON cos.id_user=us.id_user
 INNER JOIN `cabang` AS `cb` ON us.id_cabang = cb.id_cabang WHERE (cos.id_cabang = '001')
Params: []

2015-08-10T22:40:12+07:00 INFO (6): 
Elapsed Secs: 0.00029
Query: connect
Params: []

2015-08-10T22:40:12+07:00 INFO (6): 
Elapsed Secs: 0.00101
Query: DESCRIBE `costumer`
Params: []

2015-08-10T22:40:12+07:00 INFO (6): 
Elapsed Secs: 0.0003
Query: SELECT `cos`.`nik_costumer`, `cos`.`nama`, `cos`.`alamat`, `cos`.`jenis_kelamin`, `cos`.`tempat_lahir`, `cos`.`tanggal_lahir`, `cos`.`nama_ibu`, `cos`.`agama`, `cos`.`status`, `cos`.`pekerjaan`, `cos`.`alamat_tempat_kerja`, `cos`.`hp`, `cos`.`telpon`, `us`.`realname` FROM `costumer` AS `cos`
 INNER JOIN `user` AS `us` ON cos.id_user=us.id_user
 INNER JOIN `cabang` AS `cb` ON us.id_cabang = cb.id_cabang WHERE (cos.id_cabang = '001')
Params: []

2015-08-10T22:40:16+07:00 INFO (6): 
Elapsed Secs: 0.0003
Query: connect
Params: []

2015-08-10T22:40:16+07:00 INFO (6): 
Elapsed Secs: 0.00116
Query: DESCRIBE `costumer`
Params: []

2015-08-10T22:40:16+07:00 INFO (6): 
Elapsed Secs: 0.0003
Query: SELECT `cos`.`nik_costumer`, `cos`.`nama`, `cos`.`alamat`, `cos`.`jenis_kelamin`, `cos`.`tempat_lahir`, `cos`.`tanggal_lahir`, `cos`.`nama_ibu`, `cos`.`agama`, `cos`.`status`, `cos`.`pekerjaan`, `cos`.`alamat_tempat_kerja`, `cos`.`hp`, `cos`.`telpon`, `us`.`realname` FROM `costumer` AS `cos`
 INNER JOIN `user` AS `us` ON cos.id_user=us.id_user
 INNER JOIN `cabang` AS `cb` ON us.id_cabang = cb.id_cabang WHERE (cos.id_cabang = '001')
Params: []

2015-08-10T22:42:12+07:00 INFO (6): 
Elapsed Secs: 0.00027
Query: connect
Params: []

2015-08-10T22:42:12+07:00 INFO (6): 
Elapsed Secs: 0.00126
Query: DESCRIBE `costumer`
Params: []

2015-08-10T22:42:12+07:00 INFO (6): 
Elapsed Secs: 0.0003
Query: SELECT `cos`.`nik_costumer`, `cos`.`nama`, `cos`.`alamat`, `cos`.`jenis_kelamin`, `cos`.`tempat_lahir`, `cos`.`tanggal_lahir`, `cos`.`nama_ibu`, `cos`.`agama`, `cos`.`status`, `cos`.`pekerjaan`, `cos`.`alamat_tempat_kerja`, `cos`.`hp`, `cos`.`telpon`, `us`.`realname` FROM `costumer` AS `cos`
 INNER JOIN `user` AS `us` ON cos.id_user=us.id_user
 INNER JOIN `cabang` AS `cb` ON us.id_cabang = cb.id_cabang WHERE (cos.id_cabang = '001')
Params: []

2015-08-10T22:42:30+07:00 INFO (6): 
Elapsed Secs: 0.0003
Query: connect
Params: []

2015-08-10T22:42:30+07:00 INFO (6): 
Elapsed Secs: 0.00121
Query: DESCRIBE `costumer`
Params: []

2015-08-10T22:42:30+07:00 INFO (6): 
Elapsed Secs: 0.00047
Query: SELECT `cos`.`nik_costumer`, `cos`.`nama`, `cos`.`alamat`, `cos`.`jenis_kelamin`, `cos`.`tempat_lahir`, `cos`.`tanggal_lahir`, `cos`.`nama_ibu`, `cos`.`agama`, `cos`.`status`, `cos`.`pekerjaan`, `cos`.`alamat_tempat_kerja`, `cos`.`hp`, `cos`.`telpon`, `us`.`realname` FROM `costumer` AS `cos`
 INNER JOIN `user` AS `us` ON cos.id_user=us.id_user
 INNER JOIN `cabang` AS `cb` ON us.id_cabang = cb.id_cabang WHERE (cos.id_cabang = '001')
Params: []

2015-08-10T22:44:10+07:00 INFO (6): 
Elapsed Secs: 0.00117
Query: connect
Params: []

2015-08-10T22:44:10+07:00 INFO (6): 
Elapsed Secs: 0.00178
Query: DESCRIBE `cabang`
Params: []

2015-08-10T22:44:10+07:00 INFO (6): 
Elapsed Secs: 0.00029
Query: SELECT `cabang`.* FROM `cabang` WHERE (id_cabang = '001' ) LIMIT 1
Params: []

2015-08-10T22:44:10+07:00 INFO (6): 
Elapsed Secs: 0.0016
Query: DESCRIBE `pembayaran`
Params: []

2015-08-10T22:44:10+07:00 INFO (6): 
Elapsed Secs: 0.01748
Query: SELECT `cos`.`nama`, `cos`.`nik_costumer`, `pinj`.`id_pinjaman`, `pinj`.`no_kontrak`, `pinj`.`nilai_pinjaman`, `pinj`.`lama_angsuran`, `kend`.`no_polisi` FROM `pembayaran` AS `pemb`
 INNER JOIN `pinjaman` AS `pinj` ON pinj.no_kontrak = pemb.no_kontrak
 INNER JOIN `costumer` AS `cos` ON cos.nik_costumer =  pinj.nik_costumer
 INNER JOIN `cabang` AS `cab` ON cos.id_cabang = cab.id_cabang
 INNER JOIN `kendaraan` AS `kend` ON kend.no_polisi= pinj.no_polisi WHERE (cab.id_cabang = '001') GROUP BY `pemb`.`no_kontrak` ORDER BY `pemb`.`angsuran_ke` desc
Params: []

