2015-06-26T09:35:59+07:00 INFO (6): 
Elapsed Secs: 0.08636
Query: connect
Params: []

2015-06-26T09:35:59+07:00 INFO (6): 
Elapsed Secs: 0.00166
Query: DESCRIBE `user`
Params: []

2015-06-26T09:35:59+07:00 INFO (6): 
Elapsed Secs: 0.00024
Query: connect
Params: []

2015-06-26T09:35:59+07:00 INFO (6): 
Elapsed Secs: 0.00029
Query: SELECT `user`.*, `cabang`.* FROM `user`
 INNER JOIN `cabang` ON cabang.id_cabang = user.id_cabang WHERE (user.username = 'admin') AND (user.password = '38f078a81a2b033d197497af5b77f95b50bfcfb8')
Params: []

2015-06-26T09:35:59+07:00 INFO (6): 
Elapsed Secs: 0.00027
Query: SELECT `user`.*, `user_login`.*, `cabang`.* FROM `user`
 INNER JOIN `user_login` ON user_login.id_user = user.id_user
 INNER JOIN `cabang` ON cabang.id_cabang = user.id_cabang WHERE (user.id_user = '16')
Params: []

2015-06-26T09:35:59+07:00 INFO (6): 
Elapsed Secs: 0.04039
Query: UPDATE `user_login` SET `last_login` = ?, `login_time` = NOW(), `ip_login` = ?, `status` = ? WHERE (id_user = '16')
Params: {"1":"2015-06-26 00:22:34","2":"172.17.3.234","3":1}

2015-06-26T09:35:59+07:00 INFO (6): 
Elapsed Secs: 0.00035
Query: SELECT `user`.*, `user_login`.*, `cabang`.* FROM `user`
 INNER JOIN `user_login` ON user_login.id_user = user.id_user
 INNER JOIN `cabang` ON cabang.id_cabang = user.id_cabang WHERE (user.id_user = '16')
Params: []

2015-06-26T09:36:05+07:00 INFO (6): 
Elapsed Secs: 0.00034
Query: connect
Params: []

2015-06-26T09:36:05+07:00 INFO (6): 
Elapsed Secs: 0.00188
Query: DESCRIBE `user`
Params: []

2015-06-26T09:36:05+07:00 INFO (6): 
Elapsed Secs: 0.00027
Query: SELECT `user`.* FROM `user` WHERE (id_user = '16') LIMIT 1
Params: []

2015-06-26T09:36:05+07:00 INFO (6): 
Elapsed Secs: 0.00022
Query: connect
Params: []

2015-06-26T09:36:05+07:00 INFO (6): 
Elapsed Secs: 0.00019
Query: SELECT `user`.*, `cabang`.* FROM `user`
 INNER JOIN `cabang` ON cabang.id_cabang = user.id_cabang WHERE (user.id_user = '16')
Params: []

2015-06-26T09:36:16+07:00 INFO (6): 
Elapsed Secs: 0.00108
Query: connect
Params: []

2015-06-26T09:36:16+07:00 INFO (6): 
Elapsed Secs: 0.00028
Query: connect
Params: []

2015-06-26T09:36:16+07:00 INFO (6): 
Elapsed Secs: 0.00118
Query: DESCRIBE `user`
Params: []

2015-06-26T09:36:16+07:00 INFO (6): 
Elapsed Secs: 0.00019
Query: SELECT `user`.* FROM `user` WHERE (id_user = '16') LIMIT 1
Params: []

2015-06-26T09:36:16+07:00 INFO (6): 
Elapsed Secs: 0.03245
Query: UPDATE `user` SET `password` = ? WHERE (id_user = '16')
Params: {"1":"d033e22ae348aeb5660fc2140aec35850c4da997"}

2015-06-26T09:36:16+07:00 INFO (6): 
Elapsed Secs: 0.0002
Query: connect
Params: []

2015-06-26T09:36:16+07:00 INFO (6): 
Elapsed Secs: 0.02859
Query: UPDATE `user_login` SET `status` = ? WHERE (id_user ='16')
Params: {"1":0}

2015-06-26T09:37:04+07:00 INFO (6): 
Elapsed Secs: 0.00115
Query: connect
Params: []

2015-06-26T09:37:04+07:00 INFO (6): 
Elapsed Secs: 0.00102
Query: DESCRIBE `user`
Params: []

2015-06-26T09:37:04+07:00 INFO (6): 
Elapsed Secs: 0.00021
Query: connect
Params: []

2015-06-26T09:37:04+07:00 INFO (6): 
Elapsed Secs: 0.00024
Query: SELECT `user`.*, `cabang`.* FROM `user`
 INNER JOIN `cabang` ON cabang.id_cabang = user.id_cabang WHERE (user.username = 'admin') AND (user.password = 'd033e22ae348aeb5660fc2140aec35850c4da997')
Params: []

2015-06-26T09:37:04+07:00 INFO (6): 
Elapsed Secs: 0.00016
Query: SELECT `user`.*, `user_login`.*, `cabang`.* FROM `user`
 INNER JOIN `user_login` ON user_login.id_user = user.id_user
 INNER JOIN `cabang` ON cabang.id_cabang = user.id_cabang WHERE (user.id_user = '16')
Params: []

2015-06-26T09:37:04+07:00 INFO (6): 
Elapsed Secs: 0.02662
Query: UPDATE `user_login` SET `status` = ?, `login_time` = NOW(), `ip_login` = ?, `last_login` = ? WHERE (id_user = '16')
Params: {"1":1,"2":"172.17.3.234","3":"2015-06-26 09:35:59"}

2015-06-26T09:37:04+07:00 INFO (6): 
Elapsed Secs: 0.00033
Query: SELECT `user`.*, `user_login`.*, `cabang`.* FROM `user`
 INNER JOIN `user_login` ON user_login.id_user = user.id_user
 INNER JOIN `cabang` ON cabang.id_cabang = user.id_cabang WHERE (user.id_user = '16')
Params: []

2015-06-26T09:51:27+07:00 INFO (6): 
Elapsed Secs: 0.00172
Query: connect
Params: []

2015-06-26T09:51:27+07:00 INFO (6): 
Elapsed Secs: 0.00171
Query: DESCRIBE `pinjaman`
Params: []

2015-06-26T09:53:13+07:00 INFO (6): 
Elapsed Secs: 0.00108
Query: connect
Params: []

2015-06-26T09:53:13+07:00 INFO (6): 
Elapsed Secs: 0.00112
Query: DESCRIBE `pinjaman`
Params: []

2015-06-26T09:53:13+07:00 INFO (6): 
Elapsed Secs: 0.01559
Query: SELECT `pin`.* FROM `pinjaman` AS `pin`
 INNER JOIN `costumer` AS `cos` ON pin.nik_costumer = cos.nik_costumer
 INNER JOIN `user` AS `us` ON cos.id_user = us.id_user
 INNER JOIN `cabang` AS `cb` ON us.id_cabang = cb.id_cabang WHERE (us.id_user = '16') AND (cb.id_cabang = '29')
Params: []

2015-06-26T09:53:15+07:00 INFO (6): 
Elapsed Secs: 0.00024
Query: connect
Params: []

2015-06-26T09:53:15+07:00 INFO (6): 
Elapsed Secs: 0.00111
Query: DESCRIBE `pinjaman`
Params: []

2015-06-26T09:53:15+07:00 INFO (6): 
Elapsed Secs: 0.00025
Query: SELECT `pin`.* FROM `pinjaman` AS `pin`
 INNER JOIN `costumer` AS `cos` ON pin.nik_costumer = cos.nik_costumer
 INNER JOIN `user` AS `us` ON cos.id_user = us.id_user
 INNER JOIN `cabang` AS `cb` ON us.id_cabang = cb.id_cabang WHERE (us.id_user = '16') AND (cb.id_cabang = '29')
Params: []

2015-06-26T09:53:17+07:00 INFO (6): 
Elapsed Secs: 0.00024
Query: connect
Params: []

2015-06-26T09:53:17+07:00 INFO (6): 
Elapsed Secs: 0.00109
Query: DESCRIBE `pinjaman`
Params: []

2015-06-26T09:53:17+07:00 INFO (6): 
Elapsed Secs: 0.00023
Query: SELECT `pin`.* FROM `pinjaman` AS `pin`
 INNER JOIN `costumer` AS `cos` ON pin.nik_costumer = cos.nik_costumer
 INNER JOIN `user` AS `us` ON cos.id_user = us.id_user
 INNER JOIN `cabang` AS `cb` ON us.id_cabang = cb.id_cabang WHERE (us.id_user = '16') AND (cb.id_cabang = '29')
Params: []

2015-06-26T09:53:34+07:00 INFO (6): 
Elapsed Secs: 0.00107
Query: connect
Params: []

2015-06-26T09:53:34+07:00 INFO (6): 
Elapsed Secs: 0.00108
Query: DESCRIBE `pinjaman`
Params: []

2015-06-26T09:53:34+07:00 INFO (6): 
Elapsed Secs: 0.00023
Query: SELECT `pin`.* FROM `pinjaman` AS `pin`
 INNER JOIN `costumer` AS `cos` ON pin.nik_costumer = cos.nik_costumer
 INNER JOIN `user` AS `us` ON cos.id_user = us.id_user
 INNER JOIN `cabang` AS `cb` ON us.id_cabang = cb.id_cabang WHERE (us.id_user = '16') AND (cb.id_cabang = '29')
Params: []

2015-06-26T09:54:45+07:00 INFO (6): 
Elapsed Secs: 0.00032
Query: connect
Params: []

2015-06-26T09:54:45+07:00 INFO (6): 
Elapsed Secs: 0.00173
Query: DESCRIBE `pinjaman`
Params: []

2015-06-26T09:54:45+07:00 INFO (6): 
Elapsed Secs: 0.0004
Query: SELECT `pin`.* FROM `pinjaman` AS `pin`
 INNER JOIN `costumer` AS `cos` ON pin.nik_costumer = cos.nik_costumer
 INNER JOIN `user` AS `us` ON cos.id_user = us.id_user
 INNER JOIN `cabang` AS `cb` ON us.id_cabang = cb.id_cabang
Params: []

2015-06-26T09:54:45+07:00 INFO (6): 
Elapsed Secs: 0.0002
Query: connect
Params: []

2015-06-26T09:54:46+07:00 INFO (6): 
Elapsed Secs: 0.00119
Query: DESCRIBE `pinjaman`
Params: []

2015-06-26T09:54:46+07:00 INFO (6): 
Elapsed Secs: 0.00027
Query: SELECT `pin`.* FROM `pinjaman` AS `pin`
 INNER JOIN `costumer` AS `cos` ON pin.nik_costumer = cos.nik_costumer
 INNER JOIN `user` AS `us` ON cos.id_user = us.id_user
 INNER JOIN `cabang` AS `cb` ON us.id_cabang = cb.id_cabang
Params: []

2015-06-26T09:54:47+07:00 INFO (6): 
Elapsed Secs: 0.00025
Query: connect
Params: []

2015-06-26T09:54:47+07:00 INFO (6): 
Elapsed Secs: 0.0014
Query: DESCRIBE `pinjaman`
Params: []

2015-06-26T09:54:47+07:00 INFO (6): 
Elapsed Secs: 0.00027
Query: SELECT `pin`.* FROM `pinjaman` AS `pin`
 INNER JOIN `costumer` AS `cos` ON pin.nik_costumer = cos.nik_costumer
 INNER JOIN `user` AS `us` ON cos.id_user = us.id_user
 INNER JOIN `cabang` AS `cb` ON us.id_cabang = cb.id_cabang
Params: []

2015-06-26T09:56:35+07:00 INFO (6): 
Elapsed Secs: 0.0011
Query: connect
Params: []

2015-06-26T09:56:35+07:00 INFO (6): 
Elapsed Secs: 0.00113
Query: DESCRIBE `pinjaman`
Params: []

2015-06-26T09:56:35+07:00 INFO (6): 
Elapsed Secs: 0.00025
Query: SELECT `pin`.* FROM `pinjaman` AS `pin`
 INNER JOIN `costumer` AS `cos` ON pin.nik_costumer = cos.nik_costumer
 INNER JOIN `user` AS `us` ON cos.id_user = us.id_user
 INNER JOIN `cabang` AS `cb` ON us.id_cabang = cb.id_cabang
Params: []

2015-06-26T09:56:49+07:00 INFO (6): 
Elapsed Secs: 0.00024
Query: connect
Params: []

2015-06-26T09:56:49+07:00 INFO (6): 
Elapsed Secs: 0.00106
Query: DESCRIBE `pinjaman`
Params: []

2015-06-26T09:56:49+07:00 INFO (6): 
Elapsed Secs: 0.00023
Query: SELECT `pin`.* FROM `pinjaman` AS `pin`
 INNER JOIN `costumer` AS `cos` ON pin.nik_costumer = cos.nik_costumer
 INNER JOIN `user` AS `us` ON cos.id_user = us.id_user
 INNER JOIN `cabang` AS `cb` ON us.id_cabang = cb.id_cabang WHERE (us.id_user = '16') AND (cb.id_cabang = '29')
Params: []

2015-06-26T09:56:49+07:00 INFO (6): 
Elapsed Secs: 0.00024
Query: connect
Params: []

2015-06-26T09:56:49+07:00 INFO (6): 
Elapsed Secs: 0.00103
Query: DESCRIBE `pinjaman`
Params: []

2015-06-26T09:56:49+07:00 INFO (6): 
Elapsed Secs: 0.00022
Query: SELECT `pin`.* FROM `pinjaman` AS `pin`
 INNER JOIN `costumer` AS `cos` ON pin.nik_costumer = cos.nik_costumer
 INNER JOIN `user` AS `us` ON cos.id_user = us.id_user
 INNER JOIN `cabang` AS `cb` ON us.id_cabang = cb.id_cabang WHERE (us.id_user = '16') AND (cb.id_cabang = '29')
Params: []

2015-06-26T09:57:44+07:00 INFO (6): 
Elapsed Secs: 0.0003
Query: connect
Params: []

2015-06-26T09:57:44+07:00 INFO (6): 
Elapsed Secs: 0.00133
Query: DESCRIBE `pinjaman`
Params: []

2015-06-26T09:57:44+07:00 INFO (6): 
Elapsed Secs: 0.00024
Query: connect
Params: []

2015-06-26T09:57:44+07:00 INFO (6): 
Elapsed Secs: 0.00027
Query: SELECT `pin`.* FROM `pinjaman` AS `pin`
 INNER JOIN `costumer` AS `cos` ON pin.nik_costumer = cos.nik_costumer
 INNER JOIN `user` AS `us` ON cos.id_user = us.id_user
 INNER JOIN `cabang` AS `cb` ON us.id_cabang = cb.id_cabang WHERE (us.id_user = '16') AND (cb.id_cabang = '29')
Params: []

2015-06-26T09:57:44+07:00 INFO (6): 
Elapsed Secs: 0.0003
Query: connect
Params: []

2015-06-26T09:57:44+07:00 INFO (6): 
Elapsed Secs: 0.00126
Query: DESCRIBE `pinjaman`
Params: []

2015-06-26T09:57:44+07:00 INFO (6): 
Elapsed Secs: 0.00025
Query: connect
Params: []

2015-06-26T09:57:44+07:00 INFO (6): 
Elapsed Secs: 0.0003
Query: SELECT `pin`.* FROM `pinjaman` AS `pin`
 INNER JOIN `costumer` AS `cos` ON pin.nik_costumer = cos.nik_costumer
 INNER JOIN `user` AS `us` ON cos.id_user = us.id_user
 INNER JOIN `cabang` AS `cb` ON us.id_cabang = cb.id_cabang WHERE (us.id_user = '16') AND (cb.id_cabang = '29')
Params: []

2015-06-26T09:57:45+07:00 INFO (6): 
Elapsed Secs: 0.00051
Query: connect
Params: []

2015-06-26T09:57:45+07:00 INFO (6): 
Elapsed Secs: 0.00218
Query: DESCRIBE `pinjaman`
Params: []

2015-06-26T09:57:45+07:00 INFO (6): 
Elapsed Secs: 0.00037
Query: connect
Params: []

2015-06-26T09:57:45+07:00 INFO (6): 
Elapsed Secs: 0.00048
Query: SELECT `pin`.* FROM `pinjaman` AS `pin`
 INNER JOIN `costumer` AS `cos` ON pin.nik_costumer = cos.nik_costumer
 INNER JOIN `user` AS `us` ON cos.id_user = us.id_user
 INNER JOIN `cabang` AS `cb` ON us.id_cabang = cb.id_cabang WHERE (us.id_user = '16') AND (cb.id_cabang = '29')
Params: []

2015-06-26T09:57:45+07:00 INFO (6): 
Elapsed Secs: 0.00034
Query: connect
Params: []

2015-06-26T09:57:45+07:00 INFO (6): 
Elapsed Secs: 0.00117
Query: DESCRIBE `pinjaman`
Params: []

2015-06-26T09:57:45+07:00 INFO (6): 
Elapsed Secs: 0.00027
Query: connect
Params: []

2015-06-26T09:57:45+07:00 INFO (6): 
Elapsed Secs: 0.00032
Query: SELECT `pin`.* FROM `pinjaman` AS `pin`
 INNER JOIN `costumer` AS `cos` ON pin.nik_costumer = cos.nik_costumer
 INNER JOIN `user` AS `us` ON cos.id_user = us.id_user
 INNER JOIN `cabang` AS `cb` ON us.id_cabang = cb.id_cabang WHERE (us.id_user = '16') AND (cb.id_cabang = '29')
Params: []

2015-06-26T09:57:58+07:00 INFO (6): 
Elapsed Secs: 0.00059
Query: connect
Params: []

2015-06-26T09:57:58+07:00 INFO (6): 
Elapsed Secs: 0.00125
Query: DESCRIBE `pinjaman`
Params: []

2015-06-26T09:57:58+07:00 INFO (6): 
Elapsed Secs: 0.00019
Query: connect
Params: []

2015-06-26T09:57:58+07:00 INFO (6): 
Elapsed Secs: 0.00028
Query: SELECT `pin`.* FROM `pinjaman` AS `pin`
 INNER JOIN `costumer` AS `cos` ON pin.nik_costumer = cos.nik_costumer
 INNER JOIN `user` AS `us` ON cos.id_user = us.id_user
 INNER JOIN `cabang` AS `cb` ON us.id_cabang = cb.id_cabang WHERE (us.id_user = '16') AND (cb.id_cabang = '29')
Params: []

2015-06-26T09:58:14+07:00 INFO (6): 
Elapsed Secs: 0.00024
Query: connect
Params: []

2015-06-26T09:58:14+07:00 INFO (6): 
Elapsed Secs: 0.00095
Query: DESCRIBE `pinjaman`
Params: []

2015-06-26T09:58:14+07:00 INFO (6): 
Elapsed Secs: 0.0002
Query: SELECT `pin`.* FROM `pinjaman` AS `pin`
 INNER JOIN `costumer` AS `cos` ON pin.nik_costumer = cos.nik_costumer
 INNER JOIN `user` AS `us` ON cos.id_user = us.id_user
 INNER JOIN `cabang` AS `cb` ON us.id_cabang = cb.id_cabang WHERE (us.id_user = '16') AND (cb.id_cabang = '29')
Params: []

