2015-06-21T22:58:21+07:00 INFO (6): 
Elapsed Secs: 0.00031
Query: connect
Params: []

2015-06-21T22:58:21+07:00 INFO (6): 
Elapsed Secs: 0.00074
Query: DESCRIBE `user`
Params: []

2015-06-21T22:58:21+07:00 INFO (6): 
Elapsed Secs: 0.0003
Query: connect
Params: []

2015-06-21T22:58:21+07:00 INFO (6): 
Elapsed Secs: 0.00028
Query: SELECT `user`.*, `cabang`.* FROM `user`
 INNER JOIN `cabang` ON cabang.id_cabang = user.id_cabang WHERE (user.username = 'admin') AND (user.password = 'd033e22ae348aeb5660fc2140aec35850c4da997')
Params: []

2015-06-21T22:58:21+07:00 INFO (6): 
Elapsed Secs: 0.00027
Query: SELECT `user`.*, `user_login`.*, `cabang`.* FROM `user`
 INNER JOIN `user_login` ON user_login.id_user = user.id_user
 INNER JOIN `cabang` ON cabang.id_cabang = user.id_cabang WHERE (user.id_user = '16')
Params: []

2015-06-21T22:58:22+07:00 INFO (6): 
Elapsed Secs: 0.05784
Query: UPDATE `user_login` SET `last_login` = ?, `login_time` = NOW(), `ip_login` = ?, `status` = ? WHERE (id_user = '16')
Params: {"1":"2015-06-20 22:48:40","2":"172.17.3.234","3":1}

2015-06-21T22:58:22+07:00 INFO (6): 
Elapsed Secs: 0.00031
Query: SELECT `user`.*, `user_login`.*, `cabang`.* FROM `user`
 INNER JOIN `user_login` ON user_login.id_user = user.id_user
 INNER JOIN `cabang` ON cabang.id_cabang = user.id_cabang WHERE (user.id_user = '16')
Params: []

2015-06-21T22:58:25+07:00 INFO (6): 
Elapsed Secs: 0.00031
Query: connect
Params: []

