2015-07-06T09:27:37+07:00 INFO (6): 
Elapsed Secs: 0.27982
Query: connect
Params: []

2015-07-06T09:27:37+07:00 INFO (6): 
Elapsed Secs: 0.32991
Query: DESCRIBE `user`
Params: []

2015-07-06T09:27:37+07:00 INFO (6): 
Elapsed Secs: 0.00878
Query: connect
Params: []

2015-07-06T09:27:37+07:00 INFO (6): 
Elapsed Secs: 0.12069
Query: SELECT `user`.*, `cabang`.* FROM `user`
 INNER JOIN `cabang` ON cabang.id_cabang = user.id_cabang WHERE (user.username = 'admin') AND (user.password = 'e31ab963b13dfd0ece3988f6c547639891bec465')
Params: []

2015-07-06T09:27:41+07:00 INFO (6): 
Elapsed Secs: 0.04668
Query: connect
Params: []

2015-07-06T09:27:41+07:00 INFO (6): 
Elapsed Secs: 0.0015
Query: DESCRIBE `user`
Params: []

2015-07-06T09:27:41+07:00 INFO (6): 
Elapsed Secs: 0.07401
Query: connect
Params: []

2015-07-06T09:27:41+07:00 INFO (6): 
Elapsed Secs: 0.00052
Query: SELECT `user`.*, `cabang`.* FROM `user`
 INNER JOIN `cabang` ON cabang.id_cabang = user.id_cabang WHERE (user.username = 'admin') AND (user.password = 'd033e22ae348aeb5660fc2140aec35850c4da997')
Params: []

2015-07-06T09:27:41+07:00 INFO (6): 
Elapsed Secs: 0.03782
Query: SELECT `user`.*, `user_login`.*, `cabang`.* FROM `user`
 INNER JOIN `user_login` ON user_login.id_user = user.id_user
 INNER JOIN `cabang` ON cabang.id_cabang = user.id_cabang WHERE (user.id_user = '16')
Params: []

2015-07-06T09:27:41+07:00 INFO (6): 
Elapsed Secs: 0.24897
Query: UPDATE `user_login` SET `status` = ?, `login_time` = NOW(), `ip_login` = ?, `last_login` = ? WHERE (id_user = '16')
Params: {"1":1,"2":"127.0.0.1","3":"2015-07-06 02:24:54"}

2015-07-06T09:27:41+07:00 INFO (6): 
Elapsed Secs: 0.0003
Query: SELECT `user`.*, `user_login`.*, `cabang`.* FROM `user`
 INNER JOIN `user_login` ON user_login.id_user = user.id_user
 INNER JOIN `cabang` ON cabang.id_cabang = user.id_cabang WHERE (user.id_user = '16')
Params: []

2015-07-06T09:27:47+07:00 INFO (6): 
Elapsed Secs: 0.02593
Query: connect
Params: []

2015-07-06T09:27:47+07:00 INFO (6): 
Elapsed Secs: 0.00095
Query: DESCRIBE `costumer`
Params: []

2015-07-06T09:27:47+07:00 INFO (6): 
Elapsed Secs: 0.0209
Query: connect
Params: []

2015-07-06T09:27:47+07:00 INFO (6): 
Elapsed Secs: 0.01054
Query: SELECT `costumer`.`nik_costumer` FROM `costumer`
Params: []

2015-07-06T09:27:47+07:00 INFO (6): 
Elapsed Secs: 0.00672
Query: DESCRIBE `kendaraan`
Params: []

2015-07-06T09:27:47+07:00 INFO (6): 
Elapsed Secs: 0.00063
Query: SELECT `ken`.`no_polisi`, `ken`.`nik_costumer`, `cb`.* FROM `kendaraan` AS `ken`
 INNER JOIN `costumer` AS `cos` ON cos.nik_costumer = ken.nik_costumer
 INNER JOIN `penjamin` AS `pen` ON cos.nik_costumer = pen.nik_costumer
 INNER JOIN `user` AS `us` ON cos.id_user = us.id_user
 INNER JOIN `cabang` AS `cb` ON cb.id_cabang = us.id_cabang WHERE (us.id_user = '16') AND (ken.status != 'kredit')
Params: []

2015-07-06T09:27:49+07:00 INFO (6): 
Elapsed Secs: 0.00142
Query: connect
Params: []

2015-07-06T09:27:49+07:00 INFO (6): 
Elapsed Secs: 0.00065
Query: DESCRIBE `cabang`
Params: []

2015-07-06T09:27:49+07:00 INFO (6): 
Elapsed Secs: 0.00017
Query: SELECT `cabang`.* FROM `cabang` WHERE (id_cabang = '29' ) LIMIT 1
Params: []

2015-07-06T09:27:49+07:00 INFO (6): 
Elapsed Secs: 0.00079
Query: DESCRIBE `pinjaman`
Params: []

2015-07-06T09:27:49+07:00 INFO (6): 
Elapsed Secs: 0.00037
Query: SELECT `pin`.*, `cos`.`nama` FROM `pinjaman` AS `pin`
 INNER JOIN `costumer` AS `cos` ON pin.nik_costumer = cos.nik_costumer
 INNER JOIN `user` AS `us` ON cos.id_user = us.id_user
 INNER JOIN `cabang` AS `cb` ON us.id_cabang = cb.id_cabang WHERE (us.id_user = '16') OR (cb.id_cabang = '29')
Params: []

2015-07-06T09:27:49+07:00 INFO (6): 
Elapsed Secs: 0.13373
Query: DESCRIBE `spb`
Params: []

2015-07-06T09:27:49+07:00 INFO (6): 
Elapsed Secs: 0.00022
Query: SELECT `spb`.* FROM `spb` WHERE (no_kontrak = '29/MF/00001/15') LIMIT 1
Params: []

2015-07-06T09:27:49+07:00 INFO (6): 
Elapsed Secs: 0.00018
Query: SELECT `spb`.* FROM `spb` WHERE (no_kontrak = '29/MF/00154/15') LIMIT 1
Params: []

2015-07-06T09:27:54+07:00 INFO (6): 
Elapsed Secs: 0.0007
Query: connect
Params: []

2015-07-06T09:27:54+07:00 INFO (6): 
Elapsed Secs: 0.00076
Query: DESCRIBE `cabang`
Params: []

2015-07-06T09:27:54+07:00 INFO (6): 
Elapsed Secs: 0.00017
Query: SELECT `cabang`.* FROM `cabang` WHERE (id_cabang = '29' ) LIMIT 1
Params: []

2015-07-06T09:27:54+07:00 INFO (6): 
Elapsed Secs: 0.0006
Query: DESCRIBE `pinjaman`
Params: []

2015-07-06T09:27:54+07:00 INFO (6): 
Elapsed Secs: 0.00029
Query: SELECT `pin`.*, `cos`.`nama`, `cb`.`cabang` FROM `pinjaman` AS `pin`
 INNER JOIN `costumer` AS `cos` ON pin.nik_costumer = cos.nik_costumer
 INNER JOIN `user` AS `us` ON cos.id_user = us.id_user
 INNER JOIN `cabang` AS `cb` ON us.id_cabang = cb.id_cabang
Params: []

2015-07-06T09:27:54+07:00 INFO (6): 
Elapsed Secs: 0.00059
Query: DESCRIBE `spb`
Params: []

2015-07-06T09:27:54+07:00 INFO (6): 
Elapsed Secs: 0.00014
Query: SELECT `spb`.* FROM `spb` WHERE (no_kontrak = '29/MF/00001/15') LIMIT 1
Params: []

2015-07-06T09:27:54+07:00 INFO (6): 
Elapsed Secs: 0.00012
Query: SELECT `spb`.* FROM `spb` WHERE (no_kontrak = '29/MF/00154/15') LIMIT 1
Params: []

2015-07-06T09:27:54+07:00 INFO (6): 
Elapsed Secs: 8.0E-5
Query: SELECT `spb`.* FROM `spb` WHERE (no_kontrak = '30/MD/00156/15') LIMIT 1
Params: []

2015-07-06T09:27:54+07:00 INFO (6): 
Elapsed Secs: 0.00013
Query: SELECT `spb`.* FROM `spb` WHERE (no_kontrak = '30/MF/00155/15') LIMIT 1
Params: []

2015-07-06T09:28:59+07:00 INFO (6): 
Elapsed Secs: 0.01351
Query: connect
Params: []

2015-07-06T09:28:59+07:00 INFO (6): 
Elapsed Secs: 0.00079
Query: DESCRIBE `cabang`
Params: []

2015-07-06T09:28:59+07:00 INFO (6): 
Elapsed Secs: 0.00019
Query: SELECT `cabang`.* FROM `cabang` WHERE (id_cabang = '29' ) LIMIT 1
Params: []

2015-07-06T09:28:59+07:00 INFO (6): 
Elapsed Secs: 0.0009
Query: DESCRIBE `pinjaman`
Params: []

2015-07-06T09:28:59+07:00 INFO (6): 
Elapsed Secs: 0.00029
Query: SELECT `pin`.*, `cos`.`nama`, `cb`.`cabang` FROM `pinjaman` AS `pin`
 INNER JOIN `costumer` AS `cos` ON pin.nik_costumer = cos.nik_costumer
 INNER JOIN `user` AS `us` ON cos.id_user = us.id_user
 INNER JOIN `cabang` AS `cb` ON us.id_cabang = cb.id_cabang
Params: []

2015-07-06T09:28:59+07:00 INFO (6): 
Elapsed Secs: 0.00047
Query: DESCRIBE `spb`
Params: []

2015-07-06T09:28:59+07:00 INFO (6): 
Elapsed Secs: 0.00016
Query: SELECT `spb`.* FROM `spb` WHERE (no_kontrak = '29/MF/00001/15') LIMIT 1
Params: []

2015-07-06T09:28:59+07:00 INFO (6): 
Elapsed Secs: 0.00014
Query: SELECT `spb`.* FROM `spb` WHERE (no_kontrak = '29/MF/00154/15') LIMIT 1
Params: []

2015-07-06T09:28:59+07:00 INFO (6): 
Elapsed Secs: 0.0001
Query: SELECT `spb`.* FROM `spb` WHERE (no_kontrak = '30/MD/00156/15') LIMIT 1
Params: []

2015-07-06T09:29:00+07:00 INFO (6): 
Elapsed Secs: 0.00011
Query: SELECT `spb`.* FROM `spb` WHERE (no_kontrak = '30/MF/00155/15') LIMIT 1
Params: []

2015-07-06T09:29:20+07:00 INFO (6): 
Elapsed Secs: 0.02234
Query: connect
Params: []

2015-07-06T09:29:20+07:00 INFO (6): 
Elapsed Secs: 0.00093
Query: DESCRIBE `cabang`
Params: []

2015-07-06T09:29:20+07:00 INFO (6): 
Elapsed Secs: 0.00023
Query: SELECT `cabang`.* FROM `cabang` WHERE (id_cabang = '29' ) LIMIT 1
Params: []

2015-07-06T09:29:20+07:00 INFO (6): 
Elapsed Secs: 0.00084
Query: DESCRIBE `pinjaman`
Params: []

2015-07-06T09:29:20+07:00 INFO (6): 
Elapsed Secs: 0.00039
Query: SELECT `pin`.*, `cos`.`nama` FROM `pinjaman` AS `pin`
 INNER JOIN `costumer` AS `cos` ON pin.nik_costumer = cos.nik_costumer
 INNER JOIN `user` AS `us` ON cos.id_user = us.id_user
 INNER JOIN `cabang` AS `cb` ON us.id_cabang = cb.id_cabang WHERE (us.id_user = '16') OR (cb.id_cabang = '29')
Params: []

2015-07-06T09:29:20+07:00 INFO (6): 
Elapsed Secs: 0.00078
Query: DESCRIBE `spb`
Params: []

2015-07-06T09:29:20+07:00 INFO (6): 
Elapsed Secs: 0.00019
Query: SELECT `spb`.* FROM `spb` WHERE (no_kontrak = '29/MF/00001/15') LIMIT 1
Params: []

2015-07-06T09:29:20+07:00 INFO (6): 
Elapsed Secs: 0.00018
Query: SELECT `spb`.* FROM `spb` WHERE (no_kontrak = '29/MF/00154/15') LIMIT 1
Params: []

2015-07-06T09:29:46+07:00 INFO (6): 
Elapsed Secs: 0.06791
Query: connect
Params: []

2015-07-06T09:29:46+07:00 INFO (6): 
Elapsed Secs: 0.00076
Query: DESCRIBE `cabang`
Params: []

2015-07-06T09:29:46+07:00 INFO (6): 
Elapsed Secs: 0.00017
Query: SELECT `cabang`.* FROM `cabang` WHERE (id_cabang = '29' ) LIMIT 1
Params: []

2015-07-06T09:29:46+07:00 INFO (6): 
Elapsed Secs: 0.00057
Query: DESCRIBE `pinjaman`
Params: []

2015-07-06T09:29:46+07:00 INFO (6): 
Elapsed Secs: 0.00032
Query: SELECT `pin`.*, `cos`.`nama` FROM `pinjaman` AS `pin`
 INNER JOIN `costumer` AS `cos` ON pin.nik_costumer = cos.nik_costumer
 INNER JOIN `user` AS `us` ON cos.id_user = us.id_user
 INNER JOIN `cabang` AS `cb` ON us.id_cabang = cb.id_cabang WHERE (us.id_user = '16') OR (cb.id_cabang = '29')
Params: []

2015-07-06T09:29:46+07:00 INFO (6): 
Elapsed Secs: 0.00057
Query: DESCRIBE `spb`
Params: []

2015-07-06T09:29:46+07:00 INFO (6): 
Elapsed Secs: 0.00012
Query: SELECT `spb`.* FROM `spb` WHERE (no_kontrak = '29/MF/00001/15') LIMIT 1
Params: []

2015-07-06T09:29:46+07:00 INFO (6): 
Elapsed Secs: 0.00012
Query: SELECT `spb`.* FROM `spb` WHERE (no_kontrak = '29/MF/00154/15') LIMIT 1
Params: []

2015-07-06T09:29:48+07:00 INFO (6): 
Elapsed Secs: 0.02009
Query: connect
Params: []

2015-07-06T09:29:48+07:00 INFO (6): 
Elapsed Secs: 0.00053
Query: connect
Params: []

2015-07-06T09:29:48+07:00 INFO (6): 
Elapsed Secs: 0.00076
Query: DESCRIBE `pinjaman`
Params: []

2015-07-06T09:29:48+07:00 INFO (6): 
Elapsed Secs: 0.0002
Query: SELECT `pinjaman`.* FROM `pinjaman` WHERE (id_pinjaman ='155') LIMIT 1
Params: []

2015-07-06T09:29:48+07:00 INFO (6): 
Elapsed Secs: 0.00062
Query: DESCRIBE `spb`
Params: []

2015-07-06T09:29:48+07:00 INFO (6): 
Elapsed Secs: 0.15389
Query: INSERT INTO `spb` (`nik_costumer`, `no_kontrak`, `no_polisi`) VALUES (?, ?, ?)
Params: {"1":"41112121111","2":"29\/MF\/00154\/15","3":"BE85"}

2015-07-06T09:29:48+07:00 INFO (6): 
Elapsed Secs: 0.00076
Query: DESCRIBE `user`
Params: []

2015-07-06T09:29:48+07:00 INFO (6): 
Elapsed Secs: 0.00019
Query: SELECT `user`.`realname` FROM `user` WHERE (level = 'kasir') AND (user.id_cabang = '29')
Params: []

2015-07-06T09:29:48+07:00 INFO (6): 
Elapsed Secs: 0.00041
Query: SELECT `pin`.*, `pin`.`no_kontrak`, `cos`.`nama`, `ken`.`no_polisi`, `ken`.`merk`, `ken`.`tahun_pembuatan`, `ken`.`warna`, `ken`.`nama_bpkb`, `pin`.`nilai_pinjaman`, `pin`.`angsuran_perbulan`, `pin`.`lama_angsuran`, `pin`.`tanggal_jatuh_tempo` FROM `pinjaman` AS `pin`
 INNER JOIN `costumer` AS `cos` ON pin.nik_costumer = cos.nik_costumer
 INNER JOIN `user` AS `us` ON cos.id_user = us.id_user
 INNER JOIN `kendaraan` AS `ken` ON ken.no_polisi = pin.no_polisi WHERE (pin.id_pinjaman = '155')
Params: []

2015-07-06T09:34:13+07:00 INFO (6): 
Elapsed Secs: 0.03662
Query: connect
Params: []

2015-07-06T09:34:13+07:00 INFO (6): 
Elapsed Secs: 0.06097
Query: UPDATE `user_login` SET `status` = ? WHERE (id_user ='16')
Params: {"1":0}

