2015-06-20T11:00:05+07:00 INFO (6): 
Elapsed Secs: 0.00027
Query: connect
Params: []

2015-06-20T11:00:05+07:00 INFO (6): 
Elapsed Secs: 0.00135
Query: DESCRIBE `kendaraan`
Params: []

2015-06-20T11:00:05+07:00 INFO (6): 
Elapsed Secs: 0.00024
Query: connect
Params: []

2015-06-20T11:00:05+07:00 INFO (6): 
Elapsed Secs: 0.00036
Query: SELECT `ken`.*, `cos`.`id_cabang`, `us`.`id_user`, `cb`.`cabang` FROM `kendaraan` AS `ken`
 INNER JOIN `costumer` AS `cos` ON cos.nik_costumer=ken.nik_costumer
 INNER JOIN `user` AS `us` ON us.id_user = cos.id_user
 INNER JOIN `cabang` AS `cb` ON cos.id_cabang = cb.id_cabang
Params: []

2015-06-20T11:00:35+07:00 INFO (6): 
Elapsed Secs: 0.00043
Query: connect
Params: []

2015-06-20T11:00:35+07:00 INFO (6): 
Elapsed Secs: 0.00209
Query: DESCRIBE `kendaraan`
Params: []

2015-06-20T11:00:35+07:00 INFO (6): 
Elapsed Secs: 0.00029
Query: connect
Params: []

2015-06-20T11:00:35+07:00 INFO (6): 
Elapsed Secs: 0.00039
Query: SELECT `ken`.*, `cos`.`id_cabang`, `us`.`id_user`, `cb`.`cabang` FROM `kendaraan` AS `ken`
 INNER JOIN `costumer` AS `cos` ON cos.nik_costumer=ken.nik_costumer
 INNER JOIN `user` AS `us` ON us.id_user = cos.id_user
 INNER JOIN `cabang` AS `cb` ON cos.id_cabang = cb.id_cabang
Params: []

2015-06-20T11:00:36+07:00 INFO (6): 
Elapsed Secs: 0.00114
Query: connect
Params: []

2015-06-20T11:00:36+07:00 INFO (6): 
Elapsed Secs: 0.00099
Query: DESCRIBE `cabang`
Params: []

2015-06-20T11:00:36+07:00 INFO (6): 
Elapsed Secs: 0.00019
Query: SELECT `cabang`.* FROM `cabang` WHERE (id_cabang = '29' ) LIMIT 1
Params: []

2015-06-20T11:00:36+07:00 INFO (6): 
Elapsed Secs: 0.00076
Query: DESCRIBE `kendaraan`
Params: []

2015-06-20T11:00:36+07:00 INFO (6): 
Elapsed Secs: 0.00026
Query: connect
Params: []

2015-06-20T11:00:36+07:00 INFO (6): 
Elapsed Secs: 0.00029
Query: SELECT `ken`.*, `cos`.`id_cabang`, `us`.`id_user`, `cb`.`cabang` FROM `kendaraan` AS `ken`
 INNER JOIN `costumer` AS `cos` ON cos.nik_costumer=ken.nik_costumer
 INNER JOIN `user` AS `us` ON us.id_user = cos.id_user
 INNER JOIN `cabang` AS `cb` ON cos.id_cabang = cb.id_cabang WHERE (us.id_user = '16') AND (cb.id_cabang = '29')
Params: []

2015-06-20T11:00:58+07:00 INFO (6): 
Elapsed Secs: 0.00029
Query: connect
Params: []

2015-06-20T11:00:58+07:00 INFO (6): 
Elapsed Secs: 0.01668
Query: DESCRIBE `cabang`
Params: []

2015-06-20T11:00:58+07:00 INFO (6): 
Elapsed Secs: 0.00022
Query: SELECT `cabang`.* FROM `cabang` WHERE (id_cabang = '29' ) LIMIT 1
Params: []

2015-06-20T11:00:58+07:00 INFO (6): 
Elapsed Secs: 0.00118
Query: DESCRIBE `kendaraan`
Params: []

2015-06-20T11:00:58+07:00 INFO (6): 
Elapsed Secs: 0.00028
Query: connect
Params: []

2015-06-20T11:00:58+07:00 INFO (6): 
Elapsed Secs: 0.00035
Query: SELECT `ken`.*, `cos`.`id_cabang`, `us`.`id_user`, `cb`.`cabang` FROM `kendaraan` AS `ken`
 INNER JOIN `costumer` AS `cos` ON cos.nik_costumer=ken.nik_costumer
 INNER JOIN `user` AS `us` ON us.id_user = cos.id_user
 INNER JOIN `cabang` AS `cb` ON cos.id_cabang = cb.id_cabang WHERE (us.id_user = '16') AND (cb.id_cabang = '29')
Params: []

2015-06-20T11:01:04+07:00 INFO (6): 
Elapsed Secs: 0.00041
Query: connect
Params: []

2015-06-20T11:01:04+07:00 INFO (6): 
Elapsed Secs: 0.00224
Query: DESCRIBE `kendaraan`
Params: []

2015-06-20T11:01:04+07:00 INFO (6): 
Elapsed Secs: 0.00041
Query: connect
Params: []

2015-06-20T11:01:04+07:00 INFO (6): 
Elapsed Secs: 0.00071
Query: SELECT `ken`.*, `cos`.`id_cabang`, `us`.`id_user`, `cb`.`cabang` FROM `kendaraan` AS `ken`
 INNER JOIN `costumer` AS `cos` ON cos.nik_costumer=ken.nik_costumer
 INNER JOIN `user` AS `us` ON us.id_user = cos.id_user
 INNER JOIN `cabang` AS `cb` ON cos.id_cabang = cb.id_cabang
Params: []

2015-06-20T11:01:07+07:00 INFO (6): 
Elapsed Secs: 0.00023
Query: connect
Params: []

2015-06-20T11:01:07+07:00 INFO (6): 
Elapsed Secs: 0.00096
Query: DESCRIBE `cabang`
Params: []

2015-06-20T11:01:07+07:00 INFO (6): 
Elapsed Secs: 0.00014
Query: SELECT `cabang`.* FROM `cabang` WHERE (id_cabang = '29' ) LIMIT 1
Params: []

2015-06-20T11:01:07+07:00 INFO (6): 
Elapsed Secs: 0.00077
Query: DESCRIBE `kendaraan`
Params: []

2015-06-20T11:01:07+07:00 INFO (6): 
Elapsed Secs: 0.00016
Query: connect
Params: []

2015-06-20T11:01:07+07:00 INFO (6): 
Elapsed Secs: 0.00021
Query: SELECT `ken`.*, `cos`.`id_cabang`, `us`.`id_user`, `cb`.`cabang` FROM `kendaraan` AS `ken`
 INNER JOIN `costumer` AS `cos` ON cos.nik_costumer=ken.nik_costumer
 INNER JOIN `user` AS `us` ON us.id_user = cos.id_user
 INNER JOIN `cabang` AS `cb` ON cos.id_cabang = cb.id_cabang WHERE (us.id_user = '16') AND (cb.id_cabang = '29')
Params: []

2015-06-20T11:01:08+07:00 INFO (6): 
Elapsed Secs: 0.00028
Query: connect
Params: []

2015-06-20T11:01:08+07:00 INFO (6): 
Elapsed Secs: 0.00098
Query: DESCRIBE `kendaraan`
Params: []

2015-06-20T11:01:08+07:00 INFO (6): 
Elapsed Secs: 0.00016
Query: connect
Params: []

2015-06-20T11:01:08+07:00 INFO (6): 
Elapsed Secs: 0.00028
Query: SELECT `ken`.*, `cos`.`id_cabang`, `us`.`id_user`, `cb`.`cabang` FROM `kendaraan` AS `ken`
 INNER JOIN `costumer` AS `cos` ON cos.nik_costumer=ken.nik_costumer
 INNER JOIN `user` AS `us` ON us.id_user = cos.id_user
 INNER JOIN `cabang` AS `cb` ON cos.id_cabang = cb.id_cabang
Params: []

2015-06-20T11:01:09+07:00 INFO (6): 
Elapsed Secs: 0.00026
Query: connect
Params: []

2015-06-20T11:01:09+07:00 INFO (6): 
Elapsed Secs: 0.00091
Query: DESCRIBE `cabang`
Params: []

2015-06-20T11:01:09+07:00 INFO (6): 
Elapsed Secs: 0.00017
Query: SELECT `cabang`.* FROM `cabang` WHERE (id_cabang = '29' ) LIMIT 1
Params: []

2015-06-20T11:01:09+07:00 INFO (6): 
Elapsed Secs: 0.00076
Query: DESCRIBE `kendaraan`
Params: []

2015-06-20T11:01:09+07:00 INFO (6): 
Elapsed Secs: 0.00021
Query: connect
Params: []

2015-06-20T11:01:09+07:00 INFO (6): 
Elapsed Secs: 0.00023
Query: SELECT `ken`.*, `cos`.`id_cabang`, `us`.`id_user`, `cb`.`cabang` FROM `kendaraan` AS `ken`
 INNER JOIN `costumer` AS `cos` ON cos.nik_costumer=ken.nik_costumer
 INNER JOIN `user` AS `us` ON us.id_user = cos.id_user
 INNER JOIN `cabang` AS `cb` ON cos.id_cabang = cb.id_cabang WHERE (us.id_user = '16') AND (cb.id_cabang = '29')
Params: []

2015-06-20T11:01:10+07:00 INFO (6): 
Elapsed Secs: 0.00031
Query: connect
Params: []

2015-06-20T11:01:10+07:00 INFO (6): 
Elapsed Secs: 0.0013
Query: DESCRIBE `costumer`
Params: []

2015-06-20T11:01:10+07:00 INFO (6): 
Elapsed Secs: 0.0003
Query: SELECT `cos`.`nik_costumer`, `cos`.`nama`, `cos`.`alamat`, `cos`.`jenis_kelamin`, `cos`.`tempat_lahir`, `cos`.`tanggal_lahir`, `cos`.`nama_ibu`, `cos`.`agama`, `cos`.`status`, `cos`.`pekerjaan`, `cos`.`alamat_tempat_kerja`, `cos`.`hp`, `cos`.`telpon`, `us`.`realname`, `cb`.`cabang` FROM `costumer` AS `cos`
 INNER JOIN `user` AS `us` ON cos.id_user=us.id_user
 INNER JOIN `cabang` AS `cb` ON us.id_cabang = cb.id_cabang WHERE (cos.id_user = '16')
Params: []

2015-06-20T11:01:13+07:00 INFO (6): 
Elapsed Secs: 0.00027
Query: connect
Params: []

2015-06-20T11:01:13+07:00 INFO (6): 
Elapsed Secs: 0.00103
Query: DESCRIBE `costumer`
Params: []

2015-06-20T11:01:13+07:00 INFO (6): 
Elapsed Secs: 0.00026
Query: SELECT `cos`.`nik_costumer`, `cos`.`nama`, `cos`.`alamat`, `cos`.`jenis_kelamin`, `cos`.`tempat_lahir`, `cos`.`tanggal_lahir`, `cos`.`nama_ibu`, `cos`.`agama`, `cos`.`status`, `cos`.`pekerjaan`, `cos`.`alamat_tempat_kerja`, `cos`.`hp`, `cos`.`telpon`, `us`.`realname`, `cb`.`cabang` FROM `costumer` AS `cos`
 INNER JOIN `user` AS `us` ON cos.id_user=us.id_user
 INNER JOIN `cabang` AS `cb` ON us.id_cabang = cb.id_cabang WHERE (cos.id_user = '16')
Params: []

2015-06-20T11:01:15+07:00 INFO (6): 
Elapsed Secs: 0.00031
Query: connect
Params: []

2015-06-20T11:01:15+07:00 INFO (6): 
Elapsed Secs: 0.00101
Query: DESCRIBE `penjamin`
Params: []

2015-06-20T11:01:15+07:00 INFO (6): 
Elapsed Secs: 0.00015
Query: connect
Params: []

2015-06-20T11:01:15+07:00 INFO (6): 
Elapsed Secs: 0.00028
Query: SELECT `pe`.*, `cos`.`id_cabang`, `cos`.`id_user`, `cb`.`cabang` FROM `penjamin` AS `pe`
 INNER JOIN `costumer` AS `cos` ON pe.nik_costumer = cos.nik_costumer
 INNER JOIN `user` AS `us` ON us.id_user = cos.id_user
 INNER JOIN `cabang` AS `cb` ON cb.id_cabang = cos.id_cabang WHERE (us.id_user= '16') AND (cb.id_cabang = '29')
Params: []

2015-06-20T11:01:17+07:00 INFO (6): 
Elapsed Secs: 0.00029
Query: connect
Params: []

2015-06-20T11:01:17+07:00 INFO (6): 
Elapsed Secs: 0.00096
Query: DESCRIBE `cabang`
Params: []

2015-06-20T11:01:17+07:00 INFO (6): 
Elapsed Secs: 0.00018
Query: SELECT `cabang`.* FROM `cabang` WHERE (id_cabang = '29' ) LIMIT 1
Params: []

2015-06-20T11:01:17+07:00 INFO (6): 
Elapsed Secs: 0.00078
Query: DESCRIBE `kendaraan`
Params: []

2015-06-20T11:01:17+07:00 INFO (6): 
Elapsed Secs: 0.00012
Query: connect
Params: []

2015-06-20T11:01:17+07:00 INFO (6): 
Elapsed Secs: 0.00022
Query: SELECT `ken`.*, `cos`.`id_cabang`, `us`.`id_user`, `cb`.`cabang` FROM `kendaraan` AS `ken`
 INNER JOIN `costumer` AS `cos` ON cos.nik_costumer=ken.nik_costumer
 INNER JOIN `user` AS `us` ON us.id_user = cos.id_user
 INNER JOIN `cabang` AS `cb` ON cos.id_cabang = cb.id_cabang WHERE (us.id_user = '16') AND (cb.id_cabang = '29')
Params: []

2015-06-20T11:07:05+07:00 INFO (6): 
Elapsed Secs: 0.00029
Query: connect
Params: []

2015-06-20T11:07:05+07:00 INFO (6): 
Elapsed Secs: 0.00129
Query: DESCRIBE `penjamin`
Params: []

2015-06-20T11:07:05+07:00 INFO (6): 
Elapsed Secs: 0.00023
Query: connect
Params: []

2015-06-20T11:07:05+07:00 INFO (6): 
Elapsed Secs: 0.00042
Query: SELECT `pe`.*, `cos`.`id_cabang`, `cos`.`id_user`, `cb`.`cabang` FROM `penjamin` AS `pe`
 INNER JOIN `costumer` AS `cos` ON pe.nik_costumer = cos.nik_costumer
 INNER JOIN `user` AS `us` ON us.id_user = cos.id_user
 INNER JOIN `cabang` AS `cb` ON cb.id_cabang = cos.id_cabang WHERE (us.id_user= '16') AND (cb.id_cabang = '29')
Params: []

2015-06-20T11:07:07+07:00 INFO (6): 
Elapsed Secs: 0.00024
Query: connect
Params: []

2015-06-20T11:07:07+07:00 INFO (6): 
Elapsed Secs: 0.00132
Query: DESCRIBE `penjamin`
Params: []

2015-06-20T11:07:07+07:00 INFO (6): 
Elapsed Secs: 0.00018
Query: connect
Params: []

2015-06-20T11:07:07+07:00 INFO (6): 
Elapsed Secs: 0.00031
Query: SELECT `pe`.*, `cos`.`id_cabang`, `cos`.`id_user`, `cb`.`cabang` FROM `penjamin` AS `pe`
 INNER JOIN `costumer` AS `cos` ON pe.nik_costumer = cos.nik_costumer
 INNER JOIN `user` AS `us` ON us.id_user = cos.id_user
 INNER JOIN `cabang` AS `cb` ON cb.id_cabang = cos.id_cabang WHERE (us.id_user= '16') AND (cb.id_cabang = '29')
Params: []

2015-06-20T11:07:18+07:00 INFO (6): 
Elapsed Secs: 0.00024
Query: connect
Params: []

2015-06-20T11:07:18+07:00 INFO (6): 
Elapsed Secs: 0.00144
Query: DESCRIBE `cabang`
Params: []

2015-06-20T11:07:18+07:00 INFO (6): 
Elapsed Secs: 0.00021
Query: SELECT `cabang`.* FROM `cabang` WHERE (id_cabang = '29' ) LIMIT 1
Params: []

2015-06-20T11:07:18+07:00 INFO (6): 
Elapsed Secs: 0.00129
Query: DESCRIBE `kendaraan`
Params: []

2015-06-20T11:07:18+07:00 INFO (6): 
Elapsed Secs: 0.00026
Query: connect
Params: []

2015-06-20T11:07:18+07:00 INFO (6): 
Elapsed Secs: 0.00039
Query: SELECT `ken`.*, `cos`.`id_cabang`, `us`.`id_user`, `cb`.`cabang` FROM `kendaraan` AS `ken`
 INNER JOIN `costumer` AS `cos` ON cos.nik_costumer=ken.nik_costumer
 INNER JOIN `user` AS `us` ON us.id_user = cos.id_user
 INNER JOIN `cabang` AS `cb` ON cos.id_cabang = cb.id_cabang WHERE (us.id_user = '16') AND (cb.id_cabang = '29')
Params: []

2015-06-20T11:07:21+07:00 INFO (6): 
Elapsed Secs: 0.00022
Query: connect
Params: []

2015-06-20T11:07:21+07:00 INFO (6): 
Elapsed Secs: 0.00094
Query: DESCRIBE `penjamin`
Params: []

2015-06-20T11:07:21+07:00 INFO (6): 
Elapsed Secs: 0.0003
Query: connect
Params: []

2015-06-20T11:07:21+07:00 INFO (6): 
Elapsed Secs: 0.00059
Query: SELECT `pe`.*, `cos`.`id_cabang`, `cos`.`id_user`, `cb`.`cabang` FROM `penjamin` AS `pe`
 INNER JOIN `costumer` AS `cos` ON pe.nik_costumer = cos.nik_costumer
 INNER JOIN `user` AS `us` ON us.id_user = cos.id_user
 INNER JOIN `cabang` AS `cb` ON cb.id_cabang = cos.id_cabang WHERE (us.id_user= '16') AND (cb.id_cabang = '29')
Params: []

2015-06-20T11:07:22+07:00 INFO (6): 
Elapsed Secs: 0.00027
Query: connect
Params: []

2015-06-20T11:07:22+07:00 INFO (6): 
Elapsed Secs: 0.00136
Query: DESCRIBE `costumer`
Params: []

2015-06-20T11:07:22+07:00 INFO (6): 
Elapsed Secs: 0.00029
Query: SELECT `cos`.`nik_costumer`, `cos`.`nama`, `cos`.`alamat`, `cos`.`jenis_kelamin`, `cos`.`tempat_lahir`, `cos`.`tanggal_lahir`, `cos`.`nama_ibu`, `cos`.`agama`, `cos`.`status`, `cos`.`pekerjaan`, `cos`.`alamat_tempat_kerja`, `cos`.`hp`, `cos`.`telpon`, `us`.`realname`, `cb`.`cabang` FROM `costumer` AS `cos`
 INNER JOIN `user` AS `us` ON cos.id_user=us.id_user
 INNER JOIN `cabang` AS `cb` ON us.id_cabang = cb.id_cabang WHERE (cos.id_user = '16')
Params: []

2015-06-20T11:07:39+07:00 INFO (6): 
Elapsed Secs: 0.00024
Query: connect
Params: []

2015-06-20T11:07:39+07:00 INFO (6): 
Elapsed Secs: 0.00096
Query: DESCRIBE `costumer`
Params: []

2015-06-20T11:07:39+07:00 INFO (6): 
Elapsed Secs: 0.00029
Query: SELECT `cos`.`nik_costumer`, `cos`.`nama`, `cos`.`alamat`, `cos`.`jenis_kelamin`, `cos`.`tempat_lahir`, `cos`.`tanggal_lahir`, `cos`.`nama_ibu`, `cos`.`agama`, `cos`.`status`, `cos`.`pekerjaan`, `cos`.`alamat_tempat_kerja`, `cos`.`hp`, `cos`.`telpon`, `us`.`realname`, `cb`.`cabang` FROM `costumer` AS `cos`
 INNER JOIN `user` AS `us` ON cos.id_user=us.id_user
 INNER JOIN `cabang` AS `cb` ON cb.id_cabang = cos.id_cabang
Params: []

2015-06-20T11:07:43+07:00 INFO (6): 
Elapsed Secs: 0.00028
Query: connect
Params: []

2015-06-20T11:07:43+07:00 INFO (6): 
Elapsed Secs: 0.00132
Query: DESCRIBE `costumer`
Params: []

2015-06-20T11:07:43+07:00 INFO (6): 
Elapsed Secs: 0.00028
Query: SELECT `cos`.`nik_costumer`, `cos`.`nama`, `cos`.`alamat`, `cos`.`jenis_kelamin`, `cos`.`tempat_lahir`, `cos`.`tanggal_lahir`, `cos`.`nama_ibu`, `cos`.`agama`, `cos`.`status`, `cos`.`pekerjaan`, `cos`.`alamat_tempat_kerja`, `cos`.`hp`, `cos`.`telpon`, `us`.`realname`, `cb`.`cabang` FROM `costumer` AS `cos`
 INNER JOIN `user` AS `us` ON cos.id_user=us.id_user
 INNER JOIN `cabang` AS `cb` ON us.id_cabang = cb.id_cabang WHERE (cos.id_user = '16')
Params: []

2015-06-20T11:07:45+07:00 INFO (6): 
Elapsed Secs: 0.00026
Query: connect
Params: []

2015-06-20T11:07:45+07:00 INFO (6): 
Elapsed Secs: 0.00102
Query: DESCRIBE `costumer`
Params: []

2015-06-20T11:07:45+07:00 INFO (6): 
Elapsed Secs: 0.00031
Query: SELECT `cos`.`nik_costumer`, `cos`.`nama`, `cos`.`alamat`, `cos`.`jenis_kelamin`, `cos`.`tempat_lahir`, `cos`.`tanggal_lahir`, `cos`.`nama_ibu`, `cos`.`agama`, `cos`.`status`, `cos`.`pekerjaan`, `cos`.`alamat_tempat_kerja`, `cos`.`hp`, `cos`.`telpon`, `us`.`realname`, `cb`.`cabang` FROM `costumer` AS `cos`
 INNER JOIN `user` AS `us` ON cos.id_user=us.id_user
 INNER JOIN `cabang` AS `cb` ON us.id_cabang = cb.id_cabang WHERE (cos.id_user = '16')
Params: []

2015-06-20T11:07:49+07:00 INFO (6): 
Elapsed Secs: 0.00016
Query: connect
Params: []

2015-06-20T11:07:49+07:00 INFO (6): 
Elapsed Secs: 0.00095
Query: DESCRIBE `costumer`
Params: []

2015-06-20T11:07:49+07:00 INFO (6): 
Elapsed Secs: 0.00021
Query: SELECT `cos`.`nik_costumer`, `cos`.`nama`, `cos`.`alamat`, `cos`.`jenis_kelamin`, `cos`.`tempat_lahir`, `cos`.`tanggal_lahir`, `cos`.`nama_ibu`, `cos`.`agama`, `cos`.`status`, `cos`.`pekerjaan`, `cos`.`alamat_tempat_kerja`, `cos`.`hp`, `cos`.`telpon`, `us`.`realname`, `cb`.`cabang` FROM `costumer` AS `cos`
 INNER JOIN `user` AS `us` ON cos.id_user=us.id_user
 INNER JOIN `cabang` AS `cb` ON us.id_cabang = cb.id_cabang WHERE (cos.id_user = '16')
Params: []

2015-06-20T11:18:17+07:00 INFO (6): 
Elapsed Secs: 0.00031
Query: connect
Params: []

2015-06-20T11:18:17+07:00 INFO (6): 
Elapsed Secs: 0.00131
Query: DESCRIBE `costumer`
Params: []

2015-06-20T11:18:17+07:00 INFO (6): 
Elapsed Secs: 0.00025
Query: SELECT `cos`.`nik_costumer`, `cos`.`nama`, `cos`.`alamat`, `cos`.`jenis_kelamin`, `cos`.`tempat_lahir`, `cos`.`tanggal_lahir`, `cos`.`nama_ibu`, `cos`.`agama`, `cos`.`status`, `cos`.`pekerjaan`, `cos`.`alamat_tempat_kerja`, `cos`.`hp`, `cos`.`telpon`, `us`.`realname`, `cb`.`cabang` FROM `costumer` AS `cos`
 INNER JOIN `user` AS `us` ON cos.id_user=us.id_user
 INNER JOIN `cabang` AS `cb` ON us.id_cabang = cb.id_cabang WHERE (cos.id_user = '16')
Params: []

2015-06-20T11:18:23+07:00 INFO (6): 
Elapsed Secs: 0.0003
Query: connect
Params: []

2015-06-20T11:18:23+07:00 INFO (6): 
Elapsed Secs: 0.01956
Query: DESCRIBE `cabang`
Params: []

2015-06-20T11:18:23+07:00 INFO (6): 
Elapsed Secs: 0.00016
Query: SELECT `cabang`.* FROM `cabang` WHERE (id_cabang = '29' ) LIMIT 1
Params: []

2015-06-20T11:18:23+07:00 INFO (6): 
Elapsed Secs: 0.00074
Query: DESCRIBE `kendaraan`
Params: []

2015-06-20T11:18:23+07:00 INFO (6): 
Elapsed Secs: 0.00027
Query: connect
Params: []

2015-06-20T11:18:23+07:00 INFO (6): 
Elapsed Secs: 0.00026
Query: SELECT `ken`.*, `cos`.`id_cabang`, `us`.`id_user`, `cb`.`cabang` FROM `kendaraan` AS `ken`
 INNER JOIN `costumer` AS `cos` ON cos.nik_costumer=ken.nik_costumer
 INNER JOIN `user` AS `us` ON us.id_user = cos.id_user
 INNER JOIN `cabang` AS `cb` ON cos.id_cabang = cb.id_cabang WHERE (us.id_user = '16') AND (cb.id_cabang = '29')
Params: []

2015-06-20T11:18:26+07:00 INFO (6): 
Elapsed Secs: 0.00027
Query: connect
Params: []

2015-06-20T11:18:26+07:00 INFO (6): 
Elapsed Secs: 0.00103
Query: DESCRIBE `costumer`
Params: []

2015-06-20T11:18:26+07:00 INFO (6): 
Elapsed Secs: 0.00023
Query: SELECT `cos`.`nik_costumer`, `cos`.`nama`, `cos`.`alamat`, `cos`.`jenis_kelamin`, `cos`.`tempat_lahir`, `cos`.`tanggal_lahir`, `cos`.`nama_ibu`, `cos`.`agama`, `cos`.`status`, `cos`.`pekerjaan`, `cos`.`alamat_tempat_kerja`, `cos`.`hp`, `cos`.`telpon`, `us`.`realname`, `cb`.`cabang` FROM `costumer` AS `cos`
 INNER JOIN `user` AS `us` ON cos.id_user=us.id_user
 INNER JOIN `cabang` AS `cb` ON us.id_cabang = cb.id_cabang WHERE (cos.id_user = '16')
Params: []

2015-06-20T11:18:30+07:00 INFO (6): 
Elapsed Secs: 0.0002
Query: connect
Params: []

2015-06-20T11:18:30+07:00 INFO (6): 
Elapsed Secs: 0.00094
Query: DESCRIBE `costumer`
Params: []

2015-06-20T11:18:30+07:00 INFO (6): 
Elapsed Secs: 0.00018
Query: SELECT `cos`.`nik_costumer`, `cos`.`nama`, `cos`.`alamat`, `cos`.`jenis_kelamin`, `cos`.`tempat_lahir`, `cos`.`tanggal_lahir`, `cos`.`nama_ibu`, `cos`.`agama`, `cos`.`status`, `cos`.`pekerjaan`, `cos`.`alamat_tempat_kerja`, `cos`.`hp`, `cos`.`telpon`, `us`.`realname`, `cb`.`cabang` FROM `costumer` AS `cos`
 INNER JOIN `user` AS `us` ON cos.id_user=us.id_user
 INNER JOIN `cabang` AS `cb` ON us.id_cabang = cb.id_cabang WHERE (cos.id_user = '16')
Params: []

2015-06-20T11:18:34+07:00 INFO (6): 
Elapsed Secs: 0.00025
Query: connect
Params: []

2015-06-20T11:18:34+07:00 INFO (6): 
Elapsed Secs: 0.00127
Query: DESCRIBE `penjamin`
Params: []

2015-06-20T11:18:34+07:00 INFO (6): 
Elapsed Secs: 0.00021
Query: connect
Params: []

2015-06-20T11:18:34+07:00 INFO (6): 
Elapsed Secs: 0.00031
Query: SELECT `pe`.*, `cos`.`id_cabang`, `cos`.`id_user`, `cb`.`cabang` FROM `penjamin` AS `pe`
 INNER JOIN `costumer` AS `cos` ON pe.nik_costumer = cos.nik_costumer
 INNER JOIN `user` AS `us` ON us.id_user = cos.id_user
 INNER JOIN `cabang` AS `cb` ON cb.id_cabang = cos.id_cabang WHERE (us.id_user= '16') AND (cb.id_cabang = '29')
Params: []

2015-06-20T11:18:36+07:00 INFO (6): 
Elapsed Secs: 0.00029
Query: connect
Params: []

2015-06-20T11:18:36+07:00 INFO (6): 
Elapsed Secs: 0.00126
Query: DESCRIBE `cabang`
Params: []

2015-06-20T11:18:36+07:00 INFO (6): 
Elapsed Secs: 0.00019
Query: SELECT `cabang`.* FROM `cabang` WHERE (id_cabang = '29' ) LIMIT 1
Params: []

2015-06-20T11:18:36+07:00 INFO (6): 
Elapsed Secs: 0.0011
Query: DESCRIBE `kendaraan`
Params: []

2015-06-20T11:18:36+07:00 INFO (6): 
Elapsed Secs: 0.00025
Query: connect
Params: []

2015-06-20T11:18:36+07:00 INFO (6): 
Elapsed Secs: 0.00036
Query: SELECT `ken`.*, `cos`.`id_cabang`, `us`.`id_user`, `cb`.`cabang` FROM `kendaraan` AS `ken`
 INNER JOIN `costumer` AS `cos` ON cos.nik_costumer=ken.nik_costumer
 INNER JOIN `user` AS `us` ON us.id_user = cos.id_user
 INNER JOIN `cabang` AS `cb` ON cos.id_cabang = cb.id_cabang WHERE (us.id_user = '16') AND (cb.id_cabang = '29')
Params: []

2015-06-20T11:19:02+07:00 INFO (6): 
Elapsed Secs: 0.00115
Query: connect
Params: []

2015-06-20T11:19:02+07:00 INFO (6): 
Elapsed Secs: 0.04371
Query: UPDATE `user_login` SET `status` = ? WHERE (id_user ='16')
Params: {"1":0}

2015-06-20T11:30:28+07:00 INFO (6): 
Elapsed Secs: 0.00024
Query: connect
Params: []

2015-06-20T11:30:28+07:00 INFO (6): 
Elapsed Secs: 0.00102
Query: DESCRIBE `user`
Params: []

2015-06-20T11:30:28+07:00 INFO (6): 
Elapsed Secs: 0.00021
Query: connect
Params: []

2015-06-20T11:30:28+07:00 INFO (6): 
Elapsed Secs: 0.00021
Query: SELECT `user`.*, `cabang`.* FROM `user`
 INNER JOIN `cabang` ON cabang.id_cabang = user.id_cabang WHERE (user.username = 'admin') AND (user.password = 'd033e22ae348aeb5660fc2140aec35850c4da997')
Params: []

2015-06-20T11:30:28+07:00 INFO (6): 
Elapsed Secs: 0.0002
Query: SELECT `user`.*, `user_login`.*, `cabang`.* FROM `user`
 INNER JOIN `user_login` ON user_login.id_user = user.id_user
 INNER JOIN `cabang` ON cabang.id_cabang = user.id_cabang WHERE (user.id_user = '16')
Params: []

2015-06-20T11:30:28+07:00 INFO (6): 
Elapsed Secs: 0.07932
Query: UPDATE `user_login` SET `status` = ?, `login_time` = NOW(), `ip_login` = ?, `last_login` = ? WHERE (id_user = '16')
Params: {"1":1,"2":"172.17.3.234","3":"2015-06-20 10:51:19"}

2015-06-20T11:30:28+07:00 INFO (6): 
Elapsed Secs: 0.00024
Query: SELECT `user`.*, `user_login`.*, `cabang`.* FROM `user`
 INNER JOIN `user_login` ON user_login.id_user = user.id_user
 INNER JOIN `cabang` ON cabang.id_cabang = user.id_cabang WHERE (user.id_user = '16')
Params: []

2015-06-20T11:30:32+07:00 INFO (6): 
Elapsed Secs: 0.00027
Query: connect
Params: []

2015-06-20T11:30:32+07:00 INFO (6): 
Elapsed Secs: 0.001
Query: DESCRIBE `penjamin`
Params: []

2015-06-20T11:30:32+07:00 INFO (6): 
Elapsed Secs: 0.00019
Query: connect
Params: []

2015-06-20T11:30:32+07:00 INFO (6): 
Elapsed Secs: 0.00024
Query: SELECT `pe`.*, `cos`.`id_cabang`, `cos`.`id_user`, `cb`.`cabang` FROM `penjamin` AS `pe`
 INNER JOIN `costumer` AS `cos` ON pe.nik_costumer = cos.nik_costumer
 INNER JOIN `user` AS `us` ON us.id_user = cos.id_user
 INNER JOIN `cabang` AS `cb` ON cb.id_cabang = cos.id_cabang WHERE (us.id_user= '16') AND (cb.id_cabang = '29')
Params: []

2015-06-20T11:30:41+07:00 INFO (6): 
Elapsed Secs: 0.00028
Query: connect
Params: []

2015-06-20T11:30:41+07:00 INFO (6): 
Elapsed Secs: 0.00133
Query: DESCRIBE `penjamin`
Params: []

2015-06-20T11:30:41+07:00 INFO (6): 
Elapsed Secs: 0.00022
Query: connect
Params: []

2015-06-20T11:30:41+07:00 INFO (6): 
Elapsed Secs: 0.00036
Query: SELECT `pe`.*, `cos`.`id_cabang`, `cos`.`id_user`, `cb`.`cabang` FROM `penjamin` AS `pe`
 INNER JOIN `costumer` AS `cos` ON pe.nik_costumer = cos.nik_costumer
 INNER JOIN `user` AS `us` ON us.id_user = cos.id_user
 INNER JOIN `cabang` AS `cb` ON cb.id_cabang = cos.id_cabang
Params: []

2015-06-20T11:30:42+07:00 INFO (6): 
Elapsed Secs: 0.00026
Query: connect
Params: []

2015-06-20T11:30:42+07:00 INFO (6): 
Elapsed Secs: 0.00131
Query: DESCRIBE `penjamin`
Params: []

2015-06-20T11:30:42+07:00 INFO (6): 
Elapsed Secs: 0.00023
Query: connect
Params: []

2015-06-20T11:30:42+07:00 INFO (6): 
Elapsed Secs: 0.00036
Query: SELECT `pe`.*, `cos`.`id_cabang`, `cos`.`id_user`, `cb`.`cabang` FROM `penjamin` AS `pe`
 INNER JOIN `costumer` AS `cos` ON pe.nik_costumer = cos.nik_costumer
 INNER JOIN `user` AS `us` ON us.id_user = cos.id_user
 INNER JOIN `cabang` AS `cb` ON cb.id_cabang = cos.id_cabang WHERE (us.id_user= '16') AND (cb.id_cabang = '29')
Params: []

2015-06-20T11:30:43+07:00 INFO (6): 
Elapsed Secs: 0.00029
Query: connect
Params: []

2015-06-20T11:30:43+07:00 INFO (6): 
Elapsed Secs: 0.001
Query: DESCRIBE `costumer`
Params: []

2015-06-20T11:30:43+07:00 INFO (6): 
Elapsed Secs: 0.00027
Query: SELECT `cos`.`nik_costumer`, `cos`.`nama`, `cos`.`alamat`, `cos`.`jenis_kelamin`, `cos`.`tempat_lahir`, `cos`.`tanggal_lahir`, `cos`.`nama_ibu`, `cos`.`agama`, `cos`.`status`, `cos`.`pekerjaan`, `cos`.`alamat_tempat_kerja`, `cos`.`hp`, `cos`.`telpon`, `us`.`realname`, `cb`.`cabang` FROM `costumer` AS `cos`
 INNER JOIN `user` AS `us` ON cos.id_user=us.id_user
 INNER JOIN `cabang` AS `cb` ON us.id_cabang = cb.id_cabang WHERE (cos.id_user = '16')
Params: []

2015-06-20T11:31:10+07:00 INFO (6): 
Elapsed Secs: 0.00028
Query: connect
Params: []

2015-06-20T11:31:10+07:00 INFO (6): 
Elapsed Secs: 0.00137
Query: DESCRIBE `costumer`
Params: []

2015-06-20T11:31:10+07:00 INFO (6): 
Elapsed Secs: 0.00028
Query: SELECT `cos`.`nik_costumer`, `cos`.`nama`, `cos`.`alamat`, `cos`.`jenis_kelamin`, `cos`.`tempat_lahir`, `cos`.`tanggal_lahir`, `cos`.`nama_ibu`, `cos`.`agama`, `cos`.`status`, `cos`.`pekerjaan`, `cos`.`alamat_tempat_kerja`, `cos`.`hp`, `cos`.`telpon`, `us`.`realname`, `cb`.`cabang` FROM `costumer` AS `cos`
 INNER JOIN `user` AS `us` ON cos.id_user=us.id_user
 INNER JOIN `cabang` AS `cb` ON us.id_cabang = cb.id_cabang WHERE (cos.nik_costumer = '1121231231211')
Params: []

2015-06-20T11:31:10+07:00 INFO (6): 
Elapsed Secs: 0.00025
Query: connect
Params: []

2015-06-20T11:31:10+07:00 INFO (6): 
Elapsed Secs: 0.00026
Query: SELECT `penj`.* FROM `costumer` AS `cos`
 INNER JOIN `penjamin` AS `penj` ON penj.nik_costumer = cos.nik_costumer WHERE (cos.nik_costumer = '1121231231211')
Params: []

2015-06-20T11:31:13+07:00 INFO (6): 
Elapsed Secs: 0.00021
Query: connect
Params: []

2015-06-20T11:31:13+07:00 INFO (6): 
Elapsed Secs: 0.00094
Query: DESCRIBE `costumer`
Params: []

2015-06-20T11:31:13+07:00 INFO (6): 
Elapsed Secs: 0.00022
Query: SELECT `cos`.`nik_costumer`, `cos`.`nama`, `cos`.`alamat`, `cos`.`jenis_kelamin`, `cos`.`tempat_lahir`, `cos`.`tanggal_lahir`, `cos`.`nama_ibu`, `cos`.`agama`, `cos`.`status`, `cos`.`pekerjaan`, `cos`.`alamat_tempat_kerja`, `cos`.`hp`, `cos`.`telpon`, `us`.`realname`, `cb`.`cabang` FROM `costumer` AS `cos`
 INNER JOIN `user` AS `us` ON cos.id_user=us.id_user
 INNER JOIN `cabang` AS `cb` ON us.id_cabang = cb.id_cabang WHERE (cos.id_user = '16')
Params: []

2015-06-20T11:31:18+07:00 INFO (6): 
Elapsed Secs: 0.00022
Query: connect
Params: []

2015-06-20T11:31:18+07:00 INFO (6): 
Elapsed Secs: 0.00097
Query: DESCRIBE `cabang`
Params: []

2015-06-20T11:31:18+07:00 INFO (6): 
Elapsed Secs: 0.00013
Query: SELECT `cabang`.* FROM `cabang` WHERE (id_cabang = '29' ) LIMIT 1
Params: []

2015-06-20T11:31:18+07:00 INFO (6): 
Elapsed Secs: 0.00081
Query: DESCRIBE `kendaraan`
Params: []

2015-06-20T11:31:18+07:00 INFO (6): 
Elapsed Secs: 0.00018
Query: connect
Params: []

2015-06-20T11:31:18+07:00 INFO (6): 
Elapsed Secs: 0.00025
Query: SELECT `ken`.*, `cos`.`id_cabang`, `us`.`id_user`, `cb`.`cabang` FROM `kendaraan` AS `ken`
 INNER JOIN `costumer` AS `cos` ON cos.nik_costumer=ken.nik_costumer
 INNER JOIN `user` AS `us` ON us.id_user = cos.id_user
 INNER JOIN `cabang` AS `cb` ON cos.id_cabang = cb.id_cabang WHERE (us.id_user = '16') AND (cb.id_cabang = '29')
Params: []

2015-06-20T11:31:20+07:00 INFO (6): 
Elapsed Secs: 0.00025
Query: connect
Params: []

2015-06-20T11:31:21+07:00 INFO (6): 
Elapsed Secs: 0.00026
Query: connect
Params: []

2015-06-20T11:31:21+07:00 INFO (6): 
Elapsed Secs: 0.00125
Query: DESCRIBE `cabang`
Params: []

2015-06-20T11:31:21+07:00 INFO (6): 
Elapsed Secs: 0.00017
Query: SELECT `cabang`.* FROM `cabang` WHERE (id_cabang = '29' ) LIMIT 1
Params: []

2015-06-20T11:31:21+07:00 INFO (6): 
Elapsed Secs: 0.02018
Query: DESCRIBE `kendaraan`
Params: []

2015-06-20T11:31:21+07:00 INFO (6): 
Elapsed Secs: 0.00024
Query: connect
Params: []

2015-06-20T11:31:21+07:00 INFO (6): 
Elapsed Secs: 0.00036
Query: SELECT `ken`.*, `cos`.`id_cabang`, `us`.`id_user`, `cb`.`cabang` FROM `kendaraan` AS `ken`
 INNER JOIN `costumer` AS `cos` ON cos.nik_costumer=ken.nik_costumer
 INNER JOIN `user` AS `us` ON us.id_user = cos.id_user
 INNER JOIN `cabang` AS `cb` ON cos.id_cabang = cb.id_cabang WHERE (us.id_user = '16') AND (cb.id_cabang = '29')
Params: []

2015-06-20T11:31:51+07:00 INFO (6): 
Elapsed Secs: 0.00016
Query: connect
Params: []

2015-06-20T11:31:51+07:00 INFO (6): 
Elapsed Secs: 0.00097
Query: DESCRIBE `kendaraan`
Params: []

2015-06-20T11:31:51+07:00 INFO (6): 
Elapsed Secs: 0.00014
Query: SELECT `kendaraan`.* FROM `kendaraan` WHERE (no_polisi = '51214') LIMIT 1
Params: []

2015-06-20T11:32:05+07:00 INFO (6): 
Elapsed Secs: 0.00027
Query: connect
Params: []

2015-06-20T11:32:05+07:00 INFO (6): 
Elapsed Secs: 0.00133
Query: DESCRIBE `kendaraan`
Params: []

2015-06-20T11:32:05+07:00 INFO (6): 
Elapsed Secs: 0.00027
Query: SELECT `kendaraan`.* FROM `kendaraan` WHERE (no_polisi = '51214') LIMIT 1
Params: []

2015-06-20T11:32:51+07:00 INFO (6): 
Elapsed Secs: 0.00024
Query: connect
Params: []

2015-06-20T11:32:51+07:00 INFO (6): 
Elapsed Secs: 0.00134
Query: DESCRIBE `kendaraan`
Params: []

2015-06-20T11:32:51+07:00 INFO (6): 
Elapsed Secs: 0.0002
Query: SELECT `kendaraan`.* FROM `kendaraan` WHERE (no_polisi = '51214') LIMIT 1
Params: []

2015-06-20T11:33:34+07:00 INFO (6): 
Elapsed Secs: 0.0002
Query: connect
Params: []

2015-06-20T11:33:34+07:00 INFO (6): 
Elapsed Secs: 0.00094
Query: DESCRIBE `kendaraan`
Params: []

2015-06-20T11:33:34+07:00 INFO (6): 
Elapsed Secs: 0.00013
Query: SELECT `kendaraan`.* FROM `kendaraan` WHERE (no_polisi = '51214') LIMIT 1
Params: []

2015-06-20T11:34:10+07:00 INFO (6): 
Elapsed Secs: 0.0003
Query: connect
Params: []

2015-06-20T11:34:10+07:00 INFO (6): 
Elapsed Secs: 0.00097
Query: DESCRIBE `kendaraan`
Params: []

2015-06-20T11:34:10+07:00 INFO (6): 
Elapsed Secs: 0.00016
Query: SELECT `kendaraan`.* FROM `kendaraan` WHERE (no_polisi = '51214') LIMIT 1
Params: []

2015-06-20T11:34:21+07:00 INFO (6): 
Elapsed Secs: 0.00115
Query: connect
Params: []

2015-06-20T11:34:21+07:00 INFO (6): 
Elapsed Secs: 0.00128
Query: DESCRIBE `kendaraan`
Params: []

2015-06-20T11:34:21+07:00 INFO (6): 
Elapsed Secs: 0.00023
Query: SELECT `kendaraan`.* FROM `kendaraan` WHERE (no_polisi = '51214') LIMIT 1
Params: []

2015-06-20T11:34:41+07:00 INFO (6): 
Elapsed Secs: 0.0011
Query: connect
Params: []

2015-06-20T11:34:41+07:00 INFO (6): 
Elapsed Secs: 0.00119
Query: DESCRIBE `costumer`
Params: []

2015-06-20T11:34:41+07:00 INFO (6): 
Elapsed Secs: 0.00023
Query: SELECT `cos`.`nik_costumer`, `cos`.`nama`, `cos`.`alamat`, `cos`.`jenis_kelamin`, `cos`.`tempat_lahir`, `cos`.`tanggal_lahir`, `cos`.`nama_ibu`, `cos`.`agama`, `cos`.`status`, `cos`.`pekerjaan`, `cos`.`alamat_tempat_kerja`, `cos`.`hp`, `cos`.`telpon`, `us`.`realname`, `cb`.`cabang` FROM `costumer` AS `cos`
 INNER JOIN `user` AS `us` ON cos.id_user=us.id_user
 INNER JOIN `cabang` AS `cb` ON us.id_cabang = cb.id_cabang WHERE (cos.nik_costumer = '51214')
Params: []

2015-06-20T11:34:41+07:00 INFO (6): 
Elapsed Secs: 0.00015
Query: connect
Params: []

2015-06-20T11:34:41+07:00 INFO (6): 
Elapsed Secs: 0.00014
Query: SELECT `penj`.* FROM `costumer` AS `cos`
 INNER JOIN `penjamin` AS `penj` ON penj.nik_costumer = cos.nik_costumer WHERE (cos.nik_costumer = '51214')
Params: []

2015-06-20T11:34:44+07:00 INFO (6): 
Elapsed Secs: 0.00023
Query: connect
Params: []

2015-06-20T11:34:44+07:00 INFO (6): 
Elapsed Secs: 0.00091
Query: DESCRIBE `penjamin`
Params: []

2015-06-20T11:34:44+07:00 INFO (6): 
Elapsed Secs: 0.00017
Query: connect
Params: []

2015-06-20T11:34:44+07:00 INFO (6): 
Elapsed Secs: 0.00026
Query: SELECT `pe`.*, `cos`.`id_cabang`, `cos`.`id_user`, `cb`.`cabang` FROM `penjamin` AS `pe`
 INNER JOIN `costumer` AS `cos` ON pe.nik_costumer = cos.nik_costumer
 INNER JOIN `user` AS `us` ON us.id_user = cos.id_user
 INNER JOIN `cabang` AS `cb` ON cb.id_cabang = cos.id_cabang WHERE (us.id_user= '16') AND (cb.id_cabang = '29')
Params: []

2015-06-20T11:34:46+07:00 INFO (6): 
Elapsed Secs: 0.00024
Query: connect
Params: []

2015-06-20T11:34:46+07:00 INFO (6): 
Elapsed Secs: 0.00124
Query: DESCRIBE `cabang`
Params: []

2015-06-20T11:34:46+07:00 INFO (6): 
Elapsed Secs: 0.00017
Query: SELECT `cabang`.* FROM `cabang` WHERE (id_cabang = '29' ) LIMIT 1
Params: []

2015-06-20T11:34:46+07:00 INFO (6): 
Elapsed Secs: 0.00103
Query: DESCRIBE `kendaraan`
Params: []

2015-06-20T11:34:46+07:00 INFO (6): 
Elapsed Secs: 0.00023
Query: connect
Params: []

2015-06-20T11:34:46+07:00 INFO (6): 
Elapsed Secs: 0.00033
Query: SELECT `ken`.*, `cos`.`id_cabang`, `us`.`id_user`, `cb`.`cabang` FROM `kendaraan` AS `ken`
 INNER JOIN `costumer` AS `cos` ON cos.nik_costumer=ken.nik_costumer
 INNER JOIN `user` AS `us` ON us.id_user = cos.id_user
 INNER JOIN `cabang` AS `cb` ON cos.id_cabang = cb.id_cabang WHERE (us.id_user = '16') AND (cb.id_cabang = '29')
Params: []

2015-06-20T11:34:50+07:00 INFO (6): 
Elapsed Secs: 0.00025
Query: connect
Params: []

2015-06-20T11:34:50+07:00 INFO (6): 
Elapsed Secs: 0.00091
Query: DESCRIBE `kendaraan`
Params: []

2015-06-20T11:34:50+07:00 INFO (6): 
Elapsed Secs: 0.0002
Query: SELECT `kendaraan`.* FROM `kendaraan` WHERE (no_polisi = '51214') LIMIT 1
Params: []

2015-06-20T11:34:54+07:00 INFO (6): 
Elapsed Secs: 0.00029
Query: connect
Params: []

2015-06-20T11:34:54+07:00 INFO (6): 
Elapsed Secs: 0.00135
Query: DESCRIBE `cabang`
Params: []

2015-06-20T11:34:54+07:00 INFO (6): 
Elapsed Secs: 0.00019
Query: SELECT `cabang`.* FROM `cabang` WHERE (id_cabang = '29' ) LIMIT 1
Params: []

2015-06-20T11:34:54+07:00 INFO (6): 
Elapsed Secs: 0.00115
Query: DESCRIBE `kendaraan`
Params: []

2015-06-20T11:34:54+07:00 INFO (6): 
Elapsed Secs: 0.00025
Query: connect
Params: []

2015-06-20T11:34:54+07:00 INFO (6): 
Elapsed Secs: 0.00046
Query: SELECT `ken`.*, `cos`.`id_cabang`, `us`.`id_user`, `cb`.`cabang` FROM `kendaraan` AS `ken`
 INNER JOIN `costumer` AS `cos` ON cos.nik_costumer=ken.nik_costumer
 INNER JOIN `user` AS `us` ON us.id_user = cos.id_user
 INNER JOIN `cabang` AS `cb` ON cos.id_cabang = cb.id_cabang WHERE (us.id_user = '16') AND (cb.id_cabang = '29')
Params: []

2015-06-20T11:34:59+07:00 INFO (6): 
Elapsed Secs: 0.00118
Query: connect
Params: []

2015-06-20T11:34:59+07:00 INFO (6): 
Elapsed Secs: 0.00103
Query: DESCRIBE `costumer`
Params: []

2015-06-20T11:34:59+07:00 INFO (6): 
Elapsed Secs: 0.0002
Query: SELECT `cos`.`nik_costumer`, `cos`.`nama`, `cos`.`alamat`, `cos`.`jenis_kelamin`, `cos`.`tempat_lahir`, `cos`.`tanggal_lahir`, `cos`.`nama_ibu`, `cos`.`agama`, `cos`.`status`, `cos`.`pekerjaan`, `cos`.`alamat_tempat_kerja`, `cos`.`hp`, `cos`.`telpon`, `us`.`realname`, `cb`.`cabang` FROM `costumer` AS `cos`
 INNER JOIN `user` AS `us` ON cos.id_user=us.id_user
 INNER JOIN `cabang` AS `cb` ON us.id_cabang = cb.id_cabang WHERE (cos.id_user = '16')
Params: []

2015-06-20T11:35:02+07:00 INFO (6): 
Elapsed Secs: 0.00024
Query: connect
Params: []

2015-06-20T11:35:02+07:00 INFO (6): 
Elapsed Secs: 0.00093
Query: DESCRIBE `costumer`
Params: []

2015-06-20T11:35:02+07:00 INFO (6): 
Elapsed Secs: 0.00018
Query: SELECT `cos`.`nik_costumer`, `cos`.`nama`, `cos`.`alamat`, `cos`.`jenis_kelamin`, `cos`.`tempat_lahir`, `cos`.`tanggal_lahir`, `cos`.`nama_ibu`, `cos`.`agama`, `cos`.`status`, `cos`.`pekerjaan`, `cos`.`alamat_tempat_kerja`, `cos`.`hp`, `cos`.`telpon`, `us`.`realname`, `cb`.`cabang` FROM `costumer` AS `cos`
 INNER JOIN `user` AS `us` ON cos.id_user=us.id_user
 INNER JOIN `cabang` AS `cb` ON us.id_cabang = cb.id_cabang WHERE (cos.nik_costumer = '1121231231211')
Params: []

2015-06-20T11:35:02+07:00 INFO (6): 
Elapsed Secs: 0.00016
Query: connect
Params: []

2015-06-20T11:35:02+07:00 INFO (6): 
Elapsed Secs: 0.0002
Query: SELECT `penj`.* FROM `costumer` AS `cos`
 INNER JOIN `penjamin` AS `penj` ON penj.nik_costumer = cos.nik_costumer WHERE (cos.nik_costumer = '1121231231211')
Params: []

2015-06-20T11:35:03+07:00 INFO (6): 
Elapsed Secs: 0.00026
Query: connect
Params: []

2015-06-20T11:35:03+07:00 INFO (6): 
Elapsed Secs: 0.00104
Query: DESCRIBE `costumer`
Params: []

2015-06-20T11:35:03+07:00 INFO (6): 
Elapsed Secs: 0.00021
Query: SELECT `costumer`.* FROM `costumer` WHERE (nik_costumer ='1121231231211') LIMIT 1
Params: []

2015-06-20T11:35:28+07:00 INFO (6): 
Elapsed Secs: 0.00098
Query: connect
Params: []

2015-06-20T11:35:28+07:00 INFO (6): 
Elapsed Secs: 0.00093
Query: DESCRIBE `costumer`
Params: []

2015-06-20T11:35:28+07:00 INFO (6): 
Elapsed Secs: 0.00013
Query: SELECT `costumer`.* FROM `costumer` WHERE (nik_costumer ='1121231231211') LIMIT 1
Params: []

2015-06-20T11:35:32+07:00 INFO (6): 
Elapsed Secs: 0.00027
Query: connect
Params: []

2015-06-20T11:35:32+07:00 INFO (6): 
Elapsed Secs: 0.00102
Query: DESCRIBE `cabang`
Params: []

2015-06-20T11:35:32+07:00 INFO (6): 
Elapsed Secs: 0.00016
Query: SELECT `cabang`.* FROM `cabang` WHERE (id_cabang = '29' ) LIMIT 1
Params: []

2015-06-20T11:35:32+07:00 INFO (6): 
Elapsed Secs: 0.00077
Query: DESCRIBE `kendaraan`
Params: []

2015-06-20T11:35:32+07:00 INFO (6): 
Elapsed Secs: 0.0002
Query: connect
Params: []

2015-06-20T11:35:32+07:00 INFO (6): 
Elapsed Secs: 0.00024
Query: SELECT `ken`.*, `cos`.`id_cabang`, `us`.`id_user`, `cb`.`cabang` FROM `kendaraan` AS `ken`
 INNER JOIN `costumer` AS `cos` ON cos.nik_costumer=ken.nik_costumer
 INNER JOIN `user` AS `us` ON us.id_user = cos.id_user
 INNER JOIN `cabang` AS `cb` ON cos.id_cabang = cb.id_cabang WHERE (us.id_user = '16') AND (cb.id_cabang = '29')
Params: []

2015-06-20T11:35:34+07:00 INFO (6): 
Elapsed Secs: 0.0002
Query: connect
Params: []

2015-06-20T11:35:34+07:00 INFO (6): 
Elapsed Secs: 0.0009
Query: DESCRIBE `kendaraan`
Params: []

2015-06-20T11:35:34+07:00 INFO (6): 
Elapsed Secs: 0.00011
Query: SELECT `kendaraan`.* FROM `kendaraan` WHERE (no_polisi = '51214') LIMIT 1
Params: []

2015-06-20T11:35:36+07:00 INFO (6): 
Elapsed Secs: 0.0003
Query: connect
Params: []

2015-06-20T11:35:36+07:00 INFO (6): 
Elapsed Secs: 0.00101
Query: DESCRIBE `cabang`
Params: []

2015-06-20T11:35:36+07:00 INFO (6): 
Elapsed Secs: 0.00016
Query: SELECT `cabang`.* FROM `cabang` WHERE (id_cabang = '29' ) LIMIT 1
Params: []

2015-06-20T11:35:36+07:00 INFO (6): 
Elapsed Secs: 0.00079
Query: DESCRIBE `kendaraan`
Params: []

2015-06-20T11:35:36+07:00 INFO (6): 
Elapsed Secs: 0.00018
Query: connect
Params: []

2015-06-20T11:35:36+07:00 INFO (6): 
Elapsed Secs: 0.00026
Query: SELECT `ken`.*, `cos`.`id_cabang`, `us`.`id_user`, `cb`.`cabang` FROM `kendaraan` AS `ken`
 INNER JOIN `costumer` AS `cos` ON cos.nik_costumer=ken.nik_costumer
 INNER JOIN `user` AS `us` ON us.id_user = cos.id_user
 INNER JOIN `cabang` AS `cb` ON cos.id_cabang = cb.id_cabang WHERE (us.id_user = '16') AND (cb.id_cabang = '29')
Params: []

2015-06-20T11:36:48+07:00 INFO (6): 
Elapsed Secs: 0.00023
Query: connect
Params: []

2015-06-20T11:36:48+07:00 INFO (6): 
Elapsed Secs: 0.021
Query: DESCRIBE `kendaraan`
Params: []

2015-06-20T11:36:48+07:00 INFO (6): 
Elapsed Secs: 0.00055
Query: SELECT `kendaraan`.* FROM `kendaraan` WHERE (no_polisi = 'qweq') LIMIT 1
Params: []

2015-06-20T11:37:20+07:00 INFO (6): 
Elapsed Secs: 0.00135
Query: connect
Params: []

2015-06-20T11:37:20+07:00 INFO (6): 
Elapsed Secs: 0.00099
Query: DESCRIBE `kendaraan`
Params: []

2015-06-20T11:37:20+07:00 INFO (6): 
Elapsed Secs: 0.00019
Query: SELECT `kendaraan`.* FROM `kendaraan` WHERE (no_polisi = 'qweq') LIMIT 1
Params: []

2015-06-20T11:37:47+07:00 INFO (6): 
Elapsed Secs: 0.00023
Query: connect
Params: []

2015-06-20T11:37:47+07:00 INFO (6): 
Elapsed Secs: 0.00098
Query: DESCRIBE `kendaraan`
Params: []

2015-06-20T11:37:47+07:00 INFO (6): 
Elapsed Secs: 0.00014
Query: SELECT `kendaraan`.* FROM `kendaraan` WHERE (no_polisi = 'qweq') LIMIT 1
Params: []

2015-06-20T11:41:52+07:00 INFO (6): 
Elapsed Secs: 0.00111
Query: connect
Params: []

2015-06-20T11:41:52+07:00 INFO (6): 
Elapsed Secs: 0.001
Query: DESCRIBE `kendaraan`
Params: []

2015-06-20T11:41:52+07:00 INFO (6): 
Elapsed Secs: 0.00016
Query: SELECT `kendaraan`.* FROM `kendaraan` WHERE (no_polisi = 'qweq') LIMIT 1
Params: []

2015-06-20T11:42:25+07:00 INFO (6): 
Elapsed Secs: 0.00021
Query: connect
Params: []

2015-06-20T11:42:25+07:00 INFO (6): 
Elapsed Secs: 0.00096
Query: DESCRIBE `kendaraan`
Params: []

2015-06-20T11:42:25+07:00 INFO (6): 
Elapsed Secs: 0.00014
Query: SELECT `kendaraan`.* FROM `kendaraan` WHERE (no_polisi = 'qweq') LIMIT 1
Params: []

2015-06-20T11:42:50+07:00 INFO (6): 
Elapsed Secs: 0.00023
Query: connect
Params: []

2015-06-20T11:42:50+07:00 INFO (6): 
Elapsed Secs: 0.00103
Query: DESCRIBE `kendaraan`
Params: []

2015-06-20T11:42:50+07:00 INFO (6): 
Elapsed Secs: 0.00018
Query: SELECT `kendaraan`.* FROM `kendaraan` WHERE (no_polisi = 'qweq') LIMIT 1
Params: []

2015-06-20T11:43:02+07:00 INFO (6): 
Elapsed Secs: 0.00029
Query: connect
Params: []

2015-06-20T11:43:02+07:00 INFO (6): 
Elapsed Secs: 0.00161
Query: DESCRIBE `cabang`
Params: []

2015-06-20T11:43:02+07:00 INFO (6): 
Elapsed Secs: 0.00025
Query: SELECT `cabang`.* FROM `cabang` WHERE (id_cabang = '29' ) LIMIT 1
Params: []

2015-06-20T11:43:02+07:00 INFO (6): 
Elapsed Secs: 0.00114
Query: DESCRIBE `kendaraan`
Params: []

2015-06-20T11:43:02+07:00 INFO (6): 
Elapsed Secs: 0.00017
Query: connect
Params: []

2015-06-20T11:43:02+07:00 INFO (6): 
Elapsed Secs: 0.00025
Query: SELECT `ken`.*, `cos`.`id_cabang`, `us`.`id_user`, `cb`.`cabang` FROM `kendaraan` AS `ken`
 INNER JOIN `costumer` AS `cos` ON cos.nik_costumer=ken.nik_costumer
 INNER JOIN `user` AS `us` ON us.id_user = cos.id_user
 INNER JOIN `cabang` AS `cb` ON cos.id_cabang = cb.id_cabang WHERE (us.id_user = '16') AND (cb.id_cabang = '29')
Params: []

2015-06-20T11:43:22+07:00 INFO (6): 
Elapsed Secs: 0.00032
Query: connect
Params: []

2015-06-20T11:43:22+07:00 INFO (6): 
Elapsed Secs: 0.00107
Query: DESCRIBE `cabang`
Params: []

2015-06-20T11:43:22+07:00 INFO (6): 
Elapsed Secs: 0.00017
Query: SELECT `cabang`.* FROM `cabang` WHERE (id_cabang = '29' ) LIMIT 1
Params: []

2015-06-20T11:43:22+07:00 INFO (6): 
Elapsed Secs: 0.00096
Query: DESCRIBE `kendaraan`
Params: []

2015-06-20T11:43:22+07:00 INFO (6): 
Elapsed Secs: 0.00026
Query: connect
Params: []

2015-06-20T11:43:22+07:00 INFO (6): 
Elapsed Secs: 0.00028
Query: SELECT `ken`.*, `cos`.`id_cabang`, `us`.`id_user`, `cb`.`cabang` FROM `kendaraan` AS `ken`
 INNER JOIN `costumer` AS `cos` ON cos.nik_costumer=ken.nik_costumer
 INNER JOIN `user` AS `us` ON us.id_user = cos.id_user
 INNER JOIN `cabang` AS `cb` ON cos.id_cabang = cb.id_cabang WHERE (us.id_user = '16') AND (cb.id_cabang = '29')
Params: []

2015-06-20T11:43:34+07:00 INFO (6): 
Elapsed Secs: 0.00113
Query: connect
Params: []

2015-06-20T11:43:34+07:00 INFO (6): 
Elapsed Secs: 0.00097
Query: DESCRIBE `kendaraan`
Params: []

2015-06-20T11:43:34+07:00 INFO (6): 
Elapsed Secs: 0.00019
Query: SELECT `kendaraan`.* FROM `kendaraan` WHERE (no_polisi = 'qweq') LIMIT 1
Params: []

2015-06-20T11:44:24+07:00 INFO (6): 
Elapsed Secs: 0.00113
Query: connect
Params: []

2015-06-20T11:44:24+07:00 INFO (6): 
Elapsed Secs: 0.00101
Query: DESCRIBE `kendaraan`
Params: []

2015-06-20T11:44:24+07:00 INFO (6): 
Elapsed Secs: 0.00017
Query: SELECT `kendaraan`.* FROM `kendaraan` WHERE (no_polisi = 'qweq') LIMIT 1
Params: []

2015-06-20T11:44:44+07:00 INFO (6): 
Elapsed Secs: 0.00115
Query: connect
Params: []

2015-06-20T11:44:44+07:00 INFO (6): 
Elapsed Secs: 0.00099
Query: DESCRIBE `kendaraan`
Params: []

2015-06-20T11:44:44+07:00 INFO (6): 
Elapsed Secs: 0.00016
Query: SELECT `kendaraan`.* FROM `kendaraan` WHERE (no_polisi = 'qweq') LIMIT 1
Params: []

2015-06-20T11:45:21+07:00 INFO (6): 
Elapsed Secs: 0.00028
Query: connect
Params: []

2015-06-20T11:45:21+07:00 INFO (6): 
Elapsed Secs: 0.00114
Query: DESCRIBE `kendaraan`
Params: []

2015-06-20T11:45:21+07:00 INFO (6): 
Elapsed Secs: 0.00018
Query: SELECT `kendaraan`.* FROM `kendaraan` WHERE (no_polisi = 'qweq') LIMIT 1
Params: []

2015-06-20T11:45:55+07:00 INFO (6): 
Elapsed Secs: 0.00029
Query: connect
Params: []

2015-06-20T11:45:55+07:00 INFO (6): 
Elapsed Secs: 0.00139
Query: DESCRIBE `kendaraan`
Params: []

2015-06-20T11:45:55+07:00 INFO (6): 
Elapsed Secs: 0.00022
Query: SELECT `kendaraan`.* FROM `kendaraan` WHERE (no_polisi = 'qweq') LIMIT 1
Params: []

2015-06-20T11:46:31+07:00 INFO (6): 
Elapsed Secs: 0.00063
Query: connect
Params: []

2015-06-20T11:46:31+07:00 INFO (6): 
Elapsed Secs: 0.00309
Query: DESCRIBE `kendaraan`
Params: []

2015-06-20T11:46:31+07:00 INFO (6): 
Elapsed Secs: 0.00016
Query: SELECT `kendaraan`.* FROM `kendaraan` WHERE (no_polisi = 'qweq') LIMIT 1
Params: []

2015-06-20T11:47:46+07:00 INFO (6): 
Elapsed Secs: 0.00113
Query: connect
Params: []

2015-06-20T11:47:46+07:00 INFO (6): 
Elapsed Secs: 0.00106
Query: DESCRIBE `kendaraan`
Params: []

2015-06-20T11:47:46+07:00 INFO (6): 
Elapsed Secs: 0.00017
Query: SELECT `kendaraan`.* FROM `kendaraan` WHERE (no_polisi = 'qweq') LIMIT 1
Params: []

2015-06-20T11:49:25+07:00 INFO (6): 
Elapsed Secs: 0.00025
Query: connect
Params: []

2015-06-20T11:49:25+07:00 INFO (6): 
Elapsed Secs: 0.00101
Query: DESCRIBE `kendaraan`
Params: []

2015-06-20T11:49:25+07:00 INFO (6): 
Elapsed Secs: 0.00017
Query: SELECT `kendaraan`.* FROM `kendaraan` WHERE (no_polisi = 'qweq') LIMIT 1
Params: []

2015-06-20T11:49:44+07:00 INFO (6): 
Elapsed Secs: 0.00108
Query: connect
Params: []

2015-06-20T11:49:44+07:00 INFO (6): 
Elapsed Secs: 0.00101
Query: DESCRIBE `kendaraan`
Params: []

2015-06-20T11:49:44+07:00 INFO (6): 
Elapsed Secs: 0.00016
Query: SELECT `kendaraan`.* FROM `kendaraan` WHERE (no_polisi = 'qweq') LIMIT 1
Params: []

2015-06-20T11:50:04+07:00 INFO (6): 
Elapsed Secs: 0.00116
Query: connect
Params: []

2015-06-20T11:50:04+07:00 INFO (6): 
Elapsed Secs: 0.00095
Query: DESCRIBE `kendaraan`
Params: []

2015-06-20T11:50:04+07:00 INFO (6): 
Elapsed Secs: 0.00014
Query: SELECT `kendaraan`.* FROM `kendaraan` WHERE (no_polisi = 'qweq') LIMIT 1
Params: []

2015-06-20T11:50:15+07:00 INFO (6): 
Elapsed Secs: 0.00029
Query: connect
Params: []

2015-06-20T11:50:15+07:00 INFO (6): 
Elapsed Secs: 0.0011
Query: DESCRIBE `kendaraan`
Params: []

2015-06-20T11:50:15+07:00 INFO (6): 
Elapsed Secs: 0.00016
Query: SELECT `kendaraan`.* FROM `kendaraan` WHERE (no_polisi = 'qweq') LIMIT 1
Params: []

2015-06-20T11:50:35+07:00 INFO (6): 
Elapsed Secs: 0.00144
Query: connect
Params: []

2015-06-20T11:50:35+07:00 INFO (6): 
Elapsed Secs: 0.00126
Query: DESCRIBE `kendaraan`
Params: []

2015-06-20T11:50:35+07:00 INFO (6): 
Elapsed Secs: 0.00017
Query: SELECT `kendaraan`.* FROM `kendaraan` WHERE (no_polisi = 'qweq') LIMIT 1
Params: []

2015-06-20T11:51:02+07:00 INFO (6): 
Elapsed Secs: 0.00026
Query: connect
Params: []

2015-06-20T11:51:02+07:00 INFO (6): 
Elapsed Secs: 0.00105
Query: DESCRIBE `kendaraan`
Params: []

2015-06-20T11:51:02+07:00 INFO (6): 
Elapsed Secs: 0.00018
Query: SELECT `kendaraan`.* FROM `kendaraan` WHERE (no_polisi = 'qweq') LIMIT 1
Params: []

2015-06-20T11:52:19+07:00 INFO (6): 
Elapsed Secs: 0.00029
Query: connect
Params: []

2015-06-20T11:52:19+07:00 INFO (6): 
Elapsed Secs: 0.00129
Query: DESCRIBE `kendaraan`
Params: []

2015-06-20T11:52:19+07:00 INFO (6): 
Elapsed Secs: 0.00021
Query: SELECT `kendaraan`.* FROM `kendaraan` WHERE (no_polisi = 'qweq') LIMIT 1
Params: []

2015-06-20T11:52:47+07:00 INFO (6): 
Elapsed Secs: 0.00027
Query: connect
Params: []

2015-06-20T11:52:47+07:00 INFO (6): 
Elapsed Secs: 0.00112
Query: DESCRIBE `kendaraan`
Params: []

2015-06-20T11:52:47+07:00 INFO (6): 
Elapsed Secs: 0.00019
Query: SELECT `kendaraan`.* FROM `kendaraan` WHERE (no_polisi = 'qweq') LIMIT 1
Params: []

2015-06-20T11:52:56+07:00 INFO (6): 
Elapsed Secs: 0.00115
Query: connect
Params: []

2015-06-20T11:52:56+07:00 INFO (6): 
Elapsed Secs: 0.00102
Query: DESCRIBE `kendaraan`
Params: []

2015-06-20T11:52:56+07:00 INFO (6): 
Elapsed Secs: 0.00019
Query: SELECT `kendaraan`.* FROM `kendaraan` WHERE (no_polisi = 'qweq') LIMIT 1
Params: []

2015-06-20T11:53:57+07:00 INFO (6): 
Elapsed Secs: 0.00028
Query: connect
Params: []

2015-06-20T11:53:57+07:00 INFO (6): 
Elapsed Secs: 0.00103
Query: DESCRIBE `kendaraan`
Params: []

2015-06-20T11:53:57+07:00 INFO (6): 
Elapsed Secs: 0.0002
Query: SELECT `kendaraan`.* FROM `kendaraan` WHERE (no_polisi = 'qweq') LIMIT 1
Params: []

2015-06-20T11:56:09+07:00 INFO (6): 
Elapsed Secs: 0.00027
Query: connect
Params: []

2015-06-20T11:56:09+07:00 INFO (6): 
Elapsed Secs: 0.00099
Query: DESCRIBE `kendaraan`
Params: []

2015-06-20T11:56:09+07:00 INFO (6): 
Elapsed Secs: 0.00017
Query: SELECT `kendaraan`.* FROM `kendaraan` WHERE (no_polisi = 'qweq') LIMIT 1
Params: []

2015-06-20T11:56:48+07:00 INFO (6): 
Elapsed Secs: 0.00147
Query: connect
Params: []

2015-06-20T11:56:48+07:00 INFO (6): 
Elapsed Secs: 0.00154
Query: DESCRIBE `cabang`
Params: []

2015-06-20T11:56:48+07:00 INFO (6): 
Elapsed Secs: 0.00024
Query: SELECT `cabang`.* FROM `cabang` WHERE (id_cabang = '29' ) LIMIT 1
Params: []

2015-06-20T11:56:48+07:00 INFO (6): 
Elapsed Secs: 0.00142
Query: DESCRIBE `kendaraan`
Params: []

2015-06-20T11:56:48+07:00 INFO (6): 
Elapsed Secs: 0.00022
Query: connect
Params: []

2015-06-20T11:56:48+07:00 INFO (6): 
Elapsed Secs: 0.00036
Query: SELECT `ken`.*, `cos`.`id_cabang`, `us`.`id_user`, `cb`.`cabang` FROM `kendaraan` AS `ken`
 INNER JOIN `costumer` AS `cos` ON cos.nik_costumer=ken.nik_costumer
 INNER JOIN `user` AS `us` ON us.id_user = cos.id_user
 INNER JOIN `cabang` AS `cb` ON cos.id_cabang = cb.id_cabang WHERE (us.id_user = '16') AND (cb.id_cabang = '29')
Params: []

2015-06-20T11:57:14+07:00 INFO (6): 
Elapsed Secs: 0.00028
Query: connect
Params: []

2015-06-20T11:57:14+07:00 INFO (6): 
Elapsed Secs: 0.00095
Query: DESCRIBE `cabang`
Params: []

2015-06-20T11:57:14+07:00 INFO (6): 
Elapsed Secs: 0.00017
Query: SELECT `cabang`.* FROM `cabang` WHERE (id_cabang = '29' ) LIMIT 1
Params: []

2015-06-20T11:57:14+07:00 INFO (6): 
Elapsed Secs: 0.00083
Query: DESCRIBE `kendaraan`
Params: []

2015-06-20T11:57:14+07:00 INFO (6): 
Elapsed Secs: 0.00022
Query: connect
Params: []

2015-06-20T11:57:14+07:00 INFO (6): 
Elapsed Secs: 0.00028
Query: SELECT `ken`.*, `cos`.`id_cabang`, `us`.`id_user`, `cb`.`cabang` FROM `kendaraan` AS `ken`
 INNER JOIN `costumer` AS `cos` ON cos.nik_costumer=ken.nik_costumer
 INNER JOIN `user` AS `us` ON us.id_user = cos.id_user
 INNER JOIN `cabang` AS `cb` ON cos.id_cabang = cb.id_cabang WHERE (us.id_user = '16') AND (cb.id_cabang = '29')
Params: []

2015-06-20T11:57:26+07:00 INFO (6): 
Elapsed Secs: 0.00023
Query: connect
Params: []

2015-06-20T11:57:26+07:00 INFO (6): 
Elapsed Secs: 0.00099
Query: DESCRIBE `kendaraan`
Params: []

2015-06-20T11:57:26+07:00 INFO (6): 
Elapsed Secs: 0.00015
Query: SELECT `kendaraan`.* FROM `kendaraan` WHERE (no_polisi = 'qweq') LIMIT 1
Params: []

2015-06-20T11:57:28+07:00 INFO (6): 
Elapsed Secs: 0.00024
Query: connect
Params: []

2015-06-20T11:57:28+07:00 INFO (6): 
Elapsed Secs: 0.00124
Query: DESCRIBE `cabang`
Params: []

2015-06-20T11:57:28+07:00 INFO (6): 
Elapsed Secs: 0.00018
Query: SELECT `cabang`.* FROM `cabang` WHERE (id_cabang = '29' ) LIMIT 1
Params: []

2015-06-20T11:57:28+07:00 INFO (6): 
Elapsed Secs: 0.00116
Query: DESCRIBE `kendaraan`
Params: []

2015-06-20T11:57:28+07:00 INFO (6): 
Elapsed Secs: 0.00019
Query: connect
Params: []

2015-06-20T11:57:28+07:00 INFO (6): 
Elapsed Secs: 0.00032
Query: SELECT `ken`.*, `cos`.`id_cabang`, `us`.`id_user`, `cb`.`cabang` FROM `kendaraan` AS `ken`
 INNER JOIN `costumer` AS `cos` ON cos.nik_costumer=ken.nik_costumer
 INNER JOIN `user` AS `us` ON us.id_user = cos.id_user
 INNER JOIN `cabang` AS `cb` ON cos.id_cabang = cb.id_cabang WHERE (us.id_user = '16') AND (cb.id_cabang = '29')
Params: []

2015-06-20T11:57:29+07:00 INFO (6): 
Elapsed Secs: 0.00018
Query: connect
Params: []

2015-06-20T11:57:29+07:00 INFO (6): 
Elapsed Secs: 0.00098
Query: DESCRIBE `kendaraan`
Params: []

2015-06-20T11:57:29+07:00 INFO (6): 
Elapsed Secs: 0.00014
Query: SELECT `kendaraan`.* FROM `kendaraan` WHERE (no_polisi = '51214') LIMIT 1
Params: []

2015-06-20T11:57:32+07:00 INFO (6): 
Elapsed Secs: 0.00028
Query: connect
Params: []

2015-06-20T11:57:32+07:00 INFO (6): 
Elapsed Secs: 0.00134
Query: DESCRIBE `cabang`
Params: []

2015-06-20T11:57:32+07:00 INFO (6): 
Elapsed Secs: 0.00019
Query: SELECT `cabang`.* FROM `cabang` WHERE (id_cabang = '29' ) LIMIT 1
Params: []

2015-06-20T11:57:32+07:00 INFO (6): 
Elapsed Secs: 0.00113
Query: DESCRIBE `kendaraan`
Params: []

2015-06-20T11:57:32+07:00 INFO (6): 
Elapsed Secs: 0.00022
Query: connect
Params: []

2015-06-20T11:57:32+07:00 INFO (6): 
Elapsed Secs: 0.00036
Query: SELECT `ken`.*, `cos`.`id_cabang`, `us`.`id_user`, `cb`.`cabang` FROM `kendaraan` AS `ken`
 INNER JOIN `costumer` AS `cos` ON cos.nik_costumer=ken.nik_costumer
 INNER JOIN `user` AS `us` ON us.id_user = cos.id_user
 INNER JOIN `cabang` AS `cb` ON cos.id_cabang = cb.id_cabang WHERE (us.id_user = '16') AND (cb.id_cabang = '29')
Params: []

2015-06-20T11:57:36+07:00 INFO (6): 
Elapsed Secs: 0.00026
Query: connect
Params: []

2015-06-20T11:57:36+07:00 INFO (6): 
Elapsed Secs: 0.00099
Query: DESCRIBE `cabang`
Params: []

2015-06-20T11:57:36+07:00 INFO (6): 
Elapsed Secs: 0.00018
Query: SELECT `cabang`.* FROM `cabang` WHERE (id_cabang = '29' ) LIMIT 1
Params: []

2015-06-20T11:57:36+07:00 INFO (6): 
Elapsed Secs: 0.0008
Query: DESCRIBE `kendaraan`
Params: []

2015-06-20T11:57:36+07:00 INFO (6): 
Elapsed Secs: 0.00023
Query: connect
Params: []

2015-06-20T11:57:36+07:00 INFO (6): 
Elapsed Secs: 0.00049
Query: SELECT `ken`.*, `cos`.`id_cabang`, `us`.`id_user`, `cb`.`cabang` FROM `kendaraan` AS `ken`
 INNER JOIN `costumer` AS `cos` ON cos.nik_costumer=ken.nik_costumer
 INNER JOIN `user` AS `us` ON us.id_user = cos.id_user
 INNER JOIN `cabang` AS `cb` ON cos.id_cabang = cb.id_cabang WHERE (us.id_user = '16') AND (cb.id_cabang = '29')
Params: []

2015-06-20T11:57:38+07:00 INFO (6): 
Elapsed Secs: 0.00021
Query: connect
Params: []

2015-06-20T11:57:38+07:00 INFO (6): 
Elapsed Secs: 0.00096
Query: DESCRIBE `kendaraan`
Params: []

2015-06-20T11:57:38+07:00 INFO (6): 
Elapsed Secs: 0.00013
Query: SELECT `kendaraan`.* FROM `kendaraan` WHERE (no_polisi = '51214') LIMIT 1
Params: []

2015-06-20T11:59:36+07:00 INFO (6): 
Elapsed Secs: 0.00239
Query: connect
Params: []

2015-06-20T11:59:36+07:00 INFO (6): 
Elapsed Secs: 0.00207
Query: DESCRIBE `kendaraan`
Params: []

2015-06-20T11:59:36+07:00 INFO (6): 
Elapsed Secs: 0.00031
Query: SELECT `kendaraan`.* FROM `kendaraan` WHERE (no_polisi = '51214') LIMIT 1
Params: []

2015-06-20T11:59:39+07:00 INFO (6): 
Elapsed Secs: 0.00025
Query: connect
Params: []

2015-06-20T11:59:39+07:00 INFO (6): 
Elapsed Secs: 0.00124
Query: DESCRIBE `cabang`
Params: []

2015-06-20T11:59:39+07:00 INFO (6): 
Elapsed Secs: 0.00019
Query: SELECT `cabang`.* FROM `cabang` WHERE (id_cabang = '29' ) LIMIT 1
Params: []

2015-06-20T11:59:39+07:00 INFO (6): 
Elapsed Secs: 0.00114
Query: DESCRIBE `kendaraan`
Params: []

2015-06-20T11:59:39+07:00 INFO (6): 
Elapsed Secs: 0.00024
Query: connect
Params: []

2015-06-20T11:59:39+07:00 INFO (6): 
Elapsed Secs: 0.00036
Query: SELECT `ken`.*, `cos`.`id_cabang`, `us`.`id_user`, `cb`.`cabang` FROM `kendaraan` AS `ken`
 INNER JOIN `costumer` AS `cos` ON cos.nik_costumer=ken.nik_costumer
 INNER JOIN `user` AS `us` ON us.id_user = cos.id_user
 INNER JOIN `cabang` AS `cb` ON cos.id_cabang = cb.id_cabang WHERE (us.id_user = '16') AND (cb.id_cabang = '29')
Params: []

