2015-07-27T14:06:44+07:00 INFO (6): 
Elapsed Secs: 0.00107
Query: connect
Params: []

2015-07-27T14:06:44+07:00 INFO (6): 
Elapsed Secs: 0.00042
Query: DESCRIBE `costumer`
Params: []

2015-07-27T14:06:44+07:00 INFO (6): 
Elapsed Secs: 0.00022
Query: SELECT `cos`.`nik_costumer`, `cos`.`nama`, `cos`.`alamat`, `cos`.`jenis_kelamin`, `cos`.`tempat_lahir`, `cos`.`tanggal_lahir`, `cos`.`nama_ibu`, `cos`.`agama`, `cos`.`status`, `cos`.`pekerjaan`, `cos`.`alamat_tempat_kerja`, `cos`.`hp`, `cos`.`telpon`, `us`.`realname` FROM `costumer` AS `cos`
 INNER JOIN `user` AS `us` ON cos.id_user=us.id_user
 INNER JOIN `cabang` AS `cb` ON us.id_cabang = cb.id_cabang WHERE (cos.id_user = '16')
Params: []

2015-07-27T14:06:45+07:00 INFO (6): 
Elapsed Secs: 0.00023
Query: connect
Params: []

2015-07-27T14:06:45+07:00 INFO (6): 
Elapsed Secs: 0.0004
Query: DESCRIBE `costumer`
Params: []

2015-07-27T14:06:45+07:00 INFO (6): 
Elapsed Secs: 0.00014
Query: SELECT `costumer`.* FROM `costumer` WHERE (id_costumer = '11-212-31231211') LIMIT 1
Params: []

2015-07-27T14:06:58+07:00 INFO (6): 
Elapsed Secs: 0.00024
Query: connect
Params: []

2015-07-27T14:06:58+07:00 INFO (6): 
Elapsed Secs: 0.00045
Query: DESCRIBE `costumer`
Params: []

2015-07-27T14:06:58+07:00 INFO (6): 
Elapsed Secs: 0.00022
Query: SELECT `cos`.`nik_costumer`, `cos`.`nama`, `cos`.`alamat`, `cos`.`jenis_kelamin`, `cos`.`tempat_lahir`, `cos`.`tanggal_lahir`, `cos`.`nama_ibu`, `cos`.`agama`, `cos`.`status`, `cos`.`pekerjaan`, `cos`.`alamat_tempat_kerja`, `cos`.`hp`, `cos`.`telpon`, `us`.`realname` FROM `costumer` AS `cos`
 INNER JOIN `user` AS `us` ON cos.id_user=us.id_user
 INNER JOIN `cabang` AS `cb` ON us.id_cabang = cb.id_cabang WHERE (cos.id_user = '16')
Params: []

2015-07-27T14:06:59+07:00 INFO (6): 
Elapsed Secs: 0.00021
Query: connect
Params: []

2015-07-27T14:06:59+07:00 INFO (6): 
Elapsed Secs: 0.00054
Query: DESCRIBE `costumer`
Params: []

2015-07-27T14:06:59+07:00 INFO (6): 
Elapsed Secs: 0.00016
Query: SELECT `costumer`.* FROM `costumer` WHERE (nik_costumer = '11-212-31231211') LIMIT 1
Params: []

2015-07-27T14:07:06+07:00 INFO (6): 
Elapsed Secs: 0.00019
Query: connect
Params: []

2015-07-27T14:07:06+07:00 INFO (6): 
Elapsed Secs: 0.00043
Query: DESCRIBE `costumer`
Params: []

2015-07-27T14:07:06+07:00 INFO (6): 
Elapsed Secs: 0.0002
Query: SELECT `cos`.`nik_costumer`, `cos`.`nama`, `cos`.`alamat`, `cos`.`jenis_kelamin`, `cos`.`tempat_lahir`, `cos`.`tanggal_lahir`, `cos`.`nama_ibu`, `cos`.`agama`, `cos`.`status`, `cos`.`pekerjaan`, `cos`.`alamat_tempat_kerja`, `cos`.`hp`, `cos`.`telpon`, `us`.`realname` FROM `costumer` AS `cos`
 INNER JOIN `user` AS `us` ON cos.id_user=us.id_user
 INNER JOIN `cabang` AS `cb` ON us.id_cabang = cb.id_cabang WHERE (cos.id_user = '16')
Params: []

2015-07-27T14:07:09+07:00 INFO (6): 
Elapsed Secs: 0.00026
Query: connect
Params: []

2015-07-27T14:07:09+07:00 INFO (6): 
Elapsed Secs: 0.00048
Query: DESCRIBE `costumer`
Params: []

2015-07-27T14:07:09+07:00 INFO (6): 
Elapsed Secs: 0.00018
Query: SELECT `costumer`.* FROM `costumer` WHERE (nik_costumer = '11-212-31231211') LIMIT 1
Params: []

2015-07-27T14:07:27+07:00 INFO (6): 
Elapsed Secs: 0.00019
Query: connect
Params: []

2015-07-27T14:07:27+07:00 INFO (6): 
Elapsed Secs: 0.05928
Query: UPDATE `costumer` SET `id_costumer` = ?, `nik_costumer` = ?, `nama` = ?, `alamat` = ?, `tempat_lahir` = ?, `tanggal_lahir` = ?, `jenis_kelamin` = ?, `nama_ibu` = ?, `agama` = ?, `status` = ?, `pekerjaan` = ?, `alamat_tempat_kerja` = ?, `hp` = ?, `telpon` = ? WHERE (id_costumer = '1')
Params: {"1":"1","2":"11-212-312-31211","3":"Riza Masta Saputra","4":"Jl Waru No 21 Antasari Bandar Lampung","5":"Tanjung Raja","6":"2015-06-17","7":"laki-laki","8":"Masjuita","9":"ISLAM","10":"belummenikah","11":"PNS","12":"Jl Waru No 21 Antasari Bandar Lampung","13":"8123123123","14":"123123"}

2015-07-27T14:07:27+07:00 INFO (6): 
Elapsed Secs: 0.00026
Query: connect
Params: []

2015-07-27T14:07:27+07:00 INFO (6): 
Elapsed Secs: 0.00056
Query: DESCRIBE `costumer`
Params: []

2015-07-27T14:07:27+07:00 INFO (6): 
Elapsed Secs: 0.0003
Query: SELECT `cos`.`nik_costumer`, `cos`.`nama`, `cos`.`alamat`, `cos`.`jenis_kelamin`, `cos`.`tempat_lahir`, `cos`.`tanggal_lahir`, `cos`.`nama_ibu`, `cos`.`agama`, `cos`.`status`, `cos`.`pekerjaan`, `cos`.`alamat_tempat_kerja`, `cos`.`hp`, `cos`.`telpon`, `us`.`realname` FROM `costumer` AS `cos`
 INNER JOIN `user` AS `us` ON cos.id_user=us.id_user
 INNER JOIN `cabang` AS `cb` ON us.id_cabang = cb.id_cabang WHERE (cos.id_user = '16')
Params: []

2015-07-27T14:08:29+07:00 INFO (6): 
Elapsed Secs: 0.00132
Query: connect
Params: []

2015-07-27T14:08:29+07:00 INFO (6): 
Elapsed Secs: 0.00057
Query: DESCRIBE `costumer`
Params: []

2015-07-27T14:08:29+07:00 INFO (6): 
Elapsed Secs: 0.00027
Query: SELECT `cos`.`nik_costumer`, `cos`.`nama`, `cos`.`alamat`, `cos`.`jenis_kelamin`, `cos`.`tempat_lahir`, `cos`.`tanggal_lahir`, `cos`.`nama_ibu`, `cos`.`agama`, `cos`.`status`, `cos`.`pekerjaan`, `cos`.`alamat_tempat_kerja`, `cos`.`hp`, `cos`.`telpon`, `us`.`realname`, `cb`.`cabang` FROM `costumer` AS `cos`
 INNER JOIN `user` AS `us` ON cos.id_user=us.id_user
 INNER JOIN `cabang` AS `cb` ON us.id_cabang = cb.id_cabang WHERE (cos.nik_costumer = '11-212-312-31211')
Params: []

2015-07-27T14:08:29+07:00 INFO (6): 
Elapsed Secs: 0.00026
Query: connect
Params: []

2015-07-27T14:08:29+07:00 INFO (6): 
Elapsed Secs: 0.00019
Query: SELECT `penj`.* FROM `costumer` AS `cos`
 INNER JOIN `penjamin` AS `penj` ON penj.nik_costumer = cos.nik_costumer WHERE (cos.nik_costumer = '11-212-312-31211')
Params: []

2015-07-27T14:08:31+07:00 INFO (6): 
Elapsed Secs: 0.00031
Query: connect
Params: []

2015-07-27T14:08:31+07:00 INFO (6): 
Elapsed Secs: 0.00062
Query: DESCRIBE `costumer`
Params: []

2015-07-27T14:08:31+07:00 INFO (6): 
Elapsed Secs: 0.00032
Query: SELECT `cos`.`nik_costumer`, `cos`.`nama`, `cos`.`alamat`, `cos`.`jenis_kelamin`, `cos`.`tempat_lahir`, `cos`.`tanggal_lahir`, `cos`.`nama_ibu`, `cos`.`agama`, `cos`.`status`, `cos`.`pekerjaan`, `cos`.`alamat_tempat_kerja`, `cos`.`hp`, `cos`.`telpon`, `us`.`realname` FROM `costumer` AS `cos`
 INNER JOIN `user` AS `us` ON cos.id_user=us.id_user
 INNER JOIN `cabang` AS `cb` ON us.id_cabang = cb.id_cabang WHERE (cos.id_user = '16')
Params: []

2015-07-27T14:08:34+07:00 INFO (6): 
Elapsed Secs: 0.00024
Query: connect
Params: []

2015-07-27T14:08:34+07:00 INFO (6): 
Elapsed Secs: 0.00042
Query: DESCRIBE `costumer`
Params: []

2015-07-27T14:08:34+07:00 INFO (6): 
Elapsed Secs: 0.00023
Query: SELECT `cos`.`nik_costumer`, `cos`.`nama`, `cos`.`alamat`, `cos`.`jenis_kelamin`, `cos`.`tempat_lahir`, `cos`.`tanggal_lahir`, `cos`.`nama_ibu`, `cos`.`agama`, `cos`.`status`, `cos`.`pekerjaan`, `cos`.`alamat_tempat_kerja`, `cos`.`hp`, `cos`.`telpon`, `us`.`realname`, `cb`.`cabang` FROM `costumer` AS `cos`
 INNER JOIN `user` AS `us` ON cos.id_user=us.id_user
 INNER JOIN `cabang` AS `cb` ON us.id_cabang = cb.id_cabang WHERE (cos.nik_costumer = '11-212-312-31211')
Params: []

2015-07-27T14:08:34+07:00 INFO (6): 
Elapsed Secs: 0.00019
Query: connect
Params: []

2015-07-27T14:08:34+07:00 INFO (6): 
Elapsed Secs: 0.00012
Query: SELECT `penj`.* FROM `costumer` AS `cos`
 INNER JOIN `penjamin` AS `penj` ON penj.nik_costumer = cos.nik_costumer WHERE (cos.nik_costumer = '11-212-312-31211')
Params: []

2015-07-27T14:17:41+07:00 INFO (6): 
Elapsed Secs: 0.00099
Query: connect
Params: []

2015-07-27T14:17:41+07:00 INFO (6): 
Elapsed Secs: 0.00041
Query: DESCRIBE `cabang`
Params: []

2015-07-27T14:17:41+07:00 INFO (6): 
Elapsed Secs: 0.00017
Query: SELECT `cabang`.* FROM `cabang` WHERE (id_cabang = '29' ) LIMIT 1
Params: []

2015-07-27T14:17:41+07:00 INFO (6): 
Elapsed Secs: 0.00035
Query: DESCRIBE `kendaraan`
Params: []

2015-07-27T14:17:41+07:00 INFO (6): 
Elapsed Secs: 0.00018
Query: connect
Params: []

2015-07-27T14:17:41+07:00 INFO (6): 
Elapsed Secs: 0.00906
Query: SELECT `ken`.*, `cos`.`id_cabang`, `us`.`id_user`, `cb`.`cabang` FROM `kendaraan` AS `ken`
 INNER JOIN `costumer` AS `cos` ON cos.nik_costumer=ken.nik_costumer
 INNER JOIN `user` AS `us` ON us.id_user = cos.id_user
 INNER JOIN `cabang` AS `cb` ON cos.id_cabang = cb.id_cabang WHERE (us.id_user = '16') AND (cb.id_cabang = '29')
Params: []

2015-07-27T14:17:45+07:00 INFO (6): 
Elapsed Secs: 0.00028
Query: connect
Params: []

2015-07-27T14:17:45+07:00 INFO (6): 
Elapsed Secs: 0.00055
Query: DESCRIBE `penjamin`
Params: []

2015-07-27T14:17:45+07:00 INFO (6): 
Elapsed Secs: 0.00022
Query: connect
Params: []

2015-07-27T14:17:45+07:00 INFO (6): 
Elapsed Secs: 0.00032
Query: SELECT `pe`.*, `cos`.`id_cabang`, `cos`.`id_user`, `cb`.`cabang` FROM `penjamin` AS `pe`
 INNER JOIN `costumer` AS `cos` ON pe.nik_costumer = cos.nik_costumer
 INNER JOIN `user` AS `us` ON us.id_user = cos.id_user
 INNER JOIN `cabang` AS `cb` ON cb.id_cabang = cos.id_cabang WHERE (us.id_user= '16') AND (cb.id_cabang = '29')
Params: []

2015-07-27T14:17:46+07:00 INFO (6): 
Elapsed Secs: 0.0003
Query: connect
Params: []

2015-07-27T14:17:46+07:00 INFO (6): 
Elapsed Secs: 0.00062
Query: DESCRIBE `costumer`
Params: []

2015-07-27T14:17:46+07:00 INFO (6): 
Elapsed Secs: 0.00029
Query: SELECT `cos`.`nik_costumer`, `cos`.`nama`, `cos`.`alamat`, `cos`.`jenis_kelamin`, `cos`.`tempat_lahir`, `cos`.`tanggal_lahir`, `cos`.`nama_ibu`, `cos`.`agama`, `cos`.`status`, `cos`.`pekerjaan`, `cos`.`alamat_tempat_kerja`, `cos`.`hp`, `cos`.`telpon`, `us`.`realname` FROM `costumer` AS `cos`
 INNER JOIN `user` AS `us` ON cos.id_user=us.id_user
 INNER JOIN `cabang` AS `cb` ON us.id_cabang = cb.id_cabang WHERE (cos.id_user = '16')
Params: []

2015-07-27T14:17:50+07:00 INFO (6): 
Elapsed Secs: 0.00021
Query: connect
Params: []

2015-07-27T14:17:50+07:00 INFO (6): 
Elapsed Secs: 0.00042
Query: DESCRIBE `costumer`
Params: []

2015-07-27T14:17:50+07:00 INFO (6): 
Elapsed Secs: 0.00021
Query: SELECT `cos`.`nik_costumer`, `cos`.`nama`, `cos`.`alamat`, `cos`.`jenis_kelamin`, `cos`.`tempat_lahir`, `cos`.`tanggal_lahir`, `cos`.`nama_ibu`, `cos`.`agama`, `cos`.`status`, `cos`.`pekerjaan`, `cos`.`alamat_tempat_kerja`, `cos`.`hp`, `cos`.`telpon`, `us`.`realname` FROM `costumer` AS `cos`
 INNER JOIN `user` AS `us` ON cos.id_user=us.id_user
 INNER JOIN `cabang` AS `cb` ON us.id_cabang = cb.id_cabang WHERE (cos.id_user = '16')
Params: []

2015-07-27T14:17:54+07:00 INFO (6): 
Elapsed Secs: 0.00022
Query: connect
Params: []

2015-07-27T14:17:54+07:00 INFO (6): 
Elapsed Secs: 0.00043
Query: DESCRIBE `costumer`
Params: []

2015-07-27T14:17:54+07:00 INFO (6): 
Elapsed Secs: 0.00021
Query: SELECT `cos`.`nik_costumer`, `cos`.`nama`, `cos`.`alamat`, `cos`.`jenis_kelamin`, `cos`.`tempat_lahir`, `cos`.`tanggal_lahir`, `cos`.`nama_ibu`, `cos`.`agama`, `cos`.`status`, `cos`.`pekerjaan`, `cos`.`alamat_tempat_kerja`, `cos`.`hp`, `cos`.`telpon`, `us`.`realname`, `cb`.`cabang` FROM `costumer` AS `cos`
 INNER JOIN `user` AS `us` ON cos.id_user=us.id_user
 INNER JOIN `cabang` AS `cb` ON us.id_cabang = cb.id_cabang WHERE (cos.nik_costumer = '11-212-312-31211')
Params: []

2015-07-27T14:17:54+07:00 INFO (6): 
Elapsed Secs: 0.00027
Query: connect
Params: []

2015-07-27T14:17:54+07:00 INFO (6): 
Elapsed Secs: 0.00021
Query: SELECT `penj`.* FROM `costumer` AS `cos`
 INNER JOIN `penjamin` AS `penj` ON penj.nik_costumer = cos.nik_costumer WHERE (cos.nik_costumer = '11-212-312-31211')
Params: []

2015-07-27T14:18:02+07:00 INFO (6): 
Elapsed Secs: 0.00241
Query: connect
Params: []

2015-07-27T14:18:02+07:00 INFO (6): 
Elapsed Secs: 0.00119
Query: DESCRIBE `penjamin`
Params: []

2015-07-27T14:18:02+07:00 INFO (6): 
Elapsed Secs: 0.00028
Query: connect
Params: []

2015-07-27T14:18:02+07:00 INFO (6): 
Elapsed Secs: 0.0004
Query: SELECT `pe`.*, `cos`.`id_cabang`, `cos`.`id_user`, `cb`.`cabang` FROM `penjamin` AS `pe`
 INNER JOIN `costumer` AS `cos` ON pe.nik_costumer = cos.nik_costumer
 INNER JOIN `user` AS `us` ON us.id_user = cos.id_user
 INNER JOIN `cabang` AS `cb` ON cb.id_cabang = cos.id_cabang WHERE (us.id_user= '16') AND (cb.id_cabang = '29')
Params: []

2015-07-27T14:18:04+07:00 INFO (6): 
Elapsed Secs: 0.00036
Query: connect
Params: []

2015-07-27T14:18:04+07:00 INFO (6): 
Elapsed Secs: 0.00055
Query: DESCRIBE `penjamin`
Params: []

2015-07-27T14:18:04+07:00 INFO (6): 
Elapsed Secs: 0.00022
Query: connect
Params: []

2015-07-27T14:18:04+07:00 INFO (6): 
Elapsed Secs: 0.00028
Query: SELECT `pe`.*, `cos`.`id_cabang`, `cos`.`id_user`, `cb`.`cabang` FROM `penjamin` AS `pe`
 INNER JOIN `costumer` AS `cos` ON pe.nik_costumer = cos.nik_costumer
 INNER JOIN `user` AS `us` ON us.id_user = cos.id_user
 INNER JOIN `cabang` AS `cb` ON cb.id_cabang = cos.id_cabang
Params: []

2015-07-27T14:19:10+07:00 INFO (6): 
Elapsed Secs: 0.00097
Query: connect
Params: []

2015-07-27T14:19:10+07:00 INFO (6): 
Elapsed Secs: 0.00037
Query: DESCRIBE `cabang`
Params: []

2015-07-27T14:19:10+07:00 INFO (6): 
Elapsed Secs: 0.00013
Query: SELECT `cabang`.* FROM `cabang` WHERE (id_cabang = '29' ) LIMIT 1
Params: []

2015-07-27T14:19:10+07:00 INFO (6): 
Elapsed Secs: 0.00029
Query: DESCRIBE `pinjaman`
Params: []

2015-07-27T14:19:10+07:00 INFO (6): 
Elapsed Secs: 0.00967
Query: SELECT `pin`.*, `cos`.`nama` FROM `pinjaman` AS `pin`
 INNER JOIN `costumer` AS `cos` ON pin.nik_costumer = cos.nik_costumer
 INNER JOIN `user` AS `us` ON cos.id_user = us.id_user
 INNER JOIN `cabang` AS `cb` ON us.id_cabang = cb.id_cabang WHERE (us.id_user = '16') OR (cb.id_cabang = '29')
Params: []

2015-07-27T14:19:12+07:00 INFO (6): 
Elapsed Secs: 0.00031
Query: connect
Params: []

2015-07-27T14:19:12+07:00 INFO (6): 
Elapsed Secs: 0.00063
Query: DESCRIBE `cabang`
Params: []

2015-07-27T14:19:12+07:00 INFO (6): 
Elapsed Secs: 0.00031
Query: SELECT `cabang`.* FROM `cabang` WHERE (id_cabang = '29' ) LIMIT 1
Params: []

2015-07-27T14:19:12+07:00 INFO (6): 
Elapsed Secs: 0.00071
Query: DESCRIBE `pinjaman`
Params: []

2015-07-27T14:19:12+07:00 INFO (6): 
Elapsed Secs: 0.0005
Query: SELECT `pin`.*, `cos`.`nama` FROM `pinjaman` AS `pin`
 INNER JOIN `costumer` AS `cos` ON pin.nik_costumer = cos.nik_costumer
 INNER JOIN `user` AS `us` ON cos.id_user = us.id_user
 INNER JOIN `cabang` AS `cb` ON us.id_cabang = cb.id_cabang WHERE (us.id_user = '16') OR (cb.id_cabang = '29')
Params: []

2015-07-27T14:19:14+07:00 INFO (6): 
Elapsed Secs: 0.00023
Query: connect
Params: []

2015-07-27T14:19:14+07:00 INFO (6): 
Elapsed Secs: 0.00045
Query: DESCRIBE `cabang`
Params: []

2015-07-27T14:19:14+07:00 INFO (6): 
Elapsed Secs: 0.00017
Query: SELECT `cabang`.* FROM `cabang` WHERE (id_cabang = '29' ) LIMIT 1
Params: []

2015-07-27T14:19:14+07:00 INFO (6): 
Elapsed Secs: 0.00043
Query: DESCRIBE `kendaraan`
Params: []

2015-07-27T14:19:14+07:00 INFO (6): 
Elapsed Secs: 0.00022
Query: connect
Params: []

2015-07-27T14:19:14+07:00 INFO (6): 
Elapsed Secs: 0.00033
Query: SELECT `ken`.*, `cos`.`id_cabang`, `us`.`id_user`, `cb`.`cabang` FROM `kendaraan` AS `ken`
 INNER JOIN `costumer` AS `cos` ON cos.nik_costumer=ken.nik_costumer
 INNER JOIN `user` AS `us` ON us.id_user = cos.id_user
 INNER JOIN `cabang` AS `cb` ON cos.id_cabang = cb.id_cabang WHERE (us.id_user = '16') AND (cb.id_cabang = '29')
Params: []

2015-07-27T14:19:16+07:00 INFO (6): 
Elapsed Secs: 0.00019
Query: connect
Params: []

2015-07-27T14:19:16+07:00 INFO (6): 
Elapsed Secs: 0.00041
Query: DESCRIBE `costumer`
Params: []

2015-07-27T14:19:16+07:00 INFO (6): 
Elapsed Secs: 0.00023
Query: SELECT `cos`.`nik_costumer`, `cos`.`nama`, `cos`.`alamat`, `cos`.`jenis_kelamin`, `cos`.`tempat_lahir`, `cos`.`tanggal_lahir`, `cos`.`nama_ibu`, `cos`.`agama`, `cos`.`status`, `cos`.`pekerjaan`, `cos`.`alamat_tempat_kerja`, `cos`.`hp`, `cos`.`telpon`, `us`.`realname` FROM `costumer` AS `cos`
 INNER JOIN `user` AS `us` ON cos.id_user=us.id_user
 INNER JOIN `cabang` AS `cb` ON us.id_cabang = cb.id_cabang WHERE (cos.id_user = '16')
Params: []

2015-07-27T14:20:28+07:00 INFO (6): 
Elapsed Secs: 0.00112
Query: connect
Params: []

2015-07-27T14:20:28+07:00 INFO (6): 
Elapsed Secs: 0.00045
Query: DESCRIBE `costumer`
Params: []

2015-07-27T14:20:28+07:00 INFO (6): 
Elapsed Secs: 0.00025
Query: SELECT `cos`.`nik_costumer`, `cos`.`nama`, `cos`.`alamat`, `cos`.`jenis_kelamin`, `cos`.`tempat_lahir`, `cos`.`tanggal_lahir`, `cos`.`nama_ibu`, `cos`.`agama`, `cos`.`status`, `cos`.`pekerjaan`, `cos`.`alamat_tempat_kerja`, `cos`.`hp`, `cos`.`telpon`, `us`.`realname`, `cb`.`cabang` FROM `costumer` AS `cos`
 INNER JOIN `user` AS `us` ON cos.id_user=us.id_user
 INNER JOIN `cabang` AS `cb` ON us.id_cabang = cb.id_cabang WHERE (cos.nik_costumer = '11-212-312-31211')
Params: []

2015-07-27T14:20:28+07:00 INFO (6): 
Elapsed Secs: 0.00024
Query: connect
Params: []

2015-07-27T14:20:28+07:00 INFO (6): 
Elapsed Secs: 0.00017
Query: SELECT `penj`.* FROM `costumer` AS `cos`
 INNER JOIN `penjamin` AS `penj` ON penj.nik_costumer = cos.nik_costumer WHERE (cos.nik_costumer = '11-212-312-31211')
Params: []

2015-07-27T14:21:00+07:00 INFO (6): 
Elapsed Secs: 0.00106
Query: connect
Params: []

2015-07-27T14:21:00+07:00 INFO (6): 
Elapsed Secs: 0.00039
Query: DESCRIBE `costumer`
Params: []

2015-07-27T14:21:00+07:00 INFO (6): 
Elapsed Secs: 0.0002
Query: SELECT `cos`.`nik_costumer`, `cos`.`nama`, `cos`.`alamat`, `cos`.`jenis_kelamin`, `cos`.`tempat_lahir`, `cos`.`tanggal_lahir`, `cos`.`nama_ibu`, `cos`.`agama`, `cos`.`status`, `cos`.`pekerjaan`, `cos`.`alamat_tempat_kerja`, `cos`.`hp`, `cos`.`telpon`, `us`.`realname` FROM `costumer` AS `cos`
 INNER JOIN `user` AS `us` ON cos.id_user=us.id_user
 INNER JOIN `cabang` AS `cb` ON us.id_cabang = cb.id_cabang WHERE (cos.id_user = '16')
Params: []

2015-07-27T14:21:21+07:00 INFO (6): 
Elapsed Secs: 0.00334
Query: connect
Params: []

2015-07-27T14:21:21+07:00 INFO (6): 
Elapsed Secs: 0.00055
Query: DESCRIBE `costumer`
Params: []

2015-07-27T14:21:21+07:00 INFO (6): 
Elapsed Secs: 0.00032
Query: SELECT `cos`.`nik_costumer`, `cos`.`nama`, `cos`.`alamat`, `cos`.`jenis_kelamin`, `cos`.`tempat_lahir`, `cos`.`tanggal_lahir`, `cos`.`nama_ibu`, `cos`.`agama`, `cos`.`status`, `cos`.`pekerjaan`, `cos`.`alamat_tempat_kerja`, `cos`.`hp`, `cos`.`telpon`, `us`.`realname`, `cb`.`cabang` FROM `costumer` AS `cos`
 INNER JOIN `user` AS `us` ON cos.id_user=us.id_user
 INNER JOIN `cabang` AS `cb` ON us.id_cabang = cb.id_cabang WHERE (cos.nik_costumer = '11-212-312-31211')
Params: []

2015-07-27T14:21:21+07:00 INFO (6): 
Elapsed Secs: 0.00024
Query: connect
Params: []

2015-07-27T14:21:21+07:00 INFO (6): 
Elapsed Secs: 0.00022
Query: SELECT `penj`.* FROM `costumer` AS `cos`
 INNER JOIN `penjamin` AS `penj` ON penj.nik_costumer = cos.nik_costumer WHERE (cos.nik_costumer = '11-212-312-31211')
Params: []

2015-07-27T14:21:30+07:00 INFO (6): 
Elapsed Secs: 0.00028
Query: connect
Params: []

2015-07-27T14:21:30+07:00 INFO (6): 
Elapsed Secs: 0.00046
Query: DESCRIBE `costumer`
Params: []

2015-07-27T14:21:30+07:00 INFO (6): 
Elapsed Secs: 0.00025
Query: SELECT `cos`.`nik_costumer`, `cos`.`nama`, `cos`.`alamat`, `cos`.`jenis_kelamin`, `cos`.`tempat_lahir`, `cos`.`tanggal_lahir`, `cos`.`nama_ibu`, `cos`.`agama`, `cos`.`status`, `cos`.`pekerjaan`, `cos`.`alamat_tempat_kerja`, `cos`.`hp`, `cos`.`telpon`, `us`.`realname` FROM `costumer` AS `cos`
 INNER JOIN `user` AS `us` ON cos.id_user=us.id_user
 INNER JOIN `cabang` AS `cb` ON us.id_cabang = cb.id_cabang WHERE (cos.id_user = '16')
Params: []

2015-07-27T14:21:52+07:00 INFO (6): 
Elapsed Secs: 0.0015
Query: connect
Params: []

2015-07-27T14:21:52+07:00 INFO (6): 
Elapsed Secs: 0.00058
Query: DESCRIBE `costumer`
Params: []

2015-07-27T14:21:52+07:00 INFO (6): 
Elapsed Secs: 0.00031
Query: SELECT `cos`.`id_costumer`, `cos`.`nik_costumer`, `cos`.`nama`, `cos`.`alamat`, `cos`.`jenis_kelamin`, `cos`.`tempat_lahir`, `cos`.`tanggal_lahir`, `cos`.`nama_ibu`, `cos`.`agama`, `cos`.`status`, `cos`.`pekerjaan`, `cos`.`alamat_tempat_kerja`, `cos`.`hp`, `cos`.`telpon`, `us`.`realname`, `cb`.`cabang` FROM `costumer` AS `cos`
 INNER JOIN `user` AS `us` ON cos.id_user=us.id_user
 INNER JOIN `cabang` AS `cb` ON cb.id_cabang = cos.id_cabang
Params: []

2015-07-27T14:22:26+07:00 INFO (6): 
Elapsed Secs: 0.00028
Query: connect
Params: []

2015-07-27T14:22:26+07:00 INFO (6): 
Elapsed Secs: 0.0004
Query: DESCRIBE `costumer`
Params: []

2015-07-27T14:22:26+07:00 INFO (6): 
Elapsed Secs: 0.00021
Query: SELECT `cos`.`nik_costumer`, `cos`.`nama`, `cos`.`alamat`, `cos`.`jenis_kelamin`, `cos`.`tempat_lahir`, `cos`.`tanggal_lahir`, `cos`.`nama_ibu`, `cos`.`agama`, `cos`.`status`, `cos`.`pekerjaan`, `cos`.`alamat_tempat_kerja`, `cos`.`hp`, `cos`.`telpon`, `us`.`realname` FROM `costumer` AS `cos`
 INNER JOIN `user` AS `us` ON cos.id_user=us.id_user
 INNER JOIN `cabang` AS `cb` ON us.id_cabang = cb.id_cabang WHERE (cos.id_user = '16')
Params: []

2015-07-27T14:22:28+07:00 INFO (6): 
Elapsed Secs: 0.00021
Query: connect
Params: []

2015-07-27T14:22:28+07:00 INFO (6): 
Elapsed Secs: 0.00042
Query: DESCRIBE `costumer`
Params: []

2015-07-27T14:22:28+07:00 INFO (6): 
Elapsed Secs: 0.00024
Query: SELECT `cos`.`id_costumer`, `cos`.`nik_costumer`, `cos`.`nama`, `cos`.`alamat`, `cos`.`jenis_kelamin`, `cos`.`tempat_lahir`, `cos`.`tanggal_lahir`, `cos`.`nama_ibu`, `cos`.`agama`, `cos`.`status`, `cos`.`pekerjaan`, `cos`.`alamat_tempat_kerja`, `cos`.`hp`, `cos`.`telpon`, `us`.`realname`, `cb`.`cabang` FROM `costumer` AS `cos`
 INNER JOIN `user` AS `us` ON cos.id_user=us.id_user
 INNER JOIN `cabang` AS `cb` ON cb.id_cabang = cos.id_cabang
Params: []

2015-07-27T14:22:28+07:00 INFO (6): 
Elapsed Secs: 0.00023
Query: connect
Params: []

2015-07-27T14:22:28+07:00 INFO (6): 
Elapsed Secs: 0.00041
Query: DESCRIBE `costumer`
Params: []

2015-07-27T14:22:28+07:00 INFO (6): 
Elapsed Secs: 0.00021
Query: SELECT `cos`.`nik_costumer`, `cos`.`nama`, `cos`.`alamat`, `cos`.`jenis_kelamin`, `cos`.`tempat_lahir`, `cos`.`tanggal_lahir`, `cos`.`nama_ibu`, `cos`.`agama`, `cos`.`status`, `cos`.`pekerjaan`, `cos`.`alamat_tempat_kerja`, `cos`.`hp`, `cos`.`telpon`, `us`.`realname` FROM `costumer` AS `cos`
 INNER JOIN `user` AS `us` ON cos.id_user=us.id_user
 INNER JOIN `cabang` AS `cb` ON us.id_cabang = cb.id_cabang WHERE (cos.id_user = '16')
Params: []

2015-07-27T14:22:29+07:00 INFO (6): 
Elapsed Secs: 0.0002
Query: connect
Params: []

2015-07-27T14:22:29+07:00 INFO (6): 
Elapsed Secs: 0.00043
Query: DESCRIBE `costumer`
Params: []

2015-07-27T14:22:29+07:00 INFO (6): 
Elapsed Secs: 0.00022
Query: SELECT `cos`.`id_costumer`, `cos`.`nik_costumer`, `cos`.`nama`, `cos`.`alamat`, `cos`.`jenis_kelamin`, `cos`.`tempat_lahir`, `cos`.`tanggal_lahir`, `cos`.`nama_ibu`, `cos`.`agama`, `cos`.`status`, `cos`.`pekerjaan`, `cos`.`alamat_tempat_kerja`, `cos`.`hp`, `cos`.`telpon`, `us`.`realname`, `cb`.`cabang` FROM `costumer` AS `cos`
 INNER JOIN `user` AS `us` ON cos.id_user=us.id_user
 INNER JOIN `cabang` AS `cb` ON cb.id_cabang = cos.id_cabang
Params: []

2015-07-27T14:22:30+07:00 INFO (6): 
Elapsed Secs: 0.00031
Query: connect
Params: []

2015-07-27T14:22:30+07:00 INFO (6): 
Elapsed Secs: 0.00076
Query: DESCRIBE `costumer`
Params: []

2015-07-27T14:22:30+07:00 INFO (6): 
Elapsed Secs: 0.00038
Query: SELECT `cos`.`nik_costumer`, `cos`.`nama`, `cos`.`alamat`, `cos`.`jenis_kelamin`, `cos`.`tempat_lahir`, `cos`.`tanggal_lahir`, `cos`.`nama_ibu`, `cos`.`agama`, `cos`.`status`, `cos`.`pekerjaan`, `cos`.`alamat_tempat_kerja`, `cos`.`hp`, `cos`.`telpon`, `us`.`realname` FROM `costumer` AS `cos`
 INNER JOIN `user` AS `us` ON cos.id_user=us.id_user
 INNER JOIN `cabang` AS `cb` ON us.id_cabang = cb.id_cabang WHERE (cos.id_user = '16')
Params: []

2015-07-27T14:22:32+07:00 INFO (6): 
Elapsed Secs: 0.00027
Query: connect
Params: []

2015-07-27T14:22:32+07:00 INFO (6): 
Elapsed Secs: 0.00042
Query: DESCRIBE `costumer`
Params: []

2015-07-27T14:22:32+07:00 INFO (6): 
Elapsed Secs: 0.0002
Query: SELECT `cos`.`id_costumer`, `cos`.`nik_costumer`, `cos`.`nama`, `cos`.`alamat`, `cos`.`jenis_kelamin`, `cos`.`tempat_lahir`, `cos`.`tanggal_lahir`, `cos`.`nama_ibu`, `cos`.`agama`, `cos`.`status`, `cos`.`pekerjaan`, `cos`.`alamat_tempat_kerja`, `cos`.`hp`, `cos`.`telpon`, `us`.`realname`, `cb`.`cabang` FROM `costumer` AS `cos`
 INNER JOIN `user` AS `us` ON cos.id_user=us.id_user
 INNER JOIN `cabang` AS `cb` ON cb.id_cabang = cos.id_cabang
Params: []

