2015-07-03T23:00:23+07:00 INFO (6): Array
(
    [id_user] => 17
    [id_cabang] => 30
    [realname] => Rendi Proyoga
    [username] => rendi
    [password] => d033e22ae348aeb5660fc2140aec35850c4da997
    [create_at] => 2015-06-19
    [level] => admin
    [id_login] => 7
    [last_login] => 2015-06-26 11:30:00
    [login_time] => 2015-07-03 23:00:23
    [ip_login] => 172.17.3.234
    [status] => 1
    [cabang] => Natar
    [kepala_cabang] => OMMASTA, S.Kom JKT
    [provinsi] => Lampung
    [kota] => Lampung Selatan
    [kecamatan] => Natar
    [alamat] => Jl Panjang Lampung km 21 
    [kode_pos] => 23112 
)

