2015-08-03T10:51:18+07:00 INFO (6): 
Elapsed Secs: 0.10862
Query: connect
Params: []

2015-08-03T10:51:18+07:00 INFO (6): 
Elapsed Secs: 0.00105
Query: DESCRIBE `user`
Params: []

2015-08-03T10:51:18+07:00 INFO (6): 
Elapsed Secs: 0.00026
Query: connect
Params: []

2015-08-03T10:51:18+07:00 INFO (6): 
Elapsed Secs: 0.0003
Query: SELECT `user`.*, `cabang`.* FROM `user`
 INNER JOIN `cabang` ON cabang.id_cabang = user.id_cabang WHERE (user.username = 'admin') AND (user.password = 'd033e22ae348aeb5660fc2140aec35850c4da997')
Params: []

2015-08-03T10:51:18+07:00 INFO (6): 
Elapsed Secs: 0.00025
Query: SELECT `user`.*, `user_login`.*, `cabang`.* FROM `user`
 INNER JOIN `user_login` ON user_login.id_user = user.id_user
 INNER JOIN `cabang` ON cabang.id_cabang = user.id_cabang WHERE (user.id_user = '16')
Params: []

2015-08-03T10:51:19+07:00 INFO (6): 
Elapsed Secs: 0.07153
Query: UPDATE `user_login` SET `status` = ?, `login_time` = NOW(), `ip_login` = ?, `last_login` = ? WHERE (id_user = '16')
Params: {"1":1,"2":"127.0.0.1","3":"2015-08-02 23:12:31"}

2015-08-03T10:51:19+07:00 INFO (6): 
Elapsed Secs: 0.0003
Query: SELECT `user`.*, `user_login`.*, `cabang`.* FROM `user`
 INNER JOIN `user_login` ON user_login.id_user = user.id_user
 INNER JOIN `cabang` ON cabang.id_cabang = user.id_cabang WHERE (user.id_user = '16')
Params: []

2015-08-03T10:51:23+07:00 INFO (6): 
Elapsed Secs: 0.00022
Query: connect
Params: []

2015-08-03T10:51:23+07:00 INFO (6): 
Elapsed Secs: 0.00106
Query: DESCRIBE `user`
Params: []

2015-08-03T10:51:23+07:00 INFO (6): 
Elapsed Secs: 0.00019
Query: connect
Params: []

2015-08-03T10:51:23+07:00 INFO (6): 
Elapsed Secs: 0.00099
Query: SELECT `user`.*, `cb`.*, `cb`.`cabang` FROM `user`
 INNER JOIN `cabang` AS `cb` ON cb.id_cabang =user.id_cabang  WHERE (level != 'superadmin') ORDER BY `id_user` desc
Params: []

2015-08-03T10:51:26+07:00 INFO (6): 
Elapsed Secs: 0.00017
Query: connect
Params: []

2015-08-03T10:51:26+07:00 INFO (6): 
Elapsed Secs: 0.0009
Query: DESCRIBE `cabang`
Params: []

2015-08-03T10:51:26+07:00 INFO (6): 
Elapsed Secs: 0.00014
Query: connect
Params: []

2015-08-03T10:51:26+07:00 INFO (6): 
Elapsed Secs: 0.00013
Query: SELECT `cabang`.* FROM `cabang` ORDER BY `id_cabang` desc
Params: []

2015-08-03T10:52:07+07:00 INFO (6): 
Elapsed Secs: 0.00113
Query: connect
Params: []

2015-08-03T10:52:07+07:00 INFO (6): 
Elapsed Secs: 0.00087
Query: DESCRIBE `user`
Params: []

2015-08-03T10:52:08+07:00 INFO (6): 
Elapsed Secs: 0.15057
Query: INSERT INTO `user` (`realname`, `Username`, `Password`, `level`, `id_cabang`, `create_at`) VALUES (?, ?, ?, ?, ?, ?)
Params: {"1":"Admin Kota Bumi","2":"adminkotabumi","3":"d033e22ae348aeb5660fc2140aec35850c4da997","4":"admin","5":"031","6":"2015-08-03"}

2015-08-03T10:52:08+07:00 INFO (6): 
Elapsed Secs: 0.00018
Query: connect
Params: []

2015-08-03T10:52:08+07:00 INFO (6): 
Elapsed Secs: 0.00096
Query: DESCRIBE `user`
Params: []

2015-08-03T10:52:08+07:00 INFO (6): 
Elapsed Secs: 0.00021
Query: connect
Params: []

2015-08-03T10:52:08+07:00 INFO (6): 
Elapsed Secs: 0.00101
Query: SELECT `user`.*, `cb`.*, `cb`.`cabang` FROM `user`
 INNER JOIN `cabang` AS `cb` ON cb.id_cabang =user.id_cabang  WHERE (level != 'superadmin') ORDER BY `id_user` desc
Params: []

2015-08-03T10:52:38+07:00 INFO (6): 
Elapsed Secs: 0.00111
Query: connect
Params: []

2015-08-03T10:52:38+07:00 INFO (6): 
Elapsed Secs: 0.00089
Query: DESCRIBE `user`
Params: []

2015-08-03T10:52:38+07:00 INFO (6): 
Elapsed Secs: 0.0002
Query: connect
Params: []

2015-08-03T10:52:38+07:00 INFO (6): 
Elapsed Secs: 0.00025
Query: SELECT `user`.*, `cabang`.* FROM `user`
 INNER JOIN `cabang` ON cabang.id_cabang = user.id_cabang WHERE (user.username = 'adminkotabumi') AND (user.password = 'd033e22ae348aeb5660fc2140aec35850c4da997')
Params: []

2015-08-03T10:52:38+07:00 INFO (6): 
Elapsed Secs: 0.0002
Query: SELECT `user`.*, `user_login`.*, `cabang`.* FROM `user`
 INNER JOIN `user_login` ON user_login.id_user = user.id_user
 INNER JOIN `cabang` ON cabang.id_cabang = user.id_cabang WHERE (user.id_user = '22')
Params: []

2015-08-03T10:52:38+07:00 INFO (6): 
Elapsed Secs: 0.00063
Query: DESCRIBE `user_login`
Params: []

2015-08-03T10:52:38+07:00 INFO (6): 
Elapsed Secs: 0.1641
Query: INSERT INTO `user_login` (`id_user`, `last_login`, `login_time`, `ip_login`, `status`) VALUES (?, NOW(), NOW(), ?, ?)
Params: {"1":"22","2":"127.0.0.1","3":1}

2015-08-03T10:52:38+07:00 INFO (6): 
Elapsed Secs: 0.00027
Query: SELECT `user`.*, `user_login`.*, `cabang`.* FROM `user`
 INNER JOIN `user_login` ON user_login.id_user = user.id_user
 INNER JOIN `cabang` ON cabang.id_cabang = user.id_cabang WHERE (user.id_user = '22')
Params: []

2015-08-03T10:52:43+07:00 INFO (6): 
Elapsed Secs: 0.00114
Query: connect
Params: []

2015-08-03T10:52:43+07:00 INFO (6): 
Elapsed Secs: 0.00091
Query: DESCRIBE `costumer`
Params: []

2015-08-03T10:52:43+07:00 INFO (6): 
Elapsed Secs: 0.00022
Query: SELECT `cos`.`nik_costumer`, `cos`.`nama`, `cos`.`alamat`, `cos`.`jenis_kelamin`, `cos`.`tempat_lahir`, `cos`.`tanggal_lahir`, `cos`.`nama_ibu`, `cos`.`agama`, `cos`.`status`, `cos`.`pekerjaan`, `cos`.`alamat_tempat_kerja`, `cos`.`hp`, `cos`.`telpon`, `us`.`realname` FROM `costumer` AS `cos`
 INNER JOIN `user` AS `us` ON cos.id_user=us.id_user
 INNER JOIN `cabang` AS `cb` ON us.id_cabang = cb.id_cabang WHERE (cos.id_user = '22')
Params: []

2015-08-03T10:54:35+07:00 INFO (6): 
Elapsed Secs: 0.00108
Query: connect
Params: []

2015-08-03T10:54:35+07:00 INFO (6): 
Elapsed Secs: 0.001
Query: DESCRIBE `costumer`
Params: []

2015-08-03T10:54:35+07:00 INFO (6): 
Elapsed Secs: 0.13599
Query: INSERT INTO `costumer` (`nik_costumer`, `nama`, `alamat`, `tempat_lahir`, `tanggal_lahir`, `jenis_kelamin`, `nama_ibu`, `agama`, `status`, `pekerjaan`, `alamat_tempat_kerja`, `hp`, `telpon`, `id_user`, `id_cabang`) VALUES (?, ?, ?, ?, ?, ?, ?, ?, ?, ?, ?, ?, ?, ?, ?)
Params: {"1":"1803042306900001","2":"Leo Masta Kusuma","3":"Jl Sri Menanti Kotabumi","4":"Tanjung Raja","5":"1990-06-23","6":"pria","7":"Masjuita","8":"islam","9":"belummenikah","10":"WIraswasta","11":"Jakarta","12":"081290984233","13":"","14":"22","15":"031"}

2015-08-03T10:54:35+07:00 INFO (6): 
Elapsed Secs: 0.00021
Query: connect
Params: []

2015-08-03T10:54:35+07:00 INFO (6): 
Elapsed Secs: 0.00093
Query: DESCRIBE `costumer`
Params: []

2015-08-03T10:54:35+07:00 INFO (6): 
Elapsed Secs: 0.00026
Query: SELECT `cos`.`nik_costumer`, `cos`.`nama`, `cos`.`alamat`, `cos`.`jenis_kelamin`, `cos`.`tempat_lahir`, `cos`.`tanggal_lahir`, `cos`.`nama_ibu`, `cos`.`agama`, `cos`.`status`, `cos`.`pekerjaan`, `cos`.`alamat_tempat_kerja`, `cos`.`hp`, `cos`.`telpon`, `us`.`realname` FROM `costumer` AS `cos`
 INNER JOIN `user` AS `us` ON cos.id_user=us.id_user
 INNER JOIN `cabang` AS `cb` ON us.id_cabang = cb.id_cabang WHERE (cos.id_user = '22')
Params: []

2015-08-03T10:54:38+07:00 INFO (6): 
Elapsed Secs: 0.00028
Query: connect
Params: []

2015-08-03T10:54:38+07:00 INFO (6): 
Elapsed Secs: 0.00118
Query: DESCRIBE `costumer`
Params: []

2015-08-03T10:54:38+07:00 INFO (6): 
Elapsed Secs: 0.0003
Query: SELECT `cos`.`nik_costumer`, `cos`.`nama`, `cos`.`alamat`, `cos`.`jenis_kelamin`, `cos`.`tempat_lahir`, `cos`.`tanggal_lahir`, `cos`.`nama_ibu`, `cos`.`agama`, `cos`.`status`, `cos`.`pekerjaan`, `cos`.`alamat_tempat_kerja`, `cos`.`hp`, `cos`.`telpon`, `us`.`realname`, `cb`.`cabang` FROM `costumer` AS `cos`
 INNER JOIN `user` AS `us` ON cos.id_user=us.id_user
 INNER JOIN `cabang` AS `cb` ON us.id_cabang = cb.id_cabang WHERE (cos.nik_costumer = '1803042306900001')
Params: []

2015-08-03T10:54:38+07:00 INFO (6): 
Elapsed Secs: 0.00024
Query: connect
Params: []

2015-08-03T10:54:38+07:00 INFO (6): 
Elapsed Secs: 0.00025
Query: SELECT `penj`.* FROM `costumer` AS `cos`
 INNER JOIN `penjamin` AS `penj` ON penj.nik_costumer = cos.nik_costumer WHERE (cos.nik_costumer = '1803042306900001')
Params: []

2015-08-03T10:54:41+07:00 INFO (6): 
Elapsed Secs: 0.00024
Query: connect
Params: []

2015-08-03T10:54:41+07:00 INFO (6): 
Elapsed Secs: 0.00103
Query: DESCRIBE `costumer`
Params: []

2015-08-03T10:54:41+07:00 INFO (6): 
Elapsed Secs: 0.0002
Query: SELECT `costumer`.* FROM `costumer` WHERE (nik_costumer ='1803042306900001') LIMIT 1
Params: []

2015-08-03T10:55:39+07:00 INFO (6): 
Elapsed Secs: 0.00222
Query: connect
Params: []

2015-08-03T10:55:39+07:00 INFO (6): 
Elapsed Secs: 0.00111
Query: DESCRIBE `penjamin`
Params: []

2015-08-03T10:55:39+07:00 INFO (6): 
Elapsed Secs: 0.13445
Query: INSERT INTO `penjamin` (`nik_costumer`, `nik_penjamin`, `nama`, `alamat`, `tempat_lahir`, `tanggal_lahir`, `jenis_kelamin`, `nama_ibu`, `agama`, `status`, `pekerjaan`, `alamat_tempat_kerja`, `hp`, `telpon`) VALUES (?, ?, ?, ?, ?, ?, ?, ?, ?, ?, ?, ?, ?, ?)
Params: {"1":"1803042306900001","2":"1803042306900002","3":"Riza Masta Saputra","4":"Jakarta Selatan","5":"Tanjung Raja","6":"2009-07-23","7":"Laki-Laki","8":"Masjuita","9":"islam","10":"Belum Menikah","11":"Programer","12":"Jakarta","13":"0812311111","14":""}

2015-08-03T10:55:39+07:00 INFO (6): 
Elapsed Secs: 0.00021
Query: connect
Params: []

2015-08-03T10:55:39+07:00 INFO (6): 
Elapsed Secs: 0.00102
Query: DESCRIBE `costumer`
Params: []

2015-08-03T10:55:39+07:00 INFO (6): 
Elapsed Secs: 0.00018
Query: SELECT `cos`.`nik_costumer`, `cos`.`nama`, `cos`.`alamat`, `cos`.`jenis_kelamin`, `cos`.`tempat_lahir`, `cos`.`tanggal_lahir`, `cos`.`nama_ibu`, `cos`.`agama`, `cos`.`status`, `cos`.`pekerjaan`, `cos`.`alamat_tempat_kerja`, `cos`.`hp`, `cos`.`telpon`, `us`.`realname`, `cb`.`cabang` FROM `costumer` AS `cos`
 INNER JOIN `user` AS `us` ON cos.id_user=us.id_user
 INNER JOIN `cabang` AS `cb` ON us.id_cabang = cb.id_cabang WHERE (cos.nik_costumer = '1803042306900001')
Params: []

2015-08-03T10:55:39+07:00 INFO (6): 
Elapsed Secs: 0.00027
Query: connect
Params: []

2015-08-03T10:55:39+07:00 INFO (6): 
Elapsed Secs: 0.00021
Query: SELECT `penj`.* FROM `costumer` AS `cos`
 INNER JOIN `penjamin` AS `penj` ON penj.nik_costumer = cos.nik_costumer WHERE (cos.nik_costumer = '1803042306900001')
Params: []

2015-08-03T10:55:43+07:00 INFO (6): 
Elapsed Secs: 0.00029
Query: connect
Params: []

2015-08-03T10:55:43+07:00 INFO (6): 
Elapsed Secs: 0.00094
Query: DESCRIBE `penjamin`
Params: []

2015-08-03T10:55:43+07:00 INFO (6): 
Elapsed Secs: 0.00019
Query: SELECT `penjamin`.* FROM `penjamin` WHERE (nik_costumer ='1803042306900001') LIMIT 1
Params: []

2015-08-03T10:55:46+07:00 INFO (6): 
Elapsed Secs: 0.00034
Query: connect
Params: []

2015-08-03T10:55:46+07:00 INFO (6): 
Elapsed Secs: 0.00141
Query: DESCRIBE `penjamin`
Params: []

2015-08-03T10:55:46+07:00 INFO (6): 
Elapsed Secs: 0.00026
Query: connect
Params: []

2015-08-03T10:55:46+07:00 INFO (6): 
Elapsed Secs: 0.00042
Query: SELECT `pe`.*, `cos`.`id_cabang`, `cos`.`id_user`, `cb`.`cabang` FROM `penjamin` AS `pe`
 INNER JOIN `costumer` AS `cos` ON pe.nik_costumer = cos.nik_costumer
 INNER JOIN `user` AS `us` ON us.id_user = cos.id_user
 INNER JOIN `cabang` AS `cb` ON cb.id_cabang = cos.id_cabang WHERE (us.id_user= '22') AND (cb.id_cabang = '031')
Params: []

2015-08-03T10:55:49+07:00 INFO (6): 
Elapsed Secs: 0.00025
Query: connect
Params: []

2015-08-03T10:55:49+07:00 INFO (6): 
Elapsed Secs: 0.00092
Query: DESCRIBE `penjamin`
Params: []

2015-08-03T10:55:49+07:00 INFO (6): 
Elapsed Secs: 0.00019
Query: connect
Params: []

2015-08-03T10:55:49+07:00 INFO (6): 
Elapsed Secs: 0.00027
Query: SELECT `pe`.*, `cos`.`id_cabang`, `cos`.`id_user`, `cb`.`cabang` FROM `penjamin` AS `pe`
 INNER JOIN `costumer` AS `cos` ON pe.nik_costumer = cos.nik_costumer
 INNER JOIN `user` AS `us` ON us.id_user = cos.id_user
 INNER JOIN `cabang` AS `cb` ON cb.id_cabang = cos.id_cabang WHERE (us.id_user= '22') AND (cb.id_cabang = '031')
Params: []

2015-08-03T10:55:53+07:00 INFO (6): 
Elapsed Secs: 0.00027
Query: connect
Params: []

2015-08-03T10:55:53+07:00 INFO (6): 
Elapsed Secs: 0.00113
Query: DESCRIBE `penjamin`
Params: []

2015-08-03T10:55:53+07:00 INFO (6): 
Elapsed Secs: 0.00026
Query: connect
Params: []

2015-08-03T10:55:53+07:00 INFO (6): 
Elapsed Secs: 0.00032
Query: SELECT `pe`.*, `cos`.`id_cabang`, `cos`.`id_user`, `cb`.`cabang` FROM `penjamin` AS `pe`
 INNER JOIN `costumer` AS `cos` ON pe.nik_costumer = cos.nik_costumer
 INNER JOIN `user` AS `us` ON us.id_user = cos.id_user
 INNER JOIN `cabang` AS `cb` ON cb.id_cabang = cos.id_cabang WHERE (us.id_user= '22') AND (cb.id_cabang = '031')
Params: []

2015-08-03T10:55:55+07:00 INFO (6): 
Elapsed Secs: 0.00038
Query: connect
Params: []

2015-08-03T10:55:55+07:00 INFO (6): 
Elapsed Secs: 0.0016
Query: DESCRIBE `costumer`
Params: []

2015-08-03T10:55:55+07:00 INFO (6): 
Elapsed Secs: 0.00045
Query: SELECT `cos`.`nik_costumer`, `cos`.`nama`, `cos`.`alamat`, `cos`.`jenis_kelamin`, `cos`.`tempat_lahir`, `cos`.`tanggal_lahir`, `cos`.`nama_ibu`, `cos`.`agama`, `cos`.`status`, `cos`.`pekerjaan`, `cos`.`alamat_tempat_kerja`, `cos`.`hp`, `cos`.`telpon`, `us`.`realname` FROM `costumer` AS `cos`
 INNER JOIN `user` AS `us` ON cos.id_user=us.id_user
 INNER JOIN `cabang` AS `cb` ON us.id_cabang = cb.id_cabang WHERE (cos.id_user = '22')
Params: []

2015-08-03T10:55:56+07:00 INFO (6): 
Elapsed Secs: 0.00025
Query: connect
Params: []

2015-08-03T10:55:56+07:00 INFO (6): 
Elapsed Secs: 0.00088
Query: DESCRIBE `costumer`
Params: []

2015-08-03T10:55:56+07:00 INFO (6): 
Elapsed Secs: 0.00022
Query: SELECT `cos`.`nik_costumer`, `cos`.`nama`, `cos`.`alamat`, `cos`.`jenis_kelamin`, `cos`.`tempat_lahir`, `cos`.`tanggal_lahir`, `cos`.`nama_ibu`, `cos`.`agama`, `cos`.`status`, `cos`.`pekerjaan`, `cos`.`alamat_tempat_kerja`, `cos`.`hp`, `cos`.`telpon`, `us`.`realname`, `cb`.`cabang` FROM `costumer` AS `cos`
 INNER JOIN `user` AS `us` ON cos.id_user=us.id_user
 INNER JOIN `cabang` AS `cb` ON us.id_cabang = cb.id_cabang WHERE (cos.nik_costumer = '1803042306900001')
Params: []

2015-08-03T10:55:56+07:00 INFO (6): 
Elapsed Secs: 0.00023
Query: connect
Params: []

2015-08-03T10:55:56+07:00 INFO (6): 
Elapsed Secs: 0.00024
Query: SELECT `penj`.* FROM `costumer` AS `cos`
 INNER JOIN `penjamin` AS `penj` ON penj.nik_costumer = cos.nik_costumer WHERE (cos.nik_costumer = '1803042306900001')
Params: []

2015-08-03T10:55:57+07:00 INFO (6): 
Elapsed Secs: 0.00028
Query: connect
Params: []

2015-08-03T10:55:57+07:00 INFO (6): 
Elapsed Secs: 0.00102
Query: DESCRIBE `penjamin`
Params: []

2015-08-03T10:55:57+07:00 INFO (6): 
Elapsed Secs: 0.00021
Query: SELECT `penjamin`.* FROM `penjamin` WHERE (nik_costumer ='1803042306900001') LIMIT 1
Params: []

2015-08-03T10:56:04+07:00 INFO (6): 
Elapsed Secs: 0.00037
Query: connect
Params: []

2015-08-03T10:56:04+07:00 INFO (6): 
Elapsed Secs: 0.00169
Query: DESCRIBE `penjamin`
Params: []

2015-08-03T10:56:04+07:00 INFO (6): 
Elapsed Secs: 0.00032
Query: connect
Params: []

2015-08-03T10:56:04+07:00 INFO (6): 
Elapsed Secs: 0.00043
Query: SELECT `pe`.*, `cos`.`id_cabang`, `cos`.`id_user`, `cb`.`cabang` FROM `penjamin` AS `pe`
 INNER JOIN `costumer` AS `cos` ON pe.nik_costumer = cos.nik_costumer
 INNER JOIN `user` AS `us` ON us.id_user = cos.id_user
 INNER JOIN `cabang` AS `cb` ON cb.id_cabang = cos.id_cabang WHERE (us.id_user= '22') AND (cb.id_cabang = '031')
Params: []

2015-08-03T10:58:10+07:00 INFO (6): 
Elapsed Secs: 0.00023
Query: connect
Params: []

2015-08-03T10:58:10+07:00 INFO (6): 
Elapsed Secs: 0.00088
Query: DESCRIBE `penjamin`
Params: []

2015-08-03T10:58:10+07:00 INFO (6): 
Elapsed Secs: 0.00024
Query: connect
Params: []

2015-08-03T10:58:10+07:00 INFO (6): 
Elapsed Secs: 0.00033
Query: SELECT `pe`.*, `cos`.`id_cabang`, `cos`.`id_user`, `cb`.`cabang` FROM `penjamin` AS `pe`
 INNER JOIN `costumer` AS `cos` ON pe.nik_costumer = cos.nik_costumer
 INNER JOIN `user` AS `us` ON us.id_user = cos.id_user
 INNER JOIN `cabang` AS `cb` ON cb.id_cabang = cos.id_cabang WHERE (us.id_user= '22') AND (cb.id_cabang = '031')
Params: []

2015-08-03T10:58:14+07:00 INFO (6): 
Elapsed Secs: 0.00173
Query: connect
Params: []

2015-08-03T10:58:14+07:00 INFO (6): 
Elapsed Secs: 0.00148
Query: DESCRIBE `penjamin`
Params: []

2015-08-03T10:58:14+07:00 INFO (6): 
Elapsed Secs: 0.00023
Query: SELECT `penjamin`.* FROM `penjamin` WHERE (nik_costumer ='1803042306900001') LIMIT 1
Params: []

2015-08-03T10:58:18+07:00 INFO (6): 
Elapsed Secs: 0.00027
Query: connect
Params: []

2015-08-03T10:58:18+07:00 INFO (6): 
Elapsed Secs: 0.00108
Query: DESCRIBE `cabang`
Params: []

2015-08-03T10:58:18+07:00 INFO (6): 
Elapsed Secs: 0.00017
Query: SELECT `cabang`.* FROM `cabang` WHERE (id_cabang = '031' ) LIMIT 1
Params: []

2015-08-03T10:58:18+07:00 INFO (6): 
Elapsed Secs: 0.00089
Query: DESCRIBE `kendaraan`
Params: []

2015-08-03T10:58:18+07:00 INFO (6): 
Elapsed Secs: 0.00029
Query: connect
Params: []

2015-08-03T10:58:18+07:00 INFO (6): 
Elapsed Secs: 0.00034
Query: SELECT `ken`.*, `cos`.`id_cabang`, `us`.`id_user`, `cb`.`cabang` FROM `kendaraan` AS `ken`
 INNER JOIN `costumer` AS `cos` ON cos.nik_costumer=ken.nik_costumer
 INNER JOIN `user` AS `us` ON us.id_user = cos.id_user
 INNER JOIN `cabang` AS `cb` ON cos.id_cabang = cb.id_cabang WHERE (us.id_user = '22') AND (cb.id_cabang = '031')
Params: []

2015-08-03T10:58:23+07:00 INFO (6): 
Elapsed Secs: 0.00026
Query: connect
Params: []

2015-08-03T10:58:23+07:00 INFO (6): 
Elapsed Secs: 0.00092
Query: DESCRIBE `costumer`
Params: []

2015-08-03T10:58:23+07:00 INFO (6): 
Elapsed Secs: 0.00022
Query: SELECT `cos`.`nik_costumer`, `cos`.`nama`, `cos`.`alamat`, `cos`.`jenis_kelamin`, `cos`.`tempat_lahir`, `cos`.`tanggal_lahir`, `cos`.`nama_ibu`, `cos`.`agama`, `cos`.`status`, `cos`.`pekerjaan`, `cos`.`alamat_tempat_kerja`, `cos`.`hp`, `cos`.`telpon`, `us`.`realname` FROM `costumer` AS `cos`
 INNER JOIN `user` AS `us` ON cos.id_user=us.id_user
 INNER JOIN `cabang` AS `cb` ON us.id_cabang = cb.id_cabang WHERE (cos.id_user = '22')
Params: []

2015-08-03T10:58:25+07:00 INFO (6): 
Elapsed Secs: 0.00028
Query: connect
Params: []

2015-08-03T10:58:25+07:00 INFO (6): 
Elapsed Secs: 0.00098
Query: DESCRIBE `costumer`
Params: []

2015-08-03T10:58:25+07:00 INFO (6): 
Elapsed Secs: 0.00025
Query: SELECT `cos`.`nik_costumer`, `cos`.`nama`, `cos`.`alamat`, `cos`.`jenis_kelamin`, `cos`.`tempat_lahir`, `cos`.`tanggal_lahir`, `cos`.`nama_ibu`, `cos`.`agama`, `cos`.`status`, `cos`.`pekerjaan`, `cos`.`alamat_tempat_kerja`, `cos`.`hp`, `cos`.`telpon`, `us`.`realname`, `cb`.`cabang` FROM `costumer` AS `cos`
 INNER JOIN `user` AS `us` ON cos.id_user=us.id_user
 INNER JOIN `cabang` AS `cb` ON us.id_cabang = cb.id_cabang WHERE (cos.nik_costumer = '1803042306900001')
Params: []

2015-08-03T10:58:25+07:00 INFO (6): 
Elapsed Secs: 0.00026
Query: connect
Params: []

2015-08-03T10:58:25+07:00 INFO (6): 
Elapsed Secs: 0.00022
Query: SELECT `penj`.* FROM `costumer` AS `cos`
 INNER JOIN `penjamin` AS `penj` ON penj.nik_costumer = cos.nik_costumer WHERE (cos.nik_costumer = '1803042306900001')
Params: []

2015-08-03T10:58:26+07:00 INFO (6): 
Elapsed Secs: 0.0003
Query: connect
Params: []

2015-08-03T10:58:26+07:00 INFO (6): 
Elapsed Secs: 0.00089
Query: DESCRIBE `costumer`
Params: []

2015-08-03T10:58:26+07:00 INFO (6): 
Elapsed Secs: 0.00018
Query: SELECT `costumer`.* FROM `costumer` WHERE (nik_costumer ='1803042306900001') LIMIT 1
Params: []

2015-08-03T10:59:07+07:00 INFO (6): 
Elapsed Secs: 0.00034
Query: connect
Params: []

2015-08-03T10:59:07+07:00 INFO (6): 
Elapsed Secs: 0.00155
Query: DESCRIBE `costumer`
Params: []

2015-08-03T10:59:07+07:00 INFO (6): 
Elapsed Secs: 0.00027
Query: SELECT `costumer`.* FROM `costumer` WHERE (nik_costumer ='1803042306900001') LIMIT 1
Params: []

2015-08-03T10:59:07+07:00 INFO (6): 
Elapsed Secs: 0.00132
Query: DESCRIBE `kendaraan`
Params: []

2015-08-03T10:59:08+07:00 INFO (6): 
Elapsed Secs: 0.12913
Query: INSERT INTO `kendaraan` (`nik_costumer`, `no_polisi`, `no_bpkb`, `nama_bpkb`, `alamat`, `merk`, `no_mesin`, `no_rangka`, `warna`, `tahun_pembuatan`, `isi_silinder`, `tgl_stnk`, `status`) VALUES (?, ?, ?, ?, ?, ?, ?, ?, ?, ?, ?, ?, ?)
Params: {"1":"1803042306900001","2":"BE-001-MS","3":"18030-@asdasd-123 ","4":"Leo Masta","5":"Leo Masta","6":"Leo Masta","7":"Leo Masta","8":"Leo Masta","9":"Leo Masta","10":"2015-08-19","11":"250 cc","12":"2015-08-25","13":"new"}

2015-08-03T10:59:08+07:00 INFO (6): 
Elapsed Secs: 0.00024
Query: connect
Params: []

2015-08-03T10:59:08+07:00 INFO (6): 
Elapsed Secs: 0.00113
Query: DESCRIBE `cabang`
Params: []

2015-08-03T10:59:08+07:00 INFO (6): 
Elapsed Secs: 0.00018
Query: SELECT `cabang`.* FROM `cabang` WHERE (id_cabang = '031' ) LIMIT 1
Params: []

2015-08-03T10:59:08+07:00 INFO (6): 
Elapsed Secs: 0.00108
Query: DESCRIBE `kendaraan`
Params: []

2015-08-03T10:59:08+07:00 INFO (6): 
Elapsed Secs: 0.00029
Query: connect
Params: []

2015-08-03T10:59:08+07:00 INFO (6): 
Elapsed Secs: 0.00035
Query: SELECT `ken`.*, `cos`.`id_cabang`, `us`.`id_user`, `cb`.`cabang` FROM `kendaraan` AS `ken`
 INNER JOIN `costumer` AS `cos` ON cos.nik_costumer=ken.nik_costumer
 INNER JOIN `user` AS `us` ON us.id_user = cos.id_user
 INNER JOIN `cabang` AS `cb` ON cos.id_cabang = cb.id_cabang WHERE (us.id_user = '22') AND (cb.id_cabang = '031')
Params: []

2015-08-03T10:59:12+07:00 INFO (6): 
Elapsed Secs: 0.00029
Query: connect
Params: []

2015-08-03T10:59:12+07:00 INFO (6): 
Elapsed Secs: 0.001
Query: DESCRIBE `kendaraan`
Params: []

2015-08-03T10:59:12+07:00 INFO (6): 
Elapsed Secs: 0.00021
Query: SELECT `kendaraan`.* FROM `kendaraan` WHERE (no_polisi = 'BE-001-MS') LIMIT 1
Params: []

2015-08-03T10:59:17+07:00 INFO (6): 
Elapsed Secs: 0.00029
Query: connect
Params: []

2015-08-03T10:59:17+07:00 INFO (6): 
Elapsed Secs: 0.00099
Query: DESCRIBE `cabang`
Params: []

2015-08-03T10:59:17+07:00 INFO (6): 
Elapsed Secs: 0.00019
Query: SELECT `cabang`.* FROM `cabang` WHERE (id_cabang = '031' ) LIMIT 1
Params: []

2015-08-03T10:59:17+07:00 INFO (6): 
Elapsed Secs: 0.00088
Query: DESCRIBE `kendaraan`
Params: []

2015-08-03T10:59:17+07:00 INFO (6): 
Elapsed Secs: 0.00026
Query: connect
Params: []

2015-08-03T10:59:17+07:00 INFO (6): 
Elapsed Secs: 0.00033
Query: SELECT `ken`.*, `cos`.`id_cabang`, `us`.`id_user`, `cb`.`cabang` FROM `kendaraan` AS `ken`
 INNER JOIN `costumer` AS `cos` ON cos.nik_costumer=ken.nik_costumer
 INNER JOIN `user` AS `us` ON us.id_user = cos.id_user
 INNER JOIN `cabang` AS `cb` ON cos.id_cabang = cb.id_cabang WHERE (us.id_user = '22') AND (cb.id_cabang = '031')
Params: []

2015-08-03T10:59:22+07:00 INFO (6): 
Elapsed Secs: 0.0003
Query: connect
Params: []

2015-08-03T10:59:22+07:00 INFO (6): 
Elapsed Secs: 0.00106
Query: DESCRIBE `kendaraan`
Params: []

2015-08-03T10:59:22+07:00 INFO (6): 
Elapsed Secs: 0.0002
Query: SELECT `kendaraan`.* FROM `kendaraan` WHERE (no_polisi = 'BE-001-MS') LIMIT 1
Params: []

2015-08-03T10:59:25+07:00 INFO (6): 
Elapsed Secs: 0.00031
Query: connect
Params: []

2015-08-03T10:59:25+07:00 INFO (6): 
Elapsed Secs: 0.00093
Query: DESCRIBE `cabang`
Params: []

2015-08-03T10:59:25+07:00 INFO (6): 
Elapsed Secs: 0.00019
Query: SELECT `cabang`.* FROM `cabang` WHERE (id_cabang = '031' ) LIMIT 1
Params: []

2015-08-03T10:59:25+07:00 INFO (6): 
Elapsed Secs: 0.00082
Query: DESCRIBE `kendaraan`
Params: []

2015-08-03T10:59:25+07:00 INFO (6): 
Elapsed Secs: 0.00028
Query: connect
Params: []

2015-08-03T10:59:25+07:00 INFO (6): 
Elapsed Secs: 0.00032
Query: SELECT `ken`.*, `cos`.`id_cabang`, `us`.`id_user`, `cb`.`cabang` FROM `kendaraan` AS `ken`
 INNER JOIN `costumer` AS `cos` ON cos.nik_costumer=ken.nik_costumer
 INNER JOIN `user` AS `us` ON us.id_user = cos.id_user
 INNER JOIN `cabang` AS `cb` ON cos.id_cabang = cb.id_cabang WHERE (us.id_user = '22') AND (cb.id_cabang = '031')
Params: []

2015-08-03T10:59:28+07:00 INFO (6): 
Elapsed Secs: 0.00029
Query: connect
Params: []

2015-08-03T10:59:28+07:00 INFO (6): 
Elapsed Secs: 0.0012
Query: DESCRIBE `kendaraan`
Params: []

2015-08-03T10:59:28+07:00 INFO (6): 
Elapsed Secs: 0.00019
Query: SELECT `kendaraan`.* FROM `kendaraan` WHERE (no_polisi = 'BE-001-MS') LIMIT 1
Params: []

2015-08-03T10:59:39+07:00 INFO (6): 
Elapsed Secs: 0.00101
Query: connect
Params: []

2015-08-03T10:59:39+07:00 INFO (6): 
Elapsed Secs: 0.00082
Query: DESCRIBE `cabang`
Params: []

2015-08-03T10:59:39+07:00 INFO (6): 
Elapsed Secs: 0.00013
Query: SELECT `cabang`.* FROM `cabang` WHERE (id_cabang = '031' ) LIMIT 1
Params: []

2015-08-03T10:59:39+07:00 INFO (6): 
Elapsed Secs: 0.00064
Query: DESCRIBE `kendaraan`
Params: []

2015-08-03T10:59:39+07:00 INFO (6): 
Elapsed Secs: 0.00026
Query: connect
Params: []

2015-08-03T10:59:39+07:00 INFO (6): 
Elapsed Secs: 0.00028
Query: SELECT `ken`.*, `cos`.`id_cabang`, `us`.`id_user`, `cb`.`cabang` FROM `kendaraan` AS `ken`
 INNER JOIN `costumer` AS `cos` ON cos.nik_costumer=ken.nik_costumer
 INNER JOIN `user` AS `us` ON us.id_user = cos.id_user
 INNER JOIN `cabang` AS `cb` ON cos.id_cabang = cb.id_cabang WHERE (us.id_user = '22') AND (cb.id_cabang = '031')
Params: []

2015-08-03T10:59:42+07:00 INFO (6): 
Elapsed Secs: 0.00022
Query: connect
Params: []

2015-08-03T10:59:42+07:00 INFO (6): 
Elapsed Secs: 0.00102
Query: DESCRIBE `kendaraan`
Params: []

2015-08-03T10:59:42+07:00 INFO (6): 
Elapsed Secs: 0.00018
Query: SELECT `kendaraan`.* FROM `kendaraan` WHERE (no_polisi = 'BE-001-MS') LIMIT 1
Params: []

2015-08-03T10:59:47+07:00 INFO (6): 
Elapsed Secs: 0.00027
Query: connect
Params: []

2015-08-03T10:59:47+07:00 INFO (6): 
Elapsed Secs: 0.00125
Query: DESCRIBE `cabang`
Params: []

2015-08-03T10:59:47+07:00 INFO (6): 
Elapsed Secs: 0.0003
Query: SELECT `cabang`.* FROM `cabang` WHERE (id_cabang = '031' ) LIMIT 1
Params: []

2015-08-03T10:59:47+07:00 INFO (6): 
Elapsed Secs: 0.00109
Query: DESCRIBE `kendaraan`
Params: []

2015-08-03T10:59:47+07:00 INFO (6): 
Elapsed Secs: 0.00027
Query: connect
Params: []

2015-08-03T10:59:47+07:00 INFO (6): 
Elapsed Secs: 0.00037
Query: SELECT `ken`.*, `cos`.`id_cabang`, `us`.`id_user`, `cb`.`cabang` FROM `kendaraan` AS `ken`
 INNER JOIN `costumer` AS `cos` ON cos.nik_costumer=ken.nik_costumer
 INNER JOIN `user` AS `us` ON us.id_user = cos.id_user
 INNER JOIN `cabang` AS `cb` ON cos.id_cabang = cb.id_cabang WHERE (us.id_user = '22') AND (cb.id_cabang = '031')
Params: []

2015-08-03T10:59:54+07:00 INFO (6): 
Elapsed Secs: 0.0004
Query: connect
Params: []

2015-08-03T10:59:54+07:00 INFO (6): 
Elapsed Secs: 0.00157
Query: DESCRIBE `cabang`
Params: []

2015-08-03T10:59:54+07:00 INFO (6): 
Elapsed Secs: 0.00037
Query: SELECT `cabang`.* FROM `cabang` WHERE (id_cabang = '031' ) LIMIT 1
Params: []

2015-08-03T10:59:54+07:00 INFO (6): 
Elapsed Secs: 0.00185
Query: DESCRIBE `pinjaman`
Params: []

2015-08-03T10:59:54+07:00 INFO (6): 
Elapsed Secs: 0.00054
Query: SELECT `pin`.*, `cos`.`nama` FROM `pinjaman` AS `pin`
 INNER JOIN `costumer` AS `cos` ON pin.nik_costumer = cos.nik_costumer
 INNER JOIN `user` AS `us` ON cos.id_user = us.id_user
 INNER JOIN `cabang` AS `cb` ON us.id_cabang = cb.id_cabang WHERE (us.id_user = '22') OR (cb.id_cabang = '031')
Params: []

2015-08-03T10:59:57+07:00 INFO (6): 
Elapsed Secs: 0.00027
Query: connect
Params: []

2015-08-03T10:59:57+07:00 INFO (6): 
Elapsed Secs: 0.00135
Query: DESCRIBE `kendaraan`
Params: []

2015-08-03T10:59:57+07:00 INFO (6): 
Elapsed Secs: 0.00027
Query: connect
Params: []

2015-08-03T10:59:57+07:00 INFO (6): 
Elapsed Secs: 0.00044
Query: SELECT `ken`.`no_polisi`, `ken`.`nik_costumer`, `cb`.* FROM `kendaraan` AS `ken`
 INNER JOIN `costumer` AS `cos` ON cos.nik_costumer = ken.nik_costumer
 INNER JOIN `penjamin` AS `pen` ON cos.nik_costumer = pen.nik_costumer
 INNER JOIN `user` AS `us` ON cos.id_user = us.id_user
 INNER JOIN `cabang` AS `cb` ON cb.id_cabang = us.id_cabang WHERE (us.id_user = '22') AND (ken.status != 'kredit')
Params: []

2015-08-03T10:59:59+07:00 INFO (6): 
Elapsed Secs: 0.00037
Query: connect
Params: []

2015-08-03T10:59:59+07:00 INFO (6): 
Elapsed Secs: 0.00155
Query: DESCRIBE `kendaraan`
Params: []

2015-08-03T10:59:59+07:00 INFO (6): 
Elapsed Secs: 0.00025
Query: connect
Params: []

2015-08-03T10:59:59+07:00 INFO (6): 
Elapsed Secs: 0.00045
Query: SELECT `ken`.`no_polisi`, `ken`.`nik_costumer`, `cb`.* FROM `kendaraan` AS `ken`
 INNER JOIN `costumer` AS `cos` ON cos.nik_costumer = ken.nik_costumer
 INNER JOIN `penjamin` AS `pen` ON cos.nik_costumer = pen.nik_costumer
 INNER JOIN `user` AS `us` ON cos.id_user = us.id_user
 INNER JOIN `cabang` AS `cb` ON cb.id_cabang = us.id_cabang WHERE (us.id_user = '22') AND (ken.status != 'kredit')
Params: []

2015-08-03T10:59:59+07:00 INFO (6): 
Elapsed Secs: 0.0002
Query: SELECT `cos`.`nik_costumer`, `cos`.`nama` FROM `kendaraan` AS `ken`
 INNER JOIN `costumer` AS `cos` ON cos.nik_costumer = ken.nik_costumer WHERE (ken.no_polisi = 'BE-001-MS')
Params: []

2015-08-03T10:59:59+07:00 INFO (6): 
Elapsed Secs: 0.0012
Query: DESCRIBE `pinjaman`
Params: []

2015-08-03T10:59:59+07:00 INFO (6): 
Elapsed Secs: 0.00019
Query: SELECT `pinjaman`.* FROM `pinjaman` WHERE (nik_costumer ='1803042306900001') LIMIT 1
Params: []

2015-08-03T10:59:59+07:00 INFO (6): 
Elapsed Secs: 0.00017
Query: SELECT `pinjaman`.`id_pinjaman` FROM `pinjaman` ORDER BY `id_pinjaman` desc
Params: []

