2015-07-06T02:00:39+07:00 INFO (6): 
Elapsed Secs: 0.00025
Query: connect
Params: []

2015-07-06T02:00:39+07:00 INFO (6): 
Elapsed Secs: 0.00072
Query: DESCRIBE `costumer`
Params: []

2015-07-06T02:00:39+07:00 INFO (6): 
Elapsed Secs: 0.00021
Query: connect
Params: []

2015-07-06T02:00:39+07:00 INFO (6): 
Elapsed Secs: 0.00014
Query: SELECT `costumer`.`nik_costumer` FROM `costumer`
Params: []

2015-07-06T02:00:39+07:00 INFO (6): 
Elapsed Secs: 0.0006
Query: DESCRIBE `kendaraan`
Params: []

2015-07-06T02:00:39+07:00 INFO (6): 
Elapsed Secs: 0.00036
Query: SELECT `ken`.`no_polisi`, `ken`.`nik_costumer`, `cb`.* FROM `kendaraan` AS `ken`
 INNER JOIN `costumer` AS `cos` ON cos.nik_costumer = ken.nik_costumer
 INNER JOIN `penjamin` AS `pen` ON cos.nik_costumer = pen.nik_costumer
 INNER JOIN `user` AS `us` ON cos.id_user = us.id_user
 INNER JOIN `cabang` AS `cb` ON cb.id_cabang = us.id_cabang WHERE (us.id_user = '18') AND (ken.status != 'kredit')
Params: []

2015-07-06T02:00:57+07:00 INFO (6): 
Elapsed Secs: 0.00034
Query: connect
Params: []

2015-07-06T02:00:57+07:00 INFO (6): 
Elapsed Secs: 0.00108
Query: DESCRIBE `costumer`
Params: []

2015-07-06T02:00:57+07:00 INFO (6): 
Elapsed Secs: 0.00031
Query: connect
Params: []

2015-07-06T02:00:57+07:00 INFO (6): 
Elapsed Secs: 0.00017
Query: SELECT `costumer`.`nik_costumer` FROM `costumer`
Params: []

2015-07-06T02:00:57+07:00 INFO (6): 
Elapsed Secs: 0.00088
Query: DESCRIBE `kendaraan`
Params: []

2015-07-06T02:00:57+07:00 INFO (6): 
Elapsed Secs: 0.0004
Query: SELECT `ken`.`no_polisi`, `ken`.`nik_costumer`, `cb`.* FROM `kendaraan` AS `ken`
 INNER JOIN `costumer` AS `cos` ON cos.nik_costumer = ken.nik_costumer
 INNER JOIN `penjamin` AS `pen` ON cos.nik_costumer = pen.nik_costumer
 INNER JOIN `user` AS `us` ON cos.id_user = us.id_user
 INNER JOIN `cabang` AS `cb` ON cb.id_cabang = us.id_cabang WHERE (us.id_user = '18') AND (ken.status != 'kredit')
Params: []

2015-07-06T02:01:34+07:00 INFO (6): 
Elapsed Secs: 0.00027
Query: connect
Params: []

2015-07-06T02:01:34+07:00 INFO (6): 
Elapsed Secs: 0.00064
Query: DESCRIBE `costumer`
Params: []

2015-07-06T02:01:34+07:00 INFO (6): 
Elapsed Secs: 0.00026
Query: connect
Params: []

2015-07-06T02:01:34+07:00 INFO (6): 
Elapsed Secs: 0.00018
Query: SELECT `costumer`.`nik_costumer` FROM `costumer`
Params: []

2015-07-06T02:01:34+07:00 INFO (6): 
Elapsed Secs: 0.00066
Query: DESCRIBE `kendaraan`
Params: []

2015-07-06T02:01:34+07:00 INFO (6): 
Elapsed Secs: 0.00032
Query: SELECT `ken`.`no_polisi`, `ken`.`nik_costumer`, `cb`.* FROM `kendaraan` AS `ken`
 INNER JOIN `costumer` AS `cos` ON cos.nik_costumer = ken.nik_costumer
 INNER JOIN `penjamin` AS `pen` ON cos.nik_costumer = pen.nik_costumer
 INNER JOIN `user` AS `us` ON cos.id_user = us.id_user
 INNER JOIN `cabang` AS `cb` ON cb.id_cabang = us.id_cabang WHERE (us.id_user = '18') AND (ken.status != 'kredit')
Params: []

2015-07-06T02:02:19+07:00 INFO (6): 
Elapsed Secs: 0.00025
Query: connect
Params: []

2015-07-06T02:02:19+07:00 INFO (6): 
Elapsed Secs: 0.00069
Query: DESCRIBE `costumer`
Params: []

2015-07-06T02:02:19+07:00 INFO (6): 
Elapsed Secs: 0.00017
Query: connect
Params: []

2015-07-06T02:02:19+07:00 INFO (6): 
Elapsed Secs: 0.00014
Query: SELECT `costumer`.`nik_costumer` FROM `costumer`
Params: []

2015-07-06T02:02:19+07:00 INFO (6): 
Elapsed Secs: 0.00058
Query: DESCRIBE `kendaraan`
Params: []

2015-07-06T02:02:19+07:00 INFO (6): 
Elapsed Secs: 0.00028
Query: SELECT `ken`.`no_polisi`, `ken`.`nik_costumer`, `cb`.* FROM `kendaraan` AS `ken`
 INNER JOIN `costumer` AS `cos` ON cos.nik_costumer = ken.nik_costumer
 INNER JOIN `penjamin` AS `pen` ON cos.nik_costumer = pen.nik_costumer
 INNER JOIN `user` AS `us` ON cos.id_user = us.id_user
 INNER JOIN `cabang` AS `cb` ON cb.id_cabang = us.id_cabang WHERE (us.id_user = '18') AND (ken.status != 'kredit')
Params: []

2015-07-06T02:02:40+07:00 INFO (6): 
Elapsed Secs: 0.00142
Query: connect
Params: []

2015-07-06T02:02:40+07:00 INFO (6): 
Elapsed Secs: 0.00085
Query: DESCRIBE `costumer`
Params: []

2015-07-06T02:02:40+07:00 INFO (6): 
Elapsed Secs: 0.00025
Query: connect
Params: []

2015-07-06T02:02:40+07:00 INFO (6): 
Elapsed Secs: 0.00017
Query: SELECT `costumer`.`nik_costumer` FROM `costumer`
Params: []

2015-07-06T02:02:40+07:00 INFO (6): 
Elapsed Secs: 0.00069
Query: DESCRIBE `kendaraan`
Params: []

2015-07-06T02:02:40+07:00 INFO (6): 
Elapsed Secs: 0.00033
Query: SELECT `ken`.`no_polisi`, `ken`.`nik_costumer`, `cb`.* FROM `kendaraan` AS `ken`
 INNER JOIN `costumer` AS `cos` ON cos.nik_costumer = ken.nik_costumer
 INNER JOIN `penjamin` AS `pen` ON cos.nik_costumer = pen.nik_costumer
 INNER JOIN `user` AS `us` ON cos.id_user = us.id_user
 INNER JOIN `cabang` AS `cb` ON cb.id_cabang = us.id_cabang WHERE (us.id_user = '18') AND (ken.status != 'kredit')
Params: []

2015-07-06T02:02:59+07:00 INFO (6): 
Elapsed Secs: 0.00031
Query: connect
Params: []

2015-07-06T02:02:59+07:00 INFO (6): 
Elapsed Secs: 0.00072
Query: DESCRIBE `costumer`
Params: []

2015-07-06T02:02:59+07:00 INFO (6): 
Elapsed Secs: 0.00025
Query: connect
Params: []

2015-07-06T02:02:59+07:00 INFO (6): 
Elapsed Secs: 0.00017
Query: SELECT `costumer`.`nik_costumer` FROM `costumer`
Params: []

2015-07-06T02:02:59+07:00 INFO (6): 
Elapsed Secs: 0.00065
Query: DESCRIBE `kendaraan`
Params: []

2015-07-06T02:02:59+07:00 INFO (6): 
Elapsed Secs: 0.00032
Query: SELECT `ken`.`no_polisi`, `ken`.`nik_costumer`, `cb`.* FROM `kendaraan` AS `ken`
 INNER JOIN `costumer` AS `cos` ON cos.nik_costumer = ken.nik_costumer
 INNER JOIN `penjamin` AS `pen` ON cos.nik_costumer = pen.nik_costumer
 INNER JOIN `user` AS `us` ON cos.id_user = us.id_user
 INNER JOIN `cabang` AS `cb` ON cb.id_cabang = us.id_cabang WHERE (us.id_user = '18') AND (ken.status != 'kredit')
Params: []

2015-07-06T02:03:20+07:00 INFO (6): 
Elapsed Secs: 0.00029
Query: connect
Params: []

2015-07-06T02:03:20+07:00 INFO (6): 
Elapsed Secs: 0.00068
Query: DESCRIBE `costumer`
Params: []

2015-07-06T02:03:20+07:00 INFO (6): 
Elapsed Secs: 0.00021
Query: connect
Params: []

2015-07-06T02:03:20+07:00 INFO (6): 
Elapsed Secs: 0.00015
Query: SELECT `costumer`.`nik_costumer` FROM `costumer`
Params: []

2015-07-06T02:03:20+07:00 INFO (6): 
Elapsed Secs: 0.00066
Query: DESCRIBE `kendaraan`
Params: []

2015-07-06T02:03:20+07:00 INFO (6): 
Elapsed Secs: 0.00029
Query: SELECT `ken`.`no_polisi`, `ken`.`nik_costumer`, `cb`.* FROM `kendaraan` AS `ken`
 INNER JOIN `costumer` AS `cos` ON cos.nik_costumer = ken.nik_costumer
 INNER JOIN `penjamin` AS `pen` ON cos.nik_costumer = pen.nik_costumer
 INNER JOIN `user` AS `us` ON cos.id_user = us.id_user
 INNER JOIN `cabang` AS `cb` ON cb.id_cabang = us.id_cabang WHERE (us.id_user = '18') AND (ken.status != 'kredit')
Params: []

2015-07-06T02:03:22+07:00 INFO (6): 
Elapsed Secs: 0.00022
Query: connect
Params: []

2015-07-06T02:03:22+07:00 INFO (6): 
Elapsed Secs: 0.00123
Query: DESCRIBE `costumer`
Params: []

2015-07-06T02:03:22+07:00 INFO (6): 
Elapsed Secs: 0.0003
Query: connect
Params: []

2015-07-06T02:03:22+07:00 INFO (6): 
Elapsed Secs: 0.00021
Query: SELECT `costumer`.`nik_costumer` FROM `costumer`
Params: []

2015-07-06T02:03:22+07:00 INFO (6): 
Elapsed Secs: 0.0011
Query: DESCRIBE `kendaraan`
Params: []

2015-07-06T02:03:22+07:00 INFO (6): 
Elapsed Secs: 0.00039
Query: SELECT `ken`.`no_polisi`, `ken`.`nik_costumer`, `cb`.* FROM `kendaraan` AS `ken`
 INNER JOIN `costumer` AS `cos` ON cos.nik_costumer = ken.nik_costumer
 INNER JOIN `penjamin` AS `pen` ON cos.nik_costumer = pen.nik_costumer
 INNER JOIN `user` AS `us` ON cos.id_user = us.id_user
 INNER JOIN `cabang` AS `cb` ON cb.id_cabang = us.id_cabang WHERE (us.id_user = '18') AND (ken.status != 'kredit')
Params: []

2015-07-06T02:03:28+07:00 INFO (6): 
Elapsed Secs: 0.00105
Query: connect
Params: []

2015-07-06T02:03:28+07:00 INFO (6): 
Elapsed Secs: 0.00078
Query: DESCRIBE `cabang`
Params: []

2015-07-06T02:03:28+07:00 INFO (6): 
Elapsed Secs: 0.00018
Query: SELECT `cabang`.* FROM `cabang` WHERE (id_cabang = '30' ) LIMIT 1
Params: []

2015-07-06T02:03:28+07:00 INFO (6): 
Elapsed Secs: 0.00057
Query: DESCRIBE `pinjaman`
Params: []

2015-07-06T02:03:28+07:00 INFO (6): 
Elapsed Secs: 0.0003
Query: SELECT `pin`.*, `cos`.`nama` FROM `pinjaman` AS `pin`
 INNER JOIN `costumer` AS `cos` ON pin.nik_costumer = cos.nik_costumer
 INNER JOIN `user` AS `us` ON cos.id_user = us.id_user
 INNER JOIN `cabang` AS `cb` ON us.id_cabang = cb.id_cabang WHERE (us.id_user = '18') OR (cb.id_cabang = '30')
Params: []

2015-07-06T02:03:28+07:00 INFO (6): 
Elapsed Secs: 0.0006
Query: DESCRIBE `spb`
Params: []

2015-07-06T02:03:28+07:00 INFO (6): 
Elapsed Secs: 0.00017
Query: SELECT `spb`.* FROM `spb` WHERE (no_kontrak = '30/MD/00156/15') LIMIT 1
Params: []

2015-07-06T02:03:28+07:00 INFO (6): 
Elapsed Secs: 0.00018
Query: SELECT `spb`.* FROM `spb` WHERE (no_kontrak = '30/MF/00155/15') LIMIT 1
Params: []

2015-07-06T02:09:40+07:00 INFO (6): 
Elapsed Secs: 0.00113
Query: connect
Params: []

2015-07-06T02:09:40+07:00 INFO (6): 
Elapsed Secs: 0.00067
Query: DESCRIBE `cabang`
Params: []

2015-07-06T02:09:40+07:00 INFO (6): 
Elapsed Secs: 0.00018
Query: SELECT `cabang`.* FROM `cabang` WHERE (id_cabang = '30' ) LIMIT 1
Params: []

2015-07-06T02:09:40+07:00 INFO (6): 
Elapsed Secs: 0.00051
Query: DESCRIBE `pinjaman`
Params: []

2015-07-06T02:09:40+07:00 INFO (6): 
Elapsed Secs: 0.00026
Query: SELECT `pin`.*, `cos`.`nama` FROM `pinjaman` AS `pin`
 INNER JOIN `costumer` AS `cos` ON pin.nik_costumer = cos.nik_costumer
 INNER JOIN `user` AS `us` ON cos.id_user = us.id_user
 INNER JOIN `cabang` AS `cb` ON us.id_cabang = cb.id_cabang WHERE (us.id_user = '18') OR (cb.id_cabang = '30')
Params: []

2015-07-06T02:09:40+07:00 INFO (6): 
Elapsed Secs: 0.00046
Query: DESCRIBE `spb`
Params: []

2015-07-06T02:09:40+07:00 INFO (6): 
Elapsed Secs: 0.00012
Query: SELECT `spb`.* FROM `spb` WHERE (no_kontrak = '30/MD/00156/15') LIMIT 1
Params: []

2015-07-06T02:09:40+07:00 INFO (6): 
Elapsed Secs: 0.00013
Query: SELECT `spb`.* FROM `spb` WHERE (no_kontrak = '30/MF/00155/15') LIMIT 1
Params: []

2015-07-06T02:09:49+07:00 INFO (6): 
Elapsed Secs: 0.00025
Query: connect
Params: []

2015-07-06T02:09:49+07:00 INFO (6): 
Elapsed Secs: 0.00085
Query: DESCRIBE `costumer`
Params: []

2015-07-06T02:09:49+07:00 INFO (6): 
Elapsed Secs: 0.00047
Query: connect
Params: []

2015-07-06T02:09:49+07:00 INFO (6): 
Elapsed Secs: 0.00015
Query: SELECT `costumer`.`nik_costumer` FROM `costumer`
Params: []

2015-07-06T02:09:49+07:00 INFO (6): 
Elapsed Secs: 0.00069
Query: DESCRIBE `kendaraan`
Params: []

2015-07-06T02:09:49+07:00 INFO (6): 
Elapsed Secs: 0.00031
Query: SELECT `ken`.`no_polisi`, `ken`.`nik_costumer`, `cb`.* FROM `kendaraan` AS `ken`
 INNER JOIN `costumer` AS `cos` ON cos.nik_costumer = ken.nik_costumer
 INNER JOIN `penjamin` AS `pen` ON cos.nik_costumer = pen.nik_costumer
 INNER JOIN `user` AS `us` ON cos.id_user = us.id_user
 INNER JOIN `cabang` AS `cb` ON cb.id_cabang = us.id_cabang WHERE (us.id_user = '18') AND (ken.status != 'kredit')
Params: []

2015-07-06T02:16:38+07:00 INFO (6): 
Elapsed Secs: 0.00022
Query: connect
Params: []

2015-07-06T02:16:38+07:00 INFO (6): 
Elapsed Secs: 0.00078
Query: DESCRIBE `costumer`
Params: []

2015-07-06T02:16:38+07:00 INFO (6): 
Elapsed Secs: 0.00019
Query: connect
Params: []

2015-07-06T02:16:38+07:00 INFO (6): 
Elapsed Secs: 0.00013
Query: SELECT `costumer`.`nik_costumer` FROM `costumer`
Params: []

2015-07-06T02:16:38+07:00 INFO (6): 
Elapsed Secs: 0.00064
Query: DESCRIBE `kendaraan`
Params: []

2015-07-06T02:16:38+07:00 INFO (6): 
Elapsed Secs: 0.00027
Query: SELECT `ken`.`no_polisi`, `ken`.`nik_costumer`, `cb`.* FROM `kendaraan` AS `ken`
 INNER JOIN `costumer` AS `cos` ON cos.nik_costumer = ken.nik_costumer
 INNER JOIN `penjamin` AS `pen` ON cos.nik_costumer = pen.nik_costumer
 INNER JOIN `user` AS `us` ON cos.id_user = us.id_user
 INNER JOIN `cabang` AS `cb` ON cb.id_cabang = us.id_cabang WHERE (us.id_user = '18') AND (ken.status != 'kredit')
Params: []

2015-07-06T02:17:46+07:00 INFO (6): 
Elapsed Secs: 0.0003
Query: connect
Params: []

2015-07-06T02:17:46+07:00 INFO (6): 
Elapsed Secs: 0.00076
Query: DESCRIBE `costumer`
Params: []

2015-07-06T02:17:46+07:00 INFO (6): 
Elapsed Secs: 0.00024
Query: connect
Params: []

2015-07-06T02:17:46+07:00 INFO (6): 
Elapsed Secs: 0.00011
Query: SELECT `costumer`.`nik_costumer` FROM `costumer`
Params: []

2015-07-06T02:17:46+07:00 INFO (6): 
Elapsed Secs: 0.00061
Query: DESCRIBE `kendaraan`
Params: []

2015-07-06T02:17:46+07:00 INFO (6): 
Elapsed Secs: 0.00029
Query: SELECT `ken`.`no_polisi`, `ken`.`nik_costumer`, `cb`.* FROM `kendaraan` AS `ken`
 INNER JOIN `costumer` AS `cos` ON cos.nik_costumer = ken.nik_costumer
 INNER JOIN `penjamin` AS `pen` ON cos.nik_costumer = pen.nik_costumer
 INNER JOIN `user` AS `us` ON cos.id_user = us.id_user
 INNER JOIN `cabang` AS `cb` ON cb.id_cabang = us.id_cabang WHERE (us.id_user = '18') AND (ken.status != 'kredit')
Params: []

2015-07-06T02:18:31+07:00 INFO (6): 
Elapsed Secs: 0.00019
Query: connect
Params: []

2015-07-06T02:18:31+07:00 INFO (6): 
Elapsed Secs: 0.00071
Query: DESCRIBE `costumer`
Params: []

2015-07-06T02:18:31+07:00 INFO (6): 
Elapsed Secs: 0.00018
Query: connect
Params: []

2015-07-06T02:18:31+07:00 INFO (6): 
Elapsed Secs: 0.0001
Query: SELECT `costumer`.`nik_costumer` FROM `costumer`
Params: []

2015-07-06T02:18:31+07:00 INFO (6): 
Elapsed Secs: 0.00044
Query: DESCRIBE `kendaraan`
Params: []

2015-07-06T02:18:31+07:00 INFO (6): 
Elapsed Secs: 0.00021
Query: SELECT `ken`.`no_polisi`, `ken`.`nik_costumer`, `cb`.* FROM `kendaraan` AS `ken`
 INNER JOIN `costumer` AS `cos` ON cos.nik_costumer = ken.nik_costumer
 INNER JOIN `penjamin` AS `pen` ON cos.nik_costumer = pen.nik_costumer
 INNER JOIN `user` AS `us` ON cos.id_user = us.id_user
 INNER JOIN `cabang` AS `cb` ON cb.id_cabang = us.id_cabang WHERE (us.id_user = '18') AND (ken.status != 'kredit')
Params: []

2015-07-06T02:19:09+07:00 INFO (6): 
Elapsed Secs: 0.00026
Query: connect
Params: []

2015-07-06T02:19:09+07:00 INFO (6): 
Elapsed Secs: 0.0008
Query: DESCRIBE `costumer`
Params: []

2015-07-06T02:19:09+07:00 INFO (6): 
Elapsed Secs: 0.00026
Query: connect
Params: []

2015-07-06T02:19:09+07:00 INFO (6): 
Elapsed Secs: 0.00014
Query: SELECT `costumer`.`nik_costumer` FROM `costumer`
Params: []

2015-07-06T02:19:09+07:00 INFO (6): 
Elapsed Secs: 0.00069
Query: DESCRIBE `kendaraan`
Params: []

2015-07-06T02:19:09+07:00 INFO (6): 
Elapsed Secs: 0.00033
Query: SELECT `ken`.`no_polisi`, `ken`.`nik_costumer`, `cb`.* FROM `kendaraan` AS `ken`
 INNER JOIN `costumer` AS `cos` ON cos.nik_costumer = ken.nik_costumer
 INNER JOIN `penjamin` AS `pen` ON cos.nik_costumer = pen.nik_costumer
 INNER JOIN `user` AS `us` ON cos.id_user = us.id_user
 INNER JOIN `cabang` AS `cb` ON cb.id_cabang = us.id_cabang WHERE (us.id_user = '18') AND (ken.status != 'kredit')
Params: []

2015-07-06T02:20:14+07:00 INFO (6): 
Elapsed Secs: 0.00023
Query: connect
Params: []

2015-07-06T02:20:14+07:00 INFO (6): 
Elapsed Secs: 0.00063
Query: DESCRIBE `costumer`
Params: []

2015-07-06T02:20:14+07:00 INFO (6): 
Elapsed Secs: 0.0002
Query: connect
Params: []

2015-07-06T02:20:14+07:00 INFO (6): 
Elapsed Secs: 0.00015
Query: SELECT `costumer`.`nik_costumer` FROM `costumer`
Params: []

2015-07-06T02:20:14+07:00 INFO (6): 
Elapsed Secs: 0.00066
Query: DESCRIBE `kendaraan`
Params: []

2015-07-06T02:20:14+07:00 INFO (6): 
Elapsed Secs: 0.00027
Query: SELECT `ken`.`no_polisi`, `ken`.`nik_costumer`, `cb`.* FROM `kendaraan` AS `ken`
 INNER JOIN `costumer` AS `cos` ON cos.nik_costumer = ken.nik_costumer
 INNER JOIN `penjamin` AS `pen` ON cos.nik_costumer = pen.nik_costumer
 INNER JOIN `user` AS `us` ON cos.id_user = us.id_user
 INNER JOIN `cabang` AS `cb` ON cb.id_cabang = us.id_cabang WHERE (us.id_user = '18') AND (ken.status != 'kredit')
Params: []

2015-07-06T02:20:17+07:00 INFO (6): 
Elapsed Secs: 0.00103
Query: connect
Params: []

2015-07-06T02:20:17+07:00 INFO (6): 
Elapsed Secs: 0.00068
Query: DESCRIBE `costumer`
Params: []

2015-07-06T02:20:17+07:00 INFO (6): 
Elapsed Secs: 0.00026
Query: connect
Params: []

2015-07-06T02:20:17+07:00 INFO (6): 
Elapsed Secs: 0.00019
Query: SELECT `costumer`.`nik_costumer` FROM `costumer`
Params: []

2015-07-06T02:20:17+07:00 INFO (6): 
Elapsed Secs: 0.00062
Query: DESCRIBE `kendaraan`
Params: []

2015-07-06T02:20:17+07:00 INFO (6): 
Elapsed Secs: 0.00033
Query: SELECT `ken`.`no_polisi`, `ken`.`nik_costumer`, `cb`.* FROM `kendaraan` AS `ken`
 INNER JOIN `costumer` AS `cos` ON cos.nik_costumer = ken.nik_costumer
 INNER JOIN `penjamin` AS `pen` ON cos.nik_costumer = pen.nik_costumer
 INNER JOIN `user` AS `us` ON cos.id_user = us.id_user
 INNER JOIN `cabang` AS `cb` ON cb.id_cabang = us.id_cabang WHERE (us.id_user = '18') AND (ken.status != 'kredit')
Params: []

2015-07-06T02:20:41+07:00 INFO (6): 
Elapsed Secs: 0.00024
Query: connect
Params: []

2015-07-06T02:20:41+07:00 INFO (6): 
Elapsed Secs: 0.0007
Query: DESCRIBE `costumer`
Params: []

2015-07-06T02:20:41+07:00 INFO (6): 
Elapsed Secs: 0.00017
Query: connect
Params: []

2015-07-06T02:20:41+07:00 INFO (6): 
Elapsed Secs: 0.00013
Query: SELECT `costumer`.`nik_costumer` FROM `costumer`
Params: []

2015-07-06T02:20:41+07:00 INFO (6): 
Elapsed Secs: 0.0006
Query: DESCRIBE `kendaraan`
Params: []

2015-07-06T02:20:41+07:00 INFO (6): 
Elapsed Secs: 0.00026
Query: SELECT `ken`.`no_polisi`, `ken`.`nik_costumer`, `cb`.* FROM `kendaraan` AS `ken`
 INNER JOIN `costumer` AS `cos` ON cos.nik_costumer = ken.nik_costumer
 INNER JOIN `penjamin` AS `pen` ON cos.nik_costumer = pen.nik_costumer
 INNER JOIN `user` AS `us` ON cos.id_user = us.id_user
 INNER JOIN `cabang` AS `cb` ON cb.id_cabang = us.id_cabang WHERE (us.id_user = '18') AND (ken.status != 'kredit')
Params: []

2015-07-06T02:23:08+07:00 INFO (6): 
Elapsed Secs: 0.00106
Query: connect
Params: []

2015-07-06T02:23:08+07:00 INFO (6): 
Elapsed Secs: 0.00072
Query: DESCRIBE `costumer`
Params: []

2015-07-06T02:23:08+07:00 INFO (6): 
Elapsed Secs: 0.00016
Query: connect
Params: []

2015-07-06T02:23:08+07:00 INFO (6): 
Elapsed Secs: 0.00012
Query: SELECT `costumer`.`nik_costumer` FROM `costumer`
Params: []

2015-07-06T02:23:08+07:00 INFO (6): 
Elapsed Secs: 0.00072
Query: DESCRIBE `kendaraan`
Params: []

2015-07-06T02:23:08+07:00 INFO (6): 
Elapsed Secs: 0.00029
Query: SELECT `ken`.`no_polisi`, `ken`.`nik_costumer`, `cb`.* FROM `kendaraan` AS `ken`
 INNER JOIN `costumer` AS `cos` ON cos.nik_costumer = ken.nik_costumer
 INNER JOIN `penjamin` AS `pen` ON cos.nik_costumer = pen.nik_costumer
 INNER JOIN `user` AS `us` ON cos.id_user = us.id_user
 INNER JOIN `cabang` AS `cb` ON cb.id_cabang = us.id_cabang WHERE (us.id_user = '18') AND (ken.status != 'kredit')
Params: []

2015-07-06T02:23:36+07:00 INFO (6): 
Elapsed Secs: 0.0002
Query: connect
Params: []

2015-07-06T02:23:36+07:00 INFO (6): 
Elapsed Secs: 0.00063
Query: DESCRIBE `costumer`
Params: []

2015-07-06T02:23:36+07:00 INFO (6): 
Elapsed Secs: 0.00018
Query: connect
Params: []

2015-07-06T02:23:36+07:00 INFO (6): 
Elapsed Secs: 0.00012
Query: SELECT `costumer`.`nik_costumer` FROM `costumer`
Params: []

2015-07-06T02:23:36+07:00 INFO (6): 
Elapsed Secs: 0.00047
Query: DESCRIBE `kendaraan`
Params: []

2015-07-06T02:23:36+07:00 INFO (6): 
Elapsed Secs: 0.00028
Query: SELECT `ken`.`no_polisi`, `ken`.`nik_costumer`, `cb`.* FROM `kendaraan` AS `ken`
 INNER JOIN `costumer` AS `cos` ON cos.nik_costumer = ken.nik_costumer
 INNER JOIN `penjamin` AS `pen` ON cos.nik_costumer = pen.nik_costumer
 INNER JOIN `user` AS `us` ON cos.id_user = us.id_user
 INNER JOIN `cabang` AS `cb` ON cb.id_cabang = us.id_cabang WHERE (us.id_user = '18') AND (ken.status != 'kredit')
Params: []

2015-07-06T02:24:50+07:00 INFO (6): 
Elapsed Secs: 0.00051
Query: connect
Params: []

2015-07-06T02:24:50+07:00 INFO (6): 
Elapsed Secs: 0.05475
Query: UPDATE `user_login` SET `status` = ? WHERE (id_user ='18')
Params: {"1":0}

2015-07-06T02:24:54+07:00 INFO (6): 
Elapsed Secs: 0.00023
Query: connect
Params: []

2015-07-06T02:24:54+07:00 INFO (6): 
Elapsed Secs: 0.00061
Query: DESCRIBE `user`
Params: []

2015-07-06T02:24:54+07:00 INFO (6): 
Elapsed Secs: 0.00024
Query: connect
Params: []

2015-07-06T02:24:54+07:00 INFO (6): 
Elapsed Secs: 0.00024
Query: SELECT `user`.*, `cabang`.* FROM `user`
 INNER JOIN `cabang` ON cabang.id_cabang = user.id_cabang WHERE (user.username = 'admin') AND (user.password = 'd033e22ae348aeb5660fc2140aec35850c4da997')
Params: []

2015-07-06T02:24:54+07:00 INFO (6): 
Elapsed Secs: 0.00024
Query: SELECT `user`.*, `user_login`.*, `cabang`.* FROM `user`
 INNER JOIN `user_login` ON user_login.id_user = user.id_user
 INNER JOIN `cabang` ON cabang.id_cabang = user.id_cabang WHERE (user.id_user = '16')
Params: []

2015-07-06T02:24:54+07:00 INFO (6): 
Elapsed Secs: 0.10374
Query: UPDATE `user_login` SET `status` = ?, `login_time` = NOW(), `ip_login` = ?, `last_login` = ? WHERE (id_user = '16')
Params: {"1":1,"2":"127.0.0.1","3":"2015-07-05 23:49:32"}

2015-07-06T02:24:54+07:00 INFO (6): 
Elapsed Secs: 0.0003
Query: SELECT `user`.*, `user_login`.*, `cabang`.* FROM `user`
 INNER JOIN `user_login` ON user_login.id_user = user.id_user
 INNER JOIN `cabang` ON cabang.id_cabang = user.id_cabang WHERE (user.id_user = '16')
Params: []

2015-07-06T02:24:58+07:00 INFO (6): 
Elapsed Secs: 0.00025
Query: connect
Params: []

2015-07-06T02:24:58+07:00 INFO (6): 
Elapsed Secs: 0.0007
Query: DESCRIBE `cabang`
Params: []

2015-07-06T02:24:58+07:00 INFO (6): 
Elapsed Secs: 0.0002
Query: SELECT `cabang`.* FROM `cabang` WHERE (id_cabang = '29' ) LIMIT 1
Params: []

2015-07-06T02:24:58+07:00 INFO (6): 
Elapsed Secs: 0.00075
Query: DESCRIBE `pinjaman`
Params: []

2015-07-06T02:24:58+07:00 INFO (6): 
Elapsed Secs: 0.00034
Query: SELECT `pin`.*, `cos`.`nama` FROM `pinjaman` AS `pin`
 INNER JOIN `costumer` AS `cos` ON pin.nik_costumer = cos.nik_costumer
 INNER JOIN `user` AS `us` ON cos.id_user = us.id_user
 INNER JOIN `cabang` AS `cb` ON us.id_cabang = cb.id_cabang WHERE (us.id_user = '16') OR (cb.id_cabang = '29')
Params: []

2015-07-06T02:24:58+07:00 INFO (6): 
Elapsed Secs: 0.0006
Query: DESCRIBE `spb`
Params: []

2015-07-06T02:24:58+07:00 INFO (6): 
Elapsed Secs: 0.00015
Query: SELECT `spb`.* FROM `spb` WHERE (no_kontrak = '29/MF/00001/15') LIMIT 1
Params: []

2015-07-06T02:24:58+07:00 INFO (6): 
Elapsed Secs: 0.00015
Query: SELECT `spb`.* FROM `spb` WHERE (no_kontrak = '29/MF/00154/15') LIMIT 1
Params: []

2015-07-06T02:25:02+07:00 INFO (6): 
Elapsed Secs: 0.00032
Query: connect
Params: []

2015-07-06T02:25:02+07:00 INFO (6): 
Elapsed Secs: 0.00063
Query: DESCRIBE `costumer`
Params: []

2015-07-06T02:25:02+07:00 INFO (6): 
Elapsed Secs: 0.00022
Query: connect
Params: []

2015-07-06T02:25:02+07:00 INFO (6): 
Elapsed Secs: 0.00014
Query: SELECT `costumer`.`nik_costumer` FROM `costumer`
Params: []

2015-07-06T02:25:02+07:00 INFO (6): 
Elapsed Secs: 0.0006
Query: DESCRIBE `kendaraan`
Params: []

2015-07-06T02:25:02+07:00 INFO (6): 
Elapsed Secs: 0.00035
Query: SELECT `ken`.`no_polisi`, `ken`.`nik_costumer`, `cb`.* FROM `kendaraan` AS `ken`
 INNER JOIN `costumer` AS `cos` ON cos.nik_costumer = ken.nik_costumer
 INNER JOIN `penjamin` AS `pen` ON cos.nik_costumer = pen.nik_costumer
 INNER JOIN `user` AS `us` ON cos.id_user = us.id_user
 INNER JOIN `cabang` AS `cb` ON cb.id_cabang = us.id_cabang WHERE (us.id_user = '16') AND (ken.status != 'kredit')
Params: []

2015-07-06T02:25:31+07:00 INFO (6): 
Elapsed Secs: 0.00023
Query: connect
Params: []

2015-07-06T02:25:31+07:00 INFO (6): 
Elapsed Secs: 0.0008
Query: DESCRIBE `costumer`
Params: []

2015-07-06T02:25:31+07:00 INFO (6): 
Elapsed Secs: 0.00018
Query: connect
Params: []

2015-07-06T02:25:31+07:00 INFO (6): 
Elapsed Secs: 0.00019
Query: SELECT `costumer`.`nik_costumer` FROM `costumer`
Params: []

2015-07-06T02:25:31+07:00 INFO (6): 
Elapsed Secs: 0.00065
Query: DESCRIBE `kendaraan`
Params: []

2015-07-06T02:25:31+07:00 INFO (6): 
Elapsed Secs: 0.00064
Query: SELECT `ken`.`no_polisi`, `ken`.`nik_costumer`, `cb`.* FROM `kendaraan` AS `ken`
 INNER JOIN `costumer` AS `cos` ON cos.nik_costumer = ken.nik_costumer
 INNER JOIN `penjamin` AS `pen` ON cos.nik_costumer = pen.nik_costumer
 INNER JOIN `user` AS `us` ON cos.id_user = us.id_user
 INNER JOIN `cabang` AS `cb` ON cb.id_cabang = us.id_cabang WHERE (us.id_user = '16') AND (ken.status != 'kredit')
Params: []

2015-07-06T02:25:33+07:00 INFO (6): 
Elapsed Secs: 0.00021
Query: connect
Params: []

2015-07-06T02:25:33+07:00 INFO (6): 
Elapsed Secs: 0.00069
Query: DESCRIBE `costumer`
Params: []

2015-07-06T02:25:33+07:00 INFO (6): 
Elapsed Secs: 0.00027
Query: connect
Params: []

2015-07-06T02:25:33+07:00 INFO (6): 
Elapsed Secs: 0.00011
Query: SELECT `costumer`.`nik_costumer` FROM `costumer`
Params: []

2015-07-06T02:25:33+07:00 INFO (6): 
Elapsed Secs: 0.0005
Query: DESCRIBE `kendaraan`
Params: []

2015-07-06T02:25:33+07:00 INFO (6): 
Elapsed Secs: 0.00029
Query: SELECT `ken`.`no_polisi`, `ken`.`nik_costumer`, `cb`.* FROM `kendaraan` AS `ken`
 INNER JOIN `costumer` AS `cos` ON cos.nik_costumer = ken.nik_costumer
 INNER JOIN `penjamin` AS `pen` ON cos.nik_costumer = pen.nik_costumer
 INNER JOIN `user` AS `us` ON cos.id_user = us.id_user
 INNER JOIN `cabang` AS `cb` ON cb.id_cabang = us.id_cabang WHERE (us.id_user = '16') AND (ken.status != 'kredit')
Params: []

2015-07-06T02:25:36+07:00 INFO (6): 
Elapsed Secs: 0.00029
Query: connect
Params: []

2015-07-06T02:25:36+07:00 INFO (6): 
Elapsed Secs: 0.00064
Query: DESCRIBE `costumer`
Params: []

2015-07-06T02:25:36+07:00 INFO (6): 
Elapsed Secs: 0.00026
Query: connect
Params: []

2015-07-06T02:25:36+07:00 INFO (6): 
Elapsed Secs: 0.00018
Query: SELECT `costumer`.`nik_costumer` FROM `costumer`
Params: []

2015-07-06T02:25:36+07:00 INFO (6): 
Elapsed Secs: 0.00069
Query: DESCRIBE `kendaraan`
Params: []

2015-07-06T02:25:36+07:00 INFO (6): 
Elapsed Secs: 0.0003
Query: SELECT `ken`.`no_polisi`, `ken`.`nik_costumer`, `cb`.* FROM `kendaraan` AS `ken`
 INNER JOIN `costumer` AS `cos` ON cos.nik_costumer = ken.nik_costumer
 INNER JOIN `penjamin` AS `pen` ON cos.nik_costumer = pen.nik_costumer
 INNER JOIN `user` AS `us` ON cos.id_user = us.id_user
 INNER JOIN `cabang` AS `cb` ON cb.id_cabang = us.id_cabang WHERE (us.id_user = '16') AND (ken.status != 'kredit')
Params: []

2015-07-06T02:25:45+07:00 INFO (6): 
Elapsed Secs: 0.00097
Query: connect
Params: []

2015-07-06T02:25:45+07:00 INFO (6): 
Elapsed Secs: 0.00068
Query: DESCRIBE `costumer`
Params: []

2015-07-06T02:25:45+07:00 INFO (6): 
Elapsed Secs: 0.00014
Query: connect
Params: []

2015-07-06T02:25:45+07:00 INFO (6): 
Elapsed Secs: 0.00014
Query: SELECT `costumer`.`nik_costumer` FROM `costumer`
Params: []

2015-07-06T02:25:45+07:00 INFO (6): 
Elapsed Secs: 0.00061
Query: DESCRIBE `kendaraan`
Params: []

2015-07-06T02:25:45+07:00 INFO (6): 
Elapsed Secs: 0.00031
Query: SELECT `ken`.`no_polisi`, `ken`.`nik_costumer`, `cb`.* FROM `kendaraan` AS `ken`
 INNER JOIN `costumer` AS `cos` ON cos.nik_costumer = ken.nik_costumer
 INNER JOIN `penjamin` AS `pen` ON cos.nik_costumer = pen.nik_costumer
 INNER JOIN `user` AS `us` ON cos.id_user = us.id_user
 INNER JOIN `cabang` AS `cb` ON cb.id_cabang = us.id_cabang WHERE (us.id_user = '16') AND (ken.status != 'kredit')
Params: []

2015-07-06T02:25:51+07:00 INFO (6): 
Elapsed Secs: 0.00023
Query: connect
Params: []

2015-07-06T02:25:51+07:00 INFO (6): 
Elapsed Secs: 0.06285
Query: UPDATE `user_login` SET `status` = ? WHERE (id_user ='16')
Params: {"1":0}

2015-07-06T02:25:56+07:00 INFO (6): 
Elapsed Secs: 0.00059
Query: connect
Params: []

2015-07-06T02:25:56+07:00 INFO (6): 
Elapsed Secs: 0.00196
Query: DESCRIBE `user`
Params: []

2015-07-06T02:25:56+07:00 INFO (6): 
Elapsed Secs: 0.00054
Query: connect
Params: []

2015-07-06T02:25:56+07:00 INFO (6): 
Elapsed Secs: 0.00065
Query: SELECT `user`.*, `cabang`.* FROM `user`
 INNER JOIN `cabang` ON cabang.id_cabang = user.id_cabang WHERE (user.username = 'kasir') AND (user.password = 'd033e22ae348aeb5660fc2140aec35850c4da997')
Params: []

2015-07-06T02:25:56+07:00 INFO (6): 
Elapsed Secs: 0.00067
Query: SELECT `user`.*, `user_login`.*, `cabang`.* FROM `user`
 INNER JOIN `user_login` ON user_login.id_user = user.id_user
 INNER JOIN `cabang` ON cabang.id_cabang = user.id_cabang WHERE (user.id_user = '18')
Params: []

2015-07-06T02:25:56+07:00 INFO (6): 
Elapsed Secs: 0.09013
Query: UPDATE `user_login` SET `status` = ?, `login_time` = NOW(), `ip_login` = ?, `last_login` = ? WHERE (id_user = '18')
Params: {"1":1,"2":"127.0.0.1","3":"2015-07-06 01:44:58"}

2015-07-06T02:25:56+07:00 INFO (6): 
Elapsed Secs: 0.0006
Query: SELECT `user`.*, `user_login`.*, `cabang`.* FROM `user`
 INNER JOIN `user_login` ON user_login.id_user = user.id_user
 INNER JOIN `cabang` ON cabang.id_cabang = user.id_cabang WHERE (user.id_user = '18')
Params: []

2015-07-06T02:25:58+07:00 INFO (6): 
Elapsed Secs: 0.00022
Query: connect
Params: []

2015-07-06T02:25:58+07:00 INFO (6): 
Elapsed Secs: 0.00058
Query: DESCRIBE `cabang`
Params: []

2015-07-06T02:25:58+07:00 INFO (6): 
Elapsed Secs: 0.00013
Query: SELECT `cabang`.* FROM `cabang` WHERE (id_cabang = '30' ) LIMIT 1
Params: []

2015-07-06T02:25:58+07:00 INFO (6): 
Elapsed Secs: 0.00057
Query: DESCRIBE `pinjaman`
Params: []

2015-07-06T02:25:58+07:00 INFO (6): 
Elapsed Secs: 0.00031
Query: SELECT `pin`.*, `cos`.`nama` FROM `pinjaman` AS `pin`
 INNER JOIN `costumer` AS `cos` ON pin.nik_costumer = cos.nik_costumer
 INNER JOIN `user` AS `us` ON cos.id_user = us.id_user
 INNER JOIN `cabang` AS `cb` ON us.id_cabang = cb.id_cabang WHERE (us.id_user = '18') OR (cb.id_cabang = '30')
Params: []

2015-07-06T02:25:58+07:00 INFO (6): 
Elapsed Secs: 0.00054
Query: DESCRIBE `spb`
Params: []

2015-07-06T02:25:58+07:00 INFO (6): 
Elapsed Secs: 0.00013
Query: SELECT `spb`.* FROM `spb` WHERE (no_kontrak = '30/MD/00156/15') LIMIT 1
Params: []

2015-07-06T02:25:58+07:00 INFO (6): 
Elapsed Secs: 0.00012
Query: SELECT `spb`.* FROM `spb` WHERE (no_kontrak = '30/MF/00155/15') LIMIT 1
Params: []

2015-07-06T02:26:01+07:00 INFO (6): 
Elapsed Secs: 0.00027
Query: connect
Params: []

2015-07-06T02:26:01+07:00 INFO (6): 
Elapsed Secs: 0.00068
Query: DESCRIBE `costumer`
Params: []

2015-07-06T02:26:01+07:00 INFO (6): 
Elapsed Secs: 0.00025
Query: connect
Params: []

2015-07-06T02:26:01+07:00 INFO (6): 
Elapsed Secs: 0.00014
Query: SELECT `costumer`.`nik_costumer` FROM `costumer`
Params: []

2015-07-06T02:26:01+07:00 INFO (6): 
Elapsed Secs: 0.00049
Query: DESCRIBE `kendaraan`
Params: []

2015-07-06T02:26:01+07:00 INFO (6): 
Elapsed Secs: 0.00027
Query: SELECT `ken`.`no_polisi`, `ken`.`nik_costumer`, `cb`.* FROM `kendaraan` AS `ken`
 INNER JOIN `costumer` AS `cos` ON cos.nik_costumer = ken.nik_costumer
 INNER JOIN `penjamin` AS `pen` ON cos.nik_costumer = pen.nik_costumer
 INNER JOIN `user` AS `us` ON cos.id_user = us.id_user
 INNER JOIN `cabang` AS `cb` ON cb.id_cabang = us.id_cabang WHERE (us.id_user = '18') AND (ken.status != 'kredit')
Params: []

