2015-07-03T23:00:05+07:00 INFO (6): 
Elapsed Secs: 0.00028
Query: connect
Params: []

2015-07-03T23:00:05+07:00 INFO (6): 
Elapsed Secs: 0.00079
Query: DESCRIBE `penjamin`
Params: []

2015-07-03T23:00:05+07:00 INFO (6): 
Elapsed Secs: 0.00018
Query: connect
Params: []

2015-07-03T23:00:05+07:00 INFO (6): 
Elapsed Secs: 0.00047
Query: SELECT `pe`.*, `cos`.`id_cabang`, `cos`.`id_user`, `cb`.`cabang` FROM `penjamin` AS `pe`
 INNER JOIN `costumer` AS `cos` ON pe.nik_costumer = cos.nik_costumer
 INNER JOIN `user` AS `us` ON us.id_user = cos.id_user
 INNER JOIN `cabang` AS `cb` ON cb.id_cabang = cos.id_cabang WHERE (us.id_user= '16') AND (cb.id_cabang = '29')
Params: []

2015-07-03T23:00:08+07:00 INFO (6): 
Elapsed Secs: 0.00018
Query: connect
Params: []

2015-07-03T23:00:08+07:00 INFO (6): 
Elapsed Secs: 0.0008
Query: DESCRIBE `penjamin`
Params: []

2015-07-03T23:00:08+07:00 INFO (6): 
Elapsed Secs: 0.00017
Query: connect
Params: []

2015-07-03T23:00:08+07:00 INFO (6): 
Elapsed Secs: 0.00023
Query: SELECT `pe`.*, `cos`.`id_cabang`, `cos`.`id_user`, `cb`.`cabang` FROM `penjamin` AS `pe`
 INNER JOIN `costumer` AS `cos` ON pe.nik_costumer = cos.nik_costumer
 INNER JOIN `user` AS `us` ON us.id_user = cos.id_user
 INNER JOIN `cabang` AS `cb` ON cb.id_cabang = cos.id_cabang
Params: []

2015-07-03T23:00:09+07:00 INFO (6): 
Elapsed Secs: 0.00023
Query: connect
Params: []

2015-07-03T23:00:09+07:00 INFO (6): 
Elapsed Secs: 0.00078
Query: DESCRIBE `penjamin`
Params: []

2015-07-03T23:00:09+07:00 INFO (6): 
Elapsed Secs: 0.00021
Query: connect
Params: []

2015-07-03T23:00:09+07:00 INFO (6): 
Elapsed Secs: 0.00025
Query: SELECT `pe`.*, `cos`.`id_cabang`, `cos`.`id_user`, `cb`.`cabang` FROM `penjamin` AS `pe`
 INNER JOIN `costumer` AS `cos` ON pe.nik_costumer = cos.nik_costumer
 INNER JOIN `user` AS `us` ON us.id_user = cos.id_user
 INNER JOIN `cabang` AS `cb` ON cb.id_cabang = cos.id_cabang WHERE (us.id_user= '16') AND (cb.id_cabang = '29')
Params: []

2015-07-03T23:00:10+07:00 INFO (6): 
Elapsed Secs: 0.00022
Query: connect
Params: []

2015-07-03T23:00:10+07:00 INFO (6): 
Elapsed Secs: 0.00069
Query: DESCRIBE `penjamin`
Params: []

2015-07-03T23:00:10+07:00 INFO (6): 
Elapsed Secs: 0.00025
Query: connect
Params: []

2015-07-03T23:00:10+07:00 INFO (6): 
Elapsed Secs: 0.00024
Query: SELECT `pe`.*, `cos`.`id_cabang`, `cos`.`id_user`, `cb`.`cabang` FROM `penjamin` AS `pe`
 INNER JOIN `costumer` AS `cos` ON pe.nik_costumer = cos.nik_costumer
 INNER JOIN `user` AS `us` ON us.id_user = cos.id_user
 INNER JOIN `cabang` AS `cb` ON cb.id_cabang = cos.id_cabang
Params: []

2015-07-03T23:00:11+07:00 INFO (6): 
Elapsed Secs: 0.00033
Query: connect
Params: []

2015-07-03T23:00:11+07:00 INFO (6): 
Elapsed Secs: 0.03878
Query: DESCRIBE `penjamin`
Params: []

2015-07-03T23:00:11+07:00 INFO (6): 
Elapsed Secs: 0.00028
Query: connect
Params: []

2015-07-03T23:00:11+07:00 INFO (6): 
Elapsed Secs: 0.00029
Query: SELECT `pe`.*, `cos`.`id_cabang`, `cos`.`id_user`, `cb`.`cabang` FROM `penjamin` AS `pe`
 INNER JOIN `costumer` AS `cos` ON pe.nik_costumer = cos.nik_costumer
 INNER JOIN `user` AS `us` ON us.id_user = cos.id_user
 INNER JOIN `cabang` AS `cb` ON cb.id_cabang = cos.id_cabang WHERE (us.id_user= '16') AND (cb.id_cabang = '29')
Params: []

2015-07-03T23:00:15+07:00 INFO (6): 
Elapsed Secs: 0.00029
Query: connect
Params: []

2015-07-03T23:00:15+07:00 INFO (6): 
Elapsed Secs: 0.00077
Query: DESCRIBE `penjamin`
Params: []

2015-07-03T23:00:15+07:00 INFO (6): 
Elapsed Secs: 0.00024
Query: connect
Params: []

2015-07-03T23:00:15+07:00 INFO (6): 
Elapsed Secs: 0.00028
Query: SELECT `pe`.*, `cos`.`id_cabang`, `cos`.`id_user`, `cb`.`cabang` FROM `penjamin` AS `pe`
 INNER JOIN `costumer` AS `cos` ON pe.nik_costumer = cos.nik_costumer
 INNER JOIN `user` AS `us` ON us.id_user = cos.id_user
 INNER JOIN `cabang` AS `cb` ON cb.id_cabang = cos.id_cabang
Params: []

2015-07-03T23:00:19+07:00 INFO (6): 
Elapsed Secs: 0.00024
Query: connect
Params: []

2015-07-03T23:00:19+07:00 INFO (6): 
Elapsed Secs: 0.08385
Query: UPDATE `user_login` SET `status` = ? WHERE (id_user ='16')
Params: {"1":0}

2015-07-03T23:00:23+07:00 INFO (6): 
Elapsed Secs: 0.00023
Query: connect
Params: []

2015-07-03T23:00:23+07:00 INFO (6): 
Elapsed Secs: 0.00063
Query: DESCRIBE `user`
Params: []

2015-07-03T23:00:23+07:00 INFO (6): 
Elapsed Secs: 0.00018
Query: connect
Params: []

2015-07-03T23:00:23+07:00 INFO (6): 
Elapsed Secs: 0.00019
Query: SELECT `user`.*, `cabang`.* FROM `user`
 INNER JOIN `cabang` ON cabang.id_cabang = user.id_cabang WHERE (user.username = 'rendi') AND (user.password = 'd033e22ae348aeb5660fc2140aec35850c4da997')
Params: []

2015-07-03T23:00:23+07:00 INFO (6): 
Elapsed Secs: 0.00017
Query: SELECT `user`.*, `user_login`.*, `cabang`.* FROM `user`
 INNER JOIN `user_login` ON user_login.id_user = user.id_user
 INNER JOIN `cabang` ON cabang.id_cabang = user.id_cabang WHERE (user.id_user = '17')
Params: []

2015-07-03T23:00:23+07:00 INFO (6): 
Elapsed Secs: 0.20061
Query: UPDATE `user_login` SET `last_login` = ?, `login_time` = NOW(), `ip_login` = ?, `status` = ? WHERE (id_user = '17')
Params: {"1":"2015-06-26 11:30:00","2":"172.17.3.234","3":1}

2015-07-03T23:00:23+07:00 INFO (6): 
Elapsed Secs: 0.0003
Query: SELECT `user`.*, `user_login`.*, `cabang`.* FROM `user`
 INNER JOIN `user_login` ON user_login.id_user = user.id_user
 INNER JOIN `cabang` ON cabang.id_cabang = user.id_cabang WHERE (user.id_user = '17')
Params: []

2015-07-03T23:00:27+07:00 INFO (6): 
Elapsed Secs: 0.00029
Query: connect
Params: []

2015-07-03T23:00:27+07:00 INFO (6): 
Elapsed Secs: 0.0007
Query: DESCRIBE `penjamin`
Params: []

2015-07-03T23:00:27+07:00 INFO (6): 
Elapsed Secs: 0.00025
Query: connect
Params: []

2015-07-03T23:00:27+07:00 INFO (6): 
Elapsed Secs: 0.00029
Query: SELECT `pe`.*, `cos`.`id_cabang`, `cos`.`id_user`, `cb`.`cabang` FROM `penjamin` AS `pe`
 INNER JOIN `costumer` AS `cos` ON pe.nik_costumer = cos.nik_costumer
 INNER JOIN `user` AS `us` ON us.id_user = cos.id_user
 INNER JOIN `cabang` AS `cb` ON cb.id_cabang = cos.id_cabang WHERE (us.id_user= '17') AND (cb.id_cabang = '30')
Params: []

2015-07-03T23:00:34+07:00 INFO (6): 
Elapsed Secs: 0.00023
Query: connect
Params: []

2015-07-03T23:00:34+07:00 INFO (6): 
Elapsed Secs: 0.00072
Query: DESCRIBE `costumer`
Params: []

2015-07-03T23:00:34+07:00 INFO (6): 
Elapsed Secs: 0.00022
Query: SELECT `cos`.`nik_costumer`, `cos`.`nama`, `cos`.`alamat`, `cos`.`jenis_kelamin`, `cos`.`tempat_lahir`, `cos`.`tanggal_lahir`, `cos`.`nama_ibu`, `cos`.`agama`, `cos`.`status`, `cos`.`pekerjaan`, `cos`.`alamat_tempat_kerja`, `cos`.`hp`, `cos`.`telpon`, `us`.`realname`, `cb`.`cabang` FROM `costumer` AS `cos`
 INNER JOIN `user` AS `us` ON cos.id_user=us.id_user
 INNER JOIN `cabang` AS `cb` ON us.id_cabang = cb.id_cabang WHERE (cos.id_user = '17')
Params: []

2015-07-03T23:00:36+07:00 INFO (6): 
Elapsed Secs: 0.00022
Query: connect
Params: []

2015-07-03T23:00:36+07:00 INFO (6): 
Elapsed Secs: 0.00069
Query: DESCRIBE `costumer`
Params: []

2015-07-03T23:00:36+07:00 INFO (6): 
Elapsed Secs: 0.00022
Query: SELECT `cos`.`nik_costumer`, `cos`.`nama`, `cos`.`alamat`, `cos`.`jenis_kelamin`, `cos`.`tempat_lahir`, `cos`.`tanggal_lahir`, `cos`.`nama_ibu`, `cos`.`agama`, `cos`.`status`, `cos`.`pekerjaan`, `cos`.`alamat_tempat_kerja`, `cos`.`hp`, `cos`.`telpon`, `us`.`realname`, `cb`.`cabang` FROM `costumer` AS `cos`
 INNER JOIN `user` AS `us` ON cos.id_user=us.id_user
 INNER JOIN `cabang` AS `cb` ON us.id_cabang = cb.id_cabang WHERE (cos.nik_costumer = '41112121111')
Params: []

2015-07-03T23:00:36+07:00 INFO (6): 
Elapsed Secs: 0.00017
Query: connect
Params: []

2015-07-03T23:00:36+07:00 INFO (6): 
Elapsed Secs: 0.00016
Query: SELECT `penj`.* FROM `costumer` AS `cos`
 INNER JOIN `penjamin` AS `penj` ON penj.nik_costumer = cos.nik_costumer WHERE (cos.nik_costumer = '41112121111')
Params: []

2015-07-03T23:00:39+07:00 INFO (6): 
Elapsed Secs: 0.00037
Query: connect
Params: []

2015-07-03T23:00:39+07:00 INFO (6): 
Elapsed Secs: 0.00075
Query: DESCRIBE `costumer`
Params: []

2015-07-03T23:00:39+07:00 INFO (6): 
Elapsed Secs: 0.00016
Query: SELECT `costumer`.* FROM `costumer` WHERE (nik_costumer ='41112121111') LIMIT 1
Params: []

2015-07-03T23:01:20+07:00 INFO (6): 
Elapsed Secs: 0.00029
Query: connect
Params: []

2015-07-03T23:01:20+07:00 INFO (6): 
Elapsed Secs: 0.00107
Query: DESCRIBE `penjamin`
Params: []

2015-07-03T23:01:21+07:00 INFO (6): 
Elapsed Secs: 0.36837
Query: INSERT INTO `penjamin` (`nik_costumer`, `nik_penjamin`, `nama`, `alamat`, `tempat_lahir`, `tanggal_lahir`, `jenis_kelamin`, `nama_ibu`, `agama`, `status`, `pekerjaan`, `alamat_tempat_kerja`, `hp`, `telpon`) VALUES (?, ?, ?, ?, ?, ?, ?, ?, ?, ?, ?, ?, ?, ?)
Params: {"1":"41112121111","2":"123123132","3":"Nama","4":"Alamat","5":"Tanjung","6":"2015-07-17","7":"Laki-Laki","8":"a","9":"islam","10":"Menikah","11":"a","12":"a","13":"a","14":"a"}

2015-07-03T23:01:21+07:00 INFO (6): 
Elapsed Secs: 0.00034
Query: connect
Params: []

2015-07-03T23:01:21+07:00 INFO (6): 
Elapsed Secs: 0.00087
Query: DESCRIBE `costumer`
Params: []

2015-07-03T23:01:21+07:00 INFO (6): 
Elapsed Secs: 0.00026
Query: SELECT `cos`.`nik_costumer`, `cos`.`nama`, `cos`.`alamat`, `cos`.`jenis_kelamin`, `cos`.`tempat_lahir`, `cos`.`tanggal_lahir`, `cos`.`nama_ibu`, `cos`.`agama`, `cos`.`status`, `cos`.`pekerjaan`, `cos`.`alamat_tempat_kerja`, `cos`.`hp`, `cos`.`telpon`, `us`.`realname`, `cb`.`cabang` FROM `costumer` AS `cos`
 INNER JOIN `user` AS `us` ON cos.id_user=us.id_user
 INNER JOIN `cabang` AS `cb` ON us.id_cabang = cb.id_cabang WHERE (cos.nik_costumer = '41112121111')
Params: []

2015-07-03T23:01:21+07:00 INFO (6): 
Elapsed Secs: 0.00022
Query: connect
Params: []

2015-07-03T23:01:21+07:00 INFO (6): 
Elapsed Secs: 0.00019
Query: SELECT `penj`.* FROM `costumer` AS `cos`
 INNER JOIN `penjamin` AS `penj` ON penj.nik_costumer = cos.nik_costumer WHERE (cos.nik_costumer = '41112121111')
Params: []

2015-07-03T23:01:28+07:00 INFO (6): 
Elapsed Secs: 0.00019
Query: connect
Params: []

2015-07-03T23:01:28+07:00 INFO (6): 
Elapsed Secs: 0.00074
Query: DESCRIBE `penjamin`
Params: []

2015-07-03T23:01:28+07:00 INFO (6): 
Elapsed Secs: 0.00028
Query: SELECT `penjamin`.* FROM `penjamin` WHERE (nik_costumer ='41112121111') LIMIT 1
Params: []

2015-07-03T23:01:30+07:00 INFO (6): 
Elapsed Secs: 0.00024
Query: connect
Params: []

2015-07-03T23:01:30+07:00 INFO (6): 
Elapsed Secs: 0.00078
Query: DESCRIBE `costumer`
Params: []

2015-07-03T23:01:30+07:00 INFO (6): 
Elapsed Secs: 0.00024
Query: SELECT `cos`.`nik_costumer`, `cos`.`nama`, `cos`.`alamat`, `cos`.`jenis_kelamin`, `cos`.`tempat_lahir`, `cos`.`tanggal_lahir`, `cos`.`nama_ibu`, `cos`.`agama`, `cos`.`status`, `cos`.`pekerjaan`, `cos`.`alamat_tempat_kerja`, `cos`.`hp`, `cos`.`telpon`, `us`.`realname`, `cb`.`cabang` FROM `costumer` AS `cos`
 INNER JOIN `user` AS `us` ON cos.id_user=us.id_user
 INNER JOIN `cabang` AS `cb` ON us.id_cabang = cb.id_cabang WHERE (cos.id_user = '17')
Params: []

2015-07-03T23:01:33+07:00 INFO (6): 
Elapsed Secs: 0.00022
Query: connect
Params: []

2015-07-03T23:01:33+07:00 INFO (6): 
Elapsed Secs: 0.00068
Query: DESCRIBE `penjamin`
Params: []

2015-07-03T23:01:33+07:00 INFO (6): 
Elapsed Secs: 0.00017
Query: connect
Params: []

2015-07-03T23:01:33+07:00 INFO (6): 
Elapsed Secs: 0.00029
Query: SELECT `pe`.*, `cos`.`id_cabang`, `cos`.`id_user`, `cb`.`cabang` FROM `penjamin` AS `pe`
 INNER JOIN `costumer` AS `cos` ON pe.nik_costumer = cos.nik_costumer
 INNER JOIN `user` AS `us` ON us.id_user = cos.id_user
 INNER JOIN `cabang` AS `cb` ON cb.id_cabang = cos.id_cabang WHERE (us.id_user= '17') AND (cb.id_cabang = '30')
Params: []

2015-07-03T23:01:40+07:00 INFO (6): 
Elapsed Secs: 0.00026
Query: connect
Params: []

2015-07-03T23:01:40+07:00 INFO (6): 
Elapsed Secs: 0.09967
Query: UPDATE `user_login` SET `status` = ? WHERE (id_user ='17')
Params: {"1":0}

2015-07-03T23:01:46+07:00 INFO (6): 
Elapsed Secs: 0.00035
Query: connect
Params: []

2015-07-03T23:01:46+07:00 INFO (6): 
Elapsed Secs: 0.00073
Query: DESCRIBE `user`
Params: []

2015-07-03T23:01:46+07:00 INFO (6): 
Elapsed Secs: 0.00014
Query: connect
Params: []

2015-07-03T23:01:46+07:00 INFO (6): 
Elapsed Secs: 0.00024
Query: SELECT `user`.*, `cabang`.* FROM `user`
 INNER JOIN `cabang` ON cabang.id_cabang = user.id_cabang WHERE (user.username = 'admin') AND (user.password = 'd033e22ae348aeb5660fc2140aec35850c4da997')
Params: []

2015-07-03T23:01:46+07:00 INFO (6): 
Elapsed Secs: 0.00022
Query: SELECT `user`.*, `user_login`.*, `cabang`.* FROM `user`
 INNER JOIN `user_login` ON user_login.id_user = user.id_user
 INNER JOIN `cabang` ON cabang.id_cabang = user.id_cabang WHERE (user.id_user = '16')
Params: []

2015-07-03T23:01:46+07:00 INFO (6): 
Elapsed Secs: 0.14444
Query: UPDATE `user_login` SET `status` = ?, `login_time` = NOW(), `ip_login` = ?, `last_login` = ? WHERE (id_user = '16')
Params: {"1":1,"2":"172.17.3.234","3":"2015-07-03 22:54:43"}

2015-07-03T23:01:46+07:00 INFO (6): 
Elapsed Secs: 0.00031
Query: SELECT `user`.*, `user_login`.*, `cabang`.* FROM `user`
 INNER JOIN `user_login` ON user_login.id_user = user.id_user
 INNER JOIN `cabang` ON cabang.id_cabang = user.id_cabang WHERE (user.id_user = '16')
Params: []

2015-07-03T23:01:49+07:00 INFO (6): 
Elapsed Secs: 0.00022
Query: connect
Params: []

2015-07-03T23:01:49+07:00 INFO (6): 
Elapsed Secs: 0.00067
Query: DESCRIBE `penjamin`
Params: []

2015-07-03T23:01:49+07:00 INFO (6): 
Elapsed Secs: 0.00019
Query: connect
Params: []

2015-07-03T23:01:49+07:00 INFO (6): 
Elapsed Secs: 0.00028
Query: SELECT `pe`.*, `cos`.`id_cabang`, `cos`.`id_user`, `cb`.`cabang` FROM `penjamin` AS `pe`
 INNER JOIN `costumer` AS `cos` ON pe.nik_costumer = cos.nik_costumer
 INNER JOIN `user` AS `us` ON us.id_user = cos.id_user
 INNER JOIN `cabang` AS `cb` ON cb.id_cabang = cos.id_cabang WHERE (us.id_user= '16') AND (cb.id_cabang = '29')
Params: []

2015-07-03T23:01:51+07:00 INFO (6): 
Elapsed Secs: 0.00028
Query: connect
Params: []

2015-07-03T23:01:51+07:00 INFO (6): 
Elapsed Secs: 0.00069
Query: DESCRIBE `penjamin`
Params: []

2015-07-03T23:01:51+07:00 INFO (6): 
Elapsed Secs: 0.00017
Query: connect
Params: []

2015-07-03T23:01:51+07:00 INFO (6): 
Elapsed Secs: 0.00025
Query: SELECT `pe`.*, `cos`.`id_cabang`, `cos`.`id_user`, `cb`.`cabang` FROM `penjamin` AS `pe`
 INNER JOIN `costumer` AS `cos` ON pe.nik_costumer = cos.nik_costumer
 INNER JOIN `user` AS `us` ON us.id_user = cos.id_user
 INNER JOIN `cabang` AS `cb` ON cb.id_cabang = cos.id_cabang
Params: []

