2015-06-20T00:22:34+07:00 INFO (6): 
Elapsed Secs: 0.00112
Query: connect
Params: []

2015-06-20T00:22:34+07:00 INFO (6): 
Elapsed Secs: 0.00104
Query: DESCRIBE `user`
Params: []

2015-06-20T00:22:34+07:00 INFO (6): 
Elapsed Secs: 0.00022
Query: connect
Params: []

2015-06-20T00:22:34+07:00 INFO (6): 
Elapsed Secs: 0.00022
Query: SELECT `user`.*, `cabang`.* FROM `user`
 INNER JOIN `cabang` ON cabang.id_cabang = user.id_cabang WHERE (user.username = 'kasir') AND (user.password = '8691e4fc53b99da544ce86e22acba62d13352eff')
Params: []

2015-06-20T00:22:34+07:00 INFO (6): 
Elapsed Secs: 0.00016
Query: SELECT `user`.*, `user_login`.*, `cabang`.* FROM `user`
 INNER JOIN `user_login` ON user_login.id_user = user.id_user
 INNER JOIN `cabang` ON cabang.id_cabang = user.id_cabang WHERE (user.id_user = '18')
Params: []

2015-06-20T00:22:34+07:00 INFO (6): 
Elapsed Secs: 0.03872
Query: UPDATE `user_login` SET `status` = ?, `login_time` = NOW(), `ip_login` = ?, `last_login` = ? WHERE (id_user = '18')
Params: {"1":1,"2":"172.17.3.234","3":"2015-06-19 21:08:29"}

2015-06-20T00:22:34+07:00 INFO (6): 
Elapsed Secs: 0.00026
Query: SELECT `user`.*, `user_login`.*, `cabang`.* FROM `user`
 INNER JOIN `user_login` ON user_login.id_user = user.id_user
 INNER JOIN `cabang` ON cabang.id_cabang = user.id_cabang WHERE (user.id_user = '18')
Params: []

2015-06-20T00:27:33+07:00 INFO (6): 
Elapsed Secs: 0.00025
Query: connect
Params: []

2015-06-20T00:27:33+07:00 INFO (6): 
Elapsed Secs: 0.00145
Query: DESCRIBE `costumer`
Params: []

2015-06-20T00:27:33+07:00 INFO (6): 
Elapsed Secs: 0.00033
Query: SELECT `cos`.`nik_costumer`, `cos`.`nama`, `cos`.`alamat`, `cos`.`jenis_kelamin`, `cos`.`tempat_lahir`, `cos`.`tanggal_lahir`, `cos`.`nama_ibu`, `cos`.`agama`, `cos`.`status`, `cos`.`pekerjaan`, `cos`.`alamat_tempat_kerja`, `cos`.`hp`, `cos`.`telpon`, `us`.`realname`, `cb`.`cabang` FROM `costumer` AS `cos`
 INNER JOIN `user` AS `us` ON cos.id_user=us.id_user
 INNER JOIN `cabang` AS `cb` ON us.id_cabang = cb.id_cabang WHERE (cos.id_user = '18')
Params: []

2015-06-20T00:27:40+07:00 INFO (6): 
Elapsed Secs: 0.00022
Query: connect
Params: []

2015-06-20T00:27:40+07:00 INFO (6): 
Elapsed Secs: 0.00099
Query: DESCRIBE `costumer`
Params: []

2015-06-20T00:27:40+07:00 INFO (6): 
Elapsed Secs: 0.0002
Query: SELECT `cos`.`nik_costumer`, `cos`.`nama`, `cos`.`alamat`, `cos`.`jenis_kelamin`, `cos`.`tempat_lahir`, `cos`.`tanggal_lahir`, `cos`.`nama_ibu`, `cos`.`agama`, `cos`.`status`, `cos`.`pekerjaan`, `cos`.`alamat_tempat_kerja`, `cos`.`hp`, `cos`.`telpon`, `us`.`realname`, `cb`.`cabang` FROM `costumer` AS `cos`
 INNER JOIN `user` AS `us` ON cos.id_user=us.id_user
 INNER JOIN `cabang` AS `cb` ON us.id_cabang = cb.id_cabang WHERE (cos.id_user = '18')
Params: []

2015-06-20T00:27:44+07:00 INFO (6): 
Elapsed Secs: 0.00019
Query: connect
Params: []

2015-06-20T00:27:44+07:00 INFO (6): 
Elapsed Secs: 0.03601
Query: UPDATE `user_login` SET `status` = ? WHERE (id_user ='18')
Params: {"1":0}

2015-06-20T00:27:52+07:00 INFO (6): 
Elapsed Secs: 0.00019
Query: connect
Params: []

2015-06-20T00:27:52+07:00 INFO (6): 
Elapsed Secs: 0.00097
Query: DESCRIBE `user`
Params: []

2015-06-20T00:27:52+07:00 INFO (6): 
Elapsed Secs: 0.00019
Query: connect
Params: []

2015-06-20T00:27:52+07:00 INFO (6): 
Elapsed Secs: 0.00022
Query: SELECT `user`.*, `cabang`.* FROM `user`
 INNER JOIN `cabang` ON cabang.id_cabang = user.id_cabang WHERE (user.username = 'admin') AND (user.password = 'd033e22ae348aeb5660fc2140aec35850c4da997')
Params: []

2015-06-20T00:27:52+07:00 INFO (6): 
Elapsed Secs: 0.00019
Query: SELECT `user`.*, `user_login`.*, `cabang`.* FROM `user`
 INNER JOIN `user_login` ON user_login.id_user = user.id_user
 INNER JOIN `cabang` ON cabang.id_cabang = user.id_cabang WHERE (user.id_user = '16')
Params: []

2015-06-20T00:27:52+07:00 INFO (6): 
Elapsed Secs: 0.03897
Query: UPDATE `user_login` SET `last_login` = ?, `login_time` = NOW(), `ip_login` = ?, `status` = ? WHERE (id_user = '16')
Params: {"1":"2015-06-19 23:20:53","2":"172.17.3.234","3":1}

2015-06-20T00:27:52+07:00 INFO (6): 
Elapsed Secs: 0.00028
Query: SELECT `user`.*, `user_login`.*, `cabang`.* FROM `user`
 INNER JOIN `user_login` ON user_login.id_user = user.id_user
 INNER JOIN `cabang` ON cabang.id_cabang = user.id_cabang WHERE (user.id_user = '16')
Params: []

2015-06-20T00:28:00+07:00 INFO (6): 
Elapsed Secs: 0.00057
Query: connect
Params: []

2015-06-20T00:28:00+07:00 INFO (6): 
Elapsed Secs: 0.00316
Query: DESCRIBE `costumer`
Params: []

2015-06-20T00:28:00+07:00 INFO (6): 
Elapsed Secs: 0.00056
Query: SELECT `cos`.`nik_costumer`, `cos`.`nama`, `cos`.`alamat`, `cos`.`jenis_kelamin`, `cos`.`tempat_lahir`, `cos`.`tanggal_lahir`, `cos`.`nama_ibu`, `cos`.`agama`, `cos`.`status`, `cos`.`pekerjaan`, `cos`.`alamat_tempat_kerja`, `cos`.`hp`, `cos`.`telpon`, `us`.`realname`, `cb`.`cabang` FROM `costumer` AS `cos`
 INNER JOIN `user` AS `us` ON cos.id_user=us.id_user
 INNER JOIN `cabang` AS `cb` ON us.id_cabang = cb.id_cabang WHERE (cos.id_user = '16')
Params: []

2015-06-20T00:29:33+07:00 INFO (6): 
Elapsed Secs: 0.00156
Query: connect
Params: []

2015-06-20T00:29:33+07:00 INFO (6): 
Elapsed Secs: 0.00102
Query: DESCRIBE `costumer`
Params: []

2015-06-20T00:29:33+07:00 INFO (6): 
Elapsed Secs: 0.00022
Query: SELECT `cos`.`nik_costumer`, `cos`.`nama`, `cos`.`alamat`, `cos`.`jenis_kelamin`, `cos`.`tempat_lahir`, `cos`.`tanggal_lahir`, `cos`.`nama_ibu`, `cos`.`agama`, `cos`.`status`, `cos`.`pekerjaan`, `cos`.`alamat_tempat_kerja`, `cos`.`hp`, `cos`.`telpon`, `us`.`realname`, `cb`.`cabang` FROM `costumer` AS `cos`
 INNER JOIN `user` AS `us` ON cos.id_user=us.id_user
 INNER JOIN `cabang` AS `cb` ON cb.id_cabang = cos.id_cabang
Params: []

2015-06-20T00:32:40+07:00 INFO (6): 
Elapsed Secs: 0.00024
Query: connect
Params: []

2015-06-20T00:32:40+07:00 INFO (6): 
Elapsed Secs: 0.00131
Query: DESCRIBE `costumer`
Params: []

2015-06-20T00:32:40+07:00 INFO (6): 
Elapsed Secs: 0.00028
Query: SELECT `cos`.`nik_costumer`, `cos`.`nama`, `cos`.`alamat`, `cos`.`jenis_kelamin`, `cos`.`tempat_lahir`, `cos`.`tanggal_lahir`, `cos`.`nama_ibu`, `cos`.`agama`, `cos`.`status`, `cos`.`pekerjaan`, `cos`.`alamat_tempat_kerja`, `cos`.`hp`, `cos`.`telpon`, `us`.`realname`, `cb`.`cabang` FROM `costumer` AS `cos`
 INNER JOIN `user` AS `us` ON cos.id_user=us.id_user
 INNER JOIN `cabang` AS `cb` ON us.id_cabang = cb.id_cabang WHERE (cos.id_user = '16')
Params: []

2015-06-20T00:33:05+07:00 INFO (6): 
Elapsed Secs: 0.0002
Query: connect
Params: []

2015-06-20T00:33:05+07:00 INFO (6): 
Elapsed Secs: 0.02813
Query: DESCRIBE `costumer`
Params: []

2015-06-20T00:33:05+07:00 INFO (6): 
Elapsed Secs: 0.00048
Query: SELECT `cos`.`nik_costumer`, `cos`.`nama`, `cos`.`alamat`, `cos`.`jenis_kelamin`, `cos`.`tempat_lahir`, `cos`.`tanggal_lahir`, `cos`.`nama_ibu`, `cos`.`agama`, `cos`.`status`, `cos`.`pekerjaan`, `cos`.`alamat_tempat_kerja`, `cos`.`hp`, `cos`.`telpon`, `us`.`realname`, `cb`.`cabang` FROM `costumer` AS `cos`
 INNER JOIN `user` AS `us` ON cos.id_user=us.id_user
 INNER JOIN `cabang` AS `cb` ON us.id_cabang = cb.id_cabang WHERE (cos.nik_costumer = '1121231231211')
Params: []

2015-06-20T00:33:05+07:00 INFO (6): 
Elapsed Secs: 0.00035
Query: connect
Params: []

2015-06-20T00:33:05+07:00 INFO (6): 
Elapsed Secs: 0.0003
Query: SELECT `penj`.* FROM `costumer` AS `cos`
 INNER JOIN `penjamin` AS `penj` ON penj.nik_costumer = cos.nik_costumer WHERE (cos.nik_costumer = '1121231231211')
Params: []

2015-06-20T00:33:52+07:00 INFO (6): 
Elapsed Secs: 0.00134
Query: connect
Params: []

2015-06-20T00:33:52+07:00 INFO (6): 
Elapsed Secs: 0.00096
Query: DESCRIBE `costumer`
Params: []

2015-06-20T00:33:52+07:00 INFO (6): 
Elapsed Secs: 0.00022
Query: SELECT `cos`.`nik_costumer`, `cos`.`nama`, `cos`.`alamat`, `cos`.`jenis_kelamin`, `cos`.`tempat_lahir`, `cos`.`tanggal_lahir`, `cos`.`nama_ibu`, `cos`.`agama`, `cos`.`status`, `cos`.`pekerjaan`, `cos`.`alamat_tempat_kerja`, `cos`.`hp`, `cos`.`telpon`, `us`.`realname`, `cb`.`cabang` FROM `costumer` AS `cos`
 INNER JOIN `user` AS `us` ON cos.id_user=us.id_user
 INNER JOIN `cabang` AS `cb` ON us.id_cabang = cb.id_cabang WHERE (cos.id_user = '16')
Params: []

2015-06-20T00:33:53+07:00 INFO (6): 
Elapsed Secs: 0.00026
Query: connect
Params: []

2015-06-20T00:33:53+07:00 INFO (6): 
Elapsed Secs: 0.00104
Query: DESCRIBE `costumer`
Params: []

2015-06-20T00:33:53+07:00 INFO (6): 
Elapsed Secs: 0.00022
Query: SELECT `cos`.`nik_costumer`, `cos`.`nama`, `cos`.`alamat`, `cos`.`jenis_kelamin`, `cos`.`tempat_lahir`, `cos`.`tanggal_lahir`, `cos`.`nama_ibu`, `cos`.`agama`, `cos`.`status`, `cos`.`pekerjaan`, `cos`.`alamat_tempat_kerja`, `cos`.`hp`, `cos`.`telpon`, `us`.`realname`, `cb`.`cabang` FROM `costumer` AS `cos`
 INNER JOIN `user` AS `us` ON cos.id_user=us.id_user
 INNER JOIN `cabang` AS `cb` ON us.id_cabang = cb.id_cabang WHERE (cos.nik_costumer = '2147483647')
Params: []

2015-06-20T00:33:53+07:00 INFO (6): 
Elapsed Secs: 0.00022
Query: connect
Params: []

2015-06-20T00:33:53+07:00 INFO (6): 
Elapsed Secs: 0.00019
Query: SELECT `penj`.* FROM `costumer` AS `cos`
 INNER JOIN `penjamin` AS `penj` ON penj.nik_costumer = cos.nik_costumer WHERE (cos.nik_costumer = '2147483647')
Params: []

2015-06-20T00:34:17+07:00 INFO (6): 
Elapsed Secs: 0.00028
Query: connect
Params: []

2015-06-20T00:34:17+07:00 INFO (6): 
Elapsed Secs: 0.00129
Query: DESCRIBE `kendaraan`
Params: []

2015-06-20T00:34:17+07:00 INFO (6): 
Elapsed Secs: 0.00022
Query: connect
Params: []

2015-06-20T00:34:17+07:00 INFO (6): 
Elapsed Secs: 0.00035
Query: SELECT `ken`.*, `cos`.`id_cabang`, `us`.`id_user`, `cb`.`cabang` FROM `kendaraan` AS `ken`
 INNER JOIN `costumer` AS `cos` ON cos.nik_costumer=ken.nik_costumer
 INNER JOIN `user` AS `us` ON us.id_user = cos.id_user
 INNER JOIN `cabang` AS `cb` ON cos.id_cabang = cb.id_cabang
Params: []

2015-06-20T00:34:24+07:00 INFO (6): 
Elapsed Secs: 0.00022
Query: connect
Params: []

2015-06-20T00:34:24+07:00 INFO (6): 
Elapsed Secs: 0.00088
Query: DESCRIBE `kendaraan`
Params: []

2015-06-20T00:34:24+07:00 INFO (6): 
Elapsed Secs: 0.00021
Query: connect
Params: []

2015-06-20T00:34:24+07:00 INFO (6): 
Elapsed Secs: 0.0003
Query: SELECT `ken`.*, `cos`.`id_cabang`, `us`.`id_user`, `cb`.`cabang` FROM `kendaraan` AS `ken`
 INNER JOIN `costumer` AS `cos` ON cos.nik_costumer=ken.nik_costumer
 INNER JOIN `user` AS `us` ON us.id_user = cos.id_user
 INNER JOIN `cabang` AS `cb` ON cos.id_cabang = cb.id_cabang
Params: []

2015-06-20T00:34:29+07:00 INFO (6): 
Elapsed Secs: 0.00114
Query: connect
Params: []

2015-06-20T00:34:29+07:00 INFO (6): 
Elapsed Secs: 0.00109
Query: DESCRIBE `penjamin`
Params: []

2015-06-20T00:34:29+07:00 INFO (6): 
Elapsed Secs: 0.00019
Query: connect
Params: []

2015-06-20T00:34:29+07:00 INFO (6): 
Elapsed Secs: 0.00036
Query: SELECT `pe`.*, `cos`.`id_cabang`, `cos`.`id_user`, `cb`.`cabang` FROM `penjamin` AS `pe`
 INNER JOIN `costumer` AS `cos` ON pe.nik_costumer = cos.nik_costumer
 INNER JOIN `user` AS `us` ON us.id_user = cos.id_user
 INNER JOIN `cabang` AS `cb` ON cb.id_cabang = cos.id_cabang WHERE (us.id_user= '16') AND (cb.id_cabang = '29')
Params: []

