2015-07-26T00:12:40+07:00 INFO (6): 
Elapsed Secs: 0.00168
Query: connect
Params: []

2015-07-26T00:12:40+07:00 INFO (6): 
Elapsed Secs: 0.00051
Query: DESCRIBE `user`
Params: []

2015-07-26T00:12:40+07:00 INFO (6): 
Elapsed Secs: 0.00021
Query: connect
Params: []

2015-07-26T00:12:40+07:00 INFO (6): 
Elapsed Secs: 0.00022
Query: SELECT `user`.*, `cabang`.* FROM `user`
 INNER JOIN `cabang` ON cabang.id_cabang = user.id_cabang WHERE (user.username = 'akuntan') AND (user.password = 'd033e22ae348aeb5660fc2140aec35850c4da997')
Params: []

2015-07-26T00:12:40+07:00 INFO (6): 
Elapsed Secs: 0.00017
Query: SELECT `user`.*, `user_login`.*, `cabang`.* FROM `user`
 INNER JOIN `user_login` ON user_login.id_user = user.id_user
 INNER JOIN `cabang` ON cabang.id_cabang = user.id_cabang WHERE (user.id_user = '19')
Params: []

2015-07-26T00:12:40+07:00 INFO (6): 
Elapsed Secs: 0.05754
Query: UPDATE `user_login` SET `last_login` = ?, `login_time` = NOW(), `ip_login` = ?, `status` = ? WHERE (id_user = '19')
Params: {"1":"2015-07-25 22:36:16","2":"127.0.0.1","3":1}

2015-07-26T00:12:40+07:00 INFO (6): 
Elapsed Secs: 0.00042
Query: SELECT `user`.*, `user_login`.*, `cabang`.* FROM `user`
 INNER JOIN `user_login` ON user_login.id_user = user.id_user
 INNER JOIN `cabang` ON cabang.id_cabang = user.id_cabang WHERE (user.id_user = '19')
Params: []

2015-07-26T00:12:43+07:00 INFO (6): 
Elapsed Secs: 0.00028
Query: connect
Params: []

2015-07-26T00:12:43+07:00 INFO (6): 
Elapsed Secs: 0.00071
Query: DESCRIBE `costumer`
Params: []

2015-07-26T00:12:43+07:00 INFO (6): 
Elapsed Secs: 0.0002
Query: connect
Params: []

2015-07-26T00:12:43+07:00 INFO (6): 
Elapsed Secs: 0.00023
Query: SELECT `pinj`.`no_kontrak` FROM `costumer` AS `cos`
 INNER JOIN `pinjaman` AS `pinj` ON pinj.nik_costumer =  cos.nik_costumer
 INNER JOIN `kendaraan` AS `kend` ON kend.no_polisi = pinj.no_polisi
Params: []

2015-07-26T00:12:46+07:00 INFO (6): 
Elapsed Secs: 0.00022
Query: connect
Params: []

2015-07-26T00:12:46+07:00 INFO (6): 
Elapsed Secs: 0.0005
Query: DESCRIBE `costumer`
Params: []

2015-07-26T00:12:46+07:00 INFO (6): 
Elapsed Secs: 0.00019
Query: connect
Params: []

2015-07-26T00:12:46+07:00 INFO (6): 
Elapsed Secs: 0.00022
Query: SELECT `pinj`.`no_kontrak` FROM `costumer` AS `cos`
 INNER JOIN `pinjaman` AS `pinj` ON pinj.nik_costumer =  cos.nik_costumer
 INNER JOIN `kendaraan` AS `kend` ON kend.no_polisi = pinj.no_polisi
Params: []

2015-07-26T00:12:46+07:00 INFO (6): 
Elapsed Secs: 0.00018
Query: SELECT `pinj`.`no_kontrak`, `cos`.`nama`, `kend`.`no_polisi`, `pinj`.`angsuran_perbulan`, `pinj`.`tanggal_jatuh_tempo` FROM `costumer` AS `cos`
 INNER JOIN `pinjaman` AS `pinj` ON pinj.nik_costumer =  cos.nik_costumer
 INNER JOIN `kendaraan` AS `kend` ON kend.no_polisi = pinj.no_polisi WHERE (pinj.no_kontrak = '29-MD-00160-15') GROUP BY `pinj`.`no_kontrak`
Params: []

2015-07-26T00:12:46+07:00 INFO (6): 
Elapsed Secs: 0.00042
Query: DESCRIBE `pembayaran`
Params: []

2015-07-26T00:12:46+07:00 INFO (6): 
Elapsed Secs: 0.00014
Query: SELECT `pemb`.`angsuran_ke` FROM `pembayaran` AS `pemb` WHERE (no_kontrak = '29-MD-00160-15' ) ORDER BY `id_pembayaran` desc
Params: []

2015-07-26T00:12:46+07:00 INFO (6): 
Elapsed Secs: 0.00018
Query: SELECT `cos`.`nama`, `cos`.`nik_costumer`, `pemb`.`angsuran_ke`, `pemb`.`tanggal_pembayaran`, `pinj`.`no_kontrak`, `pinj`.`nilai_pinjaman`, `pinj`.`angsuran_perbulan`, `pinj`.`lama_angsuran` FROM `pembayaran` AS `pemb`
 INNER JOIN `pinjaman` AS `pinj` ON pinj.no_kontrak = pemb.no_kontrak
 INNER JOIN `costumer` AS `cos` ON pinj.nik_costumer = cos.nik_costumer WHERE (pemb.no_kontrak = '29-MD-00160-15') ORDER BY `id_pembayaran` desc
Params: []

2015-07-26T00:12:46+07:00 INFO (6): 
Elapsed Secs: 0.0001
Query: SELECT `pembayaran`.`id_pembayaran` FROM `pembayaran` ORDER BY `id_pembayaran` desc
Params: []

2015-07-26T00:13:02+07:00 INFO (6): 
Elapsed Secs: 0.00022
Query: connect
Params: []

2015-07-26T00:13:02+07:00 INFO (6): 
Elapsed Secs: 0.0005
Query: DESCRIBE `pembayaran`
Params: []

2015-07-26T00:13:55+07:00 INFO (6): 
Elapsed Secs: 0.00026
Query: connect
Params: []

2015-07-26T00:13:55+07:00 INFO (6): 
Elapsed Secs: 0.00056
Query: DESCRIBE `costumer`
Params: []

2015-07-26T00:13:55+07:00 INFO (6): 
Elapsed Secs: 0.00021
Query: connect
Params: []

2015-07-26T00:13:55+07:00 INFO (6): 
Elapsed Secs: 0.00023
Query: SELECT `pinj`.`no_kontrak` FROM `costumer` AS `cos`
 INNER JOIN `pinjaman` AS `pinj` ON pinj.nik_costumer =  cos.nik_costumer
 INNER JOIN `kendaraan` AS `kend` ON kend.no_polisi = pinj.no_polisi
Params: []

2015-07-26T00:13:55+07:00 INFO (6): 
Elapsed Secs: 0.00014
Query: SELECT `pinj`.`no_kontrak`, `cos`.`nama`, `kend`.`no_polisi`, `pinj`.`angsuran_perbulan`, `pinj`.`tanggal_jatuh_tempo` FROM `costumer` AS `cos`
 INNER JOIN `pinjaman` AS `pinj` ON pinj.nik_costumer =  cos.nik_costumer
 INNER JOIN `kendaraan` AS `kend` ON kend.no_polisi = pinj.no_polisi WHERE (pinj.no_kontrak = '29-MD-00160-15') GROUP BY `pinj`.`no_kontrak`
Params: []

2015-07-26T00:13:55+07:00 INFO (6): 
Elapsed Secs: 0.00048
Query: DESCRIBE `pembayaran`
Params: []

2015-07-26T00:13:55+07:00 INFO (6): 
Elapsed Secs: 0.00016
Query: SELECT `pemb`.`angsuran_ke` FROM `pembayaran` AS `pemb` WHERE (no_kontrak = '29-MD-00160-15' ) ORDER BY `id_pembayaran` desc
Params: []

2015-07-26T00:13:55+07:00 INFO (6): 
Elapsed Secs: 0.00021
Query: SELECT `cos`.`nama`, `cos`.`nik_costumer`, `pemb`.`angsuran_ke`, `pemb`.`tanggal_pembayaran`, `pinj`.`no_kontrak`, `pinj`.`nilai_pinjaman`, `pinj`.`angsuran_perbulan`, `pinj`.`lama_angsuran` FROM `pembayaran` AS `pemb`
 INNER JOIN `pinjaman` AS `pinj` ON pinj.no_kontrak = pemb.no_kontrak
 INNER JOIN `costumer` AS `cos` ON pinj.nik_costumer = cos.nik_costumer WHERE (pemb.no_kontrak = '29-MD-00160-15') ORDER BY `id_pembayaran` desc
Params: []

2015-07-26T00:13:55+07:00 INFO (6): 
Elapsed Secs: 0.0001
Query: SELECT `pembayaran`.`id_pembayaran` FROM `pembayaran` ORDER BY `id_pembayaran` desc
Params: []

2015-07-26T00:42:25+07:00 INFO (6): 
Elapsed Secs: 0.00102
Query: connect
Params: []

2015-07-26T00:42:25+07:00 INFO (6): 
Elapsed Secs: 0.00049
Query: DESCRIBE `user`
Params: []

2015-07-26T00:42:25+07:00 INFO (6): 
Elapsed Secs: 0.00018
Query: connect
Params: []

2015-07-26T00:42:25+07:00 INFO (6): 
Elapsed Secs: 0.00019
Query: SELECT `user`.*, `cabang`.* FROM `user`
 INNER JOIN `cabang` ON cabang.id_cabang = user.id_cabang WHERE (user.username = 'kasir') AND (user.password = 'd033e22ae348aeb5660fc2140aec35850c4da997')
Params: []

2015-07-26T00:42:25+07:00 INFO (6): 
Elapsed Secs: 0.00015
Query: SELECT `user`.*, `user_login`.*, `cabang`.* FROM `user`
 INNER JOIN `user_login` ON user_login.id_user = user.id_user
 INNER JOIN `cabang` ON cabang.id_cabang = user.id_cabang WHERE (user.id_user = '18')
Params: []

2015-07-26T00:42:25+07:00 INFO (6): 
Elapsed Secs: 0.06311
Query: UPDATE `user_login` SET `last_login` = ?, `login_time` = NOW(), `ip_login` = ?, `status` = ? WHERE (id_user = '18')
Params: {"1":"2015-07-25 22:45:16","2":"127.0.0.1","3":1}

2015-07-26T00:42:25+07:00 INFO (6): 
Elapsed Secs: 0.00029
Query: SELECT `user`.*, `user_login`.*, `cabang`.* FROM `user`
 INNER JOIN `user_login` ON user_login.id_user = user.id_user
 INNER JOIN `cabang` ON cabang.id_cabang = user.id_cabang WHERE (user.id_user = '18')
Params: []

2015-07-26T00:42:28+07:00 INFO (6): 
Elapsed Secs: 0.0002
Query: connect
Params: []

2015-07-26T00:42:28+07:00 INFO (6): 
Elapsed Secs: 0.00052
Query: DESCRIBE `cabang`
Params: []

2015-07-26T00:42:28+07:00 INFO (6): 
Elapsed Secs: 0.00015
Query: SELECT `cabang`.* FROM `cabang` WHERE (id_cabang = '29' ) LIMIT 1
Params: []

2015-07-26T00:42:28+07:00 INFO (6): 
Elapsed Secs: 0.00038
Query: DESCRIBE `pembayaran`
Params: []

2015-07-26T00:42:28+07:00 INFO (6): 
Elapsed Secs: 0.00033
Query: SELECT `cos`.`nama`, `cos`.`nik_costumer`, `pinj`.`id_pinjaman`, `pinj`.`no_kontrak`, `pinj`.`nilai_pinjaman`, `pinj`.`lama_angsuran`, `kend`.`no_polisi` FROM `pembayaran` AS `pemb`
 INNER JOIN `pinjaman` AS `pinj` ON pinj.no_kontrak = pemb.no_kontrak
 INNER JOIN `costumer` AS `cos` ON cos.nik_costumer =  pinj.nik_costumer
 INNER JOIN `cabang` AS `cab` ON cos.id_cabang = cab.id_cabang
 INNER JOIN `kendaraan` AS `kend` ON kend.no_polisi= pinj.no_polisi WHERE (cab.id_cabang = '29') GROUP BY `pemb`.`no_kontrak` ORDER BY `pemb`.`angsuran_ke` desc
Params: []

2015-07-26T00:42:30+07:00 INFO (6): 
Elapsed Secs: 0.00026
Query: connect
Params: []

2015-07-26T00:42:30+07:00 INFO (6): 
Elapsed Secs: 0.00069
Query: DESCRIBE `costumer`
Params: []

2015-07-26T00:42:30+07:00 INFO (6): 
Elapsed Secs: 0.0002
Query: connect
Params: []

2015-07-26T00:42:30+07:00 INFO (6): 
Elapsed Secs: 0.00022
Query: SELECT `pinj`.`no_kontrak` FROM `costumer` AS `cos`
 INNER JOIN `pinjaman` AS `pinj` ON pinj.nik_costumer =  cos.nik_costumer
 INNER JOIN `kendaraan` AS `kend` ON kend.no_polisi = pinj.no_polisi
Params: []

2015-07-26T00:42:32+07:00 INFO (6): 
Elapsed Secs: 0.00026
Query: connect
Params: []

2015-07-26T00:42:32+07:00 INFO (6): 
Elapsed Secs: 0.00052
Query: DESCRIBE `costumer`
Params: []

2015-07-26T00:42:32+07:00 INFO (6): 
Elapsed Secs: 0.00026
Query: connect
Params: []

2015-07-26T00:42:32+07:00 INFO (6): 
Elapsed Secs: 0.00019
Query: SELECT `pinj`.`no_kontrak` FROM `costumer` AS `cos`
 INNER JOIN `pinjaman` AS `pinj` ON pinj.nik_costumer =  cos.nik_costumer
 INNER JOIN `kendaraan` AS `kend` ON kend.no_polisi = pinj.no_polisi
Params: []

2015-07-26T00:42:32+07:00 INFO (6): 
Elapsed Secs: 0.00017
Query: SELECT `pinj`.`no_kontrak`, `cos`.`nama`, `kend`.`no_polisi`, `pinj`.`angsuran_perbulan`, `pinj`.`tanggal_jatuh_tempo` FROM `costumer` AS `cos`
 INNER JOIN `pinjaman` AS `pinj` ON pinj.nik_costumer =  cos.nik_costumer
 INNER JOIN `kendaraan` AS `kend` ON kend.no_polisi = pinj.no_polisi WHERE (pinj.no_kontrak = '29-MF-00001-15') GROUP BY `pinj`.`no_kontrak`
Params: []

2015-07-26T00:42:32+07:00 INFO (6): 
Elapsed Secs: 0.00046
Query: DESCRIBE `pembayaran`
Params: []

2015-07-26T00:42:32+07:00 INFO (6): 
Elapsed Secs: 0.00015
Query: SELECT `pemb`.`angsuran_ke` FROM `pembayaran` AS `pemb` WHERE (no_kontrak = '29-MF-00001-15' ) ORDER BY `id_pembayaran` desc
Params: []

2015-07-26T00:42:32+07:00 INFO (6): 
Elapsed Secs: 0.00019
Query: SELECT `cos`.`nama`, `cos`.`nik_costumer`, `pemb`.`angsuran_ke`, `pemb`.`tanggal_pembayaran`, `pinj`.`no_kontrak`, `pinj`.`nilai_pinjaman`, `pinj`.`angsuran_perbulan`, `pinj`.`lama_angsuran` FROM `pembayaran` AS `pemb`
 INNER JOIN `pinjaman` AS `pinj` ON pinj.no_kontrak = pemb.no_kontrak
 INNER JOIN `costumer` AS `cos` ON pinj.nik_costumer = cos.nik_costumer WHERE (pemb.no_kontrak = '29-MF-00001-15') ORDER BY `id_pembayaran` desc
Params: []

2015-07-26T00:42:32+07:00 INFO (6): 
Elapsed Secs: 0.00011
Query: SELECT `pembayaran`.`id_pembayaran` FROM `pembayaran` ORDER BY `id_pembayaran` desc
Params: []

2015-07-26T00:42:32+07:00 INFO (6): 
Elapsed Secs: 0.00042
Query: DESCRIBE `kartu_piutang`
Params: []

2015-07-26T00:42:32+07:00 INFO (6): 
Elapsed Secs: 0.00012
Query: SELECT `kartu_piutang`.`sisa_denda` FROM `kartu_piutang` WHERE (no_kontrak = '29-MF-00001-15') ORDER BY `id_piutang` desc
Params: []

2015-07-26T00:42:39+07:00 INFO (6): 
Elapsed Secs: 0.00024
Query: connect
Params: []

2015-07-26T00:42:39+07:00 INFO (6): 
Elapsed Secs: 0.00053
Query: DESCRIBE `pembayaran`
Params: []

2015-07-26T00:42:39+07:00 INFO (6): 
Elapsed Secs: 0.06077
Query: INSERT INTO `pembayaran` (`no_kontrak`, `no_kwitansi`, `angsuran_ke`, `angsuran_perbulan`, `potongan`, `total_bayar`, `denda`, `tanggal_pembayaran`) VALUES (?, ?, ?, ?, ?, ?, ?, ?)
Params: {"1":"29-MF-00001-15","2":"KW-00004-07-15","3":"1","4":"1.901.220","5":"0","6":"2.001.220","7":"1.140.732","8":"2015-07-26"}

2015-07-26T00:42:39+07:00 INFO (6): 
Elapsed Secs: 0.00162
Query: DESCRIBE `kartu_piutang`
Params: []

2015-07-26T00:42:40+07:00 INFO (6): 
Elapsed Secs: 0.1236
Query: INSERT INTO `kartu_piutang` (`no_kontrak`, `no_kwitansi`, `angsuran_ke`, `tagihan`, `pembayaran`, `potongan`, `telat`, `denda_terhitung`, `denda_dibayar`, `sisa_denda`, `tanggal_bayar_angsuran`, `tanggal_bayar_denda`) VALUES (?, ?, ?, ?, ?, ?, ?, ?, ?, ?, NOW(), NOW())
Params: {"1":"29-MF-00001-15","2":"KW-00004-07-15","3":"1","4":"1.901.220","5":"1.901.220","6":"0","7":"6","8":"1.140.732","9":"100.000","10":"1.040.732"}

2015-07-26T00:42:40+07:00 INFO (6): 
Elapsed Secs: 0.00107
Query: DESCRIBE `bb_penerimaan_kas`
Params: []

2015-07-26T00:42:40+07:00 INFO (6): 
Elapsed Secs: 0.06504
Query: INSERT INTO `bb_penerimaan_kas` (`no_kontrak`, `no_kwitansi`, `angsuran_ke`, `angsuran`, `denda`, `biaya_tagih`, `bo`, `discount`, `total`, `tgl_bayar`, `keterangan`) VALUES (?, ?, ?, ?, ?, ?, ?, ?, ?, NOW(), ?)
Params: {"1":"29-MF-00001-15","2":"KW-00004-07-15","3":"1","4":"1.901.220","5":"100.000","6":"1.901.220","7":"1.901.220","8":"1.901.220","9":"2.001.220","10":"OKE"}

2015-07-26T00:42:40+07:00 INFO (6): 
Elapsed Secs: 0.00054
Query: DESCRIBE `user`
Params: []

2015-07-26T00:42:40+07:00 INFO (6): 
Elapsed Secs: 0.00019
Query: SELECT `user`.`realname` FROM `user` WHERE (level = 'kasir') AND (user.id_cabang = '29')
Params: []

2015-07-26T00:44:04+07:00 INFO (6): 
Elapsed Secs: 0.00026
Query: connect
Params: []

2015-07-26T00:44:04+07:00 INFO (6): 
Elapsed Secs: 0.0008
Query: DESCRIBE `cabang`
Params: []

2015-07-26T00:44:04+07:00 INFO (6): 
Elapsed Secs: 0.00021
Query: SELECT `cabang`.* FROM `cabang` WHERE (id_cabang = '29' ) LIMIT 1
Params: []

2015-07-26T00:44:04+07:00 INFO (6): 
Elapsed Secs: 0.00057
Query: DESCRIBE `pembayaran`
Params: []

2015-07-26T00:44:04+07:00 INFO (6): 
Elapsed Secs: 0.00039
Query: SELECT `cos`.`nama`, `cos`.`nik_costumer`, `pinj`.`id_pinjaman`, `pinj`.`no_kontrak`, `pinj`.`nilai_pinjaman`, `pinj`.`lama_angsuran`, `kend`.`no_polisi` FROM `pembayaran` AS `pemb`
 INNER JOIN `pinjaman` AS `pinj` ON pinj.no_kontrak = pemb.no_kontrak
 INNER JOIN `costumer` AS `cos` ON cos.nik_costumer =  pinj.nik_costumer
 INNER JOIN `cabang` AS `cab` ON cos.id_cabang = cab.id_cabang
 INNER JOIN `kendaraan` AS `kend` ON kend.no_polisi= pinj.no_polisi WHERE (cab.id_cabang = '29') GROUP BY `pemb`.`no_kontrak` ORDER BY `pemb`.`angsuran_ke` desc
Params: []

2015-07-26T00:44:08+07:00 INFO (6): 
Elapsed Secs: 0.0002
Query: connect
Params: []

2015-07-26T00:44:08+07:00 INFO (6): 
Elapsed Secs: 0.00056
Query: DESCRIBE `costumer`
Params: []

2015-07-26T00:44:08+07:00 INFO (6): 
Elapsed Secs: 0.00023
Query: connect
Params: []

2015-07-26T00:44:08+07:00 INFO (6): 
Elapsed Secs: 0.00025
Query: SELECT `pinj`.`no_kontrak` FROM `costumer` AS `cos`
 INNER JOIN `pinjaman` AS `pinj` ON pinj.nik_costumer =  cos.nik_costumer
 INNER JOIN `kendaraan` AS `kend` ON kend.no_polisi = pinj.no_polisi
Params: []

2015-07-26T00:44:10+07:00 INFO (6): 
Elapsed Secs: 0.00023
Query: connect
Params: []

2015-07-26T00:44:10+07:00 INFO (6): 
Elapsed Secs: 0.00052
Query: DESCRIBE `costumer`
Params: []

2015-07-26T00:44:10+07:00 INFO (6): 
Elapsed Secs: 0.00014
Query: connect
Params: []

2015-07-26T00:44:10+07:00 INFO (6): 
Elapsed Secs: 0.00018
Query: SELECT `pinj`.`no_kontrak` FROM `costumer` AS `cos`
 INNER JOIN `pinjaman` AS `pinj` ON pinj.nik_costumer =  cos.nik_costumer
 INNER JOIN `kendaraan` AS `kend` ON kend.no_polisi = pinj.no_polisi
Params: []

2015-07-26T00:44:10+07:00 INFO (6): 
Elapsed Secs: 0.00014
Query: SELECT `pinj`.`no_kontrak`, `cos`.`nama`, `kend`.`no_polisi`, `pinj`.`angsuran_perbulan`, `pinj`.`tanggal_jatuh_tempo` FROM `costumer` AS `cos`
 INNER JOIN `pinjaman` AS `pinj` ON pinj.nik_costumer =  cos.nik_costumer
 INNER JOIN `kendaraan` AS `kend` ON kend.no_polisi = pinj.no_polisi WHERE (pinj.no_kontrak = '29-MD-00160-15') GROUP BY `pinj`.`no_kontrak`
Params: []

2015-07-26T00:44:10+07:00 INFO (6): 
Elapsed Secs: 0.00042
Query: DESCRIBE `pembayaran`
Params: []

2015-07-26T00:44:10+07:00 INFO (6): 
Elapsed Secs: 0.00014
Query: SELECT `pemb`.`angsuran_ke` FROM `pembayaran` AS `pemb` WHERE (no_kontrak = '29-MD-00160-15' ) ORDER BY `id_pembayaran` desc
Params: []

2015-07-26T00:44:10+07:00 INFO (6): 
Elapsed Secs: 0.00019
Query: SELECT `cos`.`nama`, `cos`.`nik_costumer`, `pemb`.`angsuran_ke`, `pemb`.`tanggal_pembayaran`, `pinj`.`no_kontrak`, `pinj`.`nilai_pinjaman`, `pinj`.`angsuran_perbulan`, `pinj`.`lama_angsuran` FROM `pembayaran` AS `pemb`
 INNER JOIN `pinjaman` AS `pinj` ON pinj.no_kontrak = pemb.no_kontrak
 INNER JOIN `costumer` AS `cos` ON pinj.nik_costumer = cos.nik_costumer WHERE (pemb.no_kontrak = '29-MD-00160-15') ORDER BY `id_pembayaran` desc
Params: []

2015-07-26T00:44:10+07:00 INFO (6): 
Elapsed Secs: 0.0001
Query: SELECT `pembayaran`.`id_pembayaran` FROM `pembayaran` ORDER BY `id_pembayaran` desc
Params: []

2015-07-26T00:44:10+07:00 INFO (6): 
Elapsed Secs: 0.00046
Query: DESCRIBE `kartu_piutang`
Params: []

2015-07-26T00:44:10+07:00 INFO (6): 
Elapsed Secs: 0.00012
Query: SELECT `kartu_piutang`.`sisa_denda` FROM `kartu_piutang` WHERE (no_kontrak = '29-MD-00160-15') ORDER BY `id_piutang` desc
Params: []

2015-07-26T00:44:22+07:00 INFO (6): 
Elapsed Secs: 0.00031
Query: connect
Params: []

2015-07-26T00:44:22+07:00 INFO (6): 
Elapsed Secs: 0.00053
Query: DESCRIBE `pembayaran`
Params: []

2015-07-26T00:44:22+07:00 INFO (6): 
Elapsed Secs: 0.05421
Query: INSERT INTO `pembayaran` (`no_kontrak`, `no_kwitansi`, `angsuran_ke`, `angsuran_perbulan`, `potongan`, `total_bayar`, `denda`, `tanggal_pembayaran`) VALUES (?, ?, ?, ?, ?, ?, ?, ?)
Params: {"1":"29-MD-00160-15","2":"KW-00005-07-15","3":"4","4":"350.000","5":"20.000","6":"332.000","7":"0,00","8":"2015-07-26"}

2015-07-26T00:44:22+07:00 INFO (6): 
Elapsed Secs: 0.00054
Query: DESCRIBE `kartu_piutang`
Params: []

2015-07-26T00:44:22+07:00 INFO (6): 
Elapsed Secs: 0.05908
Query: INSERT INTO `kartu_piutang` (`no_kontrak`, `no_kwitansi`, `angsuran_ke`, `tagihan`, `pembayaran`, `potongan`, `telat`, `denda_terhitung`, `denda_dibayar`, `sisa_denda`, `tanggal_bayar_angsuran`, `tanggal_bayar_denda`) VALUES (?, ?, ?, ?, ?, ?, ?, ?, ?, ?, NOW(), NOW())
Params: {"1":"29-MD-00160-15","2":"KW-00005-07-15","3":"4","4":"350.000","5":"350.000","6":"20.000","7":"-","8":"5.000","9":"2.000","10":"3.000"}

2015-07-26T00:44:22+07:00 INFO (6): 
Elapsed Secs: 0.00082
Query: DESCRIBE `bb_penerimaan_kas`
Params: []

2015-07-26T00:44:22+07:00 INFO (6): 
Elapsed Secs: 0.08785
Query: INSERT INTO `bb_penerimaan_kas` (`no_kontrak`, `no_kwitansi`, `angsuran_ke`, `angsuran`, `denda`, `biaya_tagih`, `bo`, `discount`, `total`, `tgl_bayar`, `keterangan`) VALUES (?, ?, ?, ?, ?, ?, ?, ?, ?, NOW(), ?)
Params: {"1":"29-MD-00160-15","2":"KW-00005-07-15","3":"4","4":"350.000","5":"2.000","6":"350.000","7":"350.000","8":"350.000","9":"332.000","10":"OKE"}

2015-07-26T00:44:22+07:00 INFO (6): 
Elapsed Secs: 0.00061
Query: DESCRIBE `user`
Params: []

2015-07-26T00:44:22+07:00 INFO (6): 
Elapsed Secs: 0.00017
Query: SELECT `user`.`realname` FROM `user` WHERE (level = 'kasir') AND (user.id_cabang = '29')
Params: []

2015-07-26T00:45:38+07:00 INFO (6): 
Elapsed Secs: 0.00026
Query: connect
Params: []

2015-07-26T00:45:38+07:00 INFO (6): 
Elapsed Secs: 0.0006
Query: DESCRIBE `costumer`
Params: []

2015-07-26T00:45:38+07:00 INFO (6): 
Elapsed Secs: 0.00023
Query: connect
Params: []

2015-07-26T00:45:38+07:00 INFO (6): 
Elapsed Secs: 0.00026
Query: SELECT `pinj`.`no_kontrak` FROM `costumer` AS `cos`
 INNER JOIN `pinjaman` AS `pinj` ON pinj.nik_costumer =  cos.nik_costumer
 INNER JOIN `kendaraan` AS `kend` ON kend.no_polisi = pinj.no_polisi
Params: []

2015-07-26T00:45:40+07:00 INFO (6): 
Elapsed Secs: 0.00027
Query: connect
Params: []

2015-07-26T00:45:40+07:00 INFO (6): 
Elapsed Secs: 0.00058
Query: DESCRIBE `costumer`
Params: []

2015-07-26T00:45:40+07:00 INFO (6): 
Elapsed Secs: 0.00023
Query: connect
Params: []

2015-07-26T00:45:40+07:00 INFO (6): 
Elapsed Secs: 0.00019
Query: SELECT `pinj`.`no_kontrak` FROM `costumer` AS `cos`
 INNER JOIN `pinjaman` AS `pinj` ON pinj.nik_costumer =  cos.nik_costumer
 INNER JOIN `kendaraan` AS `kend` ON kend.no_polisi = pinj.no_polisi
Params: []

2015-07-26T00:45:40+07:00 INFO (6): 
Elapsed Secs: 0.00016
Query: SELECT `pinj`.`no_kontrak`, `cos`.`nama`, `kend`.`no_polisi`, `pinj`.`angsuran_perbulan`, `pinj`.`tanggal_jatuh_tempo` FROM `costumer` AS `cos`
 INNER JOIN `pinjaman` AS `pinj` ON pinj.nik_costumer =  cos.nik_costumer
 INNER JOIN `kendaraan` AS `kend` ON kend.no_polisi = pinj.no_polisi WHERE (pinj.no_kontrak = '29-MD-00160-15') GROUP BY `pinj`.`no_kontrak`
Params: []

2015-07-26T00:45:40+07:00 INFO (6): 
Elapsed Secs: 0.00042
Query: DESCRIBE `pembayaran`
Params: []

2015-07-26T00:45:40+07:00 INFO (6): 
Elapsed Secs: 0.00013
Query: SELECT `pemb`.`angsuran_ke` FROM `pembayaran` AS `pemb` WHERE (no_kontrak = '29-MD-00160-15' ) ORDER BY `id_pembayaran` desc
Params: []

2015-07-26T00:45:40+07:00 INFO (6): 
Elapsed Secs: 0.00017
Query: SELECT `cos`.`nama`, `cos`.`nik_costumer`, `pemb`.`angsuran_ke`, `pemb`.`tanggal_pembayaran`, `pinj`.`no_kontrak`, `pinj`.`nilai_pinjaman`, `pinj`.`angsuran_perbulan`, `pinj`.`lama_angsuran` FROM `pembayaran` AS `pemb`
 INNER JOIN `pinjaman` AS `pinj` ON pinj.no_kontrak = pemb.no_kontrak
 INNER JOIN `costumer` AS `cos` ON pinj.nik_costumer = cos.nik_costumer WHERE (pemb.no_kontrak = '29-MD-00160-15') ORDER BY `id_pembayaran` desc
Params: []

2015-07-26T00:45:40+07:00 INFO (6): 
Elapsed Secs: 0.0001
Query: SELECT `pembayaran`.`id_pembayaran` FROM `pembayaran` ORDER BY `id_pembayaran` desc
Params: []

2015-07-26T00:45:40+07:00 INFO (6): 
Elapsed Secs: 0.00046
Query: DESCRIBE `kartu_piutang`
Params: []

2015-07-26T00:45:40+07:00 INFO (6): 
Elapsed Secs: 0.00011
Query: SELECT `kartu_piutang`.`sisa_denda` FROM `kartu_piutang` WHERE (no_kontrak = '29-MD-00160-15') ORDER BY `id_piutang` desc
Params: []

2015-07-26T00:45:46+07:00 INFO (6): 
Elapsed Secs: 0.00026
Query: connect
Params: []

2015-07-26T00:45:46+07:00 INFO (6): 
Elapsed Secs: 0.00066
Query: DESCRIBE `pembayaran`
Params: []

2015-07-26T00:45:46+07:00 INFO (6): 
Elapsed Secs: 0.08279
Query: INSERT INTO `pembayaran` (`no_kontrak`, `no_kwitansi`, `angsuran_ke`, `angsuran_perbulan`, `potongan`, `total_bayar`, `denda`, `tanggal_pembayaran`) VALUES (?, ?, ?, ?, ?, ?, ?, ?)
Params: {"1":"29-MD-00160-15","2":"KW-00006-07-15","3":"5","4":"350.000","5":"20.000","6":"333.000","7":"0,00","8":"2015-07-26"}

2015-07-26T00:45:46+07:00 INFO (6): 
Elapsed Secs: 0.00075
Query: DESCRIBE `kartu_piutang`
Params: []

2015-07-26T00:45:46+07:00 INFO (6): 
Elapsed Secs: 0.11029
Query: INSERT INTO `kartu_piutang` (`no_kontrak`, `no_kwitansi`, `angsuran_ke`, `tagihan`, `pembayaran`, `potongan`, `telat`, `denda_terhitung`, `denda_dibayar`, `sisa_denda`, `tanggal_bayar_angsuran`, `tanggal_bayar_denda`) VALUES (?, ?, ?, ?, ?, ?, ?, ?, ?, ?, NOW(), NOW())
Params: {"1":"29-MD-00160-15","2":"KW-00006-07-15","3":"5","4":"350.000","5":"350.000","6":"20.000","7":"-","8":"3.000","9":"3.000","10":"0"}

2015-07-26T00:45:46+07:00 INFO (6): 
Elapsed Secs: 0.00157
Query: DESCRIBE `bb_penerimaan_kas`
Params: []

2015-07-26T00:45:46+07:00 INFO (6): 
Elapsed Secs: 0.12954
Query: INSERT INTO `bb_penerimaan_kas` (`no_kontrak`, `no_kwitansi`, `angsuran_ke`, `angsuran`, `denda`, `biaya_tagih`, `bo`, `discount`, `total`, `tgl_bayar`, `keterangan`) VALUES (?, ?, ?, ?, ?, ?, ?, ?, ?, NOW(), ?)
Params: {"1":"29-MD-00160-15","2":"KW-00006-07-15","3":"5","4":"350.000","5":"3.000","6":"350.000","7":"350.000","8":"350.000","9":"333.000","10":"OKE"}

2015-07-26T00:45:46+07:00 INFO (6): 
Elapsed Secs: 0.0012
Query: DESCRIBE `user`
Params: []

2015-07-26T00:45:46+07:00 INFO (6): 
Elapsed Secs: 0.00019
Query: SELECT `user`.`realname` FROM `user` WHERE (level = 'kasir') AND (user.id_cabang = '29')
Params: []

