2015-06-25T23:20:00+07:00 INFO (6): 
Elapsed Secs: 0.0003
Query: connect
Params: []

2015-06-25T23:20:00+07:00 INFO (6): 
Elapsed Secs: 0.00098
Query: DESCRIBE `user`
Params: []

2015-06-25T23:20:00+07:00 INFO (6): 
Elapsed Secs: 0.00019
Query: connect
Params: []

2015-06-25T23:20:00+07:00 INFO (6): 
Elapsed Secs: 0.05336
Query: SELECT `user`.*, `cabang`.* FROM `user`
 INNER JOIN `cabang` ON cabang.id_cabang = user.id_cabang WHERE (user.username = 'admin') AND (user.password = 'd033e22ae348aeb5660fc2140aec35850c4da997')
Params: []

2015-06-25T23:20:07+07:00 INFO (6): 
Elapsed Secs: 0.11475
Query: connect
Params: []

2015-06-25T23:20:07+07:00 INFO (6): 
Elapsed Secs: 0.00098
Query: DESCRIBE `user`
Params: []

2015-06-25T23:20:07+07:00 INFO (6): 
Elapsed Secs: 0.00023
Query: connect
Params: []

2015-06-25T23:20:07+07:00 INFO (6): 
Elapsed Secs: 0.00029
Query: SELECT `user`.*, `cabang`.* FROM `user`
 INNER JOIN `cabang` ON cabang.id_cabang = user.id_cabang WHERE (user.username = 'admin') AND (user.password = '38f078a81a2b033d197497af5b77f95b50bfcfb8')
Params: []

2015-06-25T23:20:07+07:00 INFO (6): 
Elapsed Secs: 0.00024
Query: SELECT `user`.*, `user_login`.*, `cabang`.* FROM `user`
 INNER JOIN `user_login` ON user_login.id_user = user.id_user
 INNER JOIN `cabang` ON cabang.id_cabang = user.id_cabang WHERE (user.id_user = '16')
Params: []

2015-06-25T23:20:07+07:00 INFO (6): 
Elapsed Secs: 0.12367
Query: UPDATE `user_login` SET `status` = ?, `login_time` = NOW(), `ip_login` = ?, `last_login` = ? WHERE (id_user = '16')
Params: {"1":1,"2":"172.17.3.234","3":"2015-06-24 18:52:34"}

2015-06-25T23:20:07+07:00 INFO (6): 
Elapsed Secs: 0.00028
Query: SELECT `user`.*, `user_login`.*, `cabang`.* FROM `user`
 INNER JOIN `user_login` ON user_login.id_user = user.id_user
 INNER JOIN `cabang` ON cabang.id_cabang = user.id_cabang WHERE (user.id_user = '16')
Params: []

2015-06-25T23:20:26+07:00 INFO (6): 
Elapsed Secs: 0.00031
Query: connect
Params: []

2015-06-25T23:20:26+07:00 INFO (6): 
Elapsed Secs: 0.00175
Query: DESCRIBE `costumer`
Params: []

2015-06-25T23:20:26+07:00 INFO (6): 
Elapsed Secs: 0.00036
Query: SELECT `cos`.`nik_costumer`, `cos`.`nama`, `cos`.`alamat`, `cos`.`jenis_kelamin`, `cos`.`tempat_lahir`, `cos`.`tanggal_lahir`, `cos`.`nama_ibu`, `cos`.`agama`, `cos`.`status`, `cos`.`pekerjaan`, `cos`.`alamat_tempat_kerja`, `cos`.`hp`, `cos`.`telpon`, `us`.`realname`, `cb`.`cabang` FROM `costumer` AS `cos`
 INNER JOIN `user` AS `us` ON cos.id_user=us.id_user
 INNER JOIN `cabang` AS `cb` ON us.id_cabang = cb.id_cabang WHERE (cos.id_user = '16')
Params: []

