2015-08-06T13:34:48+07:00 INFO (6): 
Elapsed Secs: 0.00141
Query: connect
Params: []

2015-08-06T13:34:48+07:00 INFO (6): 
Elapsed Secs: 0.00065
Query: DESCRIBE `user`
Params: []

2015-08-06T13:34:48+07:00 INFO (6): 
Elapsed Secs: 0.00029
Query: connect
Params: []

2015-08-06T13:34:48+07:00 INFO (6): 
Elapsed Secs: 0.00029
Query: SELECT `user`.*, `cabang`.* FROM `user`
 INNER JOIN `cabang` ON cabang.id_cabang = user.id_cabang WHERE (user.username = 'admin') AND (user.password = 'd033e22ae348aeb5660fc2140aec35850c4da997')
Params: []

2015-08-06T13:34:48+07:00 INFO (6): 
Elapsed Secs: 0.00029
Query: SELECT `user`.*, `user_login`.*, `cabang`.* FROM `user`
 INNER JOIN `user_login` ON user_login.id_user = user.id_user
 INNER JOIN `cabang` ON cabang.id_cabang = user.id_cabang WHERE (user.id_user = '16')
Params: []

2015-08-06T13:34:48+07:00 INFO (6): 
Elapsed Secs: 0.07739
Query: UPDATE `user_login` SET `status` = ?, `login_time` = NOW(), `ip_login` = ?, `last_login` = ? WHERE (id_user = '16')
Params: {"1":1,"2":"127.0.0.1","3":"2015-08-06 01:41:53"}

2015-08-06T13:34:48+07:00 INFO (6): 
Elapsed Secs: 0.00039
Query: SELECT `user`.*, `user_login`.*, `cabang`.* FROM `user`
 INNER JOIN `user_login` ON user_login.id_user = user.id_user
 INNER JOIN `cabang` ON cabang.id_cabang = user.id_cabang WHERE (user.id_user = '16')
Params: []

2015-08-06T13:35:01+07:00 INFO (6): 
Elapsed Secs: 0.00045
Query: connect
Params: []

2015-08-06T13:35:01+07:00 INFO (6): 
Elapsed Secs: 0.0011
Query: DESCRIBE `costumer`
Params: []

2015-08-06T13:35:01+07:00 INFO (6): 
Elapsed Secs: 0.00038
Query: SELECT `cos`.`nik_costumer`, `cos`.`nama`, `cos`.`alamat`, `cos`.`jenis_kelamin`, `cos`.`tempat_lahir`, `cos`.`tanggal_lahir`, `cos`.`nama_ibu`, `cos`.`agama`, `cos`.`status`, `cos`.`pekerjaan`, `cos`.`alamat_tempat_kerja`, `cos`.`hp`, `cos`.`telpon`, `us`.`realname` FROM `costumer` AS `cos`
 INNER JOIN `user` AS `us` ON cos.id_user=us.id_user
 INNER JOIN `cabang` AS `cb` ON us.id_cabang = cb.id_cabang WHERE (cos.id_cabang = '001')
Params: []

2015-08-06T13:35:04+07:00 INFO (6): 
Elapsed Secs: 0.00045
Query: connect
Params: []

2015-08-06T13:35:04+07:00 INFO (6): 
Elapsed Secs: 0.00124
Query: DESCRIBE `cabang`
Params: []

2015-08-06T13:35:04+07:00 INFO (6): 
Elapsed Secs: 0.00047
Query: connect
Params: []

2015-08-06T13:35:04+07:00 INFO (6): 
Elapsed Secs: 0.00031
Query: SELECT `cabang`.* FROM `cabang` ORDER BY `id_cabang` asc
Params: []

2015-08-06T13:35:07+07:00 INFO (6): 
Elapsed Secs: 0.0006
Query: connect
Params: []

2015-08-06T13:35:07+07:00 INFO (6): 
Elapsed Secs: 0.00111
Query: DESCRIBE `user`
Params: []

2015-08-06T13:35:07+07:00 INFO (6): 
Elapsed Secs: 0.00038
Query: connect
Params: []

2015-08-06T13:35:07+07:00 INFO (6): 
Elapsed Secs: 0.00106
Query: SELECT `user`.*, `cb`.*, `cb`.`cabang` FROM `user`
 INNER JOIN `cabang` AS `cb` ON cb.id_cabang =user.id_cabang  WHERE (level != 'superadmin') ORDER BY `id_user` desc
Params: []

2015-08-06T13:35:28+07:00 INFO (6): 
Elapsed Secs: 0.0015
Query: connect
Params: []

2015-08-06T13:35:28+07:00 INFO (6): 
Elapsed Secs: 0.00061
Query: DESCRIBE `cabang`
Params: []

2015-08-06T13:35:28+07:00 INFO (6): 
Elapsed Secs: 0.00018
Query: SELECT `cabang`.* FROM `cabang` WHERE (id_cabang = '001' ) LIMIT 1
Params: []

2015-08-06T13:35:28+07:00 INFO (6): 
Elapsed Secs: 0.00041
Query: DESCRIBE `pinjaman`
Params: []

2015-08-06T13:35:28+07:00 INFO (6): 
Elapsed Secs: 0.00031
Query: SELECT `pin`.*, `cos`.`nama` FROM `pinjaman` AS `pin`
 INNER JOIN `costumer` AS `cos` ON pin.nik_costumer = cos.nik_costumer
 INNER JOIN `user` AS `us` ON cos.id_user = us.id_user
 INNER JOIN `cabang` AS `cb` ON us.id_cabang = cb.id_cabang WHERE (us.id_user = '16') OR (cb.id_cabang = '001')
Params: []

2015-08-06T13:35:28+07:00 INFO (6): 
Elapsed Secs: 0.00066
Query: DESCRIBE `spb`
Params: []

2015-08-06T13:35:28+07:00 INFO (6): 
Elapsed Secs: 0.00017
Query: SELECT `spb`.* FROM `spb` WHERE (no_kontrak = '001-MF-00164-15') LIMIT 1
Params: []

2015-08-06T13:35:41+07:00 INFO (6): 
Elapsed Secs: 0.00169
Query: connect
Params: []

2015-08-06T13:35:41+07:00 INFO (6): 
Elapsed Secs: 0.00025
Query: connect
Params: []

2015-08-06T13:35:41+07:00 INFO (6): 
Elapsed Secs: 0.00073
Query: DESCRIBE `pinjaman`
Params: []

2015-08-06T13:35:41+07:00 INFO (6): 
Elapsed Secs: 0.00042
Query: SELECT `pinjaman`.* FROM `pinjaman` WHERE (id_pinjaman ='165') LIMIT 1
Params: []

2015-08-06T13:35:41+07:00 INFO (6): 
Elapsed Secs: 0.00056
Query: DESCRIBE `spb`
Params: []

2015-08-06T13:35:41+07:00 INFO (6): 
Elapsed Secs: 0.00135
Query: DESCRIBE `user`
Params: []

2015-08-06T13:35:41+07:00 INFO (6): 
Elapsed Secs: 0.00022
Query: SELECT `user`.`realname` FROM `user` WHERE (level = 'kasir') AND (user.id_cabang = '001')
Params: []

2015-08-06T13:35:41+07:00 INFO (6): 
Elapsed Secs: 0.00036
Query: SELECT `pin`.*, `pin`.`no_kontrak`, `cos`.`nama`, `ken`.`no_polisi`, `ken`.`merk`, `ken`.`tahun_pembuatan`, `ken`.`warna`, `ken`.`nama_bpkb`, `pin`.`nilai_pinjaman`, `pin`.`angsuran_perbulan`, `pin`.`lama_angsuran`, `pin`.`tanggal_jatuh_tempo` FROM `pinjaman` AS `pin`
 INNER JOIN `costumer` AS `cos` ON pin.nik_costumer = cos.nik_costumer
 INNER JOIN `user` AS `us` ON cos.id_user = us.id_user
 INNER JOIN `kendaraan` AS `ken` ON ken.no_polisi = pin.no_polisi WHERE (pin.id_pinjaman = '165')
Params: []

2015-08-06T13:37:19+07:00 INFO (6): 
Elapsed Secs: 0.00025
Query: connect
Params: []

2015-08-06T13:37:19+07:00 INFO (6): 
Elapsed Secs: 0.00051
Query: DESCRIBE `pinjaman`
Params: []

2015-08-06T13:37:19+07:00 INFO (6): 
Elapsed Secs: 0.00029
Query: SELECT `pin`.*, `pin`.`no_kontrak`, `cos`.`nama`, `ken`.`no_polisi`, `ken`.`merk`, `ken`.`tahun_pembuatan`, `ken`.`warna`, `ken`.`nama_bpkb`, `pin`.`nilai_pinjaman`, `pin`.`angsuran_perbulan`, `pin`.`lama_angsuran`, `pin`.`tanggal_jatuh_tempo` FROM `pinjaman` AS `pin`
 INNER JOIN `costumer` AS `cos` ON pin.nik_costumer = cos.nik_costumer
 INNER JOIN `user` AS `us` ON cos.id_user = us.id_user
 INNER JOIN `kendaraan` AS `ken` ON ken.no_polisi = pin.no_polisi WHERE (pin.id_pinjaman = '165')
Params: []

2015-08-06T13:37:19+07:00 INFO (6): 
Elapsed Secs: 0.00051
Query: DESCRIBE `user`
Params: []

2015-08-06T13:37:19+07:00 INFO (6): 
Elapsed Secs: 0.00015
Query: SELECT `user`.`realname` FROM `user` WHERE (level = 'kasir') AND (user.id_cabang = '001')
Params: []

2015-08-06T13:37:23+07:00 INFO (6): 
Elapsed Secs: 0.00027
Query: connect
Params: []

2015-08-06T13:37:23+07:00 INFO (6): 
Elapsed Secs: 0.00048
Query: DESCRIBE `cabang`
Params: []

2015-08-06T13:37:23+07:00 INFO (6): 
Elapsed Secs: 0.0002
Query: SELECT `cabang`.* FROM `cabang` WHERE (id_cabang = '001' ) LIMIT 1
Params: []

2015-08-06T13:37:23+07:00 INFO (6): 
Elapsed Secs: 0.00053
Query: DESCRIBE `pinjaman`
Params: []

2015-08-06T13:37:23+07:00 INFO (6): 
Elapsed Secs: 0.0003
Query: SELECT `pin`.*, `cos`.`nama` FROM `pinjaman` AS `pin`
 INNER JOIN `costumer` AS `cos` ON pin.nik_costumer = cos.nik_costumer
 INNER JOIN `user` AS `us` ON cos.id_user = us.id_user
 INNER JOIN `cabang` AS `cb` ON us.id_cabang = cb.id_cabang WHERE (us.id_user = '16') OR (cb.id_cabang = '001')
Params: []

2015-08-06T13:37:23+07:00 INFO (6): 
Elapsed Secs: 0.00049
Query: DESCRIBE `spb`
Params: []

2015-08-06T13:37:23+07:00 INFO (6): 
Elapsed Secs: 0.00015
Query: SELECT `spb`.* FROM `spb` WHERE (no_kontrak = '001-MF-00164-15') LIMIT 1
Params: []

2015-08-06T13:37:25+07:00 INFO (6): 
Elapsed Secs: 0.00029
Query: connect
Params: []

2015-08-06T13:37:25+07:00 INFO (6): 
Elapsed Secs: 0.00021
Query: connect
Params: []

2015-08-06T13:37:25+07:00 INFO (6): 
Elapsed Secs: 0.00071
Query: DESCRIBE `pinjaman`
Params: []

2015-08-06T13:37:25+07:00 INFO (6): 
Elapsed Secs: 0.00018
Query: SELECT `pinjaman`.* FROM `pinjaman` WHERE (id_pinjaman ='165') LIMIT 1
Params: []

2015-08-06T13:37:25+07:00 INFO (6): 
Elapsed Secs: 0.00056
Query: DESCRIBE `spb`
Params: []

2015-08-06T13:37:25+07:00 INFO (6): 
Elapsed Secs: 0.00059
Query: DESCRIBE `user`
Params: []

2015-08-06T13:37:25+07:00 INFO (6): 
Elapsed Secs: 0.0002
Query: SELECT `user`.`realname` FROM `user` WHERE (level = 'kasir') AND (user.id_cabang = '001')
Params: []

2015-08-06T13:37:25+07:00 INFO (6): 
Elapsed Secs: 0.00029
Query: SELECT `pin`.*, `pin`.`no_kontrak`, `cos`.`nama`, `ken`.`no_polisi`, `ken`.`merk`, `ken`.`tahun_pembuatan`, `ken`.`warna`, `ken`.`nama_bpkb`, `pin`.`nilai_pinjaman`, `pin`.`angsuran_perbulan`, `pin`.`lama_angsuran`, `pin`.`tanggal_jatuh_tempo` FROM `pinjaman` AS `pin`
 INNER JOIN `costumer` AS `cos` ON pin.nik_costumer = cos.nik_costumer
 INNER JOIN `user` AS `us` ON cos.id_user = us.id_user
 INNER JOIN `kendaraan` AS `ken` ON ken.no_polisi = pin.no_polisi WHERE (pin.id_pinjaman = '165')
Params: []

2015-08-06T13:37:54+07:00 INFO (6): 
Elapsed Secs: 0.00025
Query: connect
Params: []

2015-08-06T13:37:54+07:00 INFO (6): 
Elapsed Secs: 0.00053
Query: DESCRIBE `cabang`
Params: []

2015-08-06T13:37:54+07:00 INFO (6): 
Elapsed Secs: 0.00016
Query: SELECT `cabang`.* FROM `cabang` WHERE (id_cabang = '001' ) LIMIT 1
Params: []

2015-08-06T13:37:54+07:00 INFO (6): 
Elapsed Secs: 0.00047
Query: DESCRIBE `pinjaman`
Params: []

2015-08-06T13:37:54+07:00 INFO (6): 
Elapsed Secs: 0.00026
Query: SELECT `pin`.*, `cos`.`nama` FROM `pinjaman` AS `pin`
 INNER JOIN `costumer` AS `cos` ON pin.nik_costumer = cos.nik_costumer
 INNER JOIN `user` AS `us` ON cos.id_user = us.id_user
 INNER JOIN `cabang` AS `cb` ON us.id_cabang = cb.id_cabang WHERE (us.id_user = '16') OR (cb.id_cabang = '001')
Params: []

2015-08-06T13:37:54+07:00 INFO (6): 
Elapsed Secs: 0.00047
Query: DESCRIBE `spb`
Params: []

2015-08-06T13:37:54+07:00 INFO (6): 
Elapsed Secs: 0.00014
Query: SELECT `spb`.* FROM `spb` WHERE (no_kontrak = '001-MF-00164-15') LIMIT 1
Params: []

2015-08-06T13:37:56+07:00 INFO (6): 
Elapsed Secs: 0.0003
Query: connect
Params: []

2015-08-06T13:37:56+07:00 INFO (6): 
Elapsed Secs: 0.00017
Query: connect
Params: []

2015-08-06T13:37:56+07:00 INFO (6): 
Elapsed Secs: 0.0005
Query: DESCRIBE `pinjaman`
Params: []

2015-08-06T13:37:56+07:00 INFO (6): 
Elapsed Secs: 0.00016
Query: SELECT `pinjaman`.* FROM `pinjaman` WHERE (id_pinjaman ='165') LIMIT 1
Params: []

2015-08-06T13:37:56+07:00 INFO (6): 
Elapsed Secs: 0.00045
Query: DESCRIBE `spb`
Params: []

2015-08-06T13:37:56+07:00 INFO (6): 
Elapsed Secs: 0.04986
Query: INSERT INTO `spb` (`nik_costumer`, `no_kontrak`, `no_polisi`) VALUES (?, ?, ?)
Params: {"1":"123456789","2":"001-MF-00164-15","3":"BE-1414-EE"}

2015-08-06T13:37:56+07:00 INFO (6): 
Elapsed Secs: 0.00047
Query: DESCRIBE `user`
Params: []

2015-08-06T13:37:56+07:00 INFO (6): 
Elapsed Secs: 0.00013
Query: SELECT `user`.`realname` FROM `user` WHERE (level = 'kasir') AND (user.id_cabang = '001')
Params: []

2015-08-06T13:37:56+07:00 INFO (6): 
Elapsed Secs: 0.00018
Query: SELECT `pin`.*, `pin`.`no_kontrak`, `cos`.`nama`, `ken`.`no_polisi`, `ken`.`merk`, `ken`.`tahun_pembuatan`, `ken`.`warna`, `ken`.`nama_bpkb`, `pin`.`nilai_pinjaman`, `pin`.`angsuran_perbulan`, `pin`.`lama_angsuran`, `pin`.`tanggal_jatuh_tempo` FROM `pinjaman` AS `pin`
 INNER JOIN `costumer` AS `cos` ON pin.nik_costumer = cos.nik_costumer
 INNER JOIN `user` AS `us` ON cos.id_user = us.id_user
 INNER JOIN `kendaraan` AS `ken` ON ken.no_polisi = pin.no_polisi WHERE (pin.id_pinjaman = '165')
Params: []

2015-08-06T13:38:26+07:00 INFO (6): 
Elapsed Secs: 0.00027
Query: connect
Params: []

2015-08-06T13:38:26+07:00 INFO (6): 
Elapsed Secs: 0.00014
Query: connect
Params: []

2015-08-06T13:38:26+07:00 INFO (6): 
Elapsed Secs: 0.0005
Query: DESCRIBE `pinjaman`
Params: []

2015-08-06T13:38:26+07:00 INFO (6): 
Elapsed Secs: 0.00016
Query: SELECT `pinjaman`.* FROM `pinjaman` WHERE (id_pinjaman ='165') LIMIT 1
Params: []

2015-08-06T13:38:26+07:00 INFO (6): 
Elapsed Secs: 0.00042
Query: DESCRIBE `spb`
Params: []

2015-08-06T13:38:26+07:00 INFO (6): 
Elapsed Secs: 0.00063
Query: DESCRIBE `user`
Params: []

2015-08-06T13:38:26+07:00 INFO (6): 
Elapsed Secs: 0.00019
Query: SELECT `user`.`realname` FROM `user` WHERE (level = 'kasir') AND (user.id_cabang = '001')
Params: []

2015-08-06T13:38:26+07:00 INFO (6): 
Elapsed Secs: 0.00026
Query: SELECT `pin`.*, `pin`.`no_kontrak`, `cos`.`nama`, `ken`.`no_polisi`, `ken`.`merk`, `ken`.`tahun_pembuatan`, `ken`.`warna`, `ken`.`nama_bpkb`, `pin`.`nilai_pinjaman`, `pin`.`angsuran_perbulan`, `pin`.`lama_angsuran`, `pin`.`tanggal_jatuh_tempo` FROM `pinjaman` AS `pin`
 INNER JOIN `costumer` AS `cos` ON pin.nik_costumer = cos.nik_costumer
 INNER JOIN `user` AS `us` ON cos.id_user = us.id_user
 INNER JOIN `kendaraan` AS `ken` ON ken.no_polisi = pin.no_polisi WHERE (pin.id_pinjaman = '165')
Params: []

2015-08-06T13:40:06+07:00 INFO (6): 
Elapsed Secs: 0.00029
Query: connect
Params: []

2015-08-06T13:40:06+07:00 INFO (6): 
Elapsed Secs: 0.00025
Query: connect
Params: []

2015-08-06T13:40:06+07:00 INFO (6): 
Elapsed Secs: 0.00079
Query: DESCRIBE `pinjaman`
Params: []

2015-08-06T13:40:06+07:00 INFO (6): 
Elapsed Secs: 0.00021
Query: SELECT `pinjaman`.* FROM `pinjaman` WHERE (id_pinjaman ='165') LIMIT 1
Params: []

2015-08-06T13:40:06+07:00 INFO (6): 
Elapsed Secs: 0.00063
Query: DESCRIBE `user`
Params: []

2015-08-06T13:40:06+07:00 INFO (6): 
Elapsed Secs: 0.0002
Query: SELECT `user`.`realname` FROM `user` WHERE (level = 'kasir') AND (user.id_cabang = '001')
Params: []

2015-08-06T13:40:06+07:00 INFO (6): 
Elapsed Secs: 0.00022
Query: SELECT `pin`.*, `pin`.`no_kontrak`, `cos`.`nama`, `ken`.`no_polisi`, `ken`.`merk`, `ken`.`tahun_pembuatan`, `ken`.`warna`, `ken`.`nama_bpkb`, `pin`.`nilai_pinjaman`, `pin`.`angsuran_perbulan`, `pin`.`lama_angsuran`, `pin`.`tanggal_jatuh_tempo` FROM `pinjaman` AS `pin`
 INNER JOIN `costumer` AS `cos` ON pin.nik_costumer = cos.nik_costumer
 INNER JOIN `user` AS `us` ON cos.id_user = us.id_user
 INNER JOIN `kendaraan` AS `ken` ON ken.no_polisi = pin.no_polisi WHERE (pin.id_pinjaman = '165')
Params: []

2015-08-06T13:41:30+07:00 INFO (6): 
Elapsed Secs: 0.00048
Query: connect
Params: []

2015-08-06T13:41:30+07:00 INFO (6): 
Elapsed Secs: 0.00042
Query: connect
Params: []

2015-08-06T13:41:30+07:00 INFO (6): 
Elapsed Secs: 0.00128
Query: DESCRIBE `pinjaman`
Params: []

2015-08-06T13:41:30+07:00 INFO (6): 
Elapsed Secs: 0.00035
Query: SELECT `pinjaman`.* FROM `pinjaman` WHERE (id_pinjaman ='165') LIMIT 1
Params: []

2015-08-06T13:41:30+07:00 INFO (6): 
Elapsed Secs: 0.00106
Query: DESCRIBE `spb`
Params: []

2015-08-06T13:41:30+07:00 INFO (6): 
Elapsed Secs: 0.00021
Query: SELECT `spb`.* FROM `spb` WHERE (no_kontrak = '001-MF-00164-15') LIMIT 1
Params: []

2015-08-06T13:41:30+07:00 INFO (6): 
Elapsed Secs: 0.00064
Query: DESCRIBE `user`
Params: []

2015-08-06T13:41:30+07:00 INFO (6): 
Elapsed Secs: 0.00018
Query: SELECT `user`.`realname` FROM `user` WHERE (level = 'kasir') AND (user.id_cabang = '001')
Params: []

2015-08-06T13:41:30+07:00 INFO (6): 
Elapsed Secs: 0.00029
Query: SELECT `pin`.*, `pin`.`no_kontrak`, `cos`.`nama`, `ken`.`no_polisi`, `ken`.`merk`, `ken`.`tahun_pembuatan`, `ken`.`warna`, `ken`.`nama_bpkb`, `pin`.`nilai_pinjaman`, `pin`.`angsuran_perbulan`, `pin`.`lama_angsuran`, `pin`.`tanggal_jatuh_tempo` FROM `pinjaman` AS `pin`
 INNER JOIN `costumer` AS `cos` ON pin.nik_costumer = cos.nik_costumer
 INNER JOIN `user` AS `us` ON cos.id_user = us.id_user
 INNER JOIN `kendaraan` AS `ken` ON ken.no_polisi = pin.no_polisi WHERE (pin.id_pinjaman = '165')
Params: []

2015-08-06T13:43:32+07:00 INFO (6): 
Elapsed Secs: 0.0003
Query: connect
Params: []

2015-08-06T13:43:32+07:00 INFO (6): 
Elapsed Secs: 0.00023
Query: connect
Params: []

2015-08-06T13:43:32+07:00 INFO (6): 
Elapsed Secs: 0.00052
Query: DESCRIBE `pinjaman`
Params: []

2015-08-06T13:43:32+07:00 INFO (6): 
Elapsed Secs: 0.00016
Query: SELECT `pinjaman`.* FROM `pinjaman` WHERE (id_pinjaman ='165') LIMIT 1
Params: []

2015-08-06T13:43:32+07:00 INFO (6): 
Elapsed Secs: 0.00047
Query: DESCRIBE `spb`
Params: []

2015-08-06T13:43:32+07:00 INFO (6): 
Elapsed Secs: 0.00017
Query: SELECT `spb`.* FROM `spb` WHERE (no_kontrak = '001-MF-00164-15') LIMIT 1
Params: []

2015-08-06T13:43:32+07:00 INFO (6): 
Elapsed Secs: 0.00056
Query: DESCRIBE `user`
Params: []

2015-08-06T13:43:32+07:00 INFO (6): 
Elapsed Secs: 0.00019
Query: SELECT `user`.`realname` FROM `user` WHERE (level = 'kasir') AND (user.id_cabang = '001')
Params: []

2015-08-06T13:43:32+07:00 INFO (6): 
Elapsed Secs: 0.00023
Query: SELECT `pin`.*, `pin`.`no_kontrak`, `cos`.`nama`, `ken`.`no_polisi`, `ken`.`merk`, `ken`.`tahun_pembuatan`, `ken`.`warna`, `ken`.`nama_bpkb`, `pin`.`nilai_pinjaman`, `pin`.`angsuran_perbulan`, `pin`.`lama_angsuran`, `pin`.`tanggal_jatuh_tempo` FROM `pinjaman` AS `pin`
 INNER JOIN `costumer` AS `cos` ON pin.nik_costumer = cos.nik_costumer
 INNER JOIN `user` AS `us` ON cos.id_user = us.id_user
 INNER JOIN `kendaraan` AS `ken` ON ken.no_polisi = pin.no_polisi WHERE (pin.id_pinjaman = '165')
Params: []

2015-08-06T13:44:14+07:00 INFO (6): 
Elapsed Secs: 0.0003
Query: connect
Params: []

2015-08-06T13:44:14+07:00 INFO (6): 
Elapsed Secs: 0.00019
Query: connect
Params: []

2015-08-06T13:44:14+07:00 INFO (6): 
Elapsed Secs: 0.00074
Query: DESCRIBE `pinjaman`
Params: []

2015-08-06T13:44:14+07:00 INFO (6): 
Elapsed Secs: 0.00017
Query: SELECT `pinjaman`.* FROM `pinjaman` WHERE (id_pinjaman ='165') LIMIT 1
Params: []

2015-08-06T13:44:14+07:00 INFO (6): 
Elapsed Secs: 0.00059
Query: DESCRIBE `spb`
Params: []

2015-08-06T13:44:14+07:00 INFO (6): 
Elapsed Secs: 0.00021
Query: SELECT `spb`.* FROM `spb` WHERE (no_kontrak = '001-MF-00164-15') LIMIT 1
Params: []

2015-08-06T13:44:14+07:00 INFO (6): 
Elapsed Secs: 0.0006
Query: DESCRIBE `user`
Params: []

2015-08-06T13:44:14+07:00 INFO (6): 
Elapsed Secs: 0.00016
Query: SELECT `user`.`realname` FROM `user` WHERE (level = 'kasir') AND (user.id_cabang = '001')
Params: []

2015-08-06T13:44:14+07:00 INFO (6): 
Elapsed Secs: 0.00026
Query: SELECT `pin`.*, `pin`.`no_kontrak`, `cos`.`nama`, `ken`.`no_polisi`, `ken`.`merk`, `ken`.`tahun_pembuatan`, `ken`.`warna`, `ken`.`nama_bpkb`, `pin`.`nilai_pinjaman`, `pin`.`angsuran_perbulan`, `pin`.`lama_angsuran`, `pin`.`tanggal_jatuh_tempo` FROM `pinjaman` AS `pin`
 INNER JOIN `costumer` AS `cos` ON pin.nik_costumer = cos.nik_costumer
 INNER JOIN `user` AS `us` ON cos.id_user = us.id_user
 INNER JOIN `kendaraan` AS `ken` ON ken.no_polisi = pin.no_polisi WHERE (pin.id_pinjaman = '165')
Params: []

2015-08-06T13:45:01+07:00 INFO (6): 
Elapsed Secs: 0.00031
Query: connect
Params: []

2015-08-06T13:45:01+07:00 INFO (6): 
Elapsed Secs: 0.0002
Query: connect
Params: []

2015-08-06T13:45:01+07:00 INFO (6): 
Elapsed Secs: 0.00062
Query: DESCRIBE `pinjaman`
Params: []

2015-08-06T13:45:01+07:00 INFO (6): 
Elapsed Secs: 0.00016
Query: SELECT `pinjaman`.* FROM `pinjaman` WHERE (id_pinjaman ='165') LIMIT 1
Params: []

2015-08-06T13:45:01+07:00 INFO (6): 
Elapsed Secs: 0.00048
Query: DESCRIBE `spb`
Params: []

2015-08-06T13:45:01+07:00 INFO (6): 
Elapsed Secs: 0.00014
Query: SELECT `spb`.* FROM `spb` WHERE (no_kontrak = '001-MF-00164-15') LIMIT 1
Params: []

2015-08-06T13:45:01+07:00 INFO (6): 
Elapsed Secs: 0.00048
Query: DESCRIBE `user`
Params: []

2015-08-06T13:45:01+07:00 INFO (6): 
Elapsed Secs: 0.00014
Query: SELECT `user`.`realname` FROM `user` WHERE (level = 'kasir') AND (user.id_cabang = '001')
Params: []

2015-08-06T13:45:01+07:00 INFO (6): 
Elapsed Secs: 0.00022
Query: SELECT `pin`.*, `pin`.`no_kontrak`, `cos`.`nama`, `ken`.`no_polisi`, `ken`.`merk`, `ken`.`tahun_pembuatan`, `ken`.`warna`, `ken`.`nama_bpkb`, `pin`.`nilai_pinjaman`, `pin`.`angsuran_perbulan`, `pin`.`lama_angsuran`, `pin`.`tanggal_jatuh_tempo` FROM `pinjaman` AS `pin`
 INNER JOIN `costumer` AS `cos` ON pin.nik_costumer = cos.nik_costumer
 INNER JOIN `user` AS `us` ON cos.id_user = us.id_user
 INNER JOIN `kendaraan` AS `ken` ON ken.no_polisi = pin.no_polisi WHERE (pin.id_pinjaman = '165')
Params: []

2015-08-06T13:46:13+07:00 INFO (6): 
Elapsed Secs: 0.00027
Query: connect
Params: []

2015-08-06T13:46:13+07:00 INFO (6): 
Elapsed Secs: 0.0002
Query: connect
Params: []

2015-08-06T13:46:13+07:00 INFO (6): 
Elapsed Secs: 0.00054
Query: DESCRIBE `pinjaman`
Params: []

2015-08-06T13:46:13+07:00 INFO (6): 
Elapsed Secs: 0.00017
Query: SELECT `pinjaman`.* FROM `pinjaman` WHERE (id_pinjaman ='165') LIMIT 1
Params: []

2015-08-06T13:46:13+07:00 INFO (6): 
Elapsed Secs: 0.00048
Query: DESCRIBE `spb`
Params: []

2015-08-06T13:46:13+07:00 INFO (6): 
Elapsed Secs: 0.00017
Query: SELECT `spb`.* FROM `spb` WHERE (no_kontrak = '001-MF-00164-15') LIMIT 1
Params: []

2015-08-06T13:46:13+07:00 INFO (6): 
Elapsed Secs: 0.06522
Query: UPDATE `spb` SET `modified_at` = NOW() WHERE (no_kontrak = '001-MF-00164-15')
Params: []

2015-08-06T13:46:13+07:00 INFO (6): 
Elapsed Secs: 0.00099
Query: DESCRIBE `user`
Params: []

2015-08-06T13:46:13+07:00 INFO (6): 
Elapsed Secs: 0.00037
Query: SELECT `user`.`realname` FROM `user` WHERE (level = 'kasir') AND (user.id_cabang = '001')
Params: []

2015-08-06T13:46:13+07:00 INFO (6): 
Elapsed Secs: 0.00059
Query: SELECT `pin`.*, `pin`.`no_kontrak`, `cos`.`nama`, `ken`.`no_polisi`, `ken`.`merk`, `ken`.`tahun_pembuatan`, `ken`.`warna`, `ken`.`nama_bpkb`, `pin`.`nilai_pinjaman`, `pin`.`angsuran_perbulan`, `pin`.`lama_angsuran`, `pin`.`tanggal_jatuh_tempo` FROM `pinjaman` AS `pin`
 INNER JOIN `costumer` AS `cos` ON pin.nik_costumer = cos.nik_costumer
 INNER JOIN `user` AS `us` ON cos.id_user = us.id_user
 INNER JOIN `kendaraan` AS `ken` ON ken.no_polisi = pin.no_polisi WHERE (pin.id_pinjaman = '165')
Params: []

2015-08-06T13:46:34+07:00 INFO (6): 
Elapsed Secs: 0.00033
Query: connect
Params: []

2015-08-06T13:46:34+07:00 INFO (6): 
Elapsed Secs: 0.00027
Query: connect
Params: []

2015-08-06T13:46:34+07:00 INFO (6): 
Elapsed Secs: 0.00061
Query: DESCRIBE `pinjaman`
Params: []

2015-08-06T13:46:34+07:00 INFO (6): 
Elapsed Secs: 0.00019
Query: SELECT `pinjaman`.* FROM `pinjaman` WHERE (id_pinjaman ='165') LIMIT 1
Params: []

2015-08-06T13:46:34+07:00 INFO (6): 
Elapsed Secs: 0.00052
Query: DESCRIBE `spb`
Params: []

2015-08-06T13:46:34+07:00 INFO (6): 
Elapsed Secs: 0.00017
Query: SELECT `spb`.* FROM `spb` WHERE (no_kontrak = '001-MF-00164-15') LIMIT 1
Params: []

2015-08-06T13:46:34+07:00 INFO (6): 
Elapsed Secs: 0.02832
Query: UPDATE `spb` SET `modified_at` = NOW() WHERE (no_kontrak = '001-MF-00164-15')
Params: []

2015-08-06T13:46:34+07:00 INFO (6): 
Elapsed Secs: 0.00065
Query: DESCRIBE `user`
Params: []

2015-08-06T13:46:34+07:00 INFO (6): 
Elapsed Secs: 0.00027
Query: SELECT `user`.`realname` FROM `user` WHERE (level = 'kasir') AND (user.id_cabang = '001')
Params: []

2015-08-06T13:46:34+07:00 INFO (6): 
Elapsed Secs: 0.0004
Query: SELECT `pin`.*, `pin`.`no_kontrak`, `cos`.`nama`, `ken`.`no_polisi`, `ken`.`merk`, `ken`.`tahun_pembuatan`, `ken`.`warna`, `ken`.`nama_bpkb`, `pin`.`nilai_pinjaman`, `pin`.`angsuran_perbulan`, `pin`.`lama_angsuran`, `pin`.`tanggal_jatuh_tempo` FROM `pinjaman` AS `pin`
 INNER JOIN `costumer` AS `cos` ON pin.nik_costumer = cos.nik_costumer
 INNER JOIN `user` AS `us` ON cos.id_user = us.id_user
 INNER JOIN `kendaraan` AS `ken` ON ken.no_polisi = pin.no_polisi WHERE (pin.id_pinjaman = '165')
Params: []

2015-08-06T13:46:56+07:00 INFO (6): 
Elapsed Secs: 0.00037
Query: connect
Params: []

2015-08-06T13:46:56+07:00 INFO (6): 
Elapsed Secs: 0.00033
Query: connect
Params: []

2015-08-06T13:46:56+07:00 INFO (6): 
Elapsed Secs: 0.0009
Query: DESCRIBE `pinjaman`
Params: []

2015-08-06T13:46:56+07:00 INFO (6): 
Elapsed Secs: 0.00026
Query: SELECT `pinjaman`.* FROM `pinjaman` WHERE (id_pinjaman ='165') LIMIT 1
Params: []

2015-08-06T13:46:56+07:00 INFO (6): 
Elapsed Secs: 0.00075
Query: DESCRIBE `spb`
Params: []

2015-08-06T13:46:56+07:00 INFO (6): 
Elapsed Secs: 0.00023
Query: SELECT `spb`.* FROM `spb` WHERE (no_kontrak = '001-MF-00164-15') LIMIT 1
Params: []

2015-08-06T13:46:56+07:00 INFO (6): 
Elapsed Secs: 0.06379
Query: UPDATE `spb` SET `modified_at` = NOW() WHERE (no_kontrak = '001-MF-00164-15')
Params: []

2015-08-06T13:46:56+07:00 INFO (6): 
Elapsed Secs: 0.0008
Query: DESCRIBE `user`
Params: []

2015-08-06T13:46:56+07:00 INFO (6): 
Elapsed Secs: 0.00021
Query: SELECT `user`.`realname` FROM `user` WHERE (level = 'kasir') AND (user.id_cabang = '001')
Params: []

2015-08-06T13:46:56+07:00 INFO (6): 
Elapsed Secs: 0.00034
Query: SELECT `pin`.*, `pin`.`no_kontrak`, `cos`.`nama`, `ken`.`no_polisi`, `ken`.`merk`, `ken`.`tahun_pembuatan`, `ken`.`warna`, `ken`.`nama_bpkb`, `pin`.`nilai_pinjaman`, `pin`.`angsuran_perbulan`, `pin`.`lama_angsuran`, `pin`.`tanggal_jatuh_tempo` FROM `pinjaman` AS `pin`
 INNER JOIN `costumer` AS `cos` ON pin.nik_costumer = cos.nik_costumer
 INNER JOIN `user` AS `us` ON cos.id_user = us.id_user
 INNER JOIN `kendaraan` AS `ken` ON ken.no_polisi = pin.no_polisi WHERE (pin.id_pinjaman = '165')
Params: []

2015-08-06T13:47:55+07:00 INFO (6): 
Elapsed Secs: 0.00046
Query: connect
Params: []

2015-08-06T13:47:55+07:00 INFO (6): 
Elapsed Secs: 0.00122
Query: DESCRIBE `costumer`
Params: []

2015-08-06T13:47:55+07:00 INFO (6): 
Elapsed Secs: 0.00049
Query: SELECT `cos`.`nik_costumer`, `cos`.`nama`, `cos`.`alamat`, `cos`.`jenis_kelamin`, `cos`.`tempat_lahir`, `cos`.`tanggal_lahir`, `cos`.`nama_ibu`, `cos`.`agama`, `cos`.`status`, `cos`.`pekerjaan`, `cos`.`alamat_tempat_kerja`, `cos`.`hp`, `cos`.`telpon`, `us`.`realname` FROM `costumer` AS `cos`
 INNER JOIN `user` AS `us` ON cos.id_user=us.id_user
 INNER JOIN `cabang` AS `cb` ON us.id_cabang = cb.id_cabang WHERE (cos.id_cabang = '001')
Params: []

2015-08-06T13:47:57+07:00 INFO (6): 
Elapsed Secs: 0.00019
Query: connect
Params: []

2015-08-06T13:47:57+07:00 INFO (6): 
Elapsed Secs: 0.00062
Query: DESCRIBE `costumer`
Params: []

2015-08-06T13:47:57+07:00 INFO (6): 
Elapsed Secs: 0.00022
Query: SELECT `cos`.`nik_costumer`, `cos`.`nama`, `cos`.`alamat`, `cos`.`jenis_kelamin`, `cos`.`tempat_lahir`, `cos`.`tanggal_lahir`, `cos`.`nama_ibu`, `cos`.`agama`, `cos`.`status`, `cos`.`pekerjaan`, `cos`.`alamat_tempat_kerja`, `cos`.`hp`, `cos`.`telpon`, `us`.`realname`, `cb`.`cabang` FROM `costumer` AS `cos`
 INNER JOIN `user` AS `us` ON cos.id_user=us.id_user
 INNER JOIN `cabang` AS `cb` ON us.id_cabang = cb.id_cabang WHERE (cos.nik_costumer = '123456789')
Params: []

2015-08-06T13:47:57+07:00 INFO (6): 
Elapsed Secs: 0.00021
Query: connect
Params: []

2015-08-06T13:47:57+07:00 INFO (6): 
Elapsed Secs: 0.00015
Query: SELECT `penj`.* FROM `costumer` AS `cos`
 INNER JOIN `penjamin` AS `penj` ON penj.nik_costumer = cos.nik_costumer WHERE (cos.nik_costumer = '123456789')
Params: []

2015-08-06T13:48:54+07:00 INFO (6): 
Elapsed Secs: 0.00025
Query: connect
Params: []

2015-08-06T13:48:54+07:00 INFO (6): 
Elapsed Secs: 0.00052
Query: DESCRIBE `penjamin`
Params: []

2015-08-06T13:48:54+07:00 INFO (6): 
Elapsed Secs: 0.00014
Query: SELECT `penjamin`.* FROM `penjamin` WHERE (nik_costumer ='123456789') LIMIT 1
Params: []

2015-08-06T13:48:56+07:00 INFO (6): 
Elapsed Secs: 0.00027
Query: connect
Params: []

2015-08-06T13:48:56+07:00 INFO (6): 
Elapsed Secs: 0.00074
Query: DESCRIBE `costumer`
Params: []

2015-08-06T13:48:56+07:00 INFO (6): 
Elapsed Secs: 0.00034
Query: SELECT `cos`.`nik_costumer`, `cos`.`nama`, `cos`.`alamat`, `cos`.`jenis_kelamin`, `cos`.`tempat_lahir`, `cos`.`tanggal_lahir`, `cos`.`nama_ibu`, `cos`.`agama`, `cos`.`status`, `cos`.`pekerjaan`, `cos`.`alamat_tempat_kerja`, `cos`.`hp`, `cos`.`telpon`, `us`.`realname`, `cb`.`cabang` FROM `costumer` AS `cos`
 INNER JOIN `user` AS `us` ON cos.id_user=us.id_user
 INNER JOIN `cabang` AS `cb` ON us.id_cabang = cb.id_cabang WHERE (cos.nik_costumer = '123456789')
Params: []

2015-08-06T13:48:56+07:00 INFO (6): 
Elapsed Secs: 0.00028
Query: connect
Params: []

2015-08-06T13:48:56+07:00 INFO (6): 
Elapsed Secs: 0.00024
Query: SELECT `penj`.* FROM `costumer` AS `cos`
 INNER JOIN `penjamin` AS `penj` ON penj.nik_costumer = cos.nik_costumer WHERE (cos.nik_costumer = '123456789')
Params: []

2015-08-06T13:48:59+07:00 INFO (6): 
Elapsed Secs: 0.00023
Query: connect
Params: []

2015-08-06T13:48:59+07:00 INFO (6): 
Elapsed Secs: 0.00057
Query: DESCRIBE `penjamin`
Params: []

2015-08-06T13:48:59+07:00 INFO (6): 
Elapsed Secs: 0.00017
Query: SELECT `penjamin`.* FROM `penjamin` WHERE (nik_costumer ='123456789') LIMIT 1
Params: []

2015-08-06T13:49:01+07:00 INFO (6): 
Elapsed Secs: 0.00047
Query: connect
Params: []

2015-08-06T13:49:01+07:00 INFO (6): 
Elapsed Secs: 0.00118
Query: DESCRIBE `costumer`
Params: []

2015-08-06T13:49:01+07:00 INFO (6): 
Elapsed Secs: 0.00031
Query: SELECT `cos`.`nik_costumer`, `cos`.`nama`, `cos`.`alamat`, `cos`.`jenis_kelamin`, `cos`.`tempat_lahir`, `cos`.`tanggal_lahir`, `cos`.`nama_ibu`, `cos`.`agama`, `cos`.`status`, `cos`.`pekerjaan`, `cos`.`alamat_tempat_kerja`, `cos`.`hp`, `cos`.`telpon`, `us`.`realname`, `cb`.`cabang` FROM `costumer` AS `cos`
 INNER JOIN `user` AS `us` ON cos.id_user=us.id_user
 INNER JOIN `cabang` AS `cb` ON us.id_cabang = cb.id_cabang WHERE (cos.nik_costumer = '123456789')
Params: []

2015-08-06T13:49:01+07:00 INFO (6): 
Elapsed Secs: 0.00023
Query: connect
Params: []

2015-08-06T13:49:01+07:00 INFO (6): 
Elapsed Secs: 0.00022
Query: SELECT `penj`.* FROM `costumer` AS `cos`
 INNER JOIN `penjamin` AS `penj` ON penj.nik_costumer = cos.nik_costumer WHERE (cos.nik_costumer = '123456789')
Params: []

2015-08-06T13:49:02+07:00 INFO (6): 
Elapsed Secs: 0.00026
Query: connect
Params: []

2015-08-06T13:49:02+07:00 INFO (6): 
Elapsed Secs: 0.00055
Query: DESCRIBE `penjamin`
Params: []

2015-08-06T13:49:02+07:00 INFO (6): 
Elapsed Secs: 0.00016
Query: SELECT `penjamin`.* FROM `penjamin` WHERE (nik_costumer ='123456789') LIMIT 1
Params: []

2015-08-06T13:49:11+07:00 INFO (6): 
Elapsed Secs: 0.00058
Query: connect
Params: []

2015-08-06T13:49:11+07:00 INFO (6): 
Elapsed Secs: 0.00066
Query: DESCRIBE `costumer`
Params: []

2015-08-06T13:49:11+07:00 INFO (6): 
Elapsed Secs: 0.00025
Query: SELECT `cos`.`nik_costumer`, `cos`.`nama`, `cos`.`alamat`, `cos`.`jenis_kelamin`, `cos`.`tempat_lahir`, `cos`.`tanggal_lahir`, `cos`.`nama_ibu`, `cos`.`agama`, `cos`.`status`, `cos`.`pekerjaan`, `cos`.`alamat_tempat_kerja`, `cos`.`hp`, `cos`.`telpon`, `us`.`realname`, `cb`.`cabang` FROM `costumer` AS `cos`
 INNER JOIN `user` AS `us` ON cos.id_user=us.id_user
 INNER JOIN `cabang` AS `cb` ON us.id_cabang = cb.id_cabang WHERE (cos.nik_costumer = '123456789')
Params: []

2015-08-06T13:49:11+07:00 INFO (6): 
Elapsed Secs: 0.00024
Query: connect
Params: []

2015-08-06T13:49:11+07:00 INFO (6): 
Elapsed Secs: 0.00018
Query: SELECT `penj`.* FROM `costumer` AS `cos`
 INNER JOIN `penjamin` AS `penj` ON penj.nik_costumer = cos.nik_costumer WHERE (cos.nik_costumer = '123456789')
Params: []

2015-08-06T13:49:34+07:00 INFO (6): 
Elapsed Secs: 0.00027
Query: connect
Params: []

2015-08-06T13:49:34+07:00 INFO (6): 
Elapsed Secs: 0.00069
Query: DESCRIBE `costumer`
Params: []

2015-08-06T13:49:34+07:00 INFO (6): 
Elapsed Secs: 0.0003
Query: SELECT `cos`.`nik_costumer`, `cos`.`nama`, `cos`.`alamat`, `cos`.`jenis_kelamin`, `cos`.`tempat_lahir`, `cos`.`tanggal_lahir`, `cos`.`nama_ibu`, `cos`.`agama`, `cos`.`status`, `cos`.`pekerjaan`, `cos`.`alamat_tempat_kerja`, `cos`.`hp`, `cos`.`telpon`, `us`.`realname` FROM `costumer` AS `cos`
 INNER JOIN `user` AS `us` ON cos.id_user=us.id_user
 INNER JOIN `cabang` AS `cb` ON us.id_cabang = cb.id_cabang WHERE (cos.id_cabang = '001')
Params: []

2015-08-06T13:49:36+07:00 INFO (6): 
Elapsed Secs: 0.00028
Query: connect
Params: []

2015-08-06T13:49:36+07:00 INFO (6): 
Elapsed Secs: 0.0006
Query: DESCRIBE `costumer`
Params: []

2015-08-06T13:49:36+07:00 INFO (6): 
Elapsed Secs: 0.00025
Query: SELECT `cos`.`nik_costumer`, `cos`.`nama`, `cos`.`alamat`, `cos`.`jenis_kelamin`, `cos`.`tempat_lahir`, `cos`.`tanggal_lahir`, `cos`.`nama_ibu`, `cos`.`agama`, `cos`.`status`, `cos`.`pekerjaan`, `cos`.`alamat_tempat_kerja`, `cos`.`hp`, `cos`.`telpon`, `us`.`realname`, `cb`.`cabang` FROM `costumer` AS `cos`
 INNER JOIN `user` AS `us` ON cos.id_user=us.id_user
 INNER JOIN `cabang` AS `cb` ON us.id_cabang = cb.id_cabang WHERE (cos.nik_costumer = '123456789')
Params: []

2015-08-06T13:49:36+07:00 INFO (6): 
Elapsed Secs: 0.00024
Query: connect
Params: []

2015-08-06T13:49:36+07:00 INFO (6): 
Elapsed Secs: 0.00014
Query: SELECT `penj`.* FROM `costumer` AS `cos`
 INNER JOIN `penjamin` AS `penj` ON penj.nik_costumer = cos.nik_costumer WHERE (cos.nik_costumer = '123456789')
Params: []

2015-08-06T13:49:54+07:00 INFO (6): 
Elapsed Secs: 0.00025
Query: connect
Params: []

2015-08-06T13:49:54+07:00 INFO (6): 
Elapsed Secs: 0.00069
Query: DESCRIBE `costumer`
Params: []

2015-08-06T13:49:54+07:00 INFO (6): 
Elapsed Secs: 0.00026
Query: SELECT `cos`.`nik_costumer`, `cos`.`nama`, `cos`.`alamat`, `cos`.`jenis_kelamin`, `cos`.`tempat_lahir`, `cos`.`tanggal_lahir`, `cos`.`nama_ibu`, `cos`.`agama`, `cos`.`status`, `cos`.`pekerjaan`, `cos`.`alamat_tempat_kerja`, `cos`.`hp`, `cos`.`telpon`, `us`.`realname`, `cb`.`cabang` FROM `costumer` AS `cos`
 INNER JOIN `user` AS `us` ON cos.id_user=us.id_user
 INNER JOIN `cabang` AS `cb` ON us.id_cabang = cb.id_cabang WHERE (cos.nik_costumer = '123456789')
Params: []

2015-08-06T13:49:54+07:00 INFO (6): 
Elapsed Secs: 0.00025
Query: connect
Params: []

2015-08-06T13:49:54+07:00 INFO (6): 
Elapsed Secs: 0.00021
Query: SELECT `penj`.* FROM `costumer` AS `cos`
 INNER JOIN `penjamin` AS `penj` ON penj.nik_costumer = cos.nik_costumer WHERE (cos.nik_costumer = '123456789')
Params: []

2015-08-06T13:50:01+07:00 INFO (6): 
Elapsed Secs: 0.0011
Query: connect
Params: []

2015-08-06T13:50:01+07:00 INFO (6): 
Elapsed Secs: 0.00063
Query: DESCRIBE `costumer`
Params: []

2015-08-06T13:50:01+07:00 INFO (6): 
Elapsed Secs: 0.00027
Query: SELECT `cos`.`nik_costumer`, `cos`.`nama`, `cos`.`alamat`, `cos`.`jenis_kelamin`, `cos`.`tempat_lahir`, `cos`.`tanggal_lahir`, `cos`.`nama_ibu`, `cos`.`agama`, `cos`.`status`, `cos`.`pekerjaan`, `cos`.`alamat_tempat_kerja`, `cos`.`hp`, `cos`.`telpon`, `us`.`realname`, `cb`.`cabang` FROM `costumer` AS `cos`
 INNER JOIN `user` AS `us` ON cos.id_user=us.id_user
 INNER JOIN `cabang` AS `cb` ON us.id_cabang = cb.id_cabang WHERE (cos.nik_costumer = '123456789')
Params: []

2015-08-06T13:50:01+07:00 INFO (6): 
Elapsed Secs: 0.00026
Query: connect
Params: []

2015-08-06T13:50:01+07:00 INFO (6): 
Elapsed Secs: 0.00023
Query: SELECT `penj`.* FROM `costumer` AS `cos`
 INNER JOIN `penjamin` AS `penj` ON penj.nik_costumer = cos.nik_costumer WHERE (cos.nik_costumer = '123456789')
Params: []

2015-08-06T13:51:10+07:00 INFO (6): 
Elapsed Secs: 0.00028
Query: connect
Params: []

2015-08-06T13:51:10+07:00 INFO (6): 
Elapsed Secs: 0.00053
Query: DESCRIBE `cabang`
Params: []

2015-08-06T13:51:10+07:00 INFO (6): 
Elapsed Secs: 0.00021
Query: SELECT `cabang`.* FROM `cabang` WHERE (id_cabang = '001' ) LIMIT 1
Params: []

2015-08-06T13:51:10+07:00 INFO (6): 
Elapsed Secs: 0.00054
Query: DESCRIBE `kendaraan`
Params: []

2015-08-06T13:51:10+07:00 INFO (6): 
Elapsed Secs: 0.00028
Query: connect
Params: []

2015-08-06T13:51:10+07:00 INFO (6): 
Elapsed Secs: 0.00032
Query: SELECT `ken`.*, `cos`.`id_cabang`, `us`.`id_user`, `cb`.`cabang` FROM `kendaraan` AS `ken`
 INNER JOIN `costumer` AS `cos` ON cos.nik_costumer=ken.nik_costumer
 INNER JOIN `user` AS `us` ON us.id_user = cos.id_user
 INNER JOIN `cabang` AS `cb` ON cos.id_cabang = cb.id_cabang WHERE (us.id_user = '16') AND (cb.id_cabang = '001')
Params: []

2015-08-06T13:52:40+07:00 INFO (6): 
Elapsed Secs: 0.00037
Query: connect
Params: []

2015-08-06T13:52:40+07:00 INFO (6): 
Elapsed Secs: 0.00094
Query: DESCRIBE `cabang`
Params: []

2015-08-06T13:52:40+07:00 INFO (6): 
Elapsed Secs: 0.00028
Query: SELECT `cabang`.* FROM `cabang` WHERE (id_cabang = '001' ) LIMIT 1
Params: []

2015-08-06T13:52:40+07:00 INFO (6): 
Elapsed Secs: 0.00084
Query: DESCRIBE `kendaraan`
Params: []

2015-08-06T13:52:40+07:00 INFO (6): 
Elapsed Secs: 0.0003
Query: connect
Params: []

2015-08-06T13:52:40+07:00 INFO (6): 
Elapsed Secs: 0.0004
Query: SELECT `ken`.*, `cos`.`id_cabang`, `us`.`id_user`, `cb`.`cabang` FROM `kendaraan` AS `ken`
 INNER JOIN `costumer` AS `cos` ON cos.nik_costumer=ken.nik_costumer
 INNER JOIN `user` AS `us` ON us.id_user = cos.id_user
 INNER JOIN `cabang` AS `cb` ON cos.id_cabang = cb.id_cabang WHERE (cb.id_cabang = '001')
Params: []

2015-08-06T13:53:07+07:00 INFO (6): 
Elapsed Secs: 0.00031
Query: connect
Params: []

2015-08-06T13:53:07+07:00 INFO (6): 
Elapsed Secs: 0.00081
Query: DESCRIBE `costumer`
Params: []

2015-08-06T13:53:07+07:00 INFO (6): 
Elapsed Secs: 0.00032
Query: SELECT `cos`.`nik_costumer`, `cos`.`nama`, `cos`.`alamat`, `cos`.`jenis_kelamin`, `cos`.`tempat_lahir`, `cos`.`tanggal_lahir`, `cos`.`nama_ibu`, `cos`.`agama`, `cos`.`status`, `cos`.`pekerjaan`, `cos`.`alamat_tempat_kerja`, `cos`.`hp`, `cos`.`telpon`, `us`.`realname` FROM `costumer` AS `cos`
 INNER JOIN `user` AS `us` ON cos.id_user=us.id_user
 INNER JOIN `cabang` AS `cb` ON us.id_cabang = cb.id_cabang WHERE (cos.id_cabang = '001')
Params: []

2015-08-06T13:53:09+07:00 INFO (6): 
Elapsed Secs: 0.00029
Query: connect
Params: []

2015-08-06T13:53:09+07:00 INFO (6): 
Elapsed Secs: 0.00054
Query: DESCRIBE `costumer`
Params: []

2015-08-06T13:53:09+07:00 INFO (6): 
Elapsed Secs: 0.00025
Query: SELECT `cos`.`nik_costumer`, `cos`.`nama`, `cos`.`alamat`, `cos`.`jenis_kelamin`, `cos`.`tempat_lahir`, `cos`.`tanggal_lahir`, `cos`.`nama_ibu`, `cos`.`agama`, `cos`.`status`, `cos`.`pekerjaan`, `cos`.`alamat_tempat_kerja`, `cos`.`hp`, `cos`.`telpon`, `us`.`realname`, `cb`.`cabang` FROM `costumer` AS `cos`
 INNER JOIN `user` AS `us` ON cos.id_user=us.id_user
 INNER JOIN `cabang` AS `cb` ON us.id_cabang = cb.id_cabang WHERE (cos.nik_costumer = '123456789')
Params: []

2015-08-06T13:53:09+07:00 INFO (6): 
Elapsed Secs: 0.00018
Query: connect
Params: []

2015-08-06T13:53:09+07:00 INFO (6): 
Elapsed Secs: 0.0002
Query: SELECT `penj`.* FROM `costumer` AS `cos`
 INNER JOIN `penjamin` AS `penj` ON penj.nik_costumer = cos.nik_costumer WHERE (cos.nik_costumer = '123456789')
Params: []

2015-08-06T13:53:19+07:00 INFO (6): 
Elapsed Secs: 0.0002
Query: connect
Params: []

2015-08-06T13:53:19+07:00 INFO (6): 
Elapsed Secs: 0.00056
Query: DESCRIBE `kendaraan`
Params: []

2015-08-06T13:53:19+07:00 INFO (6): 
Elapsed Secs: 0.00012
Query: SELECT `kendaraan`.* FROM `kendaraan` WHERE (no_polisi = '123456789') LIMIT 1
Params: []

2015-08-06T13:53:21+07:00 INFO (6): 
Elapsed Secs: 0.00021
Query: connect
Params: []

2015-08-06T13:53:21+07:00 INFO (6): 
Elapsed Secs: 0.00059
Query: DESCRIBE `costumer`
Params: []

2015-08-06T13:53:21+07:00 INFO (6): 
Elapsed Secs: 0.00023
Query: SELECT `cos`.`nik_costumer`, `cos`.`nama`, `cos`.`alamat`, `cos`.`jenis_kelamin`, `cos`.`tempat_lahir`, `cos`.`tanggal_lahir`, `cos`.`nama_ibu`, `cos`.`agama`, `cos`.`status`, `cos`.`pekerjaan`, `cos`.`alamat_tempat_kerja`, `cos`.`hp`, `cos`.`telpon`, `us`.`realname`, `cb`.`cabang` FROM `costumer` AS `cos`
 INNER JOIN `user` AS `us` ON cos.id_user=us.id_user
 INNER JOIN `cabang` AS `cb` ON us.id_cabang = cb.id_cabang WHERE (cos.nik_costumer = '123456789')
Params: []

2015-08-06T13:53:21+07:00 INFO (6): 
Elapsed Secs: 0.00025
Query: connect
Params: []

2015-08-06T13:53:21+07:00 INFO (6): 
Elapsed Secs: 0.00019
Query: SELECT `penj`.* FROM `costumer` AS `cos`
 INNER JOIN `penjamin` AS `penj` ON penj.nik_costumer = cos.nik_costumer WHERE (cos.nik_costumer = '123456789')
Params: []

2015-08-06T13:54:35+07:00 INFO (6): 
Elapsed Secs: 0.00142
Query: connect
Params: []

2015-08-06T13:54:35+07:00 INFO (6): 
Elapsed Secs: 0.0007
Query: DESCRIBE `costumer`
Params: []

2015-08-06T13:54:35+07:00 INFO (6): 
Elapsed Secs: 0.00025
Query: SELECT `cos`.`nik_costumer`, `cos`.`nama`, `cos`.`alamat`, `cos`.`jenis_kelamin`, `cos`.`tempat_lahir`, `cos`.`tanggal_lahir`, `cos`.`nama_ibu`, `cos`.`agama`, `cos`.`status`, `cos`.`pekerjaan`, `cos`.`alamat_tempat_kerja`, `cos`.`hp`, `cos`.`telpon`, `us`.`realname`, `cb`.`cabang` FROM `costumer` AS `cos`
 INNER JOIN `user` AS `us` ON cos.id_user=us.id_user
 INNER JOIN `cabang` AS `cb` ON us.id_cabang = cb.id_cabang WHERE (cos.nik_costumer = '123456789')
Params: []

2015-08-06T13:54:35+07:00 INFO (6): 
Elapsed Secs: 0.00023
Query: connect
Params: []

2015-08-06T13:54:35+07:00 INFO (6): 
Elapsed Secs: 0.00022
Query: SELECT `penj`.* FROM `costumer` AS `cos`
 INNER JOIN `penjamin` AS `penj` ON penj.nik_costumer = cos.nik_costumer WHERE (cos.nik_costumer = '123456789')
Params: []

2015-08-06T13:54:50+07:00 INFO (6): 
Elapsed Secs: 0.00031
Query: connect
Params: []

2015-08-06T13:54:50+07:00 INFO (6): 
Elapsed Secs: 0.00063
Query: DESCRIBE `costumer`
Params: []

2015-08-06T13:54:50+07:00 INFO (6): 
Elapsed Secs: 0.00028
Query: SELECT `cos`.`nik_costumer`, `cos`.`nama`, `cos`.`alamat`, `cos`.`jenis_kelamin`, `cos`.`tempat_lahir`, `cos`.`tanggal_lahir`, `cos`.`nama_ibu`, `cos`.`agama`, `cos`.`status`, `cos`.`pekerjaan`, `cos`.`alamat_tempat_kerja`, `cos`.`hp`, `cos`.`telpon`, `us`.`realname`, `cb`.`cabang` FROM `costumer` AS `cos`
 INNER JOIN `user` AS `us` ON cos.id_user=us.id_user
 INNER JOIN `cabang` AS `cb` ON us.id_cabang = cb.id_cabang WHERE (cos.nik_costumer = '123456789')
Params: []

2015-08-06T13:54:50+07:00 INFO (6): 
Elapsed Secs: 0.00026
Query: connect
Params: []

2015-08-06T13:54:50+07:00 INFO (6): 
Elapsed Secs: 0.00024
Query: SELECT `penj`.* FROM `costumer` AS `cos`
 INNER JOIN `penjamin` AS `penj` ON penj.nik_costumer = cos.nik_costumer WHERE (cos.nik_costumer = '123456789')
Params: []

2015-08-06T13:54:51+07:00 INFO (6): 
Elapsed Secs: 0.0006
Query: connect
Params: []

2015-08-06T13:54:51+07:00 INFO (6): 
Elapsed Secs: 0.00167
Query: DESCRIBE `costumer`
Params: []

2015-08-06T13:54:51+07:00 INFO (6): 
Elapsed Secs: 0.0002
Query: SELECT `costumer`.* FROM `costumer` WHERE (nik_costumer ='123456789') LIMIT 1
Params: []

2015-08-06T13:54:54+07:00 INFO (6): 
Elapsed Secs: 0.00028
Query: connect
Params: []

2015-08-06T13:54:54+07:00 INFO (6): 
Elapsed Secs: 0.00073
Query: DESCRIBE `costumer`
Params: []

2015-08-06T13:54:54+07:00 INFO (6): 
Elapsed Secs: 0.00027
Query: SELECT `cos`.`nik_costumer`, `cos`.`nama`, `cos`.`alamat`, `cos`.`jenis_kelamin`, `cos`.`tempat_lahir`, `cos`.`tanggal_lahir`, `cos`.`nama_ibu`, `cos`.`agama`, `cos`.`status`, `cos`.`pekerjaan`, `cos`.`alamat_tempat_kerja`, `cos`.`hp`, `cos`.`telpon`, `us`.`realname`, `cb`.`cabang` FROM `costumer` AS `cos`
 INNER JOIN `user` AS `us` ON cos.id_user=us.id_user
 INNER JOIN `cabang` AS `cb` ON us.id_cabang = cb.id_cabang WHERE (cos.nik_costumer = '123456789')
Params: []

2015-08-06T13:54:54+07:00 INFO (6): 
Elapsed Secs: 0.00029
Query: connect
Params: []

2015-08-06T13:54:54+07:00 INFO (6): 
Elapsed Secs: 0.00024
Query: SELECT `penj`.* FROM `costumer` AS `cos`
 INNER JOIN `penjamin` AS `penj` ON penj.nik_costumer = cos.nik_costumer WHERE (cos.nik_costumer = '123456789')
Params: []

2015-08-06T13:54:55+07:00 INFO (6): 
Elapsed Secs: 0.00024
Query: connect
Params: []

2015-08-06T13:54:55+07:00 INFO (6): 
Elapsed Secs: 0.00057
Query: DESCRIBE `penjamin`
Params: []

2015-08-06T13:54:55+07:00 INFO (6): 
Elapsed Secs: 0.00018
Query: SELECT `penjamin`.* FROM `penjamin` WHERE (nik_costumer ='123456789') LIMIT 1
Params: []

2015-08-06T13:54:58+07:00 INFO (6): 
Elapsed Secs: 0.00027
Query: connect
Params: []

2015-08-06T13:54:58+07:00 INFO (6): 
Elapsed Secs: 0.00072
Query: DESCRIBE `costumer`
Params: []

2015-08-06T13:54:58+07:00 INFO (6): 
Elapsed Secs: 0.00025
Query: SELECT `cos`.`nik_costumer`, `cos`.`nama`, `cos`.`alamat`, `cos`.`jenis_kelamin`, `cos`.`tempat_lahir`, `cos`.`tanggal_lahir`, `cos`.`nama_ibu`, `cos`.`agama`, `cos`.`status`, `cos`.`pekerjaan`, `cos`.`alamat_tempat_kerja`, `cos`.`hp`, `cos`.`telpon`, `us`.`realname`, `cb`.`cabang` FROM `costumer` AS `cos`
 INNER JOIN `user` AS `us` ON cos.id_user=us.id_user
 INNER JOIN `cabang` AS `cb` ON us.id_cabang = cb.id_cabang WHERE (cos.nik_costumer = '123456789')
Params: []

2015-08-06T13:54:58+07:00 INFO (6): 
Elapsed Secs: 0.0003
Query: connect
Params: []

2015-08-06T13:54:58+07:00 INFO (6): 
Elapsed Secs: 0.00024
Query: SELECT `penj`.* FROM `costumer` AS `cos`
 INNER JOIN `penjamin` AS `penj` ON penj.nik_costumer = cos.nik_costumer WHERE (cos.nik_costumer = '123456789')
Params: []

2015-08-06T13:55:07+07:00 INFO (6): 
Elapsed Secs: 0.00024
Query: connect
Params: []

2015-08-06T13:55:07+07:00 INFO (6): 
Elapsed Secs: 0.00073
Query: DESCRIBE `costumer`
Params: []

2015-08-06T13:55:07+07:00 INFO (6): 
Elapsed Secs: 0.00019
Query: SELECT `costumer`.* FROM `costumer` WHERE (nik_costumer ='123456789') LIMIT 1
Params: []

2015-08-06T13:55:09+07:00 INFO (6): 
Elapsed Secs: 0.00032
Query: connect
Params: []

2015-08-06T13:55:09+07:00 INFO (6): 
Elapsed Secs: 0.00058
Query: DESCRIBE `costumer`
Params: []

2015-08-06T13:55:09+07:00 INFO (6): 
Elapsed Secs: 0.00025
Query: SELECT `cos`.`nik_costumer`, `cos`.`nama`, `cos`.`alamat`, `cos`.`jenis_kelamin`, `cos`.`tempat_lahir`, `cos`.`tanggal_lahir`, `cos`.`nama_ibu`, `cos`.`agama`, `cos`.`status`, `cos`.`pekerjaan`, `cos`.`alamat_tempat_kerja`, `cos`.`hp`, `cos`.`telpon`, `us`.`realname`, `cb`.`cabang` FROM `costumer` AS `cos`
 INNER JOIN `user` AS `us` ON cos.id_user=us.id_user
 INNER JOIN `cabang` AS `cb` ON us.id_cabang = cb.id_cabang WHERE (cos.nik_costumer = '123456789')
Params: []

2015-08-06T13:55:09+07:00 INFO (6): 
Elapsed Secs: 0.00021
Query: connect
Params: []

2015-08-06T13:55:09+07:00 INFO (6): 
Elapsed Secs: 0.00017
Query: SELECT `penj`.* FROM `costumer` AS `cos`
 INNER JOIN `penjamin` AS `penj` ON penj.nik_costumer = cos.nik_costumer WHERE (cos.nik_costumer = '123456789')
Params: []

2015-08-06T13:55:12+07:00 INFO (6): 
Elapsed Secs: 0.00019
Query: connect
Params: []

2015-08-06T13:55:12+07:00 INFO (6): 
Elapsed Secs: 0.00053
Query: DESCRIBE `costumer`
Params: []

2015-08-06T13:55:12+07:00 INFO (6): 
Elapsed Secs: 0.00021
Query: SELECT `cos`.`nik_costumer`, `cos`.`nama`, `cos`.`alamat`, `cos`.`jenis_kelamin`, `cos`.`tempat_lahir`, `cos`.`tanggal_lahir`, `cos`.`nama_ibu`, `cos`.`agama`, `cos`.`status`, `cos`.`pekerjaan`, `cos`.`alamat_tempat_kerja`, `cos`.`hp`, `cos`.`telpon`, `us`.`realname`, `cb`.`cabang` FROM `costumer` AS `cos`
 INNER JOIN `user` AS `us` ON cos.id_user=us.id_user
 INNER JOIN `cabang` AS `cb` ON us.id_cabang = cb.id_cabang WHERE (cos.nik_costumer = '123456789')
Params: []

2015-08-06T13:55:12+07:00 INFO (6): 
Elapsed Secs: 0.00016
Query: connect
Params: []

2015-08-06T13:55:12+07:00 INFO (6): 
Elapsed Secs: 0.0002
Query: SELECT `penj`.* FROM `costumer` AS `cos`
 INNER JOIN `penjamin` AS `penj` ON penj.nik_costumer = cos.nik_costumer WHERE (cos.nik_costumer = '123456789')
Params: []

2015-08-06T13:55:26+07:00 INFO (6): 
Elapsed Secs: 0.0002
Query: connect
Params: []

2015-08-06T13:55:26+07:00 INFO (6): 
Elapsed Secs: 0.00059
Query: DESCRIBE `penjamin`
Params: []

2015-08-06T13:55:26+07:00 INFO (6): 
Elapsed Secs: 0.00015
Query: SELECT `penjamin`.* FROM `penjamin` WHERE (nik_costumer ='123456789') LIMIT 1
Params: []

2015-08-06T13:55:31+07:00 INFO (6): 
Elapsed Secs: 0.0003
Query: connect
Params: []

2015-08-06T13:55:31+07:00 INFO (6): 
Elapsed Secs: 0.00085
Query: DESCRIBE `costumer`
Params: []

2015-08-06T13:55:31+07:00 INFO (6): 
Elapsed Secs: 0.00029
Query: SELECT `cos`.`nik_costumer`, `cos`.`nama`, `cos`.`alamat`, `cos`.`jenis_kelamin`, `cos`.`tempat_lahir`, `cos`.`tanggal_lahir`, `cos`.`nama_ibu`, `cos`.`agama`, `cos`.`status`, `cos`.`pekerjaan`, `cos`.`alamat_tempat_kerja`, `cos`.`hp`, `cos`.`telpon`, `us`.`realname`, `cb`.`cabang` FROM `costumer` AS `cos`
 INNER JOIN `user` AS `us` ON cos.id_user=us.id_user
 INNER JOIN `cabang` AS `cb` ON us.id_cabang = cb.id_cabang WHERE (cos.nik_costumer = '123456789')
Params: []

2015-08-06T13:55:31+07:00 INFO (6): 
Elapsed Secs: 0.00023
Query: connect
Params: []

2015-08-06T13:55:31+07:00 INFO (6): 
Elapsed Secs: 0.00019
Query: SELECT `penj`.* FROM `costumer` AS `cos`
 INNER JOIN `penjamin` AS `penj` ON penj.nik_costumer = cos.nik_costumer WHERE (cos.nik_costumer = '123456789')
Params: []

