2015-07-15T11:30:38+07:00 INFO (6): 
Elapsed Secs: 0.54028
Query: connect
Params: []

2015-07-15T11:30:38+07:00 INFO (6): 
Elapsed Secs: 0.00063
Query: DESCRIBE `user`
Params: []

2015-07-15T11:30:38+07:00 INFO (6): 
Elapsed Secs: 0.00024
Query: connect
Params: []

2015-07-15T11:30:38+07:00 INFO (6): 
Elapsed Secs: 0.00028
Query: SELECT `user`.*, `cabang`.* FROM `user`
 INNER JOIN `cabang` ON cabang.id_cabang = user.id_cabang WHERE (user.username = 'rendi') AND (user.password = 'd033e22ae348aeb5660fc2140aec35850c4da997')
Params: []

2015-07-15T11:30:38+07:00 INFO (6): 
Elapsed Secs: 0.00022
Query: SELECT `user`.*, `user_login`.*, `cabang`.* FROM `user`
 INNER JOIN `user_login` ON user_login.id_user = user.id_user
 INNER JOIN `cabang` ON cabang.id_cabang = user.id_cabang WHERE (user.id_user = '17')
Params: []

2015-07-15T11:30:38+07:00 INFO (6): 
Elapsed Secs: 0.1077
Query: UPDATE `user_login` SET `status` = ?, `login_time` = NOW(), `ip_login` = ?, `last_login` = ? WHERE (id_user = '17')
Params: {"1":1,"2":"127.0.0.1","3":"2015-07-11 18:50:05"}

2015-07-15T11:30:38+07:00 INFO (6): 
Elapsed Secs: 0.00029
Query: SELECT `user`.*, `user_login`.*, `cabang`.* FROM `user`
 INNER JOIN `user_login` ON user_login.id_user = user.id_user
 INNER JOIN `cabang` ON cabang.id_cabang = user.id_cabang WHERE (user.id_user = '17')
Params: []

2015-07-15T11:30:46+07:00 INFO (6): 
Elapsed Secs: 0.00111
Query: connect
Params: []

2015-07-15T11:30:46+07:00 INFO (6): 
Elapsed Secs: 0.04536
Query: UPDATE `user_login` SET `status` = ? WHERE (id_user ='17')
Params: {"1":0}

2015-07-15T11:30:51+07:00 INFO (6): 
Elapsed Secs: 0.00118
Query: connect
Params: []

2015-07-15T11:30:51+07:00 INFO (6): 
Elapsed Secs: 0.00062
Query: DESCRIBE `user`
Params: []

2015-07-15T11:30:51+07:00 INFO (6): 
Elapsed Secs: 0.00021
Query: connect
Params: []

2015-07-15T11:30:51+07:00 INFO (6): 
Elapsed Secs: 0.00026
Query: SELECT `user`.*, `cabang`.* FROM `user`
 INNER JOIN `cabang` ON cabang.id_cabang = user.id_cabang WHERE (user.username = 'kasir') AND (user.password = 'd033e22ae348aeb5660fc2140aec35850c4da997')
Params: []

2015-07-15T11:30:51+07:00 INFO (6): 
Elapsed Secs: 0.0002
Query: SELECT `user`.*, `user_login`.*, `cabang`.* FROM `user`
 INNER JOIN `user_login` ON user_login.id_user = user.id_user
 INNER JOIN `cabang` ON cabang.id_cabang = user.id_cabang WHERE (user.id_user = '18')
Params: []

2015-07-15T11:30:52+07:00 INFO (6): 
Elapsed Secs: 0.16847
Query: UPDATE `user_login` SET `last_login` = ?, `login_time` = NOW(), `ip_login` = ?, `status` = ? WHERE (id_user = '18')
Params: {"1":"2015-07-06 02:25:56","2":"127.0.0.1","3":1}

2015-07-15T11:30:52+07:00 INFO (6): 
Elapsed Secs: 0.00029
Query: SELECT `user`.*, `user_login`.*, `cabang`.* FROM `user`
 INNER JOIN `user_login` ON user_login.id_user = user.id_user
 INNER JOIN `cabang` ON cabang.id_cabang = user.id_cabang WHERE (user.id_user = '18')
Params: []

2015-07-15T11:30:59+07:00 INFO (6): 
Elapsed Secs: 0.00111
Query: connect
Params: []

2015-07-15T11:30:59+07:00 INFO (6): 
Elapsed Secs: 0.00062
Query: DESCRIBE `cabang`
Params: []

2015-07-15T11:30:59+07:00 INFO (6): 
Elapsed Secs: 0.00019
Query: SELECT `cabang`.* FROM `cabang` WHERE (id_cabang = '30' ) LIMIT 1
Params: []

2015-07-15T11:30:59+07:00 INFO (6): 
Elapsed Secs: 0.00064
Query: DESCRIBE `pinjaman`
Params: []

2015-07-15T11:30:59+07:00 INFO (6): 
Elapsed Secs: 0.00042
Query: SELECT `pin`.*, `cos`.`nama` FROM `pinjaman` AS `pin`
 INNER JOIN `costumer` AS `cos` ON pin.nik_costumer = cos.nik_costumer
 INNER JOIN `user` AS `us` ON cos.id_user = us.id_user
 INNER JOIN `cabang` AS `cb` ON us.id_cabang = cb.id_cabang WHERE (us.id_user = '18') OR (cb.id_cabang = '30')
Params: []

2015-07-15T11:30:59+07:00 INFO (6): 
Elapsed Secs: 0.00054
Query: DESCRIBE `spb`
Params: []

2015-07-15T11:30:59+07:00 INFO (6): 
Elapsed Secs: 0.00021
Query: SELECT `spb`.* FROM `spb` WHERE (no_kontrak = '30/MD/00156/15') LIMIT 1
Params: []

2015-07-15T11:30:59+07:00 INFO (6): 
Elapsed Secs: 0.00018
Query: SELECT `spb`.* FROM `spb` WHERE (no_kontrak = '30/MF/00155/15') LIMIT 1
Params: []

2015-07-15T11:31:04+07:00 INFO (6): 
Elapsed Secs: 0.00032
Query: connect
Params: []

2015-07-15T11:31:04+07:00 INFO (6): 
Elapsed Secs: 0.00068
Query: DESCRIBE `costumer`
Params: []

2015-07-15T11:31:04+07:00 INFO (6): 
Elapsed Secs: 0.00019
Query: connect
Params: []

2015-07-15T11:31:04+07:00 INFO (6): 
Elapsed Secs: 0.00014
Query: SELECT `costumer`.`nik_costumer` FROM `costumer`
Params: []

2015-07-15T11:31:04+07:00 INFO (6): 
Elapsed Secs: 0.00061
Query: DESCRIBE `kendaraan`
Params: []

2015-07-15T11:31:04+07:00 INFO (6): 
Elapsed Secs: 0.00029
Query: SELECT `ken`.`no_polisi`, `ken`.`nik_costumer`, `cb`.* FROM `kendaraan` AS `ken`
 INNER JOIN `costumer` AS `cos` ON cos.nik_costumer = ken.nik_costumer
 INNER JOIN `penjamin` AS `pen` ON cos.nik_costumer = pen.nik_costumer
 INNER JOIN `user` AS `us` ON cos.id_user = us.id_user
 INNER JOIN `cabang` AS `cb` ON cb.id_cabang = us.id_cabang WHERE (us.id_user = '18') AND (ken.status != 'kredit')
Params: []

2015-07-15T11:31:16+07:00 INFO (6): 
Elapsed Secs: 0.001
Query: connect
Params: []

2015-07-15T11:31:16+07:00 INFO (6): 
Elapsed Secs: 0.00058
Query: DESCRIBE `cabang`
Params: []

2015-07-15T11:31:16+07:00 INFO (6): 
Elapsed Secs: 0.00017
Query: SELECT `cabang`.* FROM `cabang` WHERE (id_cabang = '30' ) LIMIT 1
Params: []

2015-07-15T11:31:16+07:00 INFO (6): 
Elapsed Secs: 0.0005
Query: DESCRIBE `pinjaman`
Params: []

2015-07-15T11:31:16+07:00 INFO (6): 
Elapsed Secs: 0.00029
Query: SELECT `pin`.*, `cos`.`nama` FROM `pinjaman` AS `pin`
 INNER JOIN `costumer` AS `cos` ON pin.nik_costumer = cos.nik_costumer
 INNER JOIN `user` AS `us` ON cos.id_user = us.id_user
 INNER JOIN `cabang` AS `cb` ON us.id_cabang = cb.id_cabang WHERE (us.id_user = '18') OR (cb.id_cabang = '30')
Params: []

2015-07-15T11:31:16+07:00 INFO (6): 
Elapsed Secs: 0.00052
Query: DESCRIBE `spb`
Params: []

2015-07-15T11:31:16+07:00 INFO (6): 
Elapsed Secs: 0.00019
Query: SELECT `spb`.* FROM `spb` WHERE (no_kontrak = '30/MD/00156/15') LIMIT 1
Params: []

2015-07-15T11:31:16+07:00 INFO (6): 
Elapsed Secs: 0.00014
Query: SELECT `spb`.* FROM `spb` WHERE (no_kontrak = '30/MF/00155/15') LIMIT 1
Params: []

2015-07-15T11:31:19+07:00 INFO (6): 
Elapsed Secs: 0.00028
Query: connect
Params: []

2015-07-15T11:31:19+07:00 INFO (6): 
Elapsed Secs: 0.00061
Query: DESCRIBE `cabang`
Params: []

2015-07-15T11:31:19+07:00 INFO (6): 
Elapsed Secs: 0.00019
Query: SELECT `cabang`.* FROM `cabang` WHERE (id_cabang = '30' ) LIMIT 1
Params: []

2015-07-15T11:31:19+07:00 INFO (6): 
Elapsed Secs: 0.00059
Query: DESCRIBE `pinjaman`
Params: []

2015-07-15T11:31:19+07:00 INFO (6): 
Elapsed Secs: 0.00033
Query: SELECT `pin`.*, `cos`.`nama` FROM `pinjaman` AS `pin`
 INNER JOIN `costumer` AS `cos` ON pin.nik_costumer = cos.nik_costumer
 INNER JOIN `user` AS `us` ON cos.id_user = us.id_user
 INNER JOIN `cabang` AS `cb` ON us.id_cabang = cb.id_cabang WHERE (us.id_user = '18') OR (cb.id_cabang = '30')
Params: []

2015-07-15T11:31:19+07:00 INFO (6): 
Elapsed Secs: 0.00056
Query: DESCRIBE `spb`
Params: []

2015-07-15T11:31:19+07:00 INFO (6): 
Elapsed Secs: 0.00017
Query: SELECT `spb`.* FROM `spb` WHERE (no_kontrak = '30/MD/00156/15') LIMIT 1
Params: []

2015-07-15T11:31:19+07:00 INFO (6): 
Elapsed Secs: 0.00017
Query: SELECT `spb`.* FROM `spb` WHERE (no_kontrak = '30/MF/00155/15') LIMIT 1
Params: []

2015-07-15T11:31:26+07:00 INFO (6): 
Elapsed Secs: 0.00117
Query: connect
Params: []

2015-07-15T11:31:26+07:00 INFO (6): 
Elapsed Secs: 0.00063
Query: DESCRIBE `costumer`
Params: []

2015-07-15T11:31:26+07:00 INFO (6): 
Elapsed Secs: 0.00016
Query: connect
Params: []

2015-07-15T11:31:26+07:00 INFO (6): 
Elapsed Secs: 0.00011
Query: SELECT `costumer`.`nik_costumer` FROM `costumer`
Params: []

2015-07-15T11:31:26+07:00 INFO (6): 
Elapsed Secs: 0.00047
Query: DESCRIBE `kendaraan`
Params: []

2015-07-15T11:31:26+07:00 INFO (6): 
Elapsed Secs: 0.00026
Query: SELECT `ken`.`no_polisi`, `ken`.`nik_costumer`, `cb`.* FROM `kendaraan` AS `ken`
 INNER JOIN `costumer` AS `cos` ON cos.nik_costumer = ken.nik_costumer
 INNER JOIN `penjamin` AS `pen` ON cos.nik_costumer = pen.nik_costumer
 INNER JOIN `user` AS `us` ON cos.id_user = us.id_user
 INNER JOIN `cabang` AS `cb` ON cb.id_cabang = us.id_cabang WHERE (us.id_user = '18') AND (ken.status != 'kredit')
Params: []

2015-07-15T11:31:33+07:00 INFO (6): 
Elapsed Secs: 0.00105
Query: connect
Params: []

2015-07-15T11:31:33+07:00 INFO (6): 
Elapsed Secs: 0.00056
Query: DESCRIBE `cabang`
Params: []

2015-07-15T11:31:33+07:00 INFO (6): 
Elapsed Secs: 0.00017
Query: SELECT `cabang`.* FROM `cabang` WHERE (id_cabang = '30' ) LIMIT 1
Params: []

2015-07-15T11:31:33+07:00 INFO (6): 
Elapsed Secs: 0.00051
Query: DESCRIBE `pinjaman`
Params: []

2015-07-15T11:31:33+07:00 INFO (6): 
Elapsed Secs: 0.00034
Query: SELECT `pin`.*, `cos`.`nama` FROM `pinjaman` AS `pin`
 INNER JOIN `costumer` AS `cos` ON pin.nik_costumer = cos.nik_costumer
 INNER JOIN `user` AS `us` ON cos.id_user = us.id_user
 INNER JOIN `cabang` AS `cb` ON us.id_cabang = cb.id_cabang WHERE (us.id_user = '18') OR (cb.id_cabang = '30')
Params: []

2015-07-15T11:31:33+07:00 INFO (6): 
Elapsed Secs: 0.00055
Query: DESCRIBE `spb`
Params: []

2015-07-15T11:31:33+07:00 INFO (6): 
Elapsed Secs: 0.00016
Query: SELECT `spb`.* FROM `spb` WHERE (no_kontrak = '30/MD/00156/15') LIMIT 1
Params: []

2015-07-15T11:31:33+07:00 INFO (6): 
Elapsed Secs: 0.00019
Query: SELECT `spb`.* FROM `spb` WHERE (no_kontrak = '30/MF/00155/15') LIMIT 1
Params: []

2015-07-15T11:31:50+07:00 INFO (6): 
Elapsed Secs: 0.00019
Query: connect
Params: []

2015-07-15T11:31:50+07:00 INFO (6): 
Elapsed Secs: 0.00062
Query: DESCRIBE `cabang`
Params: []

2015-07-15T11:31:50+07:00 INFO (6): 
Elapsed Secs: 0.00019
Query: SELECT `cabang`.* FROM `cabang` WHERE (id_cabang = '30' ) LIMIT 1
Params: []

2015-07-15T11:31:50+07:00 INFO (6): 
Elapsed Secs: 0.00044
Query: DESCRIBE `pinjaman`
Params: []

2015-07-15T11:31:50+07:00 INFO (6): 
Elapsed Secs: 0.00027
Query: SELECT `pin`.*, `cos`.`nama` FROM `pinjaman` AS `pin`
 INNER JOIN `costumer` AS `cos` ON pin.nik_costumer = cos.nik_costumer
 INNER JOIN `user` AS `us` ON cos.id_user = us.id_user
 INNER JOIN `cabang` AS `cb` ON us.id_cabang = cb.id_cabang WHERE (us.id_user = '18') OR (cb.id_cabang = '30')
Params: []

2015-07-15T11:31:50+07:00 INFO (6): 
Elapsed Secs: 0.00045
Query: DESCRIBE `spb`
Params: []

2015-07-15T11:31:50+07:00 INFO (6): 
Elapsed Secs: 0.00015
Query: SELECT `spb`.* FROM `spb` WHERE (no_kontrak = '30/MD/00156/15') LIMIT 1
Params: []

2015-07-15T11:31:50+07:00 INFO (6): 
Elapsed Secs: 0.00013
Query: SELECT `spb`.* FROM `spb` WHERE (no_kontrak = '30/MF/00155/15') LIMIT 1
Params: []

2015-07-15T11:31:52+07:00 INFO (6): 
Elapsed Secs: 0.00025
Query: connect
Params: []

2015-07-15T11:31:52+07:00 INFO (6): 
Elapsed Secs: 0.0006
Query: DESCRIBE `costumer`
Params: []

2015-07-15T11:31:52+07:00 INFO (6): 
Elapsed Secs: 0.00019
Query: connect
Params: []

2015-07-15T11:31:52+07:00 INFO (6): 
Elapsed Secs: 0.00013
Query: SELECT `costumer`.`nik_costumer` FROM `costumer`
Params: []

2015-07-15T11:31:52+07:00 INFO (6): 
Elapsed Secs: 0.00053
Query: DESCRIBE `kendaraan`
Params: []

2015-07-15T11:31:52+07:00 INFO (6): 
Elapsed Secs: 0.00027
Query: SELECT `ken`.`no_polisi`, `ken`.`nik_costumer`, `cb`.* FROM `kendaraan` AS `ken`
 INNER JOIN `costumer` AS `cos` ON cos.nik_costumer = ken.nik_costumer
 INNER JOIN `penjamin` AS `pen` ON cos.nik_costumer = pen.nik_costumer
 INNER JOIN `user` AS `us` ON cos.id_user = us.id_user
 INNER JOIN `cabang` AS `cb` ON cb.id_cabang = us.id_cabang WHERE (us.id_user = '18') AND (ken.status != 'kredit')
Params: []

2015-07-15T11:32:42+07:00 INFO (6): 
Elapsed Secs: 0.00032
Query: connect
Params: []

2015-07-15T11:32:42+07:00 INFO (6): 
Elapsed Secs: 0.00089
Query: DESCRIBE `cabang`
Params: []

2015-07-15T11:32:42+07:00 INFO (6): 
Elapsed Secs: 0.00022
Query: SELECT `cabang`.* FROM `cabang` WHERE (id_cabang = '30' ) LIMIT 1
Params: []

2015-07-15T11:32:42+07:00 INFO (6): 
Elapsed Secs: 0.00074
Query: DESCRIBE `pinjaman`
Params: []

2015-07-15T11:32:42+07:00 INFO (6): 
Elapsed Secs: 0.00041
Query: SELECT `pin`.*, `cos`.`nama` FROM `pinjaman` AS `pin`
 INNER JOIN `costumer` AS `cos` ON pin.nik_costumer = cos.nik_costumer
 INNER JOIN `user` AS `us` ON cos.id_user = us.id_user
 INNER JOIN `cabang` AS `cb` ON us.id_cabang = cb.id_cabang WHERE (us.id_user = '18') OR (cb.id_cabang = '30')
Params: []

2015-07-15T11:32:42+07:00 INFO (6): 
Elapsed Secs: 0.00072
Query: DESCRIBE `spb`
Params: []

2015-07-15T11:32:42+07:00 INFO (6): 
Elapsed Secs: 0.00022
Query: SELECT `spb`.* FROM `spb` WHERE (no_kontrak = '30/MD/00156/15') LIMIT 1
Params: []

2015-07-15T11:32:42+07:00 INFO (6): 
Elapsed Secs: 0.00021
Query: SELECT `spb`.* FROM `spb` WHERE (no_kontrak = '30/MF/00155/15') LIMIT 1
Params: []

2015-07-15T11:32:48+07:00 INFO (6): 
Elapsed Secs: 0.00026
Query: connect
Params: []

2015-07-15T11:32:48+07:00 INFO (6): 
Elapsed Secs: 0.00055
Query: DESCRIBE `cabang`
Params: []

2015-07-15T11:32:48+07:00 INFO (6): 
Elapsed Secs: 0.00017
Query: SELECT `cabang`.* FROM `cabang` WHERE (id_cabang = '30' ) LIMIT 1
Params: []

2015-07-15T11:32:48+07:00 INFO (6): 
Elapsed Secs: 0.00055
Query: DESCRIBE `pinjaman`
Params: []

2015-07-15T11:32:48+07:00 INFO (6): 
Elapsed Secs: 0.00029
Query: SELECT `pin`.*, `cos`.`nama` FROM `pinjaman` AS `pin`
 INNER JOIN `costumer` AS `cos` ON pin.nik_costumer = cos.nik_costumer
 INNER JOIN `user` AS `us` ON cos.id_user = us.id_user
 INNER JOIN `cabang` AS `cb` ON us.id_cabang = cb.id_cabang WHERE (us.id_user = '18') OR (cb.id_cabang = '30')
Params: []

2015-07-15T11:32:48+07:00 INFO (6): 
Elapsed Secs: 0.00051
Query: DESCRIBE `spb`
Params: []

2015-07-15T11:32:48+07:00 INFO (6): 
Elapsed Secs: 0.00013
Query: SELECT `spb`.* FROM `spb` WHERE (no_kontrak = '30/MD/00156/15') LIMIT 1
Params: []

2015-07-15T11:32:48+07:00 INFO (6): 
Elapsed Secs: 0.00012
Query: SELECT `spb`.* FROM `spb` WHERE (no_kontrak = '30/MF/00155/15') LIMIT 1
Params: []

2015-07-15T11:32:50+07:00 INFO (6): 
Elapsed Secs: 0.00028
Query: connect
Params: []

2015-07-15T11:32:50+07:00 INFO (6): 
Elapsed Secs: 0.0008
Query: DESCRIBE `costumer`
Params: []

2015-07-15T11:32:50+07:00 INFO (6): 
Elapsed Secs: 0.00027
Query: connect
Params: []

2015-07-15T11:32:50+07:00 INFO (6): 
Elapsed Secs: 0.00016
Query: SELECT `costumer`.`nik_costumer` FROM `costumer`
Params: []

2015-07-15T11:32:50+07:00 INFO (6): 
Elapsed Secs: 0.00062
Query: DESCRIBE `kendaraan`
Params: []

2015-07-15T11:32:50+07:00 INFO (6): 
Elapsed Secs: 0.00034
Query: SELECT `ken`.`no_polisi`, `ken`.`nik_costumer`, `cb`.* FROM `kendaraan` AS `ken`
 INNER JOIN `costumer` AS `cos` ON cos.nik_costumer = ken.nik_costumer
 INNER JOIN `penjamin` AS `pen` ON cos.nik_costumer = pen.nik_costumer
 INNER JOIN `user` AS `us` ON cos.id_user = us.id_user
 INNER JOIN `cabang` AS `cb` ON cb.id_cabang = us.id_cabang WHERE (us.id_user = '18') AND (ken.status != 'kredit')
Params: []

2015-07-15T11:36:59+07:00 INFO (6): 
Elapsed Secs: 0.00025
Query: connect
Params: []

2015-07-15T11:36:59+07:00 INFO (6): 
Elapsed Secs: 0.00065
Query: DESCRIBE `costumer`
Params: []

2015-07-15T11:36:59+07:00 INFO (6): 
Elapsed Secs: 0.00016
Query: connect
Params: []

2015-07-15T11:36:59+07:00 INFO (6): 
Elapsed Secs: 0.00011
Query: SELECT `costumer`.`nik_costumer` FROM `costumer`
Params: []

2015-07-15T11:36:59+07:00 INFO (6): 
Elapsed Secs: 0.00055
Query: DESCRIBE `kendaraan`
Params: []

2015-07-15T11:36:59+07:00 INFO (6): 
Elapsed Secs: 0.00029
Query: SELECT `ken`.`no_polisi`, `ken`.`nik_costumer`, `cb`.* FROM `kendaraan` AS `ken`
 INNER JOIN `costumer` AS `cos` ON cos.nik_costumer = ken.nik_costumer
 INNER JOIN `penjamin` AS `pen` ON cos.nik_costumer = pen.nik_costumer
 INNER JOIN `user` AS `us` ON cos.id_user = us.id_user
 INNER JOIN `cabang` AS `cb` ON cb.id_cabang = us.id_cabang WHERE (us.id_user = '18') AND (ken.status != 'kredit')
Params: []

2015-07-15T11:38:23+07:00 INFO (6): 
Elapsed Secs: 0.00115
Query: connect
Params: []

2015-07-15T11:38:23+07:00 INFO (6): 
Elapsed Secs: 0.0657
Query: UPDATE `user_login` SET `status` = ? WHERE (id_user ='18')
Params: {"1":0}

2015-07-15T11:38:27+07:00 INFO (6): 
Elapsed Secs: 0.00031
Query: connect
Params: []

2015-07-15T11:38:27+07:00 INFO (6): 
Elapsed Secs: 0.0008
Query: DESCRIBE `user`
Params: []

2015-07-15T11:38:27+07:00 INFO (6): 
Elapsed Secs: 0.00025
Query: connect
Params: []

2015-07-15T11:38:27+07:00 INFO (6): 
Elapsed Secs: 0.00029
Query: SELECT `user`.*, `cabang`.* FROM `user`
 INNER JOIN `cabang` ON cabang.id_cabang = user.id_cabang WHERE (user.username = 'ommasta') AND (user.password = 'd033e22ae348aeb5660fc2140aec35850c4da997')
Params: []

2015-07-15T11:38:27+07:00 INFO (6): 
Elapsed Secs: 0.00025
Query: SELECT `user`.*, `user_login`.*, `cabang`.* FROM `user`
 INNER JOIN `user_login` ON user_login.id_user = user.id_user
 INNER JOIN `cabang` ON cabang.id_cabang = user.id_cabang WHERE (user.id_user = '15')
Params: []

2015-07-15T11:38:28+07:00 INFO (6): 
Elapsed Secs: 0.08435
Query: UPDATE `user_login` SET `status` = ?, `login_time` = NOW(), `ip_login` = ?, `last_login` = ? WHERE (id_user = '15')
Params: {"1":1,"2":"127.0.0.1","3":"2015-06-18 11:11:44"}

2015-07-15T11:38:28+07:00 INFO (6): 
Elapsed Secs: 0.00049
Query: SELECT `user`.*, `user_login`.*, `cabang`.* FROM `user`
 INNER JOIN `user_login` ON user_login.id_user = user.id_user
 INNER JOIN `cabang` ON cabang.id_cabang = user.id_cabang WHERE (user.id_user = '15')
Params: []

2015-07-15T11:38:31+07:00 INFO (6): 
Elapsed Secs: 0.00033
Query: connect
Params: []

2015-07-15T11:38:31+07:00 INFO (6): 
Elapsed Secs: 0.00079
Query: DESCRIBE `costumer`
Params: []

2015-07-15T11:38:31+07:00 INFO (6): 
Elapsed Secs: 0.00024
Query: connect
Params: []

2015-07-15T11:38:31+07:00 INFO (6): 
Elapsed Secs: 0.00016
Query: SELECT `costumer`.`nik_costumer` FROM `costumer`
Params: []

2015-07-15T11:38:31+07:00 INFO (6): 
Elapsed Secs: 0.00065
Query: DESCRIBE `kendaraan`
Params: []

2015-07-15T11:38:31+07:00 INFO (6): 
Elapsed Secs: 0.0003
Query: SELECT `ken`.`no_polisi`, `ken`.`nik_costumer`, `cb`.* FROM `kendaraan` AS `ken`
 INNER JOIN `costumer` AS `cos` ON cos.nik_costumer = ken.nik_costumer
 INNER JOIN `penjamin` AS `pen` ON cos.nik_costumer = pen.nik_costumer
 INNER JOIN `user` AS `us` ON cos.id_user = us.id_user
 INNER JOIN `cabang` AS `cb` ON cb.id_cabang = us.id_cabang WHERE (us.id_user = '15') AND (ken.status != 'kredit')
Params: []

2015-07-15T11:39:19+07:00 INFO (6): 
Elapsed Secs: 0.00065
Query: connect
Params: []

2015-07-15T11:39:19+07:00 INFO (6): 
Elapsed Secs: 0.0021
Query: DESCRIBE `costumer`
Params: []

2015-07-15T11:39:19+07:00 INFO (6): 
Elapsed Secs: 0.00056
Query: connect
Params: []

2015-07-15T11:39:19+07:00 INFO (6): 
Elapsed Secs: 0.00034
Query: SELECT `costumer`.`nik_costumer` FROM `costumer`
Params: []

2015-07-15T11:39:19+07:00 INFO (6): 
Elapsed Secs: 0.00082
Query: DESCRIBE `kendaraan`
Params: []

2015-07-15T11:39:19+07:00 INFO (6): 
Elapsed Secs: 0.0004
Query: SELECT `ken`.`no_polisi`, `ken`.`nik_costumer`, `cb`.* FROM `kendaraan` AS `ken`
 INNER JOIN `costumer` AS `cos` ON cos.nik_costumer = ken.nik_costumer
 INNER JOIN `penjamin` AS `pen` ON cos.nik_costumer = pen.nik_costumer
 INNER JOIN `user` AS `us` ON cos.id_user = us.id_user
 INNER JOIN `cabang` AS `cb` ON cb.id_cabang = us.id_cabang WHERE (us.id_user = '15') AND (ken.status != 'kredit')
Params: []

2015-07-15T11:39:56+07:00 INFO (6): 
Elapsed Secs: 0.00029
Query: connect
Params: []

2015-07-15T11:39:56+07:00 INFO (6): 
Elapsed Secs: 0.00061
Query: DESCRIBE `costumer`
Params: []

2015-07-15T11:39:56+07:00 INFO (6): 
Elapsed Secs: 0.00028
Query: connect
Params: []

2015-07-15T11:39:56+07:00 INFO (6): 
Elapsed Secs: 0.00016
Query: SELECT `costumer`.`nik_costumer` FROM `costumer`
Params: []

2015-07-15T11:39:56+07:00 INFO (6): 
Elapsed Secs: 0.00057
Query: DESCRIBE `kendaraan`
Params: []

2015-07-15T11:39:56+07:00 INFO (6): 
Elapsed Secs: 0.00033
Query: SELECT `ken`.`no_polisi`, `ken`.`nik_costumer`, `cb`.* FROM `kendaraan` AS `ken`
 INNER JOIN `costumer` AS `cos` ON cos.nik_costumer = ken.nik_costumer
 INNER JOIN `penjamin` AS `pen` ON cos.nik_costumer = pen.nik_costumer
 INNER JOIN `user` AS `us` ON cos.id_user = us.id_user
 INNER JOIN `cabang` AS `cb` ON cb.id_cabang = us.id_cabang WHERE (us.id_user = '15') AND (ken.status != 'kredit')
Params: []

2015-07-15T11:40:50+07:00 INFO (6): 
Elapsed Secs: 0.00165
Query: connect
Params: []

2015-07-15T11:40:50+07:00 INFO (6): 
Elapsed Secs: 0.00084
Query: DESCRIBE `kendaraan`
Params: []

2015-07-15T11:40:50+07:00 INFO (6): 
Elapsed Secs: 0.00027
Query: connect
Params: []

2015-07-15T11:40:50+07:00 INFO (6): 
Elapsed Secs: 0.0004
Query: SELECT `ken`.`no_polisi`, `ken`.`nik_costumer`, `cb`.* FROM `kendaraan` AS `ken`
 INNER JOIN `costumer` AS `cos` ON cos.nik_costumer = ken.nik_costumer
 INNER JOIN `penjamin` AS `pen` ON cos.nik_costumer = pen.nik_costumer
 INNER JOIN `user` AS `us` ON cos.id_user = us.id_user
 INNER JOIN `cabang` AS `cb` ON cb.id_cabang = us.id_cabang WHERE (us.id_user = '15') AND (ken.status != 'kredit')
Params: []

2015-07-15T11:41:24+07:00 INFO (6): 
Elapsed Secs: 0.00104
Query: connect
Params: []

2015-07-15T11:41:25+07:00 INFO (6): 
Elapsed Secs: 0.06095
Query: UPDATE `user_login` SET `status` = ? WHERE (id_user ='15')
Params: {"1":0}

2015-07-15T11:41:29+07:00 INFO (6): 
Elapsed Secs: 0.00031
Query: connect
Params: []

2015-07-15T11:41:29+07:00 INFO (6): 
Elapsed Secs: 0.00085
Query: DESCRIBE `user`
Params: []

2015-07-15T11:41:29+07:00 INFO (6): 
Elapsed Secs: 0.0003
Query: connect
Params: []

2015-07-15T11:41:29+07:00 INFO (6): 
Elapsed Secs: 0.00033
Query: SELECT `user`.*, `cabang`.* FROM `user`
 INNER JOIN `cabang` ON cabang.id_cabang = user.id_cabang WHERE (user.username = 'admin') AND (user.password = 'd033e22ae348aeb5660fc2140aec35850c4da997')
Params: []

2015-07-15T11:41:29+07:00 INFO (6): 
Elapsed Secs: 0.00029
Query: SELECT `user`.*, `user_login`.*, `cabang`.* FROM `user`
 INNER JOIN `user_login` ON user_login.id_user = user.id_user
 INNER JOIN `cabang` ON cabang.id_cabang = user.id_cabang WHERE (user.id_user = '16')
Params: []

2015-07-15T11:41:29+07:00 INFO (6): 
Elapsed Secs: 0.12221
Query: UPDATE `user_login` SET `last_login` = ?, `login_time` = NOW(), `ip_login` = ?, `status` = ? WHERE (id_user = '16')
Params: {"1":"2015-07-11 18:50:35","2":"127.0.0.1","3":1}

2015-07-15T11:41:29+07:00 INFO (6): 
Elapsed Secs: 0.00031
Query: SELECT `user`.*, `user_login`.*, `cabang`.* FROM `user`
 INNER JOIN `user_login` ON user_login.id_user = user.id_user
 INNER JOIN `cabang` ON cabang.id_cabang = user.id_cabang WHERE (user.id_user = '16')
Params: []

2015-07-15T11:41:33+07:00 INFO (6): 
Elapsed Secs: 0.00026
Query: connect
Params: []

2015-07-15T11:41:33+07:00 INFO (6): 
Elapsed Secs: 0.00074
Query: DESCRIBE `cabang`
Params: []

2015-07-15T11:41:33+07:00 INFO (6): 
Elapsed Secs: 0.00016
Query: SELECT `cabang`.* FROM `cabang` WHERE (id_cabang = '29' ) LIMIT 1
Params: []

2015-07-15T11:41:33+07:00 INFO (6): 
Elapsed Secs: 0.00054
Query: DESCRIBE `pinjaman`
Params: []

2015-07-15T11:41:33+07:00 INFO (6): 
Elapsed Secs: 0.00028
Query: SELECT `pin`.*, `cos`.`nama` FROM `pinjaman` AS `pin`
 INNER JOIN `costumer` AS `cos` ON pin.nik_costumer = cos.nik_costumer
 INNER JOIN `user` AS `us` ON cos.id_user = us.id_user
 INNER JOIN `cabang` AS `cb` ON us.id_cabang = cb.id_cabang WHERE (us.id_user = '16') OR (cb.id_cabang = '29')
Params: []

2015-07-15T11:41:33+07:00 INFO (6): 
Elapsed Secs: 0.00052
Query: DESCRIBE `spb`
Params: []

2015-07-15T11:41:33+07:00 INFO (6): 
Elapsed Secs: 0.00013
Query: SELECT `spb`.* FROM `spb` WHERE (no_kontrak = '29/MF/00001/15') LIMIT 1
Params: []

2015-07-15T11:41:33+07:00 INFO (6): 
Elapsed Secs: 0.00014
Query: SELECT `spb`.* FROM `spb` WHERE (no_kontrak = '29/MF/00154/15') LIMIT 1
Params: []

2015-07-15T11:41:40+07:00 INFO (6): 
Elapsed Secs: 0.00033
Query: connect
Params: []

2015-07-15T11:41:40+07:00 INFO (6): 
Elapsed Secs: 0.00062
Query: DESCRIBE `cabang`
Params: []

2015-07-15T11:41:40+07:00 INFO (6): 
Elapsed Secs: 0.00016
Query: SELECT `cabang`.* FROM `cabang` WHERE (id_cabang = '29' ) LIMIT 1
Params: []

2015-07-15T11:41:40+07:00 INFO (6): 
Elapsed Secs: 0.0006
Query: DESCRIBE `pinjaman`
Params: []

2015-07-15T11:41:40+07:00 INFO (6): 
Elapsed Secs: 0.00032
Query: SELECT `pin`.*, `cos`.`nama` FROM `pinjaman` AS `pin`
 INNER JOIN `costumer` AS `cos` ON pin.nik_costumer = cos.nik_costumer
 INNER JOIN `user` AS `us` ON cos.id_user = us.id_user
 INNER JOIN `cabang` AS `cb` ON us.id_cabang = cb.id_cabang WHERE (us.id_user = '16') OR (cb.id_cabang = '29')
Params: []

2015-07-15T11:41:40+07:00 INFO (6): 
Elapsed Secs: 0.00057
Query: DESCRIBE `spb`
Params: []

2015-07-15T11:41:40+07:00 INFO (6): 
Elapsed Secs: 0.00015
Query: SELECT `spb`.* FROM `spb` WHERE (no_kontrak = '29/MF/00001/15') LIMIT 1
Params: []

2015-07-15T11:41:40+07:00 INFO (6): 
Elapsed Secs: 0.00018
Query: SELECT `spb`.* FROM `spb` WHERE (no_kontrak = '29/MF/00154/15') LIMIT 1
Params: []

2015-07-15T11:41:52+07:00 INFO (6): 
Elapsed Secs: 0.00031
Query: connect
Params: []

2015-07-15T11:41:52+07:00 INFO (6): 
Elapsed Secs: 0.00067
Query: DESCRIBE `costumer`
Params: []

2015-07-15T11:41:52+07:00 INFO (6): 
Elapsed Secs: 0.00025
Query: SELECT `cos`.`nik_costumer`, `cos`.`nama`, `cos`.`alamat`, `cos`.`jenis_kelamin`, `cos`.`tempat_lahir`, `cos`.`tanggal_lahir`, `cos`.`nama_ibu`, `cos`.`agama`, `cos`.`status`, `cos`.`pekerjaan`, `cos`.`alamat_tempat_kerja`, `cos`.`hp`, `cos`.`telpon`, `us`.`realname` FROM `costumer` AS `cos`
 INNER JOIN `user` AS `us` ON cos.id_user=us.id_user
 INNER JOIN `cabang` AS `cb` ON us.id_cabang = cb.id_cabang WHERE (cos.id_user = '16')
Params: []

2015-07-15T11:41:59+07:00 INFO (6): 
Elapsed Secs: 0.00031
Query: connect
Params: []

2015-07-15T11:41:59+07:00 INFO (6): 
Elapsed Secs: 0.00074
Query: DESCRIBE `cabang`
Params: []

2015-07-15T11:41:59+07:00 INFO (6): 
Elapsed Secs: 0.00021
Query: SELECT `cabang`.* FROM `cabang` WHERE (id_cabang = '29' ) LIMIT 1
Params: []

2015-07-15T11:41:59+07:00 INFO (6): 
Elapsed Secs: 0.00059
Query: DESCRIBE `kendaraan`
Params: []

2015-07-15T11:41:59+07:00 INFO (6): 
Elapsed Secs: 0.00022
Query: connect
Params: []

2015-07-15T11:41:59+07:00 INFO (6): 
Elapsed Secs: 0.00031
Query: SELECT `ken`.*, `cos`.`id_cabang`, `us`.`id_user`, `cb`.`cabang` FROM `kendaraan` AS `ken`
 INNER JOIN `costumer` AS `cos` ON cos.nik_costumer=ken.nik_costumer
 INNER JOIN `user` AS `us` ON us.id_user = cos.id_user
 INNER JOIN `cabang` AS `cb` ON cos.id_cabang = cb.id_cabang WHERE (us.id_user = '16') AND (cb.id_cabang = '29')
Params: []

2015-07-15T11:42:08+07:00 INFO (6): 
Elapsed Secs: 0.00026
Query: connect
Params: []

2015-07-15T11:42:08+07:00 INFO (6): 
Elapsed Secs: 0.00088
Query: DESCRIBE `costumer`
Params: []

2015-07-15T11:42:08+07:00 INFO (6): 
Elapsed Secs: 0.0003
Query: SELECT `cos`.`nik_costumer`, `cos`.`nama`, `cos`.`alamat`, `cos`.`jenis_kelamin`, `cos`.`tempat_lahir`, `cos`.`tanggal_lahir`, `cos`.`nama_ibu`, `cos`.`agama`, `cos`.`status`, `cos`.`pekerjaan`, `cos`.`alamat_tempat_kerja`, `cos`.`hp`, `cos`.`telpon`, `us`.`realname` FROM `costumer` AS `cos`
 INNER JOIN `user` AS `us` ON cos.id_user=us.id_user
 INNER JOIN `cabang` AS `cb` ON us.id_cabang = cb.id_cabang WHERE (cos.id_user = '16')
Params: []

2015-07-15T11:42:12+07:00 INFO (6): 
Elapsed Secs: 0.0003
Query: connect
Params: []

2015-07-15T11:42:12+07:00 INFO (6): 
Elapsed Secs: 0.00065
Query: DESCRIBE `costumer`
Params: []

2015-07-15T11:42:12+07:00 INFO (6): 
Elapsed Secs: 0.00025
Query: SELECT `cos`.`nik_costumer`, `cos`.`nama`, `cos`.`alamat`, `cos`.`jenis_kelamin`, `cos`.`tempat_lahir`, `cos`.`tanggal_lahir`, `cos`.`nama_ibu`, `cos`.`agama`, `cos`.`status`, `cos`.`pekerjaan`, `cos`.`alamat_tempat_kerja`, `cos`.`hp`, `cos`.`telpon`, `us`.`realname`, `cb`.`cabang` FROM `costumer` AS `cos`
 INNER JOIN `user` AS `us` ON cos.id_user=us.id_user
 INNER JOIN `cabang` AS `cb` ON us.id_cabang = cb.id_cabang WHERE (cos.nik_costumer = '11-212-31231211')
Params: []

2015-07-15T11:42:12+07:00 INFO (6): 
Elapsed Secs: 0.00019
Query: connect
Params: []

2015-07-15T11:42:12+07:00 INFO (6): 
Elapsed Secs: 0.00021
Query: SELECT `penj`.* FROM `costumer` AS `cos`
 INNER JOIN `penjamin` AS `penj` ON penj.nik_costumer = cos.nik_costumer WHERE (cos.nik_costumer = '11-212-31231211')
Params: []

2015-07-15T11:42:14+07:00 INFO (6): 
Elapsed Secs: 0.00021
Query: connect
Params: []

2015-07-15T11:42:14+07:00 INFO (6): 
Elapsed Secs: 0.00062
Query: DESCRIBE `costumer`
Params: []

2015-07-15T11:42:14+07:00 INFO (6): 
Elapsed Secs: 0.00015
Query: SELECT `costumer`.* FROM `costumer` WHERE (nik_costumer ='11-212-31231211') LIMIT 1
Params: []

2015-07-15T11:43:19+07:00 INFO (6): 
Elapsed Secs: 0.00029
Query: connect
Params: []

2015-07-15T11:43:19+07:00 INFO (6): 
Elapsed Secs: 0.001
Query: DESCRIBE `costumer`
Params: []

2015-07-15T11:43:19+07:00 INFO (6): 
Elapsed Secs: 0.00027
Query: SELECT `costumer`.* FROM `costumer` WHERE (nik_costumer ='11-212-31231211') LIMIT 1
Params: []

2015-07-15T11:43:19+07:00 INFO (6): 
Elapsed Secs: 0.00064
Query: DESCRIBE `kendaraan`
Params: []

2015-07-15T11:43:19+07:00 INFO (6): 
Elapsed Secs: 0.15419
Query: INSERT INTO `kendaraan` (`nik_costumer`, `no_polisi`, `no_bpkb`, `nama_bpkb`, `alamat`, `merk`, `no_mesin`, `no_rangka`, `warna`, `tahun_pembuatan`, `isi_silinder`, `tgl_stnk`, `status`) VALUES (?, ?, ?, ?, ?, ?, ?, ?, ?, ?, ?, ?, ?)
Params: {"1":"11-212-31231211","2":"DD-101-AK","3":"081234123123123","4":"Andri Aja","5":"Jalan Selamet Merdeka","6":"Yamaha","7":"0812-121-111111","8":"0812-121-1111110812-121-111111","9":"Merah","10":"2015-06-23","11":"250 cc","12":"2015-06-22","13":"new"}

2015-07-15T11:43:19+07:00 INFO (6): 
Elapsed Secs: 0.00037
Query: connect
Params: []

2015-07-15T11:43:19+07:00 INFO (6): 
Elapsed Secs: 0.00099
Query: DESCRIBE `cabang`
Params: []

2015-07-15T11:43:19+07:00 INFO (6): 
Elapsed Secs: 0.00026
Query: SELECT `cabang`.* FROM `cabang` WHERE (id_cabang = '29' ) LIMIT 1
Params: []

2015-07-15T11:43:19+07:00 INFO (6): 
Elapsed Secs: 0.00092
Query: DESCRIBE `kendaraan`
Params: []

2015-07-15T11:43:19+07:00 INFO (6): 
Elapsed Secs: 0.0005
Query: connect
Params: []

2015-07-15T11:43:19+07:00 INFO (6): 
Elapsed Secs: 0.00081
Query: SELECT `ken`.*, `cos`.`id_cabang`, `us`.`id_user`, `cb`.`cabang` FROM `kendaraan` AS `ken`
 INNER JOIN `costumer` AS `cos` ON cos.nik_costumer=ken.nik_costumer
 INNER JOIN `user` AS `us` ON us.id_user = cos.id_user
 INNER JOIN `cabang` AS `cb` ON cos.id_cabang = cb.id_cabang WHERE (us.id_user = '16') AND (cb.id_cabang = '29')
Params: []

2015-07-15T11:43:24+07:00 INFO (6): 
Elapsed Secs: 0.00154
Query: connect
Params: []

2015-07-15T11:43:24+07:00 INFO (6): 
Elapsed Secs: 0.00082
Query: DESCRIBE `cabang`
Params: []

2015-07-15T11:43:24+07:00 INFO (6): 
Elapsed Secs: 0.00023
Query: SELECT `cabang`.* FROM `cabang` WHERE (id_cabang = '29' ) LIMIT 1
Params: []

2015-07-15T11:43:24+07:00 INFO (6): 
Elapsed Secs: 0.00065
Query: DESCRIBE `pinjaman`
Params: []

2015-07-15T11:43:24+07:00 INFO (6): 
Elapsed Secs: 0.00036
Query: SELECT `pin`.*, `cos`.`nama` FROM `pinjaman` AS `pin`
 INNER JOIN `costumer` AS `cos` ON pin.nik_costumer = cos.nik_costumer
 INNER JOIN `user` AS `us` ON cos.id_user = us.id_user
 INNER JOIN `cabang` AS `cb` ON us.id_cabang = cb.id_cabang WHERE (us.id_user = '16') OR (cb.id_cabang = '29')
Params: []

2015-07-15T11:43:24+07:00 INFO (6): 
Elapsed Secs: 0.0006
Query: DESCRIBE `spb`
Params: []

2015-07-15T11:43:24+07:00 INFO (6): 
Elapsed Secs: 0.00019
Query: SELECT `spb`.* FROM `spb` WHERE (no_kontrak = '29/MF/00001/15') LIMIT 1
Params: []

2015-07-15T11:43:24+07:00 INFO (6): 
Elapsed Secs: 0.00017
Query: SELECT `spb`.* FROM `spb` WHERE (no_kontrak = '29/MF/00154/15') LIMIT 1
Params: []

2015-07-15T11:43:29+07:00 INFO (6): 
Elapsed Secs: 0.00026
Query: connect
Params: []

2015-07-15T11:43:29+07:00 INFO (6): 
Elapsed Secs: 0.00067
Query: DESCRIBE `costumer`
Params: []

2015-07-15T11:43:29+07:00 INFO (6): 
Elapsed Secs: 0.00022
Query: connect
Params: []

2015-07-15T11:43:29+07:00 INFO (6): 
Elapsed Secs: 0.00013
Query: SELECT `costumer`.`nik_costumer` FROM `costumer`
Params: []

2015-07-15T11:43:29+07:00 INFO (6): 
Elapsed Secs: 0.00054
Query: DESCRIBE `kendaraan`
Params: []

2015-07-15T11:43:29+07:00 INFO (6): 
Elapsed Secs: 0.00029
Query: SELECT `ken`.`no_polisi`, `ken`.`nik_costumer`, `cb`.* FROM `kendaraan` AS `ken`
 INNER JOIN `costumer` AS `cos` ON cos.nik_costumer = ken.nik_costumer
 INNER JOIN `penjamin` AS `pen` ON cos.nik_costumer = pen.nik_costumer
 INNER JOIN `user` AS `us` ON cos.id_user = us.id_user
 INNER JOIN `cabang` AS `cb` ON cb.id_cabang = us.id_cabang WHERE (us.id_user = '16') AND (ken.status != 'kredit')
Params: []

2015-07-15T11:43:32+07:00 INFO (6): 
Elapsed Secs: 0.0002
Query: connect
Params: []

2015-07-15T11:43:32+07:00 INFO (6): 
Elapsed Secs: 0.0007
Query: DESCRIBE `costumer`
Params: []

2015-07-15T11:43:32+07:00 INFO (6): 
Elapsed Secs: 0.00027
Query: connect
Params: []

2015-07-15T11:43:32+07:00 INFO (6): 
Elapsed Secs: 0.00016
Query: SELECT `costumer`.`nik_costumer` FROM `costumer`
Params: []

2015-07-15T11:43:32+07:00 INFO (6): 
Elapsed Secs: 0.0005
Query: DESCRIBE `kendaraan`
Params: []

2015-07-15T11:43:32+07:00 INFO (6): 
Elapsed Secs: 0.00023
Query: SELECT `ken`.`no_polisi`, `ken`.`nik_costumer`, `cb`.* FROM `kendaraan` AS `ken`
 INNER JOIN `costumer` AS `cos` ON cos.nik_costumer = ken.nik_costumer
 INNER JOIN `penjamin` AS `pen` ON cos.nik_costumer = pen.nik_costumer
 INNER JOIN `user` AS `us` ON cos.id_user = us.id_user
 INNER JOIN `cabang` AS `cb` ON cb.id_cabang = us.id_cabang WHERE (us.id_user = '16') AND (ken.status != 'kredit')
Params: []

2015-07-15T11:43:32+07:00 INFO (6): 
Elapsed Secs: 0.00013
Query: SELECT `cos`.`nik_costumer`, `cos`.`nama` FROM `kendaraan` AS `ken`
 INNER JOIN `costumer` AS `cos` ON cos.nik_costumer = ken.nik_costumer WHERE (ken.no_polisi = 'DD-101-AK')
Params: []

2015-07-15T11:43:32+07:00 INFO (6): 
Elapsed Secs: 0.0005
Query: DESCRIBE `pinjaman`
Params: []

2015-07-15T11:43:32+07:00 INFO (6): 
Elapsed Secs: 0.00017
Query: SELECT `pinjaman`.* FROM `pinjaman` WHERE (nik_costumer ='11-212-31231211') LIMIT 1
Params: []

2015-07-15T11:43:32+07:00 INFO (6): 
Elapsed Secs: 0.00019
Query: SELECT `pinjaman`.`id_pinjaman` FROM `pinjaman` ORDER BY `id_pinjaman` desc
Params: []

2015-07-15T11:53:19+07:00 INFO (6): 
Elapsed Secs: 0.00021
Query: connect
Params: []

2015-07-15T11:53:19+07:00 INFO (6): 
Elapsed Secs: 0.07722
Query: UPDATE `user_login` SET `status` = ? WHERE (id_user ='16')
Params: {"1":0}

2015-07-15T11:53:27+07:00 INFO (6): 
Elapsed Secs: 0.0004
Query: connect
Params: []

2015-07-15T11:53:27+07:00 INFO (6): 
Elapsed Secs: 0.00111
Query: DESCRIBE `user`
Params: []

2015-07-15T11:53:27+07:00 INFO (6): 
Elapsed Secs: 0.00039
Query: connect
Params: []

2015-07-15T11:53:27+07:00 INFO (6): 
Elapsed Secs: 0.00038
Query: SELECT `user`.*, `cabang`.* FROM `user`
 INNER JOIN `cabang` ON cabang.id_cabang = user.id_cabang WHERE (user.username = 'ommasta') AND (user.password = 'd033e22ae348aeb5660fc2140aec35850c4da997')
Params: []

2015-07-15T11:53:27+07:00 INFO (6): 
Elapsed Secs: 0.00038
Query: SELECT `user`.*, `user_login`.*, `cabang`.* FROM `user`
 INNER JOIN `user_login` ON user_login.id_user = user.id_user
 INNER JOIN `cabang` ON cabang.id_cabang = user.id_cabang WHERE (user.id_user = '15')
Params: []

2015-07-15T11:53:27+07:00 INFO (6): 
Elapsed Secs: 0.16141
Query: UPDATE `user_login` SET `status` = ?, `login_time` = NOW(), `ip_login` = ?, `last_login` = ? WHERE (id_user = '15')
Params: {"1":1,"2":"127.0.0.1","3":"2015-07-15 11:38:28"}

2015-07-15T11:53:27+07:00 INFO (6): 
Elapsed Secs: 0.00032
Query: SELECT `user`.*, `user_login`.*, `cabang`.* FROM `user`
 INNER JOIN `user_login` ON user_login.id_user = user.id_user
 INNER JOIN `cabang` ON cabang.id_cabang = user.id_cabang WHERE (user.id_user = '15')
Params: []

2015-07-15T11:53:31+07:00 INFO (6): 
Elapsed Secs: 0.00043
Query: connect
Params: []

2015-07-15T11:53:31+07:00 INFO (6): 
Elapsed Secs: 0.00127
Query: DESCRIBE `kendaraan`
Params: []

2015-07-15T11:53:31+07:00 INFO (6): 
Elapsed Secs: 0.00036
Query: connect
Params: []

2015-07-15T11:53:31+07:00 INFO (6): 
Elapsed Secs: 0.00054
Query: SELECT `ken`.`no_polisi`, `ken`.`nik_costumer`, `cb`.* FROM `kendaraan` AS `ken`
 INNER JOIN `costumer` AS `cos` ON cos.nik_costumer = ken.nik_costumer
 INNER JOIN `penjamin` AS `pen` ON cos.nik_costumer = pen.nik_costumer
 INNER JOIN `user` AS `us` ON cos.id_user = us.id_user
 INNER JOIN `cabang` AS `cb` ON cb.id_cabang = us.id_cabang WHERE (us.id_user = '15') AND (ken.status != 'kredit')
Params: []

2015-07-15T11:53:43+07:00 INFO (6): 
Elapsed Secs: 0.00027
Query: connect
Params: []

2015-07-15T11:53:43+07:00 INFO (6): 
Elapsed Secs: 0.00066
Query: DESCRIBE `kendaraan`
Params: []

2015-07-15T11:53:43+07:00 INFO (6): 
Elapsed Secs: 0.00039
Query: connect
Params: []

2015-07-15T11:53:43+07:00 INFO (6): 
Elapsed Secs: 0.00037
Query: SELECT `ken`.`no_polisi`, `ken`.`nik_costumer`, `cb`.* FROM `kendaraan` AS `ken`
 INNER JOIN `costumer` AS `cos` ON cos.nik_costumer = ken.nik_costumer
 INNER JOIN `penjamin` AS `pen` ON cos.nik_costumer = pen.nik_costumer
 INNER JOIN `user` AS `us` ON cos.id_user = us.id_user
 INNER JOIN `cabang` AS `cb` ON cb.id_cabang = us.id_cabang WHERE (us.id_user = '15') AND (ken.status != 'kredit')
Params: []

2015-07-15T11:56:05+07:00 INFO (6): 
Elapsed Secs: 0.00023
Query: connect
Params: []

2015-07-15T11:56:05+07:00 INFO (6): 
Elapsed Secs: 0.0574
Query: UPDATE `user_login` SET `status` = ? WHERE (id_user ='15')
Params: {"1":0}

2015-07-15T11:56:09+07:00 INFO (6): 
Elapsed Secs: 0.00047
Query: connect
Params: []

2015-07-15T11:56:09+07:00 INFO (6): 
Elapsed Secs: 0.00117
Query: DESCRIBE `user`
Params: []

2015-07-15T11:56:09+07:00 INFO (6): 
Elapsed Secs: 0.00039
Query: connect
Params: []

2015-07-15T11:56:09+07:00 INFO (6): 
Elapsed Secs: 0.00052
Query: SELECT `user`.*, `cabang`.* FROM `user`
 INNER JOIN `cabang` ON cabang.id_cabang = user.id_cabang WHERE (user.username = 'admin') AND (user.password = 'd033e22ae348aeb5660fc2140aec35850c4da997')
Params: []

2015-07-15T11:56:09+07:00 INFO (6): 
Elapsed Secs: 0.00041
Query: SELECT `user`.*, `user_login`.*, `cabang`.* FROM `user`
 INNER JOIN `user_login` ON user_login.id_user = user.id_user
 INNER JOIN `cabang` ON cabang.id_cabang = user.id_cabang WHERE (user.id_user = '16')
Params: []

2015-07-15T11:56:09+07:00 INFO (6): 
Elapsed Secs: 0.09958
Query: UPDATE `user_login` SET `status` = ?, `login_time` = NOW(), `ip_login` = ?, `last_login` = ? WHERE (id_user = '16')
Params: {"1":1,"2":"127.0.0.1","3":"2015-07-15 11:41:29"}

2015-07-15T11:56:09+07:00 INFO (6): 
Elapsed Secs: 0.0005
Query: SELECT `user`.*, `user_login`.*, `cabang`.* FROM `user`
 INNER JOIN `user_login` ON user_login.id_user = user.id_user
 INNER JOIN `cabang` ON cabang.id_cabang = user.id_cabang WHERE (user.id_user = '16')
Params: []

2015-07-15T11:56:12+07:00 INFO (6): 
Elapsed Secs: 0.00028
Query: connect
Params: []

2015-07-15T11:56:12+07:00 INFO (6): 
Elapsed Secs: 0.00074
Query: DESCRIBE `cabang`
Params: []

2015-07-15T11:56:12+07:00 INFO (6): 
Elapsed Secs: 0.00018
Query: SELECT `cabang`.* FROM `cabang` WHERE (id_cabang = '29' ) LIMIT 1
Params: []

2015-07-15T11:56:12+07:00 INFO (6): 
Elapsed Secs: 0.00058
Query: DESCRIBE `pinjaman`
Params: []

2015-07-15T11:56:12+07:00 INFO (6): 
Elapsed Secs: 0.00031
Query: SELECT `pin`.*, `cos`.`nama` FROM `pinjaman` AS `pin`
 INNER JOIN `costumer` AS `cos` ON pin.nik_costumer = cos.nik_costumer
 INNER JOIN `user` AS `us` ON cos.id_user = us.id_user
 INNER JOIN `cabang` AS `cb` ON us.id_cabang = cb.id_cabang WHERE (us.id_user = '16') OR (cb.id_cabang = '29')
Params: []

2015-07-15T11:56:12+07:00 INFO (6): 
Elapsed Secs: 0.00057
Query: DESCRIBE `spb`
Params: []

2015-07-15T11:56:12+07:00 INFO (6): 
Elapsed Secs: 0.00016
Query: SELECT `spb`.* FROM `spb` WHERE (no_kontrak = '29/MF/00001/15') LIMIT 1
Params: []

2015-07-15T11:56:12+07:00 INFO (6): 
Elapsed Secs: 0.00016
Query: SELECT `spb`.* FROM `spb` WHERE (no_kontrak = '29/MF/00154/15') LIMIT 1
Params: []

2015-07-15T11:56:15+07:00 INFO (6): 
Elapsed Secs: 0.00042
Query: connect
Params: []

2015-07-15T11:56:15+07:00 INFO (6): 
Elapsed Secs: 0.0012
Query: DESCRIBE `kendaraan`
Params: []

2015-07-15T11:56:15+07:00 INFO (6): 
Elapsed Secs: 0.00032
Query: connect
Params: []

2015-07-15T11:56:15+07:00 INFO (6): 
Elapsed Secs: 0.00041
Query: SELECT `ken`.`no_polisi`, `ken`.`nik_costumer`, `cb`.* FROM `kendaraan` AS `ken`
 INNER JOIN `costumer` AS `cos` ON cos.nik_costumer = ken.nik_costumer
 INNER JOIN `penjamin` AS `pen` ON cos.nik_costumer = pen.nik_costumer
 INNER JOIN `user` AS `us` ON cos.id_user = us.id_user
 INNER JOIN `cabang` AS `cb` ON cb.id_cabang = us.id_cabang WHERE (us.id_user = '16') AND (ken.status != 'kredit')
Params: []

2015-07-15T11:56:18+07:00 INFO (6): 
Elapsed Secs: 0.00021
Query: connect
Params: []

2015-07-15T11:56:18+07:00 INFO (6): 
Elapsed Secs: 0.0006
Query: DESCRIBE `kendaraan`
Params: []

2015-07-15T11:56:18+07:00 INFO (6): 
Elapsed Secs: 0.00012
Query: connect
Params: []

2015-07-15T11:56:18+07:00 INFO (6): 
Elapsed Secs: 0.00028
Query: SELECT `ken`.`no_polisi`, `ken`.`nik_costumer`, `cb`.* FROM `kendaraan` AS `ken`
 INNER JOIN `costumer` AS `cos` ON cos.nik_costumer = ken.nik_costumer
 INNER JOIN `penjamin` AS `pen` ON cos.nik_costumer = pen.nik_costumer
 INNER JOIN `user` AS `us` ON cos.id_user = us.id_user
 INNER JOIN `cabang` AS `cb` ON cb.id_cabang = us.id_cabang WHERE (us.id_user = '16') AND (ken.status != 'kredit')
Params: []

2015-07-15T11:56:18+07:00 INFO (6): 
Elapsed Secs: 9.0E-5
Query: SELECT `cos`.`nik_costumer`, `cos`.`nama` FROM `kendaraan` AS `ken`
 INNER JOIN `costumer` AS `cos` ON cos.nik_costumer = ken.nik_costumer WHERE (ken.no_polisi = 'DD-101-AK')
Params: []

2015-07-15T11:56:18+07:00 INFO (6): 
Elapsed Secs: 0.00049
Query: DESCRIBE `pinjaman`
Params: []

2015-07-15T11:56:18+07:00 INFO (6): 
Elapsed Secs: 0.00012
Query: SELECT `pinjaman`.* FROM `pinjaman` WHERE (nik_costumer ='11-212-31231211') LIMIT 1
Params: []

2015-07-15T11:56:18+07:00 INFO (6): 
Elapsed Secs: 0.00017
Query: SELECT `pinjaman`.`id_pinjaman` FROM `pinjaman` ORDER BY `id_pinjaman` desc
Params: []

