2015-07-05T20:02:14+07:00 INFO (6): 
Elapsed Secs: 0.00028
Query: connect
Params: []

2015-07-05T20:02:14+07:00 INFO (6): 
Elapsed Secs: 0.00055
Query: DESCRIBE `costumer`
Params: []

2015-07-05T20:02:14+07:00 INFO (6): 
Elapsed Secs: 0.0002
Query: connect
Params: []

2015-07-05T20:02:14+07:00 INFO (6): 
Elapsed Secs: 0.00012
Query: SELECT `costumer`.`nik_costumer` FROM `costumer`
Params: []

2015-07-05T20:02:14+07:00 INFO (6): 
Elapsed Secs: 0.00046
Query: DESCRIBE `kendaraan`
Params: []

2015-07-05T20:02:14+07:00 INFO (6): 
Elapsed Secs: 0.00043
Query: SELECT `ken`.`no_polisi`, `ken`.`nik_costumer`, `cb`.* FROM `kendaraan` AS `ken`
 INNER JOIN `costumer` AS `cos` ON cos.nik_costumer = ken.nik_costumer
 INNER JOIN `user` AS `us` ON cos.id_user = us.id_user
 INNER JOIN `cabang` AS `cb` ON cb.id_cabang = us.id_cabang WHERE (us.id_user = '16') AND (ken.status != 'kredit')
Params: []

2015-07-05T20:02:23+07:00 INFO (6): 
Elapsed Secs: 0.00024
Query: connect
Params: []

2015-07-05T20:02:23+07:00 INFO (6): 
Elapsed Secs: 0.00043
Query: DESCRIBE `costumer`
Params: []

2015-07-05T20:02:23+07:00 INFO (6): 
Elapsed Secs: 0.00021
Query: connect
Params: []

2015-07-05T20:02:23+07:00 INFO (6): 
Elapsed Secs: 0.00017
Query: SELECT `costumer`.`nik_costumer` FROM `costumer`
Params: []

2015-07-05T20:02:23+07:00 INFO (6): 
Elapsed Secs: 0.00036
Query: DESCRIBE `kendaraan`
Params: []

2015-07-05T20:02:23+07:00 INFO (6): 
Elapsed Secs: 0.00027
Query: SELECT `ken`.`no_polisi`, `ken`.`nik_costumer`, `cb`.* FROM `kendaraan` AS `ken`
 INNER JOIN `costumer` AS `cos` ON cos.nik_costumer = ken.nik_costumer
 INNER JOIN `user` AS `us` ON cos.id_user = us.id_user
 INNER JOIN `cabang` AS `cb` ON cb.id_cabang = us.id_cabang WHERE (us.id_user = '16') AND (ken.status != 'kredit')
Params: []

2015-07-05T20:03:08+07:00 INFO (6): 
Elapsed Secs: 0.00028
Query: connect
Params: []

2015-07-05T20:03:08+07:00 INFO (6): 
Elapsed Secs: 0.00043
Query: DESCRIBE `costumer`
Params: []

2015-07-05T20:03:08+07:00 INFO (6): 
Elapsed Secs: 0.00021
Query: connect
Params: []

2015-07-05T20:03:08+07:00 INFO (6): 
Elapsed Secs: 0.00014
Query: SELECT `costumer`.`nik_costumer` FROM `costumer`
Params: []

2015-07-05T20:03:08+07:00 INFO (6): 
Elapsed Secs: 0.00033
Query: DESCRIBE `kendaraan`
Params: []

2015-07-05T20:03:08+07:00 INFO (6): 
Elapsed Secs: 0.00023
Query: SELECT `ken`.`no_polisi`, `ken`.`nik_costumer`, `cb`.* FROM `kendaraan` AS `ken`
 INNER JOIN `costumer` AS `cos` ON cos.nik_costumer = ken.nik_costumer
 INNER JOIN `user` AS `us` ON cos.id_user = us.id_user
 INNER JOIN `cabang` AS `cb` ON cb.id_cabang = us.id_cabang WHERE (us.id_user = '16') AND (ken.status != 'kredit')
Params: []

2015-07-05T20:04:14+07:00 INFO (6): 
Elapsed Secs: 0.00202
Query: connect
Params: []

2015-07-05T20:04:14+07:00 INFO (6): 
Elapsed Secs: 0.00072
Query: DESCRIBE `costumer`
Params: []

2015-07-05T20:04:14+07:00 INFO (6): 
Elapsed Secs: 0.00033
Query: connect
Params: []

2015-07-05T20:04:14+07:00 INFO (6): 
Elapsed Secs: 0.00018
Query: SELECT `costumer`.`nik_costumer` FROM `costumer`
Params: []

2015-07-05T20:04:14+07:00 INFO (6): 
Elapsed Secs: 0.00058
Query: DESCRIBE `kendaraan`
Params: []

2015-07-05T20:04:14+07:00 INFO (6): 
Elapsed Secs: 0.00039
Query: SELECT `ken`.`no_polisi`, `ken`.`nik_costumer`, `cb`.* FROM `kendaraan` AS `ken`
 INNER JOIN `costumer` AS `cos` ON cos.nik_costumer = ken.nik_costumer
 INNER JOIN `user` AS `us` ON cos.id_user = us.id_user
 INNER JOIN `cabang` AS `cb` ON cb.id_cabang = us.id_cabang WHERE (us.id_user = '16') AND (ken.status != 'kredit')
Params: []

2015-07-05T20:04:24+07:00 INFO (6): 
Elapsed Secs: 0.00025
Query: connect
Params: []

2015-07-05T20:04:24+07:00 INFO (6): 
Elapsed Secs: 0.0005
Query: DESCRIBE `cabang`
Params: []

2015-07-05T20:04:24+07:00 INFO (6): 
Elapsed Secs: 0.00018
Query: SELECT `cabang`.* FROM `cabang` WHERE (id_cabang = '29' ) LIMIT 1
Params: []

2015-07-05T20:04:24+07:00 INFO (6): 
Elapsed Secs: 0.0004
Query: DESCRIBE `pinjaman`
Params: []

2015-07-05T20:04:24+07:00 INFO (6): 
Elapsed Secs: 0.00026
Query: SELECT `pin`.*, `cos`.`nama` FROM `pinjaman` AS `pin`
 INNER JOIN `costumer` AS `cos` ON pin.nik_costumer = cos.nik_costumer
 INNER JOIN `user` AS `us` ON cos.id_user = us.id_user
 INNER JOIN `cabang` AS `cb` ON us.id_cabang = cb.id_cabang WHERE (us.id_user = '16') AND (cb.id_cabang = '29')
Params: []

2015-07-05T20:04:24+07:00 INFO (6): 
Elapsed Secs: 0.00036
Query: DESCRIBE `spb`
Params: []

2015-07-05T20:04:24+07:00 INFO (6): 
Elapsed Secs: 0.00013
Query: SELECT `spb`.* FROM `spb` WHERE (no_kontrak = '29/MF/00001/15') LIMIT 1
Params: []

2015-07-05T20:04:24+07:00 INFO (6): 
Elapsed Secs: 0.00013
Query: SELECT `spb`.* FROM `spb` WHERE (no_kontrak = '29/MF/00154/15') LIMIT 1
Params: []

2015-07-05T20:04:27+07:00 INFO (6): 
Elapsed Secs: 0.0002
Query: connect
Params: []

2015-07-05T20:04:27+07:00 INFO (6): 
Elapsed Secs: 0.00038
Query: DESCRIBE `cabang`
Params: []

2015-07-05T20:04:27+07:00 INFO (6): 
Elapsed Secs: 0.00013
Query: SELECT `cabang`.* FROM `cabang` WHERE (id_cabang = '29' ) LIMIT 1
Params: []

2015-07-05T20:04:27+07:00 INFO (6): 
Elapsed Secs: 0.00027
Query: DESCRIBE `pinjaman`
Params: []

2015-07-05T20:04:27+07:00 INFO (6): 
Elapsed Secs: 0.0002
Query: SELECT `pin`.*, `cos`.`nama`, `cb`.`cabang` FROM `pinjaman` AS `pin`
 INNER JOIN `costumer` AS `cos` ON pin.nik_costumer = cos.nik_costumer
 INNER JOIN `user` AS `us` ON cos.id_user = us.id_user
 INNER JOIN `cabang` AS `cb` ON us.id_cabang = cb.id_cabang
Params: []

2015-07-05T20:04:27+07:00 INFO (6): 
Elapsed Secs: 0.00026
Query: DESCRIBE `spb`
Params: []

2015-07-05T20:04:27+07:00 INFO (6): 
Elapsed Secs: 0.0001
Query: SELECT `spb`.* FROM `spb` WHERE (no_kontrak = '29/MF/00001/15') LIMIT 1
Params: []

2015-07-05T20:04:27+07:00 INFO (6): 
Elapsed Secs: 9.0E-5
Query: SELECT `spb`.* FROM `spb` WHERE (no_kontrak = '29/MF/00154/15') LIMIT 1
Params: []

2015-07-05T20:04:27+07:00 INFO (6): 
Elapsed Secs: 0.00024
Query: connect
Params: []

2015-07-05T20:04:27+07:00 INFO (6): 
Elapsed Secs: 0.0005
Query: DESCRIBE `cabang`
Params: []

2015-07-05T20:04:27+07:00 INFO (6): 
Elapsed Secs: 0.00019
Query: SELECT `cabang`.* FROM `cabang` WHERE (id_cabang = '29' ) LIMIT 1
Params: []

2015-07-05T20:04:27+07:00 INFO (6): 
Elapsed Secs: 0.00043
Query: DESCRIBE `pinjaman`
Params: []

2015-07-05T20:04:27+07:00 INFO (6): 
Elapsed Secs: 0.00027
Query: SELECT `pin`.*, `cos`.`nama` FROM `pinjaman` AS `pin`
 INNER JOIN `costumer` AS `cos` ON pin.nik_costumer = cos.nik_costumer
 INNER JOIN `user` AS `us` ON cos.id_user = us.id_user
 INNER JOIN `cabang` AS `cb` ON us.id_cabang = cb.id_cabang WHERE (us.id_user = '16') AND (cb.id_cabang = '29')
Params: []

2015-07-05T20:04:27+07:00 INFO (6): 
Elapsed Secs: 0.00037
Query: DESCRIBE `spb`
Params: []

2015-07-05T20:04:27+07:00 INFO (6): 
Elapsed Secs: 0.00013
Query: SELECT `spb`.* FROM `spb` WHERE (no_kontrak = '29/MF/00001/15') LIMIT 1
Params: []

2015-07-05T20:04:27+07:00 INFO (6): 
Elapsed Secs: 0.00012
Query: SELECT `spb`.* FROM `spb` WHERE (no_kontrak = '29/MF/00154/15') LIMIT 1
Params: []

2015-07-05T20:04:28+07:00 INFO (6): 
Elapsed Secs: 0.00017
Query: connect
Params: []

2015-07-05T20:04:28+07:00 INFO (6): 
Elapsed Secs: 0.00038
Query: DESCRIBE `cabang`
Params: []

2015-07-05T20:04:28+07:00 INFO (6): 
Elapsed Secs: 0.00015
Query: SELECT `cabang`.* FROM `cabang` WHERE (id_cabang = '29' ) LIMIT 1
Params: []

2015-07-05T20:04:28+07:00 INFO (6): 
Elapsed Secs: 0.00032
Query: DESCRIBE `pinjaman`
Params: []

2015-07-05T20:04:28+07:00 INFO (6): 
Elapsed Secs: 0.0002
Query: SELECT `pin`.*, `cos`.`nama`, `cb`.`cabang` FROM `pinjaman` AS `pin`
 INNER JOIN `costumer` AS `cos` ON pin.nik_costumer = cos.nik_costumer
 INNER JOIN `user` AS `us` ON cos.id_user = us.id_user
 INNER JOIN `cabang` AS `cb` ON us.id_cabang = cb.id_cabang
Params: []

2015-07-05T20:04:28+07:00 INFO (6): 
Elapsed Secs: 0.00025
Query: DESCRIBE `spb`
Params: []

2015-07-05T20:04:28+07:00 INFO (6): 
Elapsed Secs: 0.0001
Query: SELECT `spb`.* FROM `spb` WHERE (no_kontrak = '29/MF/00001/15') LIMIT 1
Params: []

2015-07-05T20:04:28+07:00 INFO (6): 
Elapsed Secs: 0.00011
Query: SELECT `spb`.* FROM `spb` WHERE (no_kontrak = '29/MF/00154/15') LIMIT 1
Params: []

2015-07-05T20:04:31+07:00 INFO (6): 
Elapsed Secs: 0.00029
Query: connect
Params: []

2015-07-05T20:04:31+07:00 INFO (6): 
Elapsed Secs: 0.0004
Query: DESCRIBE `cabang`
Params: []

2015-07-05T20:04:31+07:00 INFO (6): 
Elapsed Secs: 0.00018
Query: SELECT `cabang`.* FROM `cabang` WHERE (id_cabang = '29' ) LIMIT 1
Params: []

2015-07-05T20:04:31+07:00 INFO (6): 
Elapsed Secs: 0.00032
Query: DESCRIBE `pinjaman`
Params: []

2015-07-05T20:04:31+07:00 INFO (6): 
Elapsed Secs: 0.00023
Query: SELECT `pin`.*, `cos`.`nama` FROM `pinjaman` AS `pin`
 INNER JOIN `costumer` AS `cos` ON pin.nik_costumer = cos.nik_costumer
 INNER JOIN `user` AS `us` ON cos.id_user = us.id_user
 INNER JOIN `cabang` AS `cb` ON us.id_cabang = cb.id_cabang WHERE (us.id_user = '16') AND (cb.id_cabang = '29')
Params: []

2015-07-05T20:04:31+07:00 INFO (6): 
Elapsed Secs: 0.00033
Query: DESCRIBE `spb`
Params: []

2015-07-05T20:04:31+07:00 INFO (6): 
Elapsed Secs: 0.00012
Query: SELECT `spb`.* FROM `spb` WHERE (no_kontrak = '29/MF/00001/15') LIMIT 1
Params: []

2015-07-05T20:04:31+07:00 INFO (6): 
Elapsed Secs: 0.00015
Query: SELECT `spb`.* FROM `spb` WHERE (no_kontrak = '29/MF/00154/15') LIMIT 1
Params: []

2015-07-05T20:04:32+07:00 INFO (6): 
Elapsed Secs: 0.00029
Query: connect
Params: []

2015-07-05T20:04:32+07:00 INFO (6): 
Elapsed Secs: 0.0004
Query: DESCRIBE `cabang`
Params: []

2015-07-05T20:04:32+07:00 INFO (6): 
Elapsed Secs: 0.00018
Query: SELECT `cabang`.* FROM `cabang` WHERE (id_cabang = '29' ) LIMIT 1
Params: []

2015-07-05T20:04:32+07:00 INFO (6): 
Elapsed Secs: 0.00031
Query: DESCRIBE `pinjaman`
Params: []

2015-07-05T20:04:32+07:00 INFO (6): 
Elapsed Secs: 0.00027
Query: SELECT `pin`.*, `cos`.`nama`, `cb`.`cabang` FROM `pinjaman` AS `pin`
 INNER JOIN `costumer` AS `cos` ON pin.nik_costumer = cos.nik_costumer
 INNER JOIN `user` AS `us` ON cos.id_user = us.id_user
 INNER JOIN `cabang` AS `cb` ON us.id_cabang = cb.id_cabang
Params: []

2015-07-05T20:04:32+07:00 INFO (6): 
Elapsed Secs: 0.00032
Query: DESCRIBE `spb`
Params: []

2015-07-05T20:04:32+07:00 INFO (6): 
Elapsed Secs: 0.00016
Query: SELECT `spb`.* FROM `spb` WHERE (no_kontrak = '29/MF/00001/15') LIMIT 1
Params: []

2015-07-05T20:04:32+07:00 INFO (6): 
Elapsed Secs: 0.00014
Query: SELECT `spb`.* FROM `spb` WHERE (no_kontrak = '29/MF/00154/15') LIMIT 1
Params: []

2015-07-05T20:05:03+07:00 INFO (6): 
Elapsed Secs: 0.00024
Query: connect
Params: []

2015-07-05T20:05:03+07:00 INFO (6): 
Elapsed Secs: 0.00035
Query: DESCRIBE `cabang`
Params: []

2015-07-05T20:05:03+07:00 INFO (6): 
Elapsed Secs: 0.00012
Query: SELECT `cabang`.* FROM `cabang` WHERE (id_cabang = '29' ) LIMIT 1
Params: []

2015-07-05T20:05:03+07:00 INFO (6): 
Elapsed Secs: 0.00025
Query: DESCRIBE `pinjaman`
Params: []

2015-07-05T20:05:03+07:00 INFO (6): 
Elapsed Secs: 0.00018
Query: SELECT `pin`.*, `cos`.`nama`, `cb`.`cabang` FROM `pinjaman` AS `pin`
 INNER JOIN `costumer` AS `cos` ON pin.nik_costumer = cos.nik_costumer
 INNER JOIN `user` AS `us` ON cos.id_user = us.id_user
 INNER JOIN `cabang` AS `cb` ON us.id_cabang = cb.id_cabang
Params: []

2015-07-05T20:05:03+07:00 INFO (6): 
Elapsed Secs: 0.00023
Query: DESCRIBE `spb`
Params: []

2015-07-05T20:05:03+07:00 INFO (6): 
Elapsed Secs: 9.0E-5
Query: SELECT `spb`.* FROM `spb` WHERE (no_kontrak = '29/MF/00001/15') LIMIT 1
Params: []

2015-07-05T20:05:03+07:00 INFO (6): 
Elapsed Secs: 8.0E-5
Query: SELECT `spb`.* FROM `spb` WHERE (no_kontrak = '29/MF/00154/15') LIMIT 1
Params: []

2015-07-05T20:05:16+07:00 INFO (6): 
Elapsed Secs: 0.00022
Query: connect
Params: []

2015-07-05T20:05:16+07:00 INFO (6): 
Elapsed Secs: 0.00049
Query: DESCRIBE `cabang`
Params: []

2015-07-05T20:05:16+07:00 INFO (6): 
Elapsed Secs: 0.00019
Query: SELECT `cabang`.* FROM `cabang` WHERE (id_cabang = '29' ) LIMIT 1
Params: []

2015-07-05T20:05:16+07:00 INFO (6): 
Elapsed Secs: 0.00039
Query: DESCRIBE `pinjaman`
Params: []

2015-07-05T20:05:16+07:00 INFO (6): 
Elapsed Secs: 0.00026
Query: SELECT `pin`.*, `cos`.`nama` FROM `pinjaman` AS `pin`
 INNER JOIN `costumer` AS `cos` ON pin.nik_costumer = cos.nik_costumer
 INNER JOIN `user` AS `us` ON cos.id_user = us.id_user
 INNER JOIN `cabang` AS `cb` ON us.id_cabang = cb.id_cabang WHERE (us.id_user = '16') AND (cb.id_cabang = '29')
Params: []

2015-07-05T20:05:16+07:00 INFO (6): 
Elapsed Secs: 0.00039
Query: DESCRIBE `spb`
Params: []

2015-07-05T20:05:16+07:00 INFO (6): 
Elapsed Secs: 0.00025
Query: SELECT `spb`.* FROM `spb` WHERE (no_kontrak = '29/MF/00001/15') LIMIT 1
Params: []

2015-07-05T20:05:16+07:00 INFO (6): 
Elapsed Secs: 0.00021
Query: SELECT `spb`.* FROM `spb` WHERE (no_kontrak = '29/MF/00154/15') LIMIT 1
Params: []

2015-07-05T20:13:20+07:00 INFO (6): 
Elapsed Secs: 0.00033
Query: connect
Params: []

2015-07-05T20:13:20+07:00 INFO (6): 
Elapsed Secs: 0.00054
Query: DESCRIBE `cabang`
Params: []

2015-07-05T20:13:20+07:00 INFO (6): 
Elapsed Secs: 0.00017
Query: SELECT `cabang`.* FROM `cabang` WHERE (id_cabang = '29' ) LIMIT 1
Params: []

2015-07-05T20:13:20+07:00 INFO (6): 
Elapsed Secs: 0.00031
Query: DESCRIBE `pinjaman`
Params: []

2015-07-05T20:13:20+07:00 INFO (6): 
Elapsed Secs: 0.00026
Query: SELECT `pin`.*, `cos`.`nama` FROM `pinjaman` AS `pin`
 INNER JOIN `costumer` AS `cos` ON pin.nik_costumer = cos.nik_costumer
 INNER JOIN `user` AS `us` ON cos.id_user = us.id_user
 INNER JOIN `cabang` AS `cb` ON us.id_cabang = cb.id_cabang WHERE (us.id_user = '16') AND (cb.id_cabang = '29')
Params: []

2015-07-05T20:13:20+07:00 INFO (6): 
Elapsed Secs: 0.00032
Query: DESCRIBE `spb`
Params: []

2015-07-05T20:13:20+07:00 INFO (6): 
Elapsed Secs: 0.00016
Query: SELECT `spb`.* FROM `spb` WHERE (no_kontrak = '29/MF/00001/15') LIMIT 1
Params: []

2015-07-05T20:13:20+07:00 INFO (6): 
Elapsed Secs: 0.00015
Query: SELECT `spb`.* FROM `spb` WHERE (no_kontrak = '29/MF/00154/15') LIMIT 1
Params: []

2015-07-05T20:14:49+07:00 INFO (6): 
Elapsed Secs: 0.00021
Query: connect
Params: []

2015-07-05T20:14:49+07:00 INFO (6): 
Elapsed Secs: 0.00046
Query: DESCRIBE `cabang`
Params: []

2015-07-05T20:14:49+07:00 INFO (6): 
Elapsed Secs: 0.00014
Query: SELECT `cabang`.* FROM `cabang` WHERE (id_cabang = '29' ) LIMIT 1
Params: []

2015-07-05T20:14:49+07:00 INFO (6): 
Elapsed Secs: 0.00027
Query: DESCRIBE `pinjaman`
Params: []

2015-07-05T20:14:49+07:00 INFO (6): 
Elapsed Secs: 0.00022
Query: SELECT `pin`.*, `cos`.`nama` FROM `pinjaman` AS `pin`
 INNER JOIN `costumer` AS `cos` ON pin.nik_costumer = cos.nik_costumer
 INNER JOIN `user` AS `us` ON cos.id_user = us.id_user
 INNER JOIN `cabang` AS `cb` ON us.id_cabang = cb.id_cabang WHERE (us.id_user = '16') AND (cb.id_cabang = '29')
Params: []

2015-07-05T20:14:49+07:00 INFO (6): 
Elapsed Secs: 0.00027
Query: DESCRIBE `spb`
Params: []

2015-07-05T20:14:49+07:00 INFO (6): 
Elapsed Secs: 0.0001
Query: SELECT `spb`.* FROM `spb` WHERE (no_kontrak = '29/MF/00001/15') LIMIT 1
Params: []

2015-07-05T20:14:49+07:00 INFO (6): 
Elapsed Secs: 9.0E-5
Query: SELECT `spb`.* FROM `spb` WHERE (no_kontrak = '29/MF/00154/15') LIMIT 1
Params: []

2015-07-05T20:23:10+07:00 INFO (6): 
Elapsed Secs: 0.00018
Query: connect
Params: []

2015-07-05T20:23:11+07:00 INFO (6): 
Elapsed Secs: 0.05399
Query: UPDATE `user_login` SET `status` = ?, `last_login` = ? WHERE (status = 1)
Params: {"1":0,"2":"2015-07-05 19:23:07"}

2015-07-05T20:23:27+07:00 INFO (6): 
Elapsed Secs: 0.00029
Query: connect
Params: []

2015-07-05T20:23:27+07:00 INFO (6): 
Elapsed Secs: 0.00037
Query: DESCRIBE `user`
Params: []

2015-07-05T20:23:27+07:00 INFO (6): 
Elapsed Secs: 0.00024
Query: connect
Params: []

2015-07-05T20:23:27+07:00 INFO (6): 
Elapsed Secs: 0.00025
Query: SELECT `user`.*, `cabang`.* FROM `user`
 INNER JOIN `cabang` ON cabang.id_cabang = user.id_cabang WHERE (user.username = 'admin') AND (user.password = 'd033e22ae348aeb5660fc2140aec35850c4da997')
Params: []

2015-07-05T20:23:27+07:00 INFO (6): 
Elapsed Secs: 0.00023
Query: SELECT `user`.*, `user_login`.*, `cabang`.* FROM `user`
 INNER JOIN `user_login` ON user_login.id_user = user.id_user
 INNER JOIN `cabang` ON cabang.id_cabang = user.id_cabang WHERE (user.id_user = '16')
Params: []

2015-07-05T20:23:27+07:00 INFO (6): 
Elapsed Secs: 0.07431
Query: UPDATE `user_login` SET `status` = ?, `login_time` = NOW(), `ip_login` = ?, `last_login` = ? WHERE (id_user = '16')
Params: {"1":1,"2":"127.0.0.1","3":"2015-07-05 19:23:07"}

2015-07-05T20:23:27+07:00 INFO (6): 
Elapsed Secs: 0.00026
Query: SELECT `user`.*, `user_login`.*, `cabang`.* FROM `user`
 INNER JOIN `user_login` ON user_login.id_user = user.id_user
 INNER JOIN `cabang` ON cabang.id_cabang = user.id_cabang WHERE (user.id_user = '16')
Params: []

2015-07-05T20:23:34+07:00 INFO (6): 
Elapsed Secs: 0.00021
Query: connect
Params: []

2015-07-05T20:23:34+07:00 INFO (6): 
Elapsed Secs: 0.00035
Query: DESCRIBE `cabang`
Params: []

2015-07-05T20:23:34+07:00 INFO (6): 
Elapsed Secs: 0.00012
Query: SELECT `cabang`.* FROM `cabang` WHERE (id_cabang = '29' ) LIMIT 1
Params: []

2015-07-05T20:23:34+07:00 INFO (6): 
Elapsed Secs: 0.00059
Query: DESCRIBE `pinjaman`
Params: []

2015-07-05T20:23:34+07:00 INFO (6): 
Elapsed Secs: 0.00035
Query: SELECT `pin`.*, `cos`.`nama` FROM `pinjaman` AS `pin`
 INNER JOIN `costumer` AS `cos` ON pin.nik_costumer = cos.nik_costumer
 INNER JOIN `user` AS `us` ON cos.id_user = us.id_user
 INNER JOIN `cabang` AS `cb` ON us.id_cabang = cb.id_cabang WHERE (us.id_user = '16') AND (cb.id_cabang = '29')
Params: []

2015-07-05T20:23:34+07:00 INFO (6): 
Elapsed Secs: 0.00049
Query: DESCRIBE `spb`
Params: []

2015-07-05T20:23:34+07:00 INFO (6): 
Elapsed Secs: 0.00019
Query: SELECT `spb`.* FROM `spb` WHERE (no_kontrak = '29/MF/00001/15') LIMIT 1
Params: []

2015-07-05T20:23:34+07:00 INFO (6): 
Elapsed Secs: 0.00018
Query: SELECT `spb`.* FROM `spb` WHERE (no_kontrak = '29/MF/00154/15') LIMIT 1
Params: []

2015-07-05T20:47:50+07:00 INFO (6): 
Elapsed Secs: 0.00104
Query: connect
Params: []

2015-07-05T20:47:50+07:00 INFO (6): 
Elapsed Secs: 0.0004
Query: DESCRIBE `cabang`
Params: []

2015-07-05T20:47:50+07:00 INFO (6): 
Elapsed Secs: 0.00015
Query: SELECT `cabang`.* FROM `cabang` WHERE (id_cabang = '29' ) LIMIT 1
Params: []

2015-07-05T20:47:50+07:00 INFO (6): 
Elapsed Secs: 0.0003
Query: DESCRIBE `pinjaman`
Params: []

2015-07-05T20:47:50+07:00 INFO (6): 
Elapsed Secs: 0.00021
Query: SELECT `pin`.*, `cos`.`nama` FROM `pinjaman` AS `pin`
 INNER JOIN `costumer` AS `cos` ON pin.nik_costumer = cos.nik_costumer
 INNER JOIN `user` AS `us` ON cos.id_user = us.id_user
 INNER JOIN `cabang` AS `cb` ON us.id_cabang = cb.id_cabang WHERE (us.id_user = '16') AND (cb.id_cabang = '29')
Params: []

2015-07-05T20:47:50+07:00 INFO (6): 
Elapsed Secs: 0.00028
Query: DESCRIBE `spb`
Params: []

2015-07-05T20:47:50+07:00 INFO (6): 
Elapsed Secs: 0.00011
Query: SELECT `spb`.* FROM `spb` WHERE (no_kontrak = '29/MF/00001/15') LIMIT 1
Params: []

2015-07-05T20:47:50+07:00 INFO (6): 
Elapsed Secs: 9.0E-5
Query: SELECT `spb`.* FROM `spb` WHERE (no_kontrak = '29/MF/00154/15') LIMIT 1
Params: []

2015-07-05T20:48:17+07:00 INFO (6): 
Elapsed Secs: 0.00102
Query: connect
Params: []

2015-07-05T20:48:17+07:00 INFO (6): 
Elapsed Secs: 0.00048
Query: DESCRIBE `cabang`
Params: []

2015-07-05T20:48:17+07:00 INFO (6): 
Elapsed Secs: 0.00017
Query: SELECT `cabang`.* FROM `cabang` WHERE (id_cabang = '29' ) LIMIT 1
Params: []

2015-07-05T20:48:17+07:00 INFO (6): 
Elapsed Secs: 0.00035
Query: DESCRIBE `pinjaman`
Params: []

2015-07-05T20:48:17+07:00 INFO (6): 
Elapsed Secs: 0.00021
Query: SELECT `pin`.*, `cos`.`nama` FROM `pinjaman` AS `pin`
 INNER JOIN `costumer` AS `cos` ON pin.nik_costumer = cos.nik_costumer
 INNER JOIN `user` AS `us` ON cos.id_user = us.id_user
 INNER JOIN `cabang` AS `cb` ON us.id_cabang = cb.id_cabang WHERE (us.id_user = '16') AND (cb.id_cabang = '29')
Params: []

2015-07-05T20:48:17+07:00 INFO (6): 
Elapsed Secs: 0.00032
Query: DESCRIBE `spb`
Params: []

2015-07-05T20:48:17+07:00 INFO (6): 
Elapsed Secs: 0.00013
Query: SELECT `spb`.* FROM `spb` WHERE (no_kontrak = '29/MF/00001/15') LIMIT 1
Params: []

2015-07-05T20:48:17+07:00 INFO (6): 
Elapsed Secs: 0.00014
Query: SELECT `spb`.* FROM `spb` WHERE (no_kontrak = '29/MF/00154/15') LIMIT 1
Params: []

2015-07-05T20:59:51+07:00 INFO (6): 
Elapsed Secs: 0.00023
Query: connect
Params: []

2015-07-05T20:59:51+07:00 INFO (6): 
Elapsed Secs: 0.00038
Query: DESCRIBE `pinjaman`
Params: []

