2015-06-24T10:58:14+07:00 INFO (6): 
Elapsed Secs: 0.00031
Query: connect
Params: []

2015-06-24T10:58:14+07:00 INFO (6): 
Elapsed Secs: 0.0585
Query: DESCRIBE `user`
Params: []

2015-06-24T10:58:14+07:00 INFO (6): 
Elapsed Secs: 0.00037
Query: connect
Params: []

2015-06-24T10:58:14+07:00 INFO (6): 
Elapsed Secs: 0.0487
Query: SELECT `user`.*, `cabang`.* FROM `user`
 INNER JOIN `cabang` ON cabang.id_cabang = user.id_cabang WHERE (user.username = 'admin') AND (user.password = 'd033e22ae348aeb5660fc2140aec35850c4da997')
Params: []

2015-06-24T10:58:14+07:00 INFO (6): 
Elapsed Secs: 0.07229
Query: SELECT `user`.*, `user_login`.*, `cabang`.* FROM `user`
 INNER JOIN `user_login` ON user_login.id_user = user.id_user
 INNER JOIN `cabang` ON cabang.id_cabang = user.id_cabang WHERE (user.id_user = '16')
Params: []

2015-06-24T10:58:14+07:00 INFO (6): 
Elapsed Secs: 0.1431
Query: UPDATE `user_login` SET `last_login` = ?, `login_time` = NOW(), `ip_login` = ?, `status` = ? WHERE (id_user = '16')
Params: {"1":"2015-06-22 10:32:29","2":"172.17.3.234","3":1}

2015-06-24T10:58:14+07:00 INFO (6): 
Elapsed Secs: 0.00028
Query: SELECT `user`.*, `user_login`.*, `cabang`.* FROM `user`
 INNER JOIN `user_login` ON user_login.id_user = user.id_user
 INNER JOIN `cabang` ON cabang.id_cabang = user.id_cabang WHERE (user.id_user = '16')
Params: []

2015-06-24T10:58:17+07:00 INFO (6): 
Elapsed Secs: 0.00027
Query: connect
Params: []

2015-06-24T10:58:17+07:00 INFO (6): 
Elapsed Secs: 0.04681
Query: DESCRIBE `costumer`
Params: []

2015-06-24T10:58:17+07:00 INFO (6): 
Elapsed Secs: 0.00028
Query: SELECT `cos`.`nik_costumer`, `cos`.`nama`, `cos`.`alamat`, `cos`.`jenis_kelamin`, `cos`.`tempat_lahir`, `cos`.`tanggal_lahir`, `cos`.`nama_ibu`, `cos`.`agama`, `cos`.`status`, `cos`.`pekerjaan`, `cos`.`alamat_tempat_kerja`, `cos`.`hp`, `cos`.`telpon`, `us`.`realname`, `cb`.`cabang` FROM `costumer` AS `cos`
 INNER JOIN `user` AS `us` ON cos.id_user=us.id_user
 INNER JOIN `cabang` AS `cb` ON us.id_cabang = cb.id_cabang WHERE (cos.id_user = '16')
Params: []

2015-06-24T10:58:19+07:00 INFO (6): 
Elapsed Secs: 0.00027
Query: connect
Params: []

2015-06-24T10:58:19+07:00 INFO (6): 
Elapsed Secs: 0.00098
Query: DESCRIBE `costumer`
Params: []

2015-06-24T10:58:19+07:00 INFO (6): 
Elapsed Secs: 0.00019
Query: SELECT `costumer`.* FROM `costumer` WHERE (nik_costumer = '1121231231211') LIMIT 1
Params: []

2015-06-24T10:58:22+07:00 INFO (6): 
Elapsed Secs: 0.00024
Query: connect
Params: []

2015-06-24T10:58:22+07:00 INFO (6): 
Elapsed Secs: 0.00124
Query: DESCRIBE `costumer`
Params: []

2015-06-24T10:58:22+07:00 INFO (6): 
Elapsed Secs: 0.00026
Query: SELECT `cos`.`nik_costumer`, `cos`.`nama`, `cos`.`alamat`, `cos`.`jenis_kelamin`, `cos`.`tempat_lahir`, `cos`.`tanggal_lahir`, `cos`.`nama_ibu`, `cos`.`agama`, `cos`.`status`, `cos`.`pekerjaan`, `cos`.`alamat_tempat_kerja`, `cos`.`hp`, `cos`.`telpon`, `us`.`realname`, `cb`.`cabang` FROM `costumer` AS `cos`
 INNER JOIN `user` AS `us` ON cos.id_user=us.id_user
 INNER JOIN `cabang` AS `cb` ON us.id_cabang = cb.id_cabang WHERE (cos.id_user = '16')
Params: []

2015-06-24T10:58:25+07:00 INFO (6): 
Elapsed Secs: 0.0003
Query: connect
Params: []

2015-06-24T10:58:25+07:00 INFO (6): 
Elapsed Secs: 0.00096
Query: DESCRIBE `costumer`
Params: []

2015-06-24T10:58:25+07:00 INFO (6): 
Elapsed Secs: 0.00015
Query: SELECT `costumer`.* FROM `costumer` WHERE (nik_costumer = '10212145121Leo') LIMIT 1
Params: []

2015-06-24T10:58:28+07:00 INFO (6): 
Elapsed Secs: 0.00019
Query: connect
Params: []

2015-06-24T10:59:21+07:00 INFO (6): 
Elapsed Secs: 0.00023
Query: connect
Params: []

2015-06-24T10:59:39+07:00 INFO (6): 
Elapsed Secs: 0.00031
Query: connect
Params: []

